[I 240414 13:40:13 policy_utils:47] {
      "env": "YahooEnv-v0",
      "user_model_name": "DeepFM",
      "model_name": "BCQ",
      "seed": 0,
      "cuda": 1,
      "draw_bar": false,
      "is_userinfo": true,
      "is_all_item_ranking": false,
      "cpu": false,
      "is_save": false,
      "use_userEmbedding": false,
      "exploration_noise": false,
      "eps": 0.1,
      "freeze_emb": false,
      "reward_handle": "cat",
      "which_tracker": "avg",
      "embedding_dim": 32,
      "window_size": 3,
      "filter_sizes": [
        2,
        3,
        4
      ],
      "num_filters": 16,
      "dropout_rate": 0.1,
      "num_heads": 1,
      "version": "v1",
      "tau": 0,
      "gamma_exposure": 10,
      "lambda_variance": 0.05,
      "lambda_entropy": 5,
      "use_exposure_intervention": false,
      "buffer_size": 100000,
      "lr": 0.001,
      "epoch": 200,
      "batch_size": 1024,
      "hidden_sizes": [
        64,
        64
      ],
      "episode_per_collect": 100,
      "training_num": 100,
      "test_num": 100,
      "render": 0,
      "reward_threshold": null,
      "gamma": 0.9,
      "step_per_epoch": 1000,
      "repeat_per_collect": 1,
      "logdir": "log",
      "vf_coef": 0.5,
      "ent_coef": 0.0,
      "max_grad_norm": null,
      "gae_lambda": 1.0,
      "rew_norm": false,
      "read_message": "pointneg",
      "message": "BCQ",
      "remark_pre": "",
      "remark": "",
      "scratch": false,
      "use_hidden": true,
      "num_att_heads": 1,
      "num_att_layers": 2,
      "att_dropout": 0.1,
      "use_ckpt": false,
      "change_pred_reward": false,
      "change_var": false,
      "kr": 1,
      "ku": 1,
      "r_and_u": "minus",
      "use_wandb": false,
      "all_item_ranking": false,
      "is_binarize": true,
      "need_transform": false,
      "entropy_window": [],
      "rating_threshold": 4,
      "yfeat": "rating",
      "leave_threshold": 0.0,
      "num_leave_compute": 1,
      "max_turn": 30,
      "force_length": 10,
      "top_rate": 0.8,
      "n_step": 3,
      "target_update_freq": 320,
      "unlikely_action_threshold": 0.6,
      "imitation_logits_penalty": 0.01,
      "eps_test": 0.001,
      "hostname": "wukong-ThinkStation-P620"
    }
[I 240414 13:40:35 utils:142] Epoch: [1], Info: [{'num_test': 100, 'CV': '0.00100', 'CV_turn': '0.00033', 'ctr': '2.22000', 'len_tra': 30.0, 'R_tra': 66.6, 'NX_0_CV': '0.03000', 'NX_0_CV_turn': '0.01000', 'NX_0_ctr': '2.02033', 'NX_0_len_tra': 30.0, 'NX_0_R_tra': 60.61, 'NX_10_CV': '0.01000', 'NX_10_CV_turn': '0.01000', 'NX_10_ctr': '1.96100', 'NX_10_len_tra': 10.0, 'NX_10_R_tra': 19.61}]
[I 240414 13:40:45 utils:142] Epoch: [2], Info: [{'num_test': 100, 'CV': '0.00100', 'CV_turn': '0.00033', 'ctr': '2.18000', 'len_tra': 30.0, 'R_tra': 65.4, 'NX_0_CV': '0.03000', 'NX_0_CV_turn': '0.01000', 'NX_0_ctr': '1.94467', 'NX_0_len_tra': 30.0, 'NX_0_R_tra': 58.34, 'NX_10_CV': '0.01000', 'NX_10_CV_turn': '0.01000', 'NX_10_ctr': '2.03800', 'NX_10_len_tra': 10.0, 'NX_10_R_tra': 20.38}]
[I 240414 13:40:55 utils:142] Epoch: [3], Info: [{'num_test': 100, 'CV': '0.00100', 'CV_turn': '0.00033', 'ctr': '1.99000', 'len_tra': 30.0, 'R_tra': 59.7, 'NX_0_CV': '0.03000', 'NX_0_CV_turn': '0.01000', 'NX_0_ctr': '2.10367', 'NX_0_len_tra': 30.0, 'NX_0_R_tra': 63.11, 'NX_10_CV': '0.01000', 'NX_10_CV_turn': '0.01000', 'NX_10_ctr': '2.01100', 'NX_10_len_tra': 10.0, 'NX_10_R_tra': 20.11}]
[I 240414 13:41:05 utils:142] Epoch: [4], Info: [{'num_test': 100, 'CV': '0.00100', 'CV_turn': '0.00033', 'ctr': '2.20000', 'len_tra': 30.0, 'R_tra': 66.0, 'NX_0_CV': '0.03000', 'NX_0_CV_turn': '0.01000', 'NX_0_ctr': '1.98233', 'NX_0_len_tra': 30.0, 'NX_0_R_tra': 59.47, 'NX_10_CV': '0.01000', 'NX_10_CV_turn': '0.01000', 'NX_10_ctr': '1.99600', 'NX_10_len_tra': 10.0, 'NX_10_R_tra': 19.96}]
[I 240414 13:41:15 utils:142] Epoch: [5], Info: [{'num_test': 100, 'CV': '0.00100', 'CV_turn': '0.00033', 'ctr': '2.24000', 'len_tra': 30.0, 'R_tra': 67.2, 'NX_0_CV': '0.03000', 'NX_0_CV_turn': '0.01000', 'NX_0_ctr': '1.96467', 'NX_0_len_tra': 30.0, 'NX_0_R_tra': 58.94, 'NX_10_CV': '0.01000', 'NX_10_CV_turn': '0.01000', 'NX_10_ctr': '2.00000', 'NX_10_len_tra': 10.0, 'NX_10_R_tra': 20.0}]
[I 240414 13:41:25 utils:142] Epoch: [6], Info: [{'num_test': 100, 'CV': '0.00100', 'CV_turn': '0.00033', 'ctr': '2.25000', 'len_tra': 30.0, 'R_tra': 67.5, 'NX_0_CV': '0.03100', 'NX_0_CV_turn': '0.01033', 'NX_0_ctr': '1.98700', 'NX_0_len_tra': 30.0, 'NX_0_R_tra': 59.61, 'NX_10_CV': '0.01100', 'NX_10_CV_turn': '0.01100', 'NX_10_ctr': '2.06000', 'NX_10_len_tra': 10.0, 'NX_10_R_tra': 20.6}]
[I 240414 13:41:34 utils:142] Epoch: [7], Info: [{'num_test': 100, 'CV': '0.00300', 'CV_turn': '0.00100', 'ctr': '2.34100', 'len_tra': 30.0, 'R_tra': 70.23, 'NX_0_CV': '0.03100', 'NX_0_CV_turn': '0.01033', 'NX_0_ctr': '2.09733', 'NX_0_len_tra': 30.0, 'NX_0_R_tra': 62.92, 'NX_10_CV': '0.01100', 'NX_10_CV_turn': '0.01100', 'NX_10_ctr': '2.14200', 'NX_10_len_tra': 10.0, 'NX_10_R_tra': 21.42}]
[I 240414 13:41:44 utils:142] Epoch: [8], Info: [{'num_test': 100, 'CV': '0.00200', 'CV_turn': '0.00067', 'ctr': '1.98267', 'len_tra': 30.0, 'R_tra': 59.48, 'NX_0_CV': '0.03200', 'NX_0_CV_turn': '0.01067', 'NX_0_ctr': '2.13933', 'NX_0_len_tra': 30.0, 'NX_0_R_tra': 64.18, 'NX_10_CV': '0.01100', 'NX_10_CV_turn': '0.01100', 'NX_10_ctr': '2.03800', 'NX_10_len_tra': 10.0, 'NX_10_R_tra': 20.38}]
[I 240414 13:41:54 utils:142] Epoch: [9], Info: [{'num_test': 100, 'CV': '0.00300', 'CV_turn': '0.00100', 'ctr': '2.24633', 'len_tra': 30.0, 'R_tra': 67.39, 'NX_0_CV': '0.03100', 'NX_0_CV_turn': '0.01033', 'NX_0_ctr': '1.95500', 'NX_0_len_tra': 30.0, 'NX_0_R_tra': 58.65, 'NX_10_CV': '0.01100', 'NX_10_CV_turn': '0.01100', 'NX_10_ctr': '2.00700', 'NX_10_len_tra': 10.0, 'NX_10_R_tra': 20.07}]
[I 240414 13:42:04 utils:142] Epoch: [10], Info: [{'num_test': 100, 'CV': '0.00300', 'CV_turn': '0.00100', 'ctr': '2.19967', 'len_tra': 30.0, 'R_tra': 65.99, 'NX_0_CV': '0.03100', 'NX_0_CV_turn': '0.01033', 'NX_0_ctr': '1.99900', 'NX_0_len_tra': 30.0, 'NX_0_R_tra': 59.97, 'NX_10_CV': '0.01100', 'NX_10_CV_turn': '0.01100', 'NX_10_ctr': '2.21600', 'NX_10_len_tra': 10.0, 'NX_10_R_tra': 22.16}]
[I 240414 13:42:14 utils:142] Epoch: [11], Info: [{'num_test': 100, 'CV': '0.00200', 'CV_turn': '0.00067', 'ctr': '2.29533', 'len_tra': 30.0, 'R_tra': 68.86, 'NX_0_CV': '0.03000', 'NX_0_CV_turn': '0.01000', 'NX_0_ctr': '2.09833', 'NX_0_len_tra': 30.0, 'NX_0_R_tra': 62.95, 'NX_10_CV': '0.01000', 'NX_10_CV_turn': '0.01000', 'NX_10_ctr': '2.12300', 'NX_10_len_tra': 10.0, 'NX_10_R_tra': 21.23}]
[I 240414 13:42:24 utils:142] Epoch: [12], Info: [{'num_test': 100, 'CV': '0.00300', 'CV_turn': '0.00100', 'ctr': '2.32900', 'len_tra': 30.0, 'R_tra': 69.87, 'NX_0_CV': '0.03100', 'NX_0_CV_turn': '0.01033', 'NX_0_ctr': '2.00533', 'NX_0_len_tra': 30.0, 'NX_0_R_tra': 60.16, 'NX_10_CV': '0.01100', 'NX_10_CV_turn': '0.01100', 'NX_10_ctr': '2.14800', 'NX_10_len_tra': 10.0, 'NX_10_R_tra': 21.48}]
[I 240414 13:42:34 utils:142] Epoch: [13], Info: [{'num_test': 100, 'CV': '0.00300', 'CV_turn': '0.00100', 'ctr': '2.41867', 'len_tra': 30.0, 'R_tra': 72.56, 'NX_0_CV': '0.03100', 'NX_0_CV_turn': '0.01033', 'NX_0_ctr': '1.94200', 'NX_0_len_tra': 30.0, 'NX_0_R_tra': 58.26, 'NX_10_CV': '0.01100', 'NX_10_CV_turn': '0.01100', 'NX_10_ctr': '2.15000', 'NX_10_len_tra': 10.0, 'NX_10_R_tra': 21.5}]
[I 240414 13:42:43 utils:142] Epoch: [14], Info: [{'num_test': 100, 'CV': '0.00300', 'CV_turn': '0.00100', 'ctr': '2.08133', 'len_tra': 30.0, 'R_tra': 62.44, 'NX_0_CV': '0.03100', 'NX_0_CV_turn': '0.01033', 'NX_0_ctr': '2.00233', 'NX_0_len_tra': 30.0, 'NX_0_R_tra': 60.07, 'NX_10_CV': '0.01100', 'NX_10_CV_turn': '0.01100', 'NX_10_ctr': '2.13800', 'NX_10_len_tra': 10.0, 'NX_10_R_tra': 21.38}]
[I 240414 13:42:53 utils:142] Epoch: [15], Info: [{'num_test': 100, 'CV': '0.00300', 'CV_turn': '0.00100', 'ctr': '1.95200', 'len_tra': 30.0, 'R_tra': 58.56, 'NX_0_CV': '0.03100', 'NX_0_CV_turn': '0.01033', 'NX_0_ctr': '2.05567', 'NX_0_len_tra': 30.0, 'NX_0_R_tra': 61.67, 'NX_10_CV': '0.01100', 'NX_10_CV_turn': '0.01100', 'NX_10_ctr': '2.14000', 'NX_10_len_tra': 10.0, 'NX_10_R_tra': 21.4}]
[I 240414 13:43:03 utils:142] Epoch: [16], Info: [{'num_test': 100, 'CV': '0.00300', 'CV_turn': '0.00100', 'ctr': '2.03267', 'len_tra': 30.0, 'R_tra': 60.98, 'NX_0_CV': '0.03100', 'NX_0_CV_turn': '0.01033', 'NX_0_ctr': '2.01200', 'NX_0_len_tra': 30.0, 'NX_0_R_tra': 60.36, 'NX_10_CV': '0.01100', 'NX_10_CV_turn': '0.01100', 'NX_10_ctr': '2.18500', 'NX_10_len_tra': 10.0, 'NX_10_R_tra': 21.85}]
[I 240414 13:43:13 utils:142] Epoch: [17], Info: [{'num_test': 100, 'CV': '0.00100', 'CV_turn': '0.00033', 'ctr': '2.31000', 'len_tra': 30.0, 'R_tra': 69.3, 'NX_0_CV': '0.03100', 'NX_0_CV_turn': '0.01033', 'NX_0_ctr': '1.98467', 'NX_0_len_tra': 30.0, 'NX_0_R_tra': 59.54, 'NX_10_CV': '0.01000', 'NX_10_CV_turn': '0.01000', 'NX_10_ctr': '2.11900', 'NX_10_len_tra': 10.0, 'NX_10_R_tra': 21.19}]
[I 240414 13:43:23 utils:142] Epoch: [18], Info: [{'num_test': 100, 'CV': '0.00100', 'CV_turn': '0.00033', 'ctr': '2.23000', 'len_tra': 30.0, 'R_tra': 66.9, 'NX_0_CV': '0.03000', 'NX_0_CV_turn': '0.01000', 'NX_0_ctr': '1.94000', 'NX_0_len_tra': 30.0, 'NX_0_R_tra': 58.2, 'NX_10_CV': '0.01000', 'NX_10_CV_turn': '0.01000', 'NX_10_ctr': '2.05400', 'NX_10_len_tra': 10.0, 'NX_10_R_tra': 20.54}]
[I 240414 13:43:33 utils:142] Epoch: [19], Info: [{'num_test': 100, 'CV': '0.00300', 'CV_turn': '0.00100', 'ctr': '2.06167', 'len_tra': 30.0, 'R_tra': 61.85, 'NX_0_CV': '0.03100', 'NX_0_CV_turn': '0.01033', 'NX_0_ctr': '2.06233', 'NX_0_len_tra': 30.0, 'NX_0_R_tra': 61.87, 'NX_10_CV': '0.01100', 'NX_10_CV_turn': '0.01100', 'NX_10_ctr': '2.15200', 'NX_10_len_tra': 10.0, 'NX_10_R_tra': 21.52}]
[I 240414 13:43:42 utils:142] Epoch: [20], Info: [{'num_test': 100, 'CV': '0.00200', 'CV_turn': '0.00067', 'ctr': '2.20733', 'len_tra': 30.0, 'R_tra': 66.22, 'NX_0_CV': '0.03100', 'NX_0_CV_turn': '0.01033', 'NX_0_ctr': '1.96967', 'NX_0_len_tra': 30.0, 'NX_0_R_tra': 59.09, 'NX_10_CV': '0.01100', 'NX_10_CV_turn': '0.01100', 'NX_10_ctr': '2.11800', 'NX_10_len_tra': 10.0, 'NX_10_R_tra': 21.18}]
[I 240414 13:43:52 utils:142] Epoch: [21], Info: [{'num_test': 100, 'CV': '0.00100', 'CV_turn': '0.00033', 'ctr': '2.29000', 'len_tra': 30.0, 'R_tra': 68.7, 'NX_0_CV': '0.03200', 'NX_0_CV_turn': '0.01067', 'NX_0_ctr': '2.18100', 'NX_0_len_tra': 30.0, 'NX_0_R_tra': 65.43, 'NX_10_CV': '0.01100', 'NX_10_CV_turn': '0.01100', 'NX_10_ctr': '2.16600', 'NX_10_len_tra': 10.0, 'NX_10_R_tra': 21.66}]
[I 240414 13:44:02 utils:142] Epoch: [22], Info: [{'num_test': 100, 'CV': '0.00300', 'CV_turn': '0.00100', 'ctr': '2.10200', 'len_tra': 30.0, 'R_tra': 63.06, 'NX_0_CV': '0.03100', 'NX_0_CV_turn': '0.01033', 'NX_0_ctr': '2.02100', 'NX_0_len_tra': 30.0, 'NX_0_R_tra': 60.63, 'NX_10_CV': '0.01100', 'NX_10_CV_turn': '0.01100', 'NX_10_ctr': '2.21000', 'NX_10_len_tra': 10.0, 'NX_10_R_tra': 22.1}]
[I 240414 13:44:12 utils:142] Epoch: [23], Info: [{'num_test': 100, 'CV': '0.00300', 'CV_turn': '0.00100', 'ctr': '2.29200', 'len_tra': 30.0, 'R_tra': 68.76, 'NX_0_CV': '0.03100', 'NX_0_CV_turn': '0.01033', 'NX_0_ctr': '2.00767', 'NX_0_len_tra': 30.0, 'NX_0_R_tra': 60.23, 'NX_10_CV': '0.01100', 'NX_10_CV_turn': '0.01100', 'NX_10_ctr': '2.08400', 'NX_10_len_tra': 10.0, 'NX_10_R_tra': 20.84}]
[I 240414 13:44:22 utils:142] Epoch: [24], Info: [{'num_test': 100, 'CV': '0.00200', 'CV_turn': '0.00067', 'ctr': '2.20900', 'len_tra': 30.0, 'R_tra': 66.27, 'NX_0_CV': '0.03100', 'NX_0_CV_turn': '0.01033', 'NX_0_ctr': '2.00267', 'NX_0_len_tra': 30.0, 'NX_0_R_tra': 60.08, 'NX_10_CV': '0.01100', 'NX_10_CV_turn': '0.01100', 'NX_10_ctr': '2.21900', 'NX_10_len_tra': 10.0, 'NX_10_R_tra': 22.19}]
[I 240414 13:44:32 utils:142] Epoch: [25], Info: [{'num_test': 100, 'CV': '0.00200', 'CV_turn': '0.00067', 'ctr': '2.15667', 'len_tra': 30.0, 'R_tra': 64.7, 'NX_0_CV': '0.03000', 'NX_0_CV_turn': '0.01000', 'NX_0_ctr': '2.04300', 'NX_0_len_tra': 30.0, 'NX_0_R_tra': 61.29, 'NX_10_CV': '0.01000', 'NX_10_CV_turn': '0.01000', 'NX_10_ctr': '2.10100', 'NX_10_len_tra': 10.0, 'NX_10_R_tra': 21.01}]
[I 240414 13:44:41 utils:142] Epoch: [26], Info: [{'num_test': 100, 'CV': '0.00200', 'CV_turn': '0.00067', 'ctr': '2.11133', 'len_tra': 30.0, 'R_tra': 63.34, 'NX_0_CV': '0.03100', 'NX_0_CV_turn': '0.01033', 'NX_0_ctr': '2.06567', 'NX_0_len_tra': 30.0, 'NX_0_R_tra': 61.97, 'NX_10_CV': '0.01100', 'NX_10_CV_turn': '0.01100', 'NX_10_ctr': '2.11900', 'NX_10_len_tra': 10.0, 'NX_10_R_tra': 21.19}]
[I 240414 13:44:51 utils:142] Epoch: [27], Info: [{'num_test': 100, 'CV': '0.00300', 'CV_turn': '0.00100', 'ctr': '2.27567', 'len_tra': 30.0, 'R_tra': 68.27, 'NX_0_CV': '0.03100', 'NX_0_CV_turn': '0.01033', 'NX_0_ctr': '2.07133', 'NX_0_len_tra': 30.0, 'NX_0_R_tra': 62.14, 'NX_10_CV': '0.01100', 'NX_10_CV_turn': '0.01100', 'NX_10_ctr': '2.14700', 'NX_10_len_tra': 10.0, 'NX_10_R_tra': 21.47}]
[I 240414 13:45:01 utils:142] Epoch: [28], Info: [{'num_test': 100, 'CV': '0.00200', 'CV_turn': '0.00067', 'ctr': '2.21567', 'len_tra': 30.0, 'R_tra': 66.47, 'NX_0_CV': '0.03100', 'NX_0_CV_turn': '0.01033', 'NX_0_ctr': '2.02333', 'NX_0_len_tra': 30.0, 'NX_0_R_tra': 60.7, 'NX_10_CV': '0.01100', 'NX_10_CV_turn': '0.01100', 'NX_10_ctr': '2.09700', 'NX_10_len_tra': 10.0, 'NX_10_R_tra': 20.97}]
[I 240414 13:45:11 utils:142] Epoch: [29], Info: [{'num_test': 100, 'CV': '0.00200', 'CV_turn': '0.00067', 'ctr': '2.18467', 'len_tra': 30.0, 'R_tra': 65.54, 'NX_0_CV': '0.03100', 'NX_0_CV_turn': '0.01033', 'NX_0_ctr': '1.98067', 'NX_0_len_tra': 30.0, 'NX_0_R_tra': 59.42, 'NX_10_CV': '0.01100', 'NX_10_CV_turn': '0.01100', 'NX_10_ctr': '2.27500', 'NX_10_len_tra': 10.0, 'NX_10_R_tra': 22.75}]
[I 240414 13:45:21 utils:142] Epoch: [30], Info: [{'num_test': 100, 'CV': '0.00200', 'CV_turn': '0.00067', 'ctr': '2.15700', 'len_tra': 30.0, 'R_tra': 64.71, 'NX_0_CV': '0.03100', 'NX_0_CV_turn': '0.01033', 'NX_0_ctr': '1.95667', 'NX_0_len_tra': 30.0, 'NX_0_R_tra': 58.7, 'NX_10_CV': '0.01100', 'NX_10_CV_turn': '0.01100', 'NX_10_ctr': '2.17000', 'NX_10_len_tra': 10.0, 'NX_10_R_tra': 21.7}]
[I 240414 13:45:31 utils:142] Epoch: [31], Info: [{'num_test': 100, 'CV': '0.00200', 'CV_turn': '0.00067', 'ctr': '2.36367', 'len_tra': 30.0, 'R_tra': 70.91, 'NX_0_CV': '0.03100', 'NX_0_CV_turn': '0.01033', 'NX_0_ctr': '2.01933', 'NX_0_len_tra': 30.0, 'NX_0_R_tra': 60.58, 'NX_10_CV': '0.01100', 'NX_10_CV_turn': '0.01100', 'NX_10_ctr': '2.21400', 'NX_10_len_tra': 10.0, 'NX_10_R_tra': 22.14}]
[I 240414 13:45:40 utils:142] Epoch: [32], Info: [{'num_test': 100, 'CV': '0.00200', 'CV_turn': '0.00067', 'ctr': '2.09200', 'len_tra': 30.0, 'R_tra': 62.76, 'NX_0_CV': '0.03100', 'NX_0_CV_turn': '0.01033', 'NX_0_ctr': '2.20167', 'NX_0_len_tra': 30.0, 'NX_0_R_tra': 66.05, 'NX_10_CV': '0.01100', 'NX_10_CV_turn': '0.01100', 'NX_10_ctr': '2.24200', 'NX_10_len_tra': 10.0, 'NX_10_R_tra': 22.42}]
[I 240414 13:45:50 utils:142] Epoch: [33], Info: [{'num_test': 100, 'CV': '0.00200', 'CV_turn': '0.00067', 'ctr': '2.44933', 'len_tra': 30.0, 'R_tra': 73.48, 'NX_0_CV': '0.03100', 'NX_0_CV_turn': '0.01033', 'NX_0_ctr': '2.10900', 'NX_0_len_tra': 30.0, 'NX_0_R_tra': 63.27, 'NX_10_CV': '0.01100', 'NX_10_CV_turn': '0.01100', 'NX_10_ctr': '2.19900', 'NX_10_len_tra': 10.0, 'NX_10_R_tra': 21.99}]
[I 240414 13:46:00 utils:142] Epoch: [34], Info: [{'num_test': 100, 'CV': '0.00200', 'CV_turn': '0.00067', 'ctr': '2.09100', 'len_tra': 30.0, 'R_tra': 62.73, 'NX_0_CV': '0.03100', 'NX_0_CV_turn': '0.01033', 'NX_0_ctr': '2.04167', 'NX_0_len_tra': 30.0, 'NX_0_R_tra': 61.25, 'NX_10_CV': '0.01100', 'NX_10_CV_turn': '0.01100', 'NX_10_ctr': '2.17800', 'NX_10_len_tra': 10.0, 'NX_10_R_tra': 21.78}]
[I 240414 13:46:10 utils:142] Epoch: [35], Info: [{'num_test': 100, 'CV': '0.00200', 'CV_turn': '0.00067', 'ctr': '2.36167', 'len_tra': 30.0, 'R_tra': 70.85, 'NX_0_CV': '0.03100', 'NX_0_CV_turn': '0.01033', 'NX_0_ctr': '2.14033', 'NX_0_len_tra': 30.0, 'NX_0_R_tra': 64.21, 'NX_10_CV': '0.01000', 'NX_10_CV_turn': '0.01000', 'NX_10_ctr': '2.09400', 'NX_10_len_tra': 10.0, 'NX_10_R_tra': 20.94}]
[I 240414 13:46:20 utils:142] Epoch: [36], Info: [{'num_test': 100, 'CV': '0.00200', 'CV_turn': '0.00067', 'ctr': '2.08000', 'len_tra': 30.0, 'R_tra': 62.4, 'NX_0_CV': '0.03100', 'NX_0_CV_turn': '0.01033', 'NX_0_ctr': '2.06300', 'NX_0_len_tra': 30.0, 'NX_0_R_tra': 61.89, 'NX_10_CV': '0.01100', 'NX_10_CV_turn': '0.01100', 'NX_10_ctr': '2.10700', 'NX_10_len_tra': 10.0, 'NX_10_R_tra': 21.07}]
[I 240414 13:46:29 utils:142] Epoch: [37], Info: [{'num_test': 100, 'CV': '0.00300', 'CV_turn': '0.00100', 'ctr': '2.10267', 'len_tra': 30.0, 'R_tra': 63.08, 'NX_0_CV': '0.03100', 'NX_0_CV_turn': '0.01033', 'NX_0_ctr': '2.10567', 'NX_0_len_tra': 30.0, 'NX_0_R_tra': 63.17, 'NX_10_CV': '0.01100', 'NX_10_CV_turn': '0.01100', 'NX_10_ctr': '2.10700', 'NX_10_len_tra': 10.0, 'NX_10_R_tra': 21.07}]
[I 240414 13:46:39 utils:142] Epoch: [38], Info: [{'num_test': 100, 'CV': '0.00300', 'CV_turn': '0.00100', 'ctr': '2.13367', 'len_tra': 30.0, 'R_tra': 64.01, 'NX_0_CV': '0.03100', 'NX_0_CV_turn': '0.01033', 'NX_0_ctr': '2.07600', 'NX_0_len_tra': 30.0, 'NX_0_R_tra': 62.28, 'NX_10_CV': '0.01100', 'NX_10_CV_turn': '0.01100', 'NX_10_ctr': '2.25800', 'NX_10_len_tra': 10.0, 'NX_10_R_tra': 22.58}]
[I 240414 13:46:49 utils:142] Epoch: [39], Info: [{'num_test': 100, 'CV': '0.00200', 'CV_turn': '0.00067', 'ctr': '2.19933', 'len_tra': 30.0, 'R_tra': 65.98, 'NX_0_CV': '0.03100', 'NX_0_CV_turn': '0.01033', 'NX_0_ctr': '2.02400', 'NX_0_len_tra': 30.0, 'NX_0_R_tra': 60.72, 'NX_10_CV': '0.01100', 'NX_10_CV_turn': '0.01100', 'NX_10_ctr': '2.19400', 'NX_10_len_tra': 10.0, 'NX_10_R_tra': 21.94}]
[I 240414 13:46:59 utils:142] Epoch: [40], Info: [{'num_test': 100, 'CV': '0.00200', 'CV_turn': '0.00067', 'ctr': '2.16833', 'len_tra': 30.0, 'R_tra': 65.05, 'NX_0_CV': '0.03100', 'NX_0_CV_turn': '0.01033', 'NX_0_ctr': '2.08733', 'NX_0_len_tra': 30.0, 'NX_0_R_tra': 62.62, 'NX_10_CV': '0.01100', 'NX_10_CV_turn': '0.01100', 'NX_10_ctr': '2.20200', 'NX_10_len_tra': 10.0, 'NX_10_R_tra': 22.02}]
[I 240414 13:47:09 utils:142] Epoch: [41], Info: [{'num_test': 100, 'CV': '0.00300', 'CV_turn': '0.00100', 'ctr': '2.29267', 'len_tra': 30.0, 'R_tra': 68.78, 'NX_0_CV': '0.03100', 'NX_0_CV_turn': '0.01033', 'NX_0_ctr': '2.07000', 'NX_0_len_tra': 30.0, 'NX_0_R_tra': 62.1, 'NX_10_CV': '0.01100', 'NX_10_CV_turn': '0.01100', 'NX_10_ctr': '2.25600', 'NX_10_len_tra': 10.0, 'NX_10_R_tra': 22.56}]
[I 240414 13:47:19 utils:142] Epoch: [42], Info: [{'num_test': 100, 'CV': '0.00200', 'CV_turn': '0.00067', 'ctr': '2.10700', 'len_tra': 30.0, 'R_tra': 63.21, 'NX_0_CV': '0.03100', 'NX_0_CV_turn': '0.01033', 'NX_0_ctr': '2.05433', 'NX_0_len_tra': 30.0, 'NX_0_R_tra': 61.63, 'NX_10_CV': '0.01000', 'NX_10_CV_turn': '0.01000', 'NX_10_ctr': '2.07200', 'NX_10_len_tra': 10.0, 'NX_10_R_tra': 20.72}]
[I 240414 13:47:28 utils:142] Epoch: [43], Info: [{'num_test': 100, 'CV': '0.00200', 'CV_turn': '0.00067', 'ctr': '2.12367', 'len_tra': 30.0, 'R_tra': 63.71, 'NX_0_CV': '0.03100', 'NX_0_CV_turn': '0.01033', 'NX_0_ctr': '2.15100', 'NX_0_len_tra': 30.0, 'NX_0_R_tra': 64.53, 'NX_10_CV': '0.01100', 'NX_10_CV_turn': '0.01100', 'NX_10_ctr': '2.03900', 'NX_10_len_tra': 10.0, 'NX_10_R_tra': 20.39}]
[I 240414 13:47:38 utils:142] Epoch: [44], Info: [{'num_test': 100, 'CV': '0.00200', 'CV_turn': '0.00067', 'ctr': '2.46000', 'len_tra': 30.0, 'R_tra': 73.8, 'NX_0_CV': '0.03100', 'NX_0_CV_turn': '0.01033', 'NX_0_ctr': '1.97033', 'NX_0_len_tra': 30.0, 'NX_0_R_tra': 59.11, 'NX_10_CV': '0.01100', 'NX_10_CV_turn': '0.01100', 'NX_10_ctr': '2.26000', 'NX_10_len_tra': 10.0, 'NX_10_R_tra': 22.6}]
[I 240414 13:47:48 utils:142] Epoch: [45], Info: [{'num_test': 100, 'CV': '0.00200', 'CV_turn': '0.00067', 'ctr': '2.30233', 'len_tra': 30.0, 'R_tra': 69.07, 'NX_0_CV': '0.03100', 'NX_0_CV_turn': '0.01033', 'NX_0_ctr': '1.99733', 'NX_0_len_tra': 30.0, 'NX_0_R_tra': 59.92, 'NX_10_CV': '0.01100', 'NX_10_CV_turn': '0.01100', 'NX_10_ctr': '2.28400', 'NX_10_len_tra': 10.0, 'NX_10_R_tra': 22.84}]
[I 240414 13:47:58 utils:142] Epoch: [46], Info: [{'num_test': 100, 'CV': '0.00200', 'CV_turn': '0.00067', 'ctr': '2.39100', 'len_tra': 30.0, 'R_tra': 71.73, 'NX_0_CV': '0.03100', 'NX_0_CV_turn': '0.01033', 'NX_0_ctr': '1.98000', 'NX_0_len_tra': 30.0, 'NX_0_R_tra': 59.4, 'NX_10_CV': '0.01100', 'NX_10_CV_turn': '0.01100', 'NX_10_ctr': '2.03600', 'NX_10_len_tra': 10.0, 'NX_10_R_tra': 20.36}]
[I 240414 13:48:08 utils:142] Epoch: [47], Info: [{'num_test': 100, 'CV': '0.00200', 'CV_turn': '0.00067', 'ctr': '2.30733', 'len_tra': 30.0, 'R_tra': 69.22, 'NX_0_CV': '0.03100', 'NX_0_CV_turn': '0.01033', 'NX_0_ctr': '2.13967', 'NX_0_len_tra': 30.0, 'NX_0_R_tra': 64.19, 'NX_10_CV': '0.01100', 'NX_10_CV_turn': '0.01100', 'NX_10_ctr': '2.16600', 'NX_10_len_tra': 10.0, 'NX_10_R_tra': 21.66}]
[I 240414 13:48:18 utils:142] Epoch: [48], Info: [{'num_test': 100, 'CV': '0.00200', 'CV_turn': '0.00067', 'ctr': '2.11700', 'len_tra': 30.0, 'R_tra': 63.51, 'NX_0_CV': '0.03100', 'NX_0_CV_turn': '0.01033', 'NX_0_ctr': '2.00133', 'NX_0_len_tra': 30.0, 'NX_0_R_tra': 60.04, 'NX_10_CV': '0.01100', 'NX_10_CV_turn': '0.01100', 'NX_10_ctr': '2.28700', 'NX_10_len_tra': 10.0, 'NX_10_R_tra': 22.87}]
[I 240414 13:48:28 utils:142] Epoch: [49], Info: [{'num_test': 100, 'CV': '0.00200', 'CV_turn': '0.00067', 'ctr': '2.39267', 'len_tra': 30.0, 'R_tra': 71.78, 'NX_0_CV': '0.03100', 'NX_0_CV_turn': '0.01033', 'NX_0_ctr': '1.96767', 'NX_0_len_tra': 30.0, 'NX_0_R_tra': 59.03, 'NX_10_CV': '0.01100', 'NX_10_CV_turn': '0.01100', 'NX_10_ctr': '2.17700', 'NX_10_len_tra': 10.0, 'NX_10_R_tra': 21.77}]
[I 240414 13:48:37 utils:142] Epoch: [50], Info: [{'num_test': 100, 'CV': '0.00200', 'CV_turn': '0.00067', 'ctr': '2.30533', 'len_tra': 30.0, 'R_tra': 69.16, 'NX_0_CV': '0.03100', 'NX_0_CV_turn': '0.01033', 'NX_0_ctr': '2.06000', 'NX_0_len_tra': 30.0, 'NX_0_R_tra': 61.8, 'NX_10_CV': '0.01100', 'NX_10_CV_turn': '0.01100', 'NX_10_ctr': '2.31200', 'NX_10_len_tra': 10.0, 'NX_10_R_tra': 23.12}]
[I 240414 13:48:47 utils:142] Epoch: [51], Info: [{'num_test': 100, 'CV': '0.00200', 'CV_turn': '0.00067', 'ctr': '2.23000', 'len_tra': 30.0, 'R_tra': 66.9, 'NX_0_CV': '0.03100', 'NX_0_CV_turn': '0.01033', 'NX_0_ctr': '2.07067', 'NX_0_len_tra': 30.0, 'NX_0_R_tra': 62.12, 'NX_10_CV': '0.01100', 'NX_10_CV_turn': '0.01100', 'NX_10_ctr': '2.20000', 'NX_10_len_tra': 10.0, 'NX_10_R_tra': 22.0}]
[I 240414 13:48:57 utils:142] Epoch: [52], Info: [{'num_test': 100, 'CV': '0.00200', 'CV_turn': '0.00067', 'ctr': '2.23033', 'len_tra': 30.0, 'R_tra': 66.91, 'NX_0_CV': '0.03100', 'NX_0_CV_turn': '0.01033', 'NX_0_ctr': '2.18867', 'NX_0_len_tra': 30.0, 'NX_0_R_tra': 65.66, 'NX_10_CV': '0.01100', 'NX_10_CV_turn': '0.01100', 'NX_10_ctr': '2.19400', 'NX_10_len_tra': 10.0, 'NX_10_R_tra': 21.94}]
[I 240414 13:49:07 utils:142] Epoch: [53], Info: [{'num_test': 100, 'CV': '0.00200', 'CV_turn': '0.00067', 'ctr': '2.28600', 'len_tra': 30.0, 'R_tra': 68.58, 'NX_0_CV': '0.03100', 'NX_0_CV_turn': '0.01033', 'NX_0_ctr': '2.00800', 'NX_0_len_tra': 30.0, 'NX_0_R_tra': 60.24, 'NX_10_CV': '0.01100', 'NX_10_CV_turn': '0.01100', 'NX_10_ctr': '2.17100', 'NX_10_len_tra': 10.0, 'NX_10_R_tra': 21.71}]
[I 240414 13:49:17 utils:142] Epoch: [54], Info: [{'num_test': 100, 'CV': '0.00200', 'CV_turn': '0.00067', 'ctr': '2.24400', 'len_tra': 30.0, 'R_tra': 67.32, 'NX_0_CV': '0.03100', 'NX_0_CV_turn': '0.01033', 'NX_0_ctr': '2.09867', 'NX_0_len_tra': 30.0, 'NX_0_R_tra': 62.96, 'NX_10_CV': '0.01100', 'NX_10_CV_turn': '0.01100', 'NX_10_ctr': '2.20200', 'NX_10_len_tra': 10.0, 'NX_10_R_tra': 22.02}]
[I 240414 13:49:27 utils:142] Epoch: [55], Info: [{'num_test': 100, 'CV': '0.00200', 'CV_turn': '0.00067', 'ctr': '2.19933', 'len_tra': 30.0, 'R_tra': 65.98, 'NX_0_CV': '0.03100', 'NX_0_CV_turn': '0.01033', 'NX_0_ctr': '1.98833', 'NX_0_len_tra': 30.0, 'NX_0_R_tra': 59.65, 'NX_10_CV': '0.01100', 'NX_10_CV_turn': '0.01100', 'NX_10_ctr': '2.09200', 'NX_10_len_tra': 10.0, 'NX_10_R_tra': 20.92}]
[I 240414 13:49:36 utils:142] Epoch: [56], Info: [{'num_test': 100, 'CV': '0.00200', 'CV_turn': '0.00067', 'ctr': '2.28433', 'len_tra': 30.0, 'R_tra': 68.53, 'NX_0_CV': '0.03100', 'NX_0_CV_turn': '0.01033', 'NX_0_ctr': '2.08533', 'NX_0_len_tra': 30.0, 'NX_0_R_tra': 62.56, 'NX_10_CV': '0.01100', 'NX_10_CV_turn': '0.01100', 'NX_10_ctr': '2.25300', 'NX_10_len_tra': 10.0, 'NX_10_R_tra': 22.53}]
[I 240414 13:49:46 utils:142] Epoch: [57], Info: [{'num_test': 100, 'CV': '0.00200', 'CV_turn': '0.00067', 'ctr': '2.38733', 'len_tra': 30.0, 'R_tra': 71.62, 'NX_0_CV': '0.03100', 'NX_0_CV_turn': '0.01033', 'NX_0_ctr': '2.12867', 'NX_0_len_tra': 30.0, 'NX_0_R_tra': 63.86, 'NX_10_CV': '0.01100', 'NX_10_CV_turn': '0.01100', 'NX_10_ctr': '2.17100', 'NX_10_len_tra': 10.0, 'NX_10_R_tra': 21.71}]
[I 240414 13:49:56 utils:142] Epoch: [58], Info: [{'num_test': 100, 'CV': '0.00200', 'CV_turn': '0.00067', 'ctr': '2.20067', 'len_tra': 30.0, 'R_tra': 66.02, 'NX_0_CV': '0.03100', 'NX_0_CV_turn': '0.01033', 'NX_0_ctr': '2.04833', 'NX_0_len_tra': 30.0, 'NX_0_R_tra': 61.45, 'NX_10_CV': '0.01100', 'NX_10_CV_turn': '0.01100', 'NX_10_ctr': '2.08600', 'NX_10_len_tra': 10.0, 'NX_10_R_tra': 20.86}]
[I 240414 13:50:06 utils:142] Epoch: [59], Info: [{'num_test': 100, 'CV': '0.00200', 'CV_turn': '0.00067', 'ctr': '2.29900', 'len_tra': 30.0, 'R_tra': 68.97, 'NX_0_CV': '0.03100', 'NX_0_CV_turn': '0.01033', 'NX_0_ctr': '2.04033', 'NX_0_len_tra': 30.0, 'NX_0_R_tra': 61.21, 'NX_10_CV': '0.01100', 'NX_10_CV_turn': '0.01100', 'NX_10_ctr': '2.24700', 'NX_10_len_tra': 10.0, 'NX_10_R_tra': 22.47}]
[I 240414 13:50:16 utils:142] Epoch: [60], Info: [{'num_test': 100, 'CV': '0.00200', 'CV_turn': '0.00067', 'ctr': '2.32533', 'len_tra': 30.0, 'R_tra': 69.76, 'NX_0_CV': '0.03100', 'NX_0_CV_turn': '0.01033', 'NX_0_ctr': '2.19033', 'NX_0_len_tra': 30.0, 'NX_0_R_tra': 65.71, 'NX_10_CV': '0.01100', 'NX_10_CV_turn': '0.01100', 'NX_10_ctr': '2.15300', 'NX_10_len_tra': 10.0, 'NX_10_R_tra': 21.53}]
[I 240414 13:50:26 utils:142] Epoch: [61], Info: [{'num_test': 100, 'CV': '0.00300', 'CV_turn': '0.00100', 'ctr': '2.41933', 'len_tra': 30.0, 'R_tra': 72.58, 'NX_0_CV': '0.03100', 'NX_0_CV_turn': '0.01033', 'NX_0_ctr': '2.09133', 'NX_0_len_tra': 30.0, 'NX_0_R_tra': 62.74, 'NX_10_CV': '0.01000', 'NX_10_CV_turn': '0.01000', 'NX_10_ctr': '2.14800', 'NX_10_len_tra': 10.0, 'NX_10_R_tra': 21.48}]
[I 240414 13:50:36 utils:142] Epoch: [62], Info: [{'num_test': 100, 'CV': '0.00200', 'CV_turn': '0.00067', 'ctr': '2.53400', 'len_tra': 30.0, 'R_tra': 76.02, 'NX_0_CV': '0.03000', 'NX_0_CV_turn': '0.01000', 'NX_0_ctr': '2.07900', 'NX_0_len_tra': 30.0, 'NX_0_R_tra': 62.37, 'NX_10_CV': '0.01000', 'NX_10_CV_turn': '0.01000', 'NX_10_ctr': '2.15700', 'NX_10_len_tra': 10.0, 'NX_10_R_tra': 21.57}]
[I 240414 13:50:45 utils:142] Epoch: [63], Info: [{'num_test': 100, 'CV': '0.00200', 'CV_turn': '0.00067', 'ctr': '2.23867', 'len_tra': 30.0, 'R_tra': 67.16, 'NX_0_CV': '0.03000', 'NX_0_CV_turn': '0.01000', 'NX_0_ctr': '2.01300', 'NX_0_len_tra': 30.0, 'NX_0_R_tra': 60.39, 'NX_10_CV': '0.01000', 'NX_10_CV_turn': '0.01000', 'NX_10_ctr': '2.29500', 'NX_10_len_tra': 10.0, 'NX_10_R_tra': 22.95}]
[I 240414 13:50:55 utils:142] Epoch: [64], Info: [{'num_test': 100, 'CV': '0.00200', 'CV_turn': '0.00067', 'ctr': '2.27900', 'len_tra': 30.0, 'R_tra': 68.37, 'NX_0_CV': '0.03000', 'NX_0_CV_turn': '0.01000', 'NX_0_ctr': '2.01467', 'NX_0_len_tra': 30.0, 'NX_0_R_tra': 60.44, 'NX_10_CV': '0.01000', 'NX_10_CV_turn': '0.01000', 'NX_10_ctr': '2.20600', 'NX_10_len_tra': 10.0, 'NX_10_R_tra': 22.06}]
[I 240414 13:51:05 utils:142] Epoch: [65], Info: [{'num_test': 100, 'CV': '0.00200', 'CV_turn': '0.00067', 'ctr': '2.16633', 'len_tra': 30.0, 'R_tra': 64.99, 'NX_0_CV': '0.03000', 'NX_0_CV_turn': '0.01000', 'NX_0_ctr': '2.07467', 'NX_0_len_tra': 30.0, 'NX_0_R_tra': 62.24, 'NX_10_CV': '0.01000', 'NX_10_CV_turn': '0.01000', 'NX_10_ctr': '2.14400', 'NX_10_len_tra': 10.0, 'NX_10_R_tra': 21.44}]
[I 240414 13:51:15 utils:142] Epoch: [66], Info: [{'num_test': 100, 'CV': '0.00200', 'CV_turn': '0.00067', 'ctr': '2.30067', 'len_tra': 30.0, 'R_tra': 69.02, 'NX_0_CV': '0.03000', 'NX_0_CV_turn': '0.01000', 'NX_0_ctr': '2.09800', 'NX_0_len_tra': 30.0, 'NX_0_R_tra': 62.94, 'NX_10_CV': '0.01000', 'NX_10_CV_turn': '0.01000', 'NX_10_ctr': '2.21200', 'NX_10_len_tra': 10.0, 'NX_10_R_tra': 22.12}]
[I 240414 13:51:25 utils:142] Epoch: [67], Info: [{'num_test': 100, 'CV': '0.00300', 'CV_turn': '0.00100', 'ctr': '2.27667', 'len_tra': 30.0, 'R_tra': 68.3, 'NX_0_CV': '0.03000', 'NX_0_CV_turn': '0.01000', 'NX_0_ctr': '2.05800', 'NX_0_len_tra': 30.0, 'NX_0_R_tra': 61.74, 'NX_10_CV': '0.01000', 'NX_10_CV_turn': '0.01000', 'NX_10_ctr': '2.11800', 'NX_10_len_tra': 10.0, 'NX_10_R_tra': 21.18}]
[I 240414 13:51:34 utils:142] Epoch: [68], Info: [{'num_test': 100, 'CV': '0.00200', 'CV_turn': '0.00067', 'ctr': '2.14567', 'len_tra': 30.0, 'R_tra': 64.37, 'NX_0_CV': '0.03000', 'NX_0_CV_turn': '0.01000', 'NX_0_ctr': '2.00167', 'NX_0_len_tra': 30.0, 'NX_0_R_tra': 60.05, 'NX_10_CV': '0.01000', 'NX_10_CV_turn': '0.01000', 'NX_10_ctr': '2.22000', 'NX_10_len_tra': 10.0, 'NX_10_R_tra': 22.2}]
[I 240414 13:51:44 utils:142] Epoch: [69], Info: [{'num_test': 100, 'CV': '0.00200', 'CV_turn': '0.00067', 'ctr': '2.48567', 'len_tra': 30.0, 'R_tra': 74.57, 'NX_0_CV': '0.03000', 'NX_0_CV_turn': '0.01000', 'NX_0_ctr': '2.10300', 'NX_0_len_tra': 30.0, 'NX_0_R_tra': 63.09, 'NX_10_CV': '0.01000', 'NX_10_CV_turn': '0.01000', 'NX_10_ctr': '2.17400', 'NX_10_len_tra': 10.0, 'NX_10_R_tra': 21.74}]
[I 240414 13:51:54 utils:142] Epoch: [70], Info: [{'num_test': 100, 'CV': '0.00200', 'CV_turn': '0.00067', 'ctr': '2.33900', 'len_tra': 30.0, 'R_tra': 70.17, 'NX_0_CV': '0.03000', 'NX_0_CV_turn': '0.01000', 'NX_0_ctr': '2.15767', 'NX_0_len_tra': 30.0, 'NX_0_R_tra': 64.73, 'NX_10_CV': '0.01000', 'NX_10_CV_turn': '0.01000', 'NX_10_ctr': '2.14000', 'NX_10_len_tra': 10.0, 'NX_10_R_tra': 21.4}]
[I 240414 13:52:04 utils:142] Epoch: [71], Info: [{'num_test': 100, 'CV': '0.00200', 'CV_turn': '0.00067', 'ctr': '2.39667', 'len_tra': 30.0, 'R_tra': 71.9, 'NX_0_CV': '0.03300', 'NX_0_CV_turn': '0.01100', 'NX_0_ctr': '2.02533', 'NX_0_len_tra': 30.0, 'NX_0_R_tra': 60.76, 'NX_10_CV': '0.01000', 'NX_10_CV_turn': '0.01000', 'NX_10_ctr': '2.19600', 'NX_10_len_tra': 10.0, 'NX_10_R_tra': 21.96}]
[I 240414 13:52:14 utils:142] Epoch: [72], Info: [{'num_test': 100, 'CV': '0.00200', 'CV_turn': '0.00067', 'ctr': '2.03967', 'len_tra': 30.0, 'R_tra': 61.19, 'NX_0_CV': '0.03100', 'NX_0_CV_turn': '0.01033', 'NX_0_ctr': '2.16333', 'NX_0_len_tra': 30.0, 'NX_0_R_tra': 64.9, 'NX_10_CV': '0.01000', 'NX_10_CV_turn': '0.01000', 'NX_10_ctr': '2.31200', 'NX_10_len_tra': 10.0, 'NX_10_R_tra': 23.12}]
[I 240414 13:52:24 utils:142] Epoch: [73], Info: [{'num_test': 100, 'CV': '0.00200', 'CV_turn': '0.00067', 'ctr': '2.54100', 'len_tra': 30.0, 'R_tra': 76.23, 'NX_0_CV': '0.03000', 'NX_0_CV_turn': '0.01000', 'NX_0_ctr': '2.04767', 'NX_0_len_tra': 30.0, 'NX_0_R_tra': 61.43, 'NX_10_CV': '0.01000', 'NX_10_CV_turn': '0.01000', 'NX_10_ctr': '2.27200', 'NX_10_len_tra': 10.0, 'NX_10_R_tra': 22.72}]
[I 240414 13:52:34 utils:142] Epoch: [74], Info: [{'num_test': 100, 'CV': '0.00200', 'CV_turn': '0.00067', 'ctr': '2.21133', 'len_tra': 30.0, 'R_tra': 66.34, 'NX_0_CV': '0.03100', 'NX_0_CV_turn': '0.01033', 'NX_0_ctr': '2.00000', 'NX_0_len_tra': 30.0, 'NX_0_R_tra': 60.0, 'NX_10_CV': '0.01000', 'NX_10_CV_turn': '0.01000', 'NX_10_ctr': '2.19400', 'NX_10_len_tra': 10.0, 'NX_10_R_tra': 21.94}]
[I 240414 13:52:44 utils:142] Epoch: [75], Info: [{'num_test': 100, 'CV': '0.00200', 'CV_turn': '0.00067', 'ctr': '2.09900', 'len_tra': 30.0, 'R_tra': 62.97, 'NX_0_CV': '0.03200', 'NX_0_CV_turn': '0.01067', 'NX_0_ctr': '2.09133', 'NX_0_len_tra': 30.0, 'NX_0_R_tra': 62.74, 'NX_10_CV': '0.01000', 'NX_10_CV_turn': '0.01000', 'NX_10_ctr': '2.20700', 'NX_10_len_tra': 10.0, 'NX_10_R_tra': 22.07}]
[I 240414 13:52:53 utils:142] Epoch: [76], Info: [{'num_test': 100, 'CV': '0.00200', 'CV_turn': '0.00067', 'ctr': '2.42867', 'len_tra': 30.0, 'R_tra': 72.86, 'NX_0_CV': '0.03200', 'NX_0_CV_turn': '0.01067', 'NX_0_ctr': '2.07267', 'NX_0_len_tra': 30.0, 'NX_0_R_tra': 62.18, 'NX_10_CV': '0.01000', 'NX_10_CV_turn': '0.01000', 'NX_10_ctr': '2.18700', 'NX_10_len_tra': 10.0, 'NX_10_R_tra': 21.87}]
[I 240414 13:53:03 utils:142] Epoch: [77], Info: [{'num_test': 100, 'CV': '0.00200', 'CV_turn': '0.00067', 'ctr': '2.41433', 'len_tra': 30.0, 'R_tra': 72.43, 'NX_0_CV': '0.03000', 'NX_0_CV_turn': '0.01000', 'NX_0_ctr': '1.96200', 'NX_0_len_tra': 30.0, 'NX_0_R_tra': 58.86, 'NX_10_CV': '0.01000', 'NX_10_CV_turn': '0.01000', 'NX_10_ctr': '2.21500', 'NX_10_len_tra': 10.0, 'NX_10_R_tra': 22.15}]
[I 240414 13:53:13 utils:142] Epoch: [78], Info: [{'num_test': 100, 'CV': '0.00200', 'CV_turn': '0.00067', 'ctr': '2.24367', 'len_tra': 30.0, 'R_tra': 67.31, 'NX_0_CV': '0.03200', 'NX_0_CV_turn': '0.01067', 'NX_0_ctr': '2.05067', 'NX_0_len_tra': 30.0, 'NX_0_R_tra': 61.52, 'NX_10_CV': '0.01000', 'NX_10_CV_turn': '0.01000', 'NX_10_ctr': '2.18200', 'NX_10_len_tra': 10.0, 'NX_10_R_tra': 21.82}]
[I 240414 13:53:23 utils:142] Epoch: [79], Info: [{'num_test': 100, 'CV': '0.00200', 'CV_turn': '0.00067', 'ctr': '2.37867', 'len_tra': 30.0, 'R_tra': 71.36, 'NX_0_CV': '0.03200', 'NX_0_CV_turn': '0.01067', 'NX_0_ctr': '2.08533', 'NX_0_len_tra': 30.0, 'NX_0_R_tra': 62.56, 'NX_10_CV': '0.01000', 'NX_10_CV_turn': '0.01000', 'NX_10_ctr': '2.16100', 'NX_10_len_tra': 10.0, 'NX_10_R_tra': 21.61}]
[I 240414 13:53:33 utils:142] Epoch: [80], Info: [{'num_test': 100, 'CV': '0.00200', 'CV_turn': '0.00067', 'ctr': '2.13267', 'len_tra': 30.0, 'R_tra': 63.98, 'NX_0_CV': '0.03100', 'NX_0_CV_turn': '0.01033', 'NX_0_ctr': '2.12033', 'NX_0_len_tra': 30.0, 'NX_0_R_tra': 63.61, 'NX_10_CV': '0.01000', 'NX_10_CV_turn': '0.01000', 'NX_10_ctr': '2.17800', 'NX_10_len_tra': 10.0, 'NX_10_R_tra': 21.78}]
[I 240414 13:53:43 utils:142] Epoch: [81], Info: [{'num_test': 100, 'CV': '0.00200', 'CV_turn': '0.00067', 'ctr': '2.22400', 'len_tra': 30.0, 'R_tra': 66.72, 'NX_0_CV': '0.03200', 'NX_0_CV_turn': '0.01067', 'NX_0_ctr': '2.13933', 'NX_0_len_tra': 30.0, 'NX_0_R_tra': 64.18, 'NX_10_CV': '0.01000', 'NX_10_CV_turn': '0.01000', 'NX_10_ctr': '2.13200', 'NX_10_len_tra': 10.0, 'NX_10_R_tra': 21.32}]
[I 240414 13:53:52 utils:142] Epoch: [82], Info: [{'num_test': 100, 'CV': '0.00200', 'CV_turn': '0.00067', 'ctr': '2.44667', 'len_tra': 30.0, 'R_tra': 73.4, 'NX_0_CV': '0.03200', 'NX_0_CV_turn': '0.01067', 'NX_0_ctr': '1.96733', 'NX_0_len_tra': 30.0, 'NX_0_R_tra': 59.02, 'NX_10_CV': '0.01000', 'NX_10_CV_turn': '0.01000', 'NX_10_ctr': '2.20900', 'NX_10_len_tra': 10.0, 'NX_10_R_tra': 22.09}]
[I 240414 13:54:02 utils:142] Epoch: [83], Info: [{'num_test': 100, 'CV': '0.00200', 'CV_turn': '0.00067', 'ctr': '2.37000', 'len_tra': 30.0, 'R_tra': 71.1, 'NX_0_CV': '0.03200', 'NX_0_CV_turn': '0.01067', 'NX_0_ctr': '2.07633', 'NX_0_len_tra': 30.0, 'NX_0_R_tra': 62.29, 'NX_10_CV': '0.01000', 'NX_10_CV_turn': '0.01000', 'NX_10_ctr': '2.16500', 'NX_10_len_tra': 10.0, 'NX_10_R_tra': 21.65}]
[I 240414 13:54:12 utils:142] Epoch: [84], Info: [{'num_test': 100, 'CV': '0.00200', 'CV_turn': '0.00067', 'ctr': '2.21467', 'len_tra': 30.0, 'R_tra': 66.44, 'NX_0_CV': '0.03200', 'NX_0_CV_turn': '0.01067', 'NX_0_ctr': '2.10400', 'NX_0_len_tra': 30.0, 'NX_0_R_tra': 63.12, 'NX_10_CV': '0.01000', 'NX_10_CV_turn': '0.01000', 'NX_10_ctr': '2.30000', 'NX_10_len_tra': 10.0, 'NX_10_R_tra': 23.0}]
[I 240414 13:54:22 utils:142] Epoch: [85], Info: [{'num_test': 100, 'CV': '0.00200', 'CV_turn': '0.00067', 'ctr': '2.09900', 'len_tra': 30.0, 'R_tra': 62.97, 'NX_0_CV': '0.03200', 'NX_0_CV_turn': '0.01067', 'NX_0_ctr': '2.09367', 'NX_0_len_tra': 30.0, 'NX_0_R_tra': 62.81, 'NX_10_CV': '0.01000', 'NX_10_CV_turn': '0.01000', 'NX_10_ctr': '2.17000', 'NX_10_len_tra': 10.0, 'NX_10_R_tra': 21.7}]
[I 240414 13:54:32 utils:142] Epoch: [86], Info: [{'num_test': 100, 'CV': '0.00200', 'CV_turn': '0.00067', 'ctr': '2.20400', 'len_tra': 30.0, 'R_tra': 66.12, 'NX_0_CV': '0.03200', 'NX_0_CV_turn': '0.01067', 'NX_0_ctr': '1.97067', 'NX_0_len_tra': 30.0, 'NX_0_R_tra': 59.12, 'NX_10_CV': '0.01000', 'NX_10_CV_turn': '0.01000', 'NX_10_ctr': '2.22000', 'NX_10_len_tra': 10.0, 'NX_10_R_tra': 22.2}]
[I 240414 13:54:42 utils:142] Epoch: [87], Info: [{'num_test': 100, 'CV': '0.00200', 'CV_turn': '0.00067', 'ctr': '2.28300', 'len_tra': 30.0, 'R_tra': 68.49, 'NX_0_CV': '0.03100', 'NX_0_CV_turn': '0.01033', 'NX_0_ctr': '1.98900', 'NX_0_len_tra': 30.0, 'NX_0_R_tra': 59.67, 'NX_10_CV': '0.01100', 'NX_10_CV_turn': '0.01100', 'NX_10_ctr': '2.28100', 'NX_10_len_tra': 10.0, 'NX_10_R_tra': 22.81}]
[I 240414 13:54:52 utils:142] Epoch: [88], Info: [{'num_test': 100, 'CV': '0.00200', 'CV_turn': '0.00067', 'ctr': '2.41533', 'len_tra': 30.0, 'R_tra': 72.46, 'NX_0_CV': '0.03200', 'NX_0_CV_turn': '0.01067', 'NX_0_ctr': '2.20567', 'NX_0_len_tra': 30.0, 'NX_0_R_tra': 66.17, 'NX_10_CV': '0.01100', 'NX_10_CV_turn': '0.01100', 'NX_10_ctr': '2.15000', 'NX_10_len_tra': 10.0, 'NX_10_R_tra': 21.5}]
[I 240414 13:55:01 utils:142] Epoch: [89], Info: [{'num_test': 100, 'CV': '0.00200', 'CV_turn': '0.00067', 'ctr': '2.27967', 'len_tra': 30.0, 'R_tra': 68.39, 'NX_0_CV': '0.03300', 'NX_0_CV_turn': '0.01100', 'NX_0_ctr': '1.98900', 'NX_0_len_tra': 30.0, 'NX_0_R_tra': 59.67, 'NX_10_CV': '0.01100', 'NX_10_CV_turn': '0.01100', 'NX_10_ctr': '2.17600', 'NX_10_len_tra': 10.0, 'NX_10_R_tra': 21.76}]
[I 240414 13:55:11 utils:142] Epoch: [90], Info: [{'num_test': 100, 'CV': '0.00200', 'CV_turn': '0.00067', 'ctr': '2.23433', 'len_tra': 30.0, 'R_tra': 67.03, 'NX_0_CV': '0.03200', 'NX_0_CV_turn': '0.01067', 'NX_0_ctr': '2.01433', 'NX_0_len_tra': 30.0, 'NX_0_R_tra': 60.43, 'NX_10_CV': '0.01100', 'NX_10_CV_turn': '0.01100', 'NX_10_ctr': '2.10300', 'NX_10_len_tra': 10.0, 'NX_10_R_tra': 21.03}]
[I 240414 13:55:21 utils:142] Epoch: [91], Info: [{'num_test': 100, 'CV': '0.00200', 'CV_turn': '0.00067', 'ctr': '2.28433', 'len_tra': 30.0, 'R_tra': 68.53, 'NX_0_CV': '0.03400', 'NX_0_CV_turn': '0.01133', 'NX_0_ctr': '2.08367', 'NX_0_len_tra': 30.0, 'NX_0_R_tra': 62.51, 'NX_10_CV': '0.01100', 'NX_10_CV_turn': '0.01100', 'NX_10_ctr': '2.12800', 'NX_10_len_tra': 10.0, 'NX_10_R_tra': 21.28}]
[I 240414 13:55:31 utils:142] Epoch: [92], Info: [{'num_test': 100, 'CV': '0.00200', 'CV_turn': '0.00067', 'ctr': '2.12367', 'len_tra': 30.0, 'R_tra': 63.71, 'NX_0_CV': '0.03400', 'NX_0_CV_turn': '0.01133', 'NX_0_ctr': '1.97667', 'NX_0_len_tra': 30.0, 'NX_0_R_tra': 59.3, 'NX_10_CV': '0.01200', 'NX_10_CV_turn': '0.01200', 'NX_10_ctr': '2.18800', 'NX_10_len_tra': 10.0, 'NX_10_R_tra': 21.88}]
[I 240414 13:55:41 utils:142] Epoch: [93], Info: [{'num_test': 100, 'CV': '0.00200', 'CV_turn': '0.00067', 'ctr': '2.11633', 'len_tra': 30.0, 'R_tra': 63.49, 'NX_0_CV': '0.03300', 'NX_0_CV_turn': '0.01100', 'NX_0_ctr': '2.10700', 'NX_0_len_tra': 30.0, 'NX_0_R_tra': 63.21, 'NX_10_CV': '0.01100', 'NX_10_CV_turn': '0.01100', 'NX_10_ctr': '2.08500', 'NX_10_len_tra': 10.0, 'NX_10_R_tra': 20.85}]
[I 240414 13:55:51 utils:142] Epoch: [94], Info: [{'num_test': 100, 'CV': '0.00200', 'CV_turn': '0.00067', 'ctr': '2.55000', 'len_tra': 30.0, 'R_tra': 76.5, 'NX_0_CV': '0.03300', 'NX_0_CV_turn': '0.01100', 'NX_0_ctr': '2.06800', 'NX_0_len_tra': 30.0, 'NX_0_R_tra': 62.04, 'NX_10_CV': '0.01100', 'NX_10_CV_turn': '0.01100', 'NX_10_ctr': '2.15600', 'NX_10_len_tra': 10.0, 'NX_10_R_tra': 21.56}]
[I 240414 13:56:01 utils:142] Epoch: [95], Info: [{'num_test': 100, 'CV': '0.00200', 'CV_turn': '0.00067', 'ctr': '2.36300', 'len_tra': 30.0, 'R_tra': 70.89, 'NX_0_CV': '0.03100', 'NX_0_CV_turn': '0.01033', 'NX_0_ctr': '2.06967', 'NX_0_len_tra': 30.0, 'NX_0_R_tra': 62.09, 'NX_10_CV': '0.01100', 'NX_10_CV_turn': '0.01100', 'NX_10_ctr': '2.32500', 'NX_10_len_tra': 10.0, 'NX_10_R_tra': 23.25}]
[I 240414 13:56:10 utils:142] Epoch: [96], Info: [{'num_test': 100, 'CV': '0.00200', 'CV_turn': '0.00067', 'ctr': '2.34000', 'len_tra': 30.0, 'R_tra': 70.2, 'NX_0_CV': '0.03300', 'NX_0_CV_turn': '0.01100', 'NX_0_ctr': '1.93533', 'NX_0_len_tra': 30.0, 'NX_0_R_tra': 58.06, 'NX_10_CV': '0.01200', 'NX_10_CV_turn': '0.01200', 'NX_10_ctr': '2.08200', 'NX_10_len_tra': 10.0, 'NX_10_R_tra': 20.82}]
[I 240414 13:56:20 utils:142] Epoch: [97], Info: [{'num_test': 100, 'CV': '0.00200', 'CV_turn': '0.00067', 'ctr': '2.23567', 'len_tra': 30.0, 'R_tra': 67.07, 'NX_0_CV': '0.03300', 'NX_0_CV_turn': '0.01100', 'NX_0_ctr': '2.08233', 'NX_0_len_tra': 30.0, 'NX_0_R_tra': 62.47, 'NX_10_CV': '0.01100', 'NX_10_CV_turn': '0.01100', 'NX_10_ctr': '2.26500', 'NX_10_len_tra': 10.0, 'NX_10_R_tra': 22.65}]
[I 240414 13:56:30 utils:142] Epoch: [98], Info: [{'num_test': 100, 'CV': '0.00200', 'CV_turn': '0.00067', 'ctr': '2.11300', 'len_tra': 30.0, 'R_tra': 63.39, 'NX_0_CV': '0.03300', 'NX_0_CV_turn': '0.01100', 'NX_0_ctr': '2.07000', 'NX_0_len_tra': 30.0, 'NX_0_R_tra': 62.1, 'NX_10_CV': '0.01100', 'NX_10_CV_turn': '0.01100', 'NX_10_ctr': '2.17200', 'NX_10_len_tra': 10.0, 'NX_10_R_tra': 21.72}]
[I 240414 13:56:40 utils:142] Epoch: [99], Info: [{'num_test': 100, 'CV': '0.00200', 'CV_turn': '0.00067', 'ctr': '2.30300', 'len_tra': 30.0, 'R_tra': 69.09, 'NX_0_CV': '0.03200', 'NX_0_CV_turn': '0.01067', 'NX_0_ctr': '2.01067', 'NX_0_len_tra': 30.0, 'NX_0_R_tra': 60.32, 'NX_10_CV': '0.01100', 'NX_10_CV_turn': '0.01100', 'NX_10_ctr': '2.08400', 'NX_10_len_tra': 10.0, 'NX_10_R_tra': 20.84}]
[I 240414 13:56:50 utils:142] Epoch: [100], Info: [{'num_test': 100, 'CV': '0.00200', 'CV_turn': '0.00067', 'ctr': '2.32233', 'len_tra': 30.0, 'R_tra': 69.67, 'NX_0_CV': '0.03300', 'NX_0_CV_turn': '0.01100', 'NX_0_ctr': '2.08100', 'NX_0_len_tra': 30.0, 'NX_0_R_tra': 62.43, 'NX_10_CV': '0.01100', 'NX_10_CV_turn': '0.01100', 'NX_10_ctr': '2.11700', 'NX_10_len_tra': 10.0, 'NX_10_R_tra': 21.17}]
[I 240414 13:57:00 utils:142] Epoch: [101], Info: [{'num_test': 100, 'CV': '0.00200', 'CV_turn': '0.00067', 'ctr': '2.27700', 'len_tra': 30.0, 'R_tra': 68.31, 'NX_0_CV': '0.03300', 'NX_0_CV_turn': '0.01100', 'NX_0_ctr': '2.07133', 'NX_0_len_tra': 30.0, 'NX_0_R_tra': 62.14, 'NX_10_CV': '0.01100', 'NX_10_CV_turn': '0.01100', 'NX_10_ctr': '2.13600', 'NX_10_len_tra': 10.0, 'NX_10_R_tra': 21.36}]
[I 240414 13:57:10 utils:142] Epoch: [102], Info: [{'num_test': 100, 'CV': '0.00200', 'CV_turn': '0.00067', 'ctr': '2.19067', 'len_tra': 30.0, 'R_tra': 65.72, 'NX_0_CV': '0.03300', 'NX_0_CV_turn': '0.01100', 'NX_0_ctr': '2.03200', 'NX_0_len_tra': 30.0, 'NX_0_R_tra': 60.96, 'NX_10_CV': '0.01100', 'NX_10_CV_turn': '0.01100', 'NX_10_ctr': '2.18700', 'NX_10_len_tra': 10.0, 'NX_10_R_tra': 21.87}]
[I 240414 13:57:19 utils:142] Epoch: [103], Info: [{'num_test': 100, 'CV': '0.00200', 'CV_turn': '0.00067', 'ctr': '2.17833', 'len_tra': 30.0, 'R_tra': 65.35, 'NX_0_CV': '0.03300', 'NX_0_CV_turn': '0.01100', 'NX_0_ctr': '2.05333', 'NX_0_len_tra': 30.0, 'NX_0_R_tra': 61.6, 'NX_10_CV': '0.01100', 'NX_10_CV_turn': '0.01100', 'NX_10_ctr': '2.13500', 'NX_10_len_tra': 10.0, 'NX_10_R_tra': 21.35}]
[I 240414 13:57:29 utils:142] Epoch: [104], Info: [{'num_test': 100, 'CV': '0.00200', 'CV_turn': '0.00067', 'ctr': '2.16367', 'len_tra': 30.0, 'R_tra': 64.91, 'NX_0_CV': '0.03400', 'NX_0_CV_turn': '0.01133', 'NX_0_ctr': '2.09867', 'NX_0_len_tra': 30.0, 'NX_0_R_tra': 62.96, 'NX_10_CV': '0.01100', 'NX_10_CV_turn': '0.01100', 'NX_10_ctr': '2.08700', 'NX_10_len_tra': 10.0, 'NX_10_R_tra': 20.87}]
[I 240414 13:57:39 utils:142] Epoch: [105], Info: [{'num_test': 100, 'CV': '0.00200', 'CV_turn': '0.00067', 'ctr': '2.09467', 'len_tra': 30.0, 'R_tra': 62.84, 'NX_0_CV': '0.03400', 'NX_0_CV_turn': '0.01133', 'NX_0_ctr': '2.05533', 'NX_0_len_tra': 30.0, 'NX_0_R_tra': 61.66, 'NX_10_CV': '0.01100', 'NX_10_CV_turn': '0.01100', 'NX_10_ctr': '2.06600', 'NX_10_len_tra': 10.0, 'NX_10_R_tra': 20.66}]
[I 240414 13:57:49 utils:142] Epoch: [106], Info: [{'num_test': 100, 'CV': '0.00200', 'CV_turn': '0.00067', 'ctr': '2.48367', 'len_tra': 30.0, 'R_tra': 74.51, 'NX_0_CV': '0.03300', 'NX_0_CV_turn': '0.01100', 'NX_0_ctr': '2.06933', 'NX_0_len_tra': 30.0, 'NX_0_R_tra': 62.08, 'NX_10_CV': '0.01200', 'NX_10_CV_turn': '0.01200', 'NX_10_ctr': '2.09700', 'NX_10_len_tra': 10.0, 'NX_10_R_tra': 20.97}]
[I 240414 13:57:59 utils:142] Epoch: [107], Info: [{'num_test': 100, 'CV': '0.00200', 'CV_turn': '0.00067', 'ctr': '2.36633', 'len_tra': 30.0, 'R_tra': 70.99, 'NX_0_CV': '0.03300', 'NX_0_CV_turn': '0.01100', 'NX_0_ctr': '2.03900', 'NX_0_len_tra': 30.0, 'NX_0_R_tra': 61.17, 'NX_10_CV': '0.01200', 'NX_10_CV_turn': '0.01200', 'NX_10_ctr': '2.12800', 'NX_10_len_tra': 10.0, 'NX_10_R_tra': 21.28}]
[I 240414 13:58:09 utils:142] Epoch: [108], Info: [{'num_test': 100, 'CV': '0.00200', 'CV_turn': '0.00067', 'ctr': '2.35433', 'len_tra': 30.0, 'R_tra': 70.63, 'NX_0_CV': '0.03300', 'NX_0_CV_turn': '0.01100', 'NX_0_ctr': '2.02667', 'NX_0_len_tra': 30.0, 'NX_0_R_tra': 60.8, 'NX_10_CV': '0.01100', 'NX_10_CV_turn': '0.01100', 'NX_10_ctr': '2.03200', 'NX_10_len_tra': 10.0, 'NX_10_R_tra': 20.32}]
[I 240414 13:58:18 utils:142] Epoch: [109], Info: [{'num_test': 100, 'CV': '0.00200', 'CV_turn': '0.00067', 'ctr': '2.12800', 'len_tra': 30.0, 'R_tra': 63.84, 'NX_0_CV': '0.03300', 'NX_0_CV_turn': '0.01100', 'NX_0_ctr': '2.07433', 'NX_0_len_tra': 30.0, 'NX_0_R_tra': 62.23, 'NX_10_CV': '0.01100', 'NX_10_CV_turn': '0.01100', 'NX_10_ctr': '2.09200', 'NX_10_len_tra': 10.0, 'NX_10_R_tra': 20.92}]
[I 240414 13:58:28 utils:142] Epoch: [110], Info: [{'num_test': 100, 'CV': '0.00200', 'CV_turn': '0.00067', 'ctr': '2.23933', 'len_tra': 30.0, 'R_tra': 67.18, 'NX_0_CV': '0.03300', 'NX_0_CV_turn': '0.01100', 'NX_0_ctr': '2.02067', 'NX_0_len_tra': 30.0, 'NX_0_R_tra': 60.62, 'NX_10_CV': '0.01200', 'NX_10_CV_turn': '0.01200', 'NX_10_ctr': '2.12600', 'NX_10_len_tra': 10.0, 'NX_10_R_tra': 21.26}]
[I 240414 13:58:38 utils:142] Epoch: [111], Info: [{'num_test': 100, 'CV': '0.00200', 'CV_turn': '0.00067', 'ctr': '2.11300', 'len_tra': 30.0, 'R_tra': 63.39, 'NX_0_CV': '0.03300', 'NX_0_CV_turn': '0.01100', 'NX_0_ctr': '2.12300', 'NX_0_len_tra': 30.0, 'NX_0_R_tra': 63.69, 'NX_10_CV': '0.01100', 'NX_10_CV_turn': '0.01100', 'NX_10_ctr': '2.17300', 'NX_10_len_tra': 10.0, 'NX_10_R_tra': 21.73}]
[I 240414 13:58:48 utils:142] Epoch: [112], Info: [{'num_test': 100, 'CV': '0.00200', 'CV_turn': '0.00067', 'ctr': '2.20300', 'len_tra': 30.0, 'R_tra': 66.09, 'NX_0_CV': '0.03400', 'NX_0_CV_turn': '0.01133', 'NX_0_ctr': '2.01133', 'NX_0_len_tra': 30.0, 'NX_0_R_tra': 60.34, 'NX_10_CV': '0.01200', 'NX_10_CV_turn': '0.01200', 'NX_10_ctr': '2.08300', 'NX_10_len_tra': 10.0, 'NX_10_R_tra': 20.83}]
[I 240414 13:58:58 utils:142] Epoch: [113], Info: [{'num_test': 100, 'CV': '0.00200', 'CV_turn': '0.00067', 'ctr': '2.48667', 'len_tra': 30.0, 'R_tra': 74.6, 'NX_0_CV': '0.03300', 'NX_0_CV_turn': '0.01100', 'NX_0_ctr': '2.02700', 'NX_0_len_tra': 30.0, 'NX_0_R_tra': 60.81, 'NX_10_CV': '0.01200', 'NX_10_CV_turn': '0.01200', 'NX_10_ctr': '2.11600', 'NX_10_len_tra': 10.0, 'NX_10_R_tra': 21.16}]
[I 240414 13:59:08 utils:142] Epoch: [114], Info: [{'num_test': 100, 'CV': '0.00200', 'CV_turn': '0.00067', 'ctr': '2.10400', 'len_tra': 30.0, 'R_tra': 63.12, 'NX_0_CV': '0.03300', 'NX_0_CV_turn': '0.01100', 'NX_0_ctr': '2.02533', 'NX_0_len_tra': 30.0, 'NX_0_R_tra': 60.76, 'NX_10_CV': '0.01200', 'NX_10_CV_turn': '0.01200', 'NX_10_ctr': '2.14000', 'NX_10_len_tra': 10.0, 'NX_10_R_tra': 21.4}]
[I 240414 13:59:18 utils:142] Epoch: [115], Info: [{'num_test': 100, 'CV': '0.00200', 'CV_turn': '0.00067', 'ctr': '2.15067', 'len_tra': 30.0, 'R_tra': 64.52, 'NX_0_CV': '0.03300', 'NX_0_CV_turn': '0.01100', 'NX_0_ctr': '1.97400', 'NX_0_len_tra': 30.0, 'NX_0_R_tra': 59.22, 'NX_10_CV': '0.01200', 'NX_10_CV_turn': '0.01200', 'NX_10_ctr': '2.17000', 'NX_10_len_tra': 10.0, 'NX_10_R_tra': 21.7}]
[I 240414 13:59:27 utils:142] Epoch: [116], Info: [{'num_test': 100, 'CV': '0.00200', 'CV_turn': '0.00067', 'ctr': '2.31267', 'len_tra': 30.0, 'R_tra': 69.38, 'NX_0_CV': '0.03400', 'NX_0_CV_turn': '0.01133', 'NX_0_ctr': '1.92967', 'NX_0_len_tra': 30.0, 'NX_0_R_tra': 57.89, 'NX_10_CV': '0.01200', 'NX_10_CV_turn': '0.01200', 'NX_10_ctr': '2.07200', 'NX_10_len_tra': 10.0, 'NX_10_R_tra': 20.72}]
[I 240414 13:59:37 utils:142] Epoch: [117], Info: [{'num_test': 100, 'CV': '0.00200', 'CV_turn': '0.00067', 'ctr': '2.26233', 'len_tra': 30.0, 'R_tra': 67.87, 'NX_0_CV': '0.03400', 'NX_0_CV_turn': '0.01133', 'NX_0_ctr': '2.08733', 'NX_0_len_tra': 30.0, 'NX_0_R_tra': 62.62, 'NX_10_CV': '0.01200', 'NX_10_CV_turn': '0.01200', 'NX_10_ctr': '2.11000', 'NX_10_len_tra': 10.0, 'NX_10_R_tra': 21.1}]
[I 240414 13:59:47 utils:142] Epoch: [118], Info: [{'num_test': 100, 'CV': '0.00200', 'CV_turn': '0.00067', 'ctr': '2.27800', 'len_tra': 30.0, 'R_tra': 68.34, 'NX_0_CV': '0.03500', 'NX_0_CV_turn': '0.01167', 'NX_0_ctr': '2.14967', 'NX_0_len_tra': 30.0, 'NX_0_R_tra': 64.49, 'NX_10_CV': '0.01200', 'NX_10_CV_turn': '0.01200', 'NX_10_ctr': '2.12300', 'NX_10_len_tra': 10.0, 'NX_10_R_tra': 21.23}]
[I 240414 13:59:57 utils:142] Epoch: [119], Info: [{'num_test': 100, 'CV': '0.00400', 'CV_turn': '0.00133', 'ctr': '2.17767', 'len_tra': 30.0, 'R_tra': 65.33, 'NX_0_CV': '0.03300', 'NX_0_CV_turn': '0.01100', 'NX_0_ctr': '2.09333', 'NX_0_len_tra': 30.0, 'NX_0_R_tra': 62.8, 'NX_10_CV': '0.01200', 'NX_10_CV_turn': '0.01200', 'NX_10_ctr': '2.18300', 'NX_10_len_tra': 10.0, 'NX_10_R_tra': 21.83}]
[I 240414 14:00:07 utils:142] Epoch: [120], Info: [{'num_test': 100, 'CV': '0.00200', 'CV_turn': '0.00067', 'ctr': '2.20367', 'len_tra': 30.0, 'R_tra': 66.11, 'NX_0_CV': '0.03400', 'NX_0_CV_turn': '0.01133', 'NX_0_ctr': '2.07100', 'NX_0_len_tra': 30.0, 'NX_0_R_tra': 62.13, 'NX_10_CV': '0.01200', 'NX_10_CV_turn': '0.01200', 'NX_10_ctr': '2.14900', 'NX_10_len_tra': 10.0, 'NX_10_R_tra': 21.49}]
[I 240414 14:00:17 utils:142] Epoch: [121], Info: [{'num_test': 100, 'CV': '0.00200', 'CV_turn': '0.00067', 'ctr': '2.39567', 'len_tra': 30.0, 'R_tra': 71.87, 'NX_0_CV': '0.03300', 'NX_0_CV_turn': '0.01100', 'NX_0_ctr': '2.07567', 'NX_0_len_tra': 30.0, 'NX_0_R_tra': 62.27, 'NX_10_CV': '0.01200', 'NX_10_CV_turn': '0.01200', 'NX_10_ctr': '2.16200', 'NX_10_len_tra': 10.0, 'NX_10_R_tra': 21.62}]
[I 240414 14:00:27 utils:142] Epoch: [122], Info: [{'num_test': 100, 'CV': '0.00200', 'CV_turn': '0.00067', 'ctr': '2.16900', 'len_tra': 30.0, 'R_tra': 65.07, 'NX_0_CV': '0.03400', 'NX_0_CV_turn': '0.01133', 'NX_0_ctr': '2.04700', 'NX_0_len_tra': 30.0, 'NX_0_R_tra': 61.41, 'NX_10_CV': '0.01200', 'NX_10_CV_turn': '0.01200', 'NX_10_ctr': '2.12300', 'NX_10_len_tra': 10.0, 'NX_10_R_tra': 21.23}]
[I 240414 14:00:37 utils:142] Epoch: [123], Info: [{'num_test': 100, 'CV': '0.00200', 'CV_turn': '0.00067', 'ctr': '2.32433', 'len_tra': 30.0, 'R_tra': 69.73, 'NX_0_CV': '0.03300', 'NX_0_CV_turn': '0.01100', 'NX_0_ctr': '2.00767', 'NX_0_len_tra': 30.0, 'NX_0_R_tra': 60.23, 'NX_10_CV': '0.01200', 'NX_10_CV_turn': '0.01200', 'NX_10_ctr': '2.14500', 'NX_10_len_tra': 10.0, 'NX_10_R_tra': 21.45}]
[I 240414 14:00:46 utils:142] Epoch: [124], Info: [{'num_test': 100, 'CV': '0.00300', 'CV_turn': '0.00100', 'ctr': '2.39267', 'len_tra': 30.0, 'R_tra': 71.78, 'NX_0_CV': '0.03300', 'NX_0_CV_turn': '0.01100', 'NX_0_ctr': '2.03833', 'NX_0_len_tra': 30.0, 'NX_0_R_tra': 61.15, 'NX_10_CV': '0.01200', 'NX_10_CV_turn': '0.01200', 'NX_10_ctr': '2.08400', 'NX_10_len_tra': 10.0, 'NX_10_R_tra': 20.84}]
[I 240414 14:00:56 utils:142] Epoch: [125], Info: [{'num_test': 100, 'CV': '0.00200', 'CV_turn': '0.00067', 'ctr': '2.18367', 'len_tra': 30.0, 'R_tra': 65.51, 'NX_0_CV': '0.03300', 'NX_0_CV_turn': '0.01100', 'NX_0_ctr': '1.98767', 'NX_0_len_tra': 30.0, 'NX_0_R_tra': 59.63, 'NX_10_CV': '0.01200', 'NX_10_CV_turn': '0.01200', 'NX_10_ctr': '2.19000', 'NX_10_len_tra': 10.0, 'NX_10_R_tra': 21.9}]
[I 240414 14:01:06 utils:142] Epoch: [126], Info: [{'num_test': 100, 'CV': '0.00200', 'CV_turn': '0.00067', 'ctr': '2.41033', 'len_tra': 30.0, 'R_tra': 72.31, 'NX_0_CV': '0.03300', 'NX_0_CV_turn': '0.01100', 'NX_0_ctr': '2.04967', 'NX_0_len_tra': 30.0, 'NX_0_R_tra': 61.49, 'NX_10_CV': '0.01200', 'NX_10_CV_turn': '0.01200', 'NX_10_ctr': '2.15700', 'NX_10_len_tra': 10.0, 'NX_10_R_tra': 21.57}]
[I 240414 14:01:16 utils:142] Epoch: [127], Info: [{'num_test': 100, 'CV': '0.00200', 'CV_turn': '0.00067', 'ctr': '2.37400', 'len_tra': 30.0, 'R_tra': 71.22, 'NX_0_CV': '0.03300', 'NX_0_CV_turn': '0.01100', 'NX_0_ctr': '1.89567', 'NX_0_len_tra': 30.0, 'NX_0_R_tra': 56.87, 'NX_10_CV': '0.01200', 'NX_10_CV_turn': '0.01200', 'NX_10_ctr': '2.19400', 'NX_10_len_tra': 10.0, 'NX_10_R_tra': 21.94}]
[I 240414 14:01:26 utils:142] Epoch: [128], Info: [{'num_test': 100, 'CV': '0.00300', 'CV_turn': '0.00100', 'ctr': '2.42433', 'len_tra': 30.0, 'R_tra': 72.73, 'NX_0_CV': '0.03400', 'NX_0_CV_turn': '0.01133', 'NX_0_ctr': '2.00367', 'NX_0_len_tra': 30.0, 'NX_0_R_tra': 60.11, 'NX_10_CV': '0.01200', 'NX_10_CV_turn': '0.01200', 'NX_10_ctr': '2.18100', 'NX_10_len_tra': 10.0, 'NX_10_R_tra': 21.81}]
[I 240414 14:01:36 utils:142] Epoch: [129], Info: [{'num_test': 100, 'CV': '0.00300', 'CV_turn': '0.00100', 'ctr': '2.87600', 'len_tra': 30.0, 'R_tra': 86.28, 'NX_0_CV': '0.03400', 'NX_0_CV_turn': '0.01133', 'NX_0_ctr': '2.05000', 'NX_0_len_tra': 30.0, 'NX_0_R_tra': 61.5, 'NX_10_CV': '0.01200', 'NX_10_CV_turn': '0.01200', 'NX_10_ctr': '2.08000', 'NX_10_len_tra': 10.0, 'NX_10_R_tra': 20.8}]
[I 240414 14:01:46 utils:142] Epoch: [130], Info: [{'num_test': 100, 'CV': '0.00200', 'CV_turn': '0.00067', 'ctr': '2.20000', 'len_tra': 30.0, 'R_tra': 66.0, 'NX_0_CV': '0.03400', 'NX_0_CV_turn': '0.01133', 'NX_0_ctr': '2.11633', 'NX_0_len_tra': 30.0, 'NX_0_R_tra': 63.49, 'NX_10_CV': '0.01200', 'NX_10_CV_turn': '0.01200', 'NX_10_ctr': '2.19700', 'NX_10_len_tra': 10.0, 'NX_10_R_tra': 21.97}]
[I 240414 14:01:55 utils:142] Epoch: [131], Info: [{'num_test': 100, 'CV': '0.00300', 'CV_turn': '0.00100', 'ctr': '2.95467', 'len_tra': 30.0, 'R_tra': 88.64, 'NX_0_CV': '0.03400', 'NX_0_CV_turn': '0.01133', 'NX_0_ctr': '2.07700', 'NX_0_len_tra': 30.0, 'NX_0_R_tra': 62.31, 'NX_10_CV': '0.01200', 'NX_10_CV_turn': '0.01200', 'NX_10_ctr': '2.09800', 'NX_10_len_tra': 10.0, 'NX_10_R_tra': 20.98}]
[I 240414 14:02:05 utils:142] Epoch: [132], Info: [{'num_test': 100, 'CV': '0.00300', 'CV_turn': '0.00100', 'ctr': '2.47533', 'len_tra': 30.0, 'R_tra': 74.26, 'NX_0_CV': '0.03400', 'NX_0_CV_turn': '0.01133', 'NX_0_ctr': '2.01467', 'NX_0_len_tra': 30.0, 'NX_0_R_tra': 60.44, 'NX_10_CV': '0.01200', 'NX_10_CV_turn': '0.01200', 'NX_10_ctr': '2.15200', 'NX_10_len_tra': 10.0, 'NX_10_R_tra': 21.52}]
[I 240414 14:02:15 utils:142] Epoch: [133], Info: [{'num_test': 100, 'CV': '0.00400', 'CV_turn': '0.00133', 'ctr': '2.93800', 'len_tra': 30.0, 'R_tra': 88.14, 'NX_0_CV': '0.03300', 'NX_0_CV_turn': '0.01100', 'NX_0_ctr': '2.10567', 'NX_0_len_tra': 30.0, 'NX_0_R_tra': 63.17, 'NX_10_CV': '0.01200', 'NX_10_CV_turn': '0.01200', 'NX_10_ctr': '2.09500', 'NX_10_len_tra': 10.0, 'NX_10_R_tra': 20.95}]
[I 240414 14:02:25 utils:142] Epoch: [134], Info: [{'num_test': 100, 'CV': '0.00300', 'CV_turn': '0.00100', 'ctr': '2.87867', 'len_tra': 30.0, 'R_tra': 86.36, 'NX_0_CV': '0.03400', 'NX_0_CV_turn': '0.01133', 'NX_0_ctr': '1.99500', 'NX_0_len_tra': 30.0, 'NX_0_R_tra': 59.85, 'NX_10_CV': '0.01100', 'NX_10_CV_turn': '0.01100', 'NX_10_ctr': '2.14100', 'NX_10_len_tra': 10.0, 'NX_10_R_tra': 21.41}]
[I 240414 14:02:35 utils:142] Epoch: [135], Info: [{'num_test': 100, 'CV': '0.00200', 'CV_turn': '0.00067', 'ctr': '2.31667', 'len_tra': 30.0, 'R_tra': 69.5, 'NX_0_CV': '0.03400', 'NX_0_CV_turn': '0.01133', 'NX_0_ctr': '2.05133', 'NX_0_len_tra': 30.0, 'NX_0_R_tra': 61.54, 'NX_10_CV': '0.01100', 'NX_10_CV_turn': '0.01100', 'NX_10_ctr': '2.19500', 'NX_10_len_tra': 10.0, 'NX_10_R_tra': 21.95}]
[I 240414 14:02:45 utils:142] Epoch: [136], Info: [{'num_test': 100, 'CV': '0.00300', 'CV_turn': '0.00100', 'ctr': '2.65433', 'len_tra': 30.0, 'R_tra': 79.63, 'NX_0_CV': '0.03400', 'NX_0_CV_turn': '0.01133', 'NX_0_ctr': '2.12467', 'NX_0_len_tra': 30.0, 'NX_0_R_tra': 63.74, 'NX_10_CV': '0.01200', 'NX_10_CV_turn': '0.01200', 'NX_10_ctr': '2.13900', 'NX_10_len_tra': 10.0, 'NX_10_R_tra': 21.39}]
[I 240414 14:02:55 utils:142] Epoch: [137], Info: [{'num_test': 100, 'CV': '0.00200', 'CV_turn': '0.00067', 'ctr': '2.15900', 'len_tra': 30.0, 'R_tra': 64.77, 'NX_0_CV': '0.03300', 'NX_0_CV_turn': '0.01100', 'NX_0_ctr': '2.05700', 'NX_0_len_tra': 30.0, 'NX_0_R_tra': 61.71, 'NX_10_CV': '0.01100', 'NX_10_CV_turn': '0.01100', 'NX_10_ctr': '2.19700', 'NX_10_len_tra': 10.0, 'NX_10_R_tra': 21.97}]
[I 240414 14:03:04 utils:142] Epoch: [138], Info: [{'num_test': 100, 'CV': '0.00300', 'CV_turn': '0.00100', 'ctr': '2.73933', 'len_tra': 30.0, 'R_tra': 82.18, 'NX_0_CV': '0.03400', 'NX_0_CV_turn': '0.01133', 'NX_0_ctr': '2.07933', 'NX_0_len_tra': 30.0, 'NX_0_R_tra': 62.38, 'NX_10_CV': '0.01100', 'NX_10_CV_turn': '0.01100', 'NX_10_ctr': '2.14600', 'NX_10_len_tra': 10.0, 'NX_10_R_tra': 21.46}]
[I 240414 14:03:14 utils:142] Epoch: [139], Info: [{'num_test': 100, 'CV': '0.00200', 'CV_turn': '0.00067', 'ctr': '2.30700', 'len_tra': 30.0, 'R_tra': 69.21, 'NX_0_CV': '0.03300', 'NX_0_CV_turn': '0.01100', 'NX_0_ctr': '2.06400', 'NX_0_len_tra': 30.0, 'NX_0_R_tra': 61.92, 'NX_10_CV': '0.01200', 'NX_10_CV_turn': '0.01200', 'NX_10_ctr': '2.16200', 'NX_10_len_tra': 10.0, 'NX_10_R_tra': 21.62}]
[I 240414 14:03:24 utils:142] Epoch: [140], Info: [{'num_test': 100, 'CV': '0.00200', 'CV_turn': '0.00067', 'ctr': '2.13033', 'len_tra': 30.0, 'R_tra': 63.91, 'NX_0_CV': '0.03500', 'NX_0_CV_turn': '0.01167', 'NX_0_ctr': '2.11467', 'NX_0_len_tra': 30.0, 'NX_0_R_tra': 63.44, 'NX_10_CV': '0.01200', 'NX_10_CV_turn': '0.01200', 'NX_10_ctr': '2.10800', 'NX_10_len_tra': 10.0, 'NX_10_R_tra': 21.08}]
[I 240414 14:03:34 utils:142] Epoch: [141], Info: [{'num_test': 100, 'CV': '0.00300', 'CV_turn': '0.00100', 'ctr': '2.81100', 'len_tra': 30.0, 'R_tra': 84.33, 'NX_0_CV': '0.03500', 'NX_0_CV_turn': '0.01167', 'NX_0_ctr': '2.10300', 'NX_0_len_tra': 30.0, 'NX_0_R_tra': 63.09, 'NX_10_CV': '0.01200', 'NX_10_CV_turn': '0.01200', 'NX_10_ctr': '2.14400', 'NX_10_len_tra': 10.0, 'NX_10_R_tra': 21.44}]
[I 240414 14:03:44 utils:142] Epoch: [142], Info: [{'num_test': 100, 'CV': '0.00300', 'CV_turn': '0.00100', 'ctr': '2.90100', 'len_tra': 30.0, 'R_tra': 87.03, 'NX_0_CV': '0.03500', 'NX_0_CV_turn': '0.01167', 'NX_0_ctr': '2.05167', 'NX_0_len_tra': 30.0, 'NX_0_R_tra': 61.55, 'NX_10_CV': '0.01200', 'NX_10_CV_turn': '0.01200', 'NX_10_ctr': '2.12600', 'NX_10_len_tra': 10.0, 'NX_10_R_tra': 21.26}]
[I 240414 14:03:54 utils:142] Epoch: [143], Info: [{'num_test': 100, 'CV': '0.00400', 'CV_turn': '0.00133', 'ctr': '2.52267', 'len_tra': 30.0, 'R_tra': 75.68, 'NX_0_CV': '0.03500', 'NX_0_CV_turn': '0.01167', 'NX_0_ctr': '2.07400', 'NX_0_len_tra': 30.0, 'NX_0_R_tra': 62.22, 'NX_10_CV': '0.01100', 'NX_10_CV_turn': '0.01100', 'NX_10_ctr': '2.19200', 'NX_10_len_tra': 10.0, 'NX_10_R_tra': 21.92}]
[I 240414 14:04:03 utils:142] Epoch: [144], Info: [{'num_test': 100, 'CV': '0.00200', 'CV_turn': '0.00067', 'ctr': '2.23100', 'len_tra': 30.0, 'R_tra': 66.93, 'NX_0_CV': '0.03600', 'NX_0_CV_turn': '0.01200', 'NX_0_ctr': '2.13300', 'NX_0_len_tra': 30.0, 'NX_0_R_tra': 63.99, 'NX_10_CV': '0.01200', 'NX_10_CV_turn': '0.01200', 'NX_10_ctr': '2.09800', 'NX_10_len_tra': 10.0, 'NX_10_R_tra': 20.98}]
[I 240414 14:04:13 utils:142] Epoch: [145], Info: [{'num_test': 100, 'CV': '0.00400', 'CV_turn': '0.00133', 'ctr': '2.52967', 'len_tra': 30.0, 'R_tra': 75.89, 'NX_0_CV': '0.03500', 'NX_0_CV_turn': '0.01167', 'NX_0_ctr': '2.06367', 'NX_0_len_tra': 30.0, 'NX_0_R_tra': 61.91, 'NX_10_CV': '0.01200', 'NX_10_CV_turn': '0.01200', 'NX_10_ctr': '2.21600', 'NX_10_len_tra': 10.0, 'NX_10_R_tra': 22.16}]
[I 240414 14:04:23 utils:142] Epoch: [146], Info: [{'num_test': 100, 'CV': '0.00500', 'CV_turn': '0.00167', 'ctr': '2.30100', 'len_tra': 30.0, 'R_tra': 69.03, 'NX_0_CV': '0.03300', 'NX_0_CV_turn': '0.01100', 'NX_0_ctr': '2.11600', 'NX_0_len_tra': 30.0, 'NX_0_R_tra': 63.48, 'NX_10_CV': '0.01100', 'NX_10_CV_turn': '0.01100', 'NX_10_ctr': '2.30000', 'NX_10_len_tra': 10.0, 'NX_10_R_tra': 23.0}]
[I 240414 14:04:33 utils:142] Epoch: [147], Info: [{'num_test': 100, 'CV': '0.00400', 'CV_turn': '0.00133', 'ctr': '2.73033', 'len_tra': 30.0, 'R_tra': 81.91, 'NX_0_CV': '0.03400', 'NX_0_CV_turn': '0.01133', 'NX_0_ctr': '2.12267', 'NX_0_len_tra': 30.0, 'NX_0_R_tra': 63.68, 'NX_10_CV': '0.01100', 'NX_10_CV_turn': '0.01100', 'NX_10_ctr': '2.16800', 'NX_10_len_tra': 10.0, 'NX_10_R_tra': 21.68}]
[I 240414 14:04:43 utils:142] Epoch: [148], Info: [{'num_test': 100, 'CV': '0.00400', 'CV_turn': '0.00133', 'ctr': '2.50900', 'len_tra': 30.0, 'R_tra': 75.27, 'NX_0_CV': '0.03500', 'NX_0_CV_turn': '0.01167', 'NX_0_ctr': '1.98033', 'NX_0_len_tra': 30.0, 'NX_0_R_tra': 59.41, 'NX_10_CV': '0.01100', 'NX_10_CV_turn': '0.01100', 'NX_10_ctr': '2.14900', 'NX_10_len_tra': 10.0, 'NX_10_R_tra': 21.49}]
[I 240414 14:04:53 utils:142] Epoch: [149], Info: [{'num_test': 100, 'CV': '0.00400', 'CV_turn': '0.00133', 'ctr': '2.50500', 'len_tra': 30.0, 'R_tra': 75.15, 'NX_0_CV': '0.03400', 'NX_0_CV_turn': '0.01133', 'NX_0_ctr': '2.14500', 'NX_0_len_tra': 30.0, 'NX_0_R_tra': 64.35, 'NX_10_CV': '0.01100', 'NX_10_CV_turn': '0.01100', 'NX_10_ctr': '2.28300', 'NX_10_len_tra': 10.0, 'NX_10_R_tra': 22.83}]
[I 240414 14:05:02 utils:142] Epoch: [150], Info: [{'num_test': 100, 'CV': '0.00500', 'CV_turn': '0.00167', 'ctr': '2.49867', 'len_tra': 30.0, 'R_tra': 74.96, 'NX_0_CV': '0.03500', 'NX_0_CV_turn': '0.01167', 'NX_0_ctr': '2.13133', 'NX_0_len_tra': 30.0, 'NX_0_R_tra': 63.94, 'NX_10_CV': '0.01200', 'NX_10_CV_turn': '0.01200', 'NX_10_ctr': '2.23900', 'NX_10_len_tra': 10.0, 'NX_10_R_tra': 22.39}]
[I 240414 14:05:12 utils:142] Epoch: [151], Info: [{'num_test': 100, 'CV': '0.00500', 'CV_turn': '0.00167', 'ctr': '2.53000', 'len_tra': 30.0, 'R_tra': 75.9, 'NX_0_CV': '0.03400', 'NX_0_CV_turn': '0.01133', 'NX_0_ctr': '2.01367', 'NX_0_len_tra': 30.0, 'NX_0_R_tra': 60.41, 'NX_10_CV': '0.01100', 'NX_10_CV_turn': '0.01100', 'NX_10_ctr': '2.22500', 'NX_10_len_tra': 10.0, 'NX_10_R_tra': 22.25}]
[I 240414 14:05:22 utils:142] Epoch: [152], Info: [{'num_test': 100, 'CV': '0.00400', 'CV_turn': '0.00133', 'ctr': '2.66400', 'len_tra': 30.0, 'R_tra': 79.92, 'NX_0_CV': '0.03300', 'NX_0_CV_turn': '0.01100', 'NX_0_ctr': '2.18200', 'NX_0_len_tra': 30.0, 'NX_0_R_tra': 65.46, 'NX_10_CV': '0.01200', 'NX_10_CV_turn': '0.01200', 'NX_10_ctr': '2.31500', 'NX_10_len_tra': 10.0, 'NX_10_R_tra': 23.15}]
[I 240414 14:05:32 utils:142] Epoch: [153], Info: [{'num_test': 100, 'CV': '0.00600', 'CV_turn': '0.00200', 'ctr': '2.65300', 'len_tra': 30.0, 'R_tra': 79.59, 'NX_0_CV': '0.03400', 'NX_0_CV_turn': '0.01133', 'NX_0_ctr': '2.07100', 'NX_0_len_tra': 30.0, 'NX_0_R_tra': 62.13, 'NX_10_CV': '0.01100', 'NX_10_CV_turn': '0.01100', 'NX_10_ctr': '2.28600', 'NX_10_len_tra': 10.0, 'NX_10_R_tra': 22.86}]
[I 240414 14:05:42 utils:142] Epoch: [154], Info: [{'num_test': 100, 'CV': '0.00200', 'CV_turn': '0.00067', 'ctr': '2.21533', 'len_tra': 30.0, 'R_tra': 66.46, 'NX_0_CV': '0.03500', 'NX_0_CV_turn': '0.01167', 'NX_0_ctr': '2.05700', 'NX_0_len_tra': 30.0, 'NX_0_R_tra': 61.71, 'NX_10_CV': '0.01200', 'NX_10_CV_turn': '0.01200', 'NX_10_ctr': '2.23900', 'NX_10_len_tra': 10.0, 'NX_10_R_tra': 22.39}]
[I 240414 14:05:52 utils:142] Epoch: [155], Info: [{'num_test': 100, 'CV': '0.00400', 'CV_turn': '0.00133', 'ctr': '2.83800', 'len_tra': 30.0, 'R_tra': 85.14, 'NX_0_CV': '0.03500', 'NX_0_CV_turn': '0.01167', 'NX_0_ctr': '2.08500', 'NX_0_len_tra': 30.0, 'NX_0_R_tra': 62.55, 'NX_10_CV': '0.01100', 'NX_10_CV_turn': '0.01100', 'NX_10_ctr': '2.21800', 'NX_10_len_tra': 10.0, 'NX_10_R_tra': 22.18}]
[I 240414 14:06:01 utils:142] Epoch: [156], Info: [{'num_test': 100, 'CV': '0.00200', 'CV_turn': '0.00067', 'ctr': '2.43067', 'len_tra': 30.0, 'R_tra': 72.92, 'NX_0_CV': '0.03400', 'NX_0_CV_turn': '0.01133', 'NX_0_ctr': '2.10267', 'NX_0_len_tra': 30.0, 'NX_0_R_tra': 63.08, 'NX_10_CV': '0.01500', 'NX_10_CV_turn': '0.01500', 'NX_10_ctr': '2.27500', 'NX_10_len_tra': 10.0, 'NX_10_R_tra': 22.75}]
[I 240414 14:06:11 utils:142] Epoch: [157], Info: [{'num_test': 100, 'CV': '0.00400', 'CV_turn': '0.00133', 'ctr': '2.69467', 'len_tra': 30.0, 'R_tra': 80.84, 'NX_0_CV': '0.03400', 'NX_0_CV_turn': '0.01133', 'NX_0_ctr': '2.05567', 'NX_0_len_tra': 30.0, 'NX_0_R_tra': 61.67, 'NX_10_CV': '0.01100', 'NX_10_CV_turn': '0.01100', 'NX_10_ctr': '2.12600', 'NX_10_len_tra': 10.0, 'NX_10_R_tra': 21.26}]
[I 240414 14:06:21 utils:142] Epoch: [158], Info: [{'num_test': 100, 'CV': '0.00500', 'CV_turn': '0.00167', 'ctr': '2.54233', 'len_tra': 30.0, 'R_tra': 76.27, 'NX_0_CV': '0.03400', 'NX_0_CV_turn': '0.01133', 'NX_0_ctr': '2.07433', 'NX_0_len_tra': 30.0, 'NX_0_R_tra': 62.23, 'NX_10_CV': '0.01100', 'NX_10_CV_turn': '0.01100', 'NX_10_ctr': '2.26200', 'NX_10_len_tra': 10.0, 'NX_10_R_tra': 22.62}]
[I 240414 14:06:31 utils:142] Epoch: [159], Info: [{'num_test': 100, 'CV': '0.00400', 'CV_turn': '0.00133', 'ctr': '2.38867', 'len_tra': 30.0, 'R_tra': 71.66, 'NX_0_CV': '0.03400', 'NX_0_CV_turn': '0.01133', 'NX_0_ctr': '1.99633', 'NX_0_len_tra': 30.0, 'NX_0_R_tra': 59.89, 'NX_10_CV': '0.01100', 'NX_10_CV_turn': '0.01100', 'NX_10_ctr': '2.12500', 'NX_10_len_tra': 10.0, 'NX_10_R_tra': 21.25}]
[I 240414 14:06:41 utils:142] Epoch: [160], Info: [{'num_test': 100, 'CV': '0.00500', 'CV_turn': '0.00167', 'ctr': '2.69267', 'len_tra': 30.0, 'R_tra': 80.78, 'NX_0_CV': '0.03400', 'NX_0_CV_turn': '0.01133', 'NX_0_ctr': '2.10333', 'NX_0_len_tra': 30.0, 'NX_0_R_tra': 63.1, 'NX_10_CV': '0.01100', 'NX_10_CV_turn': '0.01100', 'NX_10_ctr': '2.26700', 'NX_10_len_tra': 10.0, 'NX_10_R_tra': 22.67}]
[I 240414 14:06:51 utils:142] Epoch: [161], Info: [{'num_test': 100, 'CV': '0.00500', 'CV_turn': '0.00167', 'ctr': '2.36867', 'len_tra': 30.0, 'R_tra': 71.06, 'NX_0_CV': '0.03500', 'NX_0_CV_turn': '0.01167', 'NX_0_ctr': '2.06267', 'NX_0_len_tra': 30.0, 'NX_0_R_tra': 61.88, 'NX_10_CV': '0.01100', 'NX_10_CV_turn': '0.01100', 'NX_10_ctr': '2.21400', 'NX_10_len_tra': 10.0, 'NX_10_R_tra': 22.14}]
[I 240414 14:07:01 utils:142] Epoch: [162], Info: [{'num_test': 100, 'CV': '0.00400', 'CV_turn': '0.00133', 'ctr': '2.27667', 'len_tra': 30.0, 'R_tra': 68.3, 'NX_0_CV': '0.03300', 'NX_0_CV_turn': '0.01100', 'NX_0_ctr': '1.99933', 'NX_0_len_tra': 30.0, 'NX_0_R_tra': 59.98, 'NX_10_CV': '0.01100', 'NX_10_CV_turn': '0.01100', 'NX_10_ctr': '2.21500', 'NX_10_len_tra': 10.0, 'NX_10_R_tra': 22.15}]
[I 240414 14:07:10 utils:142] Epoch: [163], Info: [{'num_test': 100, 'CV': '0.00400', 'CV_turn': '0.00133', 'ctr': '2.29767', 'len_tra': 30.0, 'R_tra': 68.93, 'NX_0_CV': '0.03400', 'NX_0_CV_turn': '0.01133', 'NX_0_ctr': '2.11033', 'NX_0_len_tra': 30.0, 'NX_0_R_tra': 63.31, 'NX_10_CV': '0.01100', 'NX_10_CV_turn': '0.01100', 'NX_10_ctr': '2.23400', 'NX_10_len_tra': 10.0, 'NX_10_R_tra': 22.34}]
[I 240414 14:07:20 utils:142] Epoch: [164], Info: [{'num_test': 100, 'CV': '0.00200', 'CV_turn': '0.00067', 'ctr': '2.24100', 'len_tra': 30.0, 'R_tra': 67.23, 'NX_0_CV': '0.03400', 'NX_0_CV_turn': '0.01133', 'NX_0_ctr': '2.05033', 'NX_0_len_tra': 30.0, 'NX_0_R_tra': 61.51, 'NX_10_CV': '0.01100', 'NX_10_CV_turn': '0.01100', 'NX_10_ctr': '2.12900', 'NX_10_len_tra': 10.0, 'NX_10_R_tra': 21.29}]
[I 240414 14:07:30 utils:142] Epoch: [165], Info: [{'num_test': 100, 'CV': '0.00200', 'CV_turn': '0.00067', 'ctr': '2.20433', 'len_tra': 30.0, 'R_tra': 66.13, 'NX_0_CV': '0.03600', 'NX_0_CV_turn': '0.01200', 'NX_0_ctr': '2.04867', 'NX_0_len_tra': 30.0, 'NX_0_R_tra': 61.46, 'NX_10_CV': '0.01300', 'NX_10_CV_turn': '0.01300', 'NX_10_ctr': '2.15800', 'NX_10_len_tra': 10.0, 'NX_10_R_tra': 21.58}]
[I 240414 14:07:40 utils:142] Epoch: [166], Info: [{'num_test': 100, 'CV': '0.00500', 'CV_turn': '0.00167', 'ctr': '2.74833', 'len_tra': 30.0, 'R_tra': 82.45, 'NX_0_CV': '0.03600', 'NX_0_CV_turn': '0.01200', 'NX_0_ctr': '2.13800', 'NX_0_len_tra': 30.0, 'NX_0_R_tra': 64.14, 'NX_10_CV': '0.01200', 'NX_10_CV_turn': '0.01200', 'NX_10_ctr': '2.31000', 'NX_10_len_tra': 10.0, 'NX_10_R_tra': 23.1}]
[I 240414 14:07:50 utils:142] Epoch: [167], Info: [{'num_test': 100, 'CV': '0.00400', 'CV_turn': '0.00133', 'ctr': '2.29633', 'len_tra': 30.0, 'R_tra': 68.89, 'NX_0_CV': '0.03700', 'NX_0_CV_turn': '0.01233', 'NX_0_ctr': '2.00333', 'NX_0_len_tra': 30.0, 'NX_0_R_tra': 60.1, 'NX_10_CV': '0.01200', 'NX_10_CV_turn': '0.01200', 'NX_10_ctr': '2.25400', 'NX_10_len_tra': 10.0, 'NX_10_R_tra': 22.54}]
[I 240414 14:08:00 utils:142] Epoch: [168], Info: [{'num_test': 100, 'CV': '0.00400', 'CV_turn': '0.00133', 'ctr': '2.48533', 'len_tra': 30.0, 'R_tra': 74.56, 'NX_0_CV': '0.03500', 'NX_0_CV_turn': '0.01167', 'NX_0_ctr': '1.99500', 'NX_0_len_tra': 30.0, 'NX_0_R_tra': 59.85, 'NX_10_CV': '0.01100', 'NX_10_CV_turn': '0.01100', 'NX_10_ctr': '2.24500', 'NX_10_len_tra': 10.0, 'NX_10_R_tra': 22.45}]
[I 240414 14:08:09 utils:142] Epoch: [169], Info: [{'num_test': 100, 'CV': '0.00600', 'CV_turn': '0.00200', 'ctr': '2.36400', 'len_tra': 30.0, 'R_tra': 70.92, 'NX_0_CV': '0.03500', 'NX_0_CV_turn': '0.01167', 'NX_0_ctr': '2.13367', 'NX_0_len_tra': 30.0, 'NX_0_R_tra': 64.01, 'NX_10_CV': '0.01200', 'NX_10_CV_turn': '0.01200', 'NX_10_ctr': '2.20800', 'NX_10_len_tra': 10.0, 'NX_10_R_tra': 22.08}]
[I 240414 14:08:19 utils:142] Epoch: [170], Info: [{'num_test': 100, 'CV': '0.00500', 'CV_turn': '0.00167', 'ctr': '2.65433', 'len_tra': 30.0, 'R_tra': 79.63, 'NX_0_CV': '0.03600', 'NX_0_CV_turn': '0.01200', 'NX_0_ctr': '2.10333', 'NX_0_len_tra': 30.0, 'NX_0_R_tra': 63.1, 'NX_10_CV': '0.01300', 'NX_10_CV_turn': '0.01300', 'NX_10_ctr': '2.26500', 'NX_10_len_tra': 10.0, 'NX_10_R_tra': 22.65}]
[I 240414 14:08:29 utils:142] Epoch: [171], Info: [{'num_test': 100, 'CV': '0.00200', 'CV_turn': '0.00067', 'ctr': '2.37700', 'len_tra': 30.0, 'R_tra': 71.31, 'NX_0_CV': '0.03500', 'NX_0_CV_turn': '0.01167', 'NX_0_ctr': '2.12200', 'NX_0_len_tra': 30.0, 'NX_0_R_tra': 63.66, 'NX_10_CV': '0.01200', 'NX_10_CV_turn': '0.01200', 'NX_10_ctr': '2.21500', 'NX_10_len_tra': 10.0, 'NX_10_R_tra': 22.15}]
[I 240414 14:08:39 utils:142] Epoch: [172], Info: [{'num_test': 100, 'CV': '0.00600', 'CV_turn': '0.00200', 'ctr': '2.76500', 'len_tra': 30.0, 'R_tra': 82.95, 'NX_0_CV': '0.03600', 'NX_0_CV_turn': '0.01200', 'NX_0_ctr': '2.09467', 'NX_0_len_tra': 30.0, 'NX_0_R_tra': 62.84, 'NX_10_CV': '0.01200', 'NX_10_CV_turn': '0.01200', 'NX_10_ctr': '2.28900', 'NX_10_len_tra': 10.0, 'NX_10_R_tra': 22.89}]
[I 240414 14:08:49 utils:142] Epoch: [173], Info: [{'num_test': 100, 'CV': '0.00400', 'CV_turn': '0.00133', 'ctr': '2.28233', 'len_tra': 30.0, 'R_tra': 68.47, 'NX_0_CV': '0.03500', 'NX_0_CV_turn': '0.01167', 'NX_0_ctr': '2.06933', 'NX_0_len_tra': 30.0, 'NX_0_R_tra': 62.08, 'NX_10_CV': '0.01200', 'NX_10_CV_turn': '0.01200', 'NX_10_ctr': '2.19200', 'NX_10_len_tra': 10.0, 'NX_10_R_tra': 21.92}]
[I 240414 14:08:59 utils:142] Epoch: [174], Info: [{'num_test': 100, 'CV': '0.00400', 'CV_turn': '0.00133', 'ctr': '2.32267', 'len_tra': 30.0, 'R_tra': 69.68, 'NX_0_CV': '0.03500', 'NX_0_CV_turn': '0.01167', 'NX_0_ctr': '2.09367', 'NX_0_len_tra': 30.0, 'NX_0_R_tra': 62.81, 'NX_10_CV': '0.01100', 'NX_10_CV_turn': '0.01100', 'NX_10_ctr': '2.31600', 'NX_10_len_tra': 10.0, 'NX_10_R_tra': 23.16}]
[I 240414 14:09:08 utils:142] Epoch: [175], Info: [{'num_test': 100, 'CV': '0.00500', 'CV_turn': '0.00167', 'ctr': '2.67133', 'len_tra': 30.0, 'R_tra': 80.14, 'NX_0_CV': '0.03700', 'NX_0_CV_turn': '0.01233', 'NX_0_ctr': '2.09567', 'NX_0_len_tra': 30.0, 'NX_0_R_tra': 62.87, 'NX_10_CV': '0.01300', 'NX_10_CV_turn': '0.01300', 'NX_10_ctr': '2.24000', 'NX_10_len_tra': 10.0, 'NX_10_R_tra': 22.4}]
[I 240414 14:09:18 utils:142] Epoch: [176], Info: [{'num_test': 100, 'CV': '0.00400', 'CV_turn': '0.00133', 'ctr': '2.28033', 'len_tra': 30.0, 'R_tra': 68.41, 'NX_0_CV': '0.03400', 'NX_0_CV_turn': '0.01133', 'NX_0_ctr': '2.02267', 'NX_0_len_tra': 30.0, 'NX_0_R_tra': 60.68, 'NX_10_CV': '0.01100', 'NX_10_CV_turn': '0.01100', 'NX_10_ctr': '2.21800', 'NX_10_len_tra': 10.0, 'NX_10_R_tra': 22.18}]
[I 240414 14:09:28 utils:142] Epoch: [177], Info: [{'num_test': 100, 'CV': '0.00500', 'CV_turn': '0.00167', 'ctr': '2.56933', 'len_tra': 30.0, 'R_tra': 77.08, 'NX_0_CV': '0.03600', 'NX_0_CV_turn': '0.01200', 'NX_0_ctr': '2.10233', 'NX_0_len_tra': 30.0, 'NX_0_R_tra': 63.07, 'NX_10_CV': '0.01300', 'NX_10_CV_turn': '0.01300', 'NX_10_ctr': '2.15800', 'NX_10_len_tra': 10.0, 'NX_10_R_tra': 21.58}]
[I 240414 14:09:38 utils:142] Epoch: [178], Info: [{'num_test': 100, 'CV': '0.00300', 'CV_turn': '0.00100', 'ctr': '2.26767', 'len_tra': 30.0, 'R_tra': 68.03, 'NX_0_CV': '0.03600', 'NX_0_CV_turn': '0.01200', 'NX_0_ctr': '2.07667', 'NX_0_len_tra': 30.0, 'NX_0_R_tra': 62.3, 'NX_10_CV': '0.01200', 'NX_10_CV_turn': '0.01200', 'NX_10_ctr': '2.26900', 'NX_10_len_tra': 10.0, 'NX_10_R_tra': 22.69}]
[I 240414 14:09:48 utils:142] Epoch: [179], Info: [{'num_test': 100, 'CV': '0.00400', 'CV_turn': '0.00133', 'ctr': '2.33167', 'len_tra': 30.0, 'R_tra': 69.95, 'NX_0_CV': '0.03600', 'NX_0_CV_turn': '0.01200', 'NX_0_ctr': '2.10000', 'NX_0_len_tra': 30.0, 'NX_0_R_tra': 63.0, 'NX_10_CV': '0.01100', 'NX_10_CV_turn': '0.01100', 'NX_10_ctr': '2.36500', 'NX_10_len_tra': 10.0, 'NX_10_R_tra': 23.65}]
[I 240414 14:09:58 utils:142] Epoch: [180], Info: [{'num_test': 100, 'CV': '0.00300', 'CV_turn': '0.00100', 'ctr': '2.16000', 'len_tra': 30.0, 'R_tra': 64.8, 'NX_0_CV': '0.03500', 'NX_0_CV_turn': '0.01167', 'NX_0_ctr': '2.11833', 'NX_0_len_tra': 30.0, 'NX_0_R_tra': 63.55, 'NX_10_CV': '0.01000', 'NX_10_CV_turn': '0.01000', 'NX_10_ctr': '2.23800', 'NX_10_len_tra': 10.0, 'NX_10_R_tra': 22.38}]
[I 240414 14:10:08 utils:142] Epoch: [181], Info: [{'num_test': 100, 'CV': '0.00400', 'CV_turn': '0.00133', 'ctr': '2.48133', 'len_tra': 30.0, 'R_tra': 74.44, 'NX_0_CV': '0.03500', 'NX_0_CV_turn': '0.01167', 'NX_0_ctr': '2.04333', 'NX_0_len_tra': 30.0, 'NX_0_R_tra': 61.3, 'NX_10_CV': '0.01200', 'NX_10_CV_turn': '0.01200', 'NX_10_ctr': '2.23000', 'NX_10_len_tra': 10.0, 'NX_10_R_tra': 22.3}]
[I 240414 14:10:17 utils:142] Epoch: [182], Info: [{'num_test': 100, 'CV': '0.00300', 'CV_turn': '0.00100', 'ctr': '2.21767', 'len_tra': 30.0, 'R_tra': 66.53, 'NX_0_CV': '0.03400', 'NX_0_CV_turn': '0.01133', 'NX_0_ctr': '2.11967', 'NX_0_len_tra': 30.0, 'NX_0_R_tra': 63.59, 'NX_10_CV': '0.01100', 'NX_10_CV_turn': '0.01100', 'NX_10_ctr': '2.30900', 'NX_10_len_tra': 10.0, 'NX_10_R_tra': 23.09}]
[I 240414 14:10:27 utils:142] Epoch: [183], Info: [{'num_test': 100, 'CV': '0.00300', 'CV_turn': '0.00100', 'ctr': '2.16500', 'len_tra': 30.0, 'R_tra': 64.95, 'NX_0_CV': '0.03400', 'NX_0_CV_turn': '0.01133', 'NX_0_ctr': '2.07900', 'NX_0_len_tra': 30.0, 'NX_0_R_tra': 62.37, 'NX_10_CV': '0.01100', 'NX_10_CV_turn': '0.01100', 'NX_10_ctr': '2.20500', 'NX_10_len_tra': 10.0, 'NX_10_R_tra': 22.05}]
[I 240414 14:10:37 utils:142] Epoch: [184], Info: [{'num_test': 100, 'CV': '0.00400', 'CV_turn': '0.00133', 'ctr': '2.12400', 'len_tra': 30.0, 'R_tra': 63.72, 'NX_0_CV': '0.03600', 'NX_0_CV_turn': '0.01200', 'NX_0_ctr': '2.09667', 'NX_0_len_tra': 30.0, 'NX_0_R_tra': 62.9, 'NX_10_CV': '0.01300', 'NX_10_CV_turn': '0.01300', 'NX_10_ctr': '2.20900', 'NX_10_len_tra': 10.0, 'NX_10_R_tra': 22.09}]
[I 240414 14:10:47 utils:142] Epoch: [185], Info: [{'num_test': 100, 'CV': '0.00400', 'CV_turn': '0.00133', 'ctr': '2.08933', 'len_tra': 30.0, 'R_tra': 62.68, 'NX_0_CV': '0.03500', 'NX_0_CV_turn': '0.01167', 'NX_0_ctr': '2.08033', 'NX_0_len_tra': 30.0, 'NX_0_R_tra': 62.41, 'NX_10_CV': '0.01200', 'NX_10_CV_turn': '0.01200', 'NX_10_ctr': '2.24000', 'NX_10_len_tra': 10.0, 'NX_10_R_tra': 22.4}]
[I 240414 14:10:57 utils:142] Epoch: [186], Info: [{'num_test': 100, 'CV': '0.00400', 'CV_turn': '0.00133', 'ctr': '2.23667', 'len_tra': 30.0, 'R_tra': 67.1, 'NX_0_CV': '0.03400', 'NX_0_CV_turn': '0.01133', 'NX_0_ctr': '2.04033', 'NX_0_len_tra': 30.0, 'NX_0_R_tra': 61.21, 'NX_10_CV': '0.01300', 'NX_10_CV_turn': '0.01300', 'NX_10_ctr': '2.28900', 'NX_10_len_tra': 10.0, 'NX_10_R_tra': 22.89}]
[I 240414 14:11:07 utils:142] Epoch: [187], Info: [{'num_test': 100, 'CV': '0.00400', 'CV_turn': '0.00133', 'ctr': '2.18500', 'len_tra': 30.0, 'R_tra': 65.55, 'NX_0_CV': '0.03500', 'NX_0_CV_turn': '0.01167', 'NX_0_ctr': '2.02933', 'NX_0_len_tra': 30.0, 'NX_0_R_tra': 60.88, 'NX_10_CV': '0.01200', 'NX_10_CV_turn': '0.01200', 'NX_10_ctr': '2.30000', 'NX_10_len_tra': 10.0, 'NX_10_R_tra': 23.0}]
[I 240414 14:11:17 utils:142] Epoch: [188], Info: [{'num_test': 100, 'CV': '0.00200', 'CV_turn': '0.00067', 'ctr': '2.27567', 'len_tra': 30.0, 'R_tra': 68.27, 'NX_0_CV': '0.03500', 'NX_0_CV_turn': '0.01167', 'NX_0_ctr': '2.03400', 'NX_0_len_tra': 30.0, 'NX_0_R_tra': 61.02, 'NX_10_CV': '0.01200', 'NX_10_CV_turn': '0.01200', 'NX_10_ctr': '2.23500', 'NX_10_len_tra': 10.0, 'NX_10_R_tra': 22.35}]
[I 240414 14:11:26 utils:142] Epoch: [189], Info: [{'num_test': 100, 'CV': '0.00400', 'CV_turn': '0.00133', 'ctr': '2.42367', 'len_tra': 30.0, 'R_tra': 72.71, 'NX_0_CV': '0.03300', 'NX_0_CV_turn': '0.01100', 'NX_0_ctr': '2.02600', 'NX_0_len_tra': 30.0, 'NX_0_R_tra': 60.78, 'NX_10_CV': '0.01000', 'NX_10_CV_turn': '0.01000', 'NX_10_ctr': '2.18300', 'NX_10_len_tra': 10.0, 'NX_10_R_tra': 21.83}]
[I 240414 14:11:36 utils:142] Epoch: [190], Info: [{'num_test': 100, 'CV': '0.00400', 'CV_turn': '0.00133', 'ctr': '2.57767', 'len_tra': 30.0, 'R_tra': 77.33, 'NX_0_CV': '0.03500', 'NX_0_CV_turn': '0.01167', 'NX_0_ctr': '2.25467', 'NX_0_len_tra': 30.0, 'NX_0_R_tra': 67.64, 'NX_10_CV': '0.01100', 'NX_10_CV_turn': '0.01100', 'NX_10_ctr': '2.14600', 'NX_10_len_tra': 10.0, 'NX_10_R_tra': 21.46}]
[I 240414 14:11:46 utils:142] Epoch: [191], Info: [{'num_test': 100, 'CV': '0.00400', 'CV_turn': '0.00133', 'ctr': '2.35600', 'len_tra': 30.0, 'R_tra': 70.68, 'NX_0_CV': '0.03500', 'NX_0_CV_turn': '0.01167', 'NX_0_ctr': '2.01100', 'NX_0_len_tra': 30.0, 'NX_0_R_tra': 60.33, 'NX_10_CV': '0.01300', 'NX_10_CV_turn': '0.01300', 'NX_10_ctr': '2.24000', 'NX_10_len_tra': 10.0, 'NX_10_R_tra': 22.4}]
[I 240414 14:11:56 utils:142] Epoch: [192], Info: [{'num_test': 100, 'CV': '0.00300', 'CV_turn': '0.00100', 'ctr': '2.12933', 'len_tra': 30.0, 'R_tra': 63.88, 'NX_0_CV': '0.03300', 'NX_0_CV_turn': '0.01100', 'NX_0_ctr': '2.00033', 'NX_0_len_tra': 30.0, 'NX_0_R_tra': 60.01, 'NX_10_CV': '0.01200', 'NX_10_CV_turn': '0.01200', 'NX_10_ctr': '2.16600', 'NX_10_len_tra': 10.0, 'NX_10_R_tra': 21.66}]
[I 240414 14:12:06 utils:142] Epoch: [193], Info: [{'num_test': 100, 'CV': '0.00300', 'CV_turn': '0.00100', 'ctr': '2.32267', 'len_tra': 30.0, 'R_tra': 69.68, 'NX_0_CV': '0.03500', 'NX_0_CV_turn': '0.01167', 'NX_0_ctr': '2.09100', 'NX_0_len_tra': 30.0, 'NX_0_R_tra': 62.73, 'NX_10_CV': '0.01200', 'NX_10_CV_turn': '0.01200', 'NX_10_ctr': '2.22400', 'NX_10_len_tra': 10.0, 'NX_10_R_tra': 22.24}]
[I 240414 14:12:16 utils:142] Epoch: [194], Info: [{'num_test': 100, 'CV': '0.00400', 'CV_turn': '0.00133', 'ctr': '2.40100', 'len_tra': 30.0, 'R_tra': 72.03, 'NX_0_CV': '0.03300', 'NX_0_CV_turn': '0.01100', 'NX_0_ctr': '2.05333', 'NX_0_len_tra': 30.0, 'NX_0_R_tra': 61.6, 'NX_10_CV': '0.01100', 'NX_10_CV_turn': '0.01100', 'NX_10_ctr': '2.31500', 'NX_10_len_tra': 10.0, 'NX_10_R_tra': 23.15}]
[I 240414 14:12:25 utils:142] Epoch: [195], Info: [{'num_test': 100, 'CV': '0.00500', 'CV_turn': '0.00167', 'ctr': '2.34033', 'len_tra': 30.0, 'R_tra': 70.21, 'NX_0_CV': '0.03400', 'NX_0_CV_turn': '0.01133', 'NX_0_ctr': '2.09900', 'NX_0_len_tra': 30.0, 'NX_0_R_tra': 62.97, 'NX_10_CV': '0.01100', 'NX_10_CV_turn': '0.01100', 'NX_10_ctr': '2.22500', 'NX_10_len_tra': 10.0, 'NX_10_R_tra': 22.25}]
[I 240414 14:12:35 utils:142] Epoch: [196], Info: [{'num_test': 100, 'CV': '0.00800', 'CV_turn': '0.00267', 'ctr': '2.47600', 'len_tra': 30.0, 'R_tra': 74.28, 'NX_0_CV': '0.03500', 'NX_0_CV_turn': '0.01167', 'NX_0_ctr': '2.08633', 'NX_0_len_tra': 30.0, 'NX_0_R_tra': 62.59, 'NX_10_CV': '0.01200', 'NX_10_CV_turn': '0.01200', 'NX_10_ctr': '2.11800', 'NX_10_len_tra': 10.0, 'NX_10_R_tra': 21.18}]
[I 240414 14:12:45 utils:142] Epoch: [197], Info: [{'num_test': 100, 'CV': '0.00400', 'CV_turn': '0.00133', 'ctr': '2.24300', 'len_tra': 30.0, 'R_tra': 67.29, 'NX_0_CV': '0.03500', 'NX_0_CV_turn': '0.01167', 'NX_0_ctr': '2.05067', 'NX_0_len_tra': 30.0, 'NX_0_R_tra': 61.52, 'NX_10_CV': '0.01300', 'NX_10_CV_turn': '0.01300', 'NX_10_ctr': '2.19500', 'NX_10_len_tra': 10.0, 'NX_10_R_tra': 21.95}]
[I 240414 14:12:55 utils:142] Epoch: [198], Info: [{'num_test': 100, 'CV': '0.00300', 'CV_turn': '0.00100', 'ctr': '2.08533', 'len_tra': 30.0, 'R_tra': 62.56, 'NX_0_CV': '0.03300', 'NX_0_CV_turn': '0.01100', 'NX_0_ctr': '1.96700', 'NX_0_len_tra': 30.0, 'NX_0_R_tra': 59.01, 'NX_10_CV': '0.01200', 'NX_10_CV_turn': '0.01200', 'NX_10_ctr': '2.23100', 'NX_10_len_tra': 10.0, 'NX_10_R_tra': 22.31}]
[I 240414 14:13:05 utils:142] Epoch: [199], Info: [{'num_test': 100, 'CV': '0.00400', 'CV_turn': '0.00133', 'ctr': '2.36800', 'len_tra': 30.0, 'R_tra': 71.04, 'NX_0_CV': '0.03500', 'NX_0_CV_turn': '0.01167', 'NX_0_ctr': '2.12100', 'NX_0_len_tra': 30.0, 'NX_0_R_tra': 63.63, 'NX_10_CV': '0.01300', 'NX_10_CV_turn': '0.01300', 'NX_10_ctr': '2.25100', 'NX_10_len_tra': 10.0, 'NX_10_R_tra': 22.51}]
[I 240414 14:13:15 utils:142] Epoch: [200], Info: [{'num_test': 100, 'CV': '0.00700', 'CV_turn': '0.00233', 'ctr': '2.56333', 'len_tra': 30.0, 'R_tra': 76.9, 'NX_0_CV': '0.03400', 'NX_0_CV_turn': '0.01133', 'NX_0_ctr': '2.05067', 'NX_0_len_tra': 30.0, 'NX_0_R_tra': 61.52, 'NX_10_CV': '0.01200', 'NX_10_CV_turn': '0.01200', 'NX_10_ctr': '2.32200', 'NX_10_len_tra': 10.0, 'NX_10_R_tra': 23.22}]
[I 240414 14:13:15 run_Policy_BCQ:138] {'duration': '1969.76s', 'train_time/model': '1969.68s', 'test_step': 3000, 'test_episode': 100, 'test_time': '0.08s', 'test_speed': '38192.65 step/s', 'best_reward': 88.64, 'best_result': '88.64  32.11'}
