[I 240520 03:45:03 policy_utils:47] {
      "env": "YahooEnv-v0",
      "user_model_name": "DeepFM",
      "model_name": "CQL",
      "seed": 0,
      "cuda": 0,
      "draw_bar": false,
      "is_userinfo": true,
      "is_all_item_ranking": false,
      "cpu": false,
      "is_save": false,
      "use_userEmbedding": false,
      "exploration_noise": false,
      "eps": 0.1,
      "freeze_emb": false,
      "reward_handle": "cat",
      "which_tracker": "avg",
      "embedding_dim": 32,
      "window_size": 3,
      "filter_sizes": [
        2,
        3,
        4
      ],
      "num_filters": 16,
      "dropout_rate": 0.1,
      "num_heads": 1,
      "version": "v1",
      "tau": 0,
      "gamma_exposure": 10,
      "lambda_variance": 0.05,
      "lambda_entropy": 5,
      "use_exposure_intervention": false,
      "buffer_size": 100000,
      "lr": 0.001,
      "epoch": 200,
      "batch_size": 1024,
      "hidden_sizes": [
        64,
        64
      ],
      "episode_per_collect": 100,
      "training_num": 100,
      "test_num": 100,
      "render": 0,
      "reward_threshold": null,
      "gamma": 0.9,
      "step_per_epoch": 1000,
      "repeat_per_collect": 1,
      "logdir": "log",
      "vf_coef": 0.5,
      "ent_coef": 0.0,
      "max_grad_norm": null,
      "gae_lambda": 1.0,
      "rew_norm": false,
      "read_message": "pointneg",
      "message": "CQL",
      "remark_pre": "",
      "remark": "",
      "scratch": false,
      "use_hidden": true,
      "num_att_heads": 1,
      "num_att_layers": 2,
      "att_dropout": 0.1,
      "use_ckpt": false,
      "change_pred_reward": false,
      "change_var": false,
      "kr": 1,
      "ku": 1,
      "uncertain_type": "I-var",
      "r_and_u": "minus",
      "use_wandb": false,
      "all_item_ranking": false,
      "is_binarize": true,
      "need_transform": false,
      "entropy_window": [],
      "rating_threshold": 4,
      "yfeat": "rating",
      "leave_threshold": 0.0,
      "num_leave_compute": 1,
      "max_turn": 30,
      "force_length": 10,
      "top_rate": 0.8,
      "num_quantiles": 10,
      "min_q_weight": 1.0,
      "eps_test": 0.001,
      "n_step": 3,
      "target_update_freq": 320,
      "hostname": "wukong-ThinkStation-P620"
    }
[I 240520 03:45:39 utils:142] Epoch: [1], Info: [{'num_test': 100, 'CV': '0.00100', 'CV_turn': '0.00033', 'ctr': '2.41000', 'len_tra': 30.0, 'R_tra': 72.3, 'NX_0_CV': '0.03000', 'NX_0_CV_turn': '0.01000', 'NX_0_ctr': '2.19600', 'NX_0_len_tra': 30.0, 'NX_0_R_tra': 65.88, 'NX_10_CV': '0.01000', 'NX_10_CV_turn': '0.01000', 'NX_10_ctr': '2.18900', 'NX_10_len_tra': 10.0, 'NX_10_R_tra': 21.89}]
[I 240520 03:46:02 utils:142] Epoch: [2], Info: [{'num_test': 100, 'CV': '0.00100', 'CV_turn': '0.00033', 'ctr': '2.59000', 'len_tra': 30.0, 'R_tra': 77.7, 'NX_0_CV': '0.03100', 'NX_0_CV_turn': '0.01033', 'NX_0_ctr': '2.10667', 'NX_0_len_tra': 30.0, 'NX_0_R_tra': 63.2, 'NX_10_CV': '0.01000', 'NX_10_CV_turn': '0.01000', 'NX_10_ctr': '2.23500', 'NX_10_len_tra': 10.0, 'NX_10_R_tra': 22.35}]
[I 240520 03:46:25 utils:142] Epoch: [3], Info: [{'num_test': 100, 'CV': '0.00200', 'CV_turn': '0.00067', 'ctr': '2.40700', 'len_tra': 30.0, 'R_tra': 72.21, 'NX_0_CV': '0.03100', 'NX_0_CV_turn': '0.01033', 'NX_0_ctr': '2.26400', 'NX_0_len_tra': 30.0, 'NX_0_R_tra': 67.92, 'NX_10_CV': '0.01000', 'NX_10_CV_turn': '0.01000', 'NX_10_ctr': '2.30400', 'NX_10_len_tra': 10.0, 'NX_10_R_tra': 23.04}]
[I 240520 03:46:51 utils:142] Epoch: [4], Info: [{'num_test': 100, 'CV': '0.00100', 'CV_turn': '0.00033', 'ctr': '2.63000', 'len_tra': 30.0, 'R_tra': 78.9, 'NX_0_CV': '0.03200', 'NX_0_CV_turn': '0.01067', 'NX_0_ctr': '2.14833', 'NX_0_len_tra': 30.0, 'NX_0_R_tra': 64.45, 'NX_10_CV': '0.01100', 'NX_10_CV_turn': '0.01100', 'NX_10_ctr': '2.24000', 'NX_10_len_tra': 10.0, 'NX_10_R_tra': 22.4}]
[I 240520 03:47:18 utils:142] Epoch: [5], Info: [{'num_test': 100, 'CV': '0.00100', 'CV_turn': '0.00033', 'ctr': '3.04000', 'len_tra': 30.0, 'R_tra': 91.2, 'NX_0_CV': '0.03000', 'NX_0_CV_turn': '0.01000', 'NX_0_ctr': '2.21700', 'NX_0_len_tra': 30.0, 'NX_0_R_tra': 66.51, 'NX_10_CV': '0.01200', 'NX_10_CV_turn': '0.01200', 'NX_10_ctr': '2.39800', 'NX_10_len_tra': 10.0, 'NX_10_R_tra': 23.98}]
[I 240520 03:47:45 utils:142] Epoch: [6], Info: [{'num_test': 100, 'CV': '0.00200', 'CV_turn': '0.00067', 'ctr': '2.32467', 'len_tra': 30.0, 'R_tra': 69.74, 'NX_0_CV': '0.03400', 'NX_0_CV_turn': '0.01133', 'NX_0_ctr': '2.21500', 'NX_0_len_tra': 30.0, 'NX_0_R_tra': 66.45, 'NX_10_CV': '0.01000', 'NX_10_CV_turn': '0.01000', 'NX_10_ctr': '2.34900', 'NX_10_len_tra': 10.0, 'NX_10_R_tra': 23.49}]
[I 240520 03:48:11 utils:142] Epoch: [7], Info: [{'num_test': 100, 'CV': '0.00300', 'CV_turn': '0.00100', 'ctr': '2.50167', 'len_tra': 30.0, 'R_tra': 75.05, 'NX_0_CV': '0.03400', 'NX_0_CV_turn': '0.01133', 'NX_0_ctr': '2.35433', 'NX_0_len_tra': 30.0, 'NX_0_R_tra': 70.63, 'NX_10_CV': '0.01200', 'NX_10_CV_turn': '0.01200', 'NX_10_ctr': '2.38900', 'NX_10_len_tra': 10.0, 'NX_10_R_tra': 23.89}]
[I 240520 03:48:38 utils:142] Epoch: [8], Info: [{'num_test': 100, 'CV': '0.00200', 'CV_turn': '0.00067', 'ctr': '2.43600', 'len_tra': 30.0, 'R_tra': 73.08, 'NX_0_CV': '0.03500', 'NX_0_CV_turn': '0.01167', 'NX_0_ctr': '2.36900', 'NX_0_len_tra': 30.0, 'NX_0_R_tra': 71.07, 'NX_10_CV': '0.01200', 'NX_10_CV_turn': '0.01200', 'NX_10_ctr': '2.21800', 'NX_10_len_tra': 10.0, 'NX_10_R_tra': 22.18}]
[I 240520 03:49:05 utils:142] Epoch: [9], Info: [{'num_test': 100, 'CV': '0.00100', 'CV_turn': '0.00033', 'ctr': '2.15000', 'len_tra': 30.0, 'R_tra': 64.5, 'NX_0_CV': '0.03900', 'NX_0_CV_turn': '0.01300', 'NX_0_ctr': '2.26667', 'NX_0_len_tra': 30.0, 'NX_0_R_tra': 68.0, 'NX_10_CV': '0.01400', 'NX_10_CV_turn': '0.01400', 'NX_10_ctr': '2.31400', 'NX_10_len_tra': 10.0, 'NX_10_R_tra': 23.14}]
[I 240520 03:49:32 utils:142] Epoch: [10], Info: [{'num_test': 100, 'CV': '0.00100', 'CV_turn': '0.00033', 'ctr': '2.58000', 'len_tra': 30.0, 'R_tra': 77.4, 'NX_0_CV': '0.04400', 'NX_0_CV_turn': '0.01467', 'NX_0_ctr': '2.29100', 'NX_0_len_tra': 30.0, 'NX_0_R_tra': 68.73, 'NX_10_CV': '0.01600', 'NX_10_CV_turn': '0.01600', 'NX_10_ctr': '2.43600', 'NX_10_len_tra': 10.0, 'NX_10_R_tra': 24.36}]
[I 240520 03:50:00 utils:142] Epoch: [11], Info: [{'num_test': 100, 'CV': '0.00300', 'CV_turn': '0.00100', 'ctr': '2.35100', 'len_tra': 30.0, 'R_tra': 70.53, 'NX_0_CV': '0.04600', 'NX_0_CV_turn': '0.01533', 'NX_0_ctr': '2.28733', 'NX_0_len_tra': 30.0, 'NX_0_R_tra': 68.62, 'NX_10_CV': '0.01400', 'NX_10_CV_turn': '0.01400', 'NX_10_ctr': '2.15800', 'NX_10_len_tra': 10.0, 'NX_10_R_tra': 21.58}]
[I 240520 03:50:27 utils:142] Epoch: [12], Info: [{'num_test': 100, 'CV': '0.00300', 'CV_turn': '0.00100', 'ctr': '2.32267', 'len_tra': 30.0, 'R_tra': 69.68, 'NX_0_CV': '0.05200', 'NX_0_CV_turn': '0.01733', 'NX_0_ctr': '2.21600', 'NX_0_len_tra': 30.0, 'NX_0_R_tra': 66.48, 'NX_10_CV': '0.01600', 'NX_10_CV_turn': '0.01600', 'NX_10_ctr': '2.40300', 'NX_10_len_tra': 10.0, 'NX_10_R_tra': 24.03}]
[I 240520 03:50:55 utils:142] Epoch: [13], Info: [{'num_test': 100, 'CV': '0.00200', 'CV_turn': '0.00067', 'ctr': '2.72233', 'len_tra': 30.0, 'R_tra': 81.67, 'NX_0_CV': '0.04900', 'NX_0_CV_turn': '0.01633', 'NX_0_ctr': '2.18500', 'NX_0_len_tra': 30.0, 'NX_0_R_tra': 65.55, 'NX_10_CV': '0.01100', 'NX_10_CV_turn': '0.01100', 'NX_10_ctr': '2.44300', 'NX_10_len_tra': 10.0, 'NX_10_R_tra': 24.43}]
[I 240520 03:51:23 utils:142] Epoch: [14], Info: [{'num_test': 100, 'CV': '0.00200', 'CV_turn': '0.00067', 'ctr': '2.17467', 'len_tra': 30.0, 'R_tra': 65.24, 'NX_0_CV': '0.05700', 'NX_0_CV_turn': '0.01900', 'NX_0_ctr': '2.24100', 'NX_0_len_tra': 30.0, 'NX_0_R_tra': 67.23, 'NX_10_CV': '0.01100', 'NX_10_CV_turn': '0.01100', 'NX_10_ctr': '2.37400', 'NX_10_len_tra': 10.0, 'NX_10_R_tra': 23.74}]
[I 240520 03:51:51 utils:142] Epoch: [15], Info: [{'num_test': 100, 'CV': '0.00200', 'CV_turn': '0.00067', 'ctr': '1.95600', 'len_tra': 30.0, 'R_tra': 58.68, 'NX_0_CV': '0.06900', 'NX_0_CV_turn': '0.02300', 'NX_0_ctr': '2.31733', 'NX_0_len_tra': 30.0, 'NX_0_R_tra': 69.52, 'NX_10_CV': '0.01400', 'NX_10_CV_turn': '0.01400', 'NX_10_ctr': '2.34500', 'NX_10_len_tra': 10.0, 'NX_10_R_tra': 23.45}]
[I 240520 03:52:19 utils:142] Epoch: [16], Info: [{'num_test': 100, 'CV': '0.00600', 'CV_turn': '0.00200', 'ctr': '2.60333', 'len_tra': 30.0, 'R_tra': 78.1, 'NX_0_CV': '0.07400', 'NX_0_CV_turn': '0.02467', 'NX_0_ctr': '2.16400', 'NX_0_len_tra': 30.0, 'NX_0_R_tra': 64.92, 'NX_10_CV': '0.02500', 'NX_10_CV_turn': '0.02500', 'NX_10_ctr': '2.43500', 'NX_10_len_tra': 10.0, 'NX_10_R_tra': 24.35}]
[I 240520 03:52:47 utils:142] Epoch: [17], Info: [{'num_test': 100, 'CV': '0.00100', 'CV_turn': '0.00033', 'ctr': '2.31000', 'len_tra': 30.0, 'R_tra': 69.3, 'NX_0_CV': '0.06600', 'NX_0_CV_turn': '0.02200', 'NX_0_ctr': '2.19033', 'NX_0_len_tra': 30.0, 'NX_0_R_tra': 65.71, 'NX_10_CV': '0.01900', 'NX_10_CV_turn': '0.01900', 'NX_10_ctr': '2.34600', 'NX_10_len_tra': 10.0, 'NX_10_R_tra': 23.46}]
[I 240520 03:53:16 utils:142] Epoch: [18], Info: [{'num_test': 100, 'CV': '0.00400', 'CV_turn': '0.00133', 'ctr': '2.21733', 'len_tra': 30.0, 'R_tra': 66.52, 'NX_0_CV': '0.08900', 'NX_0_CV_turn': '0.02967', 'NX_0_ctr': '2.10733', 'NX_0_len_tra': 30.0, 'NX_0_R_tra': 63.22, 'NX_10_CV': '0.02400', 'NX_10_CV_turn': '0.02400', 'NX_10_ctr': '2.30000', 'NX_10_len_tra': 10.0, 'NX_10_R_tra': 23.0}]
[I 240520 03:53:44 utils:142] Epoch: [19], Info: [{'num_test': 100, 'CV': '0.00100', 'CV_turn': '0.00033', 'ctr': '2.07000', 'len_tra': 30.0, 'R_tra': 62.1, 'NX_0_CV': '0.07500', 'NX_0_CV_turn': '0.02500', 'NX_0_ctr': '2.32800', 'NX_0_len_tra': 30.0, 'NX_0_R_tra': 69.84, 'NX_10_CV': '0.02400', 'NX_10_CV_turn': '0.02400', 'NX_10_ctr': '2.35900', 'NX_10_len_tra': 10.0, 'NX_10_R_tra': 23.59}]
[I 240520 03:54:13 utils:142] Epoch: [20], Info: [{'num_test': 100, 'CV': '0.00400', 'CV_turn': '0.00133', 'ctr': '2.19633', 'len_tra': 30.0, 'R_tra': 65.89, 'NX_0_CV': '0.07200', 'NX_0_CV_turn': '0.02400', 'NX_0_ctr': '2.28400', 'NX_0_len_tra': 30.0, 'NX_0_R_tra': 68.52, 'NX_10_CV': '0.01900', 'NX_10_CV_turn': '0.01900', 'NX_10_ctr': '2.32200', 'NX_10_len_tra': 10.0, 'NX_10_R_tra': 23.22}]
[I 240520 03:54:41 utils:142] Epoch: [21], Info: [{'num_test': 100, 'CV': '0.01700', 'CV_turn': '0.00567', 'ctr': '2.25267', 'len_tra': 30.0, 'R_tra': 67.58, 'NX_0_CV': '0.07600', 'NX_0_CV_turn': '0.02533', 'NX_0_ctr': '2.22033', 'NX_0_len_tra': 30.0, 'NX_0_R_tra': 66.61, 'NX_10_CV': '0.03700', 'NX_10_CV_turn': '0.03700', 'NX_10_ctr': '2.27300', 'NX_10_len_tra': 10.0, 'NX_10_R_tra': 22.73}]
[I 240520 03:55:10 utils:142] Epoch: [22], Info: [{'num_test': 100, 'CV': '0.00200', 'CV_turn': '0.00067', 'ctr': '2.14433', 'len_tra': 30.0, 'R_tra': 64.33, 'NX_0_CV': '0.11100', 'NX_0_CV_turn': '0.03700', 'NX_0_ctr': '2.10600', 'NX_0_len_tra': 30.0, 'NX_0_R_tra': 63.18, 'NX_10_CV': '0.03300', 'NX_10_CV_turn': '0.03300', 'NX_10_ctr': '2.18200', 'NX_10_len_tra': 10.0, 'NX_10_R_tra': 21.82}]
[I 240520 03:55:40 utils:142] Epoch: [23], Info: [{'num_test': 100, 'CV': '0.00200', 'CV_turn': '0.00067', 'ctr': '2.47233', 'len_tra': 30.0, 'R_tra': 74.17, 'NX_0_CV': '0.08100', 'NX_0_CV_turn': '0.02700', 'NX_0_ctr': '2.28600', 'NX_0_len_tra': 30.0, 'NX_0_R_tra': 68.58, 'NX_10_CV': '0.02800', 'NX_10_CV_turn': '0.02800', 'NX_10_ctr': '2.27200', 'NX_10_len_tra': 10.0, 'NX_10_R_tra': 22.72}]
[I 240520 03:56:09 utils:142] Epoch: [24], Info: [{'num_test': 100, 'CV': '0.01100', 'CV_turn': '0.00367', 'ctr': '2.35267', 'len_tra': 30.0, 'R_tra': 70.58, 'NX_0_CV': '0.10000', 'NX_0_CV_turn': '0.03333', 'NX_0_ctr': '2.26567', 'NX_0_len_tra': 30.0, 'NX_0_R_tra': 67.97, 'NX_10_CV': '0.02400', 'NX_10_CV_turn': '0.02400', 'NX_10_ctr': '2.51300', 'NX_10_len_tra': 10.0, 'NX_10_R_tra': 25.13}]
[I 240520 03:56:38 utils:142] Epoch: [25], Info: [{'num_test': 100, 'CV': '0.01000', 'CV_turn': '0.00333', 'ctr': '2.11467', 'len_tra': 30.0, 'R_tra': 63.44, 'NX_0_CV': '0.11100', 'NX_0_CV_turn': '0.03700', 'NX_0_ctr': '2.28467', 'NX_0_len_tra': 30.0, 'NX_0_R_tra': 68.54, 'NX_10_CV': '0.03000', 'NX_10_CV_turn': '0.03000', 'NX_10_ctr': '2.41200', 'NX_10_len_tra': 10.0, 'NX_10_R_tra': 24.12}]
[I 240520 03:57:08 utils:142] Epoch: [26], Info: [{'num_test': 100, 'CV': '0.00200', 'CV_turn': '0.00067', 'ctr': '2.11467', 'len_tra': 30.0, 'R_tra': 63.44, 'NX_0_CV': '0.11200', 'NX_0_CV_turn': '0.03733', 'NX_0_ctr': '2.25033', 'NX_0_len_tra': 30.0, 'NX_0_R_tra': 67.51, 'NX_10_CV': '0.02500', 'NX_10_CV_turn': '0.02500', 'NX_10_ctr': '2.29100', 'NX_10_len_tra': 10.0, 'NX_10_R_tra': 22.91}]
[I 240520 03:57:38 utils:142] Epoch: [27], Info: [{'num_test': 100, 'CV': '0.00500', 'CV_turn': '0.00167', 'ctr': '2.19733', 'len_tra': 30.0, 'R_tra': 65.92, 'NX_0_CV': '0.12000', 'NX_0_CV_turn': '0.04000', 'NX_0_ctr': '2.15133', 'NX_0_len_tra': 30.0, 'NX_0_R_tra': 64.54, 'NX_10_CV': '0.03900', 'NX_10_CV_turn': '0.03900', 'NX_10_ctr': '2.29200', 'NX_10_len_tra': 10.0, 'NX_10_R_tra': 22.92}]
[I 240520 03:58:07 utils:142] Epoch: [28], Info: [{'num_test': 100, 'CV': '0.01600', 'CV_turn': '0.00533', 'ctr': '2.32267', 'len_tra': 30.0, 'R_tra': 69.68, 'NX_0_CV': '0.10700', 'NX_0_CV_turn': '0.03567', 'NX_0_ctr': '2.31533', 'NX_0_len_tra': 30.0, 'NX_0_R_tra': 69.46, 'NX_10_CV': '0.03100', 'NX_10_CV_turn': '0.03100', 'NX_10_ctr': '2.46100', 'NX_10_len_tra': 10.0, 'NX_10_R_tra': 24.61}]
[I 240520 03:58:37 utils:142] Epoch: [29], Info: [{'num_test': 100, 'CV': '0.02700', 'CV_turn': '0.00900', 'ctr': '2.31933', 'len_tra': 30.0, 'R_tra': 69.58, 'NX_0_CV': '0.10600', 'NX_0_CV_turn': '0.03533', 'NX_0_ctr': '2.21600', 'NX_0_len_tra': 30.0, 'NX_0_R_tra': 66.48, 'NX_10_CV': '0.03700', 'NX_10_CV_turn': '0.03700', 'NX_10_ctr': '2.51900', 'NX_10_len_tra': 10.0, 'NX_10_R_tra': 25.19}]
[I 240520 03:59:07 utils:142] Epoch: [30], Info: [{'num_test': 100, 'CV': '0.01400', 'CV_turn': '0.00467', 'ctr': '1.83867', 'len_tra': 30.0, 'R_tra': 55.16, 'NX_0_CV': '0.10100', 'NX_0_CV_turn': '0.03367', 'NX_0_ctr': '2.21400', 'NX_0_len_tra': 30.0, 'NX_0_R_tra': 66.42, 'NX_10_CV': '0.03400', 'NX_10_CV_turn': '0.03400', 'NX_10_ctr': '2.48800', 'NX_10_len_tra': 10.0, 'NX_10_R_tra': 24.88}]
[I 240520 03:59:37 utils:142] Epoch: [31], Info: [{'num_test': 100, 'CV': '0.00600', 'CV_turn': '0.00200', 'ctr': '2.48233', 'len_tra': 30.0, 'R_tra': 74.47, 'NX_0_CV': '0.14000', 'NX_0_CV_turn': '0.04667', 'NX_0_ctr': '2.26167', 'NX_0_len_tra': 30.0, 'NX_0_R_tra': 67.85, 'NX_10_CV': '0.02200', 'NX_10_CV_turn': '0.02200', 'NX_10_ctr': '2.52300', 'NX_10_len_tra': 10.0, 'NX_10_R_tra': 25.23}]
[I 240520 04:00:08 utils:142] Epoch: [32], Info: [{'num_test': 100, 'CV': '0.02900', 'CV_turn': '0.00967', 'ctr': '2.32500', 'len_tra': 30.0, 'R_tra': 69.75, 'NX_0_CV': '0.18000', 'NX_0_CV_turn': '0.06000', 'NX_0_ctr': '2.34633', 'NX_0_len_tra': 30.0, 'NX_0_R_tra': 70.39, 'NX_10_CV': '0.04700', 'NX_10_CV_turn': '0.04700', 'NX_10_ctr': '2.31400', 'NX_10_len_tra': 10.0, 'NX_10_R_tra': 23.14}]
[I 240520 04:00:38 utils:142] Epoch: [33], Info: [{'num_test': 100, 'CV': '0.02600', 'CV_turn': '0.00867', 'ctr': '2.19600', 'len_tra': 30.0, 'R_tra': 65.88, 'NX_0_CV': '0.18700', 'NX_0_CV_turn': '0.06233', 'NX_0_ctr': '2.27433', 'NX_0_len_tra': 30.0, 'NX_0_R_tra': 68.23, 'NX_10_CV': '0.04600', 'NX_10_CV_turn': '0.04600', 'NX_10_ctr': '2.36600', 'NX_10_len_tra': 10.0, 'NX_10_R_tra': 23.66}]
[I 240520 04:01:08 utils:142] Epoch: [34], Info: [{'num_test': 100, 'CV': '0.02000', 'CV_turn': '0.00667', 'ctr': '2.20500', 'len_tra': 30.0, 'R_tra': 66.15, 'NX_0_CV': '0.17900', 'NX_0_CV_turn': '0.05967', 'NX_0_ctr': '2.09600', 'NX_0_len_tra': 30.0, 'NX_0_R_tra': 62.88, 'NX_10_CV': '0.04100', 'NX_10_CV_turn': '0.04100', 'NX_10_ctr': '2.13300', 'NX_10_len_tra': 10.0, 'NX_10_R_tra': 21.33}]
[I 240520 04:01:39 utils:142] Epoch: [35], Info: [{'num_test': 100, 'CV': '0.02000', 'CV_turn': '0.00667', 'ctr': '2.27767', 'len_tra': 30.0, 'R_tra': 68.33, 'NX_0_CV': '0.15700', 'NX_0_CV_turn': '0.05233', 'NX_0_ctr': '2.34700', 'NX_0_len_tra': 30.0, 'NX_0_R_tra': 70.41, 'NX_10_CV': '0.04800', 'NX_10_CV_turn': '0.04800', 'NX_10_ctr': '2.37200', 'NX_10_len_tra': 10.0, 'NX_10_R_tra': 23.72}]
[I 240520 04:02:10 utils:142] Epoch: [36], Info: [{'num_test': 100, 'CV': '0.01700', 'CV_turn': '0.00567', 'ctr': '1.94600', 'len_tra': 30.0, 'R_tra': 58.38, 'NX_0_CV': '0.18200', 'NX_0_CV_turn': '0.06067', 'NX_0_ctr': '2.20800', 'NX_0_len_tra': 30.0, 'NX_0_R_tra': 66.24, 'NX_10_CV': '0.05000', 'NX_10_CV_turn': '0.05000', 'NX_10_ctr': '2.19500', 'NX_10_len_tra': 10.0, 'NX_10_R_tra': 21.95}]
[I 240520 04:02:41 utils:142] Epoch: [37], Info: [{'num_test': 100, 'CV': '0.02900', 'CV_turn': '0.00967', 'ctr': '2.01467', 'len_tra': 30.0, 'R_tra': 60.44, 'NX_0_CV': '0.17000', 'NX_0_CV_turn': '0.05667', 'NX_0_ctr': '2.22033', 'NX_0_len_tra': 30.0, 'NX_0_R_tra': 66.61, 'NX_10_CV': '0.06100', 'NX_10_CV_turn': '0.06100', 'NX_10_ctr': '2.32000', 'NX_10_len_tra': 10.0, 'NX_10_R_tra': 23.2}]
[I 240520 04:03:12 utils:142] Epoch: [38], Info: [{'num_test': 100, 'CV': '0.00400', 'CV_turn': '0.00133', 'ctr': '2.82967', 'len_tra': 30.0, 'R_tra': 84.89, 'NX_0_CV': '0.17900', 'NX_0_CV_turn': '0.05967', 'NX_0_ctr': '2.28533', 'NX_0_len_tra': 30.0, 'NX_0_R_tra': 68.56, 'NX_10_CV': '0.04700', 'NX_10_CV_turn': '0.04700', 'NX_10_ctr': '2.41800', 'NX_10_len_tra': 10.0, 'NX_10_R_tra': 24.18}]
[I 240520 04:03:43 utils:142] Epoch: [39], Info: [{'num_test': 100, 'CV': '0.02800', 'CV_turn': '0.00933', 'ctr': '2.49800', 'len_tra': 30.0, 'R_tra': 74.94, 'NX_0_CV': '0.18000', 'NX_0_CV_turn': '0.06000', 'NX_0_ctr': '2.09000', 'NX_0_len_tra': 30.0, 'NX_0_R_tra': 62.7, 'NX_10_CV': '0.06200', 'NX_10_CV_turn': '0.06200', 'NX_10_ctr': '2.31000', 'NX_10_len_tra': 10.0, 'NX_10_R_tra': 23.1}]
[I 240520 04:04:14 utils:142] Epoch: [40], Info: [{'num_test': 100, 'CV': '0.03600', 'CV_turn': '0.01200', 'ctr': '2.21600', 'len_tra': 30.0, 'R_tra': 66.48, 'NX_0_CV': '0.16500', 'NX_0_CV_turn': '0.05500', 'NX_0_ctr': '2.29100', 'NX_0_len_tra': 30.0, 'NX_0_R_tra': 68.73, 'NX_10_CV': '0.03300', 'NX_10_CV_turn': '0.03300', 'NX_10_ctr': '2.24400', 'NX_10_len_tra': 10.0, 'NX_10_R_tra': 22.44}]
[I 240520 04:04:46 utils:142] Epoch: [41], Info: [{'num_test': 100, 'CV': '0.00400', 'CV_turn': '0.00133', 'ctr': '2.35667', 'len_tra': 30.0, 'R_tra': 70.7, 'NX_0_CV': '0.21700', 'NX_0_CV_turn': '0.07233', 'NX_0_ctr': '2.19767', 'NX_0_len_tra': 30.0, 'NX_0_R_tra': 65.93, 'NX_10_CV': '0.05500', 'NX_10_CV_turn': '0.05500', 'NX_10_ctr': '2.37600', 'NX_10_len_tra': 10.0, 'NX_10_R_tra': 23.76}]
[I 240520 04:05:18 utils:142] Epoch: [42], Info: [{'num_test': 100, 'CV': '0.06900', 'CV_turn': '0.02300', 'ctr': '1.89733', 'len_tra': 30.0, 'R_tra': 56.92, 'NX_0_CV': '0.20100', 'NX_0_CV_turn': '0.06700', 'NX_0_ctr': '2.14033', 'NX_0_len_tra': 30.0, 'NX_0_R_tra': 64.21, 'NX_10_CV': '0.06600', 'NX_10_CV_turn': '0.06600', 'NX_10_ctr': '2.30400', 'NX_10_len_tra': 10.0, 'NX_10_R_tra': 23.04}]
[I 240520 04:05:49 utils:142] Epoch: [43], Info: [{'num_test': 100, 'CV': '0.10700', 'CV_turn': '0.03567', 'ctr': '2.17000', 'len_tra': 30.0, 'R_tra': 65.1, 'NX_0_CV': '0.23900', 'NX_0_CV_turn': '0.07967', 'NX_0_ctr': '2.13600', 'NX_0_len_tra': 30.0, 'NX_0_R_tra': 64.08, 'NX_10_CV': '0.10500', 'NX_10_CV_turn': '0.10500', 'NX_10_ctr': '2.02700', 'NX_10_len_tra': 10.0, 'NX_10_R_tra': 20.27}]
[I 240520 04:06:21 utils:142] Epoch: [44], Info: [{'num_test': 100, 'CV': '0.06500', 'CV_turn': '0.02167', 'ctr': '2.36567', 'len_tra': 30.0, 'R_tra': 70.97, 'NX_0_CV': '0.21700', 'NX_0_CV_turn': '0.07233', 'NX_0_ctr': '2.08600', 'NX_0_len_tra': 30.0, 'NX_0_R_tra': 62.58, 'NX_10_CV': '0.06100', 'NX_10_CV_turn': '0.06100', 'NX_10_ctr': '2.35400', 'NX_10_len_tra': 10.0, 'NX_10_R_tra': 23.54}]
[I 240520 04:06:53 utils:142] Epoch: [45], Info: [{'num_test': 100, 'CV': '0.04800', 'CV_turn': '0.01600', 'ctr': '2.21000', 'len_tra': 30.0, 'R_tra': 66.3, 'NX_0_CV': '0.21900', 'NX_0_CV_turn': '0.07300', 'NX_0_ctr': '2.12667', 'NX_0_len_tra': 30.0, 'NX_0_R_tra': 63.8, 'NX_10_CV': '0.06100', 'NX_10_CV_turn': '0.06100', 'NX_10_ctr': '2.38100', 'NX_10_len_tra': 10.0, 'NX_10_R_tra': 23.81}]
[I 240520 04:07:25 utils:142] Epoch: [46], Info: [{'num_test': 100, 'CV': '0.03700', 'CV_turn': '0.01233', 'ctr': '2.40967', 'len_tra': 30.0, 'R_tra': 72.29, 'NX_0_CV': '0.20800', 'NX_0_CV_turn': '0.06933', 'NX_0_ctr': '2.05233', 'NX_0_len_tra': 30.0, 'NX_0_R_tra': 61.57, 'NX_10_CV': '0.05500', 'NX_10_CV_turn': '0.05500', 'NX_10_ctr': '1.98700', 'NX_10_len_tra': 10.0, 'NX_10_R_tra': 19.87}]
[I 240520 04:07:57 utils:142] Epoch: [47], Info: [{'num_test': 100, 'CV': '0.14600', 'CV_turn': '0.04867', 'ctr': '2.26400', 'len_tra': 30.0, 'R_tra': 67.92, 'NX_0_CV': '0.22500', 'NX_0_CV_turn': '0.07500', 'NX_0_ctr': '2.26467', 'NX_0_len_tra': 30.0, 'NX_0_R_tra': 67.94, 'NX_10_CV': '0.07600', 'NX_10_CV_turn': '0.07600', 'NX_10_ctr': '2.25300', 'NX_10_len_tra': 10.0, 'NX_10_R_tra': 22.53}]
[I 240520 04:08:29 utils:142] Epoch: [48], Info: [{'num_test': 100, 'CV': '0.05500', 'CV_turn': '0.01833', 'ctr': '1.93667', 'len_tra': 30.0, 'R_tra': 58.1, 'NX_0_CV': '0.22000', 'NX_0_CV_turn': '0.07333', 'NX_0_ctr': '2.04767', 'NX_0_len_tra': 30.0, 'NX_0_R_tra': 61.43, 'NX_10_CV': '0.06000', 'NX_10_CV_turn': '0.06000', 'NX_10_ctr': '1.96700', 'NX_10_len_tra': 10.0, 'NX_10_R_tra': 19.67}]
[I 240520 04:09:02 utils:142] Epoch: [49], Info: [{'num_test': 100, 'CV': '0.06000', 'CV_turn': '0.02000', 'ctr': '2.39433', 'len_tra': 30.0, 'R_tra': 71.83, 'NX_0_CV': '0.21800', 'NX_0_CV_turn': '0.07267', 'NX_0_ctr': '2.04900', 'NX_0_len_tra': 30.0, 'NX_0_R_tra': 61.47, 'NX_10_CV': '0.06100', 'NX_10_CV_turn': '0.06100', 'NX_10_ctr': '2.26900', 'NX_10_len_tra': 10.0, 'NX_10_R_tra': 22.69}]
[I 240520 04:09:34 utils:142] Epoch: [50], Info: [{'num_test': 100, 'CV': '0.07400', 'CV_turn': '0.02467', 'ctr': '2.30433', 'len_tra': 30.0, 'R_tra': 69.13, 'NX_0_CV': '0.24600', 'NX_0_CV_turn': '0.08200', 'NX_0_ctr': '2.15200', 'NX_0_len_tra': 30.0, 'NX_0_R_tra': 64.56, 'NX_10_CV': '0.06600', 'NX_10_CV_turn': '0.06600', 'NX_10_ctr': '2.32100', 'NX_10_len_tra': 10.0, 'NX_10_R_tra': 23.21}]
[I 240520 04:10:07 utils:142] Epoch: [51], Info: [{'num_test': 100, 'CV': '0.10800', 'CV_turn': '0.03600', 'ctr': '2.08700', 'len_tra': 30.0, 'R_tra': 62.61, 'NX_0_CV': '0.25800', 'NX_0_CV_turn': '0.08600', 'NX_0_ctr': '2.06900', 'NX_0_len_tra': 30.0, 'NX_0_R_tra': 62.07, 'NX_10_CV': '0.08100', 'NX_10_CV_turn': '0.08100', 'NX_10_ctr': '2.17100', 'NX_10_len_tra': 10.0, 'NX_10_R_tra': 21.71}]
[I 240520 04:10:40 utils:142] Epoch: [52], Info: [{'num_test': 100, 'CV': '0.14000', 'CV_turn': '0.04667', 'ctr': '2.10367', 'len_tra': 30.0, 'R_tra': 63.11, 'NX_0_CV': '0.26100', 'NX_0_CV_turn': '0.08700', 'NX_0_ctr': '2.27100', 'NX_0_len_tra': 30.0, 'NX_0_R_tra': 68.13, 'NX_10_CV': '0.09700', 'NX_10_CV_turn': '0.09700', 'NX_10_ctr': '2.15400', 'NX_10_len_tra': 10.0, 'NX_10_R_tra': 21.54}]
[I 240520 04:11:12 utils:142] Epoch: [53], Info: [{'num_test': 100, 'CV': '0.04700', 'CV_turn': '0.01567', 'ctr': '2.14367', 'len_tra': 30.0, 'R_tra': 64.31, 'NX_0_CV': '0.27800', 'NX_0_CV_turn': '0.09267', 'NX_0_ctr': '2.13333', 'NX_0_len_tra': 30.0, 'NX_0_R_tra': 64.0, 'NX_10_CV': '0.06900', 'NX_10_CV_turn': '0.06900', 'NX_10_ctr': '2.27900', 'NX_10_len_tra': 10.0, 'NX_10_R_tra': 22.79}]
[I 240520 04:11:45 utils:142] Epoch: [54], Info: [{'num_test': 100, 'CV': '0.07200', 'CV_turn': '0.02400', 'ctr': '2.59533', 'len_tra': 30.0, 'R_tra': 77.86, 'NX_0_CV': '0.30700', 'NX_0_CV_turn': '0.10233', 'NX_0_ctr': '2.23100', 'NX_0_len_tra': 30.0, 'NX_0_R_tra': 66.93, 'NX_10_CV': '0.08600', 'NX_10_CV_turn': '0.08600', 'NX_10_ctr': '2.27400', 'NX_10_len_tra': 10.0, 'NX_10_R_tra': 22.74}]
[I 240520 04:12:18 utils:142] Epoch: [55], Info: [{'num_test': 100, 'CV': '0.14000', 'CV_turn': '0.04667', 'ctr': '2.12800', 'len_tra': 30.0, 'R_tra': 63.84, 'NX_0_CV': '0.27400', 'NX_0_CV_turn': '0.09133', 'NX_0_ctr': '2.10467', 'NX_0_len_tra': 30.0, 'NX_0_R_tra': 63.14, 'NX_10_CV': '0.08900', 'NX_10_CV_turn': '0.08900', 'NX_10_ctr': '2.17600', 'NX_10_len_tra': 10.0, 'NX_10_R_tra': 21.76}]
[I 240520 04:12:52 utils:142] Epoch: [56], Info: [{'num_test': 100, 'CV': '0.16700', 'CV_turn': '0.05567', 'ctr': '2.38967', 'len_tra': 30.0, 'R_tra': 71.69, 'NX_0_CV': '0.30200', 'NX_0_CV_turn': '0.10067', 'NX_0_ctr': '2.16067', 'NX_0_len_tra': 30.0, 'NX_0_R_tra': 64.82, 'NX_10_CV': '0.09200', 'NX_10_CV_turn': '0.09200', 'NX_10_ctr': '2.30900', 'NX_10_len_tra': 10.0, 'NX_10_R_tra': 23.09}]
[I 240520 04:13:25 utils:142] Epoch: [57], Info: [{'num_test': 100, 'CV': '0.17100', 'CV_turn': '0.05700', 'ctr': '2.12500', 'len_tra': 30.0, 'R_tra': 63.75, 'NX_0_CV': '0.32800', 'NX_0_CV_turn': '0.10933', 'NX_0_ctr': '2.09333', 'NX_0_len_tra': 30.0, 'NX_0_R_tra': 62.8, 'NX_10_CV': '0.12900', 'NX_10_CV_turn': '0.12900', 'NX_10_ctr': '2.11900', 'NX_10_len_tra': 10.0, 'NX_10_R_tra': 21.19}]
[I 240520 04:13:58 utils:142] Epoch: [58], Info: [{'num_test': 100, 'CV': '0.16200', 'CV_turn': '0.05400', 'ctr': '2.32600', 'len_tra': 30.0, 'R_tra': 69.78, 'NX_0_CV': '0.30400', 'NX_0_CV_turn': '0.10133', 'NX_0_ctr': '2.16367', 'NX_0_len_tra': 30.0, 'NX_0_R_tra': 64.91, 'NX_10_CV': '0.09600', 'NX_10_CV_turn': '0.09600', 'NX_10_ctr': '2.18500', 'NX_10_len_tra': 10.0, 'NX_10_R_tra': 21.85}]
[I 240520 04:14:32 utils:142] Epoch: [59], Info: [{'num_test': 100, 'CV': '0.18200', 'CV_turn': '0.06067', 'ctr': '2.44700', 'len_tra': 30.0, 'R_tra': 73.41, 'NX_0_CV': '0.34500', 'NX_0_CV_turn': '0.11500', 'NX_0_ctr': '2.12533', 'NX_0_len_tra': 30.0, 'NX_0_R_tra': 63.76, 'NX_10_CV': '0.11900', 'NX_10_CV_turn': '0.11900', 'NX_10_ctr': '2.24000', 'NX_10_len_tra': 10.0, 'NX_10_R_tra': 22.4}]
[I 240520 04:15:06 utils:142] Epoch: [60], Info: [{'num_test': 100, 'CV': '0.18700', 'CV_turn': '0.06233', 'ctr': '2.24433', 'len_tra': 30.0, 'R_tra': 67.33, 'NX_0_CV': '0.34100', 'NX_0_CV_turn': '0.11367', 'NX_0_ctr': '2.22100', 'NX_0_len_tra': 30.0, 'NX_0_R_tra': 66.63, 'NX_10_CV': '0.10800', 'NX_10_CV_turn': '0.10800', 'NX_10_ctr': '2.24500', 'NX_10_len_tra': 10.0, 'NX_10_R_tra': 22.45}]
[I 240520 04:15:40 utils:142] Epoch: [61], Info: [{'num_test': 100, 'CV': '0.07300', 'CV_turn': '0.02433', 'ctr': '2.66500', 'len_tra': 30.0, 'R_tra': 79.95, 'NX_0_CV': '0.30900', 'NX_0_CV_turn': '0.10300', 'NX_0_ctr': '2.19533', 'NX_0_len_tra': 30.0, 'NX_0_R_tra': 65.86, 'NX_10_CV': '0.08100', 'NX_10_CV_turn': '0.08100', 'NX_10_ctr': '2.35100', 'NX_10_len_tra': 10.0, 'NX_10_R_tra': 23.51}]
[I 240520 04:16:14 utils:142] Epoch: [62], Info: [{'num_test': 100, 'CV': '0.18500', 'CV_turn': '0.06167', 'ctr': '2.14333', 'len_tra': 30.0, 'R_tra': 64.3, 'NX_0_CV': '0.33700', 'NX_0_CV_turn': '0.11233', 'NX_0_ctr': '2.14400', 'NX_0_len_tra': 30.0, 'NX_0_R_tra': 64.32, 'NX_10_CV': '0.10300', 'NX_10_CV_turn': '0.10300', 'NX_10_ctr': '2.21600', 'NX_10_len_tra': 10.0, 'NX_10_R_tra': 22.16}]
[I 240520 04:16:48 utils:142] Epoch: [63], Info: [{'num_test': 100, 'CV': '0.18000', 'CV_turn': '0.06000', 'ctr': '2.11867', 'len_tra': 30.0, 'R_tra': 63.56, 'NX_0_CV': '0.34200', 'NX_0_CV_turn': '0.11400', 'NX_0_ctr': '2.07900', 'NX_0_len_tra': 30.0, 'NX_0_R_tra': 62.37, 'NX_10_CV': '0.13300', 'NX_10_CV_turn': '0.13300', 'NX_10_ctr': '2.36700', 'NX_10_len_tra': 10.0, 'NX_10_R_tra': 23.67}]
[I 240520 04:17:22 utils:142] Epoch: [64], Info: [{'num_test': 100, 'CV': '0.24800', 'CV_turn': '0.08267', 'ctr': '2.06900', 'len_tra': 30.0, 'R_tra': 62.07, 'NX_0_CV': '0.34800', 'NX_0_CV_turn': '0.11600', 'NX_0_ctr': '2.04067', 'NX_0_len_tra': 30.0, 'NX_0_R_tra': 61.22, 'NX_10_CV': '0.14400', 'NX_10_CV_turn': '0.14400', 'NX_10_ctr': '2.14100', 'NX_10_len_tra': 10.0, 'NX_10_R_tra': 21.41}]
[I 240520 04:17:56 utils:142] Epoch: [65], Info: [{'num_test': 100, 'CV': '0.22000', 'CV_turn': '0.07333', 'ctr': '2.45633', 'len_tra': 30.0, 'R_tra': 73.69, 'NX_0_CV': '0.38000', 'NX_0_CV_turn': '0.12667', 'NX_0_ctr': '2.08067', 'NX_0_len_tra': 30.0, 'NX_0_R_tra': 62.42, 'NX_10_CV': '0.14200', 'NX_10_CV_turn': '0.14200', 'NX_10_ctr': '2.08400', 'NX_10_len_tra': 10.0, 'NX_10_R_tra': 20.84}]
[I 240520 04:18:31 utils:142] Epoch: [66], Info: [{'num_test': 100, 'CV': '0.20800', 'CV_turn': '0.06933', 'ctr': '2.03733', 'len_tra': 30.0, 'R_tra': 61.12, 'NX_0_CV': '0.37500', 'NX_0_CV_turn': '0.12500', 'NX_0_ctr': '2.09333', 'NX_0_len_tra': 30.0, 'NX_0_R_tra': 62.8, 'NX_10_CV': '0.13200', 'NX_10_CV_turn': '0.13200', 'NX_10_ctr': '2.17400', 'NX_10_len_tra': 10.0, 'NX_10_R_tra': 21.74}]
[I 240520 04:19:05 utils:142] Epoch: [67], Info: [{'num_test': 100, 'CV': '0.20500', 'CV_turn': '0.06833', 'ctr': '2.08433', 'len_tra': 30.0, 'R_tra': 62.53, 'NX_0_CV': '0.38800', 'NX_0_CV_turn': '0.12933', 'NX_0_ctr': '2.12000', 'NX_0_len_tra': 30.0, 'NX_0_R_tra': 63.6, 'NX_10_CV': '0.12100', 'NX_10_CV_turn': '0.12100', 'NX_10_ctr': '2.10000', 'NX_10_len_tra': 10.0, 'NX_10_R_tra': 21.0}]
[I 240520 04:19:40 utils:142] Epoch: [68], Info: [{'num_test': 100, 'CV': '0.21400', 'CV_turn': '0.07133', 'ctr': '2.15433', 'len_tra': 30.0, 'R_tra': 64.63, 'NX_0_CV': '0.37400', 'NX_0_CV_turn': '0.12467', 'NX_0_ctr': '2.01733', 'NX_0_len_tra': 30.0, 'NX_0_R_tra': 60.52, 'NX_10_CV': '0.11600', 'NX_10_CV_turn': '0.11600', 'NX_10_ctr': '2.24300', 'NX_10_len_tra': 10.0, 'NX_10_R_tra': 22.43}]
[I 240520 04:20:14 utils:142] Epoch: [69], Info: [{'num_test': 100, 'CV': '0.26200', 'CV_turn': '0.08733', 'ctr': '2.26800', 'len_tra': 30.0, 'R_tra': 68.04, 'NX_0_CV': '0.34800', 'NX_0_CV_turn': '0.11600', 'NX_0_ctr': '2.19533', 'NX_0_len_tra': 30.0, 'NX_0_R_tra': 65.86, 'NX_10_CV': '0.10700', 'NX_10_CV_turn': '0.10700', 'NX_10_ctr': '2.23500', 'NX_10_len_tra': 10.0, 'NX_10_R_tra': 22.35}]
[I 240520 04:20:49 utils:142] Epoch: [70], Info: [{'num_test': 100, 'CV': '0.24100', 'CV_turn': '0.08033', 'ctr': '2.09800', 'len_tra': 30.0, 'R_tra': 62.94, 'NX_0_CV': '0.38500', 'NX_0_CV_turn': '0.12833', 'NX_0_ctr': '2.15433', 'NX_0_len_tra': 30.0, 'NX_0_R_tra': 64.63, 'NX_10_CV': '0.10600', 'NX_10_CV_turn': '0.10600', 'NX_10_ctr': '2.03900', 'NX_10_len_tra': 10.0, 'NX_10_R_tra': 20.39}]
[I 240520 04:21:24 utils:142] Epoch: [71], Info: [{'num_test': 100, 'CV': '0.27500', 'CV_turn': '0.09167', 'ctr': '2.23467', 'len_tra': 30.0, 'R_tra': 67.04, 'NX_0_CV': '0.39600', 'NX_0_CV_turn': '0.13200', 'NX_0_ctr': '2.06700', 'NX_0_len_tra': 30.0, 'NX_0_R_tra': 62.01, 'NX_10_CV': '0.15000', 'NX_10_CV_turn': '0.15000', 'NX_10_ctr': '2.32700', 'NX_10_len_tra': 10.0, 'NX_10_R_tra': 23.27}]
[I 240520 04:21:58 utils:142] Epoch: [72], Info: [{'num_test': 100, 'CV': '0.27900', 'CV_turn': '0.09300', 'ctr': '1.99767', 'len_tra': 30.0, 'R_tra': 59.93, 'NX_0_CV': '0.41000', 'NX_0_CV_turn': '0.13667', 'NX_0_ctr': '2.15300', 'NX_0_len_tra': 30.0, 'NX_0_R_tra': 64.59, 'NX_10_CV': '0.15100', 'NX_10_CV_turn': '0.15100', 'NX_10_ctr': '2.08500', 'NX_10_len_tra': 10.0, 'NX_10_R_tra': 20.85}]
[I 240520 04:22:33 utils:142] Epoch: [73], Info: [{'num_test': 100, 'CV': '0.29000', 'CV_turn': '0.09667', 'ctr': '2.38600', 'len_tra': 30.0, 'R_tra': 71.58, 'NX_0_CV': '0.39700', 'NX_0_CV_turn': '0.13233', 'NX_0_ctr': '2.07467', 'NX_0_len_tra': 30.0, 'NX_0_R_tra': 62.24, 'NX_10_CV': '0.13400', 'NX_10_CV_turn': '0.13400', 'NX_10_ctr': '2.29600', 'NX_10_len_tra': 10.0, 'NX_10_R_tra': 22.96}]
[I 240520 04:23:08 utils:142] Epoch: [74], Info: [{'num_test': 100, 'CV': '0.17700', 'CV_turn': '0.05900', 'ctr': '2.28233', 'len_tra': 30.0, 'R_tra': 68.47, 'NX_0_CV': '0.36200', 'NX_0_CV_turn': '0.12067', 'NX_0_ctr': '2.05967', 'NX_0_len_tra': 30.0, 'NX_0_R_tra': 61.79, 'NX_10_CV': '0.12500', 'NX_10_CV_turn': '0.12500', 'NX_10_ctr': '2.22200', 'NX_10_len_tra': 10.0, 'NX_10_R_tra': 22.22}]
[I 240520 04:23:43 utils:142] Epoch: [75], Info: [{'num_test': 100, 'CV': '0.17100', 'CV_turn': '0.05700', 'ctr': '2.18300', 'len_tra': 30.0, 'R_tra': 65.49, 'NX_0_CV': '0.43600', 'NX_0_CV_turn': '0.14533', 'NX_0_ctr': '2.08767', 'NX_0_len_tra': 30.0, 'NX_0_R_tra': 62.63, 'NX_10_CV': '0.15700', 'NX_10_CV_turn': '0.15700', 'NX_10_ctr': '2.10600', 'NX_10_len_tra': 10.0, 'NX_10_R_tra': 21.06}]
[I 240520 04:24:18 utils:142] Epoch: [76], Info: [{'num_test': 100, 'CV': '0.24400', 'CV_turn': '0.08133', 'ctr': '2.05400', 'len_tra': 30.0, 'R_tra': 61.62, 'NX_0_CV': '0.40700', 'NX_0_CV_turn': '0.13567', 'NX_0_ctr': '2.05667', 'NX_0_len_tra': 30.0, 'NX_0_R_tra': 61.7, 'NX_10_CV': '0.13100', 'NX_10_CV_turn': '0.13100', 'NX_10_ctr': '2.04600', 'NX_10_len_tra': 10.0, 'NX_10_R_tra': 20.46}]
[I 240520 04:24:54 utils:142] Epoch: [77], Info: [{'num_test': 100, 'CV': '0.34900', 'CV_turn': '0.11633', 'ctr': '2.16100', 'len_tra': 30.0, 'R_tra': 64.83, 'NX_0_CV': '0.37100', 'NX_0_CV_turn': '0.12367', 'NX_0_ctr': '1.91767', 'NX_0_len_tra': 30.0, 'NX_0_R_tra': 57.53, 'NX_10_CV': '0.15000', 'NX_10_CV_turn': '0.15000', 'NX_10_ctr': '2.05800', 'NX_10_len_tra': 10.0, 'NX_10_R_tra': 20.58}]
[I 240520 04:25:29 utils:142] Epoch: [78], Info: [{'num_test': 100, 'CV': '0.24700', 'CV_turn': '0.08233', 'ctr': '2.25267', 'len_tra': 30.0, 'R_tra': 67.58, 'NX_0_CV': '0.40300', 'NX_0_CV_turn': '0.13433', 'NX_0_ctr': '2.10867', 'NX_0_len_tra': 30.0, 'NX_0_R_tra': 63.26, 'NX_10_CV': '0.13000', 'NX_10_CV_turn': '0.13000', 'NX_10_ctr': '2.26100', 'NX_10_len_tra': 10.0, 'NX_10_R_tra': 22.61}]
[I 240520 04:26:05 utils:142] Epoch: [79], Info: [{'num_test': 100, 'CV': '0.31700', 'CV_turn': '0.10567', 'ctr': '2.27133', 'len_tra': 30.0, 'R_tra': 68.14, 'NX_0_CV': '0.42600', 'NX_0_CV_turn': '0.14200', 'NX_0_ctr': '2.07833', 'NX_0_len_tra': 30.0, 'NX_0_R_tra': 62.35, 'NX_10_CV': '0.15300', 'NX_10_CV_turn': '0.15300', 'NX_10_ctr': '1.96700', 'NX_10_len_tra': 10.0, 'NX_10_R_tra': 19.67}]
[I 240520 04:26:40 utils:142] Epoch: [80], Info: [{'num_test': 100, 'CV': '0.31500', 'CV_turn': '0.10500', 'ctr': '2.00467', 'len_tra': 30.0, 'R_tra': 60.14, 'NX_0_CV': '0.40300', 'NX_0_CV_turn': '0.13433', 'NX_0_ctr': '2.06600', 'NX_0_len_tra': 30.0, 'NX_0_R_tra': 61.98, 'NX_10_CV': '0.14600', 'NX_10_CV_turn': '0.14600', 'NX_10_ctr': '1.92300', 'NX_10_len_tra': 10.0, 'NX_10_R_tra': 19.23}]
[I 240520 04:27:17 utils:142] Epoch: [81], Info: [{'num_test': 100, 'CV': '0.31600', 'CV_turn': '0.10533', 'ctr': '2.16533', 'len_tra': 30.0, 'R_tra': 64.96, 'NX_0_CV': '0.41900', 'NX_0_CV_turn': '0.13967', 'NX_0_ctr': '2.11300', 'NX_0_len_tra': 30.0, 'NX_0_R_tra': 63.39, 'NX_10_CV': '0.14600', 'NX_10_CV_turn': '0.14600', 'NX_10_ctr': '2.07800', 'NX_10_len_tra': 10.0, 'NX_10_R_tra': 20.78}]
[I 240520 04:27:52 utils:142] Epoch: [82], Info: [{'num_test': 100, 'CV': '0.34300', 'CV_turn': '0.11433', 'ctr': '2.03500', 'len_tra': 30.0, 'R_tra': 61.05, 'NX_0_CV': '0.41900', 'NX_0_CV_turn': '0.13967', 'NX_0_ctr': '1.93500', 'NX_0_len_tra': 30.0, 'NX_0_R_tra': 58.05, 'NX_10_CV': '0.19900', 'NX_10_CV_turn': '0.19900', 'NX_10_ctr': '2.04500', 'NX_10_len_tra': 10.0, 'NX_10_R_tra': 20.45}]
[I 240520 04:28:28 utils:142] Epoch: [83], Info: [{'num_test': 100, 'CV': '0.35500', 'CV_turn': '0.11833', 'ctr': '2.14833', 'len_tra': 30.0, 'R_tra': 64.45, 'NX_0_CV': '0.41900', 'NX_0_CV_turn': '0.13967', 'NX_0_ctr': '1.98900', 'NX_0_len_tra': 30.0, 'NX_0_R_tra': 59.67, 'NX_10_CV': '0.14800', 'NX_10_CV_turn': '0.14800', 'NX_10_ctr': '1.83300', 'NX_10_len_tra': 10.0, 'NX_10_R_tra': 18.33}]
[I 240520 04:29:04 utils:142] Epoch: [84], Info: [{'num_test': 100, 'CV': '0.35900', 'CV_turn': '0.11967', 'ctr': '2.02767', 'len_tra': 30.0, 'R_tra': 60.83, 'NX_0_CV': '0.43200', 'NX_0_CV_turn': '0.14400', 'NX_0_ctr': '2.05700', 'NX_0_len_tra': 30.0, 'NX_0_R_tra': 61.71, 'NX_10_CV': '0.18200', 'NX_10_CV_turn': '0.18200', 'NX_10_ctr': '2.14700', 'NX_10_len_tra': 10.0, 'NX_10_R_tra': 21.47}]
[I 240520 04:29:41 utils:142] Epoch: [85], Info: [{'num_test': 100, 'CV': '0.32100', 'CV_turn': '0.10700', 'ctr': '2.03167', 'len_tra': 30.0, 'R_tra': 60.95, 'NX_0_CV': '0.43300', 'NX_0_CV_turn': '0.14433', 'NX_0_ctr': '2.02567', 'NX_0_len_tra': 30.0, 'NX_0_R_tra': 60.77, 'NX_10_CV': '0.17600', 'NX_10_CV_turn': '0.17600', 'NX_10_ctr': '2.00700', 'NX_10_len_tra': 10.0, 'NX_10_R_tra': 20.07}]
[I 240520 04:30:17 utils:142] Epoch: [86], Info: [{'num_test': 100, 'CV': '0.26500', 'CV_turn': '0.08833', 'ctr': '2.15967', 'len_tra': 30.0, 'R_tra': 64.79, 'NX_0_CV': '0.43700', 'NX_0_CV_turn': '0.14567', 'NX_0_ctr': '2.00533', 'NX_0_len_tra': 30.0, 'NX_0_R_tra': 60.16, 'NX_10_CV': '0.14600', 'NX_10_CV_turn': '0.14600', 'NX_10_ctr': '2.16500', 'NX_10_len_tra': 10.0, 'NX_10_R_tra': 21.65}]
[I 240520 04:30:53 utils:142] Epoch: [87], Info: [{'num_test': 100, 'CV': '0.30400', 'CV_turn': '0.10133', 'ctr': '2.10867', 'len_tra': 30.0, 'R_tra': 63.26, 'NX_0_CV': '0.36700', 'NX_0_CV_turn': '0.12233', 'NX_0_ctr': '2.01400', 'NX_0_len_tra': 30.0, 'NX_0_R_tra': 60.42, 'NX_10_CV': '0.15200', 'NX_10_CV_turn': '0.15200', 'NX_10_ctr': '2.19700', 'NX_10_len_tra': 10.0, 'NX_10_R_tra': 21.97}]
[I 240520 04:31:29 utils:142] Epoch: [88], Info: [{'num_test': 100, 'CV': '0.33200', 'CV_turn': '0.11067', 'ctr': '2.22033', 'len_tra': 30.0, 'R_tra': 66.61, 'NX_0_CV': '0.40600', 'NX_0_CV_turn': '0.13533', 'NX_0_ctr': '2.14500', 'NX_0_len_tra': 30.0, 'NX_0_R_tra': 64.35, 'NX_10_CV': '0.15200', 'NX_10_CV_turn': '0.15200', 'NX_10_ctr': '1.89900', 'NX_10_len_tra': 10.0, 'NX_10_R_tra': 18.99}]
[I 240520 04:32:05 utils:142] Epoch: [89], Info: [{'num_test': 100, 'CV': '0.33300', 'CV_turn': '0.11100', 'ctr': '1.99867', 'len_tra': 30.0, 'R_tra': 59.96, 'NX_0_CV': '0.42400', 'NX_0_CV_turn': '0.14133', 'NX_0_ctr': '1.97967', 'NX_0_len_tra': 30.0, 'NX_0_R_tra': 59.39, 'NX_10_CV': '0.16800', 'NX_10_CV_turn': '0.16800', 'NX_10_ctr': '1.97300', 'NX_10_len_tra': 10.0, 'NX_10_R_tra': 19.73}]
[I 240520 04:32:42 utils:142] Epoch: [90], Info: [{'num_test': 100, 'CV': '0.33500', 'CV_turn': '0.11167', 'ctr': '2.00200', 'len_tra': 30.0, 'R_tra': 60.06, 'NX_0_CV': '0.43400', 'NX_0_CV_turn': '0.14467', 'NX_0_ctr': '1.95167', 'NX_0_len_tra': 30.0, 'NX_0_R_tra': 58.55, 'NX_10_CV': '0.16900', 'NX_10_CV_turn': '0.16900', 'NX_10_ctr': '1.96900', 'NX_10_len_tra': 10.0, 'NX_10_R_tra': 19.69}]
[I 240520 04:33:18 utils:142] Epoch: [91], Info: [{'num_test': 100, 'CV': '0.33200', 'CV_turn': '0.11067', 'ctr': '2.15367', 'len_tra': 30.0, 'R_tra': 64.61, 'NX_0_CV': '0.42100', 'NX_0_CV_turn': '0.14033', 'NX_0_ctr': '2.12367', 'NX_0_len_tra': 30.0, 'NX_0_R_tra': 63.71, 'NX_10_CV': '0.16600', 'NX_10_CV_turn': '0.16600', 'NX_10_ctr': '2.10200', 'NX_10_len_tra': 10.0, 'NX_10_R_tra': 21.02}]
[I 240520 04:33:55 utils:142] Epoch: [92], Info: [{'num_test': 100, 'CV': '0.33900', 'CV_turn': '0.11300', 'ctr': '2.10500', 'len_tra': 30.0, 'R_tra': 63.15, 'NX_0_CV': '0.41700', 'NX_0_CV_turn': '0.13900', 'NX_0_ctr': '2.02067', 'NX_0_len_tra': 30.0, 'NX_0_R_tra': 60.62, 'NX_10_CV': '0.12400', 'NX_10_CV_turn': '0.12400', 'NX_10_ctr': '2.22600', 'NX_10_len_tra': 10.0, 'NX_10_R_tra': 22.26}]
[I 240520 04:34:31 utils:142] Epoch: [93], Info: [{'num_test': 100, 'CV': '0.33600', 'CV_turn': '0.11200', 'ctr': '2.04333', 'len_tra': 30.0, 'R_tra': 61.3, 'NX_0_CV': '0.41600', 'NX_0_CV_turn': '0.13867', 'NX_0_ctr': '2.08600', 'NX_0_len_tra': 30.0, 'NX_0_R_tra': 62.58, 'NX_10_CV': '0.16900', 'NX_10_CV_turn': '0.16900', 'NX_10_ctr': '2.00300', 'NX_10_len_tra': 10.0, 'NX_10_R_tra': 20.03}]
[I 240520 04:35:08 utils:142] Epoch: [94], Info: [{'num_test': 100, 'CV': '0.37400', 'CV_turn': '0.12467', 'ctr': '2.20233', 'len_tra': 30.0, 'R_tra': 66.07, 'NX_0_CV': '0.45200', 'NX_0_CV_turn': '0.15067', 'NX_0_ctr': '2.02200', 'NX_0_len_tra': 30.0, 'NX_0_R_tra': 60.66, 'NX_10_CV': '0.18200', 'NX_10_CV_turn': '0.18200', 'NX_10_ctr': '1.97100', 'NX_10_len_tra': 10.0, 'NX_10_R_tra': 19.71}]
[I 240520 04:35:45 utils:142] Epoch: [95], Info: [{'num_test': 100, 'CV': '0.32400', 'CV_turn': '0.10800', 'ctr': '2.24267', 'len_tra': 30.0, 'R_tra': 67.28, 'NX_0_CV': '0.42800', 'NX_0_CV_turn': '0.14267', 'NX_0_ctr': '2.03567', 'NX_0_len_tra': 30.0, 'NX_0_R_tra': 61.07, 'NX_10_CV': '0.14300', 'NX_10_CV_turn': '0.14300', 'NX_10_ctr': '2.04300', 'NX_10_len_tra': 10.0, 'NX_10_R_tra': 20.43}]
[I 240520 04:36:22 utils:142] Epoch: [96], Info: [{'num_test': 100, 'CV': '0.34100', 'CV_turn': '0.11367', 'ctr': '2.09533', 'len_tra': 30.0, 'R_tra': 62.86, 'NX_0_CV': '0.43500', 'NX_0_CV_turn': '0.14500', 'NX_0_ctr': '1.96733', 'NX_0_len_tra': 30.0, 'NX_0_R_tra': 59.02, 'NX_10_CV': '0.17700', 'NX_10_CV_turn': '0.17700', 'NX_10_ctr': '2.16900', 'NX_10_len_tra': 10.0, 'NX_10_R_tra': 21.69}]
[I 240520 04:36:59 utils:142] Epoch: [97], Info: [{'num_test': 100, 'CV': '0.37500', 'CV_turn': '0.12500', 'ctr': '2.00700', 'len_tra': 30.0, 'R_tra': 60.21, 'NX_0_CV': '0.45300', 'NX_0_CV_turn': '0.15100', 'NX_0_ctr': '2.00700', 'NX_0_len_tra': 30.0, 'NX_0_R_tra': 60.21, 'NX_10_CV': '0.18900', 'NX_10_CV_turn': '0.18900', 'NX_10_ctr': '2.08600', 'NX_10_len_tra': 10.0, 'NX_10_R_tra': 20.86}]
[I 240520 04:37:36 utils:142] Epoch: [98], Info: [{'num_test': 100, 'CV': '0.33900', 'CV_turn': '0.11300', 'ctr': '2.23500', 'len_tra': 30.0, 'R_tra': 67.05, 'NX_0_CV': '0.41900', 'NX_0_CV_turn': '0.13967', 'NX_0_ctr': '2.09033', 'NX_0_len_tra': 30.0, 'NX_0_R_tra': 62.71, 'NX_10_CV': '0.17600', 'NX_10_CV_turn': '0.17600', 'NX_10_ctr': '2.09700', 'NX_10_len_tra': 10.0, 'NX_10_R_tra': 20.97}]
[I 240520 04:38:13 utils:142] Epoch: [99], Info: [{'num_test': 100, 'CV': '0.32100', 'CV_turn': '0.10700', 'ctr': '2.10400', 'len_tra': 30.0, 'R_tra': 63.12, 'NX_0_CV': '0.47200', 'NX_0_CV_turn': '0.15733', 'NX_0_ctr': '1.96967', 'NX_0_len_tra': 30.0, 'NX_0_R_tra': 59.09, 'NX_10_CV': '0.18800', 'NX_10_CV_turn': '0.18800', 'NX_10_ctr': '1.98700', 'NX_10_len_tra': 10.0, 'NX_10_R_tra': 19.87}]
[I 240520 04:38:51 utils:142] Epoch: [100], Info: [{'num_test': 100, 'CV': '0.33900', 'CV_turn': '0.11300', 'ctr': '2.01567', 'len_tra': 30.0, 'R_tra': 60.47, 'NX_0_CV': '0.46500', 'NX_0_CV_turn': '0.15500', 'NX_0_ctr': '2.05333', 'NX_0_len_tra': 30.0, 'NX_0_R_tra': 61.6, 'NX_10_CV': '0.15400', 'NX_10_CV_turn': '0.15400', 'NX_10_ctr': '2.07000', 'NX_10_len_tra': 10.0, 'NX_10_R_tra': 20.7}]
[I 240520 04:39:28 utils:142] Epoch: [101], Info: [{'num_test': 100, 'CV': '0.35800', 'CV_turn': '0.11933', 'ctr': '2.07867', 'len_tra': 30.0, 'R_tra': 62.36, 'NX_0_CV': '0.43000', 'NX_0_CV_turn': '0.14333', 'NX_0_ctr': '1.99567', 'NX_0_len_tra': 30.0, 'NX_0_R_tra': 59.87, 'NX_10_CV': '0.17000', 'NX_10_CV_turn': '0.17000', 'NX_10_ctr': '2.01300', 'NX_10_len_tra': 10.0, 'NX_10_R_tra': 20.13}]
[I 240520 04:40:06 utils:142] Epoch: [102], Info: [{'num_test': 100, 'CV': '0.28200', 'CV_turn': '0.09400', 'ctr': '2.01967', 'len_tra': 30.0, 'R_tra': 60.59, 'NX_0_CV': '0.46400', 'NX_0_CV_turn': '0.15467', 'NX_0_ctr': '1.97033', 'NX_0_len_tra': 30.0, 'NX_0_R_tra': 59.11, 'NX_10_CV': '0.15000', 'NX_10_CV_turn': '0.15000', 'NX_10_ctr': '2.10300', 'NX_10_len_tra': 10.0, 'NX_10_R_tra': 21.03}]
[I 240520 04:40:44 utils:142] Epoch: [103], Info: [{'num_test': 100, 'CV': '0.33500', 'CV_turn': '0.11167', 'ctr': '2.09700', 'len_tra': 30.0, 'R_tra': 62.91, 'NX_0_CV': '0.44300', 'NX_0_CV_turn': '0.14767', 'NX_0_ctr': '1.97433', 'NX_0_len_tra': 30.0, 'NX_0_R_tra': 59.23, 'NX_10_CV': '0.17800', 'NX_10_CV_turn': '0.17800', 'NX_10_ctr': '2.14600', 'NX_10_len_tra': 10.0, 'NX_10_R_tra': 21.46}]
[I 240520 04:41:21 utils:142] Epoch: [104], Info: [{'num_test': 100, 'CV': '0.39500', 'CV_turn': '0.13167', 'ctr': '1.99367', 'len_tra': 30.0, 'R_tra': 59.81, 'NX_0_CV': '0.48300', 'NX_0_CV_turn': '0.16100', 'NX_0_ctr': '2.06233', 'NX_0_len_tra': 30.0, 'NX_0_R_tra': 61.87, 'NX_10_CV': '0.18700', 'NX_10_CV_turn': '0.18700', 'NX_10_ctr': '1.90100', 'NX_10_len_tra': 10.0, 'NX_10_R_tra': 19.01}]
[I 240520 04:41:59 utils:142] Epoch: [105], Info: [{'num_test': 100, 'CV': '0.34300', 'CV_turn': '0.11433', 'ctr': '2.02100', 'len_tra': 30.0, 'R_tra': 60.63, 'NX_0_CV': '0.48200', 'NX_0_CV_turn': '0.16067', 'NX_0_ctr': '2.01900', 'NX_0_len_tra': 30.0, 'NX_0_R_tra': 60.57, 'NX_10_CV': '0.16900', 'NX_10_CV_turn': '0.16900', 'NX_10_ctr': '2.10500', 'NX_10_len_tra': 10.0, 'NX_10_R_tra': 21.05}]
[I 240520 04:42:37 utils:142] Epoch: [106], Info: [{'num_test': 100, 'CV': '0.27800', 'CV_turn': '0.09267', 'ctr': '2.18033', 'len_tra': 30.0, 'R_tra': 65.41, 'NX_0_CV': '0.45900', 'NX_0_CV_turn': '0.15300', 'NX_0_ctr': '2.13433', 'NX_0_len_tra': 30.0, 'NX_0_R_tra': 64.03, 'NX_10_CV': '0.16700', 'NX_10_CV_turn': '0.16700', 'NX_10_ctr': '2.23500', 'NX_10_len_tra': 10.0, 'NX_10_R_tra': 22.35}]
[I 240520 04:43:15 utils:142] Epoch: [107], Info: [{'num_test': 100, 'CV': '0.40900', 'CV_turn': '0.13633', 'ctr': '2.09567', 'len_tra': 30.0, 'R_tra': 62.87, 'NX_0_CV': '0.46900', 'NX_0_CV_turn': '0.15633', 'NX_0_ctr': '2.01467', 'NX_0_len_tra': 30.0, 'NX_0_R_tra': 60.44, 'NX_10_CV': '0.20300', 'NX_10_CV_turn': '0.20300', 'NX_10_ctr': '1.98100', 'NX_10_len_tra': 10.0, 'NX_10_R_tra': 19.81}]
[I 240520 04:43:53 utils:142] Epoch: [108], Info: [{'num_test': 100, 'CV': '0.43900', 'CV_turn': '0.14633', 'ctr': '2.04967', 'len_tra': 30.0, 'R_tra': 61.49, 'NX_0_CV': '0.48000', 'NX_0_CV_turn': '0.16000', 'NX_0_ctr': '1.95800', 'NX_0_len_tra': 30.0, 'NX_0_R_tra': 58.74, 'NX_10_CV': '0.18600', 'NX_10_CV_turn': '0.18600', 'NX_10_ctr': '1.86800', 'NX_10_len_tra': 10.0, 'NX_10_R_tra': 18.68}]
[I 240520 04:44:32 utils:142] Epoch: [109], Info: [{'num_test': 100, 'CV': '0.36800', 'CV_turn': '0.12267', 'ctr': '2.18567', 'len_tra': 30.0, 'R_tra': 65.57, 'NX_0_CV': '0.47300', 'NX_0_CV_turn': '0.15767', 'NX_0_ctr': '2.13533', 'NX_0_len_tra': 30.0, 'NX_0_R_tra': 64.06, 'NX_10_CV': '0.17700', 'NX_10_CV_turn': '0.17700', 'NX_10_ctr': '2.19800', 'NX_10_len_tra': 10.0, 'NX_10_R_tra': 21.98}]
[I 240520 04:45:10 utils:142] Epoch: [110], Info: [{'num_test': 100, 'CV': '0.34200', 'CV_turn': '0.11400', 'ctr': '2.16700', 'len_tra': 30.0, 'R_tra': 65.01, 'NX_0_CV': '0.44800', 'NX_0_CV_turn': '0.14933', 'NX_0_ctr': '2.01867', 'NX_0_len_tra': 30.0, 'NX_0_R_tra': 60.56, 'NX_10_CV': '0.15300', 'NX_10_CV_turn': '0.15300', 'NX_10_ctr': '2.01900', 'NX_10_len_tra': 10.0, 'NX_10_R_tra': 20.19}]
[I 240520 04:45:48 utils:142] Epoch: [111], Info: [{'num_test': 100, 'CV': '0.39400', 'CV_turn': '0.13133', 'ctr': '2.03767', 'len_tra': 30.0, 'R_tra': 61.13, 'NX_0_CV': '0.47900', 'NX_0_CV_turn': '0.15967', 'NX_0_ctr': '2.08467', 'NX_0_len_tra': 30.0, 'NX_0_R_tra': 62.54, 'NX_10_CV': '0.18700', 'NX_10_CV_turn': '0.18700', 'NX_10_ctr': '2.02700', 'NX_10_len_tra': 10.0, 'NX_10_R_tra': 20.27}]
[I 240520 04:46:26 utils:142] Epoch: [112], Info: [{'num_test': 100, 'CV': '0.32800', 'CV_turn': '0.10933', 'ctr': '1.99733', 'len_tra': 30.0, 'R_tra': 59.92, 'NX_0_CV': '0.47300', 'NX_0_CV_turn': '0.15767', 'NX_0_ctr': '1.95433', 'NX_0_len_tra': 30.0, 'NX_0_R_tra': 58.63, 'NX_10_CV': '0.17500', 'NX_10_CV_turn': '0.17500', 'NX_10_ctr': '1.86700', 'NX_10_len_tra': 10.0, 'NX_10_R_tra': 18.67}]
[I 240520 04:47:04 utils:142] Epoch: [113], Info: [{'num_test': 100, 'CV': '0.39800', 'CV_turn': '0.13267', 'ctr': '2.12033', 'len_tra': 30.0, 'R_tra': 63.61, 'NX_0_CV': '0.49100', 'NX_0_CV_turn': '0.16367', 'NX_0_ctr': '1.98867', 'NX_0_len_tra': 30.0, 'NX_0_R_tra': 59.66, 'NX_10_CV': '0.20000', 'NX_10_CV_turn': '0.20000', 'NX_10_ctr': '1.96800', 'NX_10_len_tra': 10.0, 'NX_10_R_tra': 19.68}]
[I 240520 04:47:43 utils:142] Epoch: [114], Info: [{'num_test': 100, 'CV': '0.39200', 'CV_turn': '0.13067', 'ctr': '1.98067', 'len_tra': 30.0, 'R_tra': 59.42, 'NX_0_CV': '0.47900', 'NX_0_CV_turn': '0.15967', 'NX_0_ctr': '1.98533', 'NX_0_len_tra': 30.0, 'NX_0_R_tra': 59.56, 'NX_10_CV': '0.17500', 'NX_10_CV_turn': '0.17500', 'NX_10_ctr': '2.01700', 'NX_10_len_tra': 10.0, 'NX_10_R_tra': 20.17}]
[I 240520 04:48:21 utils:142] Epoch: [115], Info: [{'num_test': 100, 'CV': '0.34300', 'CV_turn': '0.11433', 'ctr': '2.17733', 'len_tra': 30.0, 'R_tra': 65.32, 'NX_0_CV': '0.47000', 'NX_0_CV_turn': '0.15667', 'NX_0_ctr': '2.00767', 'NX_0_len_tra': 30.0, 'NX_0_R_tra': 60.23, 'NX_10_CV': '0.15700', 'NX_10_CV_turn': '0.15700', 'NX_10_ctr': '2.18800', 'NX_10_len_tra': 10.0, 'NX_10_R_tra': 21.88}]
[I 240520 04:48:59 utils:142] Epoch: [116], Info: [{'num_test': 100, 'CV': '0.35600', 'CV_turn': '0.11867', 'ctr': '2.15600', 'len_tra': 30.0, 'R_tra': 64.68, 'NX_0_CV': '0.45800', 'NX_0_CV_turn': '0.15267', 'NX_0_ctr': '1.97333', 'NX_0_len_tra': 30.0, 'NX_0_R_tra': 59.2, 'NX_10_CV': '0.17200', 'NX_10_CV_turn': '0.17200', 'NX_10_ctr': '2.15900', 'NX_10_len_tra': 10.0, 'NX_10_R_tra': 21.59}]
[I 240520 04:49:38 utils:142] Epoch: [117], Info: [{'num_test': 100, 'CV': '0.38700', 'CV_turn': '0.12900', 'ctr': '2.02700', 'len_tra': 30.0, 'R_tra': 60.81, 'NX_0_CV': '0.47400', 'NX_0_CV_turn': '0.15800', 'NX_0_ctr': '2.09200', 'NX_0_len_tra': 30.0, 'NX_0_R_tra': 62.76, 'NX_10_CV': '0.17700', 'NX_10_CV_turn': '0.17700', 'NX_10_ctr': '1.93000', 'NX_10_len_tra': 10.0, 'NX_10_R_tra': 19.3}]
[I 240520 04:50:16 utils:142] Epoch: [118], Info: [{'num_test': 100, 'CV': '0.38600', 'CV_turn': '0.12867', 'ctr': '2.02133', 'len_tra': 30.0, 'R_tra': 60.64, 'NX_0_CV': '0.47900', 'NX_0_CV_turn': '0.15967', 'NX_0_ctr': '2.02433', 'NX_0_len_tra': 30.0, 'NX_0_R_tra': 60.73, 'NX_10_CV': '0.15300', 'NX_10_CV_turn': '0.15300', 'NX_10_ctr': '1.86800', 'NX_10_len_tra': 10.0, 'NX_10_R_tra': 18.68}]
[I 240520 04:50:55 utils:142] Epoch: [119], Info: [{'num_test': 100, 'CV': '0.38900', 'CV_turn': '0.12967', 'ctr': '2.01867', 'len_tra': 30.0, 'R_tra': 60.56, 'NX_0_CV': '0.46600', 'NX_0_CV_turn': '0.15533', 'NX_0_ctr': '2.06033', 'NX_0_len_tra': 30.0, 'NX_0_R_tra': 61.81, 'NX_10_CV': '0.16400', 'NX_10_CV_turn': '0.16400', 'NX_10_ctr': '2.00600', 'NX_10_len_tra': 10.0, 'NX_10_R_tra': 20.06}]
[I 240520 04:51:33 utils:142] Epoch: [120], Info: [{'num_test': 100, 'CV': '0.35600', 'CV_turn': '0.11867', 'ctr': '2.03133', 'len_tra': 30.0, 'R_tra': 60.94, 'NX_0_CV': '0.48100', 'NX_0_CV_turn': '0.16033', 'NX_0_ctr': '2.01300', 'NX_0_len_tra': 30.0, 'NX_0_R_tra': 60.39, 'NX_10_CV': '0.13700', 'NX_10_CV_turn': '0.13700', 'NX_10_ctr': '2.02000', 'NX_10_len_tra': 10.0, 'NX_10_R_tra': 20.2}]
[I 240520 04:52:12 utils:142] Epoch: [121], Info: [{'num_test': 100, 'CV': '0.34400', 'CV_turn': '0.11467', 'ctr': '2.17233', 'len_tra': 30.0, 'R_tra': 65.17, 'NX_0_CV': '0.47800', 'NX_0_CV_turn': '0.15933', 'NX_0_ctr': '2.07467', 'NX_0_len_tra': 30.0, 'NX_0_R_tra': 62.24, 'NX_10_CV': '0.18200', 'NX_10_CV_turn': '0.18200', 'NX_10_ctr': '2.06600', 'NX_10_len_tra': 10.0, 'NX_10_R_tra': 20.66}]
[I 240520 04:52:51 utils:142] Epoch: [122], Info: [{'num_test': 100, 'CV': '0.41500', 'CV_turn': '0.13833', 'ctr': '1.94233', 'len_tra': 30.0, 'R_tra': 58.27, 'NX_0_CV': '0.48000', 'NX_0_CV_turn': '0.16000', 'NX_0_ctr': '2.02667', 'NX_0_len_tra': 30.0, 'NX_0_R_tra': 60.8, 'NX_10_CV': '0.20100', 'NX_10_CV_turn': '0.20100', 'NX_10_ctr': '2.05000', 'NX_10_len_tra': 10.0, 'NX_10_R_tra': 20.5}]
[I 240520 04:53:29 utils:142] Epoch: [123], Info: [{'num_test': 100, 'CV': '0.38100', 'CV_turn': '0.12700', 'ctr': '2.14633', 'len_tra': 30.0, 'R_tra': 64.39, 'NX_0_CV': '0.46000', 'NX_0_CV_turn': '0.15333', 'NX_0_ctr': '2.01000', 'NX_0_len_tra': 30.0, 'NX_0_R_tra': 60.3, 'NX_10_CV': '0.18800', 'NX_10_CV_turn': '0.18800', 'NX_10_ctr': '2.06400', 'NX_10_len_tra': 10.0, 'NX_10_R_tra': 20.64}]
[I 240520 04:53:54 utils:142] Epoch: [124], Info: [{'num_test': 100, 'CV': '0.37200', 'CV_turn': '0.12400', 'ctr': '2.01600', 'len_tra': 30.0, 'R_tra': 60.48, 'NX_0_CV': '0.48800', 'NX_0_CV_turn': '0.16267', 'NX_0_ctr': '2.04500', 'NX_0_len_tra': 30.0, 'NX_0_R_tra': 61.35, 'NX_10_CV': '0.14400', 'NX_10_CV_turn': '0.14400', 'NX_10_ctr': '1.96200', 'NX_10_len_tra': 10.0, 'NX_10_R_tra': 19.62}]
[I 240520 04:54:21 utils:142] Epoch: [125], Info: [{'num_test': 100, 'CV': '0.41400', 'CV_turn': '0.13800', 'ctr': '1.98467', 'len_tra': 30.0, 'R_tra': 59.54, 'NX_0_CV': '0.45600', 'NX_0_CV_turn': '0.15200', 'NX_0_ctr': '1.97267', 'NX_0_len_tra': 30.0, 'NX_0_R_tra': 59.18, 'NX_10_CV': '0.20500', 'NX_10_CV_turn': '0.20500', 'NX_10_ctr': '2.06800', 'NX_10_len_tra': 10.0, 'NX_10_R_tra': 20.68}]
[I 240520 04:54:47 utils:142] Epoch: [126], Info: [{'num_test': 100, 'CV': '0.40900', 'CV_turn': '0.13633', 'ctr': '2.09567', 'len_tra': 30.0, 'R_tra': 62.87, 'NX_0_CV': '0.48400', 'NX_0_CV_turn': '0.16133', 'NX_0_ctr': '1.94567', 'NX_0_len_tra': 30.0, 'NX_0_R_tra': 58.37, 'NX_10_CV': '0.16900', 'NX_10_CV_turn': '0.16900', 'NX_10_ctr': '1.91800', 'NX_10_len_tra': 10.0, 'NX_10_R_tra': 19.18}]
[I 240520 04:55:14 utils:142] Epoch: [127], Info: [{'num_test': 100, 'CV': '0.41000', 'CV_turn': '0.13667', 'ctr': '1.97633', 'len_tra': 30.0, 'R_tra': 59.29, 'NX_0_CV': '0.48800', 'NX_0_CV_turn': '0.16267', 'NX_0_ctr': '1.85867', 'NX_0_len_tra': 30.0, 'NX_0_R_tra': 55.76, 'NX_10_CV': '0.21500', 'NX_10_CV_turn': '0.21500', 'NX_10_ctr': '1.96600', 'NX_10_len_tra': 10.0, 'NX_10_R_tra': 19.66}]
[I 240520 04:55:41 utils:142] Epoch: [128], Info: [{'num_test': 100, 'CV': '0.41200', 'CV_turn': '0.13733', 'ctr': '2.05500', 'len_tra': 30.0, 'R_tra': 61.65, 'NX_0_CV': '0.47900', 'NX_0_CV_turn': '0.15967', 'NX_0_ctr': '1.95500', 'NX_0_len_tra': 30.0, 'NX_0_R_tra': 58.65, 'NX_10_CV': '0.19500', 'NX_10_CV_turn': '0.19500', 'NX_10_ctr': '1.97200', 'NX_10_len_tra': 10.0, 'NX_10_R_tra': 19.72}]
[I 240520 04:56:07 utils:142] Epoch: [129], Info: [{'num_test': 100, 'CV': '0.29400', 'CV_turn': '0.09800', 'ctr': '2.12767', 'len_tra': 30.0, 'R_tra': 63.83, 'NX_0_CV': '0.45800', 'NX_0_CV_turn': '0.15267', 'NX_0_ctr': '2.06233', 'NX_0_len_tra': 30.0, 'NX_0_R_tra': 61.87, 'NX_10_CV': '0.13900', 'NX_10_CV_turn': '0.13900', 'NX_10_ctr': '1.84300', 'NX_10_len_tra': 10.0, 'NX_10_R_tra': 18.43}]
[I 240520 04:56:34 utils:142] Epoch: [130], Info: [{'num_test': 100, 'CV': '0.43300', 'CV_turn': '0.14433', 'ctr': '2.03600', 'len_tra': 30.0, 'R_tra': 61.08, 'NX_0_CV': '0.50100', 'NX_0_CV_turn': '0.16700', 'NX_0_ctr': '2.07133', 'NX_0_len_tra': 30.0, 'NX_0_R_tra': 62.14, 'NX_10_CV': '0.20200', 'NX_10_CV_turn': '0.20200', 'NX_10_ctr': '2.14300', 'NX_10_len_tra': 10.0, 'NX_10_R_tra': 21.43}]
[I 240520 04:57:02 utils:142] Epoch: [131], Info: [{'num_test': 100, 'CV': '0.32400', 'CV_turn': '0.10800', 'ctr': '2.16900', 'len_tra': 30.0, 'R_tra': 65.07, 'NX_0_CV': '0.48300', 'NX_0_CV_turn': '0.16100', 'NX_0_ctr': '2.02367', 'NX_0_len_tra': 30.0, 'NX_0_R_tra': 60.71, 'NX_10_CV': '0.18300', 'NX_10_CV_turn': '0.18300', 'NX_10_ctr': '2.10900', 'NX_10_len_tra': 10.0, 'NX_10_R_tra': 21.09}]
[I 240520 04:57:29 utils:142] Epoch: [132], Info: [{'num_test': 100, 'CV': '0.40200', 'CV_turn': '0.13400', 'ctr': '2.04767', 'len_tra': 30.0, 'R_tra': 61.43, 'NX_0_CV': '0.49400', 'NX_0_CV_turn': '0.16467', 'NX_0_ctr': '1.99633', 'NX_0_len_tra': 30.0, 'NX_0_R_tra': 59.89, 'NX_10_CV': '0.16700', 'NX_10_CV_turn': '0.16700', 'NX_10_ctr': '2.04500', 'NX_10_len_tra': 10.0, 'NX_10_R_tra': 20.45}]
[I 240520 04:57:56 utils:142] Epoch: [133], Info: [{'num_test': 100, 'CV': '0.34700', 'CV_turn': '0.11567', 'ctr': '2.25100', 'len_tra': 30.0, 'R_tra': 67.53, 'NX_0_CV': '0.46500', 'NX_0_CV_turn': '0.15500', 'NX_0_ctr': '2.05400', 'NX_0_len_tra': 30.0, 'NX_0_R_tra': 61.62, 'NX_10_CV': '0.18800', 'NX_10_CV_turn': '0.18800', 'NX_10_ctr': '2.07700', 'NX_10_len_tra': 10.0, 'NX_10_R_tra': 20.77}]
[I 240520 04:58:24 utils:142] Epoch: [134], Info: [{'num_test': 100, 'CV': '0.37500', 'CV_turn': '0.12500', 'ctr': '1.94333', 'len_tra': 30.0, 'R_tra': 58.3, 'NX_0_CV': '0.47400', 'NX_0_CV_turn': '0.15800', 'NX_0_ctr': '1.95167', 'NX_0_len_tra': 30.0, 'NX_0_R_tra': 58.55, 'NX_10_CV': '0.12400', 'NX_10_CV_turn': '0.12400', 'NX_10_ctr': '1.99100', 'NX_10_len_tra': 10.0, 'NX_10_R_tra': 19.91}]
[I 240520 04:58:52 utils:142] Epoch: [135], Info: [{'num_test': 100, 'CV': '0.43600', 'CV_turn': '0.14533', 'ctr': '2.15067', 'len_tra': 30.0, 'R_tra': 64.52, 'NX_0_CV': '0.50000', 'NX_0_CV_turn': '0.16667', 'NX_0_ctr': '2.02933', 'NX_0_len_tra': 30.0, 'NX_0_R_tra': 60.88, 'NX_10_CV': '0.21500', 'NX_10_CV_turn': '0.21500', 'NX_10_ctr': '2.12500', 'NX_10_len_tra': 10.0, 'NX_10_R_tra': 21.25}]
[I 240520 04:59:20 utils:142] Epoch: [136], Info: [{'num_test': 100, 'CV': '0.39000', 'CV_turn': '0.13000', 'ctr': '2.08400', 'len_tra': 30.0, 'R_tra': 62.52, 'NX_0_CV': '0.49300', 'NX_0_CV_turn': '0.16433', 'NX_0_ctr': '2.11167', 'NX_0_len_tra': 30.0, 'NX_0_R_tra': 63.35, 'NX_10_CV': '0.12700', 'NX_10_CV_turn': '0.12700', 'NX_10_ctr': '1.94800', 'NX_10_len_tra': 10.0, 'NX_10_R_tra': 19.48}]
[I 240520 04:59:48 utils:142] Epoch: [137], Info: [{'num_test': 100, 'CV': '0.37000', 'CV_turn': '0.12333', 'ctr': '2.10633', 'len_tra': 30.0, 'R_tra': 63.19, 'NX_0_CV': '0.49500', 'NX_0_CV_turn': '0.16500', 'NX_0_ctr': '2.07867', 'NX_0_len_tra': 30.0, 'NX_0_R_tra': 62.36, 'NX_10_CV': '0.19400', 'NX_10_CV_turn': '0.19400', 'NX_10_ctr': '2.26400', 'NX_10_len_tra': 10.0, 'NX_10_R_tra': 22.64}]
[I 240520 05:00:16 utils:142] Epoch: [138], Info: [{'num_test': 100, 'CV': '0.42500', 'CV_turn': '0.14167', 'ctr': '2.02267', 'len_tra': 30.0, 'R_tra': 60.68, 'NX_0_CV': '0.47800', 'NX_0_CV_turn': '0.15933', 'NX_0_ctr': '2.03533', 'NX_0_len_tra': 30.0, 'NX_0_R_tra': 61.06, 'NX_10_CV': '0.16200', 'NX_10_CV_turn': '0.16200', 'NX_10_ctr': '1.92300', 'NX_10_len_tra': 10.0, 'NX_10_R_tra': 19.23}]
[I 240520 05:00:45 utils:142] Epoch: [139], Info: [{'num_test': 100, 'CV': '0.38800', 'CV_turn': '0.12933', 'ctr': '1.96567', 'len_tra': 30.0, 'R_tra': 58.97, 'NX_0_CV': '0.47000', 'NX_0_CV_turn': '0.15667', 'NX_0_ctr': '2.05600', 'NX_0_len_tra': 30.0, 'NX_0_R_tra': 61.68, 'NX_10_CV': '0.17200', 'NX_10_CV_turn': '0.17200', 'NX_10_ctr': '1.92300', 'NX_10_len_tra': 10.0, 'NX_10_R_tra': 19.23}]
[I 240520 05:01:13 utils:142] Epoch: [140], Info: [{'num_test': 100, 'CV': '0.44300', 'CV_turn': '0.14767', 'ctr': '2.03233', 'len_tra': 30.0, 'R_tra': 60.97, 'NX_0_CV': '0.51300', 'NX_0_CV_turn': '0.17100', 'NX_0_ctr': '2.06633', 'NX_0_len_tra': 30.0, 'NX_0_R_tra': 61.99, 'NX_10_CV': '0.21600', 'NX_10_CV_turn': '0.21600', 'NX_10_ctr': '1.99500', 'NX_10_len_tra': 10.0, 'NX_10_R_tra': 19.95}]
[I 240520 05:01:42 utils:142] Epoch: [141], Info: [{'num_test': 100, 'CV': '0.47200', 'CV_turn': '0.15733', 'ctr': '2.01300', 'len_tra': 30.0, 'R_tra': 60.39, 'NX_0_CV': '0.48800', 'NX_0_CV_turn': '0.16267', 'NX_0_ctr': '2.06567', 'NX_0_len_tra': 30.0, 'NX_0_R_tra': 61.97, 'NX_10_CV': '0.19400', 'NX_10_CV_turn': '0.19400', 'NX_10_ctr': '1.99100', 'NX_10_len_tra': 10.0, 'NX_10_R_tra': 19.91}]
[I 240520 05:02:11 utils:142] Epoch: [142], Info: [{'num_test': 100, 'CV': '0.42400', 'CV_turn': '0.14133', 'ctr': '2.03033', 'len_tra': 30.0, 'R_tra': 60.91, 'NX_0_CV': '0.49400', 'NX_0_CV_turn': '0.16467', 'NX_0_ctr': '1.98933', 'NX_0_len_tra': 30.0, 'NX_0_R_tra': 59.68, 'NX_10_CV': '0.20700', 'NX_10_CV_turn': '0.20700', 'NX_10_ctr': '1.85800', 'NX_10_len_tra': 10.0, 'NX_10_R_tra': 18.58}]
[I 240520 05:02:40 utils:142] Epoch: [143], Info: [{'num_test': 100, 'CV': '0.41600', 'CV_turn': '0.13867', 'ctr': '2.08700', 'len_tra': 30.0, 'R_tra': 62.61, 'NX_0_CV': '0.50100', 'NX_0_CV_turn': '0.16700', 'NX_0_ctr': '2.10067', 'NX_0_len_tra': 30.0, 'NX_0_R_tra': 63.02, 'NX_10_CV': '0.16600', 'NX_10_CV_turn': '0.16600', 'NX_10_ctr': '2.15000', 'NX_10_len_tra': 10.0, 'NX_10_R_tra': 21.5}]
[I 240520 05:03:09 utils:142] Epoch: [144], Info: [{'num_test': 100, 'CV': '0.41200', 'CV_turn': '0.13733', 'ctr': '2.09400', 'len_tra': 30.0, 'R_tra': 62.82, 'NX_0_CV': '0.50400', 'NX_0_CV_turn': '0.16800', 'NX_0_ctr': '2.05500', 'NX_0_len_tra': 30.0, 'NX_0_R_tra': 61.65, 'NX_10_CV': '0.16500', 'NX_10_CV_turn': '0.16500', 'NX_10_ctr': '1.94800', 'NX_10_len_tra': 10.0, 'NX_10_R_tra': 19.48}]
[I 240520 05:03:38 utils:142] Epoch: [145], Info: [{'num_test': 100, 'CV': '0.42000', 'CV_turn': '0.14000', 'ctr': '2.02400', 'len_tra': 30.0, 'R_tra': 60.72, 'NX_0_CV': '0.46700', 'NX_0_CV_turn': '0.15567', 'NX_0_ctr': '1.98067', 'NX_0_len_tra': 30.0, 'NX_0_R_tra': 59.42, 'NX_10_CV': '0.16700', 'NX_10_CV_turn': '0.16700', 'NX_10_ctr': '1.91000', 'NX_10_len_tra': 10.0, 'NX_10_R_tra': 19.1}]
[I 240520 05:04:08 utils:142] Epoch: [146], Info: [{'num_test': 100, 'CV': '0.39300', 'CV_turn': '0.13100', 'ctr': '2.00967', 'len_tra': 30.0, 'R_tra': 60.29, 'NX_0_CV': '0.50000', 'NX_0_CV_turn': '0.16667', 'NX_0_ctr': '2.04600', 'NX_0_len_tra': 30.0, 'NX_0_R_tra': 61.38, 'NX_10_CV': '0.19400', 'NX_10_CV_turn': '0.19400', 'NX_10_ctr': '2.05200', 'NX_10_len_tra': 10.0, 'NX_10_R_tra': 20.52}]
[I 240520 05:04:38 utils:142] Epoch: [147], Info: [{'num_test': 100, 'CV': '0.45500', 'CV_turn': '0.15167', 'ctr': '2.07033', 'len_tra': 30.0, 'R_tra': 62.11, 'NX_0_CV': '0.52200', 'NX_0_CV_turn': '0.17400', 'NX_0_ctr': '2.06400', 'NX_0_len_tra': 30.0, 'NX_0_R_tra': 61.92, 'NX_10_CV': '0.18600', 'NX_10_CV_turn': '0.18600', 'NX_10_ctr': '2.06600', 'NX_10_len_tra': 10.0, 'NX_10_R_tra': 20.66}]
[I 240520 05:05:07 utils:142] Epoch: [148], Info: [{'num_test': 100, 'CV': '0.45200', 'CV_turn': '0.15067', 'ctr': '2.02567', 'len_tra': 30.0, 'R_tra': 60.77, 'NX_0_CV': '0.50500', 'NX_0_CV_turn': '0.16833', 'NX_0_ctr': '1.89667', 'NX_0_len_tra': 30.0, 'NX_0_R_tra': 56.9, 'NX_10_CV': '0.16500', 'NX_10_CV_turn': '0.16500', 'NX_10_ctr': '1.91300', 'NX_10_len_tra': 10.0, 'NX_10_R_tra': 19.13}]
[I 240520 05:05:37 utils:142] Epoch: [149], Info: [{'num_test': 100, 'CV': '0.43800', 'CV_turn': '0.14600', 'ctr': '2.01500', 'len_tra': 30.0, 'R_tra': 60.45, 'NX_0_CV': '0.50000', 'NX_0_CV_turn': '0.16667', 'NX_0_ctr': '2.05000', 'NX_0_len_tra': 30.0, 'NX_0_R_tra': 61.5, 'NX_10_CV': '0.18200', 'NX_10_CV_turn': '0.18200', 'NX_10_ctr': '1.98300', 'NX_10_len_tra': 10.0, 'NX_10_R_tra': 19.83}]
[I 240520 05:06:07 utils:142] Epoch: [150], Info: [{'num_test': 100, 'CV': '0.42100', 'CV_turn': '0.14033', 'ctr': '1.93900', 'len_tra': 30.0, 'R_tra': 58.17, 'NX_0_CV': '0.50900', 'NX_0_CV_turn': '0.16967', 'NX_0_ctr': '2.10100', 'NX_0_len_tra': 30.0, 'NX_0_R_tra': 63.03, 'NX_10_CV': '0.21600', 'NX_10_CV_turn': '0.21600', 'NX_10_ctr': '1.90700', 'NX_10_len_tra': 10.0, 'NX_10_R_tra': 19.07}]
[I 240520 05:06:37 utils:142] Epoch: [151], Info: [{'num_test': 100, 'CV': '0.36200', 'CV_turn': '0.12067', 'ctr': '1.90667', 'len_tra': 30.0, 'R_tra': 57.2, 'NX_0_CV': '0.49900', 'NX_0_CV_turn': '0.16633', 'NX_0_ctr': '1.92133', 'NX_0_len_tra': 30.0, 'NX_0_R_tra': 57.64, 'NX_10_CV': '0.15100', 'NX_10_CV_turn': '0.15100', 'NX_10_ctr': '1.99900', 'NX_10_len_tra': 10.0, 'NX_10_R_tra': 19.99}]
[I 240520 05:07:07 utils:142] Epoch: [152], Info: [{'num_test': 100, 'CV': '0.41600', 'CV_turn': '0.13867', 'ctr': '2.18800', 'len_tra': 30.0, 'R_tra': 65.64, 'NX_0_CV': '0.52000', 'NX_0_CV_turn': '0.17333', 'NX_0_ctr': '2.09033', 'NX_0_len_tra': 30.0, 'NX_0_R_tra': 62.71, 'NX_10_CV': '0.19500', 'NX_10_CV_turn': '0.19500', 'NX_10_ctr': '2.05300', 'NX_10_len_tra': 10.0, 'NX_10_R_tra': 20.53}]
[I 240520 05:07:37 utils:142] Epoch: [153], Info: [{'num_test': 100, 'CV': '0.42900', 'CV_turn': '0.14300', 'ctr': '2.04033', 'len_tra': 30.0, 'R_tra': 61.21, 'NX_0_CV': '0.48800', 'NX_0_CV_turn': '0.16267', 'NX_0_ctr': '2.03133', 'NX_0_len_tra': 30.0, 'NX_0_R_tra': 60.94, 'NX_10_CV': '0.18500', 'NX_10_CV_turn': '0.18500', 'NX_10_ctr': '1.95800', 'NX_10_len_tra': 10.0, 'NX_10_R_tra': 19.58}]
[I 240520 05:08:08 utils:142] Epoch: [154], Info: [{'num_test': 100, 'CV': '0.46300', 'CV_turn': '0.15433', 'ctr': '2.01600', 'len_tra': 30.0, 'R_tra': 60.48, 'NX_0_CV': '0.52500', 'NX_0_CV_turn': '0.17500', 'NX_0_ctr': '1.99933', 'NX_0_len_tra': 30.0, 'NX_0_R_tra': 59.98, 'NX_10_CV': '0.19500', 'NX_10_CV_turn': '0.19500', 'NX_10_ctr': '2.00900', 'NX_10_len_tra': 10.0, 'NX_10_R_tra': 20.09}]
[I 240520 05:08:38 utils:142] Epoch: [155], Info: [{'num_test': 100, 'CV': '0.43600', 'CV_turn': '0.14533', 'ctr': '2.02367', 'len_tra': 30.0, 'R_tra': 60.71, 'NX_0_CV': '0.46600', 'NX_0_CV_turn': '0.15533', 'NX_0_ctr': '2.06300', 'NX_0_len_tra': 30.0, 'NX_0_R_tra': 61.89, 'NX_10_CV': '0.16800', 'NX_10_CV_turn': '0.16800', 'NX_10_ctr': '1.91200', 'NX_10_len_tra': 10.0, 'NX_10_R_tra': 19.12}]
[I 240520 05:09:09 utils:142] Epoch: [156], Info: [{'num_test': 100, 'CV': '0.43700', 'CV_turn': '0.14567', 'ctr': '2.03267', 'len_tra': 30.0, 'R_tra': 60.98, 'NX_0_CV': '0.49100', 'NX_0_CV_turn': '0.16367', 'NX_0_ctr': '1.97067', 'NX_0_len_tra': 30.0, 'NX_0_R_tra': 59.12, 'NX_10_CV': '0.19000', 'NX_10_CV_turn': '0.19000', 'NX_10_ctr': '1.98600', 'NX_10_len_tra': 10.0, 'NX_10_R_tra': 19.86}]
[I 240520 05:09:39 utils:142] Epoch: [157], Info: [{'num_test': 100, 'CV': '0.41400', 'CV_turn': '0.13800', 'ctr': '2.11133', 'len_tra': 30.0, 'R_tra': 63.34, 'NX_0_CV': '0.51100', 'NX_0_CV_turn': '0.17033', 'NX_0_ctr': '2.03967', 'NX_0_len_tra': 30.0, 'NX_0_R_tra': 61.19, 'NX_10_CV': '0.19600', 'NX_10_CV_turn': '0.19600', 'NX_10_ctr': '2.02200', 'NX_10_len_tra': 10.0, 'NX_10_R_tra': 20.22}]
[I 240520 05:10:10 utils:142] Epoch: [158], Info: [{'num_test': 100, 'CV': '0.40900', 'CV_turn': '0.13633', 'ctr': '2.03967', 'len_tra': 30.0, 'R_tra': 61.19, 'NX_0_CV': '0.51100', 'NX_0_CV_turn': '0.17033', 'NX_0_ctr': '1.99700', 'NX_0_len_tra': 30.0, 'NX_0_R_tra': 59.91, 'NX_10_CV': '0.18700', 'NX_10_CV_turn': '0.18700', 'NX_10_ctr': '1.95000', 'NX_10_len_tra': 10.0, 'NX_10_R_tra': 19.5}]
[I 240520 05:10:42 utils:142] Epoch: [159], Info: [{'num_test': 100, 'CV': '0.44000', 'CV_turn': '0.14667', 'ctr': '2.03267', 'len_tra': 30.0, 'R_tra': 60.98, 'NX_0_CV': '0.48800', 'NX_0_CV_turn': '0.16267', 'NX_0_ctr': '1.91300', 'NX_0_len_tra': 30.0, 'NX_0_R_tra': 57.39, 'NX_10_CV': '0.18500', 'NX_10_CV_turn': '0.18500', 'NX_10_ctr': '1.87600', 'NX_10_len_tra': 10.0, 'NX_10_R_tra': 18.76}]
[I 240520 05:11:13 utils:142] Epoch: [160], Info: [{'num_test': 100, 'CV': '0.44000', 'CV_turn': '0.14667', 'ctr': '2.05300', 'len_tra': 30.0, 'R_tra': 61.59, 'NX_0_CV': '0.48400', 'NX_0_CV_turn': '0.16133', 'NX_0_ctr': '2.07133', 'NX_0_len_tra': 30.0, 'NX_0_R_tra': 62.14, 'NX_10_CV': '0.20600', 'NX_10_CV_turn': '0.20600', 'NX_10_ctr': '2.05600', 'NX_10_len_tra': 10.0, 'NX_10_R_tra': 20.56}]
[I 240520 05:11:44 utils:142] Epoch: [161], Info: [{'num_test': 100, 'CV': '0.46900', 'CV_turn': '0.15633', 'ctr': '2.12333', 'len_tra': 30.0, 'R_tra': 63.7, 'NX_0_CV': '0.50900', 'NX_0_CV_turn': '0.16967', 'NX_0_ctr': '1.97900', 'NX_0_len_tra': 30.0, 'NX_0_R_tra': 59.37, 'NX_10_CV': '0.21100', 'NX_10_CV_turn': '0.21100', 'NX_10_ctr': '1.98900', 'NX_10_len_tra': 10.0, 'NX_10_R_tra': 19.89}]
[I 240520 05:12:16 utils:142] Epoch: [162], Info: [{'num_test': 100, 'CV': '0.37000', 'CV_turn': '0.12333', 'ctr': '2.03733', 'len_tra': 30.0, 'R_tra': 61.12, 'NX_0_CV': '0.51500', 'NX_0_CV_turn': '0.17167', 'NX_0_ctr': '1.87933', 'NX_0_len_tra': 30.0, 'NX_0_R_tra': 56.38, 'NX_10_CV': '0.21300', 'NX_10_CV_turn': '0.21300', 'NX_10_ctr': '2.14500', 'NX_10_len_tra': 10.0, 'NX_10_R_tra': 21.45}]
[I 240520 05:12:47 utils:142] Epoch: [163], Info: [{'num_test': 100, 'CV': '0.43000', 'CV_turn': '0.14333', 'ctr': '2.04800', 'len_tra': 30.0, 'R_tra': 61.44, 'NX_0_CV': '0.50700', 'NX_0_CV_turn': '0.16900', 'NX_0_ctr': '2.02867', 'NX_0_len_tra': 30.0, 'NX_0_R_tra': 60.86, 'NX_10_CV': '0.20100', 'NX_10_CV_turn': '0.20100', 'NX_10_ctr': '1.99400', 'NX_10_len_tra': 10.0, 'NX_10_R_tra': 19.94}]
[I 240520 05:13:19 utils:142] Epoch: [164], Info: [{'num_test': 100, 'CV': '0.44200', 'CV_turn': '0.14733', 'ctr': '1.95067', 'len_tra': 30.0, 'R_tra': 58.52, 'NX_0_CV': '0.51500', 'NX_0_CV_turn': '0.17167', 'NX_0_ctr': '1.96800', 'NX_0_len_tra': 30.0, 'NX_0_R_tra': 59.04, 'NX_10_CV': '0.19500', 'NX_10_CV_turn': '0.19500', 'NX_10_ctr': '1.88900', 'NX_10_len_tra': 10.0, 'NX_10_R_tra': 18.89}]
[I 240520 05:13:51 utils:142] Epoch: [165], Info: [{'num_test': 100, 'CV': '0.45500', 'CV_turn': '0.15167', 'ctr': '1.94000', 'len_tra': 30.0, 'R_tra': 58.2, 'NX_0_CV': '0.51000', 'NX_0_CV_turn': '0.17000', 'NX_0_ctr': '1.90633', 'NX_0_len_tra': 30.0, 'NX_0_R_tra': 57.19, 'NX_10_CV': '0.19400', 'NX_10_CV_turn': '0.19400', 'NX_10_ctr': '1.82500', 'NX_10_len_tra': 10.0, 'NX_10_R_tra': 18.25}]
[I 240520 05:14:23 utils:142] Epoch: [166], Info: [{'num_test': 100, 'CV': '0.45700', 'CV_turn': '0.15233', 'ctr': '2.04167', 'len_tra': 30.0, 'R_tra': 61.25, 'NX_0_CV': '0.49500', 'NX_0_CV_turn': '0.16500', 'NX_0_ctr': '2.05900', 'NX_0_len_tra': 30.0, 'NX_0_R_tra': 61.77, 'NX_10_CV': '0.22300', 'NX_10_CV_turn': '0.22300', 'NX_10_ctr': '2.07400', 'NX_10_len_tra': 10.0, 'NX_10_R_tra': 20.74}]
[I 240520 05:14:55 utils:142] Epoch: [167], Info: [{'num_test': 100, 'CV': '0.41600', 'CV_turn': '0.13867', 'ctr': '1.99500', 'len_tra': 30.0, 'R_tra': 59.85, 'NX_0_CV': '0.52500', 'NX_0_CV_turn': '0.17500', 'NX_0_ctr': '1.96167', 'NX_0_len_tra': 30.0, 'NX_0_R_tra': 58.85, 'NX_10_CV': '0.22400', 'NX_10_CV_turn': '0.22400', 'NX_10_ctr': '2.10900', 'NX_10_len_tra': 10.0, 'NX_10_R_tra': 21.09}]
[I 240520 05:15:27 utils:142] Epoch: [168], Info: [{'num_test': 100, 'CV': '0.44300', 'CV_turn': '0.14767', 'ctr': '2.00600', 'len_tra': 30.0, 'R_tra': 60.18, 'NX_0_CV': '0.48900', 'NX_0_CV_turn': '0.16300', 'NX_0_ctr': '1.91800', 'NX_0_len_tra': 30.0, 'NX_0_R_tra': 57.54, 'NX_10_CV': '0.19700', 'NX_10_CV_turn': '0.19700', 'NX_10_ctr': '2.09700', 'NX_10_len_tra': 10.0, 'NX_10_R_tra': 20.97}]
[I 240520 05:16:00 utils:142] Epoch: [169], Info: [{'num_test': 100, 'CV': '0.40100', 'CV_turn': '0.13367', 'ctr': '1.95433', 'len_tra': 30.0, 'R_tra': 58.63, 'NX_0_CV': '0.48900', 'NX_0_CV_turn': '0.16300', 'NX_0_ctr': '2.02733', 'NX_0_len_tra': 30.0, 'NX_0_R_tra': 60.82, 'NX_10_CV': '0.20000', 'NX_10_CV_turn': '0.20000', 'NX_10_ctr': '1.91000', 'NX_10_len_tra': 10.0, 'NX_10_R_tra': 19.1}]
[I 240520 05:16:32 utils:142] Epoch: [170], Info: [{'num_test': 100, 'CV': '0.44700', 'CV_turn': '0.14900', 'ctr': '1.95600', 'len_tra': 30.0, 'R_tra': 58.68, 'NX_0_CV': '0.51500', 'NX_0_CV_turn': '0.17167', 'NX_0_ctr': '1.98300', 'NX_0_len_tra': 30.0, 'NX_0_R_tra': 59.49, 'NX_10_CV': '0.21600', 'NX_10_CV_turn': '0.21600', 'NX_10_ctr': '2.01100', 'NX_10_len_tra': 10.0, 'NX_10_R_tra': 20.11}]
[I 240520 05:17:04 utils:142] Epoch: [171], Info: [{'num_test': 100, 'CV': '0.39200', 'CV_turn': '0.13067', 'ctr': '2.05633', 'len_tra': 30.0, 'R_tra': 61.69, 'NX_0_CV': '0.50600', 'NX_0_CV_turn': '0.16867', 'NX_0_ctr': '2.01467', 'NX_0_len_tra': 30.0, 'NX_0_R_tra': 60.44, 'NX_10_CV': '0.19600', 'NX_10_CV_turn': '0.19600', 'NX_10_ctr': '2.00900', 'NX_10_len_tra': 10.0, 'NX_10_R_tra': 20.09}]
[I 240520 05:17:37 utils:142] Epoch: [172], Info: [{'num_test': 100, 'CV': '0.48600', 'CV_turn': '0.16200', 'ctr': '2.01000', 'len_tra': 30.0, 'R_tra': 60.3, 'NX_0_CV': '0.52800', 'NX_0_CV_turn': '0.17600', 'NX_0_ctr': '1.90600', 'NX_0_len_tra': 30.0, 'NX_0_R_tra': 57.18, 'NX_10_CV': '0.22200', 'NX_10_CV_turn': '0.22200', 'NX_10_ctr': '1.97200', 'NX_10_len_tra': 10.0, 'NX_10_R_tra': 19.72}]
[I 240520 05:18:10 utils:142] Epoch: [173], Info: [{'num_test': 100, 'CV': '0.45700', 'CV_turn': '0.15233', 'ctr': '2.03867', 'len_tra': 30.0, 'R_tra': 61.16, 'NX_0_CV': '0.53000', 'NX_0_CV_turn': '0.17667', 'NX_0_ctr': '1.96467', 'NX_0_len_tra': 30.0, 'NX_0_R_tra': 58.94, 'NX_10_CV': '0.22000', 'NX_10_CV_turn': '0.22000', 'NX_10_ctr': '2.03900', 'NX_10_len_tra': 10.0, 'NX_10_R_tra': 20.39}]
[I 240520 05:18:42 utils:142] Epoch: [174], Info: [{'num_test': 100, 'CV': '0.44500', 'CV_turn': '0.14833', 'ctr': '1.93333', 'len_tra': 30.0, 'R_tra': 58.0, 'NX_0_CV': '0.50100', 'NX_0_CV_turn': '0.16700', 'NX_0_ctr': '2.05100', 'NX_0_len_tra': 30.0, 'NX_0_R_tra': 61.53, 'NX_10_CV': '0.21700', 'NX_10_CV_turn': '0.21700', 'NX_10_ctr': '2.11100', 'NX_10_len_tra': 10.0, 'NX_10_R_tra': 21.11}]
[I 240520 05:19:15 utils:142] Epoch: [175], Info: [{'num_test': 100, 'CV': '0.42300', 'CV_turn': '0.14100', 'ctr': '2.07500', 'len_tra': 30.0, 'R_tra': 62.25, 'NX_0_CV': '0.49300', 'NX_0_CV_turn': '0.16433', 'NX_0_ctr': '2.07467', 'NX_0_len_tra': 30.0, 'NX_0_R_tra': 62.24, 'NX_10_CV': '0.15600', 'NX_10_CV_turn': '0.15600', 'NX_10_ctr': '1.86100', 'NX_10_len_tra': 10.0, 'NX_10_R_tra': 18.61}]
[I 240520 05:19:48 utils:142] Epoch: [176], Info: [{'num_test': 100, 'CV': '0.43700', 'CV_turn': '0.14567', 'ctr': '1.96467', 'len_tra': 30.0, 'R_tra': 58.94, 'NX_0_CV': '0.50200', 'NX_0_CV_turn': '0.16733', 'NX_0_ctr': '1.95367', 'NX_0_len_tra': 30.0, 'NX_0_R_tra': 58.61, 'NX_10_CV': '0.21800', 'NX_10_CV_turn': '0.21800', 'NX_10_ctr': '2.01600', 'NX_10_len_tra': 10.0, 'NX_10_R_tra': 20.16}]
[I 240520 05:20:22 utils:142] Epoch: [177], Info: [{'num_test': 100, 'CV': '0.41500', 'CV_turn': '0.13833', 'ctr': '2.09833', 'len_tra': 30.0, 'R_tra': 62.95, 'NX_0_CV': '0.50800', 'NX_0_CV_turn': '0.16933', 'NX_0_ctr': '2.05333', 'NX_0_len_tra': 30.0, 'NX_0_R_tra': 61.6, 'NX_10_CV': '0.17900', 'NX_10_CV_turn': '0.17900', 'NX_10_ctr': '2.04900', 'NX_10_len_tra': 10.0, 'NX_10_R_tra': 20.49}]
[I 240520 05:20:55 utils:142] Epoch: [178], Info: [{'num_test': 100, 'CV': '0.43600', 'CV_turn': '0.14533', 'ctr': '2.09200', 'len_tra': 30.0, 'R_tra': 62.76, 'NX_0_CV': '0.50600', 'NX_0_CV_turn': '0.16867', 'NX_0_ctr': '1.97133', 'NX_0_len_tra': 30.0, 'NX_0_R_tra': 59.14, 'NX_10_CV': '0.20100', 'NX_10_CV_turn': '0.20100', 'NX_10_ctr': '2.03400', 'NX_10_len_tra': 10.0, 'NX_10_R_tra': 20.34}]
[I 240520 05:21:29 utils:142] Epoch: [179], Info: [{'num_test': 100, 'CV': '0.43800', 'CV_turn': '0.14600', 'ctr': '1.99367', 'len_tra': 30.0, 'R_tra': 59.81, 'NX_0_CV': '0.52500', 'NX_0_CV_turn': '0.17500', 'NX_0_ctr': '2.04567', 'NX_0_len_tra': 30.0, 'NX_0_R_tra': 61.37, 'NX_10_CV': '0.23100', 'NX_10_CV_turn': '0.23100', 'NX_10_ctr': '2.15600', 'NX_10_len_tra': 10.0, 'NX_10_R_tra': 21.56}]
[I 240520 05:22:02 utils:142] Epoch: [180], Info: [{'num_test': 100, 'CV': '0.46400', 'CV_turn': '0.15467', 'ctr': '1.88100', 'len_tra': 30.0, 'R_tra': 56.43, 'NX_0_CV': '0.54300', 'NX_0_CV_turn': '0.18100', 'NX_0_ctr': '2.02167', 'NX_0_len_tra': 30.0, 'NX_0_R_tra': 60.65, 'NX_10_CV': '0.19500', 'NX_10_CV_turn': '0.19500', 'NX_10_ctr': '2.07800', 'NX_10_len_tra': 10.0, 'NX_10_R_tra': 20.78}]
[I 240520 05:22:36 utils:142] Epoch: [181], Info: [{'num_test': 100, 'CV': '0.46000', 'CV_turn': '0.15333', 'ctr': '1.97100', 'len_tra': 30.0, 'R_tra': 59.13, 'NX_0_CV': '0.51300', 'NX_0_CV_turn': '0.17100', 'NX_0_ctr': '1.95633', 'NX_0_len_tra': 30.0, 'NX_0_R_tra': 58.69, 'NX_10_CV': '0.24000', 'NX_10_CV_turn': '0.24000', 'NX_10_ctr': '1.95700', 'NX_10_len_tra': 10.0, 'NX_10_R_tra': 19.57}]
[I 240520 05:23:10 utils:142] Epoch: [182], Info: [{'num_test': 100, 'CV': '0.45600', 'CV_turn': '0.15200', 'ctr': '1.97467', 'len_tra': 30.0, 'R_tra': 59.24, 'NX_0_CV': '0.50700', 'NX_0_CV_turn': '0.16900', 'NX_0_ctr': '2.05933', 'NX_0_len_tra': 30.0, 'NX_0_R_tra': 61.78, 'NX_10_CV': '0.23700', 'NX_10_CV_turn': '0.23700', 'NX_10_ctr': '2.03800', 'NX_10_len_tra': 10.0, 'NX_10_R_tra': 20.38}]
[I 240520 05:23:44 utils:142] Epoch: [183], Info: [{'num_test': 100, 'CV': '0.45000', 'CV_turn': '0.15000', 'ctr': '1.96167', 'len_tra': 30.0, 'R_tra': 58.85, 'NX_0_CV': '0.50900', 'NX_0_CV_turn': '0.16967', 'NX_0_ctr': '2.02300', 'NX_0_len_tra': 30.0, 'NX_0_R_tra': 60.69, 'NX_10_CV': '0.17800', 'NX_10_CV_turn': '0.17800', 'NX_10_ctr': '1.95900', 'NX_10_len_tra': 10.0, 'NX_10_R_tra': 19.59}]
[I 240520 05:24:18 utils:142] Epoch: [184], Info: [{'num_test': 100, 'CV': '0.43500', 'CV_turn': '0.14500', 'ctr': '1.97967', 'len_tra': 30.0, 'R_tra': 59.39, 'NX_0_CV': '0.51300', 'NX_0_CV_turn': '0.17100', 'NX_0_ctr': '1.97167', 'NX_0_len_tra': 30.0, 'NX_0_R_tra': 59.15, 'NX_10_CV': '0.21700', 'NX_10_CV_turn': '0.21700', 'NX_10_ctr': '1.90300', 'NX_10_len_tra': 10.0, 'NX_10_R_tra': 19.03}]
[I 240520 05:24:52 utils:142] Epoch: [185], Info: [{'num_test': 100, 'CV': '0.46500', 'CV_turn': '0.15500', 'ctr': '1.97667', 'len_tra': 30.0, 'R_tra': 59.3, 'NX_0_CV': '0.51700', 'NX_0_CV_turn': '0.17233', 'NX_0_ctr': '1.99700', 'NX_0_len_tra': 30.0, 'NX_0_R_tra': 59.91, 'NX_10_CV': '0.23200', 'NX_10_CV_turn': '0.23200', 'NX_10_ctr': '1.97200', 'NX_10_len_tra': 10.0, 'NX_10_R_tra': 19.72}]
[I 240520 05:25:26 utils:142] Epoch: [186], Info: [{'num_test': 100, 'CV': '0.45800', 'CV_turn': '0.15267', 'ctr': '2.03333', 'len_tra': 30.0, 'R_tra': 61.0, 'NX_0_CV': '0.49000', 'NX_0_CV_turn': '0.16333', 'NX_0_ctr': '1.92500', 'NX_0_len_tra': 30.0, 'NX_0_R_tra': 57.75, 'NX_10_CV': '0.22100', 'NX_10_CV_turn': '0.22100', 'NX_10_ctr': '2.10600', 'NX_10_len_tra': 10.0, 'NX_10_R_tra': 21.06}]
[I 240520 05:26:00 utils:142] Epoch: [187], Info: [{'num_test': 100, 'CV': '0.43700', 'CV_turn': '0.14567', 'ctr': '1.90733', 'len_tra': 30.0, 'R_tra': 57.22, 'NX_0_CV': '0.49600', 'NX_0_CV_turn': '0.16533', 'NX_0_ctr': '1.93333', 'NX_0_len_tra': 30.0, 'NX_0_R_tra': 58.0, 'NX_10_CV': '0.14000', 'NX_10_CV_turn': '0.14000', 'NX_10_ctr': '1.94700', 'NX_10_len_tra': 10.0, 'NX_10_R_tra': 19.47}]
[I 240520 05:26:34 utils:142] Epoch: [188], Info: [{'num_test': 100, 'CV': '0.43700', 'CV_turn': '0.14567', 'ctr': '2.05900', 'len_tra': 30.0, 'R_tra': 61.77, 'NX_0_CV': '0.49700', 'NX_0_CV_turn': '0.16567', 'NX_0_ctr': '1.95000', 'NX_0_len_tra': 30.0, 'NX_0_R_tra': 58.5, 'NX_10_CV': '0.20800', 'NX_10_CV_turn': '0.20800', 'NX_10_ctr': '1.99100', 'NX_10_len_tra': 10.0, 'NX_10_R_tra': 19.91}]
[I 240520 05:27:09 utils:142] Epoch: [189], Info: [{'num_test': 100, 'CV': '0.46200', 'CV_turn': '0.15400', 'ctr': '2.03000', 'len_tra': 30.0, 'R_tra': 60.9, 'NX_0_CV': '0.50600', 'NX_0_CV_turn': '0.16867', 'NX_0_ctr': '1.92600', 'NX_0_len_tra': 30.0, 'NX_0_R_tra': 57.78, 'NX_10_CV': '0.21200', 'NX_10_CV_turn': '0.21200', 'NX_10_ctr': '1.83500', 'NX_10_len_tra': 10.0, 'NX_10_R_tra': 18.35}]
[I 240520 05:27:43 utils:142] Epoch: [190], Info: [{'num_test': 100, 'CV': '0.45500', 'CV_turn': '0.15167', 'ctr': '1.99767', 'len_tra': 30.0, 'R_tra': 59.93, 'NX_0_CV': '0.51300', 'NX_0_CV_turn': '0.17100', 'NX_0_ctr': '2.12233', 'NX_0_len_tra': 30.0, 'NX_0_R_tra': 63.67, 'NX_10_CV': '0.19500', 'NX_10_CV_turn': '0.19500', 'NX_10_ctr': '1.86900', 'NX_10_len_tra': 10.0, 'NX_10_R_tra': 18.69}]
[I 240520 05:28:18 utils:142] Epoch: [191], Info: [{'num_test': 100, 'CV': '0.48100', 'CV_turn': '0.16033', 'ctr': '2.06600', 'len_tra': 30.0, 'R_tra': 61.98, 'NX_0_CV': '0.53000', 'NX_0_CV_turn': '0.17667', 'NX_0_ctr': '1.88933', 'NX_0_len_tra': 30.0, 'NX_0_R_tra': 56.68, 'NX_10_CV': '0.21600', 'NX_10_CV_turn': '0.21600', 'NX_10_ctr': '1.99400', 'NX_10_len_tra': 10.0, 'NX_10_R_tra': 19.94}]
[I 240520 05:28:53 utils:142] Epoch: [192], Info: [{'num_test': 100, 'CV': '0.48000', 'CV_turn': '0.16000', 'ctr': '1.88567', 'len_tra': 30.0, 'R_tra': 56.57, 'NX_0_CV': '0.52500', 'NX_0_CV_turn': '0.17500', 'NX_0_ctr': '1.95300', 'NX_0_len_tra': 30.0, 'NX_0_R_tra': 58.59, 'NX_10_CV': '0.20900', 'NX_10_CV_turn': '0.20900', 'NX_10_ctr': '1.86000', 'NX_10_len_tra': 10.0, 'NX_10_R_tra': 18.6}]
[I 240520 05:29:27 utils:142] Epoch: [193], Info: [{'num_test': 100, 'CV': '0.48700', 'CV_turn': '0.16233', 'ctr': '2.03300', 'len_tra': 30.0, 'R_tra': 60.99, 'NX_0_CV': '0.53500', 'NX_0_CV_turn': '0.17833', 'NX_0_ctr': '1.97033', 'NX_0_len_tra': 30.0, 'NX_0_R_tra': 59.11, 'NX_10_CV': '0.22600', 'NX_10_CV_turn': '0.22600', 'NX_10_ctr': '1.97200', 'NX_10_len_tra': 10.0, 'NX_10_R_tra': 19.72}]
[I 240520 05:30:02 utils:142] Epoch: [194], Info: [{'num_test': 100, 'CV': '0.42100', 'CV_turn': '0.14033', 'ctr': '2.09467', 'len_tra': 30.0, 'R_tra': 62.84, 'NX_0_CV': '0.51800', 'NX_0_CV_turn': '0.17267', 'NX_0_ctr': '1.99100', 'NX_0_len_tra': 30.0, 'NX_0_R_tra': 59.73, 'NX_10_CV': '0.20800', 'NX_10_CV_turn': '0.20800', 'NX_10_ctr': '2.11700', 'NX_10_len_tra': 10.0, 'NX_10_R_tra': 21.17}]
[I 240520 05:30:37 utils:142] Epoch: [195], Info: [{'num_test': 100, 'CV': '0.44200', 'CV_turn': '0.14733', 'ctr': '1.98467', 'len_tra': 30.0, 'R_tra': 59.54, 'NX_0_CV': '0.51700', 'NX_0_CV_turn': '0.17233', 'NX_0_ctr': '1.92233', 'NX_0_len_tra': 30.0, 'NX_0_R_tra': 57.67, 'NX_10_CV': '0.17400', 'NX_10_CV_turn': '0.17400', 'NX_10_ctr': '1.86400', 'NX_10_len_tra': 10.0, 'NX_10_R_tra': 18.64}]
[I 240520 05:31:12 utils:142] Epoch: [196], Info: [{'num_test': 100, 'CV': '0.42600', 'CV_turn': '0.14200', 'ctr': '2.09067', 'len_tra': 30.0, 'R_tra': 62.72, 'NX_0_CV': '0.51000', 'NX_0_CV_turn': '0.17000', 'NX_0_ctr': '2.03133', 'NX_0_len_tra': 30.0, 'NX_0_R_tra': 60.94, 'NX_10_CV': '0.18900', 'NX_10_CV_turn': '0.18900', 'NX_10_ctr': '1.93400', 'NX_10_len_tra': 10.0, 'NX_10_R_tra': 19.34}]
[I 240520 05:31:47 utils:142] Epoch: [197], Info: [{'num_test': 100, 'CV': '0.41700', 'CV_turn': '0.13900', 'ctr': '2.09167', 'len_tra': 30.0, 'R_tra': 62.75, 'NX_0_CV': '0.52400', 'NX_0_CV_turn': '0.17467', 'NX_0_ctr': '2.03867', 'NX_0_len_tra': 30.0, 'NX_0_R_tra': 61.16, 'NX_10_CV': '0.22500', 'NX_10_CV_turn': '0.22500', 'NX_10_ctr': '1.98300', 'NX_10_len_tra': 10.0, 'NX_10_R_tra': 19.83}]
[I 240520 05:32:23 utils:142] Epoch: [198], Info: [{'num_test': 100, 'CV': '0.45100', 'CV_turn': '0.15033', 'ctr': '1.91733', 'len_tra': 30.0, 'R_tra': 57.52, 'NX_0_CV': '0.47900', 'NX_0_CV_turn': '0.15967', 'NX_0_ctr': '1.90800', 'NX_0_len_tra': 30.0, 'NX_0_R_tra': 57.24, 'NX_10_CV': '0.20700', 'NX_10_CV_turn': '0.20700', 'NX_10_ctr': '2.00800', 'NX_10_len_tra': 10.0, 'NX_10_R_tra': 20.08}]
[I 240520 05:32:58 utils:142] Epoch: [199], Info: [{'num_test': 100, 'CV': '0.45200', 'CV_turn': '0.15067', 'ctr': '1.83000', 'len_tra': 30.0, 'R_tra': 54.9, 'NX_0_CV': '0.50800', 'NX_0_CV_turn': '0.16933', 'NX_0_ctr': '1.98567', 'NX_0_len_tra': 30.0, 'NX_0_R_tra': 59.57, 'NX_10_CV': '0.20200', 'NX_10_CV_turn': '0.20200', 'NX_10_ctr': '2.01300', 'NX_10_len_tra': 10.0, 'NX_10_R_tra': 20.13}]
[I 240520 05:33:34 utils:142] Epoch: [200], Info: [{'num_test': 100, 'CV': '0.47200', 'CV_turn': '0.15733', 'ctr': '1.94667', 'len_tra': 30.0, 'R_tra': 58.4, 'NX_0_CV': '0.52300', 'NX_0_CV_turn': '0.17433', 'NX_0_ctr': '1.93100', 'NX_0_len_tra': 30.0, 'NX_0_R_tra': 57.93, 'NX_10_CV': '0.25000', 'NX_10_CV_turn': '0.25000', 'NX_10_ctr': '2.11600', 'NX_10_len_tra': 10.0, 'NX_10_R_tra': 21.16}]
[I 240520 05:33:34 run_Policy_CQL:126] {'duration': '6499.04s', 'train_time/model': '6498.95s', 'test_step': 3000, 'test_episode': 100, 'test_time': '0.08s', 'test_speed': '35457.31 step/s', 'best_reward': 91.2, 'best_result': '91.20  37.93'}
