[I 240414 12:35:47 policy_utils:47] {
      "env": "YahooEnv-v0",
      "user_model_name": "DeepFM",
      "model_name": "CRR",
      "seed": 0,
      "cuda": 1,
      "draw_bar": false,
      "is_userinfo": true,
      "is_all_item_ranking": false,
      "cpu": false,
      "is_save": false,
      "use_userEmbedding": false,
      "exploration_noise": false,
      "eps": 0.1,
      "freeze_emb": false,
      "reward_handle": "cat",
      "which_tracker": "avg",
      "embedding_dim": 32,
      "window_size": 3,
      "filter_sizes": [
        2,
        3,
        4
      ],
      "num_filters": 16,
      "dropout_rate": 0.1,
      "num_heads": 1,
      "version": "v1",
      "tau": 0,
      "gamma_exposure": 10,
      "lambda_variance": 0.05,
      "lambda_entropy": 5,
      "use_exposure_intervention": false,
      "buffer_size": 100000,
      "lr": 0.001,
      "epoch": 200,
      "batch_size": 1024,
      "hidden_sizes": [
        64,
        64
      ],
      "episode_per_collect": 100,
      "training_num": 100,
      "test_num": 100,
      "render": 0,
      "reward_threshold": null,
      "gamma": 0.9,
      "step_per_epoch": 1000,
      "repeat_per_collect": 1,
      "logdir": "log",
      "vf_coef": 0.5,
      "ent_coef": 0.0,
      "max_grad_norm": null,
      "gae_lambda": 1.0,
      "rew_norm": false,
      "read_message": "pointneg",
      "message": "CRR",
      "remark_pre": "",
      "remark": "",
      "scratch": false,
      "use_hidden": true,
      "num_att_heads": 1,
      "num_att_layers": 2,
      "att_dropout": 0.1,
      "use_ckpt": false,
      "change_pred_reward": false,
      "change_var": false,
      "kr": 1,
      "ku": 1,
      "r_and_u": "minus",
      "use_wandb": false,
      "all_item_ranking": false,
      "is_binarize": true,
      "need_transform": false,
      "entropy_window": [],
      "rating_threshold": 4,
      "yfeat": "rating",
      "leave_threshold": 0.0,
      "num_leave_compute": 1,
      "max_turn": 30,
      "force_length": 10,
      "top_rate": 0.8,
      "eps_test": 0.001,
      "n_step": 3,
      "target_update_freq": 320,
      "hostname": "wukong-ThinkStation-P620"
    }
[I 240414 12:36:08 utils:142] Epoch: [1], Info: [{'num_test': 100, 'CV': '0.05900', 'CV_turn': '0.01967', 'ctr': '2.93633', 'len_tra': 30.0, 'R_tra': 88.09, 'NX_0_CV': '0.93100', 'NX_0_CV_turn': '0.31033', 'NX_0_ctr': '1.94700', 'NX_0_len_tra': 30.0, 'NX_0_R_tra': 58.41, 'NX_10_CV': '0.60000', 'NX_10_CV_turn': '0.60000', 'NX_10_ctr': '1.93500', 'NX_10_len_tra': 10.0, 'NX_10_R_tra': 19.35}]
[I 240414 12:36:15 utils:142] Epoch: [2], Info: [{'num_test': 100, 'CV': '0.05200', 'CV_turn': '0.01733', 'ctr': '3.00967', 'len_tra': 30.0, 'R_tra': 90.29, 'NX_0_CV': '0.94300', 'NX_0_CV_turn': '0.31433', 'NX_0_ctr': '1.85000', 'NX_0_len_tra': 30.0, 'NX_0_R_tra': 55.5, 'NX_10_CV': '0.61100', 'NX_10_CV_turn': '0.61100', 'NX_10_ctr': '2.04200', 'NX_10_len_tra': 10.0, 'NX_10_R_tra': 20.42}]
[I 240414 12:36:23 utils:142] Epoch: [3], Info: [{'num_test': 100, 'CV': '0.05200', 'CV_turn': '0.01733', 'ctr': '2.72133', 'len_tra': 30.0, 'R_tra': 81.64, 'NX_0_CV': '0.93600', 'NX_0_CV_turn': '0.31200', 'NX_0_ctr': '2.03400', 'NX_0_len_tra': 30.0, 'NX_0_R_tra': 61.02, 'NX_10_CV': '0.57600', 'NX_10_CV_turn': '0.57600', 'NX_10_ctr': '1.95300', 'NX_10_len_tra': 10.0, 'NX_10_R_tra': 19.53}]
[I 240414 12:36:31 utils:142] Epoch: [4], Info: [{'num_test': 100, 'CV': '0.05500', 'CV_turn': '0.01833', 'ctr': '2.74200', 'len_tra': 30.0, 'R_tra': 82.26, 'NX_0_CV': '0.95700', 'NX_0_CV_turn': '0.31900', 'NX_0_ctr': '1.86967', 'NX_0_len_tra': 30.0, 'NX_0_R_tra': 56.09, 'NX_10_CV': '0.59400', 'NX_10_CV_turn': '0.59400', 'NX_10_ctr': '1.97300', 'NX_10_len_tra': 10.0, 'NX_10_R_tra': 19.73}]
[I 240414 12:36:39 utils:142] Epoch: [5], Info: [{'num_test': 100, 'CV': '0.05400', 'CV_turn': '0.01800', 'ctr': '2.99867', 'len_tra': 30.0, 'R_tra': 89.96, 'NX_0_CV': '0.93500', 'NX_0_CV_turn': '0.31167', 'NX_0_ctr': '1.90533', 'NX_0_len_tra': 30.0, 'NX_0_R_tra': 57.16, 'NX_10_CV': '0.59900', 'NX_10_CV_turn': '0.59900', 'NX_10_ctr': '1.99100', 'NX_10_len_tra': 10.0, 'NX_10_R_tra': 19.91}]
[I 240414 12:36:47 utils:142] Epoch: [6], Info: [{'num_test': 100, 'CV': '0.04600', 'CV_turn': '0.01533', 'ctr': '2.86133', 'len_tra': 30.0, 'R_tra': 85.84, 'NX_0_CV': '0.94200', 'NX_0_CV_turn': '0.31400', 'NX_0_ctr': '1.88567', 'NX_0_len_tra': 30.0, 'NX_0_R_tra': 56.57, 'NX_10_CV': '0.58300', 'NX_10_CV_turn': '0.58300', 'NX_10_ctr': '2.05300', 'NX_10_len_tra': 10.0, 'NX_10_R_tra': 20.53}]
[I 240414 12:36:55 utils:142] Epoch: [7], Info: [{'num_test': 100, 'CV': '0.05300', 'CV_turn': '0.01767', 'ctr': '2.98600', 'len_tra': 30.0, 'R_tra': 89.58, 'NX_0_CV': '0.95100', 'NX_0_CV_turn': '0.31700', 'NX_0_ctr': '1.99233', 'NX_0_len_tra': 30.0, 'NX_0_R_tra': 59.77, 'NX_10_CV': '0.58700', 'NX_10_CV_turn': '0.58700', 'NX_10_ctr': '2.06200', 'NX_10_len_tra': 10.0, 'NX_10_R_tra': 20.62}]
[I 240414 12:37:03 utils:142] Epoch: [8], Info: [{'num_test': 100, 'CV': '0.03800', 'CV_turn': '0.01267', 'ctr': '2.92033', 'len_tra': 30.0, 'R_tra': 87.61, 'NX_0_CV': '0.94300', 'NX_0_CV_turn': '0.31433', 'NX_0_ctr': '2.03200', 'NX_0_len_tra': 30.0, 'NX_0_R_tra': 60.96, 'NX_10_CV': '0.60200', 'NX_10_CV_turn': '0.60200', 'NX_10_ctr': '1.99800', 'NX_10_len_tra': 10.0, 'NX_10_R_tra': 19.98}]
[I 240414 12:37:11 utils:142] Epoch: [9], Info: [{'num_test': 100, 'CV': '0.04300', 'CV_turn': '0.01433', 'ctr': '2.90033', 'len_tra': 30.0, 'R_tra': 87.01, 'NX_0_CV': '0.94600', 'NX_0_CV_turn': '0.31533', 'NX_0_ctr': '1.84300', 'NX_0_len_tra': 30.0, 'NX_0_R_tra': 55.29, 'NX_10_CV': '0.60900', 'NX_10_CV_turn': '0.60900', 'NX_10_ctr': '1.91900', 'NX_10_len_tra': 10.0, 'NX_10_R_tra': 19.19}]
[I 240414 12:37:19 utils:142] Epoch: [10], Info: [{'num_test': 100, 'CV': '0.03400', 'CV_turn': '0.01133', 'ctr': '3.02600', 'len_tra': 30.0, 'R_tra': 90.78, 'NX_0_CV': '0.94500', 'NX_0_CV_turn': '0.31500', 'NX_0_ctr': '1.85600', 'NX_0_len_tra': 30.0, 'NX_0_R_tra': 55.68, 'NX_10_CV': '0.59500', 'NX_10_CV_turn': '0.59500', 'NX_10_ctr': '1.95400', 'NX_10_len_tra': 10.0, 'NX_10_R_tra': 19.54}]
[I 240414 12:37:26 utils:142] Epoch: [11], Info: [{'num_test': 100, 'CV': '0.03700', 'CV_turn': '0.01233', 'ctr': '2.76833', 'len_tra': 30.0, 'R_tra': 83.05, 'NX_0_CV': '0.95200', 'NX_0_CV_turn': '0.31733', 'NX_0_ctr': '1.98500', 'NX_0_len_tra': 30.0, 'NX_0_R_tra': 59.55, 'NX_10_CV': '0.60400', 'NX_10_CV_turn': '0.60400', 'NX_10_ctr': '1.99300', 'NX_10_len_tra': 10.0, 'NX_10_R_tra': 19.93}]
[I 240414 12:37:34 utils:142] Epoch: [12], Info: [{'num_test': 100, 'CV': '0.03900', 'CV_turn': '0.01300', 'ctr': '2.80067', 'len_tra': 30.0, 'R_tra': 84.02, 'NX_0_CV': '0.95700', 'NX_0_CV_turn': '0.31900', 'NX_0_ctr': '1.89133', 'NX_0_len_tra': 30.0, 'NX_0_R_tra': 56.74, 'NX_10_CV': '0.58800', 'NX_10_CV_turn': '0.58800', 'NX_10_ctr': '2.00800', 'NX_10_len_tra': 10.0, 'NX_10_R_tra': 20.08}]
[I 240414 12:37:42 utils:142] Epoch: [13], Info: [{'num_test': 100, 'CV': '0.04300', 'CV_turn': '0.01433', 'ctr': '2.83000', 'len_tra': 30.0, 'R_tra': 84.9, 'NX_0_CV': '0.93600', 'NX_0_CV_turn': '0.31200', 'NX_0_ctr': '1.83767', 'NX_0_len_tra': 30.0, 'NX_0_R_tra': 55.13, 'NX_10_CV': '0.59100', 'NX_10_CV_turn': '0.59100', 'NX_10_ctr': '2.06200', 'NX_10_len_tra': 10.0, 'NX_10_R_tra': 20.62}]
[I 240414 12:37:50 utils:142] Epoch: [14], Info: [{'num_test': 100, 'CV': '0.04500', 'CV_turn': '0.01500', 'ctr': '2.75467', 'len_tra': 30.0, 'R_tra': 82.64, 'NX_0_CV': '0.94400', 'NX_0_CV_turn': '0.31467', 'NX_0_ctr': '1.89400', 'NX_0_len_tra': 30.0, 'NX_0_R_tra': 56.82, 'NX_10_CV': '0.60200', 'NX_10_CV_turn': '0.60200', 'NX_10_ctr': '1.99300', 'NX_10_len_tra': 10.0, 'NX_10_R_tra': 19.93}]
[I 240414 12:37:58 utils:142] Epoch: [15], Info: [{'num_test': 100, 'CV': '0.03800', 'CV_turn': '0.01267', 'ctr': '2.82567', 'len_tra': 30.0, 'R_tra': 84.77, 'NX_0_CV': '0.93200', 'NX_0_CV_turn': '0.31067', 'NX_0_ctr': '1.92700', 'NX_0_len_tra': 30.0, 'NX_0_R_tra': 57.81, 'NX_10_CV': '0.60700', 'NX_10_CV_turn': '0.60700', 'NX_10_ctr': '1.93900', 'NX_10_len_tra': 10.0, 'NX_10_R_tra': 19.39}]
[I 240414 12:38:05 utils:142] Epoch: [16], Info: [{'num_test': 100, 'CV': '0.04000', 'CV_turn': '0.01333', 'ctr': '2.81833', 'len_tra': 30.0, 'R_tra': 84.55, 'NX_0_CV': '0.95000', 'NX_0_CV_turn': '0.31667', 'NX_0_ctr': '1.90533', 'NX_0_len_tra': 30.0, 'NX_0_R_tra': 57.16, 'NX_10_CV': '0.59000', 'NX_10_CV_turn': '0.59000', 'NX_10_ctr': '2.02400', 'NX_10_len_tra': 10.0, 'NX_10_R_tra': 20.24}]
[I 240414 12:38:13 utils:142] Epoch: [17], Info: [{'num_test': 100, 'CV': '0.05000', 'CV_turn': '0.01667', 'ctr': '3.18833', 'len_tra': 30.0, 'R_tra': 95.65, 'NX_0_CV': '0.95200', 'NX_0_CV_turn': '0.31733', 'NX_0_ctr': '1.88200', 'NX_0_len_tra': 30.0, 'NX_0_R_tra': 56.46, 'NX_10_CV': '0.60100', 'NX_10_CV_turn': '0.60100', 'NX_10_ctr': '1.99500', 'NX_10_len_tra': 10.0, 'NX_10_R_tra': 19.95}]
[I 240414 12:38:21 utils:142] Epoch: [18], Info: [{'num_test': 100, 'CV': '0.04500', 'CV_turn': '0.01500', 'ctr': '2.70700', 'len_tra': 30.0, 'R_tra': 81.21, 'NX_0_CV': '0.94700', 'NX_0_CV_turn': '0.31567', 'NX_0_ctr': '1.82900', 'NX_0_len_tra': 30.0, 'NX_0_R_tra': 54.87, 'NX_10_CV': '0.58500', 'NX_10_CV_turn': '0.58500', 'NX_10_ctr': '1.89000', 'NX_10_len_tra': 10.0, 'NX_10_R_tra': 18.9}]
[I 240414 12:38:29 utils:142] Epoch: [19], Info: [{'num_test': 100, 'CV': '0.05800', 'CV_turn': '0.01933', 'ctr': '2.97700', 'len_tra': 30.0, 'R_tra': 89.31, 'NX_0_CV': '0.94900', 'NX_0_CV_turn': '0.31633', 'NX_0_ctr': '1.96633', 'NX_0_len_tra': 30.0, 'NX_0_R_tra': 58.99, 'NX_10_CV': '0.58900', 'NX_10_CV_turn': '0.58900', 'NX_10_ctr': '2.02800', 'NX_10_len_tra': 10.0, 'NX_10_R_tra': 20.28}]
[I 240414 12:38:36 utils:142] Epoch: [20], Info: [{'num_test': 100, 'CV': '0.06600', 'CV_turn': '0.02200', 'ctr': '2.80567', 'len_tra': 30.0, 'R_tra': 84.17, 'NX_0_CV': '0.94600', 'NX_0_CV_turn': '0.31533', 'NX_0_ctr': '1.91300', 'NX_0_len_tra': 30.0, 'NX_0_R_tra': 57.39, 'NX_10_CV': '0.58400', 'NX_10_CV_turn': '0.58400', 'NX_10_ctr': '1.98100', 'NX_10_len_tra': 10.0, 'NX_10_R_tra': 19.81}]
[I 240414 12:38:44 utils:142] Epoch: [21], Info: [{'num_test': 100, 'CV': '0.03900', 'CV_turn': '0.01300', 'ctr': '2.92100', 'len_tra': 30.0, 'R_tra': 87.63, 'NX_0_CV': '0.95000', 'NX_0_CV_turn': '0.31667', 'NX_0_ctr': '2.06300', 'NX_0_len_tra': 30.0, 'NX_0_R_tra': 61.89, 'NX_10_CV': '0.60300', 'NX_10_CV_turn': '0.60300', 'NX_10_ctr': '1.98900', 'NX_10_len_tra': 10.0, 'NX_10_R_tra': 19.89}]
[I 240414 12:38:52 utils:142] Epoch: [22], Info: [{'num_test': 100, 'CV': '0.04700', 'CV_turn': '0.01567', 'ctr': '2.80000', 'len_tra': 30.0, 'R_tra': 84.0, 'NX_0_CV': '0.95500', 'NX_0_CV_turn': '0.31833', 'NX_0_ctr': '1.92267', 'NX_0_len_tra': 30.0, 'NX_0_R_tra': 57.68, 'NX_10_CV': '0.61200', 'NX_10_CV_turn': '0.61200', 'NX_10_ctr': '2.06600', 'NX_10_len_tra': 10.0, 'NX_10_R_tra': 20.66}]
[I 240414 12:38:59 utils:142] Epoch: [23], Info: [{'num_test': 100, 'CV': '0.05600', 'CV_turn': '0.01867', 'ctr': '2.95600', 'len_tra': 30.0, 'R_tra': 88.68, 'NX_0_CV': '0.94800', 'NX_0_CV_turn': '0.31600', 'NX_0_ctr': '1.93600', 'NX_0_len_tra': 30.0, 'NX_0_R_tra': 58.08, 'NX_10_CV': '0.61100', 'NX_10_CV_turn': '0.61100', 'NX_10_ctr': '1.92900', 'NX_10_len_tra': 10.0, 'NX_10_R_tra': 19.29}]
[I 240414 12:39:07 utils:142] Epoch: [24], Info: [{'num_test': 100, 'CV': '0.05300', 'CV_turn': '0.01767', 'ctr': '2.97467', 'len_tra': 30.0, 'R_tra': 89.24, 'NX_0_CV': '0.94500', 'NX_0_CV_turn': '0.31500', 'NX_0_ctr': '1.93800', 'NX_0_len_tra': 30.0, 'NX_0_R_tra': 58.14, 'NX_10_CV': '0.61800', 'NX_10_CV_turn': '0.61800', 'NX_10_ctr': '2.02400', 'NX_10_len_tra': 10.0, 'NX_10_R_tra': 20.24}]
[I 240414 12:39:15 utils:142] Epoch: [25], Info: [{'num_test': 100, 'CV': '0.05600', 'CV_turn': '0.01867', 'ctr': '2.99400', 'len_tra': 30.0, 'R_tra': 89.82, 'NX_0_CV': '0.92900', 'NX_0_CV_turn': '0.30967', 'NX_0_ctr': '1.93200', 'NX_0_len_tra': 30.0, 'NX_0_R_tra': 57.96, 'NX_10_CV': '0.59900', 'NX_10_CV_turn': '0.59900', 'NX_10_ctr': '1.95500', 'NX_10_len_tra': 10.0, 'NX_10_R_tra': 19.55}]
[I 240414 12:39:22 utils:142] Epoch: [26], Info: [{'num_test': 100, 'CV': '0.05100', 'CV_turn': '0.01700', 'ctr': '2.76467', 'len_tra': 30.0, 'R_tra': 82.94, 'NX_0_CV': '0.94700', 'NX_0_CV_turn': '0.31567', 'NX_0_ctr': '1.95833', 'NX_0_len_tra': 30.0, 'NX_0_R_tra': 58.75, 'NX_10_CV': '0.60100', 'NX_10_CV_turn': '0.60100', 'NX_10_ctr': '1.93900', 'NX_10_len_tra': 10.0, 'NX_10_R_tra': 19.39}]
[I 240414 12:39:30 utils:142] Epoch: [27], Info: [{'num_test': 100, 'CV': '0.05300', 'CV_turn': '0.01767', 'ctr': '2.96133', 'len_tra': 30.0, 'R_tra': 88.84, 'NX_0_CV': '0.94600', 'NX_0_CV_turn': '0.31533', 'NX_0_ctr': '1.93400', 'NX_0_len_tra': 30.0, 'NX_0_R_tra': 58.02, 'NX_10_CV': '0.60800', 'NX_10_CV_turn': '0.60800', 'NX_10_ctr': '2.02200', 'NX_10_len_tra': 10.0, 'NX_10_R_tra': 20.22}]
[I 240414 12:39:38 utils:142] Epoch: [28], Info: [{'num_test': 100, 'CV': '0.04900', 'CV_turn': '0.01633', 'ctr': '2.94167', 'len_tra': 30.0, 'R_tra': 88.25, 'NX_0_CV': '0.94600', 'NX_0_CV_turn': '0.31533', 'NX_0_ctr': '1.92933', 'NX_0_len_tra': 30.0, 'NX_0_R_tra': 57.88, 'NX_10_CV': '0.59300', 'NX_10_CV_turn': '0.59300', 'NX_10_ctr': '1.99600', 'NX_10_len_tra': 10.0, 'NX_10_R_tra': 19.96}]
[I 240414 12:39:45 utils:142] Epoch: [29], Info: [{'num_test': 100, 'CV': '0.04700', 'CV_turn': '0.01567', 'ctr': '2.94433', 'len_tra': 30.0, 'R_tra': 88.33, 'NX_0_CV': '0.95100', 'NX_0_CV_turn': '0.31700', 'NX_0_ctr': '1.89000', 'NX_0_len_tra': 30.0, 'NX_0_R_tra': 56.7, 'NX_10_CV': '0.58900', 'NX_10_CV_turn': '0.58900', 'NX_10_ctr': '2.12000', 'NX_10_len_tra': 10.0, 'NX_10_R_tra': 21.2}]
[I 240414 12:39:53 utils:142] Epoch: [30], Info: [{'num_test': 100, 'CV': '0.05500', 'CV_turn': '0.01833', 'ctr': '2.93533', 'len_tra': 30.0, 'R_tra': 88.06, 'NX_0_CV': '0.94200', 'NX_0_CV_turn': '0.31400', 'NX_0_ctr': '1.88567', 'NX_0_len_tra': 30.0, 'NX_0_R_tra': 56.57, 'NX_10_CV': '0.59500', 'NX_10_CV_turn': '0.59500', 'NX_10_ctr': '2.01500', 'NX_10_len_tra': 10.0, 'NX_10_R_tra': 20.15}]
[I 240414 12:40:01 utils:142] Epoch: [31], Info: [{'num_test': 100, 'CV': '0.05100', 'CV_turn': '0.01700', 'ctr': '2.80333', 'len_tra': 30.0, 'R_tra': 84.1, 'NX_0_CV': '0.95200', 'NX_0_CV_turn': '0.31733', 'NX_0_ctr': '1.91833', 'NX_0_len_tra': 30.0, 'NX_0_R_tra': 57.55, 'NX_10_CV': '0.58400', 'NX_10_CV_turn': '0.58400', 'NX_10_ctr': '2.04300', 'NX_10_len_tra': 10.0, 'NX_10_R_tra': 20.43}]
[I 240414 12:40:08 utils:142] Epoch: [32], Info: [{'num_test': 100, 'CV': '0.06500', 'CV_turn': '0.02167', 'ctr': '2.92233', 'len_tra': 30.0, 'R_tra': 87.67, 'NX_0_CV': '0.93400', 'NX_0_CV_turn': '0.31133', 'NX_0_ctr': '2.07900', 'NX_0_len_tra': 30.0, 'NX_0_R_tra': 62.37, 'NX_10_CV': '0.59000', 'NX_10_CV_turn': '0.59000', 'NX_10_ctr': '2.07400', 'NX_10_len_tra': 10.0, 'NX_10_R_tra': 20.74}]
[I 240414 12:40:16 utils:142] Epoch: [33], Info: [{'num_test': 100, 'CV': '0.06100', 'CV_turn': '0.02033', 'ctr': '3.11233', 'len_tra': 30.0, 'R_tra': 93.37, 'NX_0_CV': '0.95300', 'NX_0_CV_turn': '0.31767', 'NX_0_ctr': '1.99500', 'NX_0_len_tra': 30.0, 'NX_0_R_tra': 59.85, 'NX_10_CV': '0.59700', 'NX_10_CV_turn': '0.59700', 'NX_10_ctr': '2.00800', 'NX_10_len_tra': 10.0, 'NX_10_R_tra': 20.08}]
[I 240414 12:40:24 utils:142] Epoch: [34], Info: [{'num_test': 100, 'CV': '0.06600', 'CV_turn': '0.02200', 'ctr': '2.88233', 'len_tra': 30.0, 'R_tra': 86.47, 'NX_0_CV': '0.94600', 'NX_0_CV_turn': '0.31533', 'NX_0_ctr': '1.97067', 'NX_0_len_tra': 30.0, 'NX_0_R_tra': 59.12, 'NX_10_CV': '0.57900', 'NX_10_CV_turn': '0.57900', 'NX_10_ctr': '2.04700', 'NX_10_len_tra': 10.0, 'NX_10_R_tra': 20.47}]
[I 240414 12:40:31 utils:142] Epoch: [35], Info: [{'num_test': 100, 'CV': '0.05300', 'CV_turn': '0.01767', 'ctr': '2.96433', 'len_tra': 30.0, 'R_tra': 88.93, 'NX_0_CV': '0.94400', 'NX_0_CV_turn': '0.31467', 'NX_0_ctr': '2.04467', 'NX_0_len_tra': 30.0, 'NX_0_R_tra': 61.34, 'NX_10_CV': '0.60300', 'NX_10_CV_turn': '0.60300', 'NX_10_ctr': '1.99200', 'NX_10_len_tra': 10.0, 'NX_10_R_tra': 19.92}]
[I 240414 12:40:39 utils:142] Epoch: [36], Info: [{'num_test': 100, 'CV': '0.05700', 'CV_turn': '0.01900', 'ctr': '2.89667', 'len_tra': 30.0, 'R_tra': 86.9, 'NX_0_CV': '0.94800', 'NX_0_CV_turn': '0.31600', 'NX_0_ctr': '1.92467', 'NX_0_len_tra': 30.0, 'NX_0_R_tra': 57.74, 'NX_10_CV': '0.60800', 'NX_10_CV_turn': '0.60800', 'NX_10_ctr': '2.02100', 'NX_10_len_tra': 10.0, 'NX_10_R_tra': 20.21}]
[I 240414 12:40:47 utils:142] Epoch: [37], Info: [{'num_test': 100, 'CV': '0.05100', 'CV_turn': '0.01700', 'ctr': '3.03267', 'len_tra': 30.0, 'R_tra': 90.98, 'NX_0_CV': '0.94300', 'NX_0_CV_turn': '0.31433', 'NX_0_ctr': '1.99467', 'NX_0_len_tra': 30.0, 'NX_0_R_tra': 59.84, 'NX_10_CV': '0.59500', 'NX_10_CV_turn': '0.59500', 'NX_10_ctr': '2.03200', 'NX_10_len_tra': 10.0, 'NX_10_R_tra': 20.32}]
[I 240414 12:40:54 utils:142] Epoch: [38], Info: [{'num_test': 100, 'CV': '0.05000', 'CV_turn': '0.01667', 'ctr': '3.06500', 'len_tra': 30.0, 'R_tra': 91.95, 'NX_0_CV': '0.95100', 'NX_0_CV_turn': '0.31700', 'NX_0_ctr': '1.94600', 'NX_0_len_tra': 30.0, 'NX_0_R_tra': 58.38, 'NX_10_CV': '0.60300', 'NX_10_CV_turn': '0.60300', 'NX_10_ctr': '2.08800', 'NX_10_len_tra': 10.0, 'NX_10_R_tra': 20.88}]
[I 240414 12:41:02 utils:142] Epoch: [39], Info: [{'num_test': 100, 'CV': '0.05900', 'CV_turn': '0.01967', 'ctr': '2.74633', 'len_tra': 30.0, 'R_tra': 82.39, 'NX_0_CV': '0.94500', 'NX_0_CV_turn': '0.31500', 'NX_0_ctr': '1.87333', 'NX_0_len_tra': 30.0, 'NX_0_R_tra': 56.2, 'NX_10_CV': '0.59300', 'NX_10_CV_turn': '0.59300', 'NX_10_ctr': '2.10500', 'NX_10_len_tra': 10.0, 'NX_10_R_tra': 21.05}]
[I 240414 12:41:10 utils:142] Epoch: [40], Info: [{'num_test': 100, 'CV': '0.04600', 'CV_turn': '0.01533', 'ctr': '3.01133', 'len_tra': 30.0, 'R_tra': 90.34, 'NX_0_CV': '0.92900', 'NX_0_CV_turn': '0.30967', 'NX_0_ctr': '1.95567', 'NX_0_len_tra': 30.0, 'NX_0_R_tra': 58.67, 'NX_10_CV': '0.59700', 'NX_10_CV_turn': '0.59700', 'NX_10_ctr': '2.04700', 'NX_10_len_tra': 10.0, 'NX_10_R_tra': 20.47}]
[I 240414 12:41:17 utils:142] Epoch: [41], Info: [{'num_test': 100, 'CV': '0.04200', 'CV_turn': '0.01400', 'ctr': '3.08000', 'len_tra': 30.0, 'R_tra': 92.4, 'NX_0_CV': '0.94200', 'NX_0_CV_turn': '0.31400', 'NX_0_ctr': '1.96267', 'NX_0_len_tra': 30.0, 'NX_0_R_tra': 58.88, 'NX_10_CV': '0.61100', 'NX_10_CV_turn': '0.61100', 'NX_10_ctr': '2.07500', 'NX_10_len_tra': 10.0, 'NX_10_R_tra': 20.75}]
[I 240414 12:41:25 utils:142] Epoch: [42], Info: [{'num_test': 100, 'CV': '0.04500', 'CV_turn': '0.01500', 'ctr': '2.96733', 'len_tra': 30.0, 'R_tra': 89.02, 'NX_0_CV': '0.94600', 'NX_0_CV_turn': '0.31533', 'NX_0_ctr': '1.91467', 'NX_0_len_tra': 30.0, 'NX_0_R_tra': 57.44, 'NX_10_CV': '0.58400', 'NX_10_CV_turn': '0.58400', 'NX_10_ctr': '1.95800', 'NX_10_len_tra': 10.0, 'NX_10_R_tra': 19.58}]
[I 240414 12:41:33 utils:142] Epoch: [43], Info: [{'num_test': 100, 'CV': '0.05800', 'CV_turn': '0.01933', 'ctr': '2.79600', 'len_tra': 30.0, 'R_tra': 83.88, 'NX_0_CV': '0.95100', 'NX_0_CV_turn': '0.31700', 'NX_0_ctr': '2.02233', 'NX_0_len_tra': 30.0, 'NX_0_R_tra': 60.67, 'NX_10_CV': '0.60600', 'NX_10_CV_turn': '0.60600', 'NX_10_ctr': '1.92800', 'NX_10_len_tra': 10.0, 'NX_10_R_tra': 19.28}]
[I 240414 12:41:40 utils:142] Epoch: [44], Info: [{'num_test': 100, 'CV': '0.05200', 'CV_turn': '0.01733', 'ctr': '3.01167', 'len_tra': 30.0, 'R_tra': 90.35, 'NX_0_CV': '0.94400', 'NX_0_CV_turn': '0.31467', 'NX_0_ctr': '1.83833', 'NX_0_len_tra': 30.0, 'NX_0_R_tra': 55.15, 'NX_10_CV': '0.60000', 'NX_10_CV_turn': '0.60000', 'NX_10_ctr': '2.04500', 'NX_10_len_tra': 10.0, 'NX_10_R_tra': 20.45}]
[I 240414 12:41:48 utils:142] Epoch: [45], Info: [{'num_test': 100, 'CV': '0.04900', 'CV_turn': '0.01633', 'ctr': '3.10300', 'len_tra': 30.0, 'R_tra': 93.09, 'NX_0_CV': '0.93500', 'NX_0_CV_turn': '0.31167', 'NX_0_ctr': '1.90667', 'NX_0_len_tra': 30.0, 'NX_0_R_tra': 57.2, 'NX_10_CV': '0.59800', 'NX_10_CV_turn': '0.59800', 'NX_10_ctr': '2.11500', 'NX_10_len_tra': 10.0, 'NX_10_R_tra': 21.15}]
[I 240414 12:41:56 utils:142] Epoch: [46], Info: [{'num_test': 100, 'CV': '0.07900', 'CV_turn': '0.02633', 'ctr': '2.90900', 'len_tra': 30.0, 'R_tra': 87.27, 'NX_0_CV': '0.94000', 'NX_0_CV_turn': '0.31333', 'NX_0_ctr': '1.84600', 'NX_0_len_tra': 30.0, 'NX_0_R_tra': 55.38, 'NX_10_CV': '0.58900', 'NX_10_CV_turn': '0.58900', 'NX_10_ctr': '1.83800', 'NX_10_len_tra': 10.0, 'NX_10_R_tra': 18.38}]
[I 240414 12:42:03 utils:142] Epoch: [47], Info: [{'num_test': 100, 'CV': '0.05600', 'CV_turn': '0.01867', 'ctr': '2.88467', 'len_tra': 30.0, 'R_tra': 86.54, 'NX_0_CV': '0.95000', 'NX_0_CV_turn': '0.31667', 'NX_0_ctr': '2.03267', 'NX_0_len_tra': 30.0, 'NX_0_R_tra': 60.98, 'NX_10_CV': '0.58700', 'NX_10_CV_turn': '0.58700', 'NX_10_ctr': '1.97600', 'NX_10_len_tra': 10.0, 'NX_10_R_tra': 19.76}]
[I 240414 12:42:11 utils:142] Epoch: [48], Info: [{'num_test': 100, 'CV': '0.04800', 'CV_turn': '0.01600', 'ctr': '2.85700', 'len_tra': 30.0, 'R_tra': 85.71, 'NX_0_CV': '0.95000', 'NX_0_CV_turn': '0.31667', 'NX_0_ctr': '1.87200', 'NX_0_len_tra': 30.0, 'NX_0_R_tra': 56.16, 'NX_10_CV': '0.58800', 'NX_10_CV_turn': '0.58800', 'NX_10_ctr': '2.11100', 'NX_10_len_tra': 10.0, 'NX_10_R_tra': 21.11}]
[I 240414 12:42:19 utils:142] Epoch: [49], Info: [{'num_test': 100, 'CV': '0.05500', 'CV_turn': '0.01833', 'ctr': '2.90500', 'len_tra': 30.0, 'R_tra': 87.15, 'NX_0_CV': '0.95000', 'NX_0_CV_turn': '0.31667', 'NX_0_ctr': '1.84633', 'NX_0_len_tra': 30.0, 'NX_0_R_tra': 55.39, 'NX_10_CV': '0.60300', 'NX_10_CV_turn': '0.60300', 'NX_10_ctr': '2.03800', 'NX_10_len_tra': 10.0, 'NX_10_R_tra': 20.38}]
[I 240414 12:42:26 utils:142] Epoch: [50], Info: [{'num_test': 100, 'CV': '0.05700', 'CV_turn': '0.01900', 'ctr': '2.79700', 'len_tra': 30.0, 'R_tra': 83.91, 'NX_0_CV': '0.95700', 'NX_0_CV_turn': '0.31900', 'NX_0_ctr': '1.96900', 'NX_0_len_tra': 30.0, 'NX_0_R_tra': 59.07, 'NX_10_CV': '0.61500', 'NX_10_CV_turn': '0.61500', 'NX_10_ctr': '2.12600', 'NX_10_len_tra': 10.0, 'NX_10_R_tra': 21.26}]
[I 240414 12:42:34 utils:142] Epoch: [51], Info: [{'num_test': 100, 'CV': '0.05000', 'CV_turn': '0.01667', 'ctr': '2.90100', 'len_tra': 30.0, 'R_tra': 87.03, 'NX_0_CV': '0.95100', 'NX_0_CV_turn': '0.31700', 'NX_0_ctr': '1.96500', 'NX_0_len_tra': 30.0, 'NX_0_R_tra': 58.95, 'NX_10_CV': '0.58900', 'NX_10_CV_turn': '0.58900', 'NX_10_ctr': '2.00100', 'NX_10_len_tra': 10.0, 'NX_10_R_tra': 20.01}]
[I 240414 12:42:41 utils:142] Epoch: [52], Info: [{'num_test': 100, 'CV': '0.07200', 'CV_turn': '0.02400', 'ctr': '2.90933', 'len_tra': 30.0, 'R_tra': 87.28, 'NX_0_CV': '0.94600', 'NX_0_CV_turn': '0.31533', 'NX_0_ctr': '2.06633', 'NX_0_len_tra': 30.0, 'NX_0_R_tra': 61.99, 'NX_10_CV': '0.61000', 'NX_10_CV_turn': '0.61000', 'NX_10_ctr': '2.07800', 'NX_10_len_tra': 10.0, 'NX_10_R_tra': 20.78}]
[I 240414 12:42:49 utils:142] Epoch: [53], Info: [{'num_test': 100, 'CV': '0.05400', 'CV_turn': '0.01800', 'ctr': '2.94333', 'len_tra': 30.0, 'R_tra': 88.3, 'NX_0_CV': '0.95200', 'NX_0_CV_turn': '0.31733', 'NX_0_ctr': '1.87900', 'NX_0_len_tra': 30.0, 'NX_0_R_tra': 56.37, 'NX_10_CV': '0.58500', 'NX_10_CV_turn': '0.58500', 'NX_10_ctr': '1.94700', 'NX_10_len_tra': 10.0, 'NX_10_R_tra': 19.47}]
[I 240414 12:42:57 utils:142] Epoch: [54], Info: [{'num_test': 100, 'CV': '0.04500', 'CV_turn': '0.01500', 'ctr': '2.81167', 'len_tra': 30.0, 'R_tra': 84.35, 'NX_0_CV': '0.95700', 'NX_0_CV_turn': '0.31900', 'NX_0_ctr': '1.96900', 'NX_0_len_tra': 30.0, 'NX_0_R_tra': 59.07, 'NX_10_CV': '0.59300', 'NX_10_CV_turn': '0.59300', 'NX_10_ctr': '1.99300', 'NX_10_len_tra': 10.0, 'NX_10_R_tra': 19.93}]
[I 240414 12:43:04 utils:142] Epoch: [55], Info: [{'num_test': 100, 'CV': '0.06500', 'CV_turn': '0.02167', 'ctr': '2.94200', 'len_tra': 30.0, 'R_tra': 88.26, 'NX_0_CV': '0.95800', 'NX_0_CV_turn': '0.31933', 'NX_0_ctr': '1.89500', 'NX_0_len_tra': 30.0, 'NX_0_R_tra': 56.85, 'NX_10_CV': '0.60900', 'NX_10_CV_turn': '0.60900', 'NX_10_ctr': '1.91900', 'NX_10_len_tra': 10.0, 'NX_10_R_tra': 19.19}]
[I 240414 12:43:12 utils:142] Epoch: [56], Info: [{'num_test': 100, 'CV': '0.06100', 'CV_turn': '0.02033', 'ctr': '2.97400', 'len_tra': 30.0, 'R_tra': 89.22, 'NX_0_CV': '0.94800', 'NX_0_CV_turn': '0.31600', 'NX_0_ctr': '1.93333', 'NX_0_len_tra': 30.0, 'NX_0_R_tra': 58.0, 'NX_10_CV': '0.60200', 'NX_10_CV_turn': '0.60200', 'NX_10_ctr': '2.04700', 'NX_10_len_tra': 10.0, 'NX_10_R_tra': 20.47}]
[I 240414 12:43:20 utils:142] Epoch: [57], Info: [{'num_test': 100, 'CV': '0.04700', 'CV_turn': '0.01567', 'ctr': '2.93933', 'len_tra': 30.0, 'R_tra': 88.18, 'NX_0_CV': '0.94200', 'NX_0_CV_turn': '0.31400', 'NX_0_ctr': '2.02600', 'NX_0_len_tra': 30.0, 'NX_0_R_tra': 60.78, 'NX_10_CV': '0.59100', 'NX_10_CV_turn': '0.59100', 'NX_10_ctr': '2.01600', 'NX_10_len_tra': 10.0, 'NX_10_R_tra': 20.16}]
[I 240414 12:43:27 utils:142] Epoch: [58], Info: [{'num_test': 100, 'CV': '0.04400', 'CV_turn': '0.01467', 'ctr': '2.69867', 'len_tra': 30.0, 'R_tra': 80.96, 'NX_0_CV': '0.94900', 'NX_0_CV_turn': '0.31633', 'NX_0_ctr': '1.90533', 'NX_0_len_tra': 30.0, 'NX_0_R_tra': 57.16, 'NX_10_CV': '0.60300', 'NX_10_CV_turn': '0.60300', 'NX_10_ctr': '1.92800', 'NX_10_len_tra': 10.0, 'NX_10_R_tra': 19.28}]
[I 240414 12:43:35 utils:142] Epoch: [59], Info: [{'num_test': 100, 'CV': '0.05000', 'CV_turn': '0.01667', 'ctr': '2.95533', 'len_tra': 30.0, 'R_tra': 88.66, 'NX_0_CV': '0.95100', 'NX_0_CV_turn': '0.31700', 'NX_0_ctr': '1.95500', 'NX_0_len_tra': 30.0, 'NX_0_R_tra': 58.65, 'NX_10_CV': '0.61200', 'NX_10_CV_turn': '0.61200', 'NX_10_ctr': '2.06100', 'NX_10_len_tra': 10.0, 'NX_10_R_tra': 20.61}]
[I 240414 12:43:43 utils:142] Epoch: [60], Info: [{'num_test': 100, 'CV': '0.05800', 'CV_turn': '0.01933', 'ctr': '2.91667', 'len_tra': 30.0, 'R_tra': 87.5, 'NX_0_CV': '0.95100', 'NX_0_CV_turn': '0.31700', 'NX_0_ctr': '2.04600', 'NX_0_len_tra': 30.0, 'NX_0_R_tra': 61.38, 'NX_10_CV': '0.59100', 'NX_10_CV_turn': '0.59100', 'NX_10_ctr': '2.04500', 'NX_10_len_tra': 10.0, 'NX_10_R_tra': 20.45}]
[I 240414 12:43:50 utils:142] Epoch: [61], Info: [{'num_test': 100, 'CV': '0.06700', 'CV_turn': '0.02233', 'ctr': '3.04567', 'len_tra': 30.0, 'R_tra': 91.37, 'NX_0_CV': '0.95200', 'NX_0_CV_turn': '0.31733', 'NX_0_ctr': '1.96533', 'NX_0_len_tra': 30.0, 'NX_0_R_tra': 58.96, 'NX_10_CV': '0.58200', 'NX_10_CV_turn': '0.58200', 'NX_10_ctr': '2.07300', 'NX_10_len_tra': 10.0, 'NX_10_R_tra': 20.73}]
[I 240414 12:43:58 utils:142] Epoch: [62], Info: [{'num_test': 100, 'CV': '0.04800', 'CV_turn': '0.01600', 'ctr': '3.09867', 'len_tra': 30.0, 'R_tra': 92.96, 'NX_0_CV': '0.95300', 'NX_0_CV_turn': '0.31767', 'NX_0_ctr': '1.96100', 'NX_0_len_tra': 30.0, 'NX_0_R_tra': 58.83, 'NX_10_CV': '0.59600', 'NX_10_CV_turn': '0.59600', 'NX_10_ctr': '2.03000', 'NX_10_len_tra': 10.0, 'NX_10_R_tra': 20.3}]
[I 240414 12:44:06 utils:142] Epoch: [63], Info: [{'num_test': 100, 'CV': '0.06100', 'CV_turn': '0.02033', 'ctr': '2.89367', 'len_tra': 30.0, 'R_tra': 86.81, 'NX_0_CV': '0.94500', 'NX_0_CV_turn': '0.31500', 'NX_0_ctr': '1.85867', 'NX_0_len_tra': 30.0, 'NX_0_R_tra': 55.76, 'NX_10_CV': '0.58600', 'NX_10_CV_turn': '0.58600', 'NX_10_ctr': '2.06100', 'NX_10_len_tra': 10.0, 'NX_10_R_tra': 20.61}]
[I 240414 12:44:13 utils:142] Epoch: [64], Info: [{'num_test': 100, 'CV': '0.05600', 'CV_turn': '0.01867', 'ctr': '2.68267', 'len_tra': 30.0, 'R_tra': 80.48, 'NX_0_CV': '0.96500', 'NX_0_CV_turn': '0.32167', 'NX_0_ctr': '1.90633', 'NX_0_len_tra': 30.0, 'NX_0_R_tra': 57.19, 'NX_10_CV': '0.59900', 'NX_10_CV_turn': '0.59900', 'NX_10_ctr': '2.02300', 'NX_10_len_tra': 10.0, 'NX_10_R_tra': 20.23}]
[I 240414 12:44:21 utils:142] Epoch: [65], Info: [{'num_test': 100, 'CV': '0.05700', 'CV_turn': '0.01900', 'ctr': '3.05300', 'len_tra': 30.0, 'R_tra': 91.59, 'NX_0_CV': '0.95300', 'NX_0_CV_turn': '0.31767', 'NX_0_ctr': '1.95300', 'NX_0_len_tra': 30.0, 'NX_0_R_tra': 58.59, 'NX_10_CV': '0.58300', 'NX_10_CV_turn': '0.58300', 'NX_10_ctr': '1.90800', 'NX_10_len_tra': 10.0, 'NX_10_R_tra': 19.08}]
[I 240414 12:44:29 utils:142] Epoch: [66], Info: [{'num_test': 100, 'CV': '0.06300', 'CV_turn': '0.02100', 'ctr': '2.90933', 'len_tra': 30.0, 'R_tra': 87.28, 'NX_0_CV': '0.94700', 'NX_0_CV_turn': '0.31567', 'NX_0_ctr': '1.97367', 'NX_0_len_tra': 30.0, 'NX_0_R_tra': 59.21, 'NX_10_CV': '0.60000', 'NX_10_CV_turn': '0.60000', 'NX_10_ctr': '1.99700', 'NX_10_len_tra': 10.0, 'NX_10_R_tra': 19.97}]
[I 240414 12:44:36 utils:142] Epoch: [67], Info: [{'num_test': 100, 'CV': '0.04700', 'CV_turn': '0.01567', 'ctr': '2.77033', 'len_tra': 30.0, 'R_tra': 83.11, 'NX_0_CV': '0.95800', 'NX_0_CV_turn': '0.31933', 'NX_0_ctr': '1.93633', 'NX_0_len_tra': 30.0, 'NX_0_R_tra': 58.09, 'NX_10_CV': '0.60500', 'NX_10_CV_turn': '0.60500', 'NX_10_ctr': '1.92400', 'NX_10_len_tra': 10.0, 'NX_10_R_tra': 19.24}]
[I 240414 12:44:44 utils:142] Epoch: [68], Info: [{'num_test': 100, 'CV': '0.05800', 'CV_turn': '0.01933', 'ctr': '2.86667', 'len_tra': 30.0, 'R_tra': 86.0, 'NX_0_CV': '0.94400', 'NX_0_CV_turn': '0.31467', 'NX_0_ctr': '1.87767', 'NX_0_len_tra': 30.0, 'NX_0_R_tra': 56.33, 'NX_10_CV': '0.59400', 'NX_10_CV_turn': '0.59400', 'NX_10_ctr': '2.01700', 'NX_10_len_tra': 10.0, 'NX_10_R_tra': 20.17}]
[I 240414 12:44:52 utils:142] Epoch: [69], Info: [{'num_test': 100, 'CV': '0.06700', 'CV_turn': '0.02233', 'ctr': '3.11767', 'len_tra': 30.0, 'R_tra': 93.53, 'NX_0_CV': '0.94500', 'NX_0_CV_turn': '0.31500', 'NX_0_ctr': '1.99867', 'NX_0_len_tra': 30.0, 'NX_0_R_tra': 59.96, 'NX_10_CV': '0.60100', 'NX_10_CV_turn': '0.60100', 'NX_10_ctr': '1.95800', 'NX_10_len_tra': 10.0, 'NX_10_R_tra': 19.58}]
[I 240414 12:44:59 utils:142] Epoch: [70], Info: [{'num_test': 100, 'CV': '0.04000', 'CV_turn': '0.01333', 'ctr': '2.98067', 'len_tra': 30.0, 'R_tra': 89.42, 'NX_0_CV': '0.95200', 'NX_0_CV_turn': '0.31733', 'NX_0_ctr': '2.00367', 'NX_0_len_tra': 30.0, 'NX_0_R_tra': 60.11, 'NX_10_CV': '0.61100', 'NX_10_CV_turn': '0.61100', 'NX_10_ctr': '1.89900', 'NX_10_len_tra': 10.0, 'NX_10_R_tra': 18.99}]
[I 240414 12:45:07 utils:142] Epoch: [71], Info: [{'num_test': 100, 'CV': '0.05000', 'CV_turn': '0.01667', 'ctr': '2.93600', 'len_tra': 30.0, 'R_tra': 88.08, 'NX_0_CV': '0.94400', 'NX_0_CV_turn': '0.31467', 'NX_0_ctr': '1.90333', 'NX_0_len_tra': 30.0, 'NX_0_R_tra': 57.1, 'NX_10_CV': '0.59500', 'NX_10_CV_turn': '0.59500', 'NX_10_ctr': '2.07800', 'NX_10_len_tra': 10.0, 'NX_10_R_tra': 20.78}]
[I 240414 12:45:15 utils:142] Epoch: [72], Info: [{'num_test': 100, 'CV': '0.06000', 'CV_turn': '0.02000', 'ctr': '2.69833', 'len_tra': 30.0, 'R_tra': 80.95, 'NX_0_CV': '0.93800', 'NX_0_CV_turn': '0.31267', 'NX_0_ctr': '2.03200', 'NX_0_len_tra': 30.0, 'NX_0_R_tra': 60.96, 'NX_10_CV': '0.60500', 'NX_10_CV_turn': '0.60500', 'NX_10_ctr': '1.98200', 'NX_10_len_tra': 10.0, 'NX_10_R_tra': 19.82}]
[I 240414 12:45:22 utils:142] Epoch: [73], Info: [{'num_test': 100, 'CV': '0.05800', 'CV_turn': '0.01933', 'ctr': '3.03867', 'len_tra': 30.0, 'R_tra': 91.16, 'NX_0_CV': '0.94100', 'NX_0_CV_turn': '0.31367', 'NX_0_ctr': '1.94433', 'NX_0_len_tra': 30.0, 'NX_0_R_tra': 58.33, 'NX_10_CV': '0.59000', 'NX_10_CV_turn': '0.59000', 'NX_10_ctr': '2.10000', 'NX_10_len_tra': 10.0, 'NX_10_R_tra': 21.0}]
[I 240414 12:45:30 utils:142] Epoch: [74], Info: [{'num_test': 100, 'CV': '0.06000', 'CV_turn': '0.02000', 'ctr': '2.67833', 'len_tra': 30.0, 'R_tra': 80.35, 'NX_0_CV': '0.95600', 'NX_0_CV_turn': '0.31867', 'NX_0_ctr': '1.87800', 'NX_0_len_tra': 30.0, 'NX_0_R_tra': 56.34, 'NX_10_CV': '0.58500', 'NX_10_CV_turn': '0.58500', 'NX_10_ctr': '2.00500', 'NX_10_len_tra': 10.0, 'NX_10_R_tra': 20.05}]
[I 240414 12:45:38 utils:142] Epoch: [75], Info: [{'num_test': 100, 'CV': '0.05800', 'CV_turn': '0.01933', 'ctr': '2.90733', 'len_tra': 30.0, 'R_tra': 87.22, 'NX_0_CV': '0.94200', 'NX_0_CV_turn': '0.31400', 'NX_0_ctr': '1.96633', 'NX_0_len_tra': 30.0, 'NX_0_R_tra': 58.99, 'NX_10_CV': '0.59700', 'NX_10_CV_turn': '0.59700', 'NX_10_ctr': '1.98800', 'NX_10_len_tra': 10.0, 'NX_10_R_tra': 19.88}]
[I 240414 12:45:46 utils:142] Epoch: [76], Info: [{'num_test': 100, 'CV': '0.04600', 'CV_turn': '0.01533', 'ctr': '3.04700', 'len_tra': 30.0, 'R_tra': 91.41, 'NX_0_CV': '0.95300', 'NX_0_CV_turn': '0.31767', 'NX_0_ctr': '1.93033', 'NX_0_len_tra': 30.0, 'NX_0_R_tra': 57.91, 'NX_10_CV': '0.59700', 'NX_10_CV_turn': '0.59700', 'NX_10_ctr': '2.01800', 'NX_10_len_tra': 10.0, 'NX_10_R_tra': 20.18}]
[I 240414 12:45:53 utils:142] Epoch: [77], Info: [{'num_test': 100, 'CV': '0.03900', 'CV_turn': '0.01300', 'ctr': '2.99900', 'len_tra': 30.0, 'R_tra': 89.97, 'NX_0_CV': '0.94400', 'NX_0_CV_turn': '0.31467', 'NX_0_ctr': '1.87400', 'NX_0_len_tra': 30.0, 'NX_0_R_tra': 56.22, 'NX_10_CV': '0.60100', 'NX_10_CV_turn': '0.60100', 'NX_10_ctr': '2.03300', 'NX_10_len_tra': 10.0, 'NX_10_R_tra': 20.33}]
[I 240414 12:46:01 utils:142] Epoch: [78], Info: [{'num_test': 100, 'CV': '0.04500', 'CV_turn': '0.01500', 'ctr': '3.05500', 'len_tra': 30.0, 'R_tra': 91.65, 'NX_0_CV': '0.94700', 'NX_0_CV_turn': '0.31567', 'NX_0_ctr': '1.91900', 'NX_0_len_tra': 30.0, 'NX_0_R_tra': 57.57, 'NX_10_CV': '0.60100', 'NX_10_CV_turn': '0.60100', 'NX_10_ctr': '1.99100', 'NX_10_len_tra': 10.0, 'NX_10_R_tra': 19.91}]
[I 240414 12:46:09 utils:142] Epoch: [79], Info: [{'num_test': 100, 'CV': '0.05200', 'CV_turn': '0.01733', 'ctr': '2.92600', 'len_tra': 30.0, 'R_tra': 87.78, 'NX_0_CV': '0.95300', 'NX_0_CV_turn': '0.31767', 'NX_0_ctr': '1.97633', 'NX_0_len_tra': 30.0, 'NX_0_R_tra': 59.29, 'NX_10_CV': '0.60600', 'NX_10_CV_turn': '0.60600', 'NX_10_ctr': '1.93200', 'NX_10_len_tra': 10.0, 'NX_10_R_tra': 19.32}]
[I 240414 12:46:17 utils:142] Epoch: [80], Info: [{'num_test': 100, 'CV': '0.05200', 'CV_turn': '0.01733', 'ctr': '2.80200', 'len_tra': 30.0, 'R_tra': 84.06, 'NX_0_CV': '0.94700', 'NX_0_CV_turn': '0.31567', 'NX_0_ctr': '1.99000', 'NX_0_len_tra': 30.0, 'NX_0_R_tra': 59.7, 'NX_10_CV': '0.58200', 'NX_10_CV_turn': '0.58200', 'NX_10_ctr': '1.95400', 'NX_10_len_tra': 10.0, 'NX_10_R_tra': 19.54}]
[I 240414 12:46:24 utils:142] Epoch: [81], Info: [{'num_test': 100, 'CV': '0.04800', 'CV_turn': '0.01600', 'ctr': '2.88133', 'len_tra': 30.0, 'R_tra': 86.44, 'NX_0_CV': '0.92800', 'NX_0_CV_turn': '0.30933', 'NX_0_ctr': '1.97667', 'NX_0_len_tra': 30.0, 'NX_0_R_tra': 59.3, 'NX_10_CV': '0.61400', 'NX_10_CV_turn': '0.61400', 'NX_10_ctr': '1.94100', 'NX_10_len_tra': 10.0, 'NX_10_R_tra': 19.41}]
[I 240414 12:46:32 utils:142] Epoch: [82], Info: [{'num_test': 100, 'CV': '0.04400', 'CV_turn': '0.01467', 'ctr': '3.07500', 'len_tra': 30.0, 'R_tra': 92.25, 'NX_0_CV': '0.95100', 'NX_0_CV_turn': '0.31700', 'NX_0_ctr': '1.83467', 'NX_0_len_tra': 30.0, 'NX_0_R_tra': 55.04, 'NX_10_CV': '0.60000', 'NX_10_CV_turn': '0.60000', 'NX_10_ctr': '2.10200', 'NX_10_len_tra': 10.0, 'NX_10_R_tra': 21.02}]
[I 240414 12:46:40 utils:142] Epoch: [83], Info: [{'num_test': 100, 'CV': '0.05600', 'CV_turn': '0.01867', 'ctr': '3.16300', 'len_tra': 30.0, 'R_tra': 94.89, 'NX_0_CV': '0.94400', 'NX_0_CV_turn': '0.31467', 'NX_0_ctr': '1.92933', 'NX_0_len_tra': 30.0, 'NX_0_R_tra': 57.88, 'NX_10_CV': '0.59600', 'NX_10_CV_turn': '0.59600', 'NX_10_ctr': '1.98300', 'NX_10_len_tra': 10.0, 'NX_10_R_tra': 19.83}]
[I 240414 12:46:47 utils:142] Epoch: [84], Info: [{'num_test': 100, 'CV': '0.04000', 'CV_turn': '0.01333', 'ctr': '2.98900', 'len_tra': 30.0, 'R_tra': 89.67, 'NX_0_CV': '0.94600', 'NX_0_CV_turn': '0.31533', 'NX_0_ctr': '1.97167', 'NX_0_len_tra': 30.0, 'NX_0_R_tra': 59.15, 'NX_10_CV': '0.59900', 'NX_10_CV_turn': '0.59900', 'NX_10_ctr': '2.15300', 'NX_10_len_tra': 10.0, 'NX_10_R_tra': 21.53}]
[I 240414 12:46:55 utils:142] Epoch: [85], Info: [{'num_test': 100, 'CV': '0.06600', 'CV_turn': '0.02200', 'ctr': '2.75567', 'len_tra': 30.0, 'R_tra': 82.67, 'NX_0_CV': '0.94600', 'NX_0_CV_turn': '0.31533', 'NX_0_ctr': '1.96267', 'NX_0_len_tra': 30.0, 'NX_0_R_tra': 58.88, 'NX_10_CV': '0.60900', 'NX_10_CV_turn': '0.60900', 'NX_10_ctr': '1.96600', 'NX_10_len_tra': 10.0, 'NX_10_R_tra': 19.66}]
[I 240414 12:47:03 utils:142] Epoch: [86], Info: [{'num_test': 100, 'CV': '0.06400', 'CV_turn': '0.02133', 'ctr': '2.87500', 'len_tra': 30.0, 'R_tra': 86.25, 'NX_0_CV': '0.95000', 'NX_0_CV_turn': '0.31667', 'NX_0_ctr': '1.87733', 'NX_0_len_tra': 30.0, 'NX_0_R_tra': 56.32, 'NX_10_CV': '0.60700', 'NX_10_CV_turn': '0.60700', 'NX_10_ctr': '2.02000', 'NX_10_len_tra': 10.0, 'NX_10_R_tra': 20.2}]
[I 240414 12:47:11 utils:142] Epoch: [87], Info: [{'num_test': 100, 'CV': '0.03500', 'CV_turn': '0.01167', 'ctr': '3.14733', 'len_tra': 30.0, 'R_tra': 94.42, 'NX_0_CV': '0.95400', 'NX_0_CV_turn': '0.31800', 'NX_0_ctr': '1.86700', 'NX_0_len_tra': 30.0, 'NX_0_R_tra': 56.01, 'NX_10_CV': '0.59400', 'NX_10_CV_turn': '0.59400', 'NX_10_ctr': '2.01900', 'NX_10_len_tra': 10.0, 'NX_10_R_tra': 20.19}]
[I 240414 12:47:18 utils:142] Epoch: [88], Info: [{'num_test': 100, 'CV': '0.06000', 'CV_turn': '0.02000', 'ctr': '2.98400', 'len_tra': 30.0, 'R_tra': 89.52, 'NX_0_CV': '0.95700', 'NX_0_CV_turn': '0.31900', 'NX_0_ctr': '2.09700', 'NX_0_len_tra': 30.0, 'NX_0_R_tra': 62.91, 'NX_10_CV': '0.61100', 'NX_10_CV_turn': '0.61100', 'NX_10_ctr': '1.97600', 'NX_10_len_tra': 10.0, 'NX_10_R_tra': 19.76}]
[I 240414 12:47:26 utils:142] Epoch: [89], Info: [{'num_test': 100, 'CV': '0.06100', 'CV_turn': '0.02033', 'ctr': '2.96000', 'len_tra': 30.0, 'R_tra': 88.8, 'NX_0_CV': '0.95700', 'NX_0_CV_turn': '0.31900', 'NX_0_ctr': '1.89033', 'NX_0_len_tra': 30.0, 'NX_0_R_tra': 56.71, 'NX_10_CV': '0.60000', 'NX_10_CV_turn': '0.60000', 'NX_10_ctr': '1.91600', 'NX_10_len_tra': 10.0, 'NX_10_R_tra': 19.16}]
[I 240414 12:47:34 utils:142] Epoch: [90], Info: [{'num_test': 100, 'CV': '0.06400', 'CV_turn': '0.02133', 'ctr': '2.94533', 'len_tra': 30.0, 'R_tra': 88.36, 'NX_0_CV': '0.95600', 'NX_0_CV_turn': '0.31867', 'NX_0_ctr': '1.93733', 'NX_0_len_tra': 30.0, 'NX_0_R_tra': 58.12, 'NX_10_CV': '0.59100', 'NX_10_CV_turn': '0.59100', 'NX_10_ctr': '2.00900', 'NX_10_len_tra': 10.0, 'NX_10_R_tra': 20.09}]
[I 240414 12:47:41 utils:142] Epoch: [91], Info: [{'num_test': 100, 'CV': '0.05100', 'CV_turn': '0.01700', 'ctr': '2.92133', 'len_tra': 30.0, 'R_tra': 87.64, 'NX_0_CV': '0.94800', 'NX_0_CV_turn': '0.31600', 'NX_0_ctr': '1.95733', 'NX_0_len_tra': 30.0, 'NX_0_R_tra': 58.72, 'NX_10_CV': '0.61800', 'NX_10_CV_turn': '0.61800', 'NX_10_ctr': '2.02100', 'NX_10_len_tra': 10.0, 'NX_10_R_tra': 20.21}]
[I 240414 12:47:49 utils:142] Epoch: [92], Info: [{'num_test': 100, 'CV': '0.04500', 'CV_turn': '0.01500', 'ctr': '2.94800', 'len_tra': 30.0, 'R_tra': 88.44, 'NX_0_CV': '0.94100', 'NX_0_CV_turn': '0.31367', 'NX_0_ctr': '1.87100', 'NX_0_len_tra': 30.0, 'NX_0_R_tra': 56.13, 'NX_10_CV': '0.60300', 'NX_10_CV_turn': '0.60300', 'NX_10_ctr': '2.03900', 'NX_10_len_tra': 10.0, 'NX_10_R_tra': 20.39}]
[I 240414 12:47:57 utils:142] Epoch: [93], Info: [{'num_test': 100, 'CV': '0.05900', 'CV_turn': '0.01967', 'ctr': '2.81767', 'len_tra': 30.0, 'R_tra': 84.53, 'NX_0_CV': '0.94500', 'NX_0_CV_turn': '0.31500', 'NX_0_ctr': '1.96400', 'NX_0_len_tra': 30.0, 'NX_0_R_tra': 58.92, 'NX_10_CV': '0.60000', 'NX_10_CV_turn': '0.60000', 'NX_10_ctr': '1.92100', 'NX_10_len_tra': 10.0, 'NX_10_R_tra': 19.21}]
[I 240414 12:48:05 utils:142] Epoch: [94], Info: [{'num_test': 100, 'CV': '0.05000', 'CV_turn': '0.01667', 'ctr': '3.08600', 'len_tra': 30.0, 'R_tra': 92.58, 'NX_0_CV': '0.95400', 'NX_0_CV_turn': '0.31800', 'NX_0_ctr': '1.93000', 'NX_0_len_tra': 30.0, 'NX_0_R_tra': 57.9, 'NX_10_CV': '0.61200', 'NX_10_CV_turn': '0.61200', 'NX_10_ctr': '1.94400', 'NX_10_len_tra': 10.0, 'NX_10_R_tra': 19.44}]
[I 240414 12:48:12 utils:142] Epoch: [95], Info: [{'num_test': 100, 'CV': '0.05500', 'CV_turn': '0.01833', 'ctr': '3.21767', 'len_tra': 30.0, 'R_tra': 96.53, 'NX_0_CV': '0.94600', 'NX_0_CV_turn': '0.31533', 'NX_0_ctr': '1.93867', 'NX_0_len_tra': 30.0, 'NX_0_R_tra': 58.16, 'NX_10_CV': '0.58800', 'NX_10_CV_turn': '0.58800', 'NX_10_ctr': '2.16900', 'NX_10_len_tra': 10.0, 'NX_10_R_tra': 21.69}]
[I 240414 12:48:20 utils:142] Epoch: [96], Info: [{'num_test': 100, 'CV': '0.04700', 'CV_turn': '0.01567', 'ctr': '3.07967', 'len_tra': 30.0, 'R_tra': 92.39, 'NX_0_CV': '0.94700', 'NX_0_CV_turn': '0.31567', 'NX_0_ctr': '1.84733', 'NX_0_len_tra': 30.0, 'NX_0_R_tra': 55.42, 'NX_10_CV': '0.60900', 'NX_10_CV_turn': '0.60900', 'NX_10_ctr': '1.97300', 'NX_10_len_tra': 10.0, 'NX_10_R_tra': 19.73}]
[I 240414 12:48:28 utils:142] Epoch: [97], Info: [{'num_test': 100, 'CV': '0.05200', 'CV_turn': '0.01733', 'ctr': '2.91100', 'len_tra': 30.0, 'R_tra': 87.33, 'NX_0_CV': '0.94500', 'NX_0_CV_turn': '0.31500', 'NX_0_ctr': '1.95367', 'NX_0_len_tra': 30.0, 'NX_0_R_tra': 58.61, 'NX_10_CV': '0.60800', 'NX_10_CV_turn': '0.60800', 'NX_10_ctr': '2.04300', 'NX_10_len_tra': 10.0, 'NX_10_R_tra': 20.43}]
[I 240414 12:48:35 utils:142] Epoch: [98], Info: [{'num_test': 100, 'CV': '0.06100', 'CV_turn': '0.02033', 'ctr': '3.02400', 'len_tra': 30.0, 'R_tra': 90.72, 'NX_0_CV': '0.94300', 'NX_0_CV_turn': '0.31433', 'NX_0_ctr': '1.94333', 'NX_0_len_tra': 30.0, 'NX_0_R_tra': 58.3, 'NX_10_CV': '0.59800', 'NX_10_CV_turn': '0.59800', 'NX_10_ctr': '2.06700', 'NX_10_len_tra': 10.0, 'NX_10_R_tra': 20.67}]
[I 240414 12:48:43 utils:142] Epoch: [99], Info: [{'num_test': 100, 'CV': '0.06000', 'CV_turn': '0.02000', 'ctr': '3.06267', 'len_tra': 30.0, 'R_tra': 91.88, 'NX_0_CV': '0.94900', 'NX_0_CV_turn': '0.31633', 'NX_0_ctr': '1.89300', 'NX_0_len_tra': 30.0, 'NX_0_R_tra': 56.79, 'NX_10_CV': '0.59800', 'NX_10_CV_turn': '0.59800', 'NX_10_ctr': '1.95700', 'NX_10_len_tra': 10.0, 'NX_10_R_tra': 19.57}]
[I 240414 12:48:51 utils:142] Epoch: [100], Info: [{'num_test': 100, 'CV': '0.06700', 'CV_turn': '0.02233', 'ctr': '2.99767', 'len_tra': 30.0, 'R_tra': 89.93, 'NX_0_CV': '0.94700', 'NX_0_CV_turn': '0.31567', 'NX_0_ctr': '1.94933', 'NX_0_len_tra': 30.0, 'NX_0_R_tra': 58.48, 'NX_10_CV': '0.60100', 'NX_10_CV_turn': '0.60100', 'NX_10_ctr': '1.99000', 'NX_10_len_tra': 10.0, 'NX_10_R_tra': 19.9}]
[I 240414 12:48:58 utils:142] Epoch: [101], Info: [{'num_test': 100, 'CV': '0.05100', 'CV_turn': '0.01700', 'ctr': '3.08500', 'len_tra': 30.0, 'R_tra': 92.55, 'NX_0_CV': '0.95000', 'NX_0_CV_turn': '0.31667', 'NX_0_ctr': '1.91933', 'NX_0_len_tra': 30.0, 'NX_0_R_tra': 57.58, 'NX_10_CV': '0.58800', 'NX_10_CV_turn': '0.58800', 'NX_10_ctr': '1.95100', 'NX_10_len_tra': 10.0, 'NX_10_R_tra': 19.51}]
[I 240414 12:49:06 utils:142] Epoch: [102], Info: [{'num_test': 100, 'CV': '0.05600', 'CV_turn': '0.01867', 'ctr': '3.00433', 'len_tra': 30.0, 'R_tra': 90.13, 'NX_0_CV': '0.94200', 'NX_0_CV_turn': '0.31400', 'NX_0_ctr': '1.86800', 'NX_0_len_tra': 30.0, 'NX_0_R_tra': 56.04, 'NX_10_CV': '0.60000', 'NX_10_CV_turn': '0.60000', 'NX_10_ctr': '2.04600', 'NX_10_len_tra': 10.0, 'NX_10_R_tra': 20.46}]
[I 240414 12:49:13 utils:142] Epoch: [103], Info: [{'num_test': 100, 'CV': '0.05600', 'CV_turn': '0.01867', 'ctr': '2.77133', 'len_tra': 30.0, 'R_tra': 83.14, 'NX_0_CV': '0.94700', 'NX_0_CV_turn': '0.31567', 'NX_0_ctr': '1.89533', 'NX_0_len_tra': 30.0, 'NX_0_R_tra': 56.86, 'NX_10_CV': '0.58300', 'NX_10_CV_turn': '0.58300', 'NX_10_ctr': '2.01900', 'NX_10_len_tra': 10.0, 'NX_10_R_tra': 20.19}]
[I 240414 12:49:21 utils:142] Epoch: [104], Info: [{'num_test': 100, 'CV': '0.05100', 'CV_turn': '0.01700', 'ctr': '3.08467', 'len_tra': 30.0, 'R_tra': 92.54, 'NX_0_CV': '0.93900', 'NX_0_CV_turn': '0.31300', 'NX_0_ctr': '1.99633', 'NX_0_len_tra': 30.0, 'NX_0_R_tra': 59.89, 'NX_10_CV': '0.59600', 'NX_10_CV_turn': '0.59600', 'NX_10_ctr': '2.00000', 'NX_10_len_tra': 10.0, 'NX_10_R_tra': 20.0}]
[I 240414 12:49:29 utils:142] Epoch: [105], Info: [{'num_test': 100, 'CV': '0.05400', 'CV_turn': '0.01800', 'ctr': '2.97100', 'len_tra': 30.0, 'R_tra': 89.13, 'NX_0_CV': '0.95100', 'NX_0_CV_turn': '0.31700', 'NX_0_ctr': '1.94800', 'NX_0_len_tra': 30.0, 'NX_0_R_tra': 58.44, 'NX_10_CV': '0.59400', 'NX_10_CV_turn': '0.59400', 'NX_10_ctr': '1.99500', 'NX_10_len_tra': 10.0, 'NX_10_R_tra': 19.95}]
[I 240414 12:49:36 utils:142] Epoch: [106], Info: [{'num_test': 100, 'CV': '0.04500', 'CV_turn': '0.01500', 'ctr': '3.14967', 'len_tra': 30.0, 'R_tra': 94.49, 'NX_0_CV': '0.94800', 'NX_0_CV_turn': '0.31600', 'NX_0_ctr': '1.98700', 'NX_0_len_tra': 30.0, 'NX_0_R_tra': 59.61, 'NX_10_CV': '0.59700', 'NX_10_CV_turn': '0.59700', 'NX_10_ctr': '2.01400', 'NX_10_len_tra': 10.0, 'NX_10_R_tra': 20.14}]
[I 240414 12:49:44 utils:142] Epoch: [107], Info: [{'num_test': 100, 'CV': '0.04600', 'CV_turn': '0.01533', 'ctr': '2.91333', 'len_tra': 30.0, 'R_tra': 87.4, 'NX_0_CV': '0.95000', 'NX_0_CV_turn': '0.31667', 'NX_0_ctr': '1.90867', 'NX_0_len_tra': 30.0, 'NX_0_R_tra': 57.26, 'NX_10_CV': '0.59800', 'NX_10_CV_turn': '0.59800', 'NX_10_ctr': '1.89200', 'NX_10_len_tra': 10.0, 'NX_10_R_tra': 18.92}]
[I 240414 12:49:52 utils:142] Epoch: [108], Info: [{'num_test': 100, 'CV': '0.04400', 'CV_turn': '0.01467', 'ctr': '3.19367', 'len_tra': 30.0, 'R_tra': 95.81, 'NX_0_CV': '0.94000', 'NX_0_CV_turn': '0.31333', 'NX_0_ctr': '1.90400', 'NX_0_len_tra': 30.0, 'NX_0_R_tra': 57.12, 'NX_10_CV': '0.58000', 'NX_10_CV_turn': '0.58000', 'NX_10_ctr': '1.94500', 'NX_10_len_tra': 10.0, 'NX_10_R_tra': 19.45}]
[I 240414 12:49:59 utils:142] Epoch: [109], Info: [{'num_test': 100, 'CV': '0.04600', 'CV_turn': '0.01533', 'ctr': '2.76500', 'len_tra': 30.0, 'R_tra': 82.95, 'NX_0_CV': '0.94500', 'NX_0_CV_turn': '0.31500', 'NX_0_ctr': '2.00133', 'NX_0_len_tra': 30.0, 'NX_0_R_tra': 60.04, 'NX_10_CV': '0.58600', 'NX_10_CV_turn': '0.58600', 'NX_10_ctr': '2.00700', 'NX_10_len_tra': 10.0, 'NX_10_R_tra': 20.07}]
[I 240414 12:50:07 utils:142] Epoch: [110], Info: [{'num_test': 100, 'CV': '0.04700', 'CV_turn': '0.01567', 'ctr': '3.03733', 'len_tra': 30.0, 'R_tra': 91.12, 'NX_0_CV': '0.94400', 'NX_0_CV_turn': '0.31467', 'NX_0_ctr': '1.91400', 'NX_0_len_tra': 30.0, 'NX_0_R_tra': 57.42, 'NX_10_CV': '0.60400', 'NX_10_CV_turn': '0.60400', 'NX_10_ctr': '1.98300', 'NX_10_len_tra': 10.0, 'NX_10_R_tra': 19.83}]
[I 240414 12:50:15 utils:142] Epoch: [111], Info: [{'num_test': 100, 'CV': '0.04700', 'CV_turn': '0.01567', 'ctr': '2.96833', 'len_tra': 30.0, 'R_tra': 89.05, 'NX_0_CV': '0.94300', 'NX_0_CV_turn': '0.31433', 'NX_0_ctr': '2.01300', 'NX_0_len_tra': 30.0, 'NX_0_R_tra': 60.39, 'NX_10_CV': '0.60000', 'NX_10_CV_turn': '0.60000', 'NX_10_ctr': '2.07500', 'NX_10_len_tra': 10.0, 'NX_10_R_tra': 20.75}]
[I 240414 12:50:22 utils:142] Epoch: [112], Info: [{'num_test': 100, 'CV': '0.04500', 'CV_turn': '0.01500', 'ctr': '3.16700', 'len_tra': 30.0, 'R_tra': 95.01, 'NX_0_CV': '0.94900', 'NX_0_CV_turn': '0.31633', 'NX_0_ctr': '1.93567', 'NX_0_len_tra': 30.0, 'NX_0_R_tra': 58.07, 'NX_10_CV': '0.59900', 'NX_10_CV_turn': '0.59900', 'NX_10_ctr': '2.01400', 'NX_10_len_tra': 10.0, 'NX_10_R_tra': 20.14}]
[I 240414 12:50:30 utils:142] Epoch: [113], Info: [{'num_test': 100, 'CV': '0.04800', 'CV_turn': '0.01600', 'ctr': '3.11333', 'len_tra': 30.0, 'R_tra': 93.4, 'NX_0_CV': '0.94000', 'NX_0_CV_turn': '0.31333', 'NX_0_ctr': '1.95900', 'NX_0_len_tra': 30.0, 'NX_0_R_tra': 58.77, 'NX_10_CV': '0.59700', 'NX_10_CV_turn': '0.59700', 'NX_10_ctr': '2.01300', 'NX_10_len_tra': 10.0, 'NX_10_R_tra': 20.13}]
[I 240414 12:50:38 utils:142] Epoch: [114], Info: [{'num_test': 100, 'CV': '0.04600', 'CV_turn': '0.01533', 'ctr': '2.91533', 'len_tra': 30.0, 'R_tra': 87.46, 'NX_0_CV': '0.94000', 'NX_0_CV_turn': '0.31333', 'NX_0_ctr': '1.87733', 'NX_0_len_tra': 30.0, 'NX_0_R_tra': 56.32, 'NX_10_CV': '0.59700', 'NX_10_CV_turn': '0.59700', 'NX_10_ctr': '1.99600', 'NX_10_len_tra': 10.0, 'NX_10_R_tra': 19.96}]
[I 240414 12:50:46 utils:142] Epoch: [115], Info: [{'num_test': 100, 'CV': '0.05500', 'CV_turn': '0.01833', 'ctr': '3.04933', 'len_tra': 30.0, 'R_tra': 91.48, 'NX_0_CV': '0.94100', 'NX_0_CV_turn': '0.31367', 'NX_0_ctr': '1.89200', 'NX_0_len_tra': 30.0, 'NX_0_R_tra': 56.76, 'NX_10_CV': '0.60100', 'NX_10_CV_turn': '0.60100', 'NX_10_ctr': '2.02800', 'NX_10_len_tra': 10.0, 'NX_10_R_tra': 20.28}]
[I 240414 12:50:53 utils:142] Epoch: [116], Info: [{'num_test': 100, 'CV': '0.05800', 'CV_turn': '0.01933', 'ctr': '3.13767', 'len_tra': 30.0, 'R_tra': 94.13, 'NX_0_CV': '0.95000', 'NX_0_CV_turn': '0.31667', 'NX_0_ctr': '1.85133', 'NX_0_len_tra': 30.0, 'NX_0_R_tra': 55.54, 'NX_10_CV': '0.59500', 'NX_10_CV_turn': '0.59500', 'NX_10_ctr': '1.97300', 'NX_10_len_tra': 10.0, 'NX_10_R_tra': 19.73}]
[I 240414 12:51:01 utils:142] Epoch: [117], Info: [{'num_test': 100, 'CV': '0.04700', 'CV_turn': '0.01567', 'ctr': '3.05533', 'len_tra': 30.0, 'R_tra': 91.66, 'NX_0_CV': '0.94900', 'NX_0_CV_turn': '0.31633', 'NX_0_ctr': '1.96133', 'NX_0_len_tra': 30.0, 'NX_0_R_tra': 58.84, 'NX_10_CV': '0.61500', 'NX_10_CV_turn': '0.61500', 'NX_10_ctr': '2.00000', 'NX_10_len_tra': 10.0, 'NX_10_R_tra': 20.0}]
[I 240414 12:51:09 utils:142] Epoch: [118], Info: [{'num_test': 100, 'CV': '0.06900', 'CV_turn': '0.02300', 'ctr': '3.02467', 'len_tra': 30.0, 'R_tra': 90.74, 'NX_0_CV': '0.95600', 'NX_0_CV_turn': '0.31867', 'NX_0_ctr': '1.96867', 'NX_0_len_tra': 30.0, 'NX_0_R_tra': 59.06, 'NX_10_CV': '0.58500', 'NX_10_CV_turn': '0.58500', 'NX_10_ctr': '1.96700', 'NX_10_len_tra': 10.0, 'NX_10_R_tra': 19.67}]
[I 240414 12:51:16 utils:142] Epoch: [119], Info: [{'num_test': 100, 'CV': '0.04800', 'CV_turn': '0.01600', 'ctr': '2.81000', 'len_tra': 30.0, 'R_tra': 84.3, 'NX_0_CV': '0.95300', 'NX_0_CV_turn': '0.31767', 'NX_0_ctr': '1.96300', 'NX_0_len_tra': 30.0, 'NX_0_R_tra': 58.89, 'NX_10_CV': '0.61400', 'NX_10_CV_turn': '0.61400', 'NX_10_ctr': '2.02500', 'NX_10_len_tra': 10.0, 'NX_10_R_tra': 20.25}]
[I 240414 12:51:24 utils:142] Epoch: [120], Info: [{'num_test': 100, 'CV': '0.04300', 'CV_turn': '0.01433', 'ctr': '2.93300', 'len_tra': 30.0, 'R_tra': 87.99, 'NX_0_CV': '0.94200', 'NX_0_CV_turn': '0.31400', 'NX_0_ctr': '1.95000', 'NX_0_len_tra': 30.0, 'NX_0_R_tra': 58.5, 'NX_10_CV': '0.60400', 'NX_10_CV_turn': '0.60400', 'NX_10_ctr': '2.01300', 'NX_10_len_tra': 10.0, 'NX_10_R_tra': 20.13}]
[I 240414 12:51:32 utils:142] Epoch: [121], Info: [{'num_test': 100, 'CV': '0.04800', 'CV_turn': '0.01600', 'ctr': '3.13200', 'len_tra': 30.0, 'R_tra': 93.96, 'NX_0_CV': '0.94900', 'NX_0_CV_turn': '0.31633', 'NX_0_ctr': '1.94267', 'NX_0_len_tra': 30.0, 'NX_0_R_tra': 58.28, 'NX_10_CV': '0.60600', 'NX_10_CV_turn': '0.60600', 'NX_10_ctr': '2.00400', 'NX_10_len_tra': 10.0, 'NX_10_R_tra': 20.04}]
[I 240414 12:51:39 utils:142] Epoch: [122], Info: [{'num_test': 100, 'CV': '0.05600', 'CV_turn': '0.01867', 'ctr': '2.55967', 'len_tra': 30.0, 'R_tra': 76.79, 'NX_0_CV': '0.94400', 'NX_0_CV_turn': '0.31467', 'NX_0_ctr': '1.93533', 'NX_0_len_tra': 30.0, 'NX_0_R_tra': 58.06, 'NX_10_CV': '0.59900', 'NX_10_CV_turn': '0.59900', 'NX_10_ctr': '1.99500', 'NX_10_len_tra': 10.0, 'NX_10_R_tra': 19.95}]
[I 240414 12:51:47 utils:142] Epoch: [123], Info: [{'num_test': 100, 'CV': '0.04900', 'CV_turn': '0.01633', 'ctr': '2.82533', 'len_tra': 30.0, 'R_tra': 84.76, 'NX_0_CV': '0.94600', 'NX_0_CV_turn': '0.31533', 'NX_0_ctr': '1.88867', 'NX_0_len_tra': 30.0, 'NX_0_R_tra': 56.66, 'NX_10_CV': '0.58700', 'NX_10_CV_turn': '0.58700', 'NX_10_ctr': '1.96000', 'NX_10_len_tra': 10.0, 'NX_10_R_tra': 19.6}]
[I 240414 12:51:55 utils:142] Epoch: [124], Info: [{'num_test': 100, 'CV': '0.04600', 'CV_turn': '0.01533', 'ctr': '2.90167', 'len_tra': 30.0, 'R_tra': 87.05, 'NX_0_CV': '0.93900', 'NX_0_CV_turn': '0.31300', 'NX_0_ctr': '1.92300', 'NX_0_len_tra': 30.0, 'NX_0_R_tra': 57.69, 'NX_10_CV': '0.60100', 'NX_10_CV_turn': '0.60100', 'NX_10_ctr': '1.98400', 'NX_10_len_tra': 10.0, 'NX_10_R_tra': 19.84}]
[I 240414 12:52:02 utils:142] Epoch: [125], Info: [{'num_test': 100, 'CV': '0.05400', 'CV_turn': '0.01800', 'ctr': '3.06567', 'len_tra': 30.0, 'R_tra': 91.97, 'NX_0_CV': '0.93900', 'NX_0_CV_turn': '0.31300', 'NX_0_ctr': '1.85900', 'NX_0_len_tra': 30.0, 'NX_0_R_tra': 55.77, 'NX_10_CV': '0.60000', 'NX_10_CV_turn': '0.60000', 'NX_10_ctr': '2.05200', 'NX_10_len_tra': 10.0, 'NX_10_R_tra': 20.52}]
[I 240414 12:52:10 utils:142] Epoch: [126], Info: [{'num_test': 100, 'CV': '0.05000', 'CV_turn': '0.01667', 'ctr': '2.96667', 'len_tra': 30.0, 'R_tra': 89.0, 'NX_0_CV': '0.94600', 'NX_0_CV_turn': '0.31533', 'NX_0_ctr': '1.92000', 'NX_0_len_tra': 30.0, 'NX_0_R_tra': 57.6, 'NX_10_CV': '0.60600', 'NX_10_CV_turn': '0.60600', 'NX_10_ctr': '1.97200', 'NX_10_len_tra': 10.0, 'NX_10_R_tra': 19.72}]
[I 240414 12:52:18 utils:142] Epoch: [127], Info: [{'num_test': 100, 'CV': '0.04300', 'CV_turn': '0.01433', 'ctr': '2.81833', 'len_tra': 30.0, 'R_tra': 84.55, 'NX_0_CV': '0.94300', 'NX_0_CV_turn': '0.31433', 'NX_0_ctr': '1.78500', 'NX_0_len_tra': 30.0, 'NX_0_R_tra': 53.55, 'NX_10_CV': '0.58800', 'NX_10_CV_turn': '0.58800', 'NX_10_ctr': '2.04000', 'NX_10_len_tra': 10.0, 'NX_10_R_tra': 20.4}]
[I 240414 12:52:25 utils:142] Epoch: [128], Info: [{'num_test': 100, 'CV': '0.05700', 'CV_turn': '0.01900', 'ctr': '2.88500', 'len_tra': 30.0, 'R_tra': 86.55, 'NX_0_CV': '0.95100', 'NX_0_CV_turn': '0.31700', 'NX_0_ctr': '1.91733', 'NX_0_len_tra': 30.0, 'NX_0_R_tra': 57.52, 'NX_10_CV': '0.60200', 'NX_10_CV_turn': '0.60200', 'NX_10_ctr': '2.01200', 'NX_10_len_tra': 10.0, 'NX_10_R_tra': 20.12}]
[I 240414 12:52:33 utils:142] Epoch: [129], Info: [{'num_test': 100, 'CV': '0.04200', 'CV_turn': '0.01400', 'ctr': '3.16800', 'len_tra': 30.0, 'R_tra': 95.04, 'NX_0_CV': '0.94700', 'NX_0_CV_turn': '0.31567', 'NX_0_ctr': '1.96633', 'NX_0_len_tra': 30.0, 'NX_0_R_tra': 58.99, 'NX_10_CV': '0.59100', 'NX_10_CV_turn': '0.59100', 'NX_10_ctr': '1.84500', 'NX_10_len_tra': 10.0, 'NX_10_R_tra': 18.45}]
[I 240414 12:52:41 utils:142] Epoch: [130], Info: [{'num_test': 100, 'CV': '0.04700', 'CV_turn': '0.01567', 'ctr': '2.98600', 'len_tra': 30.0, 'R_tra': 89.58, 'NX_0_CV': '0.95000', 'NX_0_CV_turn': '0.31667', 'NX_0_ctr': '1.98000', 'NX_0_len_tra': 30.0, 'NX_0_R_tra': 59.4, 'NX_10_CV': '0.60200', 'NX_10_CV_turn': '0.60200', 'NX_10_ctr': '2.04300', 'NX_10_len_tra': 10.0, 'NX_10_R_tra': 20.43}]
[I 240414 12:52:49 utils:142] Epoch: [131], Info: [{'num_test': 100, 'CV': '0.04600', 'CV_turn': '0.01533', 'ctr': '2.93133', 'len_tra': 30.0, 'R_tra': 87.94, 'NX_0_CV': '0.94100', 'NX_0_CV_turn': '0.31367', 'NX_0_ctr': '1.92600', 'NX_0_len_tra': 30.0, 'NX_0_R_tra': 57.78, 'NX_10_CV': '0.58800', 'NX_10_CV_turn': '0.58800', 'NX_10_ctr': '1.99900', 'NX_10_len_tra': 10.0, 'NX_10_R_tra': 19.99}]
[I 240414 12:52:56 utils:142] Epoch: [132], Info: [{'num_test': 100, 'CV': '0.04900', 'CV_turn': '0.01633', 'ctr': '2.92733', 'len_tra': 30.0, 'R_tra': 87.82, 'NX_0_CV': '0.94100', 'NX_0_CV_turn': '0.31367', 'NX_0_ctr': '1.92467', 'NX_0_len_tra': 30.0, 'NX_0_R_tra': 57.74, 'NX_10_CV': '0.58900', 'NX_10_CV_turn': '0.58900', 'NX_10_ctr': '2.03400', 'NX_10_len_tra': 10.0, 'NX_10_R_tra': 20.34}]
[I 240414 12:53:04 utils:142] Epoch: [133], Info: [{'num_test': 100, 'CV': '0.05200', 'CV_turn': '0.01733', 'ctr': '3.02633', 'len_tra': 30.0, 'R_tra': 90.79, 'NX_0_CV': '0.94200', 'NX_0_CV_turn': '0.31400', 'NX_0_ctr': '1.95133', 'NX_0_len_tra': 30.0, 'NX_0_R_tra': 58.54, 'NX_10_CV': '0.59700', 'NX_10_CV_turn': '0.59700', 'NX_10_ctr': '1.92300', 'NX_10_len_tra': 10.0, 'NX_10_R_tra': 19.23}]
[I 240414 12:53:12 utils:142] Epoch: [134], Info: [{'num_test': 100, 'CV': '0.05000', 'CV_turn': '0.01667', 'ctr': '3.16067', 'len_tra': 30.0, 'R_tra': 94.82, 'NX_0_CV': '0.95000', 'NX_0_CV_turn': '0.31667', 'NX_0_ctr': '1.85700', 'NX_0_len_tra': 30.0, 'NX_0_R_tra': 55.71, 'NX_10_CV': '0.60200', 'NX_10_CV_turn': '0.60200', 'NX_10_ctr': '1.97500', 'NX_10_len_tra': 10.0, 'NX_10_R_tra': 19.75}]
[I 240414 12:53:19 utils:142] Epoch: [135], Info: [{'num_test': 100, 'CV': '0.05500', 'CV_turn': '0.01833', 'ctr': '2.86333', 'len_tra': 30.0, 'R_tra': 85.9, 'NX_0_CV': '0.94900', 'NX_0_CV_turn': '0.31633', 'NX_0_ctr': '1.90467', 'NX_0_len_tra': 30.0, 'NX_0_R_tra': 57.14, 'NX_10_CV': '0.59500', 'NX_10_CV_turn': '0.59500', 'NX_10_ctr': '2.04600', 'NX_10_len_tra': 10.0, 'NX_10_R_tra': 20.46}]
[I 240414 12:53:27 utils:142] Epoch: [136], Info: [{'num_test': 100, 'CV': '0.05300', 'CV_turn': '0.01767', 'ctr': '2.83700', 'len_tra': 30.0, 'R_tra': 85.11, 'NX_0_CV': '0.94000', 'NX_0_CV_turn': '0.31333', 'NX_0_ctr': '2.02100', 'NX_0_len_tra': 30.0, 'NX_0_R_tra': 60.63, 'NX_10_CV': '0.58700', 'NX_10_CV_turn': '0.58700', 'NX_10_ctr': '1.95700', 'NX_10_len_tra': 10.0, 'NX_10_R_tra': 19.57}]
[I 240414 12:53:35 utils:142] Epoch: [137], Info: [{'num_test': 100, 'CV': '0.04500', 'CV_turn': '0.01500', 'ctr': '3.01833', 'len_tra': 30.0, 'R_tra': 90.55, 'NX_0_CV': '0.93600', 'NX_0_CV_turn': '0.31200', 'NX_0_ctr': '1.92567', 'NX_0_len_tra': 30.0, 'NX_0_R_tra': 57.77, 'NX_10_CV': '0.59300', 'NX_10_CV_turn': '0.59300', 'NX_10_ctr': '2.07100', 'NX_10_len_tra': 10.0, 'NX_10_R_tra': 20.71}]
[I 240414 12:53:42 utils:142] Epoch: [138], Info: [{'num_test': 100, 'CV': '0.05200', 'CV_turn': '0.01733', 'ctr': '3.18367', 'len_tra': 30.0, 'R_tra': 95.51, 'NX_0_CV': '0.95800', 'NX_0_CV_turn': '0.31933', 'NX_0_ctr': '1.96467', 'NX_0_len_tra': 30.0, 'NX_0_R_tra': 58.94, 'NX_10_CV': '0.58800', 'NX_10_CV_turn': '0.58800', 'NX_10_ctr': '1.97400', 'NX_10_len_tra': 10.0, 'NX_10_R_tra': 19.74}]
[I 240414 12:53:50 utils:142] Epoch: [139], Info: [{'num_test': 100, 'CV': '0.04300', 'CV_turn': '0.01433', 'ctr': '2.89533', 'len_tra': 30.0, 'R_tra': 86.86, 'NX_0_CV': '0.95200', 'NX_0_CV_turn': '0.31733', 'NX_0_ctr': '1.92700', 'NX_0_len_tra': 30.0, 'NX_0_R_tra': 57.81, 'NX_10_CV': '0.59500', 'NX_10_CV_turn': '0.59500', 'NX_10_ctr': '1.99700', 'NX_10_len_tra': 10.0, 'NX_10_R_tra': 19.97}]
[I 240414 12:53:57 utils:142] Epoch: [140], Info: [{'num_test': 100, 'CV': '0.04800', 'CV_turn': '0.01600', 'ctr': '3.01933', 'len_tra': 30.0, 'R_tra': 90.58, 'NX_0_CV': '0.94800', 'NX_0_CV_turn': '0.31600', 'NX_0_ctr': '2.00100', 'NX_0_len_tra': 30.0, 'NX_0_R_tra': 60.03, 'NX_10_CV': '0.59700', 'NX_10_CV_turn': '0.59700', 'NX_10_ctr': '1.91600', 'NX_10_len_tra': 10.0, 'NX_10_R_tra': 19.16}]
[I 240414 12:54:05 utils:142] Epoch: [141], Info: [{'num_test': 100, 'CV': '0.04900', 'CV_turn': '0.01633', 'ctr': '3.08233', 'len_tra': 30.0, 'R_tra': 92.47, 'NX_0_CV': '0.96200', 'NX_0_CV_turn': '0.32067', 'NX_0_ctr': '1.99000', 'NX_0_len_tra': 30.0, 'NX_0_R_tra': 59.7, 'NX_10_CV': '0.61900', 'NX_10_CV_turn': '0.61900', 'NX_10_ctr': '1.98400', 'NX_10_len_tra': 10.0, 'NX_10_R_tra': 19.84}]
[I 240414 12:54:13 utils:142] Epoch: [142], Info: [{'num_test': 100, 'CV': '0.04200', 'CV_turn': '0.01400', 'ctr': '3.10633', 'len_tra': 30.0, 'R_tra': 93.19, 'NX_0_CV': '0.95000', 'NX_0_CV_turn': '0.31667', 'NX_0_ctr': '1.93233', 'NX_0_len_tra': 30.0, 'NX_0_R_tra': 57.97, 'NX_10_CV': '0.58600', 'NX_10_CV_turn': '0.58600', 'NX_10_ctr': '1.95300', 'NX_10_len_tra': 10.0, 'NX_10_R_tra': 19.53}]
[I 240414 12:54:20 utils:142] Epoch: [143], Info: [{'num_test': 100, 'CV': '0.03900', 'CV_turn': '0.01300', 'ctr': '3.10067', 'len_tra': 30.0, 'R_tra': 93.02, 'NX_0_CV': '0.95300', 'NX_0_CV_turn': '0.31767', 'NX_0_ctr': '1.92400', 'NX_0_len_tra': 30.0, 'NX_0_R_tra': 57.72, 'NX_10_CV': '0.60100', 'NX_10_CV_turn': '0.60100', 'NX_10_ctr': '1.97200', 'NX_10_len_tra': 10.0, 'NX_10_R_tra': 19.72}]
[I 240414 12:54:28 utils:142] Epoch: [144], Info: [{'num_test': 100, 'CV': '0.04500', 'CV_turn': '0.01500', 'ctr': '3.05667', 'len_tra': 30.0, 'R_tra': 91.7, 'NX_0_CV': '0.94800', 'NX_0_CV_turn': '0.31600', 'NX_0_ctr': '1.99467', 'NX_0_len_tra': 30.0, 'NX_0_R_tra': 59.84, 'NX_10_CV': '0.58800', 'NX_10_CV_turn': '0.58800', 'NX_10_ctr': '1.94300', 'NX_10_len_tra': 10.0, 'NX_10_R_tra': 19.43}]
[I 240414 12:54:36 utils:142] Epoch: [145], Info: [{'num_test': 100, 'CV': '0.05900', 'CV_turn': '0.01967', 'ctr': '2.71333', 'len_tra': 30.0, 'R_tra': 81.4, 'NX_0_CV': '0.95400', 'NX_0_CV_turn': '0.31800', 'NX_0_ctr': '1.93600', 'NX_0_len_tra': 30.0, 'NX_0_R_tra': 58.08, 'NX_10_CV': '0.59800', 'NX_10_CV_turn': '0.59800', 'NX_10_ctr': '1.97500', 'NX_10_len_tra': 10.0, 'NX_10_R_tra': 19.75}]
[I 240414 12:54:43 utils:142] Epoch: [146], Info: [{'num_test': 100, 'CV': '0.04700', 'CV_turn': '0.01567', 'ctr': '2.96867', 'len_tra': 30.0, 'R_tra': 89.06, 'NX_0_CV': '0.94900', 'NX_0_CV_turn': '0.31633', 'NX_0_ctr': '1.94900', 'NX_0_len_tra': 30.0, 'NX_0_R_tra': 58.47, 'NX_10_CV': '0.58400', 'NX_10_CV_turn': '0.58400', 'NX_10_ctr': '2.06600', 'NX_10_len_tra': 10.0, 'NX_10_R_tra': 20.66}]
[I 240414 12:54:51 utils:142] Epoch: [147], Info: [{'num_test': 100, 'CV': '0.04900', 'CV_turn': '0.01633', 'ctr': '2.90333', 'len_tra': 30.0, 'R_tra': 87.1, 'NX_0_CV': '0.94800', 'NX_0_CV_turn': '0.31600', 'NX_0_ctr': '1.99100', 'NX_0_len_tra': 30.0, 'NX_0_R_tra': 59.73, 'NX_10_CV': '0.60400', 'NX_10_CV_turn': '0.60400', 'NX_10_ctr': '1.93000', 'NX_10_len_tra': 10.0, 'NX_10_R_tra': 19.3}]
[I 240414 12:54:59 utils:142] Epoch: [148], Info: [{'num_test': 100, 'CV': '0.04700', 'CV_turn': '0.01567', 'ctr': '2.90733', 'len_tra': 30.0, 'R_tra': 87.22, 'NX_0_CV': '0.95100', 'NX_0_CV_turn': '0.31700', 'NX_0_ctr': '1.83467', 'NX_0_len_tra': 30.0, 'NX_0_R_tra': 55.04, 'NX_10_CV': '0.58200', 'NX_10_CV_turn': '0.58200', 'NX_10_ctr': '1.90100', 'NX_10_len_tra': 10.0, 'NX_10_R_tra': 19.01}]
[I 240414 12:55:06 utils:142] Epoch: [149], Info: [{'num_test': 100, 'CV': '0.05500', 'CV_turn': '0.01833', 'ctr': '2.88667', 'len_tra': 30.0, 'R_tra': 86.6, 'NX_0_CV': '0.95200', 'NX_0_CV_turn': '0.31733', 'NX_0_ctr': '2.01733', 'NX_0_len_tra': 30.0, 'NX_0_R_tra': 60.52, 'NX_10_CV': '0.58700', 'NX_10_CV_turn': '0.58700', 'NX_10_ctr': '2.07300', 'NX_10_len_tra': 10.0, 'NX_10_R_tra': 20.73}]
[I 240414 12:55:14 utils:142] Epoch: [150], Info: [{'num_test': 100, 'CV': '0.05100', 'CV_turn': '0.01700', 'ctr': '3.17967', 'len_tra': 30.0, 'R_tra': 95.39, 'NX_0_CV': '0.95500', 'NX_0_CV_turn': '0.31833', 'NX_0_ctr': '2.02700', 'NX_0_len_tra': 30.0, 'NX_0_R_tra': 60.81, 'NX_10_CV': '0.59900', 'NX_10_CV_turn': '0.59900', 'NX_10_ctr': '1.99100', 'NX_10_len_tra': 10.0, 'NX_10_R_tra': 19.91}]
[I 240414 12:55:22 utils:142] Epoch: [151], Info: [{'num_test': 100, 'CV': '0.04500', 'CV_turn': '0.01500', 'ctr': '3.19467', 'len_tra': 30.0, 'R_tra': 95.84, 'NX_0_CV': '0.94900', 'NX_0_CV_turn': '0.31633', 'NX_0_ctr': '1.83833', 'NX_0_len_tra': 30.0, 'NX_0_R_tra': 55.15, 'NX_10_CV': '0.59400', 'NX_10_CV_turn': '0.59400', 'NX_10_ctr': '1.96600', 'NX_10_len_tra': 10.0, 'NX_10_R_tra': 19.66}]
[I 240414 12:55:29 utils:142] Epoch: [152], Info: [{'num_test': 100, 'CV': '0.05800', 'CV_turn': '0.01933', 'ctr': '3.08600', 'len_tra': 30.0, 'R_tra': 92.58, 'NX_0_CV': '0.93700', 'NX_0_CV_turn': '0.31233', 'NX_0_ctr': '2.00933', 'NX_0_len_tra': 30.0, 'NX_0_R_tra': 60.28, 'NX_10_CV': '0.58900', 'NX_10_CV_turn': '0.58900', 'NX_10_ctr': '2.07600', 'NX_10_len_tra': 10.0, 'NX_10_R_tra': 20.76}]
[I 240414 12:55:37 utils:142] Epoch: [153], Info: [{'num_test': 100, 'CV': '0.05100', 'CV_turn': '0.01700', 'ctr': '3.05567', 'len_tra': 30.0, 'R_tra': 91.67, 'NX_0_CV': '0.94600', 'NX_0_CV_turn': '0.31533', 'NX_0_ctr': '1.98567', 'NX_0_len_tra': 30.0, 'NX_0_R_tra': 59.57, 'NX_10_CV': '0.61500', 'NX_10_CV_turn': '0.61500', 'NX_10_ctr': '2.06600', 'NX_10_len_tra': 10.0, 'NX_10_R_tra': 20.66}]
[I 240414 12:55:45 utils:142] Epoch: [154], Info: [{'num_test': 100, 'CV': '0.04200', 'CV_turn': '0.01400', 'ctr': '2.88467', 'len_tra': 30.0, 'R_tra': 86.54, 'NX_0_CV': '0.95000', 'NX_0_CV_turn': '0.31667', 'NX_0_ctr': '1.92267', 'NX_0_len_tra': 30.0, 'NX_0_R_tra': 57.68, 'NX_10_CV': '0.59400', 'NX_10_CV_turn': '0.59400', 'NX_10_ctr': '2.02300', 'NX_10_len_tra': 10.0, 'NX_10_R_tra': 20.23}]
[I 240414 12:55:52 utils:142] Epoch: [155], Info: [{'num_test': 100, 'CV': '0.04300', 'CV_turn': '0.01433', 'ctr': '3.11867', 'len_tra': 30.0, 'R_tra': 93.56, 'NX_0_CV': '0.93500', 'NX_0_CV_turn': '0.31167', 'NX_0_ctr': '1.97433', 'NX_0_len_tra': 30.0, 'NX_0_R_tra': 59.23, 'NX_10_CV': '0.61000', 'NX_10_CV_turn': '0.61000', 'NX_10_ctr': '2.00400', 'NX_10_len_tra': 10.0, 'NX_10_R_tra': 20.04}]
[I 240414 12:56:00 utils:142] Epoch: [156], Info: [{'num_test': 100, 'CV': '0.05800', 'CV_turn': '0.01933', 'ctr': '3.18367', 'len_tra': 30.0, 'R_tra': 95.51, 'NX_0_CV': '0.93700', 'NX_0_CV_turn': '0.31233', 'NX_0_ctr': '1.96467', 'NX_0_len_tra': 30.0, 'NX_0_R_tra': 58.94, 'NX_10_CV': '0.59100', 'NX_10_CV_turn': '0.59100', 'NX_10_ctr': '2.06300', 'NX_10_len_tra': 10.0, 'NX_10_R_tra': 20.63}]
[I 240414 12:56:08 utils:142] Epoch: [157], Info: [{'num_test': 100, 'CV': '0.04100', 'CV_turn': '0.01367', 'ctr': '2.92067', 'len_tra': 30.0, 'R_tra': 87.62, 'NX_0_CV': '0.94000', 'NX_0_CV_turn': '0.31333', 'NX_0_ctr': '1.90900', 'NX_0_len_tra': 30.0, 'NX_0_R_tra': 57.27, 'NX_10_CV': '0.59700', 'NX_10_CV_turn': '0.59700', 'NX_10_ctr': '1.96400', 'NX_10_len_tra': 10.0, 'NX_10_R_tra': 19.64}]
[I 240414 12:56:15 utils:142] Epoch: [158], Info: [{'num_test': 100, 'CV': '0.05100', 'CV_turn': '0.01700', 'ctr': '2.73900', 'len_tra': 30.0, 'R_tra': 82.17, 'NX_0_CV': '0.95800', 'NX_0_CV_turn': '0.31933', 'NX_0_ctr': '1.93600', 'NX_0_len_tra': 30.0, 'NX_0_R_tra': 58.08, 'NX_10_CV': '0.59600', 'NX_10_CV_turn': '0.59600', 'NX_10_ctr': '2.02100', 'NX_10_len_tra': 10.0, 'NX_10_R_tra': 20.21}]
[I 240414 12:56:23 utils:142] Epoch: [159], Info: [{'num_test': 100, 'CV': '0.05800', 'CV_turn': '0.01933', 'ctr': '2.99767', 'len_tra': 30.0, 'R_tra': 89.93, 'NX_0_CV': '0.95800', 'NX_0_CV_turn': '0.31933', 'NX_0_ctr': '1.87600', 'NX_0_len_tra': 30.0, 'NX_0_R_tra': 56.28, 'NX_10_CV': '0.60900', 'NX_10_CV_turn': '0.60900', 'NX_10_ctr': '1.95200', 'NX_10_len_tra': 10.0, 'NX_10_R_tra': 19.52}]
[I 240414 12:56:31 utils:142] Epoch: [160], Info: [{'num_test': 100, 'CV': '0.04900', 'CV_turn': '0.01633', 'ctr': '3.00900', 'len_tra': 30.0, 'R_tra': 90.27, 'NX_0_CV': '0.94700', 'NX_0_CV_turn': '0.31567', 'NX_0_ctr': '1.96500', 'NX_0_len_tra': 30.0, 'NX_0_R_tra': 58.95, 'NX_10_CV': '0.60600', 'NX_10_CV_turn': '0.60600', 'NX_10_ctr': '2.05600', 'NX_10_len_tra': 10.0, 'NX_10_R_tra': 20.56}]
[I 240414 12:56:39 utils:142] Epoch: [161], Info: [{'num_test': 100, 'CV': '0.04200', 'CV_turn': '0.01400', 'ctr': '3.03433', 'len_tra': 30.0, 'R_tra': 91.03, 'NX_0_CV': '0.94600', 'NX_0_CV_turn': '0.31533', 'NX_0_ctr': '1.90100', 'NX_0_len_tra': 30.0, 'NX_0_R_tra': 57.03, 'NX_10_CV': '0.59100', 'NX_10_CV_turn': '0.59100', 'NX_10_ctr': '2.00700', 'NX_10_len_tra': 10.0, 'NX_10_R_tra': 20.07}]
[I 240414 12:56:46 utils:142] Epoch: [162], Info: [{'num_test': 100, 'CV': '0.04700', 'CV_turn': '0.01567', 'ctr': '3.11333', 'len_tra': 30.0, 'R_tra': 93.4, 'NX_0_CV': '0.95400', 'NX_0_CV_turn': '0.31800', 'NX_0_ctr': '1.80700', 'NX_0_len_tra': 30.0, 'NX_0_R_tra': 54.21, 'NX_10_CV': '0.60300', 'NX_10_CV_turn': '0.60300', 'NX_10_ctr': '1.98600', 'NX_10_len_tra': 10.0, 'NX_10_R_tra': 19.86}]
[I 240414 12:56:54 utils:142] Epoch: [163], Info: [{'num_test': 100, 'CV': '0.05000', 'CV_turn': '0.01667', 'ctr': '3.01500', 'len_tra': 30.0, 'R_tra': 90.45, 'NX_0_CV': '0.94700', 'NX_0_CV_turn': '0.31567', 'NX_0_ctr': '1.95900', 'NX_0_len_tra': 30.0, 'NX_0_R_tra': 58.77, 'NX_10_CV': '0.58900', 'NX_10_CV_turn': '0.58900', 'NX_10_ctr': '2.06200', 'NX_10_len_tra': 10.0, 'NX_10_R_tra': 20.62}]
[I 240414 12:57:02 utils:142] Epoch: [164], Info: [{'num_test': 100, 'CV': '0.05800', 'CV_turn': '0.01933', 'ctr': '2.97133', 'len_tra': 30.0, 'R_tra': 89.14, 'NX_0_CV': '0.95000', 'NX_0_CV_turn': '0.31667', 'NX_0_ctr': '1.93667', 'NX_0_len_tra': 30.0, 'NX_0_R_tra': 58.1, 'NX_10_CV': '0.60700', 'NX_10_CV_turn': '0.60700', 'NX_10_ctr': '1.94000', 'NX_10_len_tra': 10.0, 'NX_10_R_tra': 19.4}]
[I 240414 12:57:09 utils:142] Epoch: [165], Info: [{'num_test': 100, 'CV': '0.05800', 'CV_turn': '0.01933', 'ctr': '2.98900', 'len_tra': 30.0, 'R_tra': 89.67, 'NX_0_CV': '0.94400', 'NX_0_CV_turn': '0.31467', 'NX_0_ctr': '1.91367', 'NX_0_len_tra': 30.0, 'NX_0_R_tra': 57.41, 'NX_10_CV': '0.59000', 'NX_10_CV_turn': '0.59000', 'NX_10_ctr': '1.94500', 'NX_10_len_tra': 10.0, 'NX_10_R_tra': 19.45}]
[I 240414 12:57:17 utils:142] Epoch: [166], Info: [{'num_test': 100, 'CV': '0.04800', 'CV_turn': '0.01600', 'ctr': '2.93233', 'len_tra': 30.0, 'R_tra': 87.97, 'NX_0_CV': '0.94400', 'NX_0_CV_turn': '0.31467', 'NX_0_ctr': '1.96433', 'NX_0_len_tra': 30.0, 'NX_0_R_tra': 58.93, 'NX_10_CV': '0.60300', 'NX_10_CV_turn': '0.60300', 'NX_10_ctr': '2.08400', 'NX_10_len_tra': 10.0, 'NX_10_R_tra': 20.84}]
[I 240414 12:57:25 utils:142] Epoch: [167], Info: [{'num_test': 100, 'CV': '0.05800', 'CV_turn': '0.01933', 'ctr': '2.84133', 'len_tra': 30.0, 'R_tra': 85.24, 'NX_0_CV': '0.93800', 'NX_0_CV_turn': '0.31267', 'NX_0_ctr': '1.90233', 'NX_0_len_tra': 30.0, 'NX_0_R_tra': 57.07, 'NX_10_CV': '0.59400', 'NX_10_CV_turn': '0.59400', 'NX_10_ctr': '2.09300', 'NX_10_len_tra': 10.0, 'NX_10_R_tra': 20.93}]
[I 240414 12:57:32 utils:142] Epoch: [168], Info: [{'num_test': 100, 'CV': '0.06200', 'CV_turn': '0.02067', 'ctr': '3.01267', 'len_tra': 30.0, 'R_tra': 90.38, 'NX_0_CV': '0.94700', 'NX_0_CV_turn': '0.31567', 'NX_0_ctr': '1.85267', 'NX_0_len_tra': 30.0, 'NX_0_R_tra': 55.58, 'NX_10_CV': '0.58400', 'NX_10_CV_turn': '0.58400', 'NX_10_ctr': '1.97100', 'NX_10_len_tra': 10.0, 'NX_10_R_tra': 19.71}]
[I 240414 12:57:40 utils:142] Epoch: [169], Info: [{'num_test': 100, 'CV': '0.05500', 'CV_turn': '0.01833', 'ctr': '2.90433', 'len_tra': 30.0, 'R_tra': 87.13, 'NX_0_CV': '0.94600', 'NX_0_CV_turn': '0.31533', 'NX_0_ctr': '1.98167', 'NX_0_len_tra': 30.0, 'NX_0_R_tra': 59.45, 'NX_10_CV': '0.60800', 'NX_10_CV_turn': '0.60800', 'NX_10_ctr': '1.98000', 'NX_10_len_tra': 10.0, 'NX_10_R_tra': 19.8}]
[I 240414 12:57:47 utils:142] Epoch: [170], Info: [{'num_test': 100, 'CV': '0.04900', 'CV_turn': '0.01633', 'ctr': '3.11233', 'len_tra': 30.0, 'R_tra': 93.37, 'NX_0_CV': '0.95300', 'NX_0_CV_turn': '0.31767', 'NX_0_ctr': '1.95767', 'NX_0_len_tra': 30.0, 'NX_0_R_tra': 58.73, 'NX_10_CV': '0.60100', 'NX_10_CV_turn': '0.60100', 'NX_10_ctr': '2.06000', 'NX_10_len_tra': 10.0, 'NX_10_R_tra': 20.6}]
[I 240414 12:57:55 utils:142] Epoch: [171], Info: [{'num_test': 100, 'CV': '0.04800', 'CV_turn': '0.01600', 'ctr': '3.15933', 'len_tra': 30.0, 'R_tra': 94.78, 'NX_0_CV': '0.93600', 'NX_0_CV_turn': '0.31200', 'NX_0_ctr': '1.97133', 'NX_0_len_tra': 30.0, 'NX_0_R_tra': 59.14, 'NX_10_CV': '0.59200', 'NX_10_CV_turn': '0.59200', 'NX_10_ctr': '2.05000', 'NX_10_len_tra': 10.0, 'NX_10_R_tra': 20.5}]
[I 240414 12:58:03 utils:142] Epoch: [172], Info: [{'num_test': 100, 'CV': '0.05700', 'CV_turn': '0.01900', 'ctr': '3.06900', 'len_tra': 30.0, 'R_tra': 92.07, 'NX_0_CV': '0.94500', 'NX_0_CV_turn': '0.31500', 'NX_0_ctr': '1.93267', 'NX_0_len_tra': 30.0, 'NX_0_R_tra': 57.98, 'NX_10_CV': '0.59000', 'NX_10_CV_turn': '0.59000', 'NX_10_ctr': '2.08200', 'NX_10_len_tra': 10.0, 'NX_10_R_tra': 20.82}]
[I 240414 12:58:10 utils:142] Epoch: [173], Info: [{'num_test': 100, 'CV': '0.04300', 'CV_turn': '0.01433', 'ctr': '2.79833', 'len_tra': 30.0, 'R_tra': 83.95, 'NX_0_CV': '0.95500', 'NX_0_CV_turn': '0.31833', 'NX_0_ctr': '1.91833', 'NX_0_len_tra': 30.0, 'NX_0_R_tra': 57.55, 'NX_10_CV': '0.59500', 'NX_10_CV_turn': '0.59500', 'NX_10_ctr': '2.10800', 'NX_10_len_tra': 10.0, 'NX_10_R_tra': 21.08}]
[I 240414 12:58:18 utils:142] Epoch: [174], Info: [{'num_test': 100, 'CV': '0.05700', 'CV_turn': '0.01900', 'ctr': '2.94000', 'len_tra': 30.0, 'R_tra': 88.2, 'NX_0_CV': '0.94900', 'NX_0_CV_turn': '0.31633', 'NX_0_ctr': '1.94900', 'NX_0_len_tra': 30.0, 'NX_0_R_tra': 58.47, 'NX_10_CV': '0.61300', 'NX_10_CV_turn': '0.61300', 'NX_10_ctr': '2.11100', 'NX_10_len_tra': 10.0, 'NX_10_R_tra': 21.11}]
[I 240414 12:58:26 utils:142] Epoch: [175], Info: [{'num_test': 100, 'CV': '0.05200', 'CV_turn': '0.01733', 'ctr': '3.00267', 'len_tra': 30.0, 'R_tra': 90.08, 'NX_0_CV': '0.94800', 'NX_0_CV_turn': '0.31600', 'NX_0_ctr': '1.96200', 'NX_0_len_tra': 30.0, 'NX_0_R_tra': 58.86, 'NX_10_CV': '0.61900', 'NX_10_CV_turn': '0.61900', 'NX_10_ctr': '2.02200', 'NX_10_len_tra': 10.0, 'NX_10_R_tra': 20.22}]
[I 240414 12:58:34 utils:142] Epoch: [176], Info: [{'num_test': 100, 'CV': '0.05800', 'CV_turn': '0.01933', 'ctr': '2.76833', 'len_tra': 30.0, 'R_tra': 83.05, 'NX_0_CV': '0.95200', 'NX_0_CV_turn': '0.31733', 'NX_0_ctr': '1.85433', 'NX_0_len_tra': 30.0, 'NX_0_R_tra': 55.63, 'NX_10_CV': '0.58000', 'NX_10_CV_turn': '0.58000', 'NX_10_ctr': '1.99100', 'NX_10_len_tra': 10.0, 'NX_10_R_tra': 19.91}]
[I 240414 12:58:41 utils:142] Epoch: [177], Info: [{'num_test': 100, 'CV': '0.05200', 'CV_turn': '0.01733', 'ctr': '3.13067', 'len_tra': 30.0, 'R_tra': 93.92, 'NX_0_CV': '0.94400', 'NX_0_CV_turn': '0.31467', 'NX_0_ctr': '1.94367', 'NX_0_len_tra': 30.0, 'NX_0_R_tra': 58.31, 'NX_10_CV': '0.59300', 'NX_10_CV_turn': '0.59300', 'NX_10_ctr': '1.87200', 'NX_10_len_tra': 10.0, 'NX_10_R_tra': 18.72}]
[I 240414 12:58:49 utils:142] Epoch: [178], Info: [{'num_test': 100, 'CV': '0.05500', 'CV_turn': '0.01833', 'ctr': '3.08000', 'len_tra': 30.0, 'R_tra': 92.4, 'NX_0_CV': '0.96200', 'NX_0_CV_turn': '0.32067', 'NX_0_ctr': '1.90267', 'NX_0_len_tra': 30.0, 'NX_0_R_tra': 57.08, 'NX_10_CV': '0.60600', 'NX_10_CV_turn': '0.60600', 'NX_10_ctr': '1.99300', 'NX_10_len_tra': 10.0, 'NX_10_R_tra': 19.93}]
[I 240414 12:58:56 utils:142] Epoch: [179], Info: [{'num_test': 100, 'CV': '0.05700', 'CV_turn': '0.01900', 'ctr': '2.82433', 'len_tra': 30.0, 'R_tra': 84.73, 'NX_0_CV': '0.95100', 'NX_0_CV_turn': '0.31700', 'NX_0_ctr': '1.95200', 'NX_0_len_tra': 30.0, 'NX_0_R_tra': 58.56, 'NX_10_CV': '0.58900', 'NX_10_CV_turn': '0.58900', 'NX_10_ctr': '2.10500', 'NX_10_len_tra': 10.0, 'NX_10_R_tra': 21.05}]
[I 240414 12:59:04 utils:142] Epoch: [180], Info: [{'num_test': 100, 'CV': '0.05300', 'CV_turn': '0.01767', 'ctr': '2.97533', 'len_tra': 30.0, 'R_tra': 89.26, 'NX_0_CV': '0.94200', 'NX_0_CV_turn': '0.31400', 'NX_0_ctr': '1.95400', 'NX_0_len_tra': 30.0, 'NX_0_R_tra': 58.62, 'NX_10_CV': '0.59400', 'NX_10_CV_turn': '0.59400', 'NX_10_ctr': '2.03400', 'NX_10_len_tra': 10.0, 'NX_10_R_tra': 20.34}]
[I 240414 12:59:12 utils:142] Epoch: [181], Info: [{'num_test': 100, 'CV': '0.04300', 'CV_turn': '0.01433', 'ctr': '2.89200', 'len_tra': 30.0, 'R_tra': 86.76, 'NX_0_CV': '0.94600', 'NX_0_CV_turn': '0.31533', 'NX_0_ctr': '1.88933', 'NX_0_len_tra': 30.0, 'NX_0_R_tra': 56.68, 'NX_10_CV': '0.60800', 'NX_10_CV_turn': '0.60800', 'NX_10_ctr': '2.00600', 'NX_10_len_tra': 10.0, 'NX_10_R_tra': 20.06}]
[I 240414 12:59:19 utils:142] Epoch: [182], Info: [{'num_test': 100, 'CV': '0.05700', 'CV_turn': '0.01900', 'ctr': '2.86367', 'len_tra': 30.0, 'R_tra': 85.91, 'NX_0_CV': '0.94400', 'NX_0_CV_turn': '0.31467', 'NX_0_ctr': '1.98200', 'NX_0_len_tra': 30.0, 'NX_0_R_tra': 59.46, 'NX_10_CV': '0.59100', 'NX_10_CV_turn': '0.59100', 'NX_10_ctr': '2.00900', 'NX_10_len_tra': 10.0, 'NX_10_R_tra': 20.09}]
[I 240414 12:59:27 utils:142] Epoch: [183], Info: [{'num_test': 100, 'CV': '0.04700', 'CV_turn': '0.01567', 'ctr': '2.65500', 'len_tra': 30.0, 'R_tra': 79.65, 'NX_0_CV': '0.94600', 'NX_0_CV_turn': '0.31533', 'NX_0_ctr': '1.93867', 'NX_0_len_tra': 30.0, 'NX_0_R_tra': 58.16, 'NX_10_CV': '0.59500', 'NX_10_CV_turn': '0.59500', 'NX_10_ctr': '1.94900', 'NX_10_len_tra': 10.0, 'NX_10_R_tra': 19.49}]
[I 240414 12:59:35 utils:142] Epoch: [184], Info: [{'num_test': 100, 'CV': '0.05200', 'CV_turn': '0.01733', 'ctr': '2.93700', 'len_tra': 30.0, 'R_tra': 88.11, 'NX_0_CV': '0.95400', 'NX_0_CV_turn': '0.31800', 'NX_0_ctr': '1.95067', 'NX_0_len_tra': 30.0, 'NX_0_R_tra': 58.52, 'NX_10_CV': '0.59000', 'NX_10_CV_turn': '0.59000', 'NX_10_ctr': '1.93000', 'NX_10_len_tra': 10.0, 'NX_10_R_tra': 19.3}]
[I 240414 12:59:42 utils:142] Epoch: [185], Info: [{'num_test': 100, 'CV': '0.05400', 'CV_turn': '0.01800', 'ctr': '2.74533', 'len_tra': 30.0, 'R_tra': 82.36, 'NX_0_CV': '0.93700', 'NX_0_CV_turn': '0.31233', 'NX_0_ctr': '1.94567', 'NX_0_len_tra': 30.0, 'NX_0_R_tra': 58.37, 'NX_10_CV': '0.58500', 'NX_10_CV_turn': '0.58500', 'NX_10_ctr': '2.00600', 'NX_10_len_tra': 10.0, 'NX_10_R_tra': 20.06}]
[I 240414 12:59:50 utils:142] Epoch: [186], Info: [{'num_test': 100, 'CV': '0.06200', 'CV_turn': '0.02067', 'ctr': '2.91867', 'len_tra': 30.0, 'R_tra': 87.56, 'NX_0_CV': '0.95900', 'NX_0_CV_turn': '0.31967', 'NX_0_ctr': '1.88833', 'NX_0_len_tra': 30.0, 'NX_0_R_tra': 56.65, 'NX_10_CV': '0.57800', 'NX_10_CV_turn': '0.57800', 'NX_10_ctr': '2.05000', 'NX_10_len_tra': 10.0, 'NX_10_R_tra': 20.5}]
[I 240414 12:59:57 utils:142] Epoch: [187], Info: [{'num_test': 100, 'CV': '0.05100', 'CV_turn': '0.01700', 'ctr': '2.88767', 'len_tra': 30.0, 'R_tra': 86.63, 'NX_0_CV': '0.94000', 'NX_0_CV_turn': '0.31333', 'NX_0_ctr': '1.92400', 'NX_0_len_tra': 30.0, 'NX_0_R_tra': 57.72, 'NX_10_CV': '0.59300', 'NX_10_CV_turn': '0.59300', 'NX_10_ctr': '2.03300', 'NX_10_len_tra': 10.0, 'NX_10_R_tra': 20.33}]
[I 240414 13:00:05 utils:142] Epoch: [188], Info: [{'num_test': 100, 'CV': '0.05300', 'CV_turn': '0.01767', 'ctr': '3.13367', 'len_tra': 30.0, 'R_tra': 94.01, 'NX_0_CV': '0.95600', 'NX_0_CV_turn': '0.31867', 'NX_0_ctr': '1.85767', 'NX_0_len_tra': 30.0, 'NX_0_R_tra': 55.73, 'NX_10_CV': '0.58100', 'NX_10_CV_turn': '0.58100', 'NX_10_ctr': '1.95300', 'NX_10_len_tra': 10.0, 'NX_10_R_tra': 19.53}]
[I 240414 13:00:13 utils:142] Epoch: [189], Info: [{'num_test': 100, 'CV': '0.05200', 'CV_turn': '0.01733', 'ctr': '3.00933', 'len_tra': 30.0, 'R_tra': 90.28, 'NX_0_CV': '0.95700', 'NX_0_CV_turn': '0.31900', 'NX_0_ctr': '1.84400', 'NX_0_len_tra': 30.0, 'NX_0_R_tra': 55.32, 'NX_10_CV': '0.57200', 'NX_10_CV_turn': '0.57200', 'NX_10_ctr': '1.91100', 'NX_10_len_tra': 10.0, 'NX_10_R_tra': 19.11}]
[I 240414 13:00:20 utils:142] Epoch: [190], Info: [{'num_test': 100, 'CV': '0.06000', 'CV_turn': '0.02000', 'ctr': '2.88967', 'len_tra': 30.0, 'R_tra': 86.69, 'NX_0_CV': '0.95000', 'NX_0_CV_turn': '0.31667', 'NX_0_ctr': '2.08033', 'NX_0_len_tra': 30.0, 'NX_0_R_tra': 62.41, 'NX_10_CV': '0.60700', 'NX_10_CV_turn': '0.60700', 'NX_10_ctr': '1.92800', 'NX_10_len_tra': 10.0, 'NX_10_R_tra': 19.28}]
[I 240414 13:00:28 utils:142] Epoch: [191], Info: [{'num_test': 100, 'CV': '0.05900', 'CV_turn': '0.01967', 'ctr': '2.95700', 'len_tra': 30.0, 'R_tra': 88.71, 'NX_0_CV': '0.94500', 'NX_0_CV_turn': '0.31500', 'NX_0_ctr': '1.85267', 'NX_0_len_tra': 30.0, 'NX_0_R_tra': 55.58, 'NX_10_CV': '0.60100', 'NX_10_CV_turn': '0.60100', 'NX_10_ctr': '2.00700', 'NX_10_len_tra': 10.0, 'NX_10_R_tra': 20.07}]
[I 240414 13:00:36 utils:142] Epoch: [192], Info: [{'num_test': 100, 'CV': '0.05900', 'CV_turn': '0.01967', 'ctr': '2.91067', 'len_tra': 30.0, 'R_tra': 87.32, 'NX_0_CV': '0.94800', 'NX_0_CV_turn': '0.31600', 'NX_0_ctr': '1.88633', 'NX_0_len_tra': 30.0, 'NX_0_R_tra': 56.59, 'NX_10_CV': '0.59800', 'NX_10_CV_turn': '0.59800', 'NX_10_ctr': '1.90200', 'NX_10_len_tra': 10.0, 'NX_10_R_tra': 19.02}]
[I 240414 13:00:44 utils:142] Epoch: [193], Info: [{'num_test': 100, 'CV': '0.05800', 'CV_turn': '0.01933', 'ctr': '2.99133', 'len_tra': 30.0, 'R_tra': 89.74, 'NX_0_CV': '0.95800', 'NX_0_CV_turn': '0.31933', 'NX_0_ctr': '1.92100', 'NX_0_len_tra': 30.0, 'NX_0_R_tra': 57.63, 'NX_10_CV': '0.61600', 'NX_10_CV_turn': '0.61600', 'NX_10_ctr': '1.92200', 'NX_10_len_tra': 10.0, 'NX_10_R_tra': 19.22}]
[I 240414 13:00:51 utils:142] Epoch: [194], Info: [{'num_test': 100, 'CV': '0.06000', 'CV_turn': '0.02000', 'ctr': '3.05500', 'len_tra': 30.0, 'R_tra': 91.65, 'NX_0_CV': '0.94800', 'NX_0_CV_turn': '0.31600', 'NX_0_ctr': '1.90533', 'NX_0_len_tra': 30.0, 'NX_0_R_tra': 57.16, 'NX_10_CV': '0.60400', 'NX_10_CV_turn': '0.60400', 'NX_10_ctr': '2.01300', 'NX_10_len_tra': 10.0, 'NX_10_R_tra': 20.13}]
[I 240414 13:00:59 utils:142] Epoch: [195], Info: [{'num_test': 100, 'CV': '0.06100', 'CV_turn': '0.02033', 'ctr': '2.94033', 'len_tra': 30.0, 'R_tra': 88.21, 'NX_0_CV': '0.95600', 'NX_0_CV_turn': '0.31867', 'NX_0_ctr': '1.88367', 'NX_0_len_tra': 30.0, 'NX_0_R_tra': 56.51, 'NX_10_CV': '0.59400', 'NX_10_CV_turn': '0.59400', 'NX_10_ctr': '1.93600', 'NX_10_len_tra': 10.0, 'NX_10_R_tra': 19.36}]
[I 240414 13:01:06 utils:142] Epoch: [196], Info: [{'num_test': 100, 'CV': '0.05600', 'CV_turn': '0.01867', 'ctr': '2.87267', 'len_tra': 30.0, 'R_tra': 86.18, 'NX_0_CV': '0.95100', 'NX_0_CV_turn': '0.31700', 'NX_0_ctr': '1.93433', 'NX_0_len_tra': 30.0, 'NX_0_R_tra': 58.03, 'NX_10_CV': '0.59300', 'NX_10_CV_turn': '0.59300', 'NX_10_ctr': '1.91700', 'NX_10_len_tra': 10.0, 'NX_10_R_tra': 19.17}]
[I 240414 13:01:14 utils:142] Epoch: [197], Info: [{'num_test': 100, 'CV': '0.05200', 'CV_turn': '0.01733', 'ctr': '2.85267', 'len_tra': 30.0, 'R_tra': 85.58, 'NX_0_CV': '0.94000', 'NX_0_CV_turn': '0.31333', 'NX_0_ctr': '1.93833', 'NX_0_len_tra': 30.0, 'NX_0_R_tra': 58.15, 'NX_10_CV': '0.60400', 'NX_10_CV_turn': '0.60400', 'NX_10_ctr': '1.95000', 'NX_10_len_tra': 10.0, 'NX_10_R_tra': 19.5}]
[I 240414 13:01:22 utils:142] Epoch: [198], Info: [{'num_test': 100, 'CV': '0.04900', 'CV_turn': '0.01633', 'ctr': '2.76800', 'len_tra': 30.0, 'R_tra': 83.04, 'NX_0_CV': '0.95000', 'NX_0_CV_turn': '0.31667', 'NX_0_ctr': '1.84967', 'NX_0_len_tra': 30.0, 'NX_0_R_tra': 55.49, 'NX_10_CV': '0.60300', 'NX_10_CV_turn': '0.60300', 'NX_10_ctr': '2.05300', 'NX_10_len_tra': 10.0, 'NX_10_R_tra': 20.53}]
[I 240414 13:01:30 utils:142] Epoch: [199], Info: [{'num_test': 100, 'CV': '0.06000', 'CV_turn': '0.02000', 'ctr': '2.84600', 'len_tra': 30.0, 'R_tra': 85.38, 'NX_0_CV': '0.95000', 'NX_0_CV_turn': '0.31667', 'NX_0_ctr': '1.92700', 'NX_0_len_tra': 30.0, 'NX_0_R_tra': 57.81, 'NX_10_CV': '0.60700', 'NX_10_CV_turn': '0.60700', 'NX_10_ctr': '2.04600', 'NX_10_len_tra': 10.0, 'NX_10_R_tra': 20.46}]
[I 240414 13:01:37 utils:142] Epoch: [200], Info: [{'num_test': 100, 'CV': '0.06000', 'CV_turn': '0.02000', 'ctr': '3.14867', 'len_tra': 30.0, 'R_tra': 94.46, 'NX_0_CV': '0.94700', 'NX_0_CV_turn': '0.31567', 'NX_0_ctr': '1.87500', 'NX_0_len_tra': 30.0, 'NX_0_R_tra': 56.25, 'NX_10_CV': '0.58800', 'NX_10_CV_turn': '0.58800', 'NX_10_ctr': '2.13200', 'NX_10_len_tra': 10.0, 'NX_10_R_tra': 21.32}]
[I 240414 13:01:37 run_Policy_CRR:132] {'duration': '1538.44s', 'train_time/model': '1538.36s', 'test_step': 3000, 'test_episode': 100, 'test_time': '0.08s', 'test_speed': '36819.59 step/s', 'best_reward': 96.53, 'best_result': '96.53  36.65'}
