[I 240126 14:47:18 policy_utils:47] {
      "env": "YahooEnv-v0",
      "user_model_name": "DeepFM",
      "model_name": "A2C_with_emb",
      "seed": 0,
      "cuda": 1,
      "draw_bar": false,
      "is_userinfo": true,
      "is_all_item_ranking": false,
      "cpu": false,
      "is_save": false,
      "use_userEmbedding": false,
      "exploration_noise": false,
      "eps": 0.1,
      "freeze_emb": false,
      "reward_handle": "cat",
      "which_tracker": "avg",
      "embedding_dim": 32,
      "window_size": 3,
      "filter_sizes": [
        2,
        3,
        4
      ],
      "num_filters": 16,
      "dropout_rate": 0.1,
      "num_heads": 1,
      "version": "v1",
      "tau": 0,
      "gamma_exposure": 10,
      "lambda_variance": 0.01,
      "lambda_entropy": 1.0,
      "use_exposure_intervention": false,
      "buffer_size": 100000,
      "lr": 0.001,
      "epoch": 200,
      "batch_size": 1024,
      "hidden_sizes": [
        64,
        64
      ],
      "episode_per_collect": 100,
      "training_num": 100,
      "test_num": 100,
      "render": 0,
      "reward_threshold": null,
      "gamma": 0.9,
      "step_per_epoch": 100000,
      "repeat_per_collect": 1,
      "logdir": "log",
      "vf_coef": 0.5,
      "ent_coef": 0.0,
      "max_grad_norm": null,
      "gae_lambda": 1.0,
      "rew_norm": false,
      "read_message": "pointneg",
      "message": "DORL",
      "remark": "U0.01",
      "all_item_ranking": false,
      "is_binarize": true,
      "need_transform": false,
      "entropy_window": [],
      "rating_threshold": 4,
      "yfeat": "rating",
      "leave_threshold": 0.0,
      "num_leave_compute": 1,
      "max_turn": 30,
      "force_length": 10,
      "top_rate": 0.8,
      "hostname": "sanzang"
    }
[I 240126 14:47:34 utils:141] Epoch: [1], Info: [{'num_test': 100, 'CV': '0.88800', 'CV_turn': '0.29600', 'ctr': '1.91333', 'len_tra': 30.0, 'R_tra': 57.4, 'NX_0_CV': '0.90100', 'NX_0_CV_turn': '0.30033', 'NX_0_ctr': '1.96500', 'NX_0_len_tra': 30.0, 'NX_0_R_tra': 58.95, 'NX_10_CV': '0.60100', 'NX_10_CV_turn': '0.60100', 'NX_10_ctr': '1.99600', 'NX_10_len_tra': 10.0, 'NX_10_R_tra': 19.96}]
[I 240126 14:47:40 utils:141] Epoch: [2], Info: [{'num_test': 100, 'CV': '0.05700', 'CV_turn': '0.01900', 'ctr': '2.07133', 'len_tra': 30.0, 'R_tra': 62.14, 'NX_0_CV': '0.34700', 'NX_0_CV_turn': '0.11567', 'NX_0_ctr': '2.32867', 'NX_0_len_tra': 30.0, 'NX_0_R_tra': 69.86, 'NX_10_CV': '0.08200', 'NX_10_CV_turn': '0.08200', 'NX_10_ctr': '2.48800', 'NX_10_len_tra': 10.0, 'NX_10_R_tra': 24.88}]
[I 240126 14:47:45 utils:141] Epoch: [3], Info: [{'num_test': 100, 'CV': '0.02300', 'CV_turn': '0.00767', 'ctr': '2.81000', 'len_tra': 30.0, 'R_tra': 84.3, 'NX_0_CV': '0.32600', 'NX_0_CV_turn': '0.10867', 'NX_0_ctr': '2.27633', 'NX_0_len_tra': 30.0, 'NX_0_R_tra': 68.29, 'NX_10_CV': '0.07900', 'NX_10_CV_turn': '0.07900', 'NX_10_ctr': '2.46100', 'NX_10_len_tra': 10.0, 'NX_10_R_tra': 24.61}]
[I 240126 14:47:51 utils:141] Epoch: [4], Info: [{'num_test': 100, 'CV': '0.03500', 'CV_turn': '0.01167', 'ctr': '3.03867', 'len_tra': 30.0, 'R_tra': 91.16, 'NX_0_CV': '0.33500', 'NX_0_CV_turn': '0.11167', 'NX_0_ctr': '2.47667', 'NX_0_len_tra': 30.0, 'NX_0_R_tra': 74.3, 'NX_10_CV': '0.10800', 'NX_10_CV_turn': '0.10800', 'NX_10_ctr': '2.49600', 'NX_10_len_tra': 10.0, 'NX_10_R_tra': 24.96}]
[I 240126 14:47:56 utils:141] Epoch: [5], Info: [{'num_test': 100, 'CV': '0.07400', 'CV_turn': '0.02467', 'ctr': '3.07333', 'len_tra': 30.0, 'R_tra': 92.2, 'NX_0_CV': '0.39200', 'NX_0_CV_turn': '0.13067', 'NX_0_ctr': '2.26600', 'NX_0_len_tra': 30.0, 'NX_0_R_tra': 67.98, 'NX_10_CV': '0.14200', 'NX_10_CV_turn': '0.14200', 'NX_10_ctr': '2.45800', 'NX_10_len_tra': 10.0, 'NX_10_R_tra': 24.58}]
[I 240126 14:48:01 utils:141] Epoch: [6], Info: [{'num_test': 100, 'CV': '0.10200', 'CV_turn': '0.03400', 'ctr': '3.11367', 'len_tra': 30.0, 'R_tra': 93.41, 'NX_0_CV': '0.44100', 'NX_0_CV_turn': '0.14700', 'NX_0_ctr': '2.29000', 'NX_0_len_tra': 30.0, 'NX_0_R_tra': 68.7, 'NX_10_CV': '0.17700', 'NX_10_CV_turn': '0.17700', 'NX_10_ctr': '2.30100', 'NX_10_len_tra': 10.0, 'NX_10_R_tra': 23.01}]
[I 240126 14:48:06 utils:141] Epoch: [7], Info: [{'num_test': 100, 'CV': '0.18000', 'CV_turn': '0.06000', 'ctr': '3.14567', 'len_tra': 30.0, 'R_tra': 94.37, 'NX_0_CV': '0.51400', 'NX_0_CV_turn': '0.17133', 'NX_0_ctr': '2.20200', 'NX_0_len_tra': 30.0, 'NX_0_R_tra': 66.06, 'NX_10_CV': '0.16900', 'NX_10_CV_turn': '0.16900', 'NX_10_ctr': '2.54700', 'NX_10_len_tra': 10.0, 'NX_10_R_tra': 25.47}]
[I 240126 14:48:12 utils:141] Epoch: [8], Info: [{'num_test': 100, 'CV': '0.19700', 'CV_turn': '0.06567', 'ctr': '2.98133', 'len_tra': 30.0, 'R_tra': 89.44, 'NX_0_CV': '0.55300', 'NX_0_CV_turn': '0.18433', 'NX_0_ctr': '2.28267', 'NX_0_len_tra': 30.0, 'NX_0_R_tra': 68.48, 'NX_10_CV': '0.21600', 'NX_10_CV_turn': '0.21600', 'NX_10_ctr': '2.40200', 'NX_10_len_tra': 10.0, 'NX_10_R_tra': 24.02}]
[I 240126 14:48:17 utils:141] Epoch: [9], Info: [{'num_test': 100, 'CV': '0.21200', 'CV_turn': '0.07067', 'ctr': '3.13733', 'len_tra': 30.0, 'R_tra': 94.12, 'NX_0_CV': '0.57300', 'NX_0_CV_turn': '0.19100', 'NX_0_ctr': '2.23533', 'NX_0_len_tra': 30.0, 'NX_0_R_tra': 67.06, 'NX_10_CV': '0.24100', 'NX_10_CV_turn': '0.24100', 'NX_10_ctr': '2.29400', 'NX_10_len_tra': 10.0, 'NX_10_R_tra': 22.94}]
[I 240126 14:48:22 utils:141] Epoch: [10], Info: [{'num_test': 100, 'CV': '0.23900', 'CV_turn': '0.07967', 'ctr': '2.86433', 'len_tra': 30.0, 'R_tra': 85.93, 'NX_0_CV': '0.59900', 'NX_0_CV_turn': '0.19967', 'NX_0_ctr': '2.19633', 'NX_0_len_tra': 30.0, 'NX_0_R_tra': 65.89, 'NX_10_CV': '0.25500', 'NX_10_CV_turn': '0.25500', 'NX_10_ctr': '2.32900', 'NX_10_len_tra': 10.0, 'NX_10_R_tra': 23.29}]
[I 240126 14:48:28 utils:141] Epoch: [11], Info: [{'num_test': 100, 'CV': '0.23100', 'CV_turn': '0.07700', 'ctr': '2.94467', 'len_tra': 30.0, 'R_tra': 88.34, 'NX_0_CV': '0.64000', 'NX_0_CV_turn': '0.21333', 'NX_0_ctr': '2.20300', 'NX_0_len_tra': 30.0, 'NX_0_R_tra': 66.09, 'NX_10_CV': '0.25500', 'NX_10_CV_turn': '0.25500', 'NX_10_ctr': '2.32200', 'NX_10_len_tra': 10.0, 'NX_10_R_tra': 23.22}]
[I 240126 14:48:33 utils:141] Epoch: [12], Info: [{'num_test': 100, 'CV': '0.20700', 'CV_turn': '0.06900', 'ctr': '3.10200', 'len_tra': 30.0, 'R_tra': 93.06, 'NX_0_CV': '0.64800', 'NX_0_CV_turn': '0.21600', 'NX_0_ctr': '2.12533', 'NX_0_len_tra': 30.0, 'NX_0_R_tra': 63.76, 'NX_10_CV': '0.26400', 'NX_10_CV_turn': '0.26400', 'NX_10_ctr': '2.39400', 'NX_10_len_tra': 10.0, 'NX_10_R_tra': 23.94}]
[I 240126 14:48:38 utils:141] Epoch: [13], Info: [{'num_test': 100, 'CV': '0.27900', 'CV_turn': '0.09300', 'ctr': '2.91867', 'len_tra': 30.0, 'R_tra': 87.56, 'NX_0_CV': '0.68500', 'NX_0_CV_turn': '0.22833', 'NX_0_ctr': '2.18367', 'NX_0_len_tra': 30.0, 'NX_0_R_tra': 65.51, 'NX_10_CV': '0.27100', 'NX_10_CV_turn': '0.27100', 'NX_10_ctr': '2.22800', 'NX_10_len_tra': 10.0, 'NX_10_R_tra': 22.28}]
[I 240126 14:48:44 utils:141] Epoch: [14], Info: [{'num_test': 100, 'CV': '0.15000', 'CV_turn': '0.05000', 'ctr': '3.17100', 'len_tra': 30.0, 'R_tra': 95.13, 'NX_0_CV': '0.65100', 'NX_0_CV_turn': '0.21700', 'NX_0_ctr': '2.31967', 'NX_0_len_tra': 30.0, 'NX_0_R_tra': 69.59, 'NX_10_CV': '0.27300', 'NX_10_CV_turn': '0.27300', 'NX_10_ctr': '2.39300', 'NX_10_len_tra': 10.0, 'NX_10_R_tra': 23.93}]
[I 240126 14:48:49 utils:141] Epoch: [15], Info: [{'num_test': 100, 'CV': '0.25100', 'CV_turn': '0.08367', 'ctr': '3.01467', 'len_tra': 30.0, 'R_tra': 90.44, 'NX_0_CV': '0.70400', 'NX_0_CV_turn': '0.23467', 'NX_0_ctr': '2.12933', 'NX_0_len_tra': 30.0, 'NX_0_R_tra': 63.88, 'NX_10_CV': '0.27700', 'NX_10_CV_turn': '0.27700', 'NX_10_ctr': '2.28700', 'NX_10_len_tra': 10.0, 'NX_10_R_tra': 22.87}]
[I 240126 14:48:54 utils:141] Epoch: [16], Info: [{'num_test': 100, 'CV': '0.28100', 'CV_turn': '0.09367', 'ctr': '2.95133', 'len_tra': 30.0, 'R_tra': 88.54, 'NX_0_CV': '0.71100', 'NX_0_CV_turn': '0.23700', 'NX_0_ctr': '2.19533', 'NX_0_len_tra': 30.0, 'NX_0_R_tra': 65.86, 'NX_10_CV': '0.29200', 'NX_10_CV_turn': '0.29200', 'NX_10_ctr': '2.29200', 'NX_10_len_tra': 10.0, 'NX_10_R_tra': 22.92}]
[I 240126 14:49:00 utils:141] Epoch: [17], Info: [{'num_test': 100, 'CV': '0.32000', 'CV_turn': '0.10667', 'ctr': '2.90433', 'len_tra': 30.0, 'R_tra': 87.13, 'NX_0_CV': '0.70900', 'NX_0_CV_turn': '0.23633', 'NX_0_ctr': '2.17433', 'NX_0_len_tra': 30.0, 'NX_0_R_tra': 65.23, 'NX_10_CV': '0.26300', 'NX_10_CV_turn': '0.26300', 'NX_10_ctr': '2.39700', 'NX_10_len_tra': 10.0, 'NX_10_R_tra': 23.97}]
[I 240126 14:49:05 utils:141] Epoch: [18], Info: [{'num_test': 100, 'CV': '0.22400', 'CV_turn': '0.07467', 'ctr': '3.16767', 'len_tra': 30.0, 'R_tra': 95.03, 'NX_0_CV': '0.71700', 'NX_0_CV_turn': '0.23900', 'NX_0_ctr': '2.17533', 'NX_0_len_tra': 30.0, 'NX_0_R_tra': 65.26, 'NX_10_CV': '0.26200', 'NX_10_CV_turn': '0.26200', 'NX_10_ctr': '2.50300', 'NX_10_len_tra': 10.0, 'NX_10_R_tra': 25.03}]
[I 240126 14:49:10 utils:141] Epoch: [19], Info: [{'num_test': 100, 'CV': '0.28400', 'CV_turn': '0.09467', 'ctr': '2.98933', 'len_tra': 30.0, 'R_tra': 89.68, 'NX_0_CV': '0.75000', 'NX_0_CV_turn': '0.25000', 'NX_0_ctr': '2.09867', 'NX_0_len_tra': 30.0, 'NX_0_R_tra': 62.96, 'NX_10_CV': '0.33600', 'NX_10_CV_turn': '0.33600', 'NX_10_ctr': '2.13000', 'NX_10_len_tra': 10.0, 'NX_10_R_tra': 21.3}]
[I 240126 14:49:15 utils:141] Epoch: [20], Info: [{'num_test': 100, 'CV': '0.30500', 'CV_turn': '0.10167', 'ctr': '2.85400', 'len_tra': 30.0, 'R_tra': 85.62, 'NX_0_CV': '0.72700', 'NX_0_CV_turn': '0.24233', 'NX_0_ctr': '2.12433', 'NX_0_len_tra': 30.0, 'NX_0_R_tra': 63.73, 'NX_10_CV': '0.28800', 'NX_10_CV_turn': '0.28800', 'NX_10_ctr': '2.27900', 'NX_10_len_tra': 10.0, 'NX_10_R_tra': 22.79}]
[I 240126 14:49:21 utils:141] Epoch: [21], Info: [{'num_test': 100, 'CV': '0.28500', 'CV_turn': '0.09500', 'ctr': '2.99067', 'len_tra': 30.0, 'R_tra': 89.72, 'NX_0_CV': '0.75000', 'NX_0_CV_turn': '0.25000', 'NX_0_ctr': '2.05033', 'NX_0_len_tra': 30.0, 'NX_0_R_tra': 61.51, 'NX_10_CV': '0.29400', 'NX_10_CV_turn': '0.29400', 'NX_10_ctr': '2.36100', 'NX_10_len_tra': 10.0, 'NX_10_R_tra': 23.61}]
[I 240126 14:49:26 utils:141] Epoch: [22], Info: [{'num_test': 100, 'CV': '0.23700', 'CV_turn': '0.07900', 'ctr': '2.84300', 'len_tra': 30.0, 'R_tra': 85.29, 'NX_0_CV': '0.71500', 'NX_0_CV_turn': '0.23833', 'NX_0_ctr': '2.24033', 'NX_0_len_tra': 30.0, 'NX_0_R_tra': 67.21, 'NX_10_CV': '0.28500', 'NX_10_CV_turn': '0.28500', 'NX_10_ctr': '2.38800', 'NX_10_len_tra': 10.0, 'NX_10_R_tra': 23.88}]
[I 240126 14:49:31 utils:141] Epoch: [23], Info: [{'num_test': 100, 'CV': '0.36900', 'CV_turn': '0.12300', 'ctr': '2.79700', 'len_tra': 30.0, 'R_tra': 83.91, 'NX_0_CV': '0.73400', 'NX_0_CV_turn': '0.24467', 'NX_0_ctr': '2.06333', 'NX_0_len_tra': 30.0, 'NX_0_R_tra': 61.9, 'NX_10_CV': '0.27200', 'NX_10_CV_turn': '0.27200', 'NX_10_ctr': '2.31700', 'NX_10_len_tra': 10.0, 'NX_10_R_tra': 23.17}]
[I 240126 14:49:37 utils:141] Epoch: [24], Info: [{'num_test': 100, 'CV': '0.27800', 'CV_turn': '0.09267', 'ctr': '2.97567', 'len_tra': 30.0, 'R_tra': 89.27, 'NX_0_CV': '0.69400', 'NX_0_CV_turn': '0.23133', 'NX_0_ctr': '2.24833', 'NX_0_len_tra': 30.0, 'NX_0_R_tra': 67.45, 'NX_10_CV': '0.29500', 'NX_10_CV_turn': '0.29500', 'NX_10_ctr': '2.26900', 'NX_10_len_tra': 10.0, 'NX_10_R_tra': 22.69}]
[I 240126 14:49:42 utils:141] Epoch: [25], Info: [{'num_test': 100, 'CV': '0.28200', 'CV_turn': '0.09400', 'ctr': '3.14300', 'len_tra': 30.0, 'R_tra': 94.29, 'NX_0_CV': '0.72600', 'NX_0_CV_turn': '0.24200', 'NX_0_ctr': '2.12233', 'NX_0_len_tra': 30.0, 'NX_0_R_tra': 63.67, 'NX_10_CV': '0.30600', 'NX_10_CV_turn': '0.30600', 'NX_10_ctr': '2.29400', 'NX_10_len_tra': 10.0, 'NX_10_R_tra': 22.94}]
[I 240126 14:49:48 utils:141] Epoch: [26], Info: [{'num_test': 100, 'CV': '0.27400', 'CV_turn': '0.09133', 'ctr': '2.92733', 'len_tra': 30.0, 'R_tra': 87.82, 'NX_0_CV': '0.75400', 'NX_0_CV_turn': '0.25133', 'NX_0_ctr': '2.04400', 'NX_0_len_tra': 30.0, 'NX_0_R_tra': 61.32, 'NX_10_CV': '0.30400', 'NX_10_CV_turn': '0.30400', 'NX_10_ctr': '2.28400', 'NX_10_len_tra': 10.0, 'NX_10_R_tra': 22.84}]
[I 240126 14:49:53 utils:141] Epoch: [27], Info: [{'num_test': 100, 'CV': '0.23000', 'CV_turn': '0.07667', 'ctr': '3.10300', 'len_tra': 30.0, 'R_tra': 93.09, 'NX_0_CV': '0.70900', 'NX_0_CV_turn': '0.23633', 'NX_0_ctr': '2.15967', 'NX_0_len_tra': 30.0, 'NX_0_R_tra': 64.79, 'NX_10_CV': '0.27400', 'NX_10_CV_turn': '0.27400', 'NX_10_ctr': '2.38600', 'NX_10_len_tra': 10.0, 'NX_10_R_tra': 23.86}]
[I 240126 14:49:58 utils:141] Epoch: [28], Info: [{'num_test': 100, 'CV': '0.19600', 'CV_turn': '0.06533', 'ctr': '3.06333', 'len_tra': 30.0, 'R_tra': 91.9, 'NX_0_CV': '0.74400', 'NX_0_CV_turn': '0.24800', 'NX_0_ctr': '2.03633', 'NX_0_len_tra': 30.0, 'NX_0_R_tra': 61.09, 'NX_10_CV': '0.29100', 'NX_10_CV_turn': '0.29100', 'NX_10_ctr': '2.26200', 'NX_10_len_tra': 10.0, 'NX_10_R_tra': 22.62}]
[I 240126 14:50:03 utils:141] Epoch: [29], Info: [{'num_test': 100, 'CV': '0.19900', 'CV_turn': '0.06633', 'ctr': '3.02867', 'len_tra': 30.0, 'R_tra': 90.86, 'NX_0_CV': '0.67300', 'NX_0_CV_turn': '0.22433', 'NX_0_ctr': '2.21800', 'NX_0_len_tra': 30.0, 'NX_0_R_tra': 66.54, 'NX_10_CV': '0.29300', 'NX_10_CV_turn': '0.29300', 'NX_10_ctr': '2.23100', 'NX_10_len_tra': 10.0, 'NX_10_R_tra': 22.31}]
[I 240126 14:50:09 utils:141] Epoch: [30], Info: [{'num_test': 100, 'CV': '0.20700', 'CV_turn': '0.06900', 'ctr': '2.90067', 'len_tra': 30.0, 'R_tra': 87.02, 'NX_0_CV': '0.65900', 'NX_0_CV_turn': '0.21967', 'NX_0_ctr': '2.25067', 'NX_0_len_tra': 30.0, 'NX_0_R_tra': 67.52, 'NX_10_CV': '0.27800', 'NX_10_CV_turn': '0.27800', 'NX_10_ctr': '2.35600', 'NX_10_len_tra': 10.0, 'NX_10_R_tra': 23.56}]
[I 240126 14:50:14 utils:141] Epoch: [31], Info: [{'num_test': 100, 'CV': '0.16500', 'CV_turn': '0.05500', 'ctr': '3.16400', 'len_tra': 30.0, 'R_tra': 94.92, 'NX_0_CV': '0.68000', 'NX_0_CV_turn': '0.22667', 'NX_0_ctr': '2.17967', 'NX_0_len_tra': 30.0, 'NX_0_R_tra': 65.39, 'NX_10_CV': '0.23900', 'NX_10_CV_turn': '0.23900', 'NX_10_ctr': '2.42800', 'NX_10_len_tra': 10.0, 'NX_10_R_tra': 24.28}]
[I 240126 14:50:19 utils:141] Epoch: [32], Info: [{'num_test': 100, 'CV': '0.19100', 'CV_turn': '0.06367', 'ctr': '3.08100', 'len_tra': 30.0, 'R_tra': 92.43, 'NX_0_CV': '0.67800', 'NX_0_CV_turn': '0.22600', 'NX_0_ctr': '2.19900', 'NX_0_len_tra': 30.0, 'NX_0_R_tra': 65.97, 'NX_10_CV': '0.24000', 'NX_10_CV_turn': '0.24000', 'NX_10_ctr': '2.43800', 'NX_10_len_tra': 10.0, 'NX_10_R_tra': 24.38}]
[I 240126 14:50:25 utils:141] Epoch: [33], Info: [{'num_test': 100, 'CV': '0.16400', 'CV_turn': '0.05467', 'ctr': '3.14367', 'len_tra': 30.0, 'R_tra': 94.31, 'NX_0_CV': '0.65800', 'NX_0_CV_turn': '0.21933', 'NX_0_ctr': '2.21267', 'NX_0_len_tra': 30.0, 'NX_0_R_tra': 66.38, 'NX_10_CV': '0.27100', 'NX_10_CV_turn': '0.27100', 'NX_10_ctr': '2.33900', 'NX_10_len_tra': 10.0, 'NX_10_R_tra': 23.39}]
[I 240126 14:50:30 utils:141] Epoch: [34], Info: [{'num_test': 100, 'CV': '0.20900', 'CV_turn': '0.06967', 'ctr': '2.97300', 'len_tra': 30.0, 'R_tra': 89.19, 'NX_0_CV': '0.67400', 'NX_0_CV_turn': '0.22467', 'NX_0_ctr': '2.16033', 'NX_0_len_tra': 30.0, 'NX_0_R_tra': 64.81, 'NX_10_CV': '0.23300', 'NX_10_CV_turn': '0.23300', 'NX_10_ctr': '2.37200', 'NX_10_len_tra': 10.0, 'NX_10_R_tra': 23.72}]
[I 240126 14:50:35 utils:141] Epoch: [35], Info: [{'num_test': 100, 'CV': '0.22200', 'CV_turn': '0.07400', 'ctr': '2.89167', 'len_tra': 30.0, 'R_tra': 86.75, 'NX_0_CV': '0.67000', 'NX_0_CV_turn': '0.22333', 'NX_0_ctr': '2.20867', 'NX_0_len_tra': 30.0, 'NX_0_R_tra': 66.26, 'NX_10_CV': '0.20800', 'NX_10_CV_turn': '0.20800', 'NX_10_ctr': '2.41900', 'NX_10_len_tra': 10.0, 'NX_10_R_tra': 24.19}]
[I 240126 14:50:41 utils:141] Epoch: [36], Info: [{'num_test': 100, 'CV': '0.17700', 'CV_turn': '0.05900', 'ctr': '3.09467', 'len_tra': 30.0, 'R_tra': 92.84, 'NX_0_CV': '0.64200', 'NX_0_CV_turn': '0.21400', 'NX_0_ctr': '2.17900', 'NX_0_len_tra': 30.0, 'NX_0_R_tra': 65.37, 'NX_10_CV': '0.21800', 'NX_10_CV_turn': '0.21800', 'NX_10_ctr': '2.43800', 'NX_10_len_tra': 10.0, 'NX_10_R_tra': 24.38}]
[I 240126 14:50:46 utils:141] Epoch: [37], Info: [{'num_test': 100, 'CV': '0.15400', 'CV_turn': '0.05133', 'ctr': '3.14200', 'len_tra': 30.0, 'R_tra': 94.26, 'NX_0_CV': '0.63400', 'NX_0_CV_turn': '0.21133', 'NX_0_ctr': '2.22567', 'NX_0_len_tra': 30.0, 'NX_0_R_tra': 66.77, 'NX_10_CV': '0.21700', 'NX_10_CV_turn': '0.21700', 'NX_10_ctr': '2.43800', 'NX_10_len_tra': 10.0, 'NX_10_R_tra': 24.38}]
[I 240126 14:50:51 utils:141] Epoch: [38], Info: [{'num_test': 100, 'CV': '0.16600', 'CV_turn': '0.05533', 'ctr': '2.96467', 'len_tra': 30.0, 'R_tra': 88.94, 'NX_0_CV': '0.61200', 'NX_0_CV_turn': '0.20400', 'NX_0_ctr': '2.26267', 'NX_0_len_tra': 30.0, 'NX_0_R_tra': 67.88, 'NX_10_CV': '0.24500', 'NX_10_CV_turn': '0.24500', 'NX_10_ctr': '2.43600', 'NX_10_len_tra': 10.0, 'NX_10_R_tra': 24.36}]
[I 240126 14:50:56 utils:141] Epoch: [39], Info: [{'num_test': 100, 'CV': '0.23500', 'CV_turn': '0.07833', 'ctr': '2.98800', 'len_tra': 30.0, 'R_tra': 89.64, 'NX_0_CV': '0.60900', 'NX_0_CV_turn': '0.20300', 'NX_0_ctr': '2.21267', 'NX_0_len_tra': 30.0, 'NX_0_R_tra': 66.38, 'NX_10_CV': '0.23500', 'NX_10_CV_turn': '0.23500', 'NX_10_ctr': '2.27000', 'NX_10_len_tra': 10.0, 'NX_10_R_tra': 22.7}]
[I 240126 14:51:02 utils:141] Epoch: [40], Info: [{'num_test': 100, 'CV': '0.18800', 'CV_turn': '0.06267', 'ctr': '3.03967', 'len_tra': 30.0, 'R_tra': 91.19, 'NX_0_CV': '0.64800', 'NX_0_CV_turn': '0.21600', 'NX_0_ctr': '2.04033', 'NX_0_len_tra': 30.0, 'NX_0_R_tra': 61.21, 'NX_10_CV': '0.20400', 'NX_10_CV_turn': '0.20400', 'NX_10_ctr': '2.47000', 'NX_10_len_tra': 10.0, 'NX_10_R_tra': 24.7}]
[I 240126 14:51:07 utils:141] Epoch: [41], Info: [{'num_test': 100, 'CV': '0.22400', 'CV_turn': '0.07467', 'ctr': '2.85833', 'len_tra': 30.0, 'R_tra': 85.75, 'NX_0_CV': '0.62400', 'NX_0_CV_turn': '0.20800', 'NX_0_ctr': '2.18000', 'NX_0_len_tra': 30.0, 'NX_0_R_tra': 65.4, 'NX_10_CV': '0.22800', 'NX_10_CV_turn': '0.22800', 'NX_10_ctr': '2.42800', 'NX_10_len_tra': 10.0, 'NX_10_R_tra': 24.28}]
[I 240126 14:51:12 utils:141] Epoch: [42], Info: [{'num_test': 100, 'CV': '0.18500', 'CV_turn': '0.06167', 'ctr': '3.02133', 'len_tra': 30.0, 'R_tra': 90.64, 'NX_0_CV': '0.63700', 'NX_0_CV_turn': '0.21233', 'NX_0_ctr': '2.07600', 'NX_0_len_tra': 30.0, 'NX_0_R_tra': 62.28, 'NX_10_CV': '0.23000', 'NX_10_CV_turn': '0.23000', 'NX_10_ctr': '2.28300', 'NX_10_len_tra': 10.0, 'NX_10_R_tra': 22.83}]
[I 240126 14:51:18 utils:141] Epoch: [43], Info: [{'num_test': 100, 'CV': '0.15000', 'CV_turn': '0.05000', 'ctr': '2.96433', 'len_tra': 30.0, 'R_tra': 88.93, 'NX_0_CV': '0.60600', 'NX_0_CV_turn': '0.20200', 'NX_0_ctr': '2.19233', 'NX_0_len_tra': 30.0, 'NX_0_R_tra': 65.77, 'NX_10_CV': '0.22700', 'NX_10_CV_turn': '0.22700', 'NX_10_ctr': '2.38700', 'NX_10_len_tra': 10.0, 'NX_10_R_tra': 23.87}]
[I 240126 14:51:23 utils:141] Epoch: [44], Info: [{'num_test': 100, 'CV': '0.16900', 'CV_turn': '0.05633', 'ctr': '2.97567', 'len_tra': 30.0, 'R_tra': 89.27, 'NX_0_CV': '0.60300', 'NX_0_CV_turn': '0.20100', 'NX_0_ctr': '2.21600', 'NX_0_len_tra': 30.0, 'NX_0_R_tra': 66.48, 'NX_10_CV': '0.22000', 'NX_10_CV_turn': '0.22000', 'NX_10_ctr': '2.45800', 'NX_10_len_tra': 10.0, 'NX_10_R_tra': 24.58}]
[I 240126 14:51:28 utils:141] Epoch: [45], Info: [{'num_test': 100, 'CV': '0.09300', 'CV_turn': '0.03100', 'ctr': '3.24500', 'len_tra': 30.0, 'R_tra': 97.35, 'NX_0_CV': '0.61600', 'NX_0_CV_turn': '0.20533', 'NX_0_ctr': '2.12800', 'NX_0_len_tra': 30.0, 'NX_0_R_tra': 63.84, 'NX_10_CV': '0.20100', 'NX_10_CV_turn': '0.20100', 'NX_10_ctr': '2.48500', 'NX_10_len_tra': 10.0, 'NX_10_R_tra': 24.85}]
[I 240126 14:51:34 utils:141] Epoch: [46], Info: [{'num_test': 100, 'CV': '0.21300', 'CV_turn': '0.07100', 'ctr': '2.89800', 'len_tra': 30.0, 'R_tra': 86.94, 'NX_0_CV': '0.59900', 'NX_0_CV_turn': '0.19967', 'NX_0_ctr': '2.26333', 'NX_0_len_tra': 30.0, 'NX_0_R_tra': 67.9, 'NX_10_CV': '0.21100', 'NX_10_CV_turn': '0.21100', 'NX_10_ctr': '2.56200', 'NX_10_len_tra': 10.0, 'NX_10_R_tra': 25.62}]
[I 240126 14:51:39 utils:141] Epoch: [47], Info: [{'num_test': 100, 'CV': '0.11700', 'CV_turn': '0.03900', 'ctr': '3.18867', 'len_tra': 30.0, 'R_tra': 95.66, 'NX_0_CV': '0.62000', 'NX_0_CV_turn': '0.20667', 'NX_0_ctr': '2.17967', 'NX_0_len_tra': 30.0, 'NX_0_R_tra': 65.39, 'NX_10_CV': '0.23100', 'NX_10_CV_turn': '0.23100', 'NX_10_ctr': '2.46200', 'NX_10_len_tra': 10.0, 'NX_10_R_tra': 24.62}]
[I 240126 14:51:44 utils:141] Epoch: [48], Info: [{'num_test': 100, 'CV': '0.21300', 'CV_turn': '0.07100', 'ctr': '2.91533', 'len_tra': 30.0, 'R_tra': 87.46, 'NX_0_CV': '0.61500', 'NX_0_CV_turn': '0.20500', 'NX_0_ctr': '2.14267', 'NX_0_len_tra': 30.0, 'NX_0_R_tra': 64.28, 'NX_10_CV': '0.18300', 'NX_10_CV_turn': '0.18300', 'NX_10_ctr': '2.62000', 'NX_10_len_tra': 10.0, 'NX_10_R_tra': 26.2}]
[I 240126 14:51:50 utils:141] Epoch: [49], Info: [{'num_test': 100, 'CV': '0.19100', 'CV_turn': '0.06367', 'ctr': '2.96533', 'len_tra': 30.0, 'R_tra': 88.96, 'NX_0_CV': '0.60300', 'NX_0_CV_turn': '0.20100', 'NX_0_ctr': '2.22067', 'NX_0_len_tra': 30.0, 'NX_0_R_tra': 66.62, 'NX_10_CV': '0.22500', 'NX_10_CV_turn': '0.22500', 'NX_10_ctr': '2.43200', 'NX_10_len_tra': 10.0, 'NX_10_R_tra': 24.32}]
[I 240126 14:51:55 utils:141] Epoch: [50], Info: [{'num_test': 100, 'CV': '0.16200', 'CV_turn': '0.05400', 'ctr': '3.16967', 'len_tra': 30.0, 'R_tra': 95.09, 'NX_0_CV': '0.61400', 'NX_0_CV_turn': '0.20467', 'NX_0_ctr': '2.17733', 'NX_0_len_tra': 30.0, 'NX_0_R_tra': 65.32, 'NX_10_CV': '0.20300', 'NX_10_CV_turn': '0.20300', 'NX_10_ctr': '2.49800', 'NX_10_len_tra': 10.0, 'NX_10_R_tra': 24.98}]
[I 240126 14:52:00 utils:141] Epoch: [51], Info: [{'num_test': 100, 'CV': '0.18100', 'CV_turn': '0.06033', 'ctr': '2.93467', 'len_tra': 30.0, 'R_tra': 88.04, 'NX_0_CV': '0.57000', 'NX_0_CV_turn': '0.19000', 'NX_0_ctr': '2.25967', 'NX_0_len_tra': 30.0, 'NX_0_R_tra': 67.79, 'NX_10_CV': '0.21600', 'NX_10_CV_turn': '0.21600', 'NX_10_ctr': '2.41600', 'NX_10_len_tra': 10.0, 'NX_10_R_tra': 24.16}]
[I 240126 14:52:05 utils:141] Epoch: [52], Info: [{'num_test': 100, 'CV': '0.10700', 'CV_turn': '0.03567', 'ctr': '3.21767', 'len_tra': 30.0, 'R_tra': 96.53, 'NX_0_CV': '0.61000', 'NX_0_CV_turn': '0.20333', 'NX_0_ctr': '2.13600', 'NX_0_len_tra': 30.0, 'NX_0_R_tra': 64.08, 'NX_10_CV': '0.22000', 'NX_10_CV_turn': '0.22000', 'NX_10_ctr': '2.37200', 'NX_10_len_tra': 10.0, 'NX_10_R_tra': 23.72}]
[I 240126 14:52:11 utils:141] Epoch: [53], Info: [{'num_test': 100, 'CV': '0.16400', 'CV_turn': '0.05467', 'ctr': '2.87433', 'len_tra': 30.0, 'R_tra': 86.23, 'NX_0_CV': '0.62600', 'NX_0_CV_turn': '0.20867', 'NX_0_ctr': '2.18667', 'NX_0_len_tra': 30.0, 'NX_0_R_tra': 65.6, 'NX_10_CV': '0.22500', 'NX_10_CV_turn': '0.22500', 'NX_10_ctr': '2.40800', 'NX_10_len_tra': 10.0, 'NX_10_R_tra': 24.08}]
[I 240126 14:52:16 utils:141] Epoch: [54], Info: [{'num_test': 100, 'CV': '0.14200', 'CV_turn': '0.04733', 'ctr': '2.96033', 'len_tra': 30.0, 'R_tra': 88.81, 'NX_0_CV': '0.59100', 'NX_0_CV_turn': '0.19700', 'NX_0_ctr': '2.17667', 'NX_0_len_tra': 30.0, 'NX_0_R_tra': 65.3, 'NX_10_CV': '0.21000', 'NX_10_CV_turn': '0.21000', 'NX_10_ctr': '2.41300', 'NX_10_len_tra': 10.0, 'NX_10_R_tra': 24.13}]
[I 240126 14:52:21 utils:141] Epoch: [55], Info: [{'num_test': 100, 'CV': '0.15800', 'CV_turn': '0.05267', 'ctr': '2.84133', 'len_tra': 30.0, 'R_tra': 85.24, 'NX_0_CV': '0.56400', 'NX_0_CV_turn': '0.18800', 'NX_0_ctr': '2.19333', 'NX_0_len_tra': 30.0, 'NX_0_R_tra': 65.8, 'NX_10_CV': '0.19100', 'NX_10_CV_turn': '0.19100', 'NX_10_ctr': '2.58500', 'NX_10_len_tra': 10.0, 'NX_10_R_tra': 25.85}]
[I 240126 14:52:27 utils:141] Epoch: [56], Info: [{'num_test': 100, 'CV': '0.12500', 'CV_turn': '0.04167', 'ctr': '3.05633', 'len_tra': 30.0, 'R_tra': 91.69, 'NX_0_CV': '0.61200', 'NX_0_CV_turn': '0.20400', 'NX_0_ctr': '2.11067', 'NX_0_len_tra': 30.0, 'NX_0_R_tra': 63.32, 'NX_10_CV': '0.20200', 'NX_10_CV_turn': '0.20200', 'NX_10_ctr': '2.52500', 'NX_10_len_tra': 10.0, 'NX_10_R_tra': 25.25}]
[I 240126 14:52:32 utils:141] Epoch: [57], Info: [{'num_test': 100, 'CV': '0.13300', 'CV_turn': '0.04433', 'ctr': '2.97767', 'len_tra': 30.0, 'R_tra': 89.33, 'NX_0_CV': '0.57800', 'NX_0_CV_turn': '0.19267', 'NX_0_ctr': '2.23500', 'NX_0_len_tra': 30.0, 'NX_0_R_tra': 67.05, 'NX_10_CV': '0.19500', 'NX_10_CV_turn': '0.19500', 'NX_10_ctr': '2.41500', 'NX_10_len_tra': 10.0, 'NX_10_R_tra': 24.15}]
[I 240126 14:52:37 utils:141] Epoch: [58], Info: [{'num_test': 100, 'CV': '0.15200', 'CV_turn': '0.05067', 'ctr': '2.81167', 'len_tra': 30.0, 'R_tra': 84.35, 'NX_0_CV': '0.59500', 'NX_0_CV_turn': '0.19833', 'NX_0_ctr': '2.12100', 'NX_0_len_tra': 30.0, 'NX_0_R_tra': 63.63, 'NX_10_CV': '0.19300', 'NX_10_CV_turn': '0.19300', 'NX_10_ctr': '2.44000', 'NX_10_len_tra': 10.0, 'NX_10_R_tra': 24.4}]
[I 240126 14:52:43 utils:141] Epoch: [59], Info: [{'num_test': 100, 'CV': '0.15600', 'CV_turn': '0.05200', 'ctr': '2.79667', 'len_tra': 30.0, 'R_tra': 83.9, 'NX_0_CV': '0.56700', 'NX_0_CV_turn': '0.18900', 'NX_0_ctr': '2.28067', 'NX_0_len_tra': 30.0, 'NX_0_R_tra': 68.42, 'NX_10_CV': '0.19900', 'NX_10_CV_turn': '0.19900', 'NX_10_ctr': '2.38000', 'NX_10_len_tra': 10.0, 'NX_10_R_tra': 23.8}]
[I 240126 14:52:48 utils:141] Epoch: [60], Info: [{'num_test': 100, 'CV': '0.10600', 'CV_turn': '0.03533', 'ctr': '3.05533', 'len_tra': 30.0, 'R_tra': 91.66, 'NX_0_CV': '0.58300', 'NX_0_CV_turn': '0.19433', 'NX_0_ctr': '2.24667', 'NX_0_len_tra': 30.0, 'NX_0_R_tra': 67.4, 'NX_10_CV': '0.21700', 'NX_10_CV_turn': '0.21700', 'NX_10_ctr': '2.37500', 'NX_10_len_tra': 10.0, 'NX_10_R_tra': 23.75}]
[I 240126 14:52:53 utils:141] Epoch: [61], Info: [{'num_test': 100, 'CV': '0.12600', 'CV_turn': '0.04200', 'ctr': '2.88733', 'len_tra': 30.0, 'R_tra': 86.62, 'NX_0_CV': '0.60100', 'NX_0_CV_turn': '0.20033', 'NX_0_ctr': '2.13667', 'NX_0_len_tra': 30.0, 'NX_0_R_tra': 64.1, 'NX_10_CV': '0.19400', 'NX_10_CV_turn': '0.19400', 'NX_10_ctr': '2.50100', 'NX_10_len_tra': 10.0, 'NX_10_R_tra': 25.01}]
[I 240126 14:52:59 utils:141] Epoch: [62], Info: [{'num_test': 100, 'CV': '0.12100', 'CV_turn': '0.04033', 'ctr': '2.84367', 'len_tra': 30.0, 'R_tra': 85.31, 'NX_0_CV': '0.58400', 'NX_0_CV_turn': '0.19467', 'NX_0_ctr': '2.21633', 'NX_0_len_tra': 30.0, 'NX_0_R_tra': 66.49, 'NX_10_CV': '0.17700', 'NX_10_CV_turn': '0.17700', 'NX_10_ctr': '2.55900', 'NX_10_len_tra': 10.0, 'NX_10_R_tra': 25.59}]
[I 240126 14:53:04 utils:141] Epoch: [63], Info: [{'num_test': 100, 'CV': '0.07900', 'CV_turn': '0.02633', 'ctr': '3.03467', 'len_tra': 30.0, 'R_tra': 91.04, 'NX_0_CV': '0.61000', 'NX_0_CV_turn': '0.20333', 'NX_0_ctr': '2.14867', 'NX_0_len_tra': 30.0, 'NX_0_R_tra': 64.46, 'NX_10_CV': '0.19300', 'NX_10_CV_turn': '0.19300', 'NX_10_ctr': '2.42800', 'NX_10_len_tra': 10.0, 'NX_10_R_tra': 24.28}]
[I 240126 14:53:09 utils:141] Epoch: [64], Info: [{'num_test': 100, 'CV': '0.15400', 'CV_turn': '0.05133', 'ctr': '2.94100', 'len_tra': 30.0, 'R_tra': 88.23, 'NX_0_CV': '0.60000', 'NX_0_CV_turn': '0.20000', 'NX_0_ctr': '2.08600', 'NX_0_len_tra': 30.0, 'NX_0_R_tra': 62.58, 'NX_10_CV': '0.18900', 'NX_10_CV_turn': '0.18900', 'NX_10_ctr': '2.39200', 'NX_10_len_tra': 10.0, 'NX_10_R_tra': 23.92}]
[I 240126 14:53:14 utils:141] Epoch: [65], Info: [{'num_test': 100, 'CV': '0.08900', 'CV_turn': '0.02967', 'ctr': '2.96267', 'len_tra': 30.0, 'R_tra': 88.88, 'NX_0_CV': '0.59700', 'NX_0_CV_turn': '0.19900', 'NX_0_ctr': '2.17033', 'NX_0_len_tra': 30.0, 'NX_0_R_tra': 65.11, 'NX_10_CV': '0.17800', 'NX_10_CV_turn': '0.17800', 'NX_10_ctr': '2.55400', 'NX_10_len_tra': 10.0, 'NX_10_R_tra': 25.54}]
[I 240126 14:53:20 utils:141] Epoch: [66], Info: [{'num_test': 100, 'CV': '0.10900', 'CV_turn': '0.03633', 'ctr': '2.78300', 'len_tra': 30.0, 'R_tra': 83.49, 'NX_0_CV': '0.58600', 'NX_0_CV_turn': '0.19533', 'NX_0_ctr': '2.18367', 'NX_0_len_tra': 30.0, 'NX_0_R_tra': 65.51, 'NX_10_CV': '0.16200', 'NX_10_CV_turn': '0.16200', 'NX_10_ctr': '2.48000', 'NX_10_len_tra': 10.0, 'NX_10_R_tra': 24.8}]
[I 240126 14:53:25 utils:141] Epoch: [67], Info: [{'num_test': 100, 'CV': '0.08300', 'CV_turn': '0.02767', 'ctr': '2.88667', 'len_tra': 30.0, 'R_tra': 86.6, 'NX_0_CV': '0.54300', 'NX_0_CV_turn': '0.18100', 'NX_0_ctr': '2.34533', 'NX_0_len_tra': 30.0, 'NX_0_R_tra': 70.36, 'NX_10_CV': '0.20600', 'NX_10_CV_turn': '0.20600', 'NX_10_ctr': '2.41400', 'NX_10_len_tra': 10.0, 'NX_10_R_tra': 24.14}]
[I 240126 14:53:30 utils:141] Epoch: [68], Info: [{'num_test': 100, 'CV': '0.08400', 'CV_turn': '0.02800', 'ctr': '2.95067', 'len_tra': 30.0, 'R_tra': 88.52, 'NX_0_CV': '0.56300', 'NX_0_CV_turn': '0.18767', 'NX_0_ctr': '2.21867', 'NX_0_len_tra': 30.0, 'NX_0_R_tra': 66.56, 'NX_10_CV': '0.17300', 'NX_10_CV_turn': '0.17300', 'NX_10_ctr': '2.47800', 'NX_10_len_tra': 10.0, 'NX_10_R_tra': 24.78}]
[I 240126 14:53:36 utils:141] Epoch: [69], Info: [{'num_test': 100, 'CV': '0.07900', 'CV_turn': '0.02633', 'ctr': '2.94100', 'len_tra': 30.0, 'R_tra': 88.23, 'NX_0_CV': '0.60000', 'NX_0_CV_turn': '0.20000', 'NX_0_ctr': '2.08767', 'NX_0_len_tra': 30.0, 'NX_0_R_tra': 62.63, 'NX_10_CV': '0.17500', 'NX_10_CV_turn': '0.17500', 'NX_10_ctr': '2.50800', 'NX_10_len_tra': 10.0, 'NX_10_R_tra': 25.08}]
[I 240126 14:53:41 utils:141] Epoch: [70], Info: [{'num_test': 100, 'CV': '0.10300', 'CV_turn': '0.03433', 'ctr': '2.67200', 'len_tra': 30.0, 'R_tra': 80.16, 'NX_0_CV': '0.57600', 'NX_0_CV_turn': '0.19200', 'NX_0_ctr': '2.20267', 'NX_0_len_tra': 30.0, 'NX_0_R_tra': 66.08, 'NX_10_CV': '0.19200', 'NX_10_CV_turn': '0.19200', 'NX_10_ctr': '2.30300', 'NX_10_len_tra': 10.0, 'NX_10_R_tra': 23.03}]
[I 240126 14:53:46 utils:141] Epoch: [71], Info: [{'num_test': 100, 'CV': '0.10300', 'CV_turn': '0.03433', 'ctr': '3.02733', 'len_tra': 30.0, 'R_tra': 90.82, 'NX_0_CV': '0.55200', 'NX_0_CV_turn': '0.18400', 'NX_0_ctr': '2.26500', 'NX_0_len_tra': 30.0, 'NX_0_R_tra': 67.95, 'NX_10_CV': '0.17700', 'NX_10_CV_turn': '0.17700', 'NX_10_ctr': '2.48700', 'NX_10_len_tra': 10.0, 'NX_10_R_tra': 24.87}]
[I 240126 14:53:51 utils:141] Epoch: [72], Info: [{'num_test': 100, 'CV': '0.06700', 'CV_turn': '0.02233', 'ctr': '2.74200', 'len_tra': 30.0, 'R_tra': 82.26, 'NX_0_CV': '0.52000', 'NX_0_CV_turn': '0.17333', 'NX_0_ctr': '2.29833', 'NX_0_len_tra': 30.0, 'NX_0_R_tra': 68.95, 'NX_10_CV': '0.16700', 'NX_10_CV_turn': '0.16700', 'NX_10_ctr': '2.49800', 'NX_10_len_tra': 10.0, 'NX_10_R_tra': 24.98}]
[I 240126 14:53:57 utils:141] Epoch: [73], Info: [{'num_test': 100, 'CV': '0.05200', 'CV_turn': '0.01733', 'ctr': '2.99133', 'len_tra': 30.0, 'R_tra': 89.74, 'NX_0_CV': '0.57300', 'NX_0_CV_turn': '0.19100', 'NX_0_ctr': '2.12533', 'NX_0_len_tra': 30.0, 'NX_0_R_tra': 63.76, 'NX_10_CV': '0.18400', 'NX_10_CV_turn': '0.18400', 'NX_10_ctr': '2.52600', 'NX_10_len_tra': 10.0, 'NX_10_R_tra': 25.26}]
[I 240126 14:54:02 utils:141] Epoch: [74], Info: [{'num_test': 100, 'CV': '0.08100', 'CV_turn': '0.02700', 'ctr': '3.03167', 'len_tra': 30.0, 'R_tra': 90.95, 'NX_0_CV': '0.53700', 'NX_0_CV_turn': '0.17900', 'NX_0_ctr': '2.32033', 'NX_0_len_tra': 30.0, 'NX_0_R_tra': 69.61, 'NX_10_CV': '0.16200', 'NX_10_CV_turn': '0.16200', 'NX_10_ctr': '2.49200', 'NX_10_len_tra': 10.0, 'NX_10_R_tra': 24.92}]
[I 240126 14:54:08 utils:141] Epoch: [75], Info: [{'num_test': 100, 'CV': '0.04800', 'CV_turn': '0.01600', 'ctr': '2.98900', 'len_tra': 30.0, 'R_tra': 89.67, 'NX_0_CV': '0.55100', 'NX_0_CV_turn': '0.18367', 'NX_0_ctr': '2.25233', 'NX_0_len_tra': 30.0, 'NX_0_R_tra': 67.57, 'NX_10_CV': '0.16700', 'NX_10_CV_turn': '0.16700', 'NX_10_ctr': '2.45600', 'NX_10_len_tra': 10.0, 'NX_10_R_tra': 24.56}]
[I 240126 14:54:13 utils:141] Epoch: [76], Info: [{'num_test': 100, 'CV': '0.06300', 'CV_turn': '0.02100', 'ctr': '2.86900', 'len_tra': 30.0, 'R_tra': 86.07, 'NX_0_CV': '0.54900', 'NX_0_CV_turn': '0.18300', 'NX_0_ctr': '2.17267', 'NX_0_len_tra': 30.0, 'NX_0_R_tra': 65.18, 'NX_10_CV': '0.16300', 'NX_10_CV_turn': '0.16300', 'NX_10_ctr': '2.52900', 'NX_10_len_tra': 10.0, 'NX_10_R_tra': 25.29}]
[I 240126 14:54:18 utils:141] Epoch: [77], Info: [{'num_test': 100, 'CV': '0.10100', 'CV_turn': '0.03367', 'ctr': '2.82733', 'len_tra': 30.0, 'R_tra': 84.82, 'NX_0_CV': '0.57100', 'NX_0_CV_turn': '0.19033', 'NX_0_ctr': '2.11100', 'NX_0_len_tra': 30.0, 'NX_0_R_tra': 63.33, 'NX_10_CV': '0.16800', 'NX_10_CV_turn': '0.16800', 'NX_10_ctr': '2.49900', 'NX_10_len_tra': 10.0, 'NX_10_R_tra': 24.99}]
[I 240126 14:54:23 utils:141] Epoch: [78], Info: [{'num_test': 100, 'CV': '0.06200', 'CV_turn': '0.02067', 'ctr': '2.77533', 'len_tra': 30.0, 'R_tra': 83.26, 'NX_0_CV': '0.57800', 'NX_0_CV_turn': '0.19267', 'NX_0_ctr': '2.15000', 'NX_0_len_tra': 30.0, 'NX_0_R_tra': 64.5, 'NX_10_CV': '0.16900', 'NX_10_CV_turn': '0.16900', 'NX_10_ctr': '2.50600', 'NX_10_len_tra': 10.0, 'NX_10_R_tra': 25.06}]
[I 240126 14:54:29 utils:141] Epoch: [79], Info: [{'num_test': 100, 'CV': '0.07700', 'CV_turn': '0.02567', 'ctr': '2.86500', 'len_tra': 30.0, 'R_tra': 85.95, 'NX_0_CV': '0.57500', 'NX_0_CV_turn': '0.19167', 'NX_0_ctr': '2.13633', 'NX_0_len_tra': 30.0, 'NX_0_R_tra': 64.09, 'NX_10_CV': '0.17700', 'NX_10_CV_turn': '0.17700', 'NX_10_ctr': '2.52100', 'NX_10_len_tra': 10.0, 'NX_10_R_tra': 25.21}]
[I 240126 14:54:34 utils:141] Epoch: [80], Info: [{'num_test': 100, 'CV': '0.08400', 'CV_turn': '0.02800', 'ctr': '2.79267', 'len_tra': 30.0, 'R_tra': 83.78, 'NX_0_CV': '0.55000', 'NX_0_CV_turn': '0.18333', 'NX_0_ctr': '2.15400', 'NX_0_len_tra': 30.0, 'NX_0_R_tra': 64.62, 'NX_10_CV': '0.18600', 'NX_10_CV_turn': '0.18600', 'NX_10_ctr': '2.41200', 'NX_10_len_tra': 10.0, 'NX_10_R_tra': 24.12}]
[I 240126 14:54:39 utils:141] Epoch: [81], Info: [{'num_test': 100, 'CV': '0.05500', 'CV_turn': '0.01833', 'ctr': '2.95267', 'len_tra': 30.0, 'R_tra': 88.58, 'NX_0_CV': '0.52700', 'NX_0_CV_turn': '0.17567', 'NX_0_ctr': '2.25600', 'NX_0_len_tra': 30.0, 'NX_0_R_tra': 67.68, 'NX_10_CV': '0.16700', 'NX_10_CV_turn': '0.16700', 'NX_10_ctr': '2.52900', 'NX_10_len_tra': 10.0, 'NX_10_R_tra': 25.29}]
[I 240126 14:54:45 utils:141] Epoch: [82], Info: [{'num_test': 100, 'CV': '0.05500', 'CV_turn': '0.01833', 'ctr': '3.06000', 'len_tra': 30.0, 'R_tra': 91.8, 'NX_0_CV': '0.53700', 'NX_0_CV_turn': '0.17900', 'NX_0_ctr': '2.17100', 'NX_0_len_tra': 30.0, 'NX_0_R_tra': 65.13, 'NX_10_CV': '0.15900', 'NX_10_CV_turn': '0.15900', 'NX_10_ctr': '2.58500', 'NX_10_len_tra': 10.0, 'NX_10_R_tra': 25.85}]
[I 240126 14:54:50 utils:141] Epoch: [83], Info: [{'num_test': 100, 'CV': '0.06600', 'CV_turn': '0.02200', 'ctr': '2.89467', 'len_tra': 30.0, 'R_tra': 86.84, 'NX_0_CV': '0.56000', 'NX_0_CV_turn': '0.18667', 'NX_0_ctr': '2.14767', 'NX_0_len_tra': 30.0, 'NX_0_R_tra': 64.43, 'NX_10_CV': '0.15400', 'NX_10_CV_turn': '0.15400', 'NX_10_ctr': '2.41600', 'NX_10_len_tra': 10.0, 'NX_10_R_tra': 24.16}]
[I 240126 14:54:55 utils:141] Epoch: [84], Info: [{'num_test': 100, 'CV': '0.07000', 'CV_turn': '0.02333', 'ctr': '2.98500', 'len_tra': 30.0, 'R_tra': 89.55, 'NX_0_CV': '0.52600', 'NX_0_CV_turn': '0.17533', 'NX_0_ctr': '2.19633', 'NX_0_len_tra': 30.0, 'NX_0_R_tra': 65.89, 'NX_10_CV': '0.16300', 'NX_10_CV_turn': '0.16300', 'NX_10_ctr': '2.46200', 'NX_10_len_tra': 10.0, 'NX_10_R_tra': 24.62}]
[I 240126 14:55:01 utils:141] Epoch: [85], Info: [{'num_test': 100, 'CV': '0.03700', 'CV_turn': '0.01233', 'ctr': '2.78267', 'len_tra': 30.0, 'R_tra': 83.48, 'NX_0_CV': '0.52400', 'NX_0_CV_turn': '0.17467', 'NX_0_ctr': '2.23467', 'NX_0_len_tra': 30.0, 'NX_0_R_tra': 67.04, 'NX_10_CV': '0.14600', 'NX_10_CV_turn': '0.14600', 'NX_10_ctr': '2.51800', 'NX_10_len_tra': 10.0, 'NX_10_R_tra': 25.18}]
[I 240126 14:55:06 utils:141] Epoch: [86], Info: [{'num_test': 100, 'CV': '0.04900', 'CV_turn': '0.01633', 'ctr': '2.95900', 'len_tra': 30.0, 'R_tra': 88.77, 'NX_0_CV': '0.54600', 'NX_0_CV_turn': '0.18200', 'NX_0_ctr': '2.17700', 'NX_0_len_tra': 30.0, 'NX_0_R_tra': 65.31, 'NX_10_CV': '0.16900', 'NX_10_CV_turn': '0.16900', 'NX_10_ctr': '2.47900', 'NX_10_len_tra': 10.0, 'NX_10_R_tra': 24.79}]
[I 240126 14:55:11 utils:141] Epoch: [87], Info: [{'num_test': 100, 'CV': '0.05300', 'CV_turn': '0.01767', 'ctr': '2.89767', 'len_tra': 30.0, 'R_tra': 86.93, 'NX_0_CV': '0.54100', 'NX_0_CV_turn': '0.18033', 'NX_0_ctr': '2.21967', 'NX_0_len_tra': 30.0, 'NX_0_R_tra': 66.59, 'NX_10_CV': '0.16300', 'NX_10_CV_turn': '0.16300', 'NX_10_ctr': '2.41500', 'NX_10_len_tra': 10.0, 'NX_10_R_tra': 24.15}]
[I 240126 14:55:16 utils:141] Epoch: [88], Info: [{'num_test': 100, 'CV': '0.04300', 'CV_turn': '0.01433', 'ctr': '3.01833', 'len_tra': 30.0, 'R_tra': 90.55, 'NX_0_CV': '0.54800', 'NX_0_CV_turn': '0.18267', 'NX_0_ctr': '2.09067', 'NX_0_len_tra': 30.0, 'NX_0_R_tra': 62.72, 'NX_10_CV': '0.16500', 'NX_10_CV_turn': '0.16500', 'NX_10_ctr': '2.49000', 'NX_10_len_tra': 10.0, 'NX_10_R_tra': 24.9}]
[I 240126 14:55:22 utils:141] Epoch: [89], Info: [{'num_test': 100, 'CV': '0.03800', 'CV_turn': '0.01267', 'ctr': '3.02333', 'len_tra': 30.0, 'R_tra': 90.7, 'NX_0_CV': '0.54600', 'NX_0_CV_turn': '0.18200', 'NX_0_ctr': '2.09567', 'NX_0_len_tra': 30.0, 'NX_0_R_tra': 62.87, 'NX_10_CV': '0.14800', 'NX_10_CV_turn': '0.14800', 'NX_10_ctr': '2.53600', 'NX_10_len_tra': 10.0, 'NX_10_R_tra': 25.36}]
[I 240126 14:55:27 utils:141] Epoch: [90], Info: [{'num_test': 100, 'CV': '0.03700', 'CV_turn': '0.01233', 'ctr': '3.00100', 'len_tra': 30.0, 'R_tra': 90.03, 'NX_0_CV': '0.54200', 'NX_0_CV_turn': '0.18067', 'NX_0_ctr': '2.17367', 'NX_0_len_tra': 30.0, 'NX_0_R_tra': 65.21, 'NX_10_CV': '0.15400', 'NX_10_CV_turn': '0.15400', 'NX_10_ctr': '2.53200', 'NX_10_len_tra': 10.0, 'NX_10_R_tra': 25.32}]
[I 240126 14:55:32 utils:141] Epoch: [91], Info: [{'num_test': 100, 'CV': '0.06100', 'CV_turn': '0.02033', 'ctr': '2.94767', 'len_tra': 30.0, 'R_tra': 88.43, 'NX_0_CV': '0.50300', 'NX_0_CV_turn': '0.16767', 'NX_0_ctr': '2.34733', 'NX_0_len_tra': 30.0, 'NX_0_R_tra': 70.42, 'NX_10_CV': '0.16300', 'NX_10_CV_turn': '0.16300', 'NX_10_ctr': '2.46900', 'NX_10_len_tra': 10.0, 'NX_10_R_tra': 24.69}]
[I 240126 14:55:38 utils:141] Epoch: [92], Info: [{'num_test': 100, 'CV': '0.06100', 'CV_turn': '0.02033', 'ctr': '2.98667', 'len_tra': 30.0, 'R_tra': 89.6, 'NX_0_CV': '0.50800', 'NX_0_CV_turn': '0.16933', 'NX_0_ctr': '2.25367', 'NX_0_len_tra': 30.0, 'NX_0_R_tra': 67.61, 'NX_10_CV': '0.18800', 'NX_10_CV_turn': '0.18800', 'NX_10_ctr': '2.43800', 'NX_10_len_tra': 10.0, 'NX_10_R_tra': 24.38}]
[I 240126 14:55:43 utils:141] Epoch: [93], Info: [{'num_test': 100, 'CV': '0.02400', 'CV_turn': '0.00800', 'ctr': '2.98100', 'len_tra': 30.0, 'R_tra': 89.43, 'NX_0_CV': '0.50500', 'NX_0_CV_turn': '0.16833', 'NX_0_ctr': '2.25833', 'NX_0_len_tra': 30.0, 'NX_0_R_tra': 67.75, 'NX_10_CV': '0.15800', 'NX_10_CV_turn': '0.15800', 'NX_10_ctr': '2.50400', 'NX_10_len_tra': 10.0, 'NX_10_R_tra': 25.04}]
[I 240126 14:55:48 utils:141] Epoch: [94], Info: [{'num_test': 100, 'CV': '0.03800', 'CV_turn': '0.01267', 'ctr': '2.95400', 'len_tra': 30.0, 'R_tra': 88.62, 'NX_0_CV': '0.53700', 'NX_0_CV_turn': '0.17900', 'NX_0_ctr': '2.17600', 'NX_0_len_tra': 30.0, 'NX_0_R_tra': 65.28, 'NX_10_CV': '0.19100', 'NX_10_CV_turn': '0.19100', 'NX_10_ctr': '2.31700', 'NX_10_len_tra': 10.0, 'NX_10_R_tra': 23.17}]
[I 240126 14:55:54 utils:141] Epoch: [95], Info: [{'num_test': 100, 'CV': '0.03600', 'CV_turn': '0.01200', 'ctr': '2.85933', 'len_tra': 30.0, 'R_tra': 85.78, 'NX_0_CV': '0.54200', 'NX_0_CV_turn': '0.18067', 'NX_0_ctr': '2.21367', 'NX_0_len_tra': 30.0, 'NX_0_R_tra': 66.41, 'NX_10_CV': '0.17700', 'NX_10_CV_turn': '0.17700', 'NX_10_ctr': '2.33800', 'NX_10_len_tra': 10.0, 'NX_10_R_tra': 23.38}]
[I 240126 14:55:59 utils:141] Epoch: [96], Info: [{'num_test': 100, 'CV': '0.02700', 'CV_turn': '0.00900', 'ctr': '2.95400', 'len_tra': 30.0, 'R_tra': 88.62, 'NX_0_CV': '0.51900', 'NX_0_CV_turn': '0.17300', 'NX_0_ctr': '2.16400', 'NX_0_len_tra': 30.0, 'NX_0_R_tra': 64.92, 'NX_10_CV': '0.18300', 'NX_10_CV_turn': '0.18300', 'NX_10_ctr': '2.36400', 'NX_10_len_tra': 10.0, 'NX_10_R_tra': 23.64}]
[I 240126 14:56:04 utils:141] Epoch: [97], Info: [{'num_test': 100, 'CV': '0.02400', 'CV_turn': '0.00800', 'ctr': '3.04567', 'len_tra': 30.0, 'R_tra': 91.37, 'NX_0_CV': '0.51500', 'NX_0_CV_turn': '0.17167', 'NX_0_ctr': '2.20067', 'NX_0_len_tra': 30.0, 'NX_0_R_tra': 66.02, 'NX_10_CV': '0.19000', 'NX_10_CV_turn': '0.19000', 'NX_10_ctr': '2.33400', 'NX_10_len_tra': 10.0, 'NX_10_R_tra': 23.34}]
[I 240126 14:56:10 utils:141] Epoch: [98], Info: [{'num_test': 100, 'CV': '0.04100', 'CV_turn': '0.01367', 'ctr': '2.84733', 'len_tra': 30.0, 'R_tra': 85.42, 'NX_0_CV': '0.56200', 'NX_0_CV_turn': '0.18733', 'NX_0_ctr': '2.02333', 'NX_0_len_tra': 30.0, 'NX_0_R_tra': 60.7, 'NX_10_CV': '0.16500', 'NX_10_CV_turn': '0.16500', 'NX_10_ctr': '2.50700', 'NX_10_len_tra': 10.0, 'NX_10_R_tra': 25.07}]
[I 240126 14:56:15 utils:141] Epoch: [99], Info: [{'num_test': 100, 'CV': '0.03100', 'CV_turn': '0.01033', 'ctr': '3.31200', 'len_tra': 30.0, 'R_tra': 99.36, 'NX_0_CV': '0.52800', 'NX_0_CV_turn': '0.17600', 'NX_0_ctr': '2.19000', 'NX_0_len_tra': 30.0, 'NX_0_R_tra': 65.7, 'NX_10_CV': '0.15800', 'NX_10_CV_turn': '0.15800', 'NX_10_ctr': '2.45100', 'NX_10_len_tra': 10.0, 'NX_10_R_tra': 24.51}]
[I 240126 14:56:20 utils:141] Epoch: [100], Info: [{'num_test': 100, 'CV': '0.03000', 'CV_turn': '0.01000', 'ctr': '2.85667', 'len_tra': 30.0, 'R_tra': 85.7, 'NX_0_CV': '0.52600', 'NX_0_CV_turn': '0.17533', 'NX_0_ctr': '2.19600', 'NX_0_len_tra': 30.0, 'NX_0_R_tra': 65.88, 'NX_10_CV': '0.14100', 'NX_10_CV_turn': '0.14100', 'NX_10_ctr': '2.51500', 'NX_10_len_tra': 10.0, 'NX_10_R_tra': 25.15}]
[I 240126 14:56:25 utils:141] Epoch: [101], Info: [{'num_test': 100, 'CV': '0.01600', 'CV_turn': '0.00533', 'ctr': '3.20667', 'len_tra': 30.0, 'R_tra': 96.2, 'NX_0_CV': '0.52200', 'NX_0_CV_turn': '0.17400', 'NX_0_ctr': '2.15200', 'NX_0_len_tra': 30.0, 'NX_0_R_tra': 64.56, 'NX_10_CV': '0.16200', 'NX_10_CV_turn': '0.16200', 'NX_10_ctr': '2.33000', 'NX_10_len_tra': 10.0, 'NX_10_R_tra': 23.3}]
[I 240126 14:56:31 utils:141] Epoch: [102], Info: [{'num_test': 100, 'CV': '0.02100', 'CV_turn': '0.00700', 'ctr': '2.89000', 'len_tra': 30.0, 'R_tra': 86.7, 'NX_0_CV': '0.50200', 'NX_0_CV_turn': '0.16733', 'NX_0_ctr': '2.15500', 'NX_0_len_tra': 30.0, 'NX_0_R_tra': 64.65, 'NX_10_CV': '0.16600', 'NX_10_CV_turn': '0.16600', 'NX_10_ctr': '2.25200', 'NX_10_len_tra': 10.0, 'NX_10_R_tra': 22.52}]
[I 240126 14:56:36 utils:141] Epoch: [103], Info: [{'num_test': 100, 'CV': '0.02500', 'CV_turn': '0.00833', 'ctr': '3.13300', 'len_tra': 30.0, 'R_tra': 93.99, 'NX_0_CV': '0.50400', 'NX_0_CV_turn': '0.16800', 'NX_0_ctr': '2.24833', 'NX_0_len_tra': 30.0, 'NX_0_R_tra': 67.45, 'NX_10_CV': '0.18400', 'NX_10_CV_turn': '0.18400', 'NX_10_ctr': '2.33900', 'NX_10_len_tra': 10.0, 'NX_10_R_tra': 23.39}]
[I 240126 14:56:41 utils:141] Epoch: [104], Info: [{'num_test': 100, 'CV': '0.01800', 'CV_turn': '0.00600', 'ctr': '3.05200', 'len_tra': 30.0, 'R_tra': 91.56, 'NX_0_CV': '0.49500', 'NX_0_CV_turn': '0.16500', 'NX_0_ctr': '2.19233', 'NX_0_len_tra': 30.0, 'NX_0_R_tra': 65.77, 'NX_10_CV': '0.12700', 'NX_10_CV_turn': '0.12700', 'NX_10_ctr': '2.42900', 'NX_10_len_tra': 10.0, 'NX_10_R_tra': 24.29}]
[I 240126 14:56:47 utils:141] Epoch: [105], Info: [{'num_test': 100, 'CV': '0.02200', 'CV_turn': '0.00733', 'ctr': '2.75900', 'len_tra': 30.0, 'R_tra': 82.77, 'NX_0_CV': '0.44500', 'NX_0_CV_turn': '0.14833', 'NX_0_ctr': '2.32300', 'NX_0_len_tra': 30.0, 'NX_0_R_tra': 69.69, 'NX_10_CV': '0.14700', 'NX_10_CV_turn': '0.14700', 'NX_10_ctr': '2.34000', 'NX_10_len_tra': 10.0, 'NX_10_R_tra': 23.4}]
[I 240126 14:56:52 utils:141] Epoch: [106], Info: [{'num_test': 100, 'CV': '0.01200', 'CV_turn': '0.00400', 'ctr': '2.73967', 'len_tra': 30.0, 'R_tra': 82.19, 'NX_0_CV': '0.50300', 'NX_0_CV_turn': '0.16767', 'NX_0_ctr': '2.16833', 'NX_0_len_tra': 30.0, 'NX_0_R_tra': 65.05, 'NX_10_CV': '0.14900', 'NX_10_CV_turn': '0.14900', 'NX_10_ctr': '2.42700', 'NX_10_len_tra': 10.0, 'NX_10_R_tra': 24.27}]
[I 240126 14:56:57 utils:141] Epoch: [107], Info: [{'num_test': 100, 'CV': '0.01200', 'CV_turn': '0.00400', 'ctr': '2.98533', 'len_tra': 30.0, 'R_tra': 89.56, 'NX_0_CV': '0.47400', 'NX_0_CV_turn': '0.15800', 'NX_0_ctr': '2.22467', 'NX_0_len_tra': 30.0, 'NX_0_R_tra': 66.74, 'NX_10_CV': '0.12400', 'NX_10_CV_turn': '0.12400', 'NX_10_ctr': '2.56800', 'NX_10_len_tra': 10.0, 'NX_10_R_tra': 25.68}]
[I 240126 14:57:03 utils:141] Epoch: [108], Info: [{'num_test': 100, 'CV': '0.01700', 'CV_turn': '0.00567', 'ctr': '2.81200', 'len_tra': 30.0, 'R_tra': 84.36, 'NX_0_CV': '0.43500', 'NX_0_CV_turn': '0.14500', 'NX_0_ctr': '2.38400', 'NX_0_len_tra': 30.0, 'NX_0_R_tra': 71.52, 'NX_10_CV': '0.14800', 'NX_10_CV_turn': '0.14800', 'NX_10_ctr': '2.28400', 'NX_10_len_tra': 10.0, 'NX_10_R_tra': 22.84}]
[I 240126 14:57:08 utils:141] Epoch: [109], Info: [{'num_test': 100, 'CV': '0.01700', 'CV_turn': '0.00567', 'ctr': '2.97133', 'len_tra': 30.0, 'R_tra': 89.14, 'NX_0_CV': '0.45100', 'NX_0_CV_turn': '0.15033', 'NX_0_ctr': '2.32233', 'NX_0_len_tra': 30.0, 'NX_0_R_tra': 69.67, 'NX_10_CV': '0.17100', 'NX_10_CV_turn': '0.17100', 'NX_10_ctr': '2.27400', 'NX_10_len_tra': 10.0, 'NX_10_R_tra': 22.74}]
[I 240126 14:57:13 utils:141] Epoch: [110], Info: [{'num_test': 100, 'CV': '0.01400', 'CV_turn': '0.00467', 'ctr': '2.73533', 'len_tra': 30.0, 'R_tra': 82.06, 'NX_0_CV': '0.50100', 'NX_0_CV_turn': '0.16700', 'NX_0_ctr': '2.19900', 'NX_0_len_tra': 30.0, 'NX_0_R_tra': 65.97, 'NX_10_CV': '0.16800', 'NX_10_CV_turn': '0.16800', 'NX_10_ctr': '2.25600', 'NX_10_len_tra': 10.0, 'NX_10_R_tra': 22.56}]
[I 240126 14:57:19 utils:141] Epoch: [111], Info: [{'num_test': 100, 'CV': '0.01100', 'CV_turn': '0.00367', 'ctr': '3.29300', 'len_tra': 30.0, 'R_tra': 98.79, 'NX_0_CV': '0.47400', 'NX_0_CV_turn': '0.15800', 'NX_0_ctr': '2.23933', 'NX_0_len_tra': 30.0, 'NX_0_R_tra': 67.18, 'NX_10_CV': '0.14100', 'NX_10_CV_turn': '0.14100', 'NX_10_ctr': '2.44900', 'NX_10_len_tra': 10.0, 'NX_10_R_tra': 24.49}]
[I 240126 14:57:24 utils:141] Epoch: [112], Info: [{'num_test': 100, 'CV': '0.00900', 'CV_turn': '0.00300', 'ctr': '2.73467', 'len_tra': 30.0, 'R_tra': 82.04, 'NX_0_CV': '0.45000', 'NX_0_CV_turn': '0.15000', 'NX_0_ctr': '2.27833', 'NX_0_len_tra': 30.0, 'NX_0_R_tra': 68.35, 'NX_10_CV': '0.13500', 'NX_10_CV_turn': '0.13500', 'NX_10_ctr': '2.37200', 'NX_10_len_tra': 10.0, 'NX_10_R_tra': 23.72}]
[I 240126 14:57:29 utils:141] Epoch: [113], Info: [{'num_test': 100, 'CV': '0.00900', 'CV_turn': '0.00300', 'ctr': '3.03233', 'len_tra': 30.0, 'R_tra': 90.97, 'NX_0_CV': '0.46200', 'NX_0_CV_turn': '0.15400', 'NX_0_ctr': '2.20867', 'NX_0_len_tra': 30.0, 'NX_0_R_tra': 66.26, 'NX_10_CV': '0.10900', 'NX_10_CV_turn': '0.10900', 'NX_10_ctr': '2.57700', 'NX_10_len_tra': 10.0, 'NX_10_R_tra': 25.77}]
[I 240126 14:57:35 utils:141] Epoch: [114], Info: [{'num_test': 100, 'CV': '0.01000', 'CV_turn': '0.00333', 'ctr': '2.90267', 'len_tra': 30.0, 'R_tra': 87.08, 'NX_0_CV': '0.46200', 'NX_0_CV_turn': '0.15400', 'NX_0_ctr': '2.20833', 'NX_0_len_tra': 30.0, 'NX_0_R_tra': 66.25, 'NX_10_CV': '0.12400', 'NX_10_CV_turn': '0.12400', 'NX_10_ctr': '2.42600', 'NX_10_len_tra': 10.0, 'NX_10_R_tra': 24.26}]
[I 240126 14:57:40 utils:141] Epoch: [115], Info: [{'num_test': 100, 'CV': '0.01100', 'CV_turn': '0.00367', 'ctr': '3.03333', 'len_tra': 30.0, 'R_tra': 91.0, 'NX_0_CV': '0.47600', 'NX_0_CV_turn': '0.15867', 'NX_0_ctr': '2.23233', 'NX_0_len_tra': 30.0, 'NX_0_R_tra': 66.97, 'NX_10_CV': '0.13400', 'NX_10_CV_turn': '0.13400', 'NX_10_ctr': '2.54900', 'NX_10_len_tra': 10.0, 'NX_10_R_tra': 25.49}]
[I 240126 14:57:45 utils:141] Epoch: [116], Info: [{'num_test': 100, 'CV': '0.00500', 'CV_turn': '0.00167', 'ctr': '2.60333', 'len_tra': 30.0, 'R_tra': 78.1, 'NX_0_CV': '0.44700', 'NX_0_CV_turn': '0.14900', 'NX_0_ctr': '2.24967', 'NX_0_len_tra': 30.0, 'NX_0_R_tra': 67.49, 'NX_10_CV': '0.13600', 'NX_10_CV_turn': '0.13600', 'NX_10_ctr': '2.40200', 'NX_10_len_tra': 10.0, 'NX_10_R_tra': 24.02}]
[I 240126 14:57:51 utils:141] Epoch: [117], Info: [{'num_test': 100, 'CV': '0.00600', 'CV_turn': '0.00200', 'ctr': '3.15400', 'len_tra': 30.0, 'R_tra': 94.62, 'NX_0_CV': '0.47000', 'NX_0_CV_turn': '0.15667', 'NX_0_ctr': '2.27900', 'NX_0_len_tra': 30.0, 'NX_0_R_tra': 68.37, 'NX_10_CV': '0.14000', 'NX_10_CV_turn': '0.14000', 'NX_10_ctr': '2.42000', 'NX_10_len_tra': 10.0, 'NX_10_R_tra': 24.2}]
[I 240126 14:57:56 utils:141] Epoch: [118], Info: [{'num_test': 100, 'CV': '0.00800', 'CV_turn': '0.00267', 'ctr': '3.03067', 'len_tra': 30.0, 'R_tra': 90.92, 'NX_0_CV': '0.47700', 'NX_0_CV_turn': '0.15900', 'NX_0_ctr': '2.17300', 'NX_0_len_tra': 30.0, 'NX_0_R_tra': 65.19, 'NX_10_CV': '0.13800', 'NX_10_CV_turn': '0.13800', 'NX_10_ctr': '2.38000', 'NX_10_len_tra': 10.0, 'NX_10_R_tra': 23.8}]
[I 240126 14:58:01 utils:141] Epoch: [119], Info: [{'num_test': 100, 'CV': '0.01100', 'CV_turn': '0.00367', 'ctr': '3.01033', 'len_tra': 30.0, 'R_tra': 90.31, 'NX_0_CV': '0.47900', 'NX_0_CV_turn': '0.15967', 'NX_0_ctr': '2.16033', 'NX_0_len_tra': 30.0, 'NX_0_R_tra': 64.81, 'NX_10_CV': '0.11500', 'NX_10_CV_turn': '0.11500', 'NX_10_ctr': '2.50600', 'NX_10_len_tra': 10.0, 'NX_10_R_tra': 25.06}]
[I 240126 14:58:06 utils:141] Epoch: [120], Info: [{'num_test': 100, 'CV': '0.00700', 'CV_turn': '0.00233', 'ctr': '2.93933', 'len_tra': 30.0, 'R_tra': 88.18, 'NX_0_CV': '0.45000', 'NX_0_CV_turn': '0.15000', 'NX_0_ctr': '2.29800', 'NX_0_len_tra': 30.0, 'NX_0_R_tra': 68.94, 'NX_10_CV': '0.11500', 'NX_10_CV_turn': '0.11500', 'NX_10_ctr': '2.58300', 'NX_10_len_tra': 10.0, 'NX_10_R_tra': 25.83}]
[I 240126 14:58:12 utils:141] Epoch: [121], Info: [{'num_test': 100, 'CV': '0.00500', 'CV_turn': '0.00167', 'ctr': '3.12133', 'len_tra': 30.0, 'R_tra': 93.64, 'NX_0_CV': '0.45800', 'NX_0_CV_turn': '0.15267', 'NX_0_ctr': '2.23400', 'NX_0_len_tra': 30.0, 'NX_0_R_tra': 67.02, 'NX_10_CV': '0.12500', 'NX_10_CV_turn': '0.12500', 'NX_10_ctr': '2.50300', 'NX_10_len_tra': 10.0, 'NX_10_R_tra': 25.03}]
[I 240126 14:58:17 utils:141] Epoch: [122], Info: [{'num_test': 100, 'CV': '0.00800', 'CV_turn': '0.00267', 'ctr': '3.16300', 'len_tra': 30.0, 'R_tra': 94.89, 'NX_0_CV': '0.42800', 'NX_0_CV_turn': '0.14267', 'NX_0_ctr': '2.33100', 'NX_0_len_tra': 30.0, 'NX_0_R_tra': 69.93, 'NX_10_CV': '0.13900', 'NX_10_CV_turn': '0.13900', 'NX_10_ctr': '2.41700', 'NX_10_len_tra': 10.0, 'NX_10_R_tra': 24.17}]
[I 240126 14:58:23 utils:141] Epoch: [123], Info: [{'num_test': 100, 'CV': '0.00400', 'CV_turn': '0.00133', 'ctr': '3.03467', 'len_tra': 30.0, 'R_tra': 91.04, 'NX_0_CV': '0.44500', 'NX_0_CV_turn': '0.14833', 'NX_0_ctr': '2.29300', 'NX_0_len_tra': 30.0, 'NX_0_R_tra': 68.79, 'NX_10_CV': '0.11100', 'NX_10_CV_turn': '0.11100', 'NX_10_ctr': '2.60300', 'NX_10_len_tra': 10.0, 'NX_10_R_tra': 26.03}]
[I 240126 14:58:28 utils:141] Epoch: [124], Info: [{'num_test': 100, 'CV': '0.00300', 'CV_turn': '0.00100', 'ctr': '2.85133', 'len_tra': 30.0, 'R_tra': 85.54, 'NX_0_CV': '0.46200', 'NX_0_CV_turn': '0.15400', 'NX_0_ctr': '2.21367', 'NX_0_len_tra': 30.0, 'NX_0_R_tra': 66.41, 'NX_10_CV': '0.11500', 'NX_10_CV_turn': '0.11500', 'NX_10_ctr': '2.37900', 'NX_10_len_tra': 10.0, 'NX_10_R_tra': 23.79}]
[I 240126 14:58:33 utils:141] Epoch: [125], Info: [{'num_test': 100, 'CV': '0.00400', 'CV_turn': '0.00133', 'ctr': '2.87767', 'len_tra': 30.0, 'R_tra': 86.33, 'NX_0_CV': '0.47200', 'NX_0_CV_turn': '0.15733', 'NX_0_ctr': '2.13400', 'NX_0_len_tra': 30.0, 'NX_0_R_tra': 64.02, 'NX_10_CV': '0.10300', 'NX_10_CV_turn': '0.10300', 'NX_10_ctr': '2.48400', 'NX_10_len_tra': 10.0, 'NX_10_R_tra': 24.84}]
[I 240126 14:58:39 utils:141] Epoch: [126], Info: [{'num_test': 100, 'CV': '0.00300', 'CV_turn': '0.00100', 'ctr': '2.97967', 'len_tra': 30.0, 'R_tra': 89.39, 'NX_0_CV': '0.44000', 'NX_0_CV_turn': '0.14667', 'NX_0_ctr': '2.24633', 'NX_0_len_tra': 30.0, 'NX_0_R_tra': 67.39, 'NX_10_CV': '0.11200', 'NX_10_CV_turn': '0.11200', 'NX_10_ctr': '2.40300', 'NX_10_len_tra': 10.0, 'NX_10_R_tra': 24.03}]
[I 240126 14:58:44 utils:141] Epoch: [127], Info: [{'num_test': 100, 'CV': '0.00300', 'CV_turn': '0.00100', 'ctr': '3.09000', 'len_tra': 30.0, 'R_tra': 92.7, 'NX_0_CV': '0.47500', 'NX_0_CV_turn': '0.15833', 'NX_0_ctr': '2.21533', 'NX_0_len_tra': 30.0, 'NX_0_R_tra': 66.46, 'NX_10_CV': '0.12500', 'NX_10_CV_turn': '0.12500', 'NX_10_ctr': '2.49400', 'NX_10_len_tra': 10.0, 'NX_10_R_tra': 24.94}]
[I 240126 14:58:49 utils:141] Epoch: [128], Info: [{'num_test': 100, 'CV': '0.00200', 'CV_turn': '0.00067', 'ctr': '3.13733', 'len_tra': 30.0, 'R_tra': 94.12, 'NX_0_CV': '0.47400', 'NX_0_CV_turn': '0.15800', 'NX_0_ctr': '2.22233', 'NX_0_len_tra': 30.0, 'NX_0_R_tra': 66.67, 'NX_10_CV': '0.11100', 'NX_10_CV_turn': '0.11100', 'NX_10_ctr': '2.57100', 'NX_10_len_tra': 10.0, 'NX_10_R_tra': 25.71}]
[I 240126 14:58:54 utils:141] Epoch: [129], Info: [{'num_test': 100, 'CV': '0.00300', 'CV_turn': '0.00100', 'ctr': '2.92500', 'len_tra': 30.0, 'R_tra': 87.75, 'NX_0_CV': '0.44900', 'NX_0_CV_turn': '0.14967', 'NX_0_ctr': '2.21933', 'NX_0_len_tra': 30.0, 'NX_0_R_tra': 66.58, 'NX_10_CV': '0.10600', 'NX_10_CV_turn': '0.10600', 'NX_10_ctr': '2.49900', 'NX_10_len_tra': 10.0, 'NX_10_R_tra': 24.99}]
[I 240126 14:59:00 utils:141] Epoch: [130], Info: [{'num_test': 100, 'CV': '0.00300', 'CV_turn': '0.00100', 'ctr': '2.93967', 'len_tra': 30.0, 'R_tra': 88.19, 'NX_0_CV': '0.41800', 'NX_0_CV_turn': '0.13933', 'NX_0_ctr': '2.34467', 'NX_0_len_tra': 30.0, 'NX_0_R_tra': 70.34, 'NX_10_CV': '0.11500', 'NX_10_CV_turn': '0.11500', 'NX_10_ctr': '2.39600', 'NX_10_len_tra': 10.0, 'NX_10_R_tra': 23.96}]
[I 240126 14:59:05 utils:141] Epoch: [131], Info: [{'num_test': 100, 'CV': '0.00300', 'CV_turn': '0.00100', 'ctr': '3.06400', 'len_tra': 30.0, 'R_tra': 91.92, 'NX_0_CV': '0.44200', 'NX_0_CV_turn': '0.14733', 'NX_0_ctr': '2.28133', 'NX_0_len_tra': 30.0, 'NX_0_R_tra': 68.44, 'NX_10_CV': '0.12300', 'NX_10_CV_turn': '0.12300', 'NX_10_ctr': '2.44600', 'NX_10_len_tra': 10.0, 'NX_10_R_tra': 24.46}]
[I 240126 14:59:10 utils:141] Epoch: [132], Info: [{'num_test': 100, 'CV': '0.00400', 'CV_turn': '0.00133', 'ctr': '3.05233', 'len_tra': 30.0, 'R_tra': 91.57, 'NX_0_CV': '0.44600', 'NX_0_CV_turn': '0.14867', 'NX_0_ctr': '2.30567', 'NX_0_len_tra': 30.0, 'NX_0_R_tra': 69.17, 'NX_10_CV': '0.13200', 'NX_10_CV_turn': '0.13200', 'NX_10_ctr': '2.39100', 'NX_10_len_tra': 10.0, 'NX_10_R_tra': 23.91}]
[I 240126 14:59:16 utils:141] Epoch: [133], Info: [{'num_test': 100, 'CV': '0.00300', 'CV_turn': '0.00100', 'ctr': '2.97333', 'len_tra': 30.0, 'R_tra': 89.2, 'NX_0_CV': '0.45700', 'NX_0_CV_turn': '0.15233', 'NX_0_ctr': '2.18800', 'NX_0_len_tra': 30.0, 'NX_0_R_tra': 65.64, 'NX_10_CV': '0.12700', 'NX_10_CV_turn': '0.12700', 'NX_10_ctr': '2.47300', 'NX_10_len_tra': 10.0, 'NX_10_R_tra': 24.73}]
[I 240126 14:59:21 utils:141] Epoch: [134], Info: [{'num_test': 100, 'CV': '0.00300', 'CV_turn': '0.00100', 'ctr': '3.06467', 'len_tra': 30.0, 'R_tra': 91.94, 'NX_0_CV': '0.45700', 'NX_0_CV_turn': '0.15233', 'NX_0_ctr': '2.28133', 'NX_0_len_tra': 30.0, 'NX_0_R_tra': 68.44, 'NX_10_CV': '0.13400', 'NX_10_CV_turn': '0.13400', 'NX_10_ctr': '2.36500', 'NX_10_len_tra': 10.0, 'NX_10_R_tra': 23.65}]
[I 240126 14:59:26 utils:141] Epoch: [135], Info: [{'num_test': 100, 'CV': '0.00400', 'CV_turn': '0.00133', 'ctr': '3.09467', 'len_tra': 30.0, 'R_tra': 92.84, 'NX_0_CV': '0.47400', 'NX_0_CV_turn': '0.15800', 'NX_0_ctr': '2.23533', 'NX_0_len_tra': 30.0, 'NX_0_R_tra': 67.06, 'NX_10_CV': '0.12900', 'NX_10_CV_turn': '0.12900', 'NX_10_ctr': '2.41500', 'NX_10_len_tra': 10.0, 'NX_10_R_tra': 24.15}]
[I 240126 14:59:32 utils:141] Epoch: [136], Info: [{'num_test': 100, 'CV': '0.00400', 'CV_turn': '0.00133', 'ctr': '2.79867', 'len_tra': 30.0, 'R_tra': 83.96, 'NX_0_CV': '0.46000', 'NX_0_CV_turn': '0.15333', 'NX_0_ctr': '2.19467', 'NX_0_len_tra': 30.0, 'NX_0_R_tra': 65.84, 'NX_10_CV': '0.12300', 'NX_10_CV_turn': '0.12300', 'NX_10_ctr': '2.37700', 'NX_10_len_tra': 10.0, 'NX_10_R_tra': 23.77}]
[I 240126 14:59:37 utils:141] Epoch: [137], Info: [{'num_test': 100, 'CV': '0.00400', 'CV_turn': '0.00133', 'ctr': '2.87067', 'len_tra': 30.0, 'R_tra': 86.12, 'NX_0_CV': '0.44800', 'NX_0_CV_turn': '0.14933', 'NX_0_ctr': '2.23933', 'NX_0_len_tra': 30.0, 'NX_0_R_tra': 67.18, 'NX_10_CV': '0.10000', 'NX_10_CV_turn': '0.10000', 'NX_10_ctr': '2.49000', 'NX_10_len_tra': 10.0, 'NX_10_R_tra': 24.9}]
[I 240126 14:59:42 utils:141] Epoch: [138], Info: [{'num_test': 100, 'CV': '0.00400', 'CV_turn': '0.00133', 'ctr': '2.83267', 'len_tra': 30.0, 'R_tra': 84.98, 'NX_0_CV': '0.47900', 'NX_0_CV_turn': '0.15967', 'NX_0_ctr': '2.17300', 'NX_0_len_tra': 30.0, 'NX_0_R_tra': 65.19, 'NX_10_CV': '0.09800', 'NX_10_CV_turn': '0.09800', 'NX_10_ctr': '2.43500', 'NX_10_len_tra': 10.0, 'NX_10_R_tra': 24.35}]
[I 240126 14:59:48 utils:141] Epoch: [139], Info: [{'num_test': 100, 'CV': '0.00400', 'CV_turn': '0.00133', 'ctr': '3.02300', 'len_tra': 30.0, 'R_tra': 90.69, 'NX_0_CV': '0.45400', 'NX_0_CV_turn': '0.15133', 'NX_0_ctr': '2.29133', 'NX_0_len_tra': 30.0, 'NX_0_R_tra': 68.74, 'NX_10_CV': '0.11300', 'NX_10_CV_turn': '0.11300', 'NX_10_ctr': '2.46000', 'NX_10_len_tra': 10.0, 'NX_10_R_tra': 24.6}]
[I 240126 14:59:53 utils:141] Epoch: [140], Info: [{'num_test': 100, 'CV': '0.00200', 'CV_turn': '0.00067', 'ctr': '2.89900', 'len_tra': 30.0, 'R_tra': 86.97, 'NX_0_CV': '0.50400', 'NX_0_CV_turn': '0.16800', 'NX_0_ctr': '2.12967', 'NX_0_len_tra': 30.0, 'NX_0_R_tra': 63.89, 'NX_10_CV': '0.11900', 'NX_10_CV_turn': '0.11900', 'NX_10_ctr': '2.44000', 'NX_10_len_tra': 10.0, 'NX_10_R_tra': 24.4}]
[I 240126 14:59:58 utils:141] Epoch: [141], Info: [{'num_test': 100, 'CV': '0.00400', 'CV_turn': '0.00133', 'ctr': '3.02167', 'len_tra': 30.0, 'R_tra': 90.65, 'NX_0_CV': '0.46100', 'NX_0_CV_turn': '0.15367', 'NX_0_ctr': '2.25933', 'NX_0_len_tra': 30.0, 'NX_0_R_tra': 67.78, 'NX_10_CV': '0.11200', 'NX_10_CV_turn': '0.11200', 'NX_10_ctr': '2.38500', 'NX_10_len_tra': 10.0, 'NX_10_R_tra': 23.85}]
[I 240126 15:00:03 utils:141] Epoch: [142], Info: [{'num_test': 100, 'CV': '0.00300', 'CV_turn': '0.00100', 'ctr': '2.95233', 'len_tra': 30.0, 'R_tra': 88.57, 'NX_0_CV': '0.44700', 'NX_0_CV_turn': '0.14900', 'NX_0_ctr': '2.31033', 'NX_0_len_tra': 30.0, 'NX_0_R_tra': 69.31, 'NX_10_CV': '0.11700', 'NX_10_CV_turn': '0.11700', 'NX_10_ctr': '2.36200', 'NX_10_len_tra': 10.0, 'NX_10_R_tra': 23.62}]
[I 240126 15:00:09 utils:141] Epoch: [143], Info: [{'num_test': 100, 'CV': '0.00300', 'CV_turn': '0.00100', 'ctr': '2.91767', 'len_tra': 30.0, 'R_tra': 87.53, 'NX_0_CV': '0.48000', 'NX_0_CV_turn': '0.16000', 'NX_0_ctr': '2.19467', 'NX_0_len_tra': 30.0, 'NX_0_R_tra': 65.84, 'NX_10_CV': '0.10700', 'NX_10_CV_turn': '0.10700', 'NX_10_ctr': '2.46900', 'NX_10_len_tra': 10.0, 'NX_10_R_tra': 24.69}]
[I 240126 15:00:14 utils:141] Epoch: [144], Info: [{'num_test': 100, 'CV': '0.00400', 'CV_turn': '0.00133', 'ctr': '2.88267', 'len_tra': 30.0, 'R_tra': 86.48, 'NX_0_CV': '0.43300', 'NX_0_CV_turn': '0.14433', 'NX_0_ctr': '2.30300', 'NX_0_len_tra': 30.0, 'NX_0_R_tra': 69.09, 'NX_10_CV': '0.09700', 'NX_10_CV_turn': '0.09700', 'NX_10_ctr': '2.41200', 'NX_10_len_tra': 10.0, 'NX_10_R_tra': 24.12}]
[I 240126 15:00:19 utils:141] Epoch: [145], Info: [{'num_test': 100, 'CV': '0.00400', 'CV_turn': '0.00133', 'ctr': '2.92767', 'len_tra': 30.0, 'R_tra': 87.83, 'NX_0_CV': '0.43600', 'NX_0_CV_turn': '0.14533', 'NX_0_ctr': '2.22633', 'NX_0_len_tra': 30.0, 'NX_0_R_tra': 66.79, 'NX_10_CV': '0.12600', 'NX_10_CV_turn': '0.12600', 'NX_10_ctr': '2.35700', 'NX_10_len_tra': 10.0, 'NX_10_R_tra': 23.57}]
[I 240126 15:00:25 utils:141] Epoch: [146], Info: [{'num_test': 100, 'CV': '0.00600', 'CV_turn': '0.00200', 'ctr': '2.88900', 'len_tra': 30.0, 'R_tra': 86.67, 'NX_0_CV': '0.44800', 'NX_0_CV_turn': '0.14933', 'NX_0_ctr': '2.27133', 'NX_0_len_tra': 30.0, 'NX_0_R_tra': 68.14, 'NX_10_CV': '0.11200', 'NX_10_CV_turn': '0.11200', 'NX_10_ctr': '2.45700', 'NX_10_len_tra': 10.0, 'NX_10_R_tra': 24.57}]
[I 240126 15:00:30 utils:141] Epoch: [147], Info: [{'num_test': 100, 'CV': '0.00600', 'CV_turn': '0.00200', 'ctr': '3.11467', 'len_tra': 30.0, 'R_tra': 93.44, 'NX_0_CV': '0.48600', 'NX_0_CV_turn': '0.16200', 'NX_0_ctr': '2.12733', 'NX_0_len_tra': 30.0, 'NX_0_R_tra': 63.82, 'NX_10_CV': '0.10900', 'NX_10_CV_turn': '0.10900', 'NX_10_ctr': '2.47700', 'NX_10_len_tra': 10.0, 'NX_10_R_tra': 24.77}]
[I 240126 15:00:35 utils:141] Epoch: [148], Info: [{'num_test': 100, 'CV': '0.00600', 'CV_turn': '0.00200', 'ctr': '3.20267', 'len_tra': 30.0, 'R_tra': 96.08, 'NX_0_CV': '0.46800', 'NX_0_CV_turn': '0.15600', 'NX_0_ctr': '2.30633', 'NX_0_len_tra': 30.0, 'NX_0_R_tra': 69.19, 'NX_10_CV': '0.10700', 'NX_10_CV_turn': '0.10700', 'NX_10_ctr': '2.53800', 'NX_10_len_tra': 10.0, 'NX_10_R_tra': 25.38}]
[I 240126 15:00:41 utils:141] Epoch: [149], Info: [{'num_test': 100, 'CV': '0.00400', 'CV_turn': '0.00133', 'ctr': '2.75267', 'len_tra': 30.0, 'R_tra': 82.58, 'NX_0_CV': '0.41900', 'NX_0_CV_turn': '0.13967', 'NX_0_ctr': '2.32700', 'NX_0_len_tra': 30.0, 'NX_0_R_tra': 69.81, 'NX_10_CV': '0.11500', 'NX_10_CV_turn': '0.11500', 'NX_10_ctr': '2.48800', 'NX_10_len_tra': 10.0, 'NX_10_R_tra': 24.88}]
[I 240126 15:00:46 utils:141] Epoch: [150], Info: [{'num_test': 100, 'CV': '0.00500', 'CV_turn': '0.00167', 'ctr': '2.98167', 'len_tra': 30.0, 'R_tra': 89.45, 'NX_0_CV': '0.43600', 'NX_0_CV_turn': '0.14533', 'NX_0_ctr': '2.26933', 'NX_0_len_tra': 30.0, 'NX_0_R_tra': 68.08, 'NX_10_CV': '0.12500', 'NX_10_CV_turn': '0.12500', 'NX_10_ctr': '2.33600', 'NX_10_len_tra': 10.0, 'NX_10_R_tra': 23.36}]
[I 240126 15:00:51 utils:141] Epoch: [151], Info: [{'num_test': 100, 'CV': '0.00500', 'CV_turn': '0.00167', 'ctr': '2.91900', 'len_tra': 30.0, 'R_tra': 87.57, 'NX_0_CV': '0.50600', 'NX_0_CV_turn': '0.16867', 'NX_0_ctr': '2.10033', 'NX_0_len_tra': 30.0, 'NX_0_R_tra': 63.01, 'NX_10_CV': '0.10500', 'NX_10_CV_turn': '0.10500', 'NX_10_ctr': '2.42000', 'NX_10_len_tra': 10.0, 'NX_10_R_tra': 24.2}]
[I 240126 15:00:57 utils:141] Epoch: [152], Info: [{'num_test': 100, 'CV': '0.00500', 'CV_turn': '0.00167', 'ctr': '2.77467', 'len_tra': 30.0, 'R_tra': 83.24, 'NX_0_CV': '0.45800', 'NX_0_CV_turn': '0.15267', 'NX_0_ctr': '2.19100', 'NX_0_len_tra': 30.0, 'NX_0_R_tra': 65.73, 'NX_10_CV': '0.11600', 'NX_10_CV_turn': '0.11600', 'NX_10_ctr': '2.46800', 'NX_10_len_tra': 10.0, 'NX_10_R_tra': 24.68}]
[I 240126 15:01:02 utils:141] Epoch: [153], Info: [{'num_test': 100, 'CV': '0.00300', 'CV_turn': '0.00100', 'ctr': '2.92733', 'len_tra': 30.0, 'R_tra': 87.82, 'NX_0_CV': '0.44800', 'NX_0_CV_turn': '0.14933', 'NX_0_ctr': '2.37400', 'NX_0_len_tra': 30.0, 'NX_0_R_tra': 71.22, 'NX_10_CV': '0.11400', 'NX_10_CV_turn': '0.11400', 'NX_10_ctr': '2.44700', 'NX_10_len_tra': 10.0, 'NX_10_R_tra': 24.47}]
[I 240126 15:01:07 utils:141] Epoch: [154], Info: [{'num_test': 100, 'CV': '0.00300', 'CV_turn': '0.00100', 'ctr': '3.01033', 'len_tra': 30.0, 'R_tra': 90.31, 'NX_0_CV': '0.48400', 'NX_0_CV_turn': '0.16133', 'NX_0_ctr': '2.14567', 'NX_0_len_tra': 30.0, 'NX_0_R_tra': 64.37, 'NX_10_CV': '0.12800', 'NX_10_CV_turn': '0.12800', 'NX_10_ctr': '2.38300', 'NX_10_len_tra': 10.0, 'NX_10_R_tra': 23.83}]
[I 240126 15:01:12 utils:141] Epoch: [155], Info: [{'num_test': 100, 'CV': '0.00300', 'CV_turn': '0.00100', 'ctr': '3.09133', 'len_tra': 30.0, 'R_tra': 92.74, 'NX_0_CV': '0.46100', 'NX_0_CV_turn': '0.15367', 'NX_0_ctr': '2.24500', 'NX_0_len_tra': 30.0, 'NX_0_R_tra': 67.35, 'NX_10_CV': '0.11700', 'NX_10_CV_turn': '0.11700', 'NX_10_ctr': '2.35000', 'NX_10_len_tra': 10.0, 'NX_10_R_tra': 23.5}]
[I 240126 15:01:18 utils:141] Epoch: [156], Info: [{'num_test': 100, 'CV': '0.00500', 'CV_turn': '0.00167', 'ctr': '3.24033', 'len_tra': 30.0, 'R_tra': 97.21, 'NX_0_CV': '0.47900', 'NX_0_CV_turn': '0.15967', 'NX_0_ctr': '2.27300', 'NX_0_len_tra': 30.0, 'NX_0_R_tra': 68.19, 'NX_10_CV': '0.09500', 'NX_10_CV_turn': '0.09500', 'NX_10_ctr': '2.46400', 'NX_10_len_tra': 10.0, 'NX_10_R_tra': 24.64}]
[I 240126 15:01:23 utils:141] Epoch: [157], Info: [{'num_test': 100, 'CV': '0.00200', 'CV_turn': '0.00067', 'ctr': '3.10200', 'len_tra': 30.0, 'R_tra': 93.06, 'NX_0_CV': '0.47600', 'NX_0_CV_turn': '0.15867', 'NX_0_ctr': '2.22467', 'NX_0_len_tra': 30.0, 'NX_0_R_tra': 66.74, 'NX_10_CV': '0.10400', 'NX_10_CV_turn': '0.10400', 'NX_10_ctr': '2.50900', 'NX_10_len_tra': 10.0, 'NX_10_R_tra': 25.09}]
[I 240126 15:01:28 utils:141] Epoch: [158], Info: [{'num_test': 100, 'CV': '0.00300', 'CV_turn': '0.00100', 'ctr': '3.09167', 'len_tra': 30.0, 'R_tra': 92.75, 'NX_0_CV': '0.48100', 'NX_0_CV_turn': '0.16033', 'NX_0_ctr': '2.23533', 'NX_0_len_tra': 30.0, 'NX_0_R_tra': 67.06, 'NX_10_CV': '0.10500', 'NX_10_CV_turn': '0.10500', 'NX_10_ctr': '2.50800', 'NX_10_len_tra': 10.0, 'NX_10_R_tra': 25.08}]
[I 240126 15:01:34 utils:141] Epoch: [159], Info: [{'num_test': 100, 'CV': '0.00300', 'CV_turn': '0.00100', 'ctr': '3.11600', 'len_tra': 30.0, 'R_tra': 93.48, 'NX_0_CV': '0.47100', 'NX_0_CV_turn': '0.15700', 'NX_0_ctr': '2.19167', 'NX_0_len_tra': 30.0, 'NX_0_R_tra': 65.75, 'NX_10_CV': '0.11400', 'NX_10_CV_turn': '0.11400', 'NX_10_ctr': '2.39400', 'NX_10_len_tra': 10.0, 'NX_10_R_tra': 23.94}]
[I 240126 15:01:39 utils:141] Epoch: [160], Info: [{'num_test': 100, 'CV': '0.00500', 'CV_turn': '0.00167', 'ctr': '3.09367', 'len_tra': 30.0, 'R_tra': 92.81, 'NX_0_CV': '0.42700', 'NX_0_CV_turn': '0.14233', 'NX_0_ctr': '2.30533', 'NX_0_len_tra': 30.0, 'NX_0_R_tra': 69.16, 'NX_10_CV': '0.10900', 'NX_10_CV_turn': '0.10900', 'NX_10_ctr': '2.45800', 'NX_10_len_tra': 10.0, 'NX_10_R_tra': 24.58}]
[I 240126 15:01:45 utils:141] Epoch: [161], Info: [{'num_test': 100, 'CV': '0.00500', 'CV_turn': '0.00167', 'ctr': '2.76833', 'len_tra': 30.0, 'R_tra': 83.05, 'NX_0_CV': '0.46700', 'NX_0_CV_turn': '0.15567', 'NX_0_ctr': '2.21767', 'NX_0_len_tra': 30.0, 'NX_0_R_tra': 66.53, 'NX_10_CV': '0.13600', 'NX_10_CV_turn': '0.13600', 'NX_10_ctr': '2.37900', 'NX_10_len_tra': 10.0, 'NX_10_R_tra': 23.79}]
[I 240126 15:01:50 utils:141] Epoch: [162], Info: [{'num_test': 100, 'CV': '0.00400', 'CV_turn': '0.00133', 'ctr': '2.95333', 'len_tra': 30.0, 'R_tra': 88.6, 'NX_0_CV': '0.49600', 'NX_0_CV_turn': '0.16533', 'NX_0_ctr': '2.11167', 'NX_0_len_tra': 30.0, 'NX_0_R_tra': 63.35, 'NX_10_CV': '0.12400', 'NX_10_CV_turn': '0.12400', 'NX_10_ctr': '2.40700', 'NX_10_len_tra': 10.0, 'NX_10_R_tra': 24.07}]
[I 240126 15:01:55 utils:141] Epoch: [163], Info: [{'num_test': 100, 'CV': '0.00300', 'CV_turn': '0.00100', 'ctr': '3.12933', 'len_tra': 30.0, 'R_tra': 93.88, 'NX_0_CV': '0.49300', 'NX_0_CV_turn': '0.16433', 'NX_0_ctr': '2.19167', 'NX_0_len_tra': 30.0, 'NX_0_R_tra': 65.75, 'NX_10_CV': '0.11800', 'NX_10_CV_turn': '0.11800', 'NX_10_ctr': '2.41100', 'NX_10_len_tra': 10.0, 'NX_10_R_tra': 24.11}]
[I 240126 15:02:01 utils:141] Epoch: [164], Info: [{'num_test': 100, 'CV': '0.00300', 'CV_turn': '0.00100', 'ctr': '2.97433', 'len_tra': 30.0, 'R_tra': 89.23, 'NX_0_CV': '0.48400', 'NX_0_CV_turn': '0.16133', 'NX_0_ctr': '2.26500', 'NX_0_len_tra': 30.0, 'NX_0_R_tra': 67.95, 'NX_10_CV': '0.11300', 'NX_10_CV_turn': '0.11300', 'NX_10_ctr': '2.44000', 'NX_10_len_tra': 10.0, 'NX_10_R_tra': 24.4}]
[I 240126 15:02:06 utils:141] Epoch: [165], Info: [{'num_test': 100, 'CV': '0.00300', 'CV_turn': '0.00100', 'ctr': '2.95033', 'len_tra': 30.0, 'R_tra': 88.51, 'NX_0_CV': '0.48700', 'NX_0_CV_turn': '0.16233', 'NX_0_ctr': '2.17000', 'NX_0_len_tra': 30.0, 'NX_0_R_tra': 65.1, 'NX_10_CV': '0.11200', 'NX_10_CV_turn': '0.11200', 'NX_10_ctr': '2.48500', 'NX_10_len_tra': 10.0, 'NX_10_R_tra': 24.85}]
[I 240126 15:02:11 utils:141] Epoch: [166], Info: [{'num_test': 100, 'CV': '0.00400', 'CV_turn': '0.00133', 'ctr': '3.06500', 'len_tra': 30.0, 'R_tra': 91.95, 'NX_0_CV': '0.44900', 'NX_0_CV_turn': '0.14967', 'NX_0_ctr': '2.23833', 'NX_0_len_tra': 30.0, 'NX_0_R_tra': 67.15, 'NX_10_CV': '0.13200', 'NX_10_CV_turn': '0.13200', 'NX_10_ctr': '2.46600', 'NX_10_len_tra': 10.0, 'NX_10_R_tra': 24.66}]
[I 240126 15:02:17 utils:141] Epoch: [167], Info: [{'num_test': 100, 'CV': '0.00300', 'CV_turn': '0.00100', 'ctr': '3.00167', 'len_tra': 30.0, 'R_tra': 90.05, 'NX_0_CV': '0.46300', 'NX_0_CV_turn': '0.15433', 'NX_0_ctr': '2.30933', 'NX_0_len_tra': 30.0, 'NX_0_R_tra': 69.28, 'NX_10_CV': '0.11000', 'NX_10_CV_turn': '0.11000', 'NX_10_ctr': '2.42500', 'NX_10_len_tra': 10.0, 'NX_10_R_tra': 24.25}]
[I 240126 15:02:22 utils:141] Epoch: [168], Info: [{'num_test': 100, 'CV': '0.00400', 'CV_turn': '0.00133', 'ctr': '2.96733', 'len_tra': 30.0, 'R_tra': 89.02, 'NX_0_CV': '0.46800', 'NX_0_CV_turn': '0.15600', 'NX_0_ctr': '2.20367', 'NX_0_len_tra': 30.0, 'NX_0_R_tra': 66.11, 'NX_10_CV': '0.12800', 'NX_10_CV_turn': '0.12800', 'NX_10_ctr': '2.35200', 'NX_10_len_tra': 10.0, 'NX_10_R_tra': 23.52}]
[I 240126 15:02:27 utils:141] Epoch: [169], Info: [{'num_test': 100, 'CV': '0.00300', 'CV_turn': '0.00100', 'ctr': '2.85533', 'len_tra': 30.0, 'R_tra': 85.66, 'NX_0_CV': '0.46200', 'NX_0_CV_turn': '0.15400', 'NX_0_ctr': '2.24933', 'NX_0_len_tra': 30.0, 'NX_0_R_tra': 67.48, 'NX_10_CV': '0.14100', 'NX_10_CV_turn': '0.14100', 'NX_10_ctr': '2.29400', 'NX_10_len_tra': 10.0, 'NX_10_R_tra': 22.94}]
[I 240126 15:02:32 utils:141] Epoch: [170], Info: [{'num_test': 100, 'CV': '0.00500', 'CV_turn': '0.00167', 'ctr': '2.83900', 'len_tra': 30.0, 'R_tra': 85.17, 'NX_0_CV': '0.50000', 'NX_0_CV_turn': '0.16667', 'NX_0_ctr': '2.21400', 'NX_0_len_tra': 30.0, 'NX_0_R_tra': 66.42, 'NX_10_CV': '0.11400', 'NX_10_CV_turn': '0.11400', 'NX_10_ctr': '2.36700', 'NX_10_len_tra': 10.0, 'NX_10_R_tra': 23.67}]
[I 240126 15:02:38 utils:141] Epoch: [171], Info: [{'num_test': 100, 'CV': '0.00400', 'CV_turn': '0.00133', 'ctr': '3.04133', 'len_tra': 30.0, 'R_tra': 91.24, 'NX_0_CV': '0.46200', 'NX_0_CV_turn': '0.15400', 'NX_0_ctr': '2.20800', 'NX_0_len_tra': 30.0, 'NX_0_R_tra': 66.24, 'NX_10_CV': '0.11600', 'NX_10_CV_turn': '0.11600', 'NX_10_ctr': '2.48000', 'NX_10_len_tra': 10.0, 'NX_10_R_tra': 24.8}]
[I 240126 15:02:43 utils:141] Epoch: [172], Info: [{'num_test': 100, 'CV': '0.00200', 'CV_turn': '0.00067', 'ctr': '3.06700', 'len_tra': 30.0, 'R_tra': 92.01, 'NX_0_CV': '0.46200', 'NX_0_CV_turn': '0.15400', 'NX_0_ctr': '2.22800', 'NX_0_len_tra': 30.0, 'NX_0_R_tra': 66.84, 'NX_10_CV': '0.11700', 'NX_10_CV_turn': '0.11700', 'NX_10_ctr': '2.39100', 'NX_10_len_tra': 10.0, 'NX_10_R_tra': 23.91}]
[I 240126 15:02:49 utils:141] Epoch: [173], Info: [{'num_test': 100, 'CV': '0.00300', 'CV_turn': '0.00100', 'ctr': '3.10933', 'len_tra': 30.0, 'R_tra': 93.28, 'NX_0_CV': '0.48800', 'NX_0_CV_turn': '0.16267', 'NX_0_ctr': '2.13267', 'NX_0_len_tra': 30.0, 'NX_0_R_tra': 63.98, 'NX_10_CV': '0.10200', 'NX_10_CV_turn': '0.10200', 'NX_10_ctr': '2.37900', 'NX_10_len_tra': 10.0, 'NX_10_R_tra': 23.79}]
[I 240126 15:02:54 utils:141] Epoch: [174], Info: [{'num_test': 100, 'CV': '0.00200', 'CV_turn': '0.00067', 'ctr': '3.09400', 'len_tra': 30.0, 'R_tra': 92.82, 'NX_0_CV': '0.49800', 'NX_0_CV_turn': '0.16600', 'NX_0_ctr': '2.13033', 'NX_0_len_tra': 30.0, 'NX_0_R_tra': 63.91, 'NX_10_CV': '0.12400', 'NX_10_CV_turn': '0.12400', 'NX_10_ctr': '2.36200', 'NX_10_len_tra': 10.0, 'NX_10_R_tra': 23.62}]
[I 240126 15:02:59 utils:141] Epoch: [175], Info: [{'num_test': 100, 'CV': '0.00300', 'CV_turn': '0.00100', 'ctr': '2.96800', 'len_tra': 30.0, 'R_tra': 89.04, 'NX_0_CV': '0.47200', 'NX_0_CV_turn': '0.15733', 'NX_0_ctr': '2.26833', 'NX_0_len_tra': 30.0, 'NX_0_R_tra': 68.05, 'NX_10_CV': '0.10800', 'NX_10_CV_turn': '0.10800', 'NX_10_ctr': '2.44200', 'NX_10_len_tra': 10.0, 'NX_10_R_tra': 24.42}]
[I 240126 15:03:04 utils:141] Epoch: [176], Info: [{'num_test': 100, 'CV': '0.00200', 'CV_turn': '0.00067', 'ctr': '3.13733', 'len_tra': 30.0, 'R_tra': 94.12, 'NX_0_CV': '0.45900', 'NX_0_CV_turn': '0.15300', 'NX_0_ctr': '2.18467', 'NX_0_len_tra': 30.0, 'NX_0_R_tra': 65.54, 'NX_10_CV': '0.08700', 'NX_10_CV_turn': '0.08700', 'NX_10_ctr': '2.51400', 'NX_10_len_tra': 10.0, 'NX_10_R_tra': 25.14}]
[I 240126 15:03:10 utils:141] Epoch: [177], Info: [{'num_test': 100, 'CV': '0.00300', 'CV_turn': '0.00100', 'ctr': '2.95833', 'len_tra': 30.0, 'R_tra': 88.75, 'NX_0_CV': '0.44800', 'NX_0_CV_turn': '0.14933', 'NX_0_ctr': '2.26833', 'NX_0_len_tra': 30.0, 'NX_0_R_tra': 68.05, 'NX_10_CV': '0.08800', 'NX_10_CV_turn': '0.08800', 'NX_10_ctr': '2.44700', 'NX_10_len_tra': 10.0, 'NX_10_R_tra': 24.47}]
[I 240126 15:03:15 utils:141] Epoch: [178], Info: [{'num_test': 100, 'CV': '0.00200', 'CV_turn': '0.00067', 'ctr': '3.01733', 'len_tra': 30.0, 'R_tra': 90.52, 'NX_0_CV': '0.48200', 'NX_0_CV_turn': '0.16067', 'NX_0_ctr': '2.23667', 'NX_0_len_tra': 30.0, 'NX_0_R_tra': 67.1, 'NX_10_CV': '0.12100', 'NX_10_CV_turn': '0.12100', 'NX_10_ctr': '2.29200', 'NX_10_len_tra': 10.0, 'NX_10_R_tra': 22.92}]
[I 240126 15:03:20 utils:141] Epoch: [179], Info: [{'num_test': 100, 'CV': '0.00200', 'CV_turn': '0.00067', 'ctr': '2.83100', 'len_tra': 30.0, 'R_tra': 84.93, 'NX_0_CV': '0.45600', 'NX_0_CV_turn': '0.15200', 'NX_0_ctr': '2.22433', 'NX_0_len_tra': 30.0, 'NX_0_R_tra': 66.73, 'NX_10_CV': '0.11300', 'NX_10_CV_turn': '0.11300', 'NX_10_ctr': '2.44900', 'NX_10_len_tra': 10.0, 'NX_10_R_tra': 24.49}]
[I 240126 15:03:25 utils:141] Epoch: [180], Info: [{'num_test': 100, 'CV': '0.00200', 'CV_turn': '0.00067', 'ctr': '3.00833', 'len_tra': 30.0, 'R_tra': 90.25, 'NX_0_CV': '0.42700', 'NX_0_CV_turn': '0.14233', 'NX_0_ctr': '2.36033', 'NX_0_len_tra': 30.0, 'NX_0_R_tra': 70.81, 'NX_10_CV': '0.09800', 'NX_10_CV_turn': '0.09800', 'NX_10_ctr': '2.55900', 'NX_10_len_tra': 10.0, 'NX_10_R_tra': 25.59}]
[I 240126 15:03:31 utils:141] Epoch: [181], Info: [{'num_test': 100, 'CV': '0.00300', 'CV_turn': '0.00100', 'ctr': '3.21033', 'len_tra': 30.0, 'R_tra': 96.31, 'NX_0_CV': '0.45100', 'NX_0_CV_turn': '0.15033', 'NX_0_ctr': '2.24833', 'NX_0_len_tra': 30.0, 'NX_0_R_tra': 67.45, 'NX_10_CV': '0.11100', 'NX_10_CV_turn': '0.11100', 'NX_10_ctr': '2.42000', 'NX_10_len_tra': 10.0, 'NX_10_R_tra': 24.2}]
[I 240126 15:03:36 utils:141] Epoch: [182], Info: [{'num_test': 100, 'CV': '0.00300', 'CV_turn': '0.00100', 'ctr': '2.77233', 'len_tra': 30.0, 'R_tra': 83.17, 'NX_0_CV': '0.43500', 'NX_0_CV_turn': '0.14500', 'NX_0_ctr': '2.29467', 'NX_0_len_tra': 30.0, 'NX_0_R_tra': 68.84, 'NX_10_CV': '0.10300', 'NX_10_CV_turn': '0.10300', 'NX_10_ctr': '2.33900', 'NX_10_len_tra': 10.0, 'NX_10_R_tra': 23.39}]
[I 240126 15:03:42 utils:141] Epoch: [183], Info: [{'num_test': 100, 'CV': '0.00400', 'CV_turn': '0.00133', 'ctr': '3.00767', 'len_tra': 30.0, 'R_tra': 90.23, 'NX_0_CV': '0.44200', 'NX_0_CV_turn': '0.14733', 'NX_0_ctr': '2.24667', 'NX_0_len_tra': 30.0, 'NX_0_R_tra': 67.4, 'NX_10_CV': '0.10400', 'NX_10_CV_turn': '0.10400', 'NX_10_ctr': '2.51300', 'NX_10_len_tra': 10.0, 'NX_10_R_tra': 25.13}]
[I 240126 15:03:47 utils:141] Epoch: [184], Info: [{'num_test': 100, 'CV': '0.00300', 'CV_turn': '0.00100', 'ctr': '3.04767', 'len_tra': 30.0, 'R_tra': 91.43, 'NX_0_CV': '0.43600', 'NX_0_CV_turn': '0.14533', 'NX_0_ctr': '2.38233', 'NX_0_len_tra': 30.0, 'NX_0_R_tra': 71.47, 'NX_10_CV': '0.11000', 'NX_10_CV_turn': '0.11000', 'NX_10_ctr': '2.42900', 'NX_10_len_tra': 10.0, 'NX_10_R_tra': 24.29}]
[I 240126 15:03:52 utils:141] Epoch: [185], Info: [{'num_test': 100, 'CV': '0.00200', 'CV_turn': '0.00067', 'ctr': '3.08567', 'len_tra': 30.0, 'R_tra': 92.57, 'NX_0_CV': '0.48100', 'NX_0_CV_turn': '0.16033', 'NX_0_ctr': '2.21967', 'NX_0_len_tra': 30.0, 'NX_0_R_tra': 66.59, 'NX_10_CV': '0.11400', 'NX_10_CV_turn': '0.11400', 'NX_10_ctr': '2.52400', 'NX_10_len_tra': 10.0, 'NX_10_R_tra': 25.24}]
[I 240126 15:03:57 utils:141] Epoch: [186], Info: [{'num_test': 100, 'CV': '0.00200', 'CV_turn': '0.00067', 'ctr': '3.00167', 'len_tra': 30.0, 'R_tra': 90.05, 'NX_0_CV': '0.44800', 'NX_0_CV_turn': '0.14933', 'NX_0_ctr': '2.19900', 'NX_0_len_tra': 30.0, 'NX_0_R_tra': 65.97, 'NX_10_CV': '0.08700', 'NX_10_CV_turn': '0.08700', 'NX_10_ctr': '2.57700', 'NX_10_len_tra': 10.0, 'NX_10_R_tra': 25.77}]
[I 240126 15:04:03 utils:141] Epoch: [187], Info: [{'num_test': 100, 'CV': '0.00200', 'CV_turn': '0.00067', 'ctr': '3.22800', 'len_tra': 30.0, 'R_tra': 96.84, 'NX_0_CV': '0.45900', 'NX_0_CV_turn': '0.15300', 'NX_0_ctr': '2.25333', 'NX_0_len_tra': 30.0, 'NX_0_R_tra': 67.6, 'NX_10_CV': '0.11200', 'NX_10_CV_turn': '0.11200', 'NX_10_ctr': '2.47500', 'NX_10_len_tra': 10.0, 'NX_10_R_tra': 24.75}]
[I 240126 15:04:08 utils:141] Epoch: [188], Info: [{'num_test': 100, 'CV': '0.00200', 'CV_turn': '0.00067', 'ctr': '3.02967', 'len_tra': 30.0, 'R_tra': 90.89, 'NX_0_CV': '0.50900', 'NX_0_CV_turn': '0.16967', 'NX_0_ctr': '2.14000', 'NX_0_len_tra': 30.0, 'NX_0_R_tra': 64.2, 'NX_10_CV': '0.10700', 'NX_10_CV_turn': '0.10700', 'NX_10_ctr': '2.50200', 'NX_10_len_tra': 10.0, 'NX_10_R_tra': 25.02}]
[I 240126 15:04:13 utils:141] Epoch: [189], Info: [{'num_test': 100, 'CV': '0.00200', 'CV_turn': '0.00067', 'ctr': '2.88633', 'len_tra': 30.0, 'R_tra': 86.59, 'NX_0_CV': '0.45800', 'NX_0_CV_turn': '0.15267', 'NX_0_ctr': '2.19800', 'NX_0_len_tra': 30.0, 'NX_0_R_tra': 65.94, 'NX_10_CV': '0.10300', 'NX_10_CV_turn': '0.10300', 'NX_10_ctr': '2.59100', 'NX_10_len_tra': 10.0, 'NX_10_R_tra': 25.91}]
[I 240126 15:04:18 utils:141] Epoch: [190], Info: [{'num_test': 100, 'CV': '0.00300', 'CV_turn': '0.00100', 'ctr': '3.19367', 'len_tra': 30.0, 'R_tra': 95.81, 'NX_0_CV': '0.47900', 'NX_0_CV_turn': '0.15967', 'NX_0_ctr': '2.20333', 'NX_0_len_tra': 30.0, 'NX_0_R_tra': 66.1, 'NX_10_CV': '0.12600', 'NX_10_CV_turn': '0.12600', 'NX_10_ctr': '2.40500', 'NX_10_len_tra': 10.0, 'NX_10_R_tra': 24.05}]
[I 240126 15:04:24 utils:141] Epoch: [191], Info: [{'num_test': 100, 'CV': '0.00300', 'CV_turn': '0.00100', 'ctr': '2.91133', 'len_tra': 30.0, 'R_tra': 87.34, 'NX_0_CV': '0.46200', 'NX_0_CV_turn': '0.15400', 'NX_0_ctr': '2.29800', 'NX_0_len_tra': 30.0, 'NX_0_R_tra': 68.94, 'NX_10_CV': '0.11900', 'NX_10_CV_turn': '0.11900', 'NX_10_ctr': '2.38100', 'NX_10_len_tra': 10.0, 'NX_10_R_tra': 23.81}]
[I 240126 15:04:29 utils:141] Epoch: [192], Info: [{'num_test': 100, 'CV': '0.00200', 'CV_turn': '0.00067', 'ctr': '2.85900', 'len_tra': 30.0, 'R_tra': 85.77, 'NX_0_CV': '0.45500', 'NX_0_CV_turn': '0.15167', 'NX_0_ctr': '2.25400', 'NX_0_len_tra': 30.0, 'NX_0_R_tra': 67.62, 'NX_10_CV': '0.10700', 'NX_10_CV_turn': '0.10700', 'NX_10_ctr': '2.39400', 'NX_10_len_tra': 10.0, 'NX_10_R_tra': 23.94}]
[I 240126 15:04:34 utils:141] Epoch: [193], Info: [{'num_test': 100, 'CV': '0.00200', 'CV_turn': '0.00067', 'ctr': '2.98500', 'len_tra': 30.0, 'R_tra': 89.55, 'NX_0_CV': '0.44600', 'NX_0_CV_turn': '0.14867', 'NX_0_ctr': '2.27367', 'NX_0_len_tra': 30.0, 'NX_0_R_tra': 68.21, 'NX_10_CV': '0.12700', 'NX_10_CV_turn': '0.12700', 'NX_10_ctr': '2.29800', 'NX_10_len_tra': 10.0, 'NX_10_R_tra': 22.98}]
[I 240126 15:04:40 utils:141] Epoch: [194], Info: [{'num_test': 100, 'CV': '0.00200', 'CV_turn': '0.00067', 'ctr': '2.87367', 'len_tra': 30.0, 'R_tra': 86.21, 'NX_0_CV': '0.45400', 'NX_0_CV_turn': '0.15133', 'NX_0_ctr': '2.27333', 'NX_0_len_tra': 30.0, 'NX_0_R_tra': 68.2, 'NX_10_CV': '0.10900', 'NX_10_CV_turn': '0.10900', 'NX_10_ctr': '2.45000', 'NX_10_len_tra': 10.0, 'NX_10_R_tra': 24.5}]
[I 240126 15:04:45 utils:141] Epoch: [195], Info: [{'num_test': 100, 'CV': '0.00300', 'CV_turn': '0.00100', 'ctr': '3.00800', 'len_tra': 30.0, 'R_tra': 90.24, 'NX_0_CV': '0.46900', 'NX_0_CV_turn': '0.15633', 'NX_0_ctr': '2.13967', 'NX_0_len_tra': 30.0, 'NX_0_R_tra': 64.19, 'NX_10_CV': '0.11400', 'NX_10_CV_turn': '0.11400', 'NX_10_ctr': '2.33500', 'NX_10_len_tra': 10.0, 'NX_10_R_tra': 23.35}]
[I 240126 15:04:50 utils:141] Epoch: [196], Info: [{'num_test': 100, 'CV': '0.00200', 'CV_turn': '0.00067', 'ctr': '2.88033', 'len_tra': 30.0, 'R_tra': 86.41, 'NX_0_CV': '0.47000', 'NX_0_CV_turn': '0.15667', 'NX_0_ctr': '2.21833', 'NX_0_len_tra': 30.0, 'NX_0_R_tra': 66.55, 'NX_10_CV': '0.11600', 'NX_10_CV_turn': '0.11600', 'NX_10_ctr': '2.42600', 'NX_10_len_tra': 10.0, 'NX_10_R_tra': 24.26}]
[I 240126 15:04:55 utils:141] Epoch: [197], Info: [{'num_test': 100, 'CV': '0.00200', 'CV_turn': '0.00067', 'ctr': '2.84033', 'len_tra': 30.0, 'R_tra': 85.21, 'NX_0_CV': '0.47000', 'NX_0_CV_turn': '0.15667', 'NX_0_ctr': '2.26600', 'NX_0_len_tra': 30.0, 'NX_0_R_tra': 67.98, 'NX_10_CV': '0.10800', 'NX_10_CV_turn': '0.10800', 'NX_10_ctr': '2.42900', 'NX_10_len_tra': 10.0, 'NX_10_R_tra': 24.29}]
[I 240126 15:05:00 utils:141] Epoch: [198], Info: [{'num_test': 100, 'CV': '0.00200', 'CV_turn': '0.00067', 'ctr': '2.80533', 'len_tra': 30.0, 'R_tra': 84.16, 'NX_0_CV': '0.48100', 'NX_0_CV_turn': '0.16033', 'NX_0_ctr': '2.21767', 'NX_0_len_tra': 30.0, 'NX_0_R_tra': 66.53, 'NX_10_CV': '0.11900', 'NX_10_CV_turn': '0.11900', 'NX_10_ctr': '2.40900', 'NX_10_len_tra': 10.0, 'NX_10_R_tra': 24.09}]
[I 240126 15:05:06 utils:141] Epoch: [199], Info: [{'num_test': 100, 'CV': '0.00200', 'CV_turn': '0.00067', 'ctr': '2.79833', 'len_tra': 30.0, 'R_tra': 83.95, 'NX_0_CV': '0.45900', 'NX_0_CV_turn': '0.15300', 'NX_0_ctr': '2.24500', 'NX_0_len_tra': 30.0, 'NX_0_R_tra': 67.35, 'NX_10_CV': '0.12000', 'NX_10_CV_turn': '0.12000', 'NX_10_ctr': '2.43700', 'NX_10_len_tra': 10.0, 'NX_10_R_tra': 24.37}]
[I 240126 15:05:11 utils:141] Epoch: [200], Info: [{'num_test': 100, 'CV': '0.00200', 'CV_turn': '0.00067', 'ctr': '2.96300', 'len_tra': 30.0, 'R_tra': 88.89, 'NX_0_CV': '0.49500', 'NX_0_CV_turn': '0.16500', 'NX_0_ctr': '2.15467', 'NX_0_len_tra': 30.0, 'NX_0_R_tra': 64.64, 'NX_10_CV': '0.11900', 'NX_10_CV_turn': '0.11900', 'NX_10_ctr': '2.33400', 'NX_10_len_tra': 10.0, 'NX_10_R_tra': 23.34}]
[I 240126 15:05:11 run_Policy_Main:387] {'duration': '1062.49s', 'train_time/model': '1062.29s', 'test_step': 3000, 'test_episode': 100, 'test_time': '0.09s', 'test_speed': '34469.01 step/s', 'best_reward': 99.36, 'best_result': '99.36  40.21', 'train_step': 3000, 'train_episode': 100, 'train_time/collector': '0.12s', 'train_speed': '2.82 step/s'}
