[I 240518 15:38:17 policy_utils:47] {
      "env": "YahooEnv-v0",
      "user_model_name": "DeepFM",
      "model_name": "A2C_with_emb",
      "seed": 0,
      "cuda": 1,
      "draw_bar": false,
      "is_userinfo": true,
      "is_all_item_ranking": false,
      "cpu": false,
      "is_save": false,
      "use_userEmbedding": false,
      "exploration_noise": false,
      "eps": 0.1,
      "freeze_emb": false,
      "reward_handle": "cat",
      "which_tracker": "avg",
      "embedding_dim": 32,
      "window_size": 3,
      "filter_sizes": [
        2,
        3,
        4
      ],
      "num_filters": 16,
      "dropout_rate": 0.1,
      "num_heads": 1,
      "version": "v1",
      "tau": 0,
      "gamma_exposure": 10,
      "lambda_variance": 0.005,
      "lambda_entropy": 1.0,
      "use_exposure_intervention": false,
      "buffer_size": 100000,
      "lr": 0.001,
      "epoch": 200,
      "batch_size": 1024,
      "hidden_sizes": [
        64,
        64
      ],
      "episode_per_collect": 100,
      "training_num": 100,
      "test_num": 100,
      "render": 0,
      "reward_threshold": null,
      "gamma": 0.9,
      "step_per_epoch": 100000,
      "repeat_per_collect": 1,
      "logdir": "log",
      "vf_coef": 0.5,
      "ent_coef": 0.0,
      "max_grad_norm": null,
      "gae_lambda": 1.0,
      "rew_norm": false,
      "read_message": "pointneg",
      "message": "DORL",
      "remark_pre": "",
      "remark": "GT_rew",
      "scratch": false,
      "use_hidden": true,
      "num_att_heads": 1,
      "num_att_layers": 2,
      "att_dropout": 0.1,
      "use_ckpt": false,
      "change_pred_reward": false,
      "change_var": false,
      "kr": 1,
      "ku": 1,
      "uncertain_type": "I-var",
      "r_and_u": "minus",
      "use_wandb": false,
      "all_item_ranking": false,
      "is_binarize": true,
      "need_transform": false,
      "entropy_window": [],
      "rating_threshold": 4,
      "yfeat": "rating",
      "leave_threshold": 0.0,
      "num_leave_compute": 1,
      "max_turn": 30,
      "force_length": 10,
      "top_rate": 0.8,
      "hostname": "wukong-ThinkStation-P620"
    }
[I 240518 15:38:34 utils:142] Epoch: [1], Info: [{'num_test': 100, 'CV': '0.89300', 'CV_turn': '0.29767', 'ctr': '1.88467', 'len_tra': 30.0, 'R_tra': 56.54, 'NX_0_CV': '0.90000', 'NX_0_CV_turn': '0.30000', 'NX_0_ctr': '1.95033', 'NX_0_len_tra': 30.0, 'NX_0_R_tra': 58.51, 'NX_10_CV': '0.58300', 'NX_10_CV_turn': '0.58300', 'NX_10_ctr': '1.93200', 'NX_10_len_tra': 10.0, 'NX_10_R_tra': 19.32}]
[I 240518 15:38:39 utils:142] Epoch: [2], Info: [{'num_test': 100, 'CV': '0.32000', 'CV_turn': '0.10667', 'ctr': '2.07367', 'len_tra': 30.0, 'R_tra': 62.21, 'NX_0_CV': '0.58500', 'NX_0_CV_turn': '0.19500', 'NX_0_ctr': '2.08567', 'NX_0_len_tra': 30.0, 'NX_0_R_tra': 62.57, 'NX_10_CV': '0.32800', 'NX_10_CV_turn': '0.32800', 'NX_10_ctr': '2.13700', 'NX_10_len_tra': 10.0, 'NX_10_R_tra': 21.37}]
[I 240518 15:38:43 utils:142] Epoch: [3], Info: [{'num_test': 100, 'CV': '0.02900', 'CV_turn': '0.00967', 'ctr': '2.86733', 'len_tra': 30.0, 'R_tra': 86.02, 'NX_0_CV': '0.48300', 'NX_0_CV_turn': '0.16100', 'NX_0_ctr': '2.06633', 'NX_0_len_tra': 30.0, 'NX_0_R_tra': 61.99, 'NX_10_CV': '0.22400', 'NX_10_CV_turn': '0.22400', 'NX_10_ctr': '2.27300', 'NX_10_len_tra': 10.0, 'NX_10_R_tra': 22.73}]
[I 240518 15:38:48 utils:142] Epoch: [4], Info: [{'num_test': 100, 'CV': '0.01100', 'CV_turn': '0.00367', 'ctr': '3.22633', 'len_tra': 30.0, 'R_tra': 96.79, 'NX_0_CV': '0.40400', 'NX_0_CV_turn': '0.13467', 'NX_0_ctr': '2.28333', 'NX_0_len_tra': 30.0, 'NX_0_R_tra': 68.5, 'NX_10_CV': '0.19600', 'NX_10_CV_turn': '0.19600', 'NX_10_ctr': '2.29500', 'NX_10_len_tra': 10.0, 'NX_10_R_tra': 22.95}]
[I 240518 15:38:53 utils:142] Epoch: [5], Info: [{'num_test': 100, 'CV': '0.07000', 'CV_turn': '0.02333', 'ctr': '3.13767', 'len_tra': 30.0, 'R_tra': 94.13, 'NX_0_CV': '0.42300', 'NX_0_CV_turn': '0.14100', 'NX_0_ctr': '2.11700', 'NX_0_len_tra': 30.0, 'NX_0_R_tra': 63.51, 'NX_10_CV': '0.21400', 'NX_10_CV_turn': '0.21400', 'NX_10_ctr': '2.23400', 'NX_10_len_tra': 10.0, 'NX_10_R_tra': 22.34}]
[I 240518 15:38:58 utils:142] Epoch: [6], Info: [{'num_test': 100, 'CV': '0.12600', 'CV_turn': '0.04200', 'ctr': '3.09833', 'len_tra': 30.0, 'R_tra': 92.95, 'NX_0_CV': '0.50100', 'NX_0_CV_turn': '0.16700', 'NX_0_ctr': '2.14333', 'NX_0_len_tra': 30.0, 'NX_0_R_tra': 64.3, 'NX_10_CV': '0.24200', 'NX_10_CV_turn': '0.24200', 'NX_10_ctr': '2.16000', 'NX_10_len_tra': 10.0, 'NX_10_R_tra': 21.6}]
[I 240518 15:39:04 utils:142] Epoch: [7], Info: [{'num_test': 100, 'CV': '0.20000', 'CV_turn': '0.06667', 'ctr': '2.91000', 'len_tra': 30.0, 'R_tra': 87.3, 'NX_0_CV': '0.58800', 'NX_0_CV_turn': '0.19600', 'NX_0_ctr': '2.02900', 'NX_0_len_tra': 30.0, 'NX_0_R_tra': 60.87, 'NX_10_CV': '0.26800', 'NX_10_CV_turn': '0.26800', 'NX_10_ctr': '2.27100', 'NX_10_len_tra': 10.0, 'NX_10_R_tra': 22.71}]
[I 240518 15:39:09 utils:142] Epoch: [8], Info: [{'num_test': 100, 'CV': '0.21100', 'CV_turn': '0.07033', 'ctr': '3.04100', 'len_tra': 30.0, 'R_tra': 91.23, 'NX_0_CV': '0.63400', 'NX_0_CV_turn': '0.21133', 'NX_0_ctr': '2.12133', 'NX_0_len_tra': 30.0, 'NX_0_R_tra': 63.64, 'NX_10_CV': '0.30800', 'NX_10_CV_turn': '0.30800', 'NX_10_ctr': '2.27400', 'NX_10_len_tra': 10.0, 'NX_10_R_tra': 22.74}]
[I 240518 15:39:14 utils:142] Epoch: [9], Info: [{'num_test': 100, 'CV': '0.20500', 'CV_turn': '0.06833', 'ctr': '3.16467', 'len_tra': 30.0, 'R_tra': 94.94, 'NX_0_CV': '0.67400', 'NX_0_CV_turn': '0.22467', 'NX_0_ctr': '2.08633', 'NX_0_len_tra': 30.0, 'NX_0_R_tra': 62.59, 'NX_10_CV': '0.36100', 'NX_10_CV_turn': '0.36100', 'NX_10_ctr': '2.14000', 'NX_10_len_tra': 10.0, 'NX_10_R_tra': 21.4}]
[I 240518 15:39:19 utils:142] Epoch: [10], Info: [{'num_test': 100, 'CV': '0.24200', 'CV_turn': '0.08067', 'ctr': '2.91500', 'len_tra': 30.0, 'R_tra': 87.45, 'NX_0_CV': '0.68500', 'NX_0_CV_turn': '0.22833', 'NX_0_ctr': '2.09000', 'NX_0_len_tra': 30.0, 'NX_0_R_tra': 62.7, 'NX_10_CV': '0.36800', 'NX_10_CV_turn': '0.36800', 'NX_10_ctr': '2.23600', 'NX_10_len_tra': 10.0, 'NX_10_R_tra': 22.36}]
[I 240518 15:39:25 utils:142] Epoch: [11], Info: [{'num_test': 100, 'CV': '0.23300', 'CV_turn': '0.07767', 'ctr': '3.08500', 'len_tra': 30.0, 'R_tra': 92.55, 'NX_0_CV': '0.71400', 'NX_0_CV_turn': '0.23800', 'NX_0_ctr': '2.07167', 'NX_0_len_tra': 30.0, 'NX_0_R_tra': 62.15, 'NX_10_CV': '0.35800', 'NX_10_CV_turn': '0.35800', 'NX_10_ctr': '2.28700', 'NX_10_len_tra': 10.0, 'NX_10_R_tra': 22.87}]
[I 240518 15:39:30 utils:142] Epoch: [12], Info: [{'num_test': 100, 'CV': '0.20000', 'CV_turn': '0.06667', 'ctr': '3.26967', 'len_tra': 30.0, 'R_tra': 98.09, 'NX_0_CV': '0.73100', 'NX_0_CV_turn': '0.24367', 'NX_0_ctr': '2.05967', 'NX_0_len_tra': 30.0, 'NX_0_R_tra': 61.79, 'NX_10_CV': '0.38900', 'NX_10_CV_turn': '0.38900', 'NX_10_ctr': '2.25700', 'NX_10_len_tra': 10.0, 'NX_10_R_tra': 22.57}]
[I 240518 15:39:35 utils:142] Epoch: [13], Info: [{'num_test': 100, 'CV': '0.21000', 'CV_turn': '0.07000', 'ctr': '3.17133', 'len_tra': 30.0, 'R_tra': 95.14, 'NX_0_CV': '0.74600', 'NX_0_CV_turn': '0.24867', 'NX_0_ctr': '2.07167', 'NX_0_len_tra': 30.0, 'NX_0_R_tra': 62.15, 'NX_10_CV': '0.38600', 'NX_10_CV_turn': '0.38600', 'NX_10_ctr': '2.12000', 'NX_10_len_tra': 10.0, 'NX_10_R_tra': 21.2}]
[I 240518 15:39:41 utils:142] Epoch: [14], Info: [{'num_test': 100, 'CV': '0.19300', 'CV_turn': '0.06433', 'ctr': '2.95933', 'len_tra': 30.0, 'R_tra': 88.78, 'NX_0_CV': '0.69800', 'NX_0_CV_turn': '0.23267', 'NX_0_ctr': '2.23400', 'NX_0_len_tra': 30.0, 'NX_0_R_tra': 67.02, 'NX_10_CV': '0.36400', 'NX_10_CV_turn': '0.36400', 'NX_10_ctr': '2.30700', 'NX_10_len_tra': 10.0, 'NX_10_R_tra': 23.07}]
[I 240518 15:39:46 utils:142] Epoch: [15], Info: [{'num_test': 100, 'CV': '0.16400', 'CV_turn': '0.05467', 'ctr': '3.11167', 'len_tra': 30.0, 'R_tra': 93.35, 'NX_0_CV': '0.73300', 'NX_0_CV_turn': '0.24433', 'NX_0_ctr': '2.10333', 'NX_0_len_tra': 30.0, 'NX_0_R_tra': 63.1, 'NX_10_CV': '0.39000', 'NX_10_CV_turn': '0.39000', 'NX_10_ctr': '2.15900', 'NX_10_len_tra': 10.0, 'NX_10_R_tra': 21.59}]
[I 240518 15:39:52 utils:142] Epoch: [16], Info: [{'num_test': 100, 'CV': '0.23700', 'CV_turn': '0.07900', 'ctr': '2.98567', 'len_tra': 30.0, 'R_tra': 89.57, 'NX_0_CV': '0.71900', 'NX_0_CV_turn': '0.23967', 'NX_0_ctr': '2.18033', 'NX_0_len_tra': 30.0, 'NX_0_R_tra': 65.41, 'NX_10_CV': '0.37600', 'NX_10_CV_turn': '0.37600', 'NX_10_ctr': '2.25500', 'NX_10_len_tra': 10.0, 'NX_10_R_tra': 22.55}]
[I 240518 15:39:58 utils:142] Epoch: [17], Info: [{'num_test': 100, 'CV': '0.19500', 'CV_turn': '0.06500', 'ctr': '3.13233', 'len_tra': 30.0, 'R_tra': 93.97, 'NX_0_CV': '0.70600', 'NX_0_CV_turn': '0.23533', 'NX_0_ctr': '2.17367', 'NX_0_len_tra': 30.0, 'NX_0_R_tra': 65.21, 'NX_10_CV': '0.32700', 'NX_10_CV_turn': '0.32700', 'NX_10_ctr': '2.36500', 'NX_10_len_tra': 10.0, 'NX_10_R_tra': 23.65}]
[I 240518 15:40:03 utils:142] Epoch: [18], Info: [{'num_test': 100, 'CV': '0.14800', 'CV_turn': '0.04933', 'ctr': '3.19000', 'len_tra': 30.0, 'R_tra': 95.7, 'NX_0_CV': '0.71000', 'NX_0_CV_turn': '0.23667', 'NX_0_ctr': '2.13467', 'NX_0_len_tra': 30.0, 'NX_0_R_tra': 64.04, 'NX_10_CV': '0.31500', 'NX_10_CV_turn': '0.31500', 'NX_10_ctr': '2.51400', 'NX_10_len_tra': 10.0, 'NX_10_R_tra': 25.14}]
[I 240518 15:40:09 utils:142] Epoch: [19], Info: [{'num_test': 100, 'CV': '0.16600', 'CV_turn': '0.05533', 'ctr': '2.91300', 'len_tra': 30.0, 'R_tra': 87.39, 'NX_0_CV': '0.70300', 'NX_0_CV_turn': '0.23433', 'NX_0_ctr': '2.05600', 'NX_0_len_tra': 30.0, 'NX_0_R_tra': 61.68, 'NX_10_CV': '0.32200', 'NX_10_CV_turn': '0.32200', 'NX_10_ctr': '2.31300', 'NX_10_len_tra': 10.0, 'NX_10_R_tra': 23.13}]
[I 240518 15:40:15 utils:142] Epoch: [20], Info: [{'num_test': 100, 'CV': '0.13300', 'CV_turn': '0.04433', 'ctr': '3.07167', 'len_tra': 30.0, 'R_tra': 92.15, 'NX_0_CV': '0.71100', 'NX_0_CV_turn': '0.23700', 'NX_0_ctr': '2.12733', 'NX_0_len_tra': 30.0, 'NX_0_R_tra': 63.82, 'NX_10_CV': '0.28800', 'NX_10_CV_turn': '0.28800', 'NX_10_ctr': '2.38500', 'NX_10_len_tra': 10.0, 'NX_10_R_tra': 23.85}]
[I 240518 15:40:21 utils:142] Epoch: [21], Info: [{'num_test': 100, 'CV': '0.10000', 'CV_turn': '0.03333', 'ctr': '3.27133', 'len_tra': 30.0, 'R_tra': 98.14, 'NX_0_CV': '0.71700', 'NX_0_CV_turn': '0.23900', 'NX_0_ctr': '2.06867', 'NX_0_len_tra': 30.0, 'NX_0_R_tra': 62.06, 'NX_10_CV': '0.29100', 'NX_10_CV_turn': '0.29100', 'NX_10_ctr': '2.44600', 'NX_10_len_tra': 10.0, 'NX_10_R_tra': 24.46}]
[I 240518 15:40:27 utils:142] Epoch: [22], Info: [{'num_test': 100, 'CV': '0.04900', 'CV_turn': '0.01633', 'ctr': '3.32667', 'len_tra': 30.0, 'R_tra': 99.8, 'NX_0_CV': '0.67900', 'NX_0_CV_turn': '0.22633', 'NX_0_ctr': '2.21833', 'NX_0_len_tra': 30.0, 'NX_0_R_tra': 66.55, 'NX_10_CV': '0.28900', 'NX_10_CV_turn': '0.28900', 'NX_10_ctr': '2.45400', 'NX_10_len_tra': 10.0, 'NX_10_R_tra': 24.54}]
[I 240518 15:40:33 utils:142] Epoch: [23], Info: [{'num_test': 100, 'CV': '0.15300', 'CV_turn': '0.05100', 'ctr': '3.07733', 'len_tra': 30.0, 'R_tra': 92.32, 'NX_0_CV': '0.70600', 'NX_0_CV_turn': '0.23533', 'NX_0_ctr': '2.05967', 'NX_0_len_tra': 30.0, 'NX_0_R_tra': 61.79, 'NX_10_CV': '0.29300', 'NX_10_CV_turn': '0.29300', 'NX_10_ctr': '2.43800', 'NX_10_len_tra': 10.0, 'NX_10_R_tra': 24.38}]
[I 240518 15:40:39 utils:142] Epoch: [24], Info: [{'num_test': 100, 'CV': '0.11800', 'CV_turn': '0.03933', 'ctr': '3.06100', 'len_tra': 30.0, 'R_tra': 91.83, 'NX_0_CV': '0.64800', 'NX_0_CV_turn': '0.21600', 'NX_0_ctr': '2.27900', 'NX_0_len_tra': 30.0, 'NX_0_R_tra': 68.37, 'NX_10_CV': '0.28200', 'NX_10_CV_turn': '0.28200', 'NX_10_ctr': '2.45300', 'NX_10_len_tra': 10.0, 'NX_10_R_tra': 24.53}]
[I 240518 15:40:45 utils:142] Epoch: [25], Info: [{'num_test': 100, 'CV': '0.11200', 'CV_turn': '0.03733', 'ctr': '3.03067', 'len_tra': 30.0, 'R_tra': 90.92, 'NX_0_CV': '0.66800', 'NX_0_CV_turn': '0.22267', 'NX_0_ctr': '2.12867', 'NX_0_len_tra': 30.0, 'NX_0_R_tra': 63.86, 'NX_10_CV': '0.25100', 'NX_10_CV_turn': '0.25100', 'NX_10_ctr': '2.46700', 'NX_10_len_tra': 10.0, 'NX_10_R_tra': 24.67}]
[I 240518 15:40:51 utils:142] Epoch: [26], Info: [{'num_test': 100, 'CV': '0.09400', 'CV_turn': '0.03133', 'ctr': '3.01900', 'len_tra': 30.0, 'R_tra': 90.57, 'NX_0_CV': '0.65600', 'NX_0_CV_turn': '0.21867', 'NX_0_ctr': '2.13767', 'NX_0_len_tra': 30.0, 'NX_0_R_tra': 64.13, 'NX_10_CV': '0.20700', 'NX_10_CV_turn': '0.20700', 'NX_10_ctr': '2.53600', 'NX_10_len_tra': 10.0, 'NX_10_R_tra': 25.36}]
[I 240518 15:40:57 utils:142] Epoch: [27], Info: [{'num_test': 100, 'CV': '0.08700', 'CV_turn': '0.02900', 'ctr': '3.22100', 'len_tra': 30.0, 'R_tra': 96.63, 'NX_0_CV': '0.62700', 'NX_0_CV_turn': '0.20900', 'NX_0_ctr': '2.23633', 'NX_0_len_tra': 30.0, 'NX_0_R_tra': 67.09, 'NX_10_CV': '0.20600', 'NX_10_CV_turn': '0.20600', 'NX_10_ctr': '2.58400', 'NX_10_len_tra': 10.0, 'NX_10_R_tra': 25.84}]
[I 240518 15:41:03 utils:142] Epoch: [28], Info: [{'num_test': 100, 'CV': '0.05200', 'CV_turn': '0.01733', 'ctr': '3.24967', 'len_tra': 30.0, 'R_tra': 97.49, 'NX_0_CV': '0.64500', 'NX_0_CV_turn': '0.21500', 'NX_0_ctr': '2.11433', 'NX_0_len_tra': 30.0, 'NX_0_R_tra': 63.43, 'NX_10_CV': '0.22000', 'NX_10_CV_turn': '0.22000', 'NX_10_ctr': '2.45200', 'NX_10_len_tra': 10.0, 'NX_10_R_tra': 24.52}]
[I 240518 15:41:09 utils:142] Epoch: [29], Info: [{'num_test': 100, 'CV': '0.04500', 'CV_turn': '0.01500', 'ctr': '3.16367', 'len_tra': 30.0, 'R_tra': 94.91, 'NX_0_CV': '0.65000', 'NX_0_CV_turn': '0.21667', 'NX_0_ctr': '2.27133', 'NX_0_len_tra': 30.0, 'NX_0_R_tra': 68.14, 'NX_10_CV': '0.20600', 'NX_10_CV_turn': '0.20600', 'NX_10_ctr': '2.44000', 'NX_10_len_tra': 10.0, 'NX_10_R_tra': 24.4}]
[I 240518 15:41:15 utils:142] Epoch: [30], Info: [{'num_test': 100, 'CV': '0.05300', 'CV_turn': '0.01767', 'ctr': '3.08667', 'len_tra': 30.0, 'R_tra': 92.6, 'NX_0_CV': '0.61000', 'NX_0_CV_turn': '0.20333', 'NX_0_ctr': '2.32133', 'NX_0_len_tra': 30.0, 'NX_0_R_tra': 69.64, 'NX_10_CV': '0.21600', 'NX_10_CV_turn': '0.21600', 'NX_10_ctr': '2.50800', 'NX_10_len_tra': 10.0, 'NX_10_R_tra': 25.08}]
[I 240518 15:41:22 utils:142] Epoch: [31], Info: [{'num_test': 100, 'CV': '0.05300', 'CV_turn': '0.01767', 'ctr': '3.28000', 'len_tra': 30.0, 'R_tra': 98.4, 'NX_0_CV': '0.65300', 'NX_0_CV_turn': '0.21767', 'NX_0_ctr': '2.19833', 'NX_0_len_tra': 30.0, 'NX_0_R_tra': 65.95, 'NX_10_CV': '0.20300', 'NX_10_CV_turn': '0.20300', 'NX_10_ctr': '2.52900', 'NX_10_len_tra': 10.0, 'NX_10_R_tra': 25.29}]
[I 240518 15:41:28 utils:142] Epoch: [32], Info: [{'num_test': 100, 'CV': '0.04400', 'CV_turn': '0.01467', 'ctr': '3.18167', 'len_tra': 30.0, 'R_tra': 95.45, 'NX_0_CV': '0.59100', 'NX_0_CV_turn': '0.19700', 'NX_0_ctr': '2.24033', 'NX_0_len_tra': 30.0, 'NX_0_R_tra': 67.21, 'NX_10_CV': '0.17100', 'NX_10_CV_turn': '0.17100', 'NX_10_ctr': '2.66900', 'NX_10_len_tra': 10.0, 'NX_10_R_tra': 26.69}]
[I 240518 15:41:35 utils:142] Epoch: [33], Info: [{'num_test': 100, 'CV': '0.02500', 'CV_turn': '0.00833', 'ctr': '3.12733', 'len_tra': 30.0, 'R_tra': 93.82, 'NX_0_CV': '0.59000', 'NX_0_CV_turn': '0.19667', 'NX_0_ctr': '2.23000', 'NX_0_len_tra': 30.0, 'NX_0_R_tra': 66.9, 'NX_10_CV': '0.15600', 'NX_10_CV_turn': '0.15600', 'NX_10_ctr': '2.53300', 'NX_10_len_tra': 10.0, 'NX_10_R_tra': 25.33}]
[I 240518 15:41:41 utils:142] Epoch: [34], Info: [{'num_test': 100, 'CV': '0.05800', 'CV_turn': '0.01933', 'ctr': '3.06100', 'len_tra': 30.0, 'R_tra': 91.83, 'NX_0_CV': '0.63500', 'NX_0_CV_turn': '0.21167', 'NX_0_ctr': '2.18100', 'NX_0_len_tra': 30.0, 'NX_0_R_tra': 65.43, 'NX_10_CV': '0.19000', 'NX_10_CV_turn': '0.19000', 'NX_10_ctr': '2.50500', 'NX_10_len_tra': 10.0, 'NX_10_R_tra': 25.05}]
[I 240518 15:41:48 utils:142] Epoch: [35], Info: [{'num_test': 100, 'CV': '0.04600', 'CV_turn': '0.01533', 'ctr': '3.04033', 'len_tra': 30.0, 'R_tra': 91.21, 'NX_0_CV': '0.60500', 'NX_0_CV_turn': '0.20167', 'NX_0_ctr': '2.26533', 'NX_0_len_tra': 30.0, 'NX_0_R_tra': 67.96, 'NX_10_CV': '0.16500', 'NX_10_CV_turn': '0.16500', 'NX_10_ctr': '2.60000', 'NX_10_len_tra': 10.0, 'NX_10_R_tra': 26.0}]
[I 240518 15:41:54 utils:142] Epoch: [36], Info: [{'num_test': 100, 'CV': '0.02400', 'CV_turn': '0.00800', 'ctr': '3.20200', 'len_tra': 30.0, 'R_tra': 96.06, 'NX_0_CV': '0.60000', 'NX_0_CV_turn': '0.20000', 'NX_0_ctr': '2.19233', 'NX_0_len_tra': 30.0, 'NX_0_R_tra': 65.77, 'NX_10_CV': '0.13700', 'NX_10_CV_turn': '0.13700', 'NX_10_ctr': '2.65800', 'NX_10_len_tra': 10.0, 'NX_10_R_tra': 26.58}]
[I 240518 15:42:01 utils:142] Epoch: [37], Info: [{'num_test': 100, 'CV': '0.03700', 'CV_turn': '0.01233', 'ctr': '3.12067', 'len_tra': 30.0, 'R_tra': 93.62, 'NX_0_CV': '0.60000', 'NX_0_CV_turn': '0.20000', 'NX_0_ctr': '2.24867', 'NX_0_len_tra': 30.0, 'NX_0_R_tra': 67.46, 'NX_10_CV': '0.15000', 'NX_10_CV_turn': '0.15000', 'NX_10_ctr': '2.65300', 'NX_10_len_tra': 10.0, 'NX_10_R_tra': 26.53}]
[I 240518 15:42:07 utils:142] Epoch: [38], Info: [{'num_test': 100, 'CV': '0.04700', 'CV_turn': '0.01567', 'ctr': '3.11533', 'len_tra': 30.0, 'R_tra': 93.46, 'NX_0_CV': '0.61100', 'NX_0_CV_turn': '0.20367', 'NX_0_ctr': '2.28200', 'NX_0_len_tra': 30.0, 'NX_0_R_tra': 68.46, 'NX_10_CV': '0.16300', 'NX_10_CV_turn': '0.16300', 'NX_10_ctr': '2.60600', 'NX_10_len_tra': 10.0, 'NX_10_R_tra': 26.06}]
[I 240518 15:42:14 utils:142] Epoch: [39], Info: [{'num_test': 100, 'CV': '0.02700', 'CV_turn': '0.00900', 'ctr': '3.16733', 'len_tra': 30.0, 'R_tra': 95.02, 'NX_0_CV': '0.59600', 'NX_0_CV_turn': '0.19867', 'NX_0_ctr': '2.23867', 'NX_0_len_tra': 30.0, 'NX_0_R_tra': 67.16, 'NX_10_CV': '0.14200', 'NX_10_CV_turn': '0.14200', 'NX_10_ctr': '2.49300', 'NX_10_len_tra': 10.0, 'NX_10_R_tra': 24.93}]
[I 240518 15:42:21 utils:142] Epoch: [40], Info: [{'num_test': 100, 'CV': '0.03700', 'CV_turn': '0.01233', 'ctr': '3.16733', 'len_tra': 30.0, 'R_tra': 95.02, 'NX_0_CV': '0.62800', 'NX_0_CV_turn': '0.20933', 'NX_0_ctr': '2.12633', 'NX_0_len_tra': 30.0, 'NX_0_R_tra': 63.79, 'NX_10_CV': '0.15500', 'NX_10_CV_turn': '0.15500', 'NX_10_ctr': '2.59500', 'NX_10_len_tra': 10.0, 'NX_10_R_tra': 25.95}]
[I 240518 15:42:28 utils:142] Epoch: [41], Info: [{'num_test': 100, 'CV': '0.04700', 'CV_turn': '0.01567', 'ctr': '2.90600', 'len_tra': 30.0, 'R_tra': 87.18, 'NX_0_CV': '0.58400', 'NX_0_CV_turn': '0.19467', 'NX_0_ctr': '2.18600', 'NX_0_len_tra': 30.0, 'NX_0_R_tra': 65.58, 'NX_10_CV': '0.15600', 'NX_10_CV_turn': '0.15600', 'NX_10_ctr': '2.73800', 'NX_10_len_tra': 10.0, 'NX_10_R_tra': 27.38}]
[I 240518 15:42:35 utils:142] Epoch: [42], Info: [{'num_test': 100, 'CV': '0.10800', 'CV_turn': '0.03600', 'ctr': '3.11100', 'len_tra': 30.0, 'R_tra': 93.33, 'NX_0_CV': '0.65000', 'NX_0_CV_turn': '0.21667', 'NX_0_ctr': '2.10000', 'NX_0_len_tra': 30.0, 'NX_0_R_tra': 63.0, 'NX_10_CV': '0.18900', 'NX_10_CV_turn': '0.18900', 'NX_10_ctr': '2.55100', 'NX_10_len_tra': 10.0, 'NX_10_R_tra': 25.51}]
[I 240518 15:42:41 utils:142] Epoch: [43], Info: [{'num_test': 100, 'CV': '0.08300', 'CV_turn': '0.02767', 'ctr': '3.02100', 'len_tra': 30.0, 'R_tra': 90.63, 'NX_0_CV': '0.64800', 'NX_0_CV_turn': '0.21600', 'NX_0_ctr': '2.21067', 'NX_0_len_tra': 30.0, 'NX_0_R_tra': 66.32, 'NX_10_CV': '0.16600', 'NX_10_CV_turn': '0.16600', 'NX_10_ctr': '2.56700', 'NX_10_len_tra': 10.0, 'NX_10_R_tra': 25.67}]
[I 240518 15:42:48 utils:142] Epoch: [44], Info: [{'num_test': 100, 'CV': '0.06200', 'CV_turn': '0.02067', 'ctr': '3.05833', 'len_tra': 30.0, 'R_tra': 91.75, 'NX_0_CV': '0.59600', 'NX_0_CV_turn': '0.19867', 'NX_0_ctr': '2.26800', 'NX_0_len_tra': 30.0, 'NX_0_R_tra': 68.04, 'NX_10_CV': '0.11600', 'NX_10_CV_turn': '0.11600', 'NX_10_ctr': '2.74000', 'NX_10_len_tra': 10.0, 'NX_10_R_tra': 27.4}]
[I 240518 15:42:55 utils:142] Epoch: [45], Info: [{'num_test': 100, 'CV': '0.05800', 'CV_turn': '0.01933', 'ctr': '3.25167', 'len_tra': 30.0, 'R_tra': 97.55, 'NX_0_CV': '0.59200', 'NX_0_CV_turn': '0.19733', 'NX_0_ctr': '2.25667', 'NX_0_len_tra': 30.0, 'NX_0_R_tra': 67.7, 'NX_10_CV': '0.14800', 'NX_10_CV_turn': '0.14800', 'NX_10_ctr': '2.63600', 'NX_10_len_tra': 10.0, 'NX_10_R_tra': 26.36}]
[I 240518 15:43:02 utils:142] Epoch: [46], Info: [{'num_test': 100, 'CV': '0.06700', 'CV_turn': '0.02233', 'ctr': '2.98167', 'len_tra': 30.0, 'R_tra': 89.45, 'NX_0_CV': '0.56700', 'NX_0_CV_turn': '0.18900', 'NX_0_ctr': '2.28067', 'NX_0_len_tra': 30.0, 'NX_0_R_tra': 68.42, 'NX_10_CV': '0.14200', 'NX_10_CV_turn': '0.14200', 'NX_10_ctr': '2.73000', 'NX_10_len_tra': 10.0, 'NX_10_R_tra': 27.3}]
[I 240518 15:43:10 utils:142] Epoch: [47], Info: [{'num_test': 100, 'CV': '0.02800', 'CV_turn': '0.00933', 'ctr': '3.17900', 'len_tra': 30.0, 'R_tra': 95.37, 'NX_0_CV': '0.60700', 'NX_0_CV_turn': '0.20233', 'NX_0_ctr': '2.21400', 'NX_0_len_tra': 30.0, 'NX_0_R_tra': 66.42, 'NX_10_CV': '0.16000', 'NX_10_CV_turn': '0.16000', 'NX_10_ctr': '2.62700', 'NX_10_len_tra': 10.0, 'NX_10_R_tra': 26.27}]
[I 240518 15:43:17 utils:142] Epoch: [48], Info: [{'num_test': 100, 'CV': '0.06000', 'CV_turn': '0.02000', 'ctr': '3.04967', 'len_tra': 30.0, 'R_tra': 91.49, 'NX_0_CV': '0.62500', 'NX_0_CV_turn': '0.20833', 'NX_0_ctr': '2.19033', 'NX_0_len_tra': 30.0, 'NX_0_R_tra': 65.71, 'NX_10_CV': '0.15500', 'NX_10_CV_turn': '0.15500', 'NX_10_ctr': '2.76700', 'NX_10_len_tra': 10.0, 'NX_10_R_tra': 27.67}]
[I 240518 15:43:24 utils:142] Epoch: [49], Info: [{'num_test': 100, 'CV': '0.07300', 'CV_turn': '0.02433', 'ctr': '3.14233', 'len_tra': 30.0, 'R_tra': 94.27, 'NX_0_CV': '0.61600', 'NX_0_CV_turn': '0.20533', 'NX_0_ctr': '2.23600', 'NX_0_len_tra': 30.0, 'NX_0_R_tra': 67.08, 'NX_10_CV': '0.16300', 'NX_10_CV_turn': '0.16300', 'NX_10_ctr': '2.57600', 'NX_10_len_tra': 10.0, 'NX_10_R_tra': 25.76}]
[I 240518 15:43:31 utils:142] Epoch: [50], Info: [{'num_test': 100, 'CV': '0.03100', 'CV_turn': '0.01033', 'ctr': '3.25800', 'len_tra': 30.0, 'R_tra': 97.74, 'NX_0_CV': '0.59800', 'NX_0_CV_turn': '0.19933', 'NX_0_ctr': '2.23333', 'NX_0_len_tra': 30.0, 'NX_0_R_tra': 67.0, 'NX_10_CV': '0.14400', 'NX_10_CV_turn': '0.14400', 'NX_10_ctr': '2.67700', 'NX_10_len_tra': 10.0, 'NX_10_R_tra': 26.77}]
[I 240518 15:43:38 utils:142] Epoch: [51], Info: [{'num_test': 100, 'CV': '0.04400', 'CV_turn': '0.01467', 'ctr': '3.09633', 'len_tra': 30.0, 'R_tra': 92.89, 'NX_0_CV': '0.57300', 'NX_0_CV_turn': '0.19100', 'NX_0_ctr': '2.31267', 'NX_0_len_tra': 30.0, 'NX_0_R_tra': 69.38, 'NX_10_CV': '0.13800', 'NX_10_CV_turn': '0.13800', 'NX_10_ctr': '2.62500', 'NX_10_len_tra': 10.0, 'NX_10_R_tra': 26.25}]
[I 240518 15:43:46 utils:142] Epoch: [52], Info: [{'num_test': 100, 'CV': '0.04900', 'CV_turn': '0.01633', 'ctr': '3.23000', 'len_tra': 30.0, 'R_tra': 96.9, 'NX_0_CV': '0.54700', 'NX_0_CV_turn': '0.18233', 'NX_0_ctr': '2.22500', 'NX_0_len_tra': 30.0, 'NX_0_R_tra': 66.75, 'NX_10_CV': '0.11300', 'NX_10_CV_turn': '0.11300', 'NX_10_ctr': '2.67700', 'NX_10_len_tra': 10.0, 'NX_10_R_tra': 26.77}]
[I 240518 15:43:53 utils:142] Epoch: [53], Info: [{'num_test': 100, 'CV': '0.06100', 'CV_turn': '0.02033', 'ctr': '2.94400', 'len_tra': 30.0, 'R_tra': 88.32, 'NX_0_CV': '0.55100', 'NX_0_CV_turn': '0.18367', 'NX_0_ctr': '2.32333', 'NX_0_len_tra': 30.0, 'NX_0_R_tra': 69.7, 'NX_10_CV': '0.10000', 'NX_10_CV_turn': '0.10000', 'NX_10_ctr': '2.70300', 'NX_10_len_tra': 10.0, 'NX_10_R_tra': 27.03}]
[I 240518 15:44:01 utils:142] Epoch: [54], Info: [{'num_test': 100, 'CV': '0.05200', 'CV_turn': '0.01733', 'ctr': '3.06733', 'len_tra': 30.0, 'R_tra': 92.02, 'NX_0_CV': '0.52800', 'NX_0_CV_turn': '0.17600', 'NX_0_ctr': '2.26500', 'NX_0_len_tra': 30.0, 'NX_0_R_tra': 67.95, 'NX_10_CV': '0.09200', 'NX_10_CV_turn': '0.09200', 'NX_10_ctr': '2.70300', 'NX_10_len_tra': 10.0, 'NX_10_R_tra': 27.03}]
[I 240518 15:44:08 utils:142] Epoch: [55], Info: [{'num_test': 100, 'CV': '0.06800', 'CV_turn': '0.02267', 'ctr': '2.94400', 'len_tra': 30.0, 'R_tra': 88.32, 'NX_0_CV': '0.54900', 'NX_0_CV_turn': '0.18300', 'NX_0_ctr': '2.27233', 'NX_0_len_tra': 30.0, 'NX_0_R_tra': 68.17, 'NX_10_CV': '0.11800', 'NX_10_CV_turn': '0.11800', 'NX_10_ctr': '2.70700', 'NX_10_len_tra': 10.0, 'NX_10_R_tra': 27.07}]
[I 240518 15:44:16 utils:142] Epoch: [56], Info: [{'num_test': 100, 'CV': '0.05100', 'CV_turn': '0.01700', 'ctr': '3.11300', 'len_tra': 30.0, 'R_tra': 93.39, 'NX_0_CV': '0.56800', 'NX_0_CV_turn': '0.18933', 'NX_0_ctr': '2.19433', 'NX_0_len_tra': 30.0, 'NX_0_R_tra': 65.83, 'NX_10_CV': '0.11200', 'NX_10_CV_turn': '0.11200', 'NX_10_ctr': '2.64800', 'NX_10_len_tra': 10.0, 'NX_10_R_tra': 26.48}]
[I 240518 15:44:23 utils:142] Epoch: [57], Info: [{'num_test': 100, 'CV': '0.05900', 'CV_turn': '0.01967', 'ctr': '3.05700', 'len_tra': 30.0, 'R_tra': 91.71, 'NX_0_CV': '0.55600', 'NX_0_CV_turn': '0.18533', 'NX_0_ctr': '2.35000', 'NX_0_len_tra': 30.0, 'NX_0_R_tra': 70.5, 'NX_10_CV': '0.11600', 'NX_10_CV_turn': '0.11600', 'NX_10_ctr': '2.60300', 'NX_10_len_tra': 10.0, 'NX_10_R_tra': 26.03}]
[I 240518 15:44:31 utils:142] Epoch: [58], Info: [{'num_test': 100, 'CV': '0.06800', 'CV_turn': '0.02267', 'ctr': '3.14333', 'len_tra': 30.0, 'R_tra': 94.3, 'NX_0_CV': '0.57600', 'NX_0_CV_turn': '0.19200', 'NX_0_ctr': '2.21733', 'NX_0_len_tra': 30.0, 'NX_0_R_tra': 66.52, 'NX_10_CV': '0.10600', 'NX_10_CV_turn': '0.10600', 'NX_10_ctr': '2.66100', 'NX_10_len_tra': 10.0, 'NX_10_R_tra': 26.61}]
[I 240518 15:44:39 utils:142] Epoch: [59], Info: [{'num_test': 100, 'CV': '0.07600', 'CV_turn': '0.02533', 'ctr': '2.99900', 'len_tra': 30.0, 'R_tra': 89.97, 'NX_0_CV': '0.55200', 'NX_0_CV_turn': '0.18400', 'NX_0_ctr': '2.37500', 'NX_0_len_tra': 30.0, 'NX_0_R_tra': 71.25, 'NX_10_CV': '0.13600', 'NX_10_CV_turn': '0.13600', 'NX_10_ctr': '2.62000', 'NX_10_len_tra': 10.0, 'NX_10_R_tra': 26.2}]
[I 240518 15:44:46 utils:142] Epoch: [60], Info: [{'num_test': 100, 'CV': '0.03800', 'CV_turn': '0.01267', 'ctr': '3.08700', 'len_tra': 30.0, 'R_tra': 92.61, 'NX_0_CV': '0.54000', 'NX_0_CV_turn': '0.18000', 'NX_0_ctr': '2.33367', 'NX_0_len_tra': 30.0, 'NX_0_R_tra': 70.01, 'NX_10_CV': '0.10700', 'NX_10_CV_turn': '0.10700', 'NX_10_ctr': '2.70700', 'NX_10_len_tra': 10.0, 'NX_10_R_tra': 27.07}]
[I 240518 15:44:54 utils:142] Epoch: [61], Info: [{'num_test': 100, 'CV': '0.05800', 'CV_turn': '0.01933', 'ctr': '3.05467', 'len_tra': 30.0, 'R_tra': 91.64, 'NX_0_CV': '0.57000', 'NX_0_CV_turn': '0.19000', 'NX_0_ctr': '2.19133', 'NX_0_len_tra': 30.0, 'NX_0_R_tra': 65.74, 'NX_10_CV': '0.10100', 'NX_10_CV_turn': '0.10100', 'NX_10_ctr': '2.78800', 'NX_10_len_tra': 10.0, 'NX_10_R_tra': 27.88}]
[I 240518 15:45:02 utils:142] Epoch: [62], Info: [{'num_test': 100, 'CV': '0.05400', 'CV_turn': '0.01800', 'ctr': '3.07467', 'len_tra': 30.0, 'R_tra': 92.24, 'NX_0_CV': '0.59300', 'NX_0_CV_turn': '0.19767', 'NX_0_ctr': '2.29000', 'NX_0_len_tra': 30.0, 'NX_0_R_tra': 68.7, 'NX_10_CV': '0.11600', 'NX_10_CV_turn': '0.11600', 'NX_10_ctr': '2.76300', 'NX_10_len_tra': 10.0, 'NX_10_R_tra': 27.63}]
[I 240518 15:45:10 utils:142] Epoch: [63], Info: [{'num_test': 100, 'CV': '0.04700', 'CV_turn': '0.01567', 'ctr': '3.25567', 'len_tra': 30.0, 'R_tra': 97.67, 'NX_0_CV': '0.57200', 'NX_0_CV_turn': '0.19067', 'NX_0_ctr': '2.26267', 'NX_0_len_tra': 30.0, 'NX_0_R_tra': 67.88, 'NX_10_CV': '0.11300', 'NX_10_CV_turn': '0.11300', 'NX_10_ctr': '2.61900', 'NX_10_len_tra': 10.0, 'NX_10_R_tra': 26.19}]
[I 240518 15:45:18 utils:142] Epoch: [64], Info: [{'num_test': 100, 'CV': '0.05800', 'CV_turn': '0.01933', 'ctr': '3.10600', 'len_tra': 30.0, 'R_tra': 93.18, 'NX_0_CV': '0.54400', 'NX_0_CV_turn': '0.18133', 'NX_0_ctr': '2.24600', 'NX_0_len_tra': 30.0, 'NX_0_R_tra': 67.38, 'NX_10_CV': '0.10800', 'NX_10_CV_turn': '0.10800', 'NX_10_ctr': '2.67400', 'NX_10_len_tra': 10.0, 'NX_10_R_tra': 26.74}]
[I 240518 15:45:26 utils:142] Epoch: [65], Info: [{'num_test': 100, 'CV': '0.05200', 'CV_turn': '0.01733', 'ctr': '3.16133', 'len_tra': 30.0, 'R_tra': 94.84, 'NX_0_CV': '0.56300', 'NX_0_CV_turn': '0.18767', 'NX_0_ctr': '2.28400', 'NX_0_len_tra': 30.0, 'NX_0_R_tra': 68.52, 'NX_10_CV': '0.12300', 'NX_10_CV_turn': '0.12300', 'NX_10_ctr': '2.73100', 'NX_10_len_tra': 10.0, 'NX_10_R_tra': 27.31}]
[I 240518 15:45:34 utils:142] Epoch: [66], Info: [{'num_test': 100, 'CV': '0.04100', 'CV_turn': '0.01367', 'ctr': '3.08600', 'len_tra': 30.0, 'R_tra': 92.58, 'NX_0_CV': '0.55600', 'NX_0_CV_turn': '0.18533', 'NX_0_ctr': '2.29767', 'NX_0_len_tra': 30.0, 'NX_0_R_tra': 68.93, 'NX_10_CV': '0.10700', 'NX_10_CV_turn': '0.10700', 'NX_10_ctr': '2.67600', 'NX_10_len_tra': 10.0, 'NX_10_R_tra': 26.76}]
[I 240518 15:45:42 utils:142] Epoch: [67], Info: [{'num_test': 100, 'CV': '0.06500', 'CV_turn': '0.02167', 'ctr': '3.02433', 'len_tra': 30.0, 'R_tra': 90.73, 'NX_0_CV': '0.52900', 'NX_0_CV_turn': '0.17633', 'NX_0_ctr': '2.40600', 'NX_0_len_tra': 30.0, 'NX_0_R_tra': 72.18, 'NX_10_CV': '0.11700', 'NX_10_CV_turn': '0.11700', 'NX_10_ctr': '2.65500', 'NX_10_len_tra': 10.0, 'NX_10_R_tra': 26.55}]
[I 240518 15:45:50 utils:142] Epoch: [68], Info: [{'num_test': 100, 'CV': '0.05800', 'CV_turn': '0.01933', 'ctr': '3.13633', 'len_tra': 30.0, 'R_tra': 94.09, 'NX_0_CV': '0.55900', 'NX_0_CV_turn': '0.18633', 'NX_0_ctr': '2.28600', 'NX_0_len_tra': 30.0, 'NX_0_R_tra': 68.58, 'NX_10_CV': '0.11100', 'NX_10_CV_turn': '0.11100', 'NX_10_ctr': '2.72600', 'NX_10_len_tra': 10.0, 'NX_10_R_tra': 27.26}]
[I 240518 15:45:58 utils:142] Epoch: [69], Info: [{'num_test': 100, 'CV': '0.03800', 'CV_turn': '0.01267', 'ctr': '3.08733', 'len_tra': 30.0, 'R_tra': 92.62, 'NX_0_CV': '0.57400', 'NX_0_CV_turn': '0.19133', 'NX_0_ctr': '2.21533', 'NX_0_len_tra': 30.0, 'NX_0_R_tra': 66.46, 'NX_10_CV': '0.12300', 'NX_10_CV_turn': '0.12300', 'NX_10_ctr': '2.70200', 'NX_10_len_tra': 10.0, 'NX_10_R_tra': 27.02}]
[I 240518 15:46:06 utils:142] Epoch: [70], Info: [{'num_test': 100, 'CV': '0.04600', 'CV_turn': '0.01533', 'ctr': '2.93933', 'len_tra': 30.0, 'R_tra': 88.18, 'NX_0_CV': '0.56800', 'NX_0_CV_turn': '0.18933', 'NX_0_ctr': '2.31867', 'NX_0_len_tra': 30.0, 'NX_0_R_tra': 69.56, 'NX_10_CV': '0.12000', 'NX_10_CV_turn': '0.12000', 'NX_10_ctr': '2.64900', 'NX_10_len_tra': 10.0, 'NX_10_R_tra': 26.49}]
[I 240518 15:46:14 utils:142] Epoch: [71], Info: [{'num_test': 100, 'CV': '0.03700', 'CV_turn': '0.01233', 'ctr': '3.27733', 'len_tra': 30.0, 'R_tra': 98.32, 'NX_0_CV': '0.59000', 'NX_0_CV_turn': '0.19667', 'NX_0_ctr': '2.33400', 'NX_0_len_tra': 30.0, 'NX_0_R_tra': 70.02, 'NX_10_CV': '0.13500', 'NX_10_CV_turn': '0.13500', 'NX_10_ctr': '2.66600', 'NX_10_len_tra': 10.0, 'NX_10_R_tra': 26.66}]
[I 240518 15:46:23 utils:142] Epoch: [72], Info: [{'num_test': 100, 'CV': '0.04400', 'CV_turn': '0.01467', 'ctr': '3.09833', 'len_tra': 30.0, 'R_tra': 92.95, 'NX_0_CV': '0.58500', 'NX_0_CV_turn': '0.19500', 'NX_0_ctr': '2.31467', 'NX_0_len_tra': 30.0, 'NX_0_R_tra': 69.44, 'NX_10_CV': '0.13300', 'NX_10_CV_turn': '0.13300', 'NX_10_ctr': '2.76300', 'NX_10_len_tra': 10.0, 'NX_10_R_tra': 27.63}]
[I 240518 15:46:31 utils:142] Epoch: [73], Info: [{'num_test': 100, 'CV': '0.02900', 'CV_turn': '0.00967', 'ctr': '3.12867', 'len_tra': 30.0, 'R_tra': 93.86, 'NX_0_CV': '0.56500', 'NX_0_CV_turn': '0.18833', 'NX_0_ctr': '2.22533', 'NX_0_len_tra': 30.0, 'NX_0_R_tra': 66.76, 'NX_10_CV': '0.11600', 'NX_10_CV_turn': '0.11600', 'NX_10_ctr': '2.75200', 'NX_10_len_tra': 10.0, 'NX_10_R_tra': 27.52}]
[I 240518 15:46:39 utils:142] Epoch: [74], Info: [{'num_test': 100, 'CV': '0.03300', 'CV_turn': '0.01100', 'ctr': '3.21367', 'len_tra': 30.0, 'R_tra': 96.41, 'NX_0_CV': '0.55800', 'NX_0_CV_turn': '0.18600', 'NX_0_ctr': '2.36800', 'NX_0_len_tra': 30.0, 'NX_0_R_tra': 71.04, 'NX_10_CV': '0.12500', 'NX_10_CV_turn': '0.12500', 'NX_10_ctr': '2.70500', 'NX_10_len_tra': 10.0, 'NX_10_R_tra': 27.05}]
[I 240518 15:46:48 utils:142] Epoch: [75], Info: [{'num_test': 100, 'CV': '0.03700', 'CV_turn': '0.01233', 'ctr': '3.21367', 'len_tra': 30.0, 'R_tra': 96.41, 'NX_0_CV': '0.57400', 'NX_0_CV_turn': '0.19133', 'NX_0_ctr': '2.34800', 'NX_0_len_tra': 30.0, 'NX_0_R_tra': 70.44, 'NX_10_CV': '0.14300', 'NX_10_CV_turn': '0.14300', 'NX_10_ctr': '2.62800', 'NX_10_len_tra': 10.0, 'NX_10_R_tra': 26.28}]
[I 240518 15:46:56 utils:142] Epoch: [76], Info: [{'num_test': 100, 'CV': '0.04300', 'CV_turn': '0.01433', 'ctr': '3.11200', 'len_tra': 30.0, 'R_tra': 93.36, 'NX_0_CV': '0.59900', 'NX_0_CV_turn': '0.19967', 'NX_0_ctr': '2.20300', 'NX_0_len_tra': 30.0, 'NX_0_R_tra': 66.09, 'NX_10_CV': '0.16100', 'NX_10_CV_turn': '0.16100', 'NX_10_ctr': '2.69900', 'NX_10_len_tra': 10.0, 'NX_10_R_tra': 26.99}]
[I 240518 15:47:04 utils:142] Epoch: [77], Info: [{'num_test': 100, 'CV': '0.03500', 'CV_turn': '0.01167', 'ctr': '3.13167', 'len_tra': 30.0, 'R_tra': 93.95, 'NX_0_CV': '0.57600', 'NX_0_CV_turn': '0.19200', 'NX_0_ctr': '2.23767', 'NX_0_len_tra': 30.0, 'NX_0_R_tra': 67.13, 'NX_10_CV': '0.15200', 'NX_10_CV_turn': '0.15200', 'NX_10_ctr': '2.69100', 'NX_10_len_tra': 10.0, 'NX_10_R_tra': 26.91}]
[I 240518 15:47:13 utils:142] Epoch: [78], Info: [{'num_test': 100, 'CV': '0.05500', 'CV_turn': '0.01833', 'ctr': '3.05367', 'len_tra': 30.0, 'R_tra': 91.61, 'NX_0_CV': '0.61800', 'NX_0_CV_turn': '0.20600', 'NX_0_ctr': '2.20933', 'NX_0_len_tra': 30.0, 'NX_0_R_tra': 66.28, 'NX_10_CV': '0.16500', 'NX_10_CV_turn': '0.16500', 'NX_10_ctr': '2.69800', 'NX_10_len_tra': 10.0, 'NX_10_R_tra': 26.98}]
[I 240518 15:47:22 utils:142] Epoch: [79], Info: [{'num_test': 100, 'CV': '0.07000', 'CV_turn': '0.02333', 'ctr': '2.99667', 'len_tra': 30.0, 'R_tra': 89.9, 'NX_0_CV': '0.62500', 'NX_0_CV_turn': '0.20833', 'NX_0_ctr': '2.22033', 'NX_0_len_tra': 30.0, 'NX_0_R_tra': 66.61, 'NX_10_CV': '0.16500', 'NX_10_CV_turn': '0.16500', 'NX_10_ctr': '2.70800', 'NX_10_len_tra': 10.0, 'NX_10_R_tra': 27.08}]
[I 240518 15:47:30 utils:142] Epoch: [80], Info: [{'num_test': 100, 'CV': '0.04000', 'CV_turn': '0.01333', 'ctr': '3.11600', 'len_tra': 30.0, 'R_tra': 93.48, 'NX_0_CV': '0.60800', 'NX_0_CV_turn': '0.20267', 'NX_0_ctr': '2.17333', 'NX_0_len_tra': 30.0, 'NX_0_R_tra': 65.2, 'NX_10_CV': '0.18200', 'NX_10_CV_turn': '0.18200', 'NX_10_ctr': '2.60600', 'NX_10_len_tra': 10.0, 'NX_10_R_tra': 26.06}]
[I 240518 15:47:39 utils:142] Epoch: [81], Info: [{'num_test': 100, 'CV': '0.04100', 'CV_turn': '0.01367', 'ctr': '3.11667', 'len_tra': 30.0, 'R_tra': 93.5, 'NX_0_CV': '0.57500', 'NX_0_CV_turn': '0.19167', 'NX_0_ctr': '2.34233', 'NX_0_len_tra': 30.0, 'NX_0_R_tra': 70.27, 'NX_10_CV': '0.15400', 'NX_10_CV_turn': '0.15400', 'NX_10_ctr': '2.70400', 'NX_10_len_tra': 10.0, 'NX_10_R_tra': 27.04}]
[I 240518 15:47:47 utils:142] Epoch: [82], Info: [{'num_test': 100, 'CV': '0.03300', 'CV_turn': '0.01100', 'ctr': '3.21567', 'len_tra': 30.0, 'R_tra': 96.47, 'NX_0_CV': '0.58000', 'NX_0_CV_turn': '0.19333', 'NX_0_ctr': '2.22933', 'NX_0_len_tra': 30.0, 'NX_0_R_tra': 66.88, 'NX_10_CV': '0.14500', 'NX_10_CV_turn': '0.14500', 'NX_10_ctr': '2.78600', 'NX_10_len_tra': 10.0, 'NX_10_R_tra': 27.86}]
[I 240518 15:47:56 utils:142] Epoch: [83], Info: [{'num_test': 100, 'CV': '0.04700', 'CV_turn': '0.01567', 'ctr': '3.16633', 'len_tra': 30.0, 'R_tra': 94.99, 'NX_0_CV': '0.59600', 'NX_0_CV_turn': '0.19867', 'NX_0_ctr': '2.23200', 'NX_0_len_tra': 30.0, 'NX_0_R_tra': 66.96, 'NX_10_CV': '0.17100', 'NX_10_CV_turn': '0.17100', 'NX_10_ctr': '2.64600', 'NX_10_len_tra': 10.0, 'NX_10_R_tra': 26.46}]
[I 240518 15:48:05 utils:142] Epoch: [84], Info: [{'num_test': 100, 'CV': '0.05200', 'CV_turn': '0.01733', 'ctr': '3.29633', 'len_tra': 30.0, 'R_tra': 98.89, 'NX_0_CV': '0.57600', 'NX_0_CV_turn': '0.19200', 'NX_0_ctr': '2.25767', 'NX_0_len_tra': 30.0, 'NX_0_R_tra': 67.73, 'NX_10_CV': '0.15600', 'NX_10_CV_turn': '0.15600', 'NX_10_ctr': '2.62500', 'NX_10_len_tra': 10.0, 'NX_10_R_tra': 26.25}]
[I 240518 15:48:14 utils:142] Epoch: [85], Info: [{'num_test': 100, 'CV': '0.05000', 'CV_turn': '0.01667', 'ctr': '3.03000', 'len_tra': 30.0, 'R_tra': 90.9, 'NX_0_CV': '0.58400', 'NX_0_CV_turn': '0.19467', 'NX_0_ctr': '2.31367', 'NX_0_len_tra': 30.0, 'NX_0_R_tra': 69.41, 'NX_10_CV': '0.16200', 'NX_10_CV_turn': '0.16200', 'NX_10_ctr': '2.64500', 'NX_10_len_tra': 10.0, 'NX_10_R_tra': 26.45}]
[I 240518 15:48:22 utils:142] Epoch: [86], Info: [{'num_test': 100, 'CV': '0.06800', 'CV_turn': '0.02267', 'ctr': '3.15433', 'len_tra': 30.0, 'R_tra': 94.63, 'NX_0_CV': '0.60700', 'NX_0_CV_turn': '0.20233', 'NX_0_ctr': '2.25133', 'NX_0_len_tra': 30.0, 'NX_0_R_tra': 67.54, 'NX_10_CV': '0.16500', 'NX_10_CV_turn': '0.16500', 'NX_10_ctr': '2.64200', 'NX_10_len_tra': 10.0, 'NX_10_R_tra': 26.42}]
[I 240518 15:48:31 utils:142] Epoch: [87], Info: [{'num_test': 100, 'CV': '0.08200', 'CV_turn': '0.02733', 'ctr': '3.18467', 'len_tra': 30.0, 'R_tra': 95.54, 'NX_0_CV': '0.64200', 'NX_0_CV_turn': '0.21400', 'NX_0_ctr': '2.27067', 'NX_0_len_tra': 30.0, 'NX_0_R_tra': 68.12, 'NX_10_CV': '0.19100', 'NX_10_CV_turn': '0.19100', 'NX_10_ctr': '2.58100', 'NX_10_len_tra': 10.0, 'NX_10_R_tra': 25.81}]
[I 240518 15:48:40 utils:142] Epoch: [88], Info: [{'num_test': 100, 'CV': '0.08500', 'CV_turn': '0.02833', 'ctr': '3.19667', 'len_tra': 30.0, 'R_tra': 95.9, 'NX_0_CV': '0.63400', 'NX_0_CV_turn': '0.21133', 'NX_0_ctr': '2.14767', 'NX_0_len_tra': 30.0, 'NX_0_R_tra': 64.43, 'NX_10_CV': '0.17200', 'NX_10_CV_turn': '0.17200', 'NX_10_ctr': '2.69700', 'NX_10_len_tra': 10.0, 'NX_10_R_tra': 26.97}]
[I 240518 15:48:49 utils:142] Epoch: [89], Info: [{'num_test': 100, 'CV': '0.09000', 'CV_turn': '0.03000', 'ctr': '3.20367', 'len_tra': 30.0, 'R_tra': 96.11, 'NX_0_CV': '0.62700', 'NX_0_CV_turn': '0.20900', 'NX_0_ctr': '2.17933', 'NX_0_len_tra': 30.0, 'NX_0_R_tra': 65.38, 'NX_10_CV': '0.16900', 'NX_10_CV_turn': '0.16900', 'NX_10_ctr': '2.60400', 'NX_10_len_tra': 10.0, 'NX_10_R_tra': 26.04}]
[I 240518 15:48:58 utils:142] Epoch: [90], Info: [{'num_test': 100, 'CV': '0.08400', 'CV_turn': '0.02800', 'ctr': '3.18867', 'len_tra': 30.0, 'R_tra': 95.66, 'NX_0_CV': '0.62600', 'NX_0_CV_turn': '0.20867', 'NX_0_ctr': '2.25967', 'NX_0_len_tra': 30.0, 'NX_0_R_tra': 67.79, 'NX_10_CV': '0.16300', 'NX_10_CV_turn': '0.16300', 'NX_10_ctr': '2.71800', 'NX_10_len_tra': 10.0, 'NX_10_R_tra': 27.18}]
[I 240518 15:49:07 utils:142] Epoch: [91], Info: [{'num_test': 100, 'CV': '0.08900', 'CV_turn': '0.02967', 'ctr': '3.33533', 'len_tra': 30.0, 'R_tra': 100.06, 'NX_0_CV': '0.58800', 'NX_0_CV_turn': '0.19600', 'NX_0_ctr': '2.42200', 'NX_0_len_tra': 30.0, 'NX_0_R_tra': 72.66, 'NX_10_CV': '0.15900', 'NX_10_CV_turn': '0.15900', 'NX_10_ctr': '2.69600', 'NX_10_len_tra': 10.0, 'NX_10_R_tra': 26.96}]
[I 240518 15:49:17 utils:142] Epoch: [92], Info: [{'num_test': 100, 'CV': '0.08300', 'CV_turn': '0.02767', 'ctr': '3.33933', 'len_tra': 30.0, 'R_tra': 100.18, 'NX_0_CV': '0.64100', 'NX_0_CV_turn': '0.21367', 'NX_0_ctr': '2.28833', 'NX_0_len_tra': 30.0, 'NX_0_R_tra': 68.65, 'NX_10_CV': '0.17600', 'NX_10_CV_turn': '0.17600', 'NX_10_ctr': '2.59300', 'NX_10_len_tra': 10.0, 'NX_10_R_tra': 25.93}]
[I 240518 15:49:26 utils:142] Epoch: [93], Info: [{'num_test': 100, 'CV': '0.04300', 'CV_turn': '0.01433', 'ctr': '3.60233', 'len_tra': 30.0, 'R_tra': 108.07, 'NX_0_CV': '0.60900', 'NX_0_CV_turn': '0.20300', 'NX_0_ctr': '2.35467', 'NX_0_len_tra': 30.0, 'NX_0_R_tra': 70.64, 'NX_10_CV': '0.15600', 'NX_10_CV_turn': '0.15600', 'NX_10_ctr': '2.72200', 'NX_10_len_tra': 10.0, 'NX_10_R_tra': 27.22}]
[I 240518 15:49:35 utils:142] Epoch: [94], Info: [{'num_test': 100, 'CV': '0.06500', 'CV_turn': '0.02167', 'ctr': '3.34667', 'len_tra': 30.0, 'R_tra': 100.4, 'NX_0_CV': '0.62200', 'NX_0_CV_turn': '0.20733', 'NX_0_ctr': '2.25900', 'NX_0_len_tra': 30.0, 'NX_0_R_tra': 67.77, 'NX_10_CV': '0.18100', 'NX_10_CV_turn': '0.18100', 'NX_10_ctr': '2.51400', 'NX_10_len_tra': 10.0, 'NX_10_R_tra': 25.14}]
[I 240518 15:49:44 utils:142] Epoch: [95], Info: [{'num_test': 100, 'CV': '0.08400', 'CV_turn': '0.02800', 'ctr': '3.18167', 'len_tra': 30.0, 'R_tra': 95.45, 'NX_0_CV': '0.62800', 'NX_0_CV_turn': '0.20933', 'NX_0_ctr': '2.28967', 'NX_0_len_tra': 30.0, 'NX_0_R_tra': 68.69, 'NX_10_CV': '0.17300', 'NX_10_CV_turn': '0.17300', 'NX_10_ctr': '2.55400', 'NX_10_len_tra': 10.0, 'NX_10_R_tra': 25.54}]
[I 240518 15:49:54 utils:142] Epoch: [96], Info: [{'num_test': 100, 'CV': '0.08100', 'CV_turn': '0.02700', 'ctr': '3.35067', 'len_tra': 30.0, 'R_tra': 100.52, 'NX_0_CV': '0.63300', 'NX_0_CV_turn': '0.21100', 'NX_0_ctr': '2.22800', 'NX_0_len_tra': 30.0, 'NX_0_R_tra': 66.84, 'NX_10_CV': '0.16300', 'NX_10_CV_turn': '0.16300', 'NX_10_ctr': '2.56000', 'NX_10_len_tra': 10.0, 'NX_10_R_tra': 25.6}]
[I 240518 15:50:03 utils:142] Epoch: [97], Info: [{'num_test': 100, 'CV': '0.06100', 'CV_turn': '0.02033', 'ctr': '3.47500', 'len_tra': 30.0, 'R_tra': 104.25, 'NX_0_CV': '0.61500', 'NX_0_CV_turn': '0.20500', 'NX_0_ctr': '2.34867', 'NX_0_len_tra': 30.0, 'NX_0_R_tra': 70.46, 'NX_10_CV': '0.18700', 'NX_10_CV_turn': '0.18700', 'NX_10_ctr': '2.51200', 'NX_10_len_tra': 10.0, 'NX_10_R_tra': 25.12}]
[I 240518 15:50:12 utils:142] Epoch: [98], Info: [{'num_test': 100, 'CV': '0.07800', 'CV_turn': '0.02600', 'ctr': '3.22633', 'len_tra': 30.0, 'R_tra': 96.79, 'NX_0_CV': '0.64200', 'NX_0_CV_turn': '0.21400', 'NX_0_ctr': '2.13367', 'NX_0_len_tra': 30.0, 'NX_0_R_tra': 64.01, 'NX_10_CV': '0.16800', 'NX_10_CV_turn': '0.16800', 'NX_10_ctr': '2.66900', 'NX_10_len_tra': 10.0, 'NX_10_R_tra': 26.69}]
[I 240518 15:50:22 utils:142] Epoch: [99], Info: [{'num_test': 100, 'CV': '0.05800', 'CV_turn': '0.01933', 'ctr': '3.73367', 'len_tra': 30.0, 'R_tra': 112.01, 'NX_0_CV': '0.61000', 'NX_0_CV_turn': '0.20333', 'NX_0_ctr': '2.28267', 'NX_0_len_tra': 30.0, 'NX_0_R_tra': 68.48, 'NX_10_CV': '0.16000', 'NX_10_CV_turn': '0.16000', 'NX_10_ctr': '2.60300', 'NX_10_len_tra': 10.0, 'NX_10_R_tra': 26.03}]
[I 240518 15:50:31 utils:142] Epoch: [100], Info: [{'num_test': 100, 'CV': '0.05800', 'CV_turn': '0.01933', 'ctr': '3.40233', 'len_tra': 30.0, 'R_tra': 102.07, 'NX_0_CV': '0.62600', 'NX_0_CV_turn': '0.20867', 'NX_0_ctr': '2.24800', 'NX_0_len_tra': 30.0, 'NX_0_R_tra': 67.44, 'NX_10_CV': '0.14400', 'NX_10_CV_turn': '0.14400', 'NX_10_ctr': '2.72000', 'NX_10_len_tra': 10.0, 'NX_10_R_tra': 27.2}]
[I 240518 15:50:41 utils:142] Epoch: [101], Info: [{'num_test': 100, 'CV': '0.05200', 'CV_turn': '0.01733', 'ctr': '3.62633', 'len_tra': 30.0, 'R_tra': 108.79, 'NX_0_CV': '0.62500', 'NX_0_CV_turn': '0.20833', 'NX_0_ctr': '2.22833', 'NX_0_len_tra': 30.0, 'NX_0_R_tra': 66.85, 'NX_10_CV': '0.14200', 'NX_10_CV_turn': '0.14200', 'NX_10_ctr': '2.65200', 'NX_10_len_tra': 10.0, 'NX_10_R_tra': 26.52}]
[I 240518 15:50:51 utils:142] Epoch: [102], Info: [{'num_test': 100, 'CV': '0.05500', 'CV_turn': '0.01833', 'ctr': '3.47200', 'len_tra': 30.0, 'R_tra': 104.16, 'NX_0_CV': '0.60200', 'NX_0_CV_turn': '0.20067', 'NX_0_ctr': '2.29667', 'NX_0_len_tra': 30.0, 'NX_0_R_tra': 68.9, 'NX_10_CV': '0.14700', 'NX_10_CV_turn': '0.14700', 'NX_10_ctr': '2.55700', 'NX_10_len_tra': 10.0, 'NX_10_R_tra': 25.57}]
[I 240518 15:51:00 utils:142] Epoch: [103], Info: [{'num_test': 100, 'CV': '0.03700', 'CV_turn': '0.01233', 'ctr': '3.57733', 'len_tra': 30.0, 'R_tra': 107.32, 'NX_0_CV': '0.57800', 'NX_0_CV_turn': '0.19267', 'NX_0_ctr': '2.34933', 'NX_0_len_tra': 30.0, 'NX_0_R_tra': 70.48, 'NX_10_CV': '0.14700', 'NX_10_CV_turn': '0.14700', 'NX_10_ctr': '2.68900', 'NX_10_len_tra': 10.0, 'NX_10_R_tra': 26.89}]
[I 240518 15:51:10 utils:142] Epoch: [104], Info: [{'num_test': 100, 'CV': '0.03100', 'CV_turn': '0.01033', 'ctr': '3.43800', 'len_tra': 30.0, 'R_tra': 103.14, 'NX_0_CV': '0.54400', 'NX_0_CV_turn': '0.18133', 'NX_0_ctr': '2.31467', 'NX_0_len_tra': 30.0, 'NX_0_R_tra': 69.44, 'NX_10_CV': '0.11400', 'NX_10_CV_turn': '0.11400', 'NX_10_ctr': '2.76800', 'NX_10_len_tra': 10.0, 'NX_10_R_tra': 27.68}]
[I 240518 15:51:20 utils:142] Epoch: [105], Info: [{'num_test': 100, 'CV': '0.04900', 'CV_turn': '0.01633', 'ctr': '3.39300', 'len_tra': 30.0, 'R_tra': 101.79, 'NX_0_CV': '0.56500', 'NX_0_CV_turn': '0.18833', 'NX_0_ctr': '2.39567', 'NX_0_len_tra': 30.0, 'NX_0_R_tra': 71.87, 'NX_10_CV': '0.13400', 'NX_10_CV_turn': '0.13400', 'NX_10_ctr': '2.65700', 'NX_10_len_tra': 10.0, 'NX_10_R_tra': 26.57}]
[I 240518 15:51:30 utils:142] Epoch: [106], Info: [{'num_test': 100, 'CV': '0.04000', 'CV_turn': '0.01333', 'ctr': '3.38000', 'len_tra': 30.0, 'R_tra': 101.4, 'NX_0_CV': '0.55100', 'NX_0_CV_turn': '0.18367', 'NX_0_ctr': '2.28700', 'NX_0_len_tra': 30.0, 'NX_0_R_tra': 68.61, 'NX_10_CV': '0.12500', 'NX_10_CV_turn': '0.12500', 'NX_10_ctr': '2.73000', 'NX_10_len_tra': 10.0, 'NX_10_R_tra': 27.3}]
[I 240518 15:51:39 utils:142] Epoch: [107], Info: [{'num_test': 100, 'CV': '0.03500', 'CV_turn': '0.01167', 'ctr': '3.55533', 'len_tra': 30.0, 'R_tra': 106.66, 'NX_0_CV': '0.54200', 'NX_0_CV_turn': '0.18067', 'NX_0_ctr': '2.34167', 'NX_0_len_tra': 30.0, 'NX_0_R_tra': 70.25, 'NX_10_CV': '0.12100', 'NX_10_CV_turn': '0.12100', 'NX_10_ctr': '2.80400', 'NX_10_len_tra': 10.0, 'NX_10_R_tra': 28.04}]
[I 240518 15:51:49 utils:142] Epoch: [108], Info: [{'num_test': 100, 'CV': '0.03500', 'CV_turn': '0.01167', 'ctr': '3.37667', 'len_tra': 30.0, 'R_tra': 101.3, 'NX_0_CV': '0.48200', 'NX_0_CV_turn': '0.16067', 'NX_0_ctr': '2.50500', 'NX_0_len_tra': 30.0, 'NX_0_R_tra': 75.15, 'NX_10_CV': '0.10500', 'NX_10_CV_turn': '0.10500', 'NX_10_ctr': '2.59400', 'NX_10_len_tra': 10.0, 'NX_10_R_tra': 25.94}]
[I 240518 15:51:59 utils:142] Epoch: [109], Info: [{'num_test': 100, 'CV': '0.04700', 'CV_turn': '0.01567', 'ctr': '3.42533', 'len_tra': 30.0, 'R_tra': 102.76, 'NX_0_CV': '0.49000', 'NX_0_CV_turn': '0.16333', 'NX_0_ctr': '2.45267', 'NX_0_len_tra': 30.0, 'NX_0_R_tra': 73.58, 'NX_10_CV': '0.11100', 'NX_10_CV_turn': '0.11100', 'NX_10_ctr': '2.65700', 'NX_10_len_tra': 10.0, 'NX_10_R_tra': 26.57}]
[I 240518 15:52:09 utils:142] Epoch: [110], Info: [{'num_test': 100, 'CV': '0.04200', 'CV_turn': '0.01400', 'ctr': '3.48667', 'len_tra': 30.0, 'R_tra': 104.6, 'NX_0_CV': '0.46500', 'NX_0_CV_turn': '0.15500', 'NX_0_ctr': '2.37233', 'NX_0_len_tra': 30.0, 'NX_0_R_tra': 71.17, 'NX_10_CV': '0.10600', 'NX_10_CV_turn': '0.10600', 'NX_10_ctr': '2.57400', 'NX_10_len_tra': 10.0, 'NX_10_R_tra': 25.74}]
[I 240518 15:52:19 utils:142] Epoch: [111], Info: [{'num_test': 100, 'CV': '0.02800', 'CV_turn': '0.00933', 'ctr': '3.59300', 'len_tra': 30.0, 'R_tra': 107.79, 'NX_0_CV': '0.47800', 'NX_0_CV_turn': '0.15933', 'NX_0_ctr': '2.39767', 'NX_0_len_tra': 30.0, 'NX_0_R_tra': 71.93, 'NX_10_CV': '0.10200', 'NX_10_CV_turn': '0.10200', 'NX_10_ctr': '2.74500', 'NX_10_len_tra': 10.0, 'NX_10_R_tra': 27.45}]
[I 240518 15:52:29 utils:142] Epoch: [112], Info: [{'num_test': 100, 'CV': '0.03300', 'CV_turn': '0.01100', 'ctr': '3.41800', 'len_tra': 30.0, 'R_tra': 102.54, 'NX_0_CV': '0.52100', 'NX_0_CV_turn': '0.17367', 'NX_0_ctr': '2.36167', 'NX_0_len_tra': 30.0, 'NX_0_R_tra': 70.85, 'NX_10_CV': '0.13100', 'NX_10_CV_turn': '0.13100', 'NX_10_ctr': '2.64600', 'NX_10_len_tra': 10.0, 'NX_10_R_tra': 26.46}]
[I 240518 15:52:39 utils:142] Epoch: [113], Info: [{'num_test': 100, 'CV': '0.04000', 'CV_turn': '0.01333', 'ctr': '3.57233', 'len_tra': 30.0, 'R_tra': 107.17, 'NX_0_CV': '0.49700', 'NX_0_CV_turn': '0.16567', 'NX_0_ctr': '2.36400', 'NX_0_len_tra': 30.0, 'NX_0_R_tra': 70.92, 'NX_10_CV': '0.10300', 'NX_10_CV_turn': '0.10300', 'NX_10_ctr': '2.85800', 'NX_10_len_tra': 10.0, 'NX_10_R_tra': 28.58}]
[I 240518 15:52:50 utils:142] Epoch: [114], Info: [{'num_test': 100, 'CV': '0.03000', 'CV_turn': '0.01000', 'ctr': '3.60067', 'len_tra': 30.0, 'R_tra': 108.02, 'NX_0_CV': '0.48700', 'NX_0_CV_turn': '0.16233', 'NX_0_ctr': '2.37333', 'NX_0_len_tra': 30.0, 'NX_0_R_tra': 71.2, 'NX_10_CV': '0.09300', 'NX_10_CV_turn': '0.09300', 'NX_10_ctr': '2.70700', 'NX_10_len_tra': 10.0, 'NX_10_R_tra': 27.07}]
[I 240518 15:53:00 utils:142] Epoch: [115], Info: [{'num_test': 100, 'CV': '0.02800', 'CV_turn': '0.00933', 'ctr': '3.58833', 'len_tra': 30.0, 'R_tra': 107.65, 'NX_0_CV': '0.45100', 'NX_0_CV_turn': '0.15033', 'NX_0_ctr': '2.36900', 'NX_0_len_tra': 30.0, 'NX_0_R_tra': 71.07, 'NX_10_CV': '0.08600', 'NX_10_CV_turn': '0.08600', 'NX_10_ctr': '2.91700', 'NX_10_len_tra': 10.0, 'NX_10_R_tra': 29.17}]
[I 240518 15:53:10 utils:142] Epoch: [116], Info: [{'num_test': 100, 'CV': '0.03500', 'CV_turn': '0.01167', 'ctr': '3.32900', 'len_tra': 30.0, 'R_tra': 99.87, 'NX_0_CV': '0.49500', 'NX_0_CV_turn': '0.16500', 'NX_0_ctr': '2.38600', 'NX_0_len_tra': 30.0, 'NX_0_R_tra': 71.58, 'NX_10_CV': '0.08300', 'NX_10_CV_turn': '0.08300', 'NX_10_ctr': '2.73800', 'NX_10_len_tra': 10.0, 'NX_10_R_tra': 27.38}]
[I 240518 15:53:20 utils:142] Epoch: [117], Info: [{'num_test': 100, 'CV': '0.04100', 'CV_turn': '0.01367', 'ctr': '3.57900', 'len_tra': 30.0, 'R_tra': 107.37, 'NX_0_CV': '0.48300', 'NX_0_CV_turn': '0.16100', 'NX_0_ctr': '2.41833', 'NX_0_len_tra': 30.0, 'NX_0_R_tra': 72.55, 'NX_10_CV': '0.11300', 'NX_10_CV_turn': '0.11300', 'NX_10_ctr': '2.73100', 'NX_10_len_tra': 10.0, 'NX_10_R_tra': 27.31}]
[I 240518 15:53:31 utils:142] Epoch: [118], Info: [{'num_test': 100, 'CV': '0.03400', 'CV_turn': '0.01133', 'ctr': '3.36167', 'len_tra': 30.0, 'R_tra': 100.85, 'NX_0_CV': '0.46200', 'NX_0_CV_turn': '0.15400', 'NX_0_ctr': '2.33200', 'NX_0_len_tra': 30.0, 'NX_0_R_tra': 69.96, 'NX_10_CV': '0.09500', 'NX_10_CV_turn': '0.09500', 'NX_10_ctr': '2.60500', 'NX_10_len_tra': 10.0, 'NX_10_R_tra': 26.05}]
[I 240518 15:53:41 utils:142] Epoch: [119], Info: [{'num_test': 100, 'CV': '0.03200', 'CV_turn': '0.01067', 'ctr': '3.47533', 'len_tra': 30.0, 'R_tra': 104.26, 'NX_0_CV': '0.50600', 'NX_0_CV_turn': '0.16867', 'NX_0_ctr': '2.31767', 'NX_0_len_tra': 30.0, 'NX_0_R_tra': 69.53, 'NX_10_CV': '0.09100', 'NX_10_CV_turn': '0.09100', 'NX_10_ctr': '2.81700', 'NX_10_len_tra': 10.0, 'NX_10_R_tra': 28.17}]
[I 240518 15:53:52 utils:142] Epoch: [120], Info: [{'num_test': 100, 'CV': '0.02900', 'CV_turn': '0.00967', 'ctr': '3.51933', 'len_tra': 30.0, 'R_tra': 105.58, 'NX_0_CV': '0.47100', 'NX_0_CV_turn': '0.15700', 'NX_0_ctr': '2.43233', 'NX_0_len_tra': 30.0, 'NX_0_R_tra': 72.97, 'NX_10_CV': '0.10500', 'NX_10_CV_turn': '0.10500', 'NX_10_ctr': '2.79900', 'NX_10_len_tra': 10.0, 'NX_10_R_tra': 27.99}]
[I 240518 15:54:02 utils:142] Epoch: [121], Info: [{'num_test': 100, 'CV': '0.03800', 'CV_turn': '0.01267', 'ctr': '3.55100', 'len_tra': 30.0, 'R_tra': 106.53, 'NX_0_CV': '0.46200', 'NX_0_CV_turn': '0.15400', 'NX_0_ctr': '2.34767', 'NX_0_len_tra': 30.0, 'NX_0_R_tra': 70.43, 'NX_10_CV': '0.08400', 'NX_10_CV_turn': '0.08400', 'NX_10_ctr': '2.82900', 'NX_10_len_tra': 10.0, 'NX_10_R_tra': 28.29}]
[I 240518 15:54:13 utils:142] Epoch: [122], Info: [{'num_test': 100, 'CV': '0.02900', 'CV_turn': '0.00967', 'ctr': '3.64567', 'len_tra': 30.0, 'R_tra': 109.37, 'NX_0_CV': '0.47100', 'NX_0_CV_turn': '0.15700', 'NX_0_ctr': '2.44767', 'NX_0_len_tra': 30.0, 'NX_0_R_tra': 73.43, 'NX_10_CV': '0.09200', 'NX_10_CV_turn': '0.09200', 'NX_10_ctr': '2.73200', 'NX_10_len_tra': 10.0, 'NX_10_R_tra': 27.32}]
[I 240518 15:54:23 utils:142] Epoch: [123], Info: [{'num_test': 100, 'CV': '0.02300', 'CV_turn': '0.00767', 'ctr': '3.37433', 'len_tra': 30.0, 'R_tra': 101.23, 'NX_0_CV': '0.45100', 'NX_0_CV_turn': '0.15033', 'NX_0_ctr': '2.40200', 'NX_0_len_tra': 30.0, 'NX_0_R_tra': 72.06, 'NX_10_CV': '0.08400', 'NX_10_CV_turn': '0.08400', 'NX_10_ctr': '2.79000', 'NX_10_len_tra': 10.0, 'NX_10_R_tra': 27.9}]
[I 240518 15:54:34 utils:142] Epoch: [124], Info: [{'num_test': 100, 'CV': '0.02600', 'CV_turn': '0.00867', 'ctr': '3.38600', 'len_tra': 30.0, 'R_tra': 101.58, 'NX_0_CV': '0.44200', 'NX_0_CV_turn': '0.14733', 'NX_0_ctr': '2.37067', 'NX_0_len_tra': 30.0, 'NX_0_R_tra': 71.12, 'NX_10_CV': '0.08600', 'NX_10_CV_turn': '0.08600', 'NX_10_ctr': '2.65400', 'NX_10_len_tra': 10.0, 'NX_10_R_tra': 26.54}]
[I 240518 15:54:45 utils:142] Epoch: [125], Info: [{'num_test': 100, 'CV': '0.02300', 'CV_turn': '0.00767', 'ctr': '3.60933', 'len_tra': 30.0, 'R_tra': 108.28, 'NX_0_CV': '0.45700', 'NX_0_CV_turn': '0.15233', 'NX_0_ctr': '2.32967', 'NX_0_len_tra': 30.0, 'NX_0_R_tra': 69.89, 'NX_10_CV': '0.08200', 'NX_10_CV_turn': '0.08200', 'NX_10_ctr': '2.74300', 'NX_10_len_tra': 10.0, 'NX_10_R_tra': 27.43}]
[I 240518 15:54:55 utils:142] Epoch: [126], Info: [{'num_test': 100, 'CV': '0.01600', 'CV_turn': '0.00533', 'ctr': '3.55967', 'len_tra': 30.0, 'R_tra': 106.79, 'NX_0_CV': '0.41900', 'NX_0_CV_turn': '0.13967', 'NX_0_ctr': '2.40233', 'NX_0_len_tra': 30.0, 'NX_0_R_tra': 72.07, 'NX_10_CV': '0.08700', 'NX_10_CV_turn': '0.08700', 'NX_10_ctr': '2.72000', 'NX_10_len_tra': 10.0, 'NX_10_R_tra': 27.2}]
[I 240518 15:55:06 utils:142] Epoch: [127], Info: [{'num_test': 100, 'CV': '0.01800', 'CV_turn': '0.00600', 'ctr': '3.52767', 'len_tra': 30.0, 'R_tra': 105.83, 'NX_0_CV': '0.43600', 'NX_0_CV_turn': '0.14533', 'NX_0_ctr': '2.29633', 'NX_0_len_tra': 30.0, 'NX_0_R_tra': 68.89, 'NX_10_CV': '0.08600', 'NX_10_CV_turn': '0.08600', 'NX_10_ctr': '2.75500', 'NX_10_len_tra': 10.0, 'NX_10_R_tra': 27.55}]
[I 240518 15:55:17 utils:142] Epoch: [128], Info: [{'num_test': 100, 'CV': '0.02800', 'CV_turn': '0.00933', 'ctr': '3.40600', 'len_tra': 30.0, 'R_tra': 102.18, 'NX_0_CV': '0.47000', 'NX_0_CV_turn': '0.15667', 'NX_0_ctr': '2.37067', 'NX_0_len_tra': 30.0, 'NX_0_R_tra': 71.12, 'NX_10_CV': '0.08700', 'NX_10_CV_turn': '0.08700', 'NX_10_ctr': '2.85500', 'NX_10_len_tra': 10.0, 'NX_10_R_tra': 28.55}]
[I 240518 15:55:28 utils:142] Epoch: [129], Info: [{'num_test': 100, 'CV': '0.02700', 'CV_turn': '0.00900', 'ctr': '3.26700', 'len_tra': 30.0, 'R_tra': 98.01, 'NX_0_CV': '0.44600', 'NX_0_CV_turn': '0.14867', 'NX_0_ctr': '2.39100', 'NX_0_len_tra': 30.0, 'NX_0_R_tra': 71.73, 'NX_10_CV': '0.09900', 'NX_10_CV_turn': '0.09900', 'NX_10_ctr': '2.70400', 'NX_10_len_tra': 10.0, 'NX_10_R_tra': 27.04}]
[I 240518 15:55:39 utils:142] Epoch: [130], Info: [{'num_test': 100, 'CV': '0.02300', 'CV_turn': '0.00767', 'ctr': '3.50267', 'len_tra': 30.0, 'R_tra': 105.08, 'NX_0_CV': '0.43200', 'NX_0_CV_turn': '0.14400', 'NX_0_ctr': '2.44200', 'NX_0_len_tra': 30.0, 'NX_0_R_tra': 73.26, 'NX_10_CV': '0.08600', 'NX_10_CV_turn': '0.08600', 'NX_10_ctr': '2.73300', 'NX_10_len_tra': 10.0, 'NX_10_R_tra': 27.33}]
[I 240518 15:55:50 utils:142] Epoch: [131], Info: [{'num_test': 100, 'CV': '0.01700', 'CV_turn': '0.00567', 'ctr': '3.51667', 'len_tra': 30.0, 'R_tra': 105.5, 'NX_0_CV': '0.43200', 'NX_0_CV_turn': '0.14400', 'NX_0_ctr': '2.45267', 'NX_0_len_tra': 30.0, 'NX_0_R_tra': 73.58, 'NX_10_CV': '0.06800', 'NX_10_CV_turn': '0.06800', 'NX_10_ctr': '2.76200', 'NX_10_len_tra': 10.0, 'NX_10_R_tra': 27.62}]
[I 240518 15:56:01 utils:142] Epoch: [132], Info: [{'num_test': 100, 'CV': '0.02100', 'CV_turn': '0.00700', 'ctr': '3.43933', 'len_tra': 30.0, 'R_tra': 103.18, 'NX_0_CV': '0.40100', 'NX_0_CV_turn': '0.13367', 'NX_0_ctr': '2.41967', 'NX_0_len_tra': 30.0, 'NX_0_R_tra': 72.59, 'NX_10_CV': '0.06800', 'NX_10_CV_turn': '0.06800', 'NX_10_ctr': '2.66900', 'NX_10_len_tra': 10.0, 'NX_10_R_tra': 26.69}]
[I 240518 15:56:12 utils:142] Epoch: [133], Info: [{'num_test': 100, 'CV': '0.02300', 'CV_turn': '0.00767', 'ctr': '3.48033', 'len_tra': 30.0, 'R_tra': 104.41, 'NX_0_CV': '0.42600', 'NX_0_CV_turn': '0.14200', 'NX_0_ctr': '2.33500', 'NX_0_len_tra': 30.0, 'NX_0_R_tra': 70.05, 'NX_10_CV': '0.07700', 'NX_10_CV_turn': '0.07700', 'NX_10_ctr': '2.79300', 'NX_10_len_tra': 10.0, 'NX_10_R_tra': 27.93}]
[I 240518 15:56:23 utils:142] Epoch: [134], Info: [{'num_test': 100, 'CV': '0.01100', 'CV_turn': '0.00367', 'ctr': '3.59900', 'len_tra': 30.0, 'R_tra': 107.97, 'NX_0_CV': '0.42200', 'NX_0_CV_turn': '0.14067', 'NX_0_ctr': '2.38967', 'NX_0_len_tra': 30.0, 'NX_0_R_tra': 71.69, 'NX_10_CV': '0.07600', 'NX_10_CV_turn': '0.07600', 'NX_10_ctr': '2.65200', 'NX_10_len_tra': 10.0, 'NX_10_R_tra': 26.52}]
[I 240518 15:56:34 utils:142] Epoch: [135], Info: [{'num_test': 100, 'CV': '0.02300', 'CV_turn': '0.00767', 'ctr': '3.45700', 'len_tra': 30.0, 'R_tra': 103.71, 'NX_0_CV': '0.41700', 'NX_0_CV_turn': '0.13900', 'NX_0_ctr': '2.42367', 'NX_0_len_tra': 30.0, 'NX_0_R_tra': 72.71, 'NX_10_CV': '0.07000', 'NX_10_CV_turn': '0.07000', 'NX_10_ctr': '2.77300', 'NX_10_len_tra': 10.0, 'NX_10_R_tra': 27.73}]
[I 240518 15:56:45 utils:142] Epoch: [136], Info: [{'num_test': 100, 'CV': '0.01700', 'CV_turn': '0.00567', 'ctr': '3.49067', 'len_tra': 30.0, 'R_tra': 104.72, 'NX_0_CV': '0.41100', 'NX_0_CV_turn': '0.13700', 'NX_0_ctr': '2.37267', 'NX_0_len_tra': 30.0, 'NX_0_R_tra': 71.18, 'NX_10_CV': '0.07600', 'NX_10_CV_turn': '0.07600', 'NX_10_ctr': '2.71600', 'NX_10_len_tra': 10.0, 'NX_10_R_tra': 27.16}]
[I 240518 15:56:56 utils:142] Epoch: [137], Info: [{'num_test': 100, 'CV': '0.01600', 'CV_turn': '0.00533', 'ctr': '3.45200', 'len_tra': 30.0, 'R_tra': 103.56, 'NX_0_CV': '0.41300', 'NX_0_CV_turn': '0.13767', 'NX_0_ctr': '2.42233', 'NX_0_len_tra': 30.0, 'NX_0_R_tra': 72.67, 'NX_10_CV': '0.07500', 'NX_10_CV_turn': '0.07500', 'NX_10_ctr': '2.75500', 'NX_10_len_tra': 10.0, 'NX_10_R_tra': 27.55}]
[I 240518 15:57:07 utils:142] Epoch: [138], Info: [{'num_test': 100, 'CV': '0.01400', 'CV_turn': '0.00467', 'ctr': '3.44333', 'len_tra': 30.0, 'R_tra': 103.3, 'NX_0_CV': '0.41800', 'NX_0_CV_turn': '0.13933', 'NX_0_ctr': '2.30333', 'NX_0_len_tra': 30.0, 'NX_0_R_tra': 69.1, 'NX_10_CV': '0.06800', 'NX_10_CV_turn': '0.06800', 'NX_10_ctr': '2.76200', 'NX_10_len_tra': 10.0, 'NX_10_R_tra': 27.62}]
[I 240518 15:57:19 utils:142] Epoch: [139], Info: [{'num_test': 100, 'CV': '0.01300', 'CV_turn': '0.00433', 'ctr': '3.46967', 'len_tra': 30.0, 'R_tra': 104.09, 'NX_0_CV': '0.41300', 'NX_0_CV_turn': '0.13767', 'NX_0_ctr': '2.43133', 'NX_0_len_tra': 30.0, 'NX_0_R_tra': 72.94, 'NX_10_CV': '0.06800', 'NX_10_CV_turn': '0.06800', 'NX_10_ctr': '2.78300', 'NX_10_len_tra': 10.0, 'NX_10_R_tra': 27.83}]
[I 240518 15:57:30 utils:142] Epoch: [140], Info: [{'num_test': 100, 'CV': '0.01500', 'CV_turn': '0.00500', 'ctr': '3.60433', 'len_tra': 30.0, 'R_tra': 108.13, 'NX_0_CV': '0.42000', 'NX_0_CV_turn': '0.14000', 'NX_0_ctr': '2.32567', 'NX_0_len_tra': 30.0, 'NX_0_R_tra': 69.77, 'NX_10_CV': '0.07800', 'NX_10_CV_turn': '0.07800', 'NX_10_ctr': '2.74900', 'NX_10_len_tra': 10.0, 'NX_10_R_tra': 27.49}]
[I 240518 15:57:41 utils:142] Epoch: [141], Info: [{'num_test': 100, 'CV': '0.01500', 'CV_turn': '0.00500', 'ctr': '3.59967', 'len_tra': 30.0, 'R_tra': 107.99, 'NX_0_CV': '0.40600', 'NX_0_CV_turn': '0.13533', 'NX_0_ctr': '2.43600', 'NX_0_len_tra': 30.0, 'NX_0_R_tra': 73.08, 'NX_10_CV': '0.07300', 'NX_10_CV_turn': '0.07300', 'NX_10_ctr': '2.71200', 'NX_10_len_tra': 10.0, 'NX_10_R_tra': 27.12}]
[I 240518 15:57:53 utils:142] Epoch: [142], Info: [{'num_test': 100, 'CV': '0.01200', 'CV_turn': '0.00400', 'ctr': '3.50300', 'len_tra': 30.0, 'R_tra': 105.09, 'NX_0_CV': '0.40400', 'NX_0_CV_turn': '0.13467', 'NX_0_ctr': '2.41200', 'NX_0_len_tra': 30.0, 'NX_0_R_tra': 72.36, 'NX_10_CV': '0.08000', 'NX_10_CV_turn': '0.08000', 'NX_10_ctr': '2.69600', 'NX_10_len_tra': 10.0, 'NX_10_R_tra': 26.96}]
[I 240518 15:58:04 utils:142] Epoch: [143], Info: [{'num_test': 100, 'CV': '0.01500', 'CV_turn': '0.00500', 'ctr': '3.71033', 'len_tra': 30.0, 'R_tra': 111.31, 'NX_0_CV': '0.40400', 'NX_0_CV_turn': '0.13467', 'NX_0_ctr': '2.33567', 'NX_0_len_tra': 30.0, 'NX_0_R_tra': 70.07, 'NX_10_CV': '0.07800', 'NX_10_CV_turn': '0.07800', 'NX_10_ctr': '2.71900', 'NX_10_len_tra': 10.0, 'NX_10_R_tra': 27.19}]
[I 240518 15:58:15 utils:142] Epoch: [144], Info: [{'num_test': 100, 'CV': '0.01200', 'CV_turn': '0.00400', 'ctr': '3.43333', 'len_tra': 30.0, 'R_tra': 103.0, 'NX_0_CV': '0.39400', 'NX_0_CV_turn': '0.13133', 'NX_0_ctr': '2.45633', 'NX_0_len_tra': 30.0, 'NX_0_R_tra': 73.69, 'NX_10_CV': '0.07100', 'NX_10_CV_turn': '0.07100', 'NX_10_ctr': '2.73700', 'NX_10_len_tra': 10.0, 'NX_10_R_tra': 27.37}]
[I 240518 15:58:27 utils:142] Epoch: [145], Info: [{'num_test': 100, 'CV': '0.00800', 'CV_turn': '0.00267', 'ctr': '3.55467', 'len_tra': 30.0, 'R_tra': 106.64, 'NX_0_CV': '0.38900', 'NX_0_CV_turn': '0.12967', 'NX_0_ctr': '2.36200', 'NX_0_len_tra': 30.0, 'NX_0_R_tra': 70.86, 'NX_10_CV': '0.09800', 'NX_10_CV_turn': '0.09800', 'NX_10_ctr': '2.60700', 'NX_10_len_tra': 10.0, 'NX_10_R_tra': 26.07}]
[I 240518 15:58:39 utils:142] Epoch: [146], Info: [{'num_test': 100, 'CV': '0.00900', 'CV_turn': '0.00300', 'ctr': '3.52900', 'len_tra': 30.0, 'R_tra': 105.87, 'NX_0_CV': '0.39400', 'NX_0_CV_turn': '0.13133', 'NX_0_ctr': '2.42100', 'NX_0_len_tra': 30.0, 'NX_0_R_tra': 72.63, 'NX_10_CV': '0.08600', 'NX_10_CV_turn': '0.08600', 'NX_10_ctr': '2.71400', 'NX_10_len_tra': 10.0, 'NX_10_R_tra': 27.14}]
[I 240518 15:58:50 utils:142] Epoch: [147], Info: [{'num_test': 100, 'CV': '0.01000', 'CV_turn': '0.00333', 'ctr': '3.68867', 'len_tra': 30.0, 'R_tra': 110.66, 'NX_0_CV': '0.43000', 'NX_0_CV_turn': '0.14333', 'NX_0_ctr': '2.28333', 'NX_0_len_tra': 30.0, 'NX_0_R_tra': 68.5, 'NX_10_CV': '0.09200', 'NX_10_CV_turn': '0.09200', 'NX_10_ctr': '2.76300', 'NX_10_len_tra': 10.0, 'NX_10_R_tra': 27.63}]
[I 240518 15:59:02 utils:142] Epoch: [148], Info: [{'num_test': 100, 'CV': '0.00900', 'CV_turn': '0.00300', 'ctr': '3.59833', 'len_tra': 30.0, 'R_tra': 107.95, 'NX_0_CV': '0.39300', 'NX_0_CV_turn': '0.13100', 'NX_0_ctr': '2.39767', 'NX_0_len_tra': 30.0, 'NX_0_R_tra': 71.93, 'NX_10_CV': '0.08300', 'NX_10_CV_turn': '0.08300', 'NX_10_ctr': '2.76500', 'NX_10_len_tra': 10.0, 'NX_10_R_tra': 27.65}]
[I 240518 15:59:14 utils:142] Epoch: [149], Info: [{'num_test': 100, 'CV': '0.00800', 'CV_turn': '0.00267', 'ctr': '3.55500', 'len_tra': 30.0, 'R_tra': 106.65, 'NX_0_CV': '0.39600', 'NX_0_CV_turn': '0.13200', 'NX_0_ctr': '2.43867', 'NX_0_len_tra': 30.0, 'NX_0_R_tra': 73.16, 'NX_10_CV': '0.09000', 'NX_10_CV_turn': '0.09000', 'NX_10_ctr': '2.76100', 'NX_10_len_tra': 10.0, 'NX_10_R_tra': 27.61}]
[I 240518 15:59:25 utils:142] Epoch: [150], Info: [{'num_test': 100, 'CV': '0.00600', 'CV_turn': '0.00200', 'ctr': '3.50433', 'len_tra': 30.0, 'R_tra': 105.13, 'NX_0_CV': '0.39600', 'NX_0_CV_turn': '0.13200', 'NX_0_ctr': '2.36233', 'NX_0_len_tra': 30.0, 'NX_0_R_tra': 70.87, 'NX_10_CV': '0.10100', 'NX_10_CV_turn': '0.10100', 'NX_10_ctr': '2.59700', 'NX_10_len_tra': 10.0, 'NX_10_R_tra': 25.97}]
[I 240518 15:59:37 utils:142] Epoch: [151], Info: [{'num_test': 100, 'CV': '0.00700', 'CV_turn': '0.00233', 'ctr': '3.44400', 'len_tra': 30.0, 'R_tra': 103.32, 'NX_0_CV': '0.39700', 'NX_0_CV_turn': '0.13233', 'NX_0_ctr': '2.23800', 'NX_0_len_tra': 30.0, 'NX_0_R_tra': 67.14, 'NX_10_CV': '0.08700', 'NX_10_CV_turn': '0.08700', 'NX_10_ctr': '2.69200', 'NX_10_len_tra': 10.0, 'NX_10_R_tra': 26.92}]
[I 240518 15:59:49 utils:142] Epoch: [152], Info: [{'num_test': 100, 'CV': '0.00600', 'CV_turn': '0.00200', 'ctr': '3.53100', 'len_tra': 30.0, 'R_tra': 105.93, 'NX_0_CV': '0.37200', 'NX_0_CV_turn': '0.12400', 'NX_0_ctr': '2.32900', 'NX_0_len_tra': 30.0, 'NX_0_R_tra': 69.87, 'NX_10_CV': '0.08800', 'NX_10_CV_turn': '0.08800', 'NX_10_ctr': '2.71200', 'NX_10_len_tra': 10.0, 'NX_10_R_tra': 27.12}]
[I 240518 16:00:01 utils:142] Epoch: [153], Info: [{'num_test': 100, 'CV': '0.00700', 'CV_turn': '0.00233', 'ctr': '3.71767', 'len_tra': 30.0, 'R_tra': 111.53, 'NX_0_CV': '0.37600', 'NX_0_CV_turn': '0.12533', 'NX_0_ctr': '2.56500', 'NX_0_len_tra': 30.0, 'NX_0_R_tra': 76.95, 'NX_10_CV': '0.09500', 'NX_10_CV_turn': '0.09500', 'NX_10_ctr': '2.66400', 'NX_10_len_tra': 10.0, 'NX_10_R_tra': 26.64}]
[I 240518 16:00:13 utils:142] Epoch: [154], Info: [{'num_test': 100, 'CV': '0.00500', 'CV_turn': '0.00167', 'ctr': '3.56567', 'len_tra': 30.0, 'R_tra': 106.97, 'NX_0_CV': '0.38300', 'NX_0_CV_turn': '0.12767', 'NX_0_ctr': '2.32233', 'NX_0_len_tra': 30.0, 'NX_0_R_tra': 69.67, 'NX_10_CV': '0.09500', 'NX_10_CV_turn': '0.09500', 'NX_10_ctr': '2.74300', 'NX_10_len_tra': 10.0, 'NX_10_R_tra': 27.43}]
[I 240518 16:00:25 utils:142] Epoch: [155], Info: [{'num_test': 100, 'CV': '0.00600', 'CV_turn': '0.00200', 'ctr': '3.70133', 'len_tra': 30.0, 'R_tra': 111.04, 'NX_0_CV': '0.39400', 'NX_0_CV_turn': '0.13133', 'NX_0_ctr': '2.37400', 'NX_0_len_tra': 30.0, 'NX_0_R_tra': 71.22, 'NX_10_CV': '0.10300', 'NX_10_CV_turn': '0.10300', 'NX_10_ctr': '2.67000', 'NX_10_len_tra': 10.0, 'NX_10_R_tra': 26.7}]
[I 240518 16:00:37 utils:142] Epoch: [156], Info: [{'num_test': 100, 'CV': '0.00500', 'CV_turn': '0.00167', 'ctr': '3.76667', 'len_tra': 30.0, 'R_tra': 113.0, 'NX_0_CV': '0.36900', 'NX_0_CV_turn': '0.12300', 'NX_0_ctr': '2.45367', 'NX_0_len_tra': 30.0, 'NX_0_R_tra': 73.61, 'NX_10_CV': '0.08000', 'NX_10_CV_turn': '0.08000', 'NX_10_ctr': '2.78000', 'NX_10_len_tra': 10.0, 'NX_10_R_tra': 27.8}]
[I 240518 16:00:49 utils:142] Epoch: [157], Info: [{'num_test': 100, 'CV': '0.00400', 'CV_turn': '0.00133', 'ctr': '3.56333', 'len_tra': 30.0, 'R_tra': 106.9, 'NX_0_CV': '0.39700', 'NX_0_CV_turn': '0.13233', 'NX_0_ctr': '2.32700', 'NX_0_len_tra': 30.0, 'NX_0_R_tra': 69.81, 'NX_10_CV': '0.08300', 'NX_10_CV_turn': '0.08300', 'NX_10_ctr': '2.79400', 'NX_10_len_tra': 10.0, 'NX_10_R_tra': 27.94}]
[I 240518 16:01:01 utils:142] Epoch: [158], Info: [{'num_test': 100, 'CV': '0.00500', 'CV_turn': '0.00167', 'ctr': '3.73367', 'len_tra': 30.0, 'R_tra': 112.01, 'NX_0_CV': '0.41700', 'NX_0_CV_turn': '0.13900', 'NX_0_ctr': '2.38167', 'NX_0_len_tra': 30.0, 'NX_0_R_tra': 71.45, 'NX_10_CV': '0.07900', 'NX_10_CV_turn': '0.07900', 'NX_10_ctr': '2.78100', 'NX_10_len_tra': 10.0, 'NX_10_R_tra': 27.81}]
[I 240518 16:01:13 utils:142] Epoch: [159], Info: [{'num_test': 100, 'CV': '0.00600', 'CV_turn': '0.00200', 'ctr': '3.59667', 'len_tra': 30.0, 'R_tra': 107.9, 'NX_0_CV': '0.37800', 'NX_0_CV_turn': '0.12600', 'NX_0_ctr': '2.32433', 'NX_0_len_tra': 30.0, 'NX_0_R_tra': 69.73, 'NX_10_CV': '0.08800', 'NX_10_CV_turn': '0.08800', 'NX_10_ctr': '2.74800', 'NX_10_len_tra': 10.0, 'NX_10_R_tra': 27.48}]
[I 240518 16:01:25 utils:142] Epoch: [160], Info: [{'num_test': 100, 'CV': '0.00400', 'CV_turn': '0.00133', 'ctr': '3.60667', 'len_tra': 30.0, 'R_tra': 108.2, 'NX_0_CV': '0.37300', 'NX_0_CV_turn': '0.12433', 'NX_0_ctr': '2.44233', 'NX_0_len_tra': 30.0, 'NX_0_R_tra': 73.27, 'NX_10_CV': '0.09300', 'NX_10_CV_turn': '0.09300', 'NX_10_ctr': '2.79500', 'NX_10_len_tra': 10.0, 'NX_10_R_tra': 27.95}]
[I 240518 16:01:38 utils:142] Epoch: [161], Info: [{'num_test': 100, 'CV': '0.00800', 'CV_turn': '0.00267', 'ctr': '3.49200', 'len_tra': 30.0, 'R_tra': 104.76, 'NX_0_CV': '0.40200', 'NX_0_CV_turn': '0.13400', 'NX_0_ctr': '2.42767', 'NX_0_len_tra': 30.0, 'NX_0_R_tra': 72.83, 'NX_10_CV': '0.11100', 'NX_10_CV_turn': '0.11100', 'NX_10_ctr': '2.64800', 'NX_10_len_tra': 10.0, 'NX_10_R_tra': 26.48}]
[I 240518 16:01:50 utils:142] Epoch: [162], Info: [{'num_test': 100, 'CV': '0.00500', 'CV_turn': '0.00167', 'ctr': '3.60433', 'len_tra': 30.0, 'R_tra': 108.13, 'NX_0_CV': '0.40200', 'NX_0_CV_turn': '0.13400', 'NX_0_ctr': '2.24767', 'NX_0_len_tra': 30.0, 'NX_0_R_tra': 67.43, 'NX_10_CV': '0.08500', 'NX_10_CV_turn': '0.08500', 'NX_10_ctr': '2.80400', 'NX_10_len_tra': 10.0, 'NX_10_R_tra': 28.04}]
[I 240518 16:02:02 utils:142] Epoch: [163], Info: [{'num_test': 100, 'CV': '0.00500', 'CV_turn': '0.00167', 'ctr': '3.88267', 'len_tra': 30.0, 'R_tra': 116.48, 'NX_0_CV': '0.40200', 'NX_0_CV_turn': '0.13400', 'NX_0_ctr': '2.35033', 'NX_0_len_tra': 30.0, 'NX_0_R_tra': 70.51, 'NX_10_CV': '0.09400', 'NX_10_CV_turn': '0.09400', 'NX_10_ctr': '2.77200', 'NX_10_len_tra': 10.0, 'NX_10_R_tra': 27.72}]
[I 240518 16:02:15 utils:142] Epoch: [164], Info: [{'num_test': 100, 'CV': '0.00400', 'CV_turn': '0.00133', 'ctr': '3.63033', 'len_tra': 30.0, 'R_tra': 108.91, 'NX_0_CV': '0.38500', 'NX_0_CV_turn': '0.12833', 'NX_0_ctr': '2.37433', 'NX_0_len_tra': 30.0, 'NX_0_R_tra': 71.23, 'NX_10_CV': '0.10600', 'NX_10_CV_turn': '0.10600', 'NX_10_ctr': '2.70500', 'NX_10_len_tra': 10.0, 'NX_10_R_tra': 27.05}]
[I 240518 16:02:27 utils:142] Epoch: [165], Info: [{'num_test': 100, 'CV': '0.00400', 'CV_turn': '0.00133', 'ctr': '3.71267', 'len_tra': 30.0, 'R_tra': 111.38, 'NX_0_CV': '0.42500', 'NX_0_CV_turn': '0.14167', 'NX_0_ctr': '2.25867', 'NX_0_len_tra': 30.0, 'NX_0_R_tra': 67.76, 'NX_10_CV': '0.09800', 'NX_10_CV_turn': '0.09800', 'NX_10_ctr': '2.71000', 'NX_10_len_tra': 10.0, 'NX_10_R_tra': 27.1}]
[I 240518 16:02:40 utils:142] Epoch: [166], Info: [{'num_test': 100, 'CV': '0.00400', 'CV_turn': '0.00133', 'ctr': '3.73700', 'len_tra': 30.0, 'R_tra': 112.11, 'NX_0_CV': '0.39600', 'NX_0_CV_turn': '0.13200', 'NX_0_ctr': '2.36667', 'NX_0_len_tra': 30.0, 'NX_0_R_tra': 71.0, 'NX_10_CV': '0.09000', 'NX_10_CV_turn': '0.09000', 'NX_10_ctr': '2.74900', 'NX_10_len_tra': 10.0, 'NX_10_R_tra': 27.49}]
[I 240518 16:02:52 utils:142] Epoch: [167], Info: [{'num_test': 100, 'CV': '0.00400', 'CV_turn': '0.00133', 'ctr': '3.87967', 'len_tra': 30.0, 'R_tra': 116.39, 'NX_0_CV': '0.40000', 'NX_0_CV_turn': '0.13333', 'NX_0_ctr': '2.41433', 'NX_0_len_tra': 30.0, 'NX_0_R_tra': 72.43, 'NX_10_CV': '0.09300', 'NX_10_CV_turn': '0.09300', 'NX_10_ctr': '2.69700', 'NX_10_len_tra': 10.0, 'NX_10_R_tra': 26.97}]
[I 240518 16:03:05 utils:142] Epoch: [168], Info: [{'num_test': 100, 'CV': '0.00400', 'CV_turn': '0.00133', 'ctr': '3.69133', 'len_tra': 30.0, 'R_tra': 110.74, 'NX_0_CV': '0.43100', 'NX_0_CV_turn': '0.14367', 'NX_0_ctr': '2.35833', 'NX_0_len_tra': 30.0, 'NX_0_R_tra': 70.75, 'NX_10_CV': '0.09600', 'NX_10_CV_turn': '0.09600', 'NX_10_ctr': '2.69500', 'NX_10_len_tra': 10.0, 'NX_10_R_tra': 26.95}]
[I 240518 16:03:17 utils:142] Epoch: [169], Info: [{'num_test': 100, 'CV': '0.00400', 'CV_turn': '0.00133', 'ctr': '3.58800', 'len_tra': 30.0, 'R_tra': 107.64, 'NX_0_CV': '0.40100', 'NX_0_CV_turn': '0.13367', 'NX_0_ctr': '2.35133', 'NX_0_len_tra': 30.0, 'NX_0_R_tra': 70.54, 'NX_10_CV': '0.09100', 'NX_10_CV_turn': '0.09100', 'NX_10_ctr': '2.61400', 'NX_10_len_tra': 10.0, 'NX_10_R_tra': 26.14}]
[I 240518 16:03:30 utils:142] Epoch: [170], Info: [{'num_test': 100, 'CV': '0.00500', 'CV_turn': '0.00167', 'ctr': '3.43833', 'len_tra': 30.0, 'R_tra': 103.15, 'NX_0_CV': '0.41100', 'NX_0_CV_turn': '0.13700', 'NX_0_ctr': '2.37233', 'NX_0_len_tra': 30.0, 'NX_0_R_tra': 71.17, 'NX_10_CV': '0.09200', 'NX_10_CV_turn': '0.09200', 'NX_10_ctr': '2.74900', 'NX_10_len_tra': 10.0, 'NX_10_R_tra': 27.49}]
[I 240518 16:03:43 utils:142] Epoch: [171], Info: [{'num_test': 100, 'CV': '0.00600', 'CV_turn': '0.00200', 'ctr': '3.84800', 'len_tra': 30.0, 'R_tra': 115.44, 'NX_0_CV': '0.42800', 'NX_0_CV_turn': '0.14267', 'NX_0_ctr': '2.28533', 'NX_0_len_tra': 30.0, 'NX_0_R_tra': 68.56, 'NX_10_CV': '0.09600', 'NX_10_CV_turn': '0.09600', 'NX_10_ctr': '2.73200', 'NX_10_len_tra': 10.0, 'NX_10_R_tra': 27.32}]
[I 240518 16:03:55 utils:142] Epoch: [172], Info: [{'num_test': 100, 'CV': '0.00400', 'CV_turn': '0.00133', 'ctr': '3.70833', 'len_tra': 30.0, 'R_tra': 111.25, 'NX_0_CV': '0.40800', 'NX_0_CV_turn': '0.13600', 'NX_0_ctr': '2.36500', 'NX_0_len_tra': 30.0, 'NX_0_R_tra': 70.95, 'NX_10_CV': '0.08400', 'NX_10_CV_turn': '0.08400', 'NX_10_ctr': '2.71400', 'NX_10_len_tra': 10.0, 'NX_10_R_tra': 27.14}]
[I 240518 16:04:08 utils:142] Epoch: [173], Info: [{'num_test': 100, 'CV': '0.00500', 'CV_turn': '0.00167', 'ctr': '3.75700', 'len_tra': 30.0, 'R_tra': 112.71, 'NX_0_CV': '0.42400', 'NX_0_CV_turn': '0.14133', 'NX_0_ctr': '2.22167', 'NX_0_len_tra': 30.0, 'NX_0_R_tra': 66.65, 'NX_10_CV': '0.07500', 'NX_10_CV_turn': '0.07500', 'NX_10_ctr': '2.70800', 'NX_10_len_tra': 10.0, 'NX_10_R_tra': 27.08}]
[I 240518 16:04:21 utils:142] Epoch: [174], Info: [{'num_test': 100, 'CV': '0.00600', 'CV_turn': '0.00200', 'ctr': '3.59233', 'len_tra': 30.0, 'R_tra': 107.77, 'NX_0_CV': '0.40400', 'NX_0_CV_turn': '0.13467', 'NX_0_ctr': '2.30233', 'NX_0_len_tra': 30.0, 'NX_0_R_tra': 69.07, 'NX_10_CV': '0.06900', 'NX_10_CV_turn': '0.06900', 'NX_10_ctr': '2.59900', 'NX_10_len_tra': 10.0, 'NX_10_R_tra': 25.99}]
[I 240518 16:04:34 utils:142] Epoch: [175], Info: [{'num_test': 100, 'CV': '0.00400', 'CV_turn': '0.00133', 'ctr': '3.73533', 'len_tra': 30.0, 'R_tra': 112.06, 'NX_0_CV': '0.39900', 'NX_0_CV_turn': '0.13300', 'NX_0_ctr': '2.38900', 'NX_0_len_tra': 30.0, 'NX_0_R_tra': 71.67, 'NX_10_CV': '0.07900', 'NX_10_CV_turn': '0.07900', 'NX_10_ctr': '2.66900', 'NX_10_len_tra': 10.0, 'NX_10_R_tra': 26.69}]
[I 240518 16:04:47 utils:142] Epoch: [176], Info: [{'num_test': 100, 'CV': '0.00400', 'CV_turn': '0.00133', 'ctr': '3.72633', 'len_tra': 30.0, 'R_tra': 111.79, 'NX_0_CV': '0.39800', 'NX_0_CV_turn': '0.13267', 'NX_0_ctr': '2.35200', 'NX_0_len_tra': 30.0, 'NX_0_R_tra': 70.56, 'NX_10_CV': '0.08000', 'NX_10_CV_turn': '0.08000', 'NX_10_ctr': '2.70100', 'NX_10_len_tra': 10.0, 'NX_10_R_tra': 27.01}]
[I 240518 16:05:00 utils:142] Epoch: [177], Info: [{'num_test': 100, 'CV': '0.00500', 'CV_turn': '0.00167', 'ctr': '3.72567', 'len_tra': 30.0, 'R_tra': 111.77, 'NX_0_CV': '0.40500', 'NX_0_CV_turn': '0.13500', 'NX_0_ctr': '2.46967', 'NX_0_len_tra': 30.0, 'NX_0_R_tra': 74.09, 'NX_10_CV': '0.08000', 'NX_10_CV_turn': '0.08000', 'NX_10_ctr': '2.74200', 'NX_10_len_tra': 10.0, 'NX_10_R_tra': 27.42}]
[I 240518 16:05:13 utils:142] Epoch: [178], Info: [{'num_test': 100, 'CV': '0.00500', 'CV_turn': '0.00167', 'ctr': '3.70533', 'len_tra': 30.0, 'R_tra': 111.16, 'NX_0_CV': '0.38900', 'NX_0_CV_turn': '0.12967', 'NX_0_ctr': '2.43267', 'NX_0_len_tra': 30.0, 'NX_0_R_tra': 72.98, 'NX_10_CV': '0.08600', 'NX_10_CV_turn': '0.08600', 'NX_10_ctr': '2.64300', 'NX_10_len_tra': 10.0, 'NX_10_R_tra': 26.43}]
[I 240518 16:05:27 utils:142] Epoch: [179], Info: [{'num_test': 100, 'CV': '0.00400', 'CV_turn': '0.00133', 'ctr': '3.72733', 'len_tra': 30.0, 'R_tra': 111.82, 'NX_0_CV': '0.37500', 'NX_0_CV_turn': '0.12500', 'NX_0_ctr': '2.40600', 'NX_0_len_tra': 30.0, 'NX_0_R_tra': 72.18, 'NX_10_CV': '0.07900', 'NX_10_CV_turn': '0.07900', 'NX_10_ctr': '2.68200', 'NX_10_len_tra': 10.0, 'NX_10_R_tra': 26.82}]
[I 240518 16:05:40 utils:142] Epoch: [180], Info: [{'num_test': 100, 'CV': '0.00400', 'CV_turn': '0.00133', 'ctr': '3.71800', 'len_tra': 30.0, 'R_tra': 111.54, 'NX_0_CV': '0.40900', 'NX_0_CV_turn': '0.13633', 'NX_0_ctr': '2.53167', 'NX_0_len_tra': 30.0, 'NX_0_R_tra': 75.95, 'NX_10_CV': '0.08900', 'NX_10_CV_turn': '0.08900', 'NX_10_ctr': '2.76900', 'NX_10_len_tra': 10.0, 'NX_10_R_tra': 27.69}]
[I 240518 16:05:53 utils:142] Epoch: [181], Info: [{'num_test': 100, 'CV': '0.00400', 'CV_turn': '0.00133', 'ctr': '3.89667', 'len_tra': 30.0, 'R_tra': 116.9, 'NX_0_CV': '0.44500', 'NX_0_CV_turn': '0.14833', 'NX_0_ctr': '2.39767', 'NX_0_len_tra': 30.0, 'NX_0_R_tra': 71.93, 'NX_10_CV': '0.07800', 'NX_10_CV_turn': '0.07800', 'NX_10_ctr': '2.77200', 'NX_10_len_tra': 10.0, 'NX_10_R_tra': 27.72}]
[I 240518 16:06:06 utils:142] Epoch: [182], Info: [{'num_test': 100, 'CV': '0.00500', 'CV_turn': '0.00167', 'ctr': '3.57167', 'len_tra': 30.0, 'R_tra': 107.15, 'NX_0_CV': '0.42600', 'NX_0_CV_turn': '0.14200', 'NX_0_ctr': '2.43300', 'NX_0_len_tra': 30.0, 'NX_0_R_tra': 72.99, 'NX_10_CV': '0.08300', 'NX_10_CV_turn': '0.08300', 'NX_10_ctr': '2.71900', 'NX_10_len_tra': 10.0, 'NX_10_R_tra': 27.19}]
[I 240518 16:06:19 utils:142] Epoch: [183], Info: [{'num_test': 100, 'CV': '0.00500', 'CV_turn': '0.00167', 'ctr': '3.58767', 'len_tra': 30.0, 'R_tra': 107.63, 'NX_0_CV': '0.39000', 'NX_0_CV_turn': '0.13000', 'NX_0_ctr': '2.36000', 'NX_0_len_tra': 30.0, 'NX_0_R_tra': 70.8, 'NX_10_CV': '0.07000', 'NX_10_CV_turn': '0.07000', 'NX_10_ctr': '2.78500', 'NX_10_len_tra': 10.0, 'NX_10_R_tra': 27.85}]
[I 240518 16:06:33 utils:142] Epoch: [184], Info: [{'num_test': 100, 'CV': '0.00500', 'CV_turn': '0.00167', 'ctr': '3.61767', 'len_tra': 30.0, 'R_tra': 108.53, 'NX_0_CV': '0.37500', 'NX_0_CV_turn': '0.12500', 'NX_0_ctr': '2.55700', 'NX_0_len_tra': 30.0, 'NX_0_R_tra': 76.71, 'NX_10_CV': '0.07500', 'NX_10_CV_turn': '0.07500', 'NX_10_ctr': '2.66200', 'NX_10_len_tra': 10.0, 'NX_10_R_tra': 26.62}]
[I 240518 16:06:46 utils:142] Epoch: [185], Info: [{'num_test': 100, 'CV': '0.00400', 'CV_turn': '0.00133', 'ctr': '3.61233', 'len_tra': 30.0, 'R_tra': 108.37, 'NX_0_CV': '0.42400', 'NX_0_CV_turn': '0.14133', 'NX_0_ctr': '2.33400', 'NX_0_len_tra': 30.0, 'NX_0_R_tra': 70.02, 'NX_10_CV': '0.07300', 'NX_10_CV_turn': '0.07300', 'NX_10_ctr': '2.79900', 'NX_10_len_tra': 10.0, 'NX_10_R_tra': 27.99}]
[I 240518 16:06:59 utils:142] Epoch: [186], Info: [{'num_test': 100, 'CV': '0.00500', 'CV_turn': '0.00167', 'ctr': '3.59033', 'len_tra': 30.0, 'R_tra': 107.71, 'NX_0_CV': '0.42200', 'NX_0_CV_turn': '0.14067', 'NX_0_ctr': '2.33133', 'NX_0_len_tra': 30.0, 'NX_0_R_tra': 69.94, 'NX_10_CV': '0.08100', 'NX_10_CV_turn': '0.08100', 'NX_10_ctr': '2.77300', 'NX_10_len_tra': 10.0, 'NX_10_R_tra': 27.73}]
[I 240518 16:07:13 utils:142] Epoch: [187], Info: [{'num_test': 100, 'CV': '0.00400', 'CV_turn': '0.00133', 'ctr': '3.97367', 'len_tra': 30.0, 'R_tra': 119.21, 'NX_0_CV': '0.42300', 'NX_0_CV_turn': '0.14100', 'NX_0_ctr': '2.37467', 'NX_0_len_tra': 30.0, 'NX_0_R_tra': 71.24, 'NX_10_CV': '0.08800', 'NX_10_CV_turn': '0.08800', 'NX_10_ctr': '2.72400', 'NX_10_len_tra': 10.0, 'NX_10_R_tra': 27.24}]
[I 240518 16:07:26 utils:142] Epoch: [188], Info: [{'num_test': 100, 'CV': '0.00400', 'CV_turn': '0.00133', 'ctr': '3.81333', 'len_tra': 30.0, 'R_tra': 114.4, 'NX_0_CV': '0.40600', 'NX_0_CV_turn': '0.13533', 'NX_0_ctr': '2.29067', 'NX_0_len_tra': 30.0, 'NX_0_R_tra': 68.72, 'NX_10_CV': '0.06400', 'NX_10_CV_turn': '0.06400', 'NX_10_ctr': '2.77900', 'NX_10_len_tra': 10.0, 'NX_10_R_tra': 27.79}]
[I 240518 16:07:40 utils:142] Epoch: [189], Info: [{'num_test': 100, 'CV': '0.00400', 'CV_turn': '0.00133', 'ctr': '3.71467', 'len_tra': 30.0, 'R_tra': 111.44, 'NX_0_CV': '0.41100', 'NX_0_CV_turn': '0.13700', 'NX_0_ctr': '2.35467', 'NX_0_len_tra': 30.0, 'NX_0_R_tra': 70.64, 'NX_10_CV': '0.09100', 'NX_10_CV_turn': '0.09100', 'NX_10_ctr': '2.86400', 'NX_10_len_tra': 10.0, 'NX_10_R_tra': 28.64}]
[I 240518 16:07:54 utils:142] Epoch: [190], Info: [{'num_test': 100, 'CV': '0.00700', 'CV_turn': '0.00233', 'ctr': '3.86600', 'len_tra': 30.0, 'R_tra': 115.98, 'NX_0_CV': '0.43200', 'NX_0_CV_turn': '0.14400', 'NX_0_ctr': '2.35767', 'NX_0_len_tra': 30.0, 'NX_0_R_tra': 70.73, 'NX_10_CV': '0.09200', 'NX_10_CV_turn': '0.09200', 'NX_10_ctr': '2.66400', 'NX_10_len_tra': 10.0, 'NX_10_R_tra': 26.64}]
[I 240518 16:08:07 utils:142] Epoch: [191], Info: [{'num_test': 100, 'CV': '0.00600', 'CV_turn': '0.00200', 'ctr': '3.58667', 'len_tra': 30.0, 'R_tra': 107.6, 'NX_0_CV': '0.40600', 'NX_0_CV_turn': '0.13533', 'NX_0_ctr': '2.39133', 'NX_0_len_tra': 30.0, 'NX_0_R_tra': 71.74, 'NX_10_CV': '0.07900', 'NX_10_CV_turn': '0.07900', 'NX_10_ctr': '2.64400', 'NX_10_len_tra': 10.0, 'NX_10_R_tra': 26.44}]
[I 240518 16:08:21 utils:142] Epoch: [192], Info: [{'num_test': 100, 'CV': '0.00400', 'CV_turn': '0.00133', 'ctr': '3.55833', 'len_tra': 30.0, 'R_tra': 106.75, 'NX_0_CV': '0.44100', 'NX_0_CV_turn': '0.14700', 'NX_0_ctr': '2.36233', 'NX_0_len_tra': 30.0, 'NX_0_R_tra': 70.87, 'NX_10_CV': '0.08500', 'NX_10_CV_turn': '0.08500', 'NX_10_ctr': '2.65100', 'NX_10_len_tra': 10.0, 'NX_10_R_tra': 26.51}]
[I 240518 16:08:35 utils:142] Epoch: [193], Info: [{'num_test': 100, 'CV': '0.00500', 'CV_turn': '0.00167', 'ctr': '3.53967', 'len_tra': 30.0, 'R_tra': 106.19, 'NX_0_CV': '0.42700', 'NX_0_CV_turn': '0.14233', 'NX_0_ctr': '2.35133', 'NX_0_len_tra': 30.0, 'NX_0_R_tra': 70.54, 'NX_10_CV': '0.08800', 'NX_10_CV_turn': '0.08800', 'NX_10_ctr': '2.67600', 'NX_10_len_tra': 10.0, 'NX_10_R_tra': 26.76}]
[I 240518 16:08:48 utils:142] Epoch: [194], Info: [{'num_test': 100, 'CV': '0.00400', 'CV_turn': '0.00133', 'ctr': '3.56433', 'len_tra': 30.0, 'R_tra': 106.93, 'NX_0_CV': '0.43400', 'NX_0_CV_turn': '0.14467', 'NX_0_ctr': '2.42700', 'NX_0_len_tra': 30.0, 'NX_0_R_tra': 72.81, 'NX_10_CV': '0.09000', 'NX_10_CV_turn': '0.09000', 'NX_10_ctr': '2.72600', 'NX_10_len_tra': 10.0, 'NX_10_R_tra': 27.26}]
[I 240518 16:09:02 utils:142] Epoch: [195], Info: [{'num_test': 100, 'CV': '0.00500', 'CV_turn': '0.00167', 'ctr': '3.71333', 'len_tra': 30.0, 'R_tra': 111.4, 'NX_0_CV': '0.41700', 'NX_0_CV_turn': '0.13900', 'NX_0_ctr': '2.23700', 'NX_0_len_tra': 30.0, 'NX_0_R_tra': 67.11, 'NX_10_CV': '0.09200', 'NX_10_CV_turn': '0.09200', 'NX_10_ctr': '2.61700', 'NX_10_len_tra': 10.0, 'NX_10_R_tra': 26.17}]
[I 240518 16:09:16 utils:142] Epoch: [196], Info: [{'num_test': 100, 'CV': '0.00400', 'CV_turn': '0.00133', 'ctr': '3.56333', 'len_tra': 30.0, 'R_tra': 106.9, 'NX_0_CV': '0.44500', 'NX_0_CV_turn': '0.14833', 'NX_0_ctr': '2.36133', 'NX_0_len_tra': 30.0, 'NX_0_R_tra': 70.84, 'NX_10_CV': '0.08500', 'NX_10_CV_turn': '0.08500', 'NX_10_ctr': '2.76100', 'NX_10_len_tra': 10.0, 'NX_10_R_tra': 27.61}]
[I 240518 16:09:30 utils:142] Epoch: [197], Info: [{'num_test': 100, 'CV': '0.00400', 'CV_turn': '0.00133', 'ctr': '3.59000', 'len_tra': 30.0, 'R_tra': 107.7, 'NX_0_CV': '0.44400', 'NX_0_CV_turn': '0.14800', 'NX_0_ctr': '2.34900', 'NX_0_len_tra': 30.0, 'NX_0_R_tra': 70.47, 'NX_10_CV': '0.09200', 'NX_10_CV_turn': '0.09200', 'NX_10_ctr': '2.70700', 'NX_10_len_tra': 10.0, 'NX_10_R_tra': 27.07}]
[I 240518 16:09:44 utils:142] Epoch: [198], Info: [{'num_test': 100, 'CV': '0.00400', 'CV_turn': '0.00133', 'ctr': '3.62367', 'len_tra': 30.0, 'R_tra': 108.71, 'NX_0_CV': '0.43400', 'NX_0_CV_turn': '0.14467', 'NX_0_ctr': '2.33033', 'NX_0_len_tra': 30.0, 'NX_0_R_tra': 69.91, 'NX_10_CV': '0.09600', 'NX_10_CV_turn': '0.09600', 'NX_10_ctr': '2.73000', 'NX_10_len_tra': 10.0, 'NX_10_R_tra': 27.3}]
[I 240518 16:09:58 utils:142] Epoch: [199], Info: [{'num_test': 100, 'CV': '0.00500', 'CV_turn': '0.00167', 'ctr': '3.51833', 'len_tra': 30.0, 'R_tra': 105.55, 'NX_0_CV': '0.46300', 'NX_0_CV_turn': '0.15433', 'NX_0_ctr': '2.37267', 'NX_0_len_tra': 30.0, 'NX_0_R_tra': 71.18, 'NX_10_CV': '0.07900', 'NX_10_CV_turn': '0.07900', 'NX_10_ctr': '2.69800', 'NX_10_len_tra': 10.0, 'NX_10_R_tra': 26.98}]
[I 240518 16:10:12 utils:142] Epoch: [200], Info: [{'num_test': 100, 'CV': '0.00400', 'CV_turn': '0.00133', 'ctr': '3.70767', 'len_tra': 30.0, 'R_tra': 111.23, 'NX_0_CV': '0.44400', 'NX_0_CV_turn': '0.14800', 'NX_0_ctr': '2.27333', 'NX_0_len_tra': 30.0, 'NX_0_R_tra': 68.2, 'NX_10_CV': '0.09800', 'NX_10_CV_turn': '0.09800', 'NX_10_ctr': '2.63300', 'NX_10_len_tra': 10.0, 'NX_10_R_tra': 26.33}]
[I 240518 16:10:12 run_Policy_Main:454] {'duration': '1904.00s', 'train_time/model': '1903.81s', 'test_step': 3000, 'test_episode': 100, 'test_time': '0.08s', 'test_speed': '37512.56 step/s', 'best_reward': 119.21, 'best_result': '119.21  29.67', 'train_step': 3000, 'train_episode': 100, 'train_time/collector': '0.10s', 'train_speed': '1.58 step/s'}
