[I 240414 14:13:18 policy_utils:47] {
      "env": "YahooEnv-v0",
      "user_model_name": "DeepFM-IPS",
      "model_name": "IPS",
      "seed": 0,
      "cuda": 1,
      "draw_bar": false,
      "is_userinfo": true,
      "is_all_item_ranking": false,
      "cpu": false,
      "is_save": false,
      "use_userEmbedding": false,
      "exploration_noise": false,
      "eps": 0.1,
      "freeze_emb": false,
      "reward_handle": "cat",
      "which_tracker": "avg",
      "embedding_dim": 32,
      "window_size": 3,
      "filter_sizes": [
        2,
        3,
        4
      ],
      "num_filters": 16,
      "dropout_rate": 0.1,
      "num_heads": 1,
      "version": "v1",
      "tau": 0,
      "gamma_exposure": 10,
      "lambda_variance": 0,
      "lambda_entropy": 0,
      "use_exposure_intervention": false,
      "buffer_size": 100000,
      "lr": 0.001,
      "epoch": 200,
      "batch_size": 1024,
      "hidden_sizes": [
        64,
        64
      ],
      "episode_per_collect": 100,
      "training_num": 100,
      "test_num": 100,
      "render": 0,
      "reward_threshold": null,
      "gamma": 0.9,
      "step_per_epoch": 100000,
      "repeat_per_collect": 1,
      "logdir": "log",
      "vf_coef": 0.5,
      "ent_coef": 0.0,
      "max_grad_norm": null,
      "gae_lambda": 1.0,
      "rew_norm": false,
      "read_message": "DeepFM-IPS",
      "message": "IPS",
      "remark_pre": "",
      "remark": "",
      "scratch": false,
      "use_hidden": true,
      "num_att_heads": 1,
      "num_att_layers": 2,
      "att_dropout": 0.1,
      "use_ckpt": false,
      "change_pred_reward": false,
      "change_var": false,
      "kr": 1,
      "ku": 1,
      "r_and_u": "minus",
      "use_wandb": false,
      "all_item_ranking": false,
      "is_binarize": true,
      "need_transform": false,
      "entropy_window": [],
      "rating_threshold": 4,
      "yfeat": "rating",
      "leave_threshold": 0.0,
      "num_leave_compute": 1,
      "max_turn": 30,
      "force_length": 10,
      "top_rate": 0.8,
      "hostname": "wukong-ThinkStation-P620"
    }
[I 240414 14:13:35 utils:142] Epoch: [1], Info: [{'num_test': 100, 'CV': '0.94800', 'CV_turn': '0.31600', 'ctr': '1.87667', 'len_tra': 30.0, 'R_tra': 56.3, 'NX_0_CV': '0.95200', 'NX_0_CV_turn': '0.31733', 'NX_0_ctr': '1.92267', 'NX_0_len_tra': 30.0, 'NX_0_R_tra': 57.68, 'NX_10_CV': '0.64000', 'NX_10_CV_turn': '0.64000', 'NX_10_ctr': '1.97000', 'NX_10_len_tra': 10.0, 'NX_10_R_tra': 19.7}]
[I 240414 14:13:40 utils:142] Epoch: [2], Info: [{'num_test': 100, 'CV': '0.94500', 'CV_turn': '0.31500', 'ctr': '1.76500', 'len_tra': 30.0, 'R_tra': 52.95, 'NX_0_CV': '0.95100', 'NX_0_CV_turn': '0.31700', 'NX_0_ctr': '1.98533', 'NX_0_len_tra': 30.0, 'NX_0_R_tra': 59.56, 'NX_10_CV': '0.63000', 'NX_10_CV_turn': '0.63000', 'NX_10_ctr': '1.94900', 'NX_10_len_tra': 10.0, 'NX_10_R_tra': 19.49}]
[I 240414 14:13:45 utils:142] Epoch: [3], Info: [{'num_test': 100, 'CV': '0.94700', 'CV_turn': '0.31567', 'ctr': '1.87267', 'len_tra': 30.0, 'R_tra': 56.18, 'NX_0_CV': '0.94900', 'NX_0_CV_turn': '0.31633', 'NX_0_ctr': '1.87633', 'NX_0_len_tra': 30.0, 'NX_0_R_tra': 56.29, 'NX_10_CV': '0.61500', 'NX_10_CV_turn': '0.61500', 'NX_10_ctr': '1.98100', 'NX_10_len_tra': 10.0, 'NX_10_R_tra': 19.81}]
[I 240414 14:13:50 utils:142] Epoch: [4], Info: [{'num_test': 100, 'CV': '0.95000', 'CV_turn': '0.31667', 'ctr': '1.89533', 'len_tra': 30.0, 'R_tra': 56.86, 'NX_0_CV': '0.93700', 'NX_0_CV_turn': '0.31233', 'NX_0_ctr': '2.01367', 'NX_0_len_tra': 30.0, 'NX_0_R_tra': 60.41, 'NX_10_CV': '0.62700', 'NX_10_CV_turn': '0.62700', 'NX_10_ctr': '1.91000', 'NX_10_len_tra': 10.0, 'NX_10_R_tra': 19.1}]
[I 240414 14:13:55 utils:142] Epoch: [5], Info: [{'num_test': 100, 'CV': '0.93100', 'CV_turn': '0.31033', 'ctr': '1.92433', 'len_tra': 30.0, 'R_tra': 57.73, 'NX_0_CV': '0.93400', 'NX_0_CV_turn': '0.31133', 'NX_0_ctr': '1.87200', 'NX_0_len_tra': 30.0, 'NX_0_R_tra': 56.16, 'NX_10_CV': '0.59900', 'NX_10_CV_turn': '0.59900', 'NX_10_ctr': '1.96300', 'NX_10_len_tra': 10.0, 'NX_10_R_tra': 19.63}]
[I 240414 14:14:00 utils:142] Epoch: [6], Info: [{'num_test': 100, 'CV': '0.14400', 'CV_turn': '0.04800', 'ctr': '1.53567', 'len_tra': 30.0, 'R_tra': 46.07, 'NX_0_CV': '0.66900', 'NX_0_CV_turn': '0.22300', 'NX_0_ctr': '1.96867', 'NX_0_len_tra': 30.0, 'NX_0_R_tra': 59.06, 'NX_10_CV': '0.34900', 'NX_10_CV_turn': '0.34900', 'NX_10_ctr': '1.82300', 'NX_10_len_tra': 10.0, 'NX_10_R_tra': 18.23}]
[I 240414 14:14:05 utils:142] Epoch: [7], Info: [{'num_test': 100, 'CV': '0.00700', 'CV_turn': '0.00233', 'ctr': '1.57133', 'len_tra': 30.0, 'R_tra': 47.14, 'NX_0_CV': '0.55700', 'NX_0_CV_turn': '0.18567', 'NX_0_ctr': '1.87400', 'NX_0_len_tra': 30.0, 'NX_0_R_tra': 56.22, 'NX_10_CV': '0.23300', 'NX_10_CV_turn': '0.23300', 'NX_10_ctr': '1.94900', 'NX_10_len_tra': 10.0, 'NX_10_R_tra': 19.49}]
[I 240414 14:14:10 utils:142] Epoch: [8], Info: [{'num_test': 100, 'CV': '0.01700', 'CV_turn': '0.00567', 'ctr': '1.63433', 'len_tra': 30.0, 'R_tra': 49.03, 'NX_0_CV': '0.54800', 'NX_0_CV_turn': '0.18267', 'NX_0_ctr': '1.95067', 'NX_0_len_tra': 30.0, 'NX_0_R_tra': 58.52, 'NX_10_CV': '0.27000', 'NX_10_CV_turn': '0.27000', 'NX_10_ctr': '1.80700', 'NX_10_len_tra': 10.0, 'NX_10_R_tra': 18.07}]
[I 240414 14:14:15 utils:142] Epoch: [9], Info: [{'num_test': 100, 'CV': '0.00800', 'CV_turn': '0.00267', 'ctr': '1.53400', 'len_tra': 30.0, 'R_tra': 46.02, 'NX_0_CV': '0.57000', 'NX_0_CV_turn': '0.19000', 'NX_0_ctr': '1.91733', 'NX_0_len_tra': 30.0, 'NX_0_R_tra': 57.52, 'NX_10_CV': '0.25500', 'NX_10_CV_turn': '0.25500', 'NX_10_ctr': '1.84800', 'NX_10_len_tra': 10.0, 'NX_10_R_tra': 18.48}]
[I 240414 14:14:20 utils:142] Epoch: [10], Info: [{'num_test': 100, 'CV': '0.00400', 'CV_turn': '0.00133', 'ctr': '1.57000', 'len_tra': 30.0, 'R_tra': 47.1, 'NX_0_CV': '0.55000', 'NX_0_CV_turn': '0.18333', 'NX_0_ctr': '1.90967', 'NX_0_len_tra': 30.0, 'NX_0_R_tra': 57.29, 'NX_10_CV': '0.27100', 'NX_10_CV_turn': '0.27100', 'NX_10_ctr': '1.86800', 'NX_10_len_tra': 10.0, 'NX_10_R_tra': 18.68}]
[I 240414 14:14:26 utils:142] Epoch: [11], Info: [{'num_test': 100, 'CV': '0.00600', 'CV_turn': '0.00200', 'ctr': '1.58133', 'len_tra': 30.0, 'R_tra': 47.44, 'NX_0_CV': '0.55100', 'NX_0_CV_turn': '0.18367', 'NX_0_ctr': '1.91767', 'NX_0_len_tra': 30.0, 'NX_0_R_tra': 57.53, 'NX_10_CV': '0.24600', 'NX_10_CV_turn': '0.24600', 'NX_10_ctr': '1.86900', 'NX_10_len_tra': 10.0, 'NX_10_R_tra': 18.69}]
[I 240414 14:14:31 utils:142] Epoch: [12], Info: [{'num_test': 100, 'CV': '0.00600', 'CV_turn': '0.00200', 'ctr': '1.59400', 'len_tra': 30.0, 'R_tra': 47.82, 'NX_0_CV': '0.55100', 'NX_0_CV_turn': '0.18367', 'NX_0_ctr': '1.87200', 'NX_0_len_tra': 30.0, 'NX_0_R_tra': 56.16, 'NX_10_CV': '0.25900', 'NX_10_CV_turn': '0.25900', 'NX_10_ctr': '1.92900', 'NX_10_len_tra': 10.0, 'NX_10_R_tra': 19.29}]
[I 240414 14:14:36 utils:142] Epoch: [13], Info: [{'num_test': 100, 'CV': '0.00400', 'CV_turn': '0.00133', 'ctr': '1.51167', 'len_tra': 30.0, 'R_tra': 45.35, 'NX_0_CV': '0.56700', 'NX_0_CV_turn': '0.18900', 'NX_0_ctr': '1.91433', 'NX_0_len_tra': 30.0, 'NX_0_R_tra': 57.43, 'NX_10_CV': '0.26400', 'NX_10_CV_turn': '0.26400', 'NX_10_ctr': '1.84300', 'NX_10_len_tra': 10.0, 'NX_10_R_tra': 18.43}]
[I 240414 14:14:42 utils:142] Epoch: [14], Info: [{'num_test': 100, 'CV': '0.00400', 'CV_turn': '0.00133', 'ctr': '1.50233', 'len_tra': 30.0, 'R_tra': 45.07, 'NX_0_CV': '0.52500', 'NX_0_CV_turn': '0.17500', 'NX_0_ctr': '2.05467', 'NX_0_len_tra': 30.0, 'NX_0_R_tra': 61.64, 'NX_10_CV': '0.27000', 'NX_10_CV_turn': '0.27000', 'NX_10_ctr': '1.86400', 'NX_10_len_tra': 10.0, 'NX_10_R_tra': 18.64}]
[I 240414 14:14:47 utils:142] Epoch: [15], Info: [{'num_test': 100, 'CV': '0.00500', 'CV_turn': '0.00167', 'ctr': '1.47133', 'len_tra': 30.0, 'R_tra': 44.14, 'NX_0_CV': '0.54200', 'NX_0_CV_turn': '0.18067', 'NX_0_ctr': '1.89267', 'NX_0_len_tra': 30.0, 'NX_0_R_tra': 56.78, 'NX_10_CV': '0.26100', 'NX_10_CV_turn': '0.26100', 'NX_10_ctr': '1.80300', 'NX_10_len_tra': 10.0, 'NX_10_R_tra': 18.03}]
[I 240414 14:14:53 utils:142] Epoch: [16], Info: [{'num_test': 100, 'CV': '0.00600', 'CV_turn': '0.00200', 'ctr': '1.36167', 'len_tra': 30.0, 'R_tra': 40.85, 'NX_0_CV': '0.53500', 'NX_0_CV_turn': '0.17833', 'NX_0_ctr': '1.97667', 'NX_0_len_tra': 30.0, 'NX_0_R_tra': 59.3, 'NX_10_CV': '0.25800', 'NX_10_CV_turn': '0.25800', 'NX_10_ctr': '1.87100', 'NX_10_len_tra': 10.0, 'NX_10_R_tra': 18.71}]
[I 240414 14:14:58 utils:142] Epoch: [17], Info: [{'num_test': 100, 'CV': '0.00500', 'CV_turn': '0.00167', 'ctr': '1.36133', 'len_tra': 30.0, 'R_tra': 40.84, 'NX_0_CV': '0.55100', 'NX_0_CV_turn': '0.18367', 'NX_0_ctr': '1.91300', 'NX_0_len_tra': 30.0, 'NX_0_R_tra': 57.39, 'NX_10_CV': '0.24200', 'NX_10_CV_turn': '0.24200', 'NX_10_ctr': '1.88100', 'NX_10_len_tra': 10.0, 'NX_10_R_tra': 18.81}]
[I 240414 14:15:04 utils:142] Epoch: [18], Info: [{'num_test': 100, 'CV': '0.00600', 'CV_turn': '0.00200', 'ctr': '1.41100', 'len_tra': 30.0, 'R_tra': 42.33, 'NX_0_CV': '0.54500', 'NX_0_CV_turn': '0.18167', 'NX_0_ctr': '1.91667', 'NX_0_len_tra': 30.0, 'NX_0_R_tra': 57.5, 'NX_10_CV': '0.24600', 'NX_10_CV_turn': '0.24600', 'NX_10_ctr': '1.94600', 'NX_10_len_tra': 10.0, 'NX_10_R_tra': 19.46}]
[I 240414 14:15:10 utils:142] Epoch: [19], Info: [{'num_test': 100, 'CV': '0.00200', 'CV_turn': '0.00067', 'ctr': '1.48067', 'len_tra': 30.0, 'R_tra': 44.42, 'NX_0_CV': '0.56300', 'NX_0_CV_turn': '0.18767', 'NX_0_ctr': '1.84933', 'NX_0_len_tra': 30.0, 'NX_0_R_tra': 55.48, 'NX_10_CV': '0.25800', 'NX_10_CV_turn': '0.25800', 'NX_10_ctr': '1.71200', 'NX_10_len_tra': 10.0, 'NX_10_R_tra': 17.12}]
[I 240414 14:15:16 utils:142] Epoch: [20], Info: [{'num_test': 100, 'CV': '0.00600', 'CV_turn': '0.00200', 'ctr': '1.53167', 'len_tra': 30.0, 'R_tra': 45.95, 'NX_0_CV': '0.55200', 'NX_0_CV_turn': '0.18400', 'NX_0_ctr': '1.91300', 'NX_0_len_tra': 30.0, 'NX_0_R_tra': 57.39, 'NX_10_CV': '0.26200', 'NX_10_CV_turn': '0.26200', 'NX_10_ctr': '1.86800', 'NX_10_len_tra': 10.0, 'NX_10_R_tra': 18.68}]
[I 240414 14:15:21 utils:142] Epoch: [21], Info: [{'num_test': 100, 'CV': '0.00300', 'CV_turn': '0.00100', 'ctr': '1.48033', 'len_tra': 30.0, 'R_tra': 44.41, 'NX_0_CV': '0.57200', 'NX_0_CV_turn': '0.19067', 'NX_0_ctr': '1.82967', 'NX_0_len_tra': 30.0, 'NX_0_R_tra': 54.89, 'NX_10_CV': '0.25100', 'NX_10_CV_turn': '0.25100', 'NX_10_ctr': '1.92200', 'NX_10_len_tra': 10.0, 'NX_10_R_tra': 19.22}]
[I 240414 14:15:27 utils:142] Epoch: [22], Info: [{'num_test': 100, 'CV': '0.00400', 'CV_turn': '0.00133', 'ctr': '1.34167', 'len_tra': 30.0, 'R_tra': 40.25, 'NX_0_CV': '0.53300', 'NX_0_CV_turn': '0.17767', 'NX_0_ctr': '2.01167', 'NX_0_len_tra': 30.0, 'NX_0_R_tra': 60.35, 'NX_10_CV': '0.27700', 'NX_10_CV_turn': '0.27700', 'NX_10_ctr': '1.98400', 'NX_10_len_tra': 10.0, 'NX_10_R_tra': 19.84}]
[I 240414 14:15:33 utils:142] Epoch: [23], Info: [{'num_test': 100, 'CV': '0.00300', 'CV_turn': '0.00100', 'ctr': '1.46000', 'len_tra': 30.0, 'R_tra': 43.8, 'NX_0_CV': '0.57200', 'NX_0_CV_turn': '0.19067', 'NX_0_ctr': '1.81533', 'NX_0_len_tra': 30.0, 'NX_0_R_tra': 54.46, 'NX_10_CV': '0.26600', 'NX_10_CV_turn': '0.26600', 'NX_10_ctr': '1.86000', 'NX_10_len_tra': 10.0, 'NX_10_R_tra': 18.6}]
[I 240414 14:15:39 utils:142] Epoch: [24], Info: [{'num_test': 100, 'CV': '0.00600', 'CV_turn': '0.00200', 'ctr': '1.53067', 'len_tra': 30.0, 'R_tra': 45.92, 'NX_0_CV': '0.57300', 'NX_0_CV_turn': '0.19100', 'NX_0_ctr': '1.95067', 'NX_0_len_tra': 30.0, 'NX_0_R_tra': 58.52, 'NX_10_CV': '0.27400', 'NX_10_CV_turn': '0.27400', 'NX_10_ctr': '1.80900', 'NX_10_len_tra': 10.0, 'NX_10_R_tra': 18.09}]
[I 240414 14:15:45 utils:142] Epoch: [25], Info: [{'num_test': 100, 'CV': '0.00800', 'CV_turn': '0.00267', 'ctr': '1.53133', 'len_tra': 30.0, 'R_tra': 45.94, 'NX_0_CV': '0.57000', 'NX_0_CV_turn': '0.19000', 'NX_0_ctr': '1.84833', 'NX_0_len_tra': 30.0, 'NX_0_R_tra': 55.45, 'NX_10_CV': '0.26400', 'NX_10_CV_turn': '0.26400', 'NX_10_ctr': '1.87200', 'NX_10_len_tra': 10.0, 'NX_10_R_tra': 18.72}]
[I 240414 14:15:52 utils:142] Epoch: [26], Info: [{'num_test': 100, 'CV': '0.00400', 'CV_turn': '0.00133', 'ctr': '1.50033', 'len_tra': 30.0, 'R_tra': 45.01, 'NX_0_CV': '0.58100', 'NX_0_CV_turn': '0.19367', 'NX_0_ctr': '1.80433', 'NX_0_len_tra': 30.0, 'NX_0_R_tra': 54.13, 'NX_10_CV': '0.26600', 'NX_10_CV_turn': '0.26600', 'NX_10_ctr': '1.91400', 'NX_10_len_tra': 10.0, 'NX_10_R_tra': 19.14}]
[I 240414 14:15:58 utils:142] Epoch: [27], Info: [{'num_test': 100, 'CV': '0.00600', 'CV_turn': '0.00200', 'ctr': '1.38167', 'len_tra': 30.0, 'R_tra': 41.45, 'NX_0_CV': '0.56200', 'NX_0_CV_turn': '0.18733', 'NX_0_ctr': '1.90533', 'NX_0_len_tra': 30.0, 'NX_0_R_tra': 57.16, 'NX_10_CV': '0.25400', 'NX_10_CV_turn': '0.25400', 'NX_10_ctr': '1.91200', 'NX_10_len_tra': 10.0, 'NX_10_R_tra': 19.12}]
[I 240414 14:16:04 utils:142] Epoch: [28], Info: [{'num_test': 100, 'CV': '0.00500', 'CV_turn': '0.00167', 'ctr': '1.46000', 'len_tra': 30.0, 'R_tra': 43.8, 'NX_0_CV': '0.57900', 'NX_0_CV_turn': '0.19300', 'NX_0_ctr': '1.80500', 'NX_0_len_tra': 30.0, 'NX_0_R_tra': 54.15, 'NX_10_CV': '0.27300', 'NX_10_CV_turn': '0.27300', 'NX_10_ctr': '1.82700', 'NX_10_len_tra': 10.0, 'NX_10_R_tra': 18.27}]
[I 240414 14:16:10 utils:142] Epoch: [29], Info: [{'num_test': 100, 'CV': '0.00700', 'CV_turn': '0.00233', 'ctr': '1.44233', 'len_tra': 30.0, 'R_tra': 43.27, 'NX_0_CV': '0.57400', 'NX_0_CV_turn': '0.19133', 'NX_0_ctr': '1.91767', 'NX_0_len_tra': 30.0, 'NX_0_R_tra': 57.53, 'NX_10_CV': '0.26300', 'NX_10_CV_turn': '0.26300', 'NX_10_ctr': '1.83100', 'NX_10_len_tra': 10.0, 'NX_10_R_tra': 18.31}]
[I 240414 14:16:17 utils:142] Epoch: [30], Info: [{'num_test': 100, 'CV': '0.00900', 'CV_turn': '0.00300', 'ctr': '1.48233', 'len_tra': 30.0, 'R_tra': 44.47, 'NX_0_CV': '0.55400', 'NX_0_CV_turn': '0.18467', 'NX_0_ctr': '2.00033', 'NX_0_len_tra': 30.0, 'NX_0_R_tra': 60.01, 'NX_10_CV': '0.28000', 'NX_10_CV_turn': '0.28000', 'NX_10_ctr': '1.95900', 'NX_10_len_tra': 10.0, 'NX_10_R_tra': 19.59}]
[I 240414 14:16:23 utils:142] Epoch: [31], Info: [{'num_test': 100, 'CV': '0.00500', 'CV_turn': '0.00167', 'ctr': '1.46033', 'len_tra': 30.0, 'R_tra': 43.81, 'NX_0_CV': '0.58600', 'NX_0_CV_turn': '0.19533', 'NX_0_ctr': '1.85333', 'NX_0_len_tra': 30.0, 'NX_0_R_tra': 55.6, 'NX_10_CV': '0.27600', 'NX_10_CV_turn': '0.27600', 'NX_10_ctr': '1.88400', 'NX_10_len_tra': 10.0, 'NX_10_R_tra': 18.84}]
[I 240414 14:16:30 utils:142] Epoch: [32], Info: [{'num_test': 100, 'CV': '0.00800', 'CV_turn': '0.00267', 'ctr': '1.48333', 'len_tra': 30.0, 'R_tra': 44.5, 'NX_0_CV': '0.54600', 'NX_0_CV_turn': '0.18200', 'NX_0_ctr': '1.92600', 'NX_0_len_tra': 30.0, 'NX_0_R_tra': 57.78, 'NX_10_CV': '0.28000', 'NX_10_CV_turn': '0.28000', 'NX_10_ctr': '1.93000', 'NX_10_len_tra': 10.0, 'NX_10_R_tra': 19.3}]
[I 240414 14:16:36 utils:142] Epoch: [33], Info: [{'num_test': 100, 'CV': '0.00600', 'CV_turn': '0.00200', 'ctr': '1.50100', 'len_tra': 30.0, 'R_tra': 45.03, 'NX_0_CV': '0.54100', 'NX_0_CV_turn': '0.18033', 'NX_0_ctr': '1.90233', 'NX_0_len_tra': 30.0, 'NX_0_R_tra': 57.07, 'NX_10_CV': '0.27400', 'NX_10_CV_turn': '0.27400', 'NX_10_ctr': '1.83200', 'NX_10_len_tra': 10.0, 'NX_10_R_tra': 18.32}]
[I 240414 14:16:43 utils:142] Epoch: [34], Info: [{'num_test': 100, 'CV': '0.00600', 'CV_turn': '0.00200', 'ctr': '1.56167', 'len_tra': 30.0, 'R_tra': 46.85, 'NX_0_CV': '0.55700', 'NX_0_CV_turn': '0.18567', 'NX_0_ctr': '1.88000', 'NX_0_len_tra': 30.0, 'NX_0_R_tra': 56.4, 'NX_10_CV': '0.28500', 'NX_10_CV_turn': '0.28500', 'NX_10_ctr': '1.83500', 'NX_10_len_tra': 10.0, 'NX_10_R_tra': 18.35}]
[I 240414 14:16:50 utils:142] Epoch: [35], Info: [{'num_test': 100, 'CV': '0.00300', 'CV_turn': '0.00100', 'ctr': '1.46067', 'len_tra': 30.0, 'R_tra': 43.82, 'NX_0_CV': '0.56000', 'NX_0_CV_turn': '0.18667', 'NX_0_ctr': '1.93733', 'NX_0_len_tra': 30.0, 'NX_0_R_tra': 58.12, 'NX_10_CV': '0.28200', 'NX_10_CV_turn': '0.28200', 'NX_10_ctr': '1.89100', 'NX_10_len_tra': 10.0, 'NX_10_R_tra': 18.91}]
[I 240414 14:16:56 utils:142] Epoch: [36], Info: [{'num_test': 100, 'CV': '0.00700', 'CV_turn': '0.00233', 'ctr': '1.49167', 'len_tra': 30.0, 'R_tra': 44.75, 'NX_0_CV': '0.56200', 'NX_0_CV_turn': '0.18733', 'NX_0_ctr': '1.87533', 'NX_0_len_tra': 30.0, 'NX_0_R_tra': 56.26, 'NX_10_CV': '0.26200', 'NX_10_CV_turn': '0.26200', 'NX_10_ctr': '1.92100', 'NX_10_len_tra': 10.0, 'NX_10_R_tra': 19.21}]
[I 240414 14:17:03 utils:142] Epoch: [37], Info: [{'num_test': 100, 'CV': '0.00300', 'CV_turn': '0.00100', 'ctr': '1.50033', 'len_tra': 30.0, 'R_tra': 45.01, 'NX_0_CV': '0.56700', 'NX_0_CV_turn': '0.18900', 'NX_0_ctr': '1.91533', 'NX_0_len_tra': 30.0, 'NX_0_R_tra': 57.46, 'NX_10_CV': '0.28500', 'NX_10_CV_turn': '0.28500', 'NX_10_ctr': '1.83500', 'NX_10_len_tra': 10.0, 'NX_10_R_tra': 18.35}]
[I 240414 14:17:10 utils:142] Epoch: [38], Info: [{'num_test': 100, 'CV': '0.00500', 'CV_turn': '0.00167', 'ctr': '1.49100', 'len_tra': 30.0, 'R_tra': 44.73, 'NX_0_CV': '0.55400', 'NX_0_CV_turn': '0.18467', 'NX_0_ctr': '1.95400', 'NX_0_len_tra': 30.0, 'NX_0_R_tra': 58.62, 'NX_10_CV': '0.28500', 'NX_10_CV_turn': '0.28500', 'NX_10_ctr': '1.88300', 'NX_10_len_tra': 10.0, 'NX_10_R_tra': 18.83}]
[I 240414 14:17:17 utils:142] Epoch: [39], Info: [{'num_test': 100, 'CV': '0.00900', 'CV_turn': '0.00300', 'ctr': '1.40033', 'len_tra': 30.0, 'R_tra': 42.01, 'NX_0_CV': '0.57100', 'NX_0_CV_turn': '0.19033', 'NX_0_ctr': '1.89900', 'NX_0_len_tra': 30.0, 'NX_0_R_tra': 56.97, 'NX_10_CV': '0.27900', 'NX_10_CV_turn': '0.27900', 'NX_10_ctr': '1.84100', 'NX_10_len_tra': 10.0, 'NX_10_R_tra': 18.41}]
[I 240414 14:17:24 utils:142] Epoch: [40], Info: [{'num_test': 100, 'CV': '0.01000', 'CV_turn': '0.00333', 'ctr': '1.58233', 'len_tra': 30.0, 'R_tra': 47.47, 'NX_0_CV': '0.56500', 'NX_0_CV_turn': '0.18833', 'NX_0_ctr': '1.82600', 'NX_0_len_tra': 30.0, 'NX_0_R_tra': 54.78, 'NX_10_CV': '0.26900', 'NX_10_CV_turn': '0.26900', 'NX_10_ctr': '1.91600', 'NX_10_len_tra': 10.0, 'NX_10_R_tra': 19.16}]
[I 240414 14:17:31 utils:142] Epoch: [41], Info: [{'num_test': 100, 'CV': '0.00500', 'CV_turn': '0.00167', 'ctr': '1.51100', 'len_tra': 30.0, 'R_tra': 45.33, 'NX_0_CV': '0.58200', 'NX_0_CV_turn': '0.19400', 'NX_0_ctr': '1.87700', 'NX_0_len_tra': 30.0, 'NX_0_R_tra': 56.31, 'NX_10_CV': '0.27400', 'NX_10_CV_turn': '0.27400', 'NX_10_ctr': '1.94500', 'NX_10_len_tra': 10.0, 'NX_10_R_tra': 19.45}]
[I 240414 14:17:38 utils:142] Epoch: [42], Info: [{'num_test': 100, 'CV': '0.00500', 'CV_turn': '0.00167', 'ctr': '1.63033', 'len_tra': 30.0, 'R_tra': 48.91, 'NX_0_CV': '0.57800', 'NX_0_CV_turn': '0.19267', 'NX_0_ctr': '1.80200', 'NX_0_len_tra': 30.0, 'NX_0_R_tra': 54.06, 'NX_10_CV': '0.27000', 'NX_10_CV_turn': '0.27000', 'NX_10_ctr': '1.82900', 'NX_10_len_tra': 10.0, 'NX_10_R_tra': 18.29}]
[I 240414 14:17:45 utils:142] Epoch: [43], Info: [{'num_test': 100, 'CV': '0.00400', 'CV_turn': '0.00133', 'ctr': '1.54200', 'len_tra': 30.0, 'R_tra': 46.26, 'NX_0_CV': '0.56500', 'NX_0_CV_turn': '0.18833', 'NX_0_ctr': '1.92967', 'NX_0_len_tra': 30.0, 'NX_0_R_tra': 57.89, 'NX_10_CV': '0.29500', 'NX_10_CV_turn': '0.29500', 'NX_10_ctr': '1.88800', 'NX_10_len_tra': 10.0, 'NX_10_R_tra': 18.88}]
[I 240414 14:17:53 utils:142] Epoch: [44], Info: [{'num_test': 100, 'CV': '0.00900', 'CV_turn': '0.00300', 'ctr': '1.56167', 'len_tra': 30.0, 'R_tra': 46.85, 'NX_0_CV': '0.56900', 'NX_0_CV_turn': '0.18967', 'NX_0_ctr': '1.93467', 'NX_0_len_tra': 30.0, 'NX_0_R_tra': 58.04, 'NX_10_CV': '0.26300', 'NX_10_CV_turn': '0.26300', 'NX_10_ctr': '1.92200', 'NX_10_len_tra': 10.0, 'NX_10_R_tra': 19.22}]
[I 240414 14:18:00 utils:142] Epoch: [45], Info: [{'num_test': 100, 'CV': '0.00500', 'CV_turn': '0.00167', 'ctr': '1.44200', 'len_tra': 30.0, 'R_tra': 43.26, 'NX_0_CV': '0.58600', 'NX_0_CV_turn': '0.19533', 'NX_0_ctr': '1.90000', 'NX_0_len_tra': 30.0, 'NX_0_R_tra': 57.0, 'NX_10_CV': '0.27500', 'NX_10_CV_turn': '0.27500', 'NX_10_ctr': '1.88500', 'NX_10_len_tra': 10.0, 'NX_10_R_tra': 18.85}]
[I 240414 14:18:07 utils:142] Epoch: [46], Info: [{'num_test': 100, 'CV': '0.00300', 'CV_turn': '0.00100', 'ctr': '1.35000', 'len_tra': 30.0, 'R_tra': 40.5, 'NX_0_CV': '0.57100', 'NX_0_CV_turn': '0.19033', 'NX_0_ctr': '1.87567', 'NX_0_len_tra': 30.0, 'NX_0_R_tra': 56.27, 'NX_10_CV': '0.26500', 'NX_10_CV_turn': '0.26500', 'NX_10_ctr': '1.98400', 'NX_10_len_tra': 10.0, 'NX_10_R_tra': 19.84}]
[I 240414 14:18:15 utils:142] Epoch: [47], Info: [{'num_test': 100, 'CV': '0.00900', 'CV_turn': '0.00300', 'ctr': '1.50267', 'len_tra': 30.0, 'R_tra': 45.08, 'NX_0_CV': '0.55700', 'NX_0_CV_turn': '0.18567', 'NX_0_ctr': '1.88000', 'NX_0_len_tra': 30.0, 'NX_0_R_tra': 56.4, 'NX_10_CV': '0.28200', 'NX_10_CV_turn': '0.28200', 'NX_10_ctr': '1.90700', 'NX_10_len_tra': 10.0, 'NX_10_R_tra': 19.07}]
[I 240414 14:18:22 utils:142] Epoch: [48], Info: [{'num_test': 100, 'CV': '0.01100', 'CV_turn': '0.00367', 'ctr': '1.41200', 'len_tra': 30.0, 'R_tra': 42.36, 'NX_0_CV': '0.56900', 'NX_0_CV_turn': '0.18967', 'NX_0_ctr': '1.86433', 'NX_0_len_tra': 30.0, 'NX_0_R_tra': 55.93, 'NX_10_CV': '0.27800', 'NX_10_CV_turn': '0.27800', 'NX_10_ctr': '1.96700', 'NX_10_len_tra': 10.0, 'NX_10_R_tra': 19.67}]
[I 240414 14:18:30 utils:142] Epoch: [49], Info: [{'num_test': 100, 'CV': '0.01000', 'CV_turn': '0.00333', 'ctr': '1.51200', 'len_tra': 30.0, 'R_tra': 45.36, 'NX_0_CV': '0.56900', 'NX_0_CV_turn': '0.18967', 'NX_0_ctr': '1.88367', 'NX_0_len_tra': 30.0, 'NX_0_R_tra': 56.51, 'NX_10_CV': '0.26300', 'NX_10_CV_turn': '0.26300', 'NX_10_ctr': '1.92600', 'NX_10_len_tra': 10.0, 'NX_10_R_tra': 19.26}]
[I 240414 14:18:37 utils:142] Epoch: [50], Info: [{'num_test': 100, 'CV': '0.00700', 'CV_turn': '0.00233', 'ctr': '1.49233', 'len_tra': 30.0, 'R_tra': 44.77, 'NX_0_CV': '0.55400', 'NX_0_CV_turn': '0.18467', 'NX_0_ctr': '1.92967', 'NX_0_len_tra': 30.0, 'NX_0_R_tra': 57.89, 'NX_10_CV': '0.28800', 'NX_10_CV_turn': '0.28800', 'NX_10_ctr': '1.94800', 'NX_10_len_tra': 10.0, 'NX_10_R_tra': 19.48}]
[I 240414 14:18:45 utils:142] Epoch: [51], Info: [{'num_test': 100, 'CV': '0.00700', 'CV_turn': '0.00233', 'ctr': '1.58067', 'len_tra': 30.0, 'R_tra': 47.42, 'NX_0_CV': '0.54700', 'NX_0_CV_turn': '0.18233', 'NX_0_ctr': '1.94233', 'NX_0_len_tra': 30.0, 'NX_0_R_tra': 58.27, 'NX_10_CV': '0.29900', 'NX_10_CV_turn': '0.29900', 'NX_10_ctr': '1.92200', 'NX_10_len_tra': 10.0, 'NX_10_R_tra': 19.22}]
[I 240414 14:18:53 utils:142] Epoch: [52], Info: [{'num_test': 100, 'CV': '0.00600', 'CV_turn': '0.00200', 'ctr': '1.57200', 'len_tra': 30.0, 'R_tra': 47.16, 'NX_0_CV': '0.58000', 'NX_0_CV_turn': '0.19333', 'NX_0_ctr': '1.88500', 'NX_0_len_tra': 30.0, 'NX_0_R_tra': 56.55, 'NX_10_CV': '0.27900', 'NX_10_CV_turn': '0.27900', 'NX_10_ctr': '1.85100', 'NX_10_len_tra': 10.0, 'NX_10_R_tra': 18.51}]
[I 240414 14:19:00 utils:142] Epoch: [53], Info: [{'num_test': 100, 'CV': '0.00900', 'CV_turn': '0.00300', 'ctr': '1.40333', 'len_tra': 30.0, 'R_tra': 42.1, 'NX_0_CV': '0.55800', 'NX_0_CV_turn': '0.18600', 'NX_0_ctr': '1.96033', 'NX_0_len_tra': 30.0, 'NX_0_R_tra': 58.81, 'NX_10_CV': '0.26200', 'NX_10_CV_turn': '0.26200', 'NX_10_ctr': '1.89900', 'NX_10_len_tra': 10.0, 'NX_10_R_tra': 18.99}]
[I 240414 14:19:08 utils:142] Epoch: [54], Info: [{'num_test': 100, 'CV': '0.00400', 'CV_turn': '0.00133', 'ctr': '1.62100', 'len_tra': 30.0, 'R_tra': 48.63, 'NX_0_CV': '0.54200', 'NX_0_CV_turn': '0.18067', 'NX_0_ctr': '1.90500', 'NX_0_len_tra': 30.0, 'NX_0_R_tra': 57.15, 'NX_10_CV': '0.27000', 'NX_10_CV_turn': '0.27000', 'NX_10_ctr': '1.92100', 'NX_10_len_tra': 10.0, 'NX_10_R_tra': 19.21}]
[I 240414 14:19:16 utils:142] Epoch: [55], Info: [{'num_test': 100, 'CV': '0.00300', 'CV_turn': '0.00100', 'ctr': '1.44000', 'len_tra': 30.0, 'R_tra': 43.2, 'NX_0_CV': '0.55500', 'NX_0_CV_turn': '0.18500', 'NX_0_ctr': '1.92700', 'NX_0_len_tra': 30.0, 'NX_0_R_tra': 57.81, 'NX_10_CV': '0.27700', 'NX_10_CV_turn': '0.27700', 'NX_10_ctr': '1.93500', 'NX_10_len_tra': 10.0, 'NX_10_R_tra': 19.35}]
[I 240414 14:19:24 utils:142] Epoch: [56], Info: [{'num_test': 100, 'CV': '0.00400', 'CV_turn': '0.00133', 'ctr': '1.54000', 'len_tra': 30.0, 'R_tra': 46.2, 'NX_0_CV': '0.57600', 'NX_0_CV_turn': '0.19200', 'NX_0_ctr': '1.81500', 'NX_0_len_tra': 30.0, 'NX_0_R_tra': 54.45, 'NX_10_CV': '0.27700', 'NX_10_CV_turn': '0.27700', 'NX_10_ctr': '1.80700', 'NX_10_len_tra': 10.0, 'NX_10_R_tra': 18.07}]
[I 240414 14:19:32 utils:142] Epoch: [57], Info: [{'num_test': 100, 'CV': '0.00400', 'CV_turn': '0.00133', 'ctr': '1.53033', 'len_tra': 30.0, 'R_tra': 45.91, 'NX_0_CV': '0.55500', 'NX_0_CV_turn': '0.18500', 'NX_0_ctr': '1.95267', 'NX_0_len_tra': 30.0, 'NX_0_R_tra': 58.58, 'NX_10_CV': '0.27000', 'NX_10_CV_turn': '0.27000', 'NX_10_ctr': '1.85400', 'NX_10_len_tra': 10.0, 'NX_10_R_tra': 18.54}]
[I 240414 14:19:40 utils:142] Epoch: [58], Info: [{'num_test': 100, 'CV': '0.00400', 'CV_turn': '0.00133', 'ctr': '1.47067', 'len_tra': 30.0, 'R_tra': 44.12, 'NX_0_CV': '0.57700', 'NX_0_CV_turn': '0.19233', 'NX_0_ctr': '1.88433', 'NX_0_len_tra': 30.0, 'NX_0_R_tra': 56.53, 'NX_10_CV': '0.29300', 'NX_10_CV_turn': '0.29300', 'NX_10_ctr': '1.89000', 'NX_10_len_tra': 10.0, 'NX_10_R_tra': 18.9}]
[I 240414 14:19:48 utils:142] Epoch: [59], Info: [{'num_test': 100, 'CV': '0.00500', 'CV_turn': '0.00167', 'ctr': '1.53167', 'len_tra': 30.0, 'R_tra': 45.95, 'NX_0_CV': '0.55200', 'NX_0_CV_turn': '0.18400', 'NX_0_ctr': '2.00867', 'NX_0_len_tra': 30.0, 'NX_0_R_tra': 60.26, 'NX_10_CV': '0.27500', 'NX_10_CV_turn': '0.27500', 'NX_10_ctr': '1.80800', 'NX_10_len_tra': 10.0, 'NX_10_R_tra': 18.08}]
[I 240414 14:19:57 utils:142] Epoch: [60], Info: [{'num_test': 100, 'CV': '0.00400', 'CV_turn': '0.00133', 'ctr': '1.49067', 'len_tra': 30.0, 'R_tra': 44.72, 'NX_0_CV': '0.55800', 'NX_0_CV_turn': '0.18600', 'NX_0_ctr': '1.92867', 'NX_0_len_tra': 30.0, 'NX_0_R_tra': 57.86, 'NX_10_CV': '0.27400', 'NX_10_CV_turn': '0.27400', 'NX_10_ctr': '1.89600', 'NX_10_len_tra': 10.0, 'NX_10_R_tra': 18.96}]
[I 240414 14:20:05 utils:142] Epoch: [61], Info: [{'num_test': 100, 'CV': '0.00300', 'CV_turn': '0.00100', 'ctr': '1.65000', 'len_tra': 30.0, 'R_tra': 49.5, 'NX_0_CV': '0.56500', 'NX_0_CV_turn': '0.18833', 'NX_0_ctr': '1.84367', 'NX_0_len_tra': 30.0, 'NX_0_R_tra': 55.31, 'NX_10_CV': '0.27600', 'NX_10_CV_turn': '0.27600', 'NX_10_ctr': '1.87200', 'NX_10_len_tra': 10.0, 'NX_10_R_tra': 18.72}]
[I 240414 14:20:13 utils:142] Epoch: [62], Info: [{'num_test': 100, 'CV': '0.00300', 'CV_turn': '0.00100', 'ctr': '1.48033', 'len_tra': 30.0, 'R_tra': 44.41, 'NX_0_CV': '0.54600', 'NX_0_CV_turn': '0.18200', 'NX_0_ctr': '1.91067', 'NX_0_len_tra': 30.0, 'NX_0_R_tra': 57.32, 'NX_10_CV': '0.26800', 'NX_10_CV_turn': '0.26800', 'NX_10_ctr': '2.01500', 'NX_10_len_tra': 10.0, 'NX_10_R_tra': 20.15}]
[I 240414 14:20:21 utils:142] Epoch: [63], Info: [{'num_test': 100, 'CV': '0.00300', 'CV_turn': '0.00100', 'ctr': '1.50000', 'len_tra': 30.0, 'R_tra': 45.0, 'NX_0_CV': '0.57900', 'NX_0_CV_turn': '0.19300', 'NX_0_ctr': '1.87233', 'NX_0_len_tra': 30.0, 'NX_0_R_tra': 56.17, 'NX_10_CV': '0.26200', 'NX_10_CV_turn': '0.26200', 'NX_10_ctr': '1.87900', 'NX_10_len_tra': 10.0, 'NX_10_R_tra': 18.79}]
[I 240414 14:20:30 utils:142] Epoch: [64], Info: [{'num_test': 100, 'CV': '0.00400', 'CV_turn': '0.00133', 'ctr': '1.46133', 'len_tra': 30.0, 'R_tra': 43.84, 'NX_0_CV': '0.57300', 'NX_0_CV_turn': '0.19100', 'NX_0_ctr': '1.85967', 'NX_0_len_tra': 30.0, 'NX_0_R_tra': 55.79, 'NX_10_CV': '0.26100', 'NX_10_CV_turn': '0.26100', 'NX_10_ctr': '1.86600', 'NX_10_len_tra': 10.0, 'NX_10_R_tra': 18.66}]
[I 240414 14:20:38 utils:142] Epoch: [65], Info: [{'num_test': 100, 'CV': '0.00200', 'CV_turn': '0.00067', 'ctr': '1.50133', 'len_tra': 30.0, 'R_tra': 45.04, 'NX_0_CV': '0.55600', 'NX_0_CV_turn': '0.18533', 'NX_0_ctr': '1.90967', 'NX_0_len_tra': 30.0, 'NX_0_R_tra': 57.29, 'NX_10_CV': '0.27300', 'NX_10_CV_turn': '0.27300', 'NX_10_ctr': '1.94900', 'NX_10_len_tra': 10.0, 'NX_10_R_tra': 19.49}]
[I 240414 14:20:47 utils:142] Epoch: [66], Info: [{'num_test': 100, 'CV': '0.00300', 'CV_turn': '0.00100', 'ctr': '1.45067', 'len_tra': 30.0, 'R_tra': 43.52, 'NX_0_CV': '0.57600', 'NX_0_CV_turn': '0.19200', 'NX_0_ctr': '1.92400', 'NX_0_len_tra': 30.0, 'NX_0_R_tra': 57.72, 'NX_10_CV': '0.29500', 'NX_10_CV_turn': '0.29500', 'NX_10_ctr': '1.84500', 'NX_10_len_tra': 10.0, 'NX_10_R_tra': 18.45}]
[I 240414 14:20:55 utils:142] Epoch: [67], Info: [{'num_test': 100, 'CV': '0.00200', 'CV_turn': '0.00067', 'ctr': '1.39033', 'len_tra': 30.0, 'R_tra': 41.71, 'NX_0_CV': '0.57700', 'NX_0_CV_turn': '0.19233', 'NX_0_ctr': '2.04367', 'NX_0_len_tra': 30.0, 'NX_0_R_tra': 61.31, 'NX_10_CV': '0.27700', 'NX_10_CV_turn': '0.27700', 'NX_10_ctr': '1.86700', 'NX_10_len_tra': 10.0, 'NX_10_R_tra': 18.67}]
[I 240414 14:21:04 utils:142] Epoch: [68], Info: [{'num_test': 100, 'CV': '0.00200', 'CV_turn': '0.00067', 'ctr': '1.52000', 'len_tra': 30.0, 'R_tra': 45.6, 'NX_0_CV': '0.57400', 'NX_0_CV_turn': '0.19133', 'NX_0_ctr': '1.90600', 'NX_0_len_tra': 30.0, 'NX_0_R_tra': 57.18, 'NX_10_CV': '0.28300', 'NX_10_CV_turn': '0.28300', 'NX_10_ctr': '1.89300', 'NX_10_len_tra': 10.0, 'NX_10_R_tra': 18.93}]
[I 240414 14:21:13 utils:142] Epoch: [69], Info: [{'num_test': 100, 'CV': '0.00200', 'CV_turn': '0.00067', 'ctr': '1.50033', 'len_tra': 30.0, 'R_tra': 45.01, 'NX_0_CV': '0.57200', 'NX_0_CV_turn': '0.19067', 'NX_0_ctr': '1.80533', 'NX_0_len_tra': 30.0, 'NX_0_R_tra': 54.16, 'NX_10_CV': '0.27600', 'NX_10_CV_turn': '0.27600', 'NX_10_ctr': '1.91800', 'NX_10_len_tra': 10.0, 'NX_10_R_tra': 19.18}]
[I 240414 14:21:22 utils:142] Epoch: [70], Info: [{'num_test': 100, 'CV': '0.00200', 'CV_turn': '0.00067', 'ctr': '1.35000', 'len_tra': 30.0, 'R_tra': 40.5, 'NX_0_CV': '0.57100', 'NX_0_CV_turn': '0.19033', 'NX_0_ctr': '1.93333', 'NX_0_len_tra': 30.0, 'NX_0_R_tra': 58.0, 'NX_10_CV': '0.28900', 'NX_10_CV_turn': '0.28900', 'NX_10_ctr': '1.86600', 'NX_10_len_tra': 10.0, 'NX_10_R_tra': 18.66}]
[I 240414 14:21:30 utils:142] Epoch: [71], Info: [{'num_test': 100, 'CV': '0.00100', 'CV_turn': '0.00033', 'ctr': '1.41000', 'len_tra': 30.0, 'R_tra': 42.3, 'NX_0_CV': '0.55800', 'NX_0_CV_turn': '0.18600', 'NX_0_ctr': '1.95567', 'NX_0_len_tra': 30.0, 'NX_0_R_tra': 58.67, 'NX_10_CV': '0.29300', 'NX_10_CV_turn': '0.29300', 'NX_10_ctr': '1.95100', 'NX_10_len_tra': 10.0, 'NX_10_R_tra': 19.51}]
[I 240414 14:21:39 utils:142] Epoch: [72], Info: [{'num_test': 100, 'CV': '0.00200', 'CV_turn': '0.00067', 'ctr': '1.45067', 'len_tra': 30.0, 'R_tra': 43.52, 'NX_0_CV': '0.57400', 'NX_0_CV_turn': '0.19133', 'NX_0_ctr': '1.95633', 'NX_0_len_tra': 30.0, 'NX_0_R_tra': 58.69, 'NX_10_CV': '0.29400', 'NX_10_CV_turn': '0.29400', 'NX_10_ctr': '1.98000', 'NX_10_len_tra': 10.0, 'NX_10_R_tra': 19.8}]
[I 240414 14:21:48 utils:142] Epoch: [73], Info: [{'num_test': 100, 'CV': '0.00200', 'CV_turn': '0.00067', 'ctr': '1.58033', 'len_tra': 30.0, 'R_tra': 47.41, 'NX_0_CV': '0.57600', 'NX_0_CV_turn': '0.19200', 'NX_0_ctr': '1.85500', 'NX_0_len_tra': 30.0, 'NX_0_R_tra': 55.65, 'NX_10_CV': '0.27700', 'NX_10_CV_turn': '0.27700', 'NX_10_ctr': '1.99800', 'NX_10_len_tra': 10.0, 'NX_10_R_tra': 19.98}]
[I 240414 14:21:57 utils:142] Epoch: [74], Info: [{'num_test': 100, 'CV': '0.00100', 'CV_turn': '0.00033', 'ctr': '1.42000', 'len_tra': 30.0, 'R_tra': 42.6, 'NX_0_CV': '0.59400', 'NX_0_CV_turn': '0.19800', 'NX_0_ctr': '2.00767', 'NX_0_len_tra': 30.0, 'NX_0_R_tra': 60.23, 'NX_10_CV': '0.28300', 'NX_10_CV_turn': '0.28300', 'NX_10_ctr': '1.93200', 'NX_10_len_tra': 10.0, 'NX_10_R_tra': 19.32}]
[I 240414 14:22:07 utils:142] Epoch: [75], Info: [{'num_test': 100, 'CV': '0.00200', 'CV_turn': '0.00067', 'ctr': '1.39033', 'len_tra': 30.0, 'R_tra': 41.71, 'NX_0_CV': '0.60700', 'NX_0_CV_turn': '0.20233', 'NX_0_ctr': '1.98167', 'NX_0_len_tra': 30.0, 'NX_0_R_tra': 59.45, 'NX_10_CV': '0.28600', 'NX_10_CV_turn': '0.28600', 'NX_10_ctr': '1.92400', 'NX_10_len_tra': 10.0, 'NX_10_R_tra': 19.24}]
[I 240414 14:22:16 utils:142] Epoch: [76], Info: [{'num_test': 100, 'CV': '0.00400', 'CV_turn': '0.00133', 'ctr': '1.58133', 'len_tra': 30.0, 'R_tra': 47.44, 'NX_0_CV': '0.56800', 'NX_0_CV_turn': '0.18933', 'NX_0_ctr': '1.88667', 'NX_0_len_tra': 30.0, 'NX_0_R_tra': 56.6, 'NX_10_CV': '0.28000', 'NX_10_CV_turn': '0.28000', 'NX_10_ctr': '1.89500', 'NX_10_len_tra': 10.0, 'NX_10_R_tra': 18.95}]
[I 240414 14:22:25 utils:142] Epoch: [77], Info: [{'num_test': 100, 'CV': '0.00400', 'CV_turn': '0.00133', 'ctr': '1.46000', 'len_tra': 30.0, 'R_tra': 43.8, 'NX_0_CV': '0.57300', 'NX_0_CV_turn': '0.19100', 'NX_0_ctr': '1.88767', 'NX_0_len_tra': 30.0, 'NX_0_R_tra': 56.63, 'NX_10_CV': '0.30300', 'NX_10_CV_turn': '0.30300', 'NX_10_ctr': '1.97200', 'NX_10_len_tra': 10.0, 'NX_10_R_tra': 19.72}]
[I 240414 14:22:34 utils:142] Epoch: [78], Info: [{'num_test': 100, 'CV': '0.00400', 'CV_turn': '0.00133', 'ctr': '1.44000', 'len_tra': 30.0, 'R_tra': 43.2, 'NX_0_CV': '0.56600', 'NX_0_CV_turn': '0.18867', 'NX_0_ctr': '1.88233', 'NX_0_len_tra': 30.0, 'NX_0_R_tra': 56.47, 'NX_10_CV': '0.27400', 'NX_10_CV_turn': '0.27400', 'NX_10_ctr': '2.00900', 'NX_10_len_tra': 10.0, 'NX_10_R_tra': 20.09}]
[I 240414 14:22:43 utils:142] Epoch: [79], Info: [{'num_test': 100, 'CV': '0.00300', 'CV_turn': '0.00100', 'ctr': '1.46000', 'len_tra': 30.0, 'R_tra': 43.8, 'NX_0_CV': '0.59800', 'NX_0_CV_turn': '0.19933', 'NX_0_ctr': '1.87367', 'NX_0_len_tra': 30.0, 'NX_0_R_tra': 56.21, 'NX_10_CV': '0.28300', 'NX_10_CV_turn': '0.28300', 'NX_10_ctr': '1.94500', 'NX_10_len_tra': 10.0, 'NX_10_R_tra': 19.45}]
[I 240414 14:22:53 utils:142] Epoch: [80], Info: [{'num_test': 100, 'CV': '0.00200', 'CV_turn': '0.00067', 'ctr': '1.53000', 'len_tra': 30.0, 'R_tra': 45.9, 'NX_0_CV': '0.60300', 'NX_0_CV_turn': '0.20100', 'NX_0_ctr': '1.88233', 'NX_0_len_tra': 30.0, 'NX_0_R_tra': 56.47, 'NX_10_CV': '0.30200', 'NX_10_CV_turn': '0.30200', 'NX_10_ctr': '1.88400', 'NX_10_len_tra': 10.0, 'NX_10_R_tra': 18.84}]
[I 240414 14:23:02 utils:142] Epoch: [81], Info: [{'num_test': 100, 'CV': '0.00300', 'CV_turn': '0.00100', 'ctr': '1.63033', 'len_tra': 30.0, 'R_tra': 48.91, 'NX_0_CV': '0.58800', 'NX_0_CV_turn': '0.19600', 'NX_0_ctr': '2.00800', 'NX_0_len_tra': 30.0, 'NX_0_R_tra': 60.24, 'NX_10_CV': '0.29000', 'NX_10_CV_turn': '0.29000', 'NX_10_ctr': '1.86600', 'NX_10_len_tra': 10.0, 'NX_10_R_tra': 18.66}]
[I 240414 14:23:12 utils:142] Epoch: [82], Info: [{'num_test': 100, 'CV': '0.00500', 'CV_turn': '0.00167', 'ctr': '1.40033', 'len_tra': 30.0, 'R_tra': 42.01, 'NX_0_CV': '0.59900', 'NX_0_CV_turn': '0.19967', 'NX_0_ctr': '1.90233', 'NX_0_len_tra': 30.0, 'NX_0_R_tra': 57.07, 'NX_10_CV': '0.28400', 'NX_10_CV_turn': '0.28400', 'NX_10_ctr': '2.03200', 'NX_10_len_tra': 10.0, 'NX_10_R_tra': 20.32}]
[I 240414 14:23:21 utils:142] Epoch: [83], Info: [{'num_test': 100, 'CV': '0.00400', 'CV_turn': '0.00133', 'ctr': '1.49000', 'len_tra': 30.0, 'R_tra': 44.7, 'NX_0_CV': '0.59100', 'NX_0_CV_turn': '0.19700', 'NX_0_ctr': '1.89200', 'NX_0_len_tra': 30.0, 'NX_0_R_tra': 56.76, 'NX_10_CV': '0.30600', 'NX_10_CV_turn': '0.30600', 'NX_10_ctr': '1.94300', 'NX_10_len_tra': 10.0, 'NX_10_R_tra': 19.43}]
[I 240414 14:23:31 utils:142] Epoch: [84], Info: [{'num_test': 100, 'CV': '0.00200', 'CV_turn': '0.00067', 'ctr': '1.53000', 'len_tra': 30.0, 'R_tra': 45.9, 'NX_0_CV': '0.57500', 'NX_0_CV_turn': '0.19167', 'NX_0_ctr': '1.92067', 'NX_0_len_tra': 30.0, 'NX_0_R_tra': 57.62, 'NX_10_CV': '0.30500', 'NX_10_CV_turn': '0.30500', 'NX_10_ctr': '1.92000', 'NX_10_len_tra': 10.0, 'NX_10_R_tra': 19.2}]
[I 240414 14:23:41 utils:142] Epoch: [85], Info: [{'num_test': 100, 'CV': '0.00600', 'CV_turn': '0.00200', 'ctr': '1.38200', 'len_tra': 30.0, 'R_tra': 41.46, 'NX_0_CV': '0.58500', 'NX_0_CV_turn': '0.19500', 'NX_0_ctr': '1.98300', 'NX_0_len_tra': 30.0, 'NX_0_R_tra': 59.49, 'NX_10_CV': '0.31800', 'NX_10_CV_turn': '0.31800', 'NX_10_ctr': '2.00000', 'NX_10_len_tra': 10.0, 'NX_10_R_tra': 20.0}]
[I 240414 14:23:50 utils:142] Epoch: [86], Info: [{'num_test': 100, 'CV': '0.00600', 'CV_turn': '0.00200', 'ctr': '1.52133', 'len_tra': 30.0, 'R_tra': 45.64, 'NX_0_CV': '0.59100', 'NX_0_CV_turn': '0.19700', 'NX_0_ctr': '1.93800', 'NX_0_len_tra': 30.0, 'NX_0_R_tra': 58.14, 'NX_10_CV': '0.30600', 'NX_10_CV_turn': '0.30600', 'NX_10_ctr': '1.95000', 'NX_10_len_tra': 10.0, 'NX_10_R_tra': 19.5}]
[I 240414 14:24:00 utils:142] Epoch: [87], Info: [{'num_test': 100, 'CV': '0.00400', 'CV_turn': '0.00133', 'ctr': '1.45067', 'len_tra': 30.0, 'R_tra': 43.52, 'NX_0_CV': '0.60000', 'NX_0_CV_turn': '0.20000', 'NX_0_ctr': '1.96833', 'NX_0_len_tra': 30.0, 'NX_0_R_tra': 59.05, 'NX_10_CV': '0.31200', 'NX_10_CV_turn': '0.31200', 'NX_10_ctr': '1.91700', 'NX_10_len_tra': 10.0, 'NX_10_R_tra': 19.17}]
[I 240414 14:24:10 utils:142] Epoch: [88], Info: [{'num_test': 100, 'CV': '0.00400', 'CV_turn': '0.00133', 'ctr': '1.55000', 'len_tra': 30.0, 'R_tra': 46.5, 'NX_0_CV': '0.61600', 'NX_0_CV_turn': '0.20533', 'NX_0_ctr': '1.81767', 'NX_0_len_tra': 30.0, 'NX_0_R_tra': 54.53, 'NX_10_CV': '0.32400', 'NX_10_CV_turn': '0.32400', 'NX_10_ctr': '1.92600', 'NX_10_len_tra': 10.0, 'NX_10_R_tra': 19.26}]
[I 240414 14:24:20 utils:142] Epoch: [89], Info: [{'num_test': 100, 'CV': '0.00800', 'CV_turn': '0.00267', 'ctr': '1.46233', 'len_tra': 30.0, 'R_tra': 43.87, 'NX_0_CV': '0.60700', 'NX_0_CV_turn': '0.20233', 'NX_0_ctr': '1.88467', 'NX_0_len_tra': 30.0, 'NX_0_R_tra': 56.54, 'NX_10_CV': '0.29700', 'NX_10_CV_turn': '0.29700', 'NX_10_ctr': '1.95100', 'NX_10_len_tra': 10.0, 'NX_10_R_tra': 19.51}]
[I 240414 14:24:30 utils:142] Epoch: [90], Info: [{'num_test': 100, 'CV': '0.00800', 'CV_turn': '0.00267', 'ctr': '1.55267', 'len_tra': 30.0, 'R_tra': 46.58, 'NX_0_CV': '0.60200', 'NX_0_CV_turn': '0.20067', 'NX_0_ctr': '1.90167', 'NX_0_len_tra': 30.0, 'NX_0_R_tra': 57.05, 'NX_10_CV': '0.30700', 'NX_10_CV_turn': '0.30700', 'NX_10_ctr': '2.01000', 'NX_10_len_tra': 10.0, 'NX_10_R_tra': 20.1}]
[I 240414 14:24:40 utils:142] Epoch: [91], Info: [{'num_test': 100, 'CV': '0.00700', 'CV_turn': '0.00233', 'ctr': '1.50100', 'len_tra': 30.0, 'R_tra': 45.03, 'NX_0_CV': '0.60500', 'NX_0_CV_turn': '0.20167', 'NX_0_ctr': '2.09600', 'NX_0_len_tra': 30.0, 'NX_0_R_tra': 62.88, 'NX_10_CV': '0.32900', 'NX_10_CV_turn': '0.32900', 'NX_10_ctr': '2.00800', 'NX_10_len_tra': 10.0, 'NX_10_R_tra': 20.08}]
[I 240414 14:24:50 utils:142] Epoch: [92], Info: [{'num_test': 100, 'CV': '0.00500', 'CV_turn': '0.00167', 'ctr': '1.50067', 'len_tra': 30.0, 'R_tra': 45.02, 'NX_0_CV': '0.63900', 'NX_0_CV_turn': '0.21300', 'NX_0_ctr': '1.95900', 'NX_0_len_tra': 30.0, 'NX_0_R_tra': 58.77, 'NX_10_CV': '0.32500', 'NX_10_CV_turn': '0.32500', 'NX_10_ctr': '1.87400', 'NX_10_len_tra': 10.0, 'NX_10_R_tra': 18.74}]
[I 240414 14:25:00 utils:142] Epoch: [93], Info: [{'num_test': 100, 'CV': '0.00800', 'CV_turn': '0.00267', 'ctr': '1.44100', 'len_tra': 30.0, 'R_tra': 43.23, 'NX_0_CV': '0.58900', 'NX_0_CV_turn': '0.19633', 'NX_0_ctr': '2.01767', 'NX_0_len_tra': 30.0, 'NX_0_R_tra': 60.53, 'NX_10_CV': '0.31400', 'NX_10_CV_turn': '0.31400', 'NX_10_ctr': '1.96600', 'NX_10_len_tra': 10.0, 'NX_10_R_tra': 19.66}]
[I 240414 14:25:11 utils:142] Epoch: [94], Info: [{'num_test': 100, 'CV': '0.00200', 'CV_turn': '0.00067', 'ctr': '1.49000', 'len_tra': 30.0, 'R_tra': 44.7, 'NX_0_CV': '0.62100', 'NX_0_CV_turn': '0.20700', 'NX_0_ctr': '1.93133', 'NX_0_len_tra': 30.0, 'NX_0_R_tra': 57.94, 'NX_10_CV': '0.33100', 'NX_10_CV_turn': '0.33100', 'NX_10_ctr': '1.78000', 'NX_10_len_tra': 10.0, 'NX_10_R_tra': 17.8}]
[I 240414 14:25:21 utils:142] Epoch: [95], Info: [{'num_test': 100, 'CV': '0.01200', 'CV_turn': '0.00400', 'ctr': '1.39167', 'len_tra': 30.0, 'R_tra': 41.75, 'NX_0_CV': '0.63300', 'NX_0_CV_turn': '0.21100', 'NX_0_ctr': '1.94100', 'NX_0_len_tra': 30.0, 'NX_0_R_tra': 58.23, 'NX_10_CV': '0.31500', 'NX_10_CV_turn': '0.31500', 'NX_10_ctr': '1.92700', 'NX_10_len_tra': 10.0, 'NX_10_R_tra': 19.27}]
[I 240414 14:25:31 utils:142] Epoch: [96], Info: [{'num_test': 100, 'CV': '0.01500', 'CV_turn': '0.00500', 'ctr': '1.40467', 'len_tra': 30.0, 'R_tra': 42.14, 'NX_0_CV': '0.62400', 'NX_0_CV_turn': '0.20800', 'NX_0_ctr': '1.92033', 'NX_0_len_tra': 30.0, 'NX_0_R_tra': 57.61, 'NX_10_CV': '0.32800', 'NX_10_CV_turn': '0.32800', 'NX_10_ctr': '1.84600', 'NX_10_len_tra': 10.0, 'NX_10_R_tra': 18.46}]
[I 240414 14:25:42 utils:142] Epoch: [97], Info: [{'num_test': 100, 'CV': '0.00900', 'CV_turn': '0.00300', 'ctr': '1.45033', 'len_tra': 30.0, 'R_tra': 43.51, 'NX_0_CV': '0.61700', 'NX_0_CV_turn': '0.20567', 'NX_0_ctr': '1.96100', 'NX_0_len_tra': 30.0, 'NX_0_R_tra': 58.83, 'NX_10_CV': '0.34200', 'NX_10_CV_turn': '0.34200', 'NX_10_ctr': '1.77100', 'NX_10_len_tra': 10.0, 'NX_10_R_tra': 17.71}]
[I 240414 14:25:52 utils:142] Epoch: [98], Info: [{'num_test': 100, 'CV': '0.01200', 'CV_turn': '0.00400', 'ctr': '1.43267', 'len_tra': 30.0, 'R_tra': 42.98, 'NX_0_CV': '0.61800', 'NX_0_CV_turn': '0.20600', 'NX_0_ctr': '1.80667', 'NX_0_len_tra': 30.0, 'NX_0_R_tra': 54.2, 'NX_10_CV': '0.33500', 'NX_10_CV_turn': '0.33500', 'NX_10_ctr': '1.94700', 'NX_10_len_tra': 10.0, 'NX_10_R_tra': 19.47}]
[I 240414 14:26:03 utils:142] Epoch: [99], Info: [{'num_test': 100, 'CV': '0.00700', 'CV_turn': '0.00233', 'ctr': '1.51200', 'len_tra': 30.0, 'R_tra': 45.36, 'NX_0_CV': '0.59000', 'NX_0_CV_turn': '0.19667', 'NX_0_ctr': '1.97600', 'NX_0_len_tra': 30.0, 'NX_0_R_tra': 59.28, 'NX_10_CV': '0.30700', 'NX_10_CV_turn': '0.30700', 'NX_10_ctr': '1.91100', 'NX_10_len_tra': 10.0, 'NX_10_R_tra': 19.11}]
[I 240414 14:26:13 utils:142] Epoch: [100], Info: [{'num_test': 100, 'CV': '0.00700', 'CV_turn': '0.00233', 'ctr': '1.48133', 'len_tra': 30.0, 'R_tra': 44.44, 'NX_0_CV': '0.60400', 'NX_0_CV_turn': '0.20133', 'NX_0_ctr': '1.98367', 'NX_0_len_tra': 30.0, 'NX_0_R_tra': 59.51, 'NX_10_CV': '0.31500', 'NX_10_CV_turn': '0.31500', 'NX_10_ctr': '1.98500', 'NX_10_len_tra': 10.0, 'NX_10_R_tra': 19.85}]
[I 240414 14:26:24 utils:142] Epoch: [101], Info: [{'num_test': 100, 'CV': '0.00800', 'CV_turn': '0.00267', 'ctr': '1.48233', 'len_tra': 30.0, 'R_tra': 44.47, 'NX_0_CV': '0.61300', 'NX_0_CV_turn': '0.20433', 'NX_0_ctr': '1.89767', 'NX_0_len_tra': 30.0, 'NX_0_R_tra': 56.93, 'NX_10_CV': '0.30200', 'NX_10_CV_turn': '0.30200', 'NX_10_ctr': '1.87300', 'NX_10_len_tra': 10.0, 'NX_10_R_tra': 18.73}]
[I 240414 14:26:35 utils:142] Epoch: [102], Info: [{'num_test': 100, 'CV': '0.00300', 'CV_turn': '0.00100', 'ctr': '1.46067', 'len_tra': 30.0, 'R_tra': 43.82, 'NX_0_CV': '0.58800', 'NX_0_CV_turn': '0.19600', 'NX_0_ctr': '1.91233', 'NX_0_len_tra': 30.0, 'NX_0_R_tra': 57.37, 'NX_10_CV': '0.31600', 'NX_10_CV_turn': '0.31600', 'NX_10_ctr': '1.83600', 'NX_10_len_tra': 10.0, 'NX_10_R_tra': 18.36}]
[I 240414 14:26:46 utils:142] Epoch: [103], Info: [{'num_test': 100, 'CV': '0.00100', 'CV_turn': '0.00033', 'ctr': '1.61000', 'len_tra': 30.0, 'R_tra': 48.3, 'NX_0_CV': '0.60600', 'NX_0_CV_turn': '0.20200', 'NX_0_ctr': '1.97400', 'NX_0_len_tra': 30.0, 'NX_0_R_tra': 59.22, 'NX_10_CV': '0.31300', 'NX_10_CV_turn': '0.31300', 'NX_10_ctr': '1.90400', 'NX_10_len_tra': 10.0, 'NX_10_R_tra': 19.04}]
[I 240414 14:26:56 utils:142] Epoch: [104], Info: [{'num_test': 100, 'CV': '0.00400', 'CV_turn': '0.00133', 'ctr': '1.49133', 'len_tra': 30.0, 'R_tra': 44.74, 'NX_0_CV': '0.59400', 'NX_0_CV_turn': '0.19800', 'NX_0_ctr': '1.94167', 'NX_0_len_tra': 30.0, 'NX_0_R_tra': 58.25, 'NX_10_CV': '0.31000', 'NX_10_CV_turn': '0.31000', 'NX_10_ctr': '1.95700', 'NX_10_len_tra': 10.0, 'NX_10_R_tra': 19.57}]
[I 240414 14:27:07 utils:142] Epoch: [105], Info: [{'num_test': 100, 'CV': '0.00500', 'CV_turn': '0.00167', 'ctr': '1.38133', 'len_tra': 30.0, 'R_tra': 41.44, 'NX_0_CV': '0.60200', 'NX_0_CV_turn': '0.20067', 'NX_0_ctr': '2.04100', 'NX_0_len_tra': 30.0, 'NX_0_R_tra': 61.23, 'NX_10_CV': '0.32400', 'NX_10_CV_turn': '0.32400', 'NX_10_ctr': '1.92400', 'NX_10_len_tra': 10.0, 'NX_10_R_tra': 19.24}]
[I 240414 14:27:18 utils:142] Epoch: [106], Info: [{'num_test': 100, 'CV': '0.00300', 'CV_turn': '0.00100', 'ctr': '1.52000', 'len_tra': 30.0, 'R_tra': 45.6, 'NX_0_CV': '0.58700', 'NX_0_CV_turn': '0.19567', 'NX_0_ctr': '1.89567', 'NX_0_len_tra': 30.0, 'NX_0_R_tra': 56.87, 'NX_10_CV': '0.31500', 'NX_10_CV_turn': '0.31500', 'NX_10_ctr': '2.01600', 'NX_10_len_tra': 10.0, 'NX_10_R_tra': 20.16}]
[I 240414 14:27:29 utils:142] Epoch: [107], Info: [{'num_test': 100, 'CV': '0.00300', 'CV_turn': '0.00100', 'ctr': '1.53000', 'len_tra': 30.0, 'R_tra': 45.9, 'NX_0_CV': '0.61700', 'NX_0_CV_turn': '0.20567', 'NX_0_ctr': '1.97067', 'NX_0_len_tra': 30.0, 'NX_0_R_tra': 59.12, 'NX_10_CV': '0.31900', 'NX_10_CV_turn': '0.31900', 'NX_10_ctr': '2.01700', 'NX_10_len_tra': 10.0, 'NX_10_R_tra': 20.17}]
[I 240414 14:27:40 utils:142] Epoch: [108], Info: [{'num_test': 100, 'CV': '0.01200', 'CV_turn': '0.00400', 'ctr': '1.44267', 'len_tra': 30.0, 'R_tra': 43.28, 'NX_0_CV': '0.60900', 'NX_0_CV_turn': '0.20300', 'NX_0_ctr': '2.08067', 'NX_0_len_tra': 30.0, 'NX_0_R_tra': 62.42, 'NX_10_CV': '0.34000', 'NX_10_CV_turn': '0.34000', 'NX_10_ctr': '1.82800', 'NX_10_len_tra': 10.0, 'NX_10_R_tra': 18.28}]
[I 240414 14:27:52 utils:142] Epoch: [109], Info: [{'num_test': 100, 'CV': '0.00800', 'CV_turn': '0.00267', 'ctr': '1.39300', 'len_tra': 30.0, 'R_tra': 41.79, 'NX_0_CV': '0.61100', 'NX_0_CV_turn': '0.20367', 'NX_0_ctr': '2.06067', 'NX_0_len_tra': 30.0, 'NX_0_R_tra': 61.82, 'NX_10_CV': '0.31900', 'NX_10_CV_turn': '0.31900', 'NX_10_ctr': '1.82600', 'NX_10_len_tra': 10.0, 'NX_10_R_tra': 18.26}]
[I 240414 14:28:03 utils:142] Epoch: [110], Info: [{'num_test': 100, 'CV': '0.01200', 'CV_turn': '0.00400', 'ctr': '1.57300', 'len_tra': 30.0, 'R_tra': 47.19, 'NX_0_CV': '0.61400', 'NX_0_CV_turn': '0.20467', 'NX_0_ctr': '1.94367', 'NX_0_len_tra': 30.0, 'NX_0_R_tra': 58.31, 'NX_10_CV': '0.31600', 'NX_10_CV_turn': '0.31600', 'NX_10_ctr': '1.83600', 'NX_10_len_tra': 10.0, 'NX_10_R_tra': 18.36}]
[I 240414 14:28:14 utils:142] Epoch: [111], Info: [{'num_test': 100, 'CV': '0.00400', 'CV_turn': '0.00133', 'ctr': '1.58133', 'len_tra': 30.0, 'R_tra': 47.44, 'NX_0_CV': '0.60800', 'NX_0_CV_turn': '0.20267', 'NX_0_ctr': '1.99400', 'NX_0_len_tra': 30.0, 'NX_0_R_tra': 59.82, 'NX_10_CV': '0.29600', 'NX_10_CV_turn': '0.29600', 'NX_10_ctr': '1.90800', 'NX_10_len_tra': 10.0, 'NX_10_R_tra': 19.08}]
[I 240414 14:28:25 utils:142] Epoch: [112], Info: [{'num_test': 100, 'CV': '0.00100', 'CV_turn': '0.00033', 'ctr': '1.41000', 'len_tra': 30.0, 'R_tra': 42.3, 'NX_0_CV': '0.59500', 'NX_0_CV_turn': '0.19833', 'NX_0_ctr': '1.98400', 'NX_0_len_tra': 30.0, 'NX_0_R_tra': 59.52, 'NX_10_CV': '0.30300', 'NX_10_CV_turn': '0.30300', 'NX_10_ctr': '1.88200', 'NX_10_len_tra': 10.0, 'NX_10_R_tra': 18.82}]
[I 240414 14:28:37 utils:142] Epoch: [113], Info: [{'num_test': 100, 'CV': '0.00800', 'CV_turn': '0.00267', 'ctr': '1.52100', 'len_tra': 30.0, 'R_tra': 45.63, 'NX_0_CV': '0.61600', 'NX_0_CV_turn': '0.20533', 'NX_0_ctr': '1.94233', 'NX_0_len_tra': 30.0, 'NX_0_R_tra': 58.27, 'NX_10_CV': '0.30800', 'NX_10_CV_turn': '0.30800', 'NX_10_ctr': '2.02200', 'NX_10_len_tra': 10.0, 'NX_10_R_tra': 20.22}]
[I 240414 14:28:48 utils:142] Epoch: [114], Info: [{'num_test': 100, 'CV': '0.00300', 'CV_turn': '0.00100', 'ctr': '1.59000', 'len_tra': 30.0, 'R_tra': 47.7, 'NX_0_CV': '0.61500', 'NX_0_CV_turn': '0.20500', 'NX_0_ctr': '1.94767', 'NX_0_len_tra': 30.0, 'NX_0_R_tra': 58.43, 'NX_10_CV': '0.29300', 'NX_10_CV_turn': '0.29300', 'NX_10_ctr': '1.93300', 'NX_10_len_tra': 10.0, 'NX_10_R_tra': 19.33}]
[I 240414 14:29:00 utils:142] Epoch: [115], Info: [{'num_test': 100, 'CV': '0.00900', 'CV_turn': '0.00300', 'ctr': '1.52167', 'len_tra': 30.0, 'R_tra': 45.65, 'NX_0_CV': '0.60500', 'NX_0_CV_turn': '0.20167', 'NX_0_ctr': '1.96567', 'NX_0_len_tra': 30.0, 'NX_0_R_tra': 58.97, 'NX_10_CV': '0.29500', 'NX_10_CV_turn': '0.29500', 'NX_10_ctr': '2.13800', 'NX_10_len_tra': 10.0, 'NX_10_R_tra': 21.38}]
[I 240414 14:29:11 utils:142] Epoch: [116], Info: [{'num_test': 100, 'CV': '0.00600', 'CV_turn': '0.00200', 'ctr': '1.45100', 'len_tra': 30.0, 'R_tra': 43.53, 'NX_0_CV': '0.61700', 'NX_0_CV_turn': '0.20567', 'NX_0_ctr': '1.97467', 'NX_0_len_tra': 30.0, 'NX_0_R_tra': 59.24, 'NX_10_CV': '0.29600', 'NX_10_CV_turn': '0.29600', 'NX_10_ctr': '1.96500', 'NX_10_len_tra': 10.0, 'NX_10_R_tra': 19.65}]
[I 240414 14:29:23 utils:142] Epoch: [117], Info: [{'num_test': 100, 'CV': '0.00500', 'CV_turn': '0.00167', 'ctr': '1.58067', 'len_tra': 30.0, 'R_tra': 47.42, 'NX_0_CV': '0.60500', 'NX_0_CV_turn': '0.20167', 'NX_0_ctr': '2.03867', 'NX_0_len_tra': 30.0, 'NX_0_R_tra': 61.16, 'NX_10_CV': '0.32800', 'NX_10_CV_turn': '0.32800', 'NX_10_ctr': '1.91900', 'NX_10_len_tra': 10.0, 'NX_10_R_tra': 19.19}]
[I 240414 14:29:35 utils:142] Epoch: [118], Info: [{'num_test': 100, 'CV': '0.00400', 'CV_turn': '0.00133', 'ctr': '1.49067', 'len_tra': 30.0, 'R_tra': 44.72, 'NX_0_CV': '0.60900', 'NX_0_CV_turn': '0.20300', 'NX_0_ctr': '1.90200', 'NX_0_len_tra': 30.0, 'NX_0_R_tra': 57.06, 'NX_10_CV': '0.30000', 'NX_10_CV_turn': '0.30000', 'NX_10_ctr': '1.86100', 'NX_10_len_tra': 10.0, 'NX_10_R_tra': 18.61}]
[I 240414 14:29:46 utils:142] Epoch: [119], Info: [{'num_test': 100, 'CV': '0.00400', 'CV_turn': '0.00133', 'ctr': '1.49133', 'len_tra': 30.0, 'R_tra': 44.74, 'NX_0_CV': '0.61800', 'NX_0_CV_turn': '0.20600', 'NX_0_ctr': '1.86600', 'NX_0_len_tra': 30.0, 'NX_0_R_tra': 55.98, 'NX_10_CV': '0.31100', 'NX_10_CV_turn': '0.31100', 'NX_10_ctr': '1.94700', 'NX_10_len_tra': 10.0, 'NX_10_R_tra': 19.47}]
[I 240414 14:29:58 utils:142] Epoch: [120], Info: [{'num_test': 100, 'CV': '0.00800', 'CV_turn': '0.00267', 'ctr': '1.51033', 'len_tra': 30.0, 'R_tra': 45.31, 'NX_0_CV': '0.61800', 'NX_0_CV_turn': '0.20600', 'NX_0_ctr': '1.99800', 'NX_0_len_tra': 30.0, 'NX_0_R_tra': 59.94, 'NX_10_CV': '0.30000', 'NX_10_CV_turn': '0.30000', 'NX_10_ctr': '1.96500', 'NX_10_len_tra': 10.0, 'NX_10_R_tra': 19.65}]
[I 240414 14:30:10 utils:142] Epoch: [121], Info: [{'num_test': 100, 'CV': '0.00400', 'CV_turn': '0.00133', 'ctr': '1.45067', 'len_tra': 30.0, 'R_tra': 43.52, 'NX_0_CV': '0.62100', 'NX_0_CV_turn': '0.20700', 'NX_0_ctr': '1.90133', 'NX_0_len_tra': 30.0, 'NX_0_R_tra': 57.04, 'NX_10_CV': '0.33100', 'NX_10_CV_turn': '0.33100', 'NX_10_ctr': '1.96500', 'NX_10_len_tra': 10.0, 'NX_10_R_tra': 19.65}]
[I 240414 14:30:22 utils:142] Epoch: [122], Info: [{'num_test': 100, 'CV': '0.00300', 'CV_turn': '0.00100', 'ctr': '1.46067', 'len_tra': 30.0, 'R_tra': 43.82, 'NX_0_CV': '0.59900', 'NX_0_CV_turn': '0.19967', 'NX_0_ctr': '2.01733', 'NX_0_len_tra': 30.0, 'NX_0_R_tra': 60.52, 'NX_10_CV': '0.30800', 'NX_10_CV_turn': '0.30800', 'NX_10_ctr': '1.86500', 'NX_10_len_tra': 10.0, 'NX_10_R_tra': 18.65}]
[I 240414 14:30:34 utils:142] Epoch: [123], Info: [{'num_test': 100, 'CV': '0.00500', 'CV_turn': '0.00167', 'ctr': '1.42100', 'len_tra': 30.0, 'R_tra': 42.63, 'NX_0_CV': '0.62300', 'NX_0_CV_turn': '0.20767', 'NX_0_ctr': '1.95667', 'NX_0_len_tra': 30.0, 'NX_0_R_tra': 58.7, 'NX_10_CV': '0.30800', 'NX_10_CV_turn': '0.30800', 'NX_10_ctr': '1.96000', 'NX_10_len_tra': 10.0, 'NX_10_R_tra': 19.6}]
[I 240414 14:30:46 utils:142] Epoch: [124], Info: [{'num_test': 100, 'CV': '0.00400', 'CV_turn': '0.00133', 'ctr': '1.54033', 'len_tra': 30.0, 'R_tra': 46.21, 'NX_0_CV': '0.61900', 'NX_0_CV_turn': '0.20633', 'NX_0_ctr': '1.94533', 'NX_0_len_tra': 30.0, 'NX_0_R_tra': 58.36, 'NX_10_CV': '0.31500', 'NX_10_CV_turn': '0.31500', 'NX_10_ctr': '1.87300', 'NX_10_len_tra': 10.0, 'NX_10_R_tra': 18.73}]
[I 240414 14:30:58 utils:142] Epoch: [125], Info: [{'num_test': 100, 'CV': '0.00300', 'CV_turn': '0.00100', 'ctr': '1.54067', 'len_tra': 30.0, 'R_tra': 46.22, 'NX_0_CV': '0.60000', 'NX_0_CV_turn': '0.20000', 'NX_0_ctr': '1.91733', 'NX_0_len_tra': 30.0, 'NX_0_R_tra': 57.52, 'NX_10_CV': '0.30600', 'NX_10_CV_turn': '0.30600', 'NX_10_ctr': '1.94000', 'NX_10_len_tra': 10.0, 'NX_10_R_tra': 19.4}]
[I 240414 14:31:11 utils:142] Epoch: [126], Info: [{'num_test': 100, 'CV': '0.00300', 'CV_turn': '0.00100', 'ctr': '1.30000', 'len_tra': 30.0, 'R_tra': 39.0, 'NX_0_CV': '0.62700', 'NX_0_CV_turn': '0.20900', 'NX_0_ctr': '1.94367', 'NX_0_len_tra': 30.0, 'NX_0_R_tra': 58.31, 'NX_10_CV': '0.31600', 'NX_10_CV_turn': '0.31600', 'NX_10_ctr': '1.85800', 'NX_10_len_tra': 10.0, 'NX_10_R_tra': 18.58}]
[I 240414 14:31:23 utils:142] Epoch: [127], Info: [{'num_test': 100, 'CV': '0.00200', 'CV_turn': '0.00067', 'ctr': '1.49033', 'len_tra': 30.0, 'R_tra': 44.71, 'NX_0_CV': '0.61300', 'NX_0_CV_turn': '0.20433', 'NX_0_ctr': '1.90467', 'NX_0_len_tra': 30.0, 'NX_0_R_tra': 57.14, 'NX_10_CV': '0.31500', 'NX_10_CV_turn': '0.31500', 'NX_10_ctr': '1.93200', 'NX_10_len_tra': 10.0, 'NX_10_R_tra': 19.32}]
[I 240414 14:31:35 utils:142] Epoch: [128], Info: [{'num_test': 100, 'CV': '0.00300', 'CV_turn': '0.00100', 'ctr': '1.43033', 'len_tra': 30.0, 'R_tra': 42.91, 'NX_0_CV': '0.59800', 'NX_0_CV_turn': '0.19933', 'NX_0_ctr': '1.91767', 'NX_0_len_tra': 30.0, 'NX_0_R_tra': 57.53, 'NX_10_CV': '0.31400', 'NX_10_CV_turn': '0.31400', 'NX_10_ctr': '2.03500', 'NX_10_len_tra': 10.0, 'NX_10_R_tra': 20.35}]
[I 240414 14:31:47 utils:142] Epoch: [129], Info: [{'num_test': 100, 'CV': '0.00300', 'CV_turn': '0.00100', 'ctr': '1.37000', 'len_tra': 30.0, 'R_tra': 41.1, 'NX_0_CV': '0.61200', 'NX_0_CV_turn': '0.20400', 'NX_0_ctr': '1.94100', 'NX_0_len_tra': 30.0, 'NX_0_R_tra': 58.23, 'NX_10_CV': '0.32600', 'NX_10_CV_turn': '0.32600', 'NX_10_ctr': '1.85200', 'NX_10_len_tra': 10.0, 'NX_10_R_tra': 18.52}]
[I 240414 14:32:00 utils:142] Epoch: [130], Info: [{'num_test': 100, 'CV': '0.00100', 'CV_turn': '0.00033', 'ctr': '1.55000', 'len_tra': 30.0, 'R_tra': 46.5, 'NX_0_CV': '0.61000', 'NX_0_CV_turn': '0.20333', 'NX_0_ctr': '2.00867', 'NX_0_len_tra': 30.0, 'NX_0_R_tra': 60.26, 'NX_10_CV': '0.32700', 'NX_10_CV_turn': '0.32700', 'NX_10_ctr': '1.88700', 'NX_10_len_tra': 10.0, 'NX_10_R_tra': 18.87}]
[I 240414 14:32:12 utils:142] Epoch: [131], Info: [{'num_test': 100, 'CV': '0.00100', 'CV_turn': '0.00033', 'ctr': '1.51000', 'len_tra': 30.0, 'R_tra': 45.3, 'NX_0_CV': '0.61300', 'NX_0_CV_turn': '0.20433', 'NX_0_ctr': '1.97100', 'NX_0_len_tra': 30.0, 'NX_0_R_tra': 59.13, 'NX_10_CV': '0.32500', 'NX_10_CV_turn': '0.32500', 'NX_10_ctr': '1.88900', 'NX_10_len_tra': 10.0, 'NX_10_R_tra': 18.89}]
[I 240414 14:32:25 utils:142] Epoch: [132], Info: [{'num_test': 100, 'CV': '0.00200', 'CV_turn': '0.00067', 'ctr': '1.45100', 'len_tra': 30.0, 'R_tra': 43.53, 'NX_0_CV': '0.61500', 'NX_0_CV_turn': '0.20500', 'NX_0_ctr': '1.98667', 'NX_0_len_tra': 30.0, 'NX_0_R_tra': 59.6, 'NX_10_CV': '0.32000', 'NX_10_CV_turn': '0.32000', 'NX_10_ctr': '1.82900', 'NX_10_len_tra': 10.0, 'NX_10_R_tra': 18.29}]
[I 240414 14:32:37 utils:142] Epoch: [133], Info: [{'num_test': 100, 'CV': '0.00400', 'CV_turn': '0.00133', 'ctr': '1.52100', 'len_tra': 30.0, 'R_tra': 45.63, 'NX_0_CV': '0.62500', 'NX_0_CV_turn': '0.20833', 'NX_0_ctr': '1.85167', 'NX_0_len_tra': 30.0, 'NX_0_R_tra': 55.55, 'NX_10_CV': '0.33700', 'NX_10_CV_turn': '0.33700', 'NX_10_ctr': '1.90400', 'NX_10_len_tra': 10.0, 'NX_10_R_tra': 19.04}]
[I 240414 14:32:50 utils:142] Epoch: [134], Info: [{'num_test': 100, 'CV': '0.00100', 'CV_turn': '0.00033', 'ctr': '1.52000', 'len_tra': 30.0, 'R_tra': 45.6, 'NX_0_CV': '0.61400', 'NX_0_CV_turn': '0.20467', 'NX_0_ctr': '1.95567', 'NX_0_len_tra': 30.0, 'NX_0_R_tra': 58.67, 'NX_10_CV': '0.34000', 'NX_10_CV_turn': '0.34000', 'NX_10_ctr': '1.77000', 'NX_10_len_tra': 10.0, 'NX_10_R_tra': 17.7}]
[I 240414 14:33:03 utils:142] Epoch: [135], Info: [{'num_test': 100, 'CV': '0.00400', 'CV_turn': '0.00133', 'ctr': '1.46233', 'len_tra': 30.0, 'R_tra': 43.87, 'NX_0_CV': '0.63700', 'NX_0_CV_turn': '0.21233', 'NX_0_ctr': '1.95933', 'NX_0_len_tra': 30.0, 'NX_0_R_tra': 58.78, 'NX_10_CV': '0.32900', 'NX_10_CV_turn': '0.32900', 'NX_10_ctr': '1.91300', 'NX_10_len_tra': 10.0, 'NX_10_R_tra': 19.13}]
[I 240414 14:33:16 utils:142] Epoch: [136], Info: [{'num_test': 100, 'CV': '0.00400', 'CV_turn': '0.00133', 'ctr': '1.63167', 'len_tra': 30.0, 'R_tra': 48.95, 'NX_0_CV': '0.64000', 'NX_0_CV_turn': '0.21333', 'NX_0_ctr': '1.89367', 'NX_0_len_tra': 30.0, 'NX_0_R_tra': 56.81, 'NX_10_CV': '0.34700', 'NX_10_CV_turn': '0.34700', 'NX_10_ctr': '1.88000', 'NX_10_len_tra': 10.0, 'NX_10_R_tra': 18.8}]
[I 240414 14:33:28 utils:142] Epoch: [137], Info: [{'num_test': 100, 'CV': '0.00300', 'CV_turn': '0.00100', 'ctr': '1.48000', 'len_tra': 30.0, 'R_tra': 44.4, 'NX_0_CV': '0.64200', 'NX_0_CV_turn': '0.21400', 'NX_0_ctr': '1.95833', 'NX_0_len_tra': 30.0, 'NX_0_R_tra': 58.75, 'NX_10_CV': '0.35000', 'NX_10_CV_turn': '0.35000', 'NX_10_ctr': '1.97900', 'NX_10_len_tra': 10.0, 'NX_10_R_tra': 19.79}]
[I 240414 14:33:41 utils:142] Epoch: [138], Info: [{'num_test': 100, 'CV': '0.00500', 'CV_turn': '0.00167', 'ctr': '1.43100', 'len_tra': 30.0, 'R_tra': 42.93, 'NX_0_CV': '0.64300', 'NX_0_CV_turn': '0.21433', 'NX_0_ctr': '1.87400', 'NX_0_len_tra': 30.0, 'NX_0_R_tra': 56.22, 'NX_10_CV': '0.33800', 'NX_10_CV_turn': '0.33800', 'NX_10_ctr': '1.92400', 'NX_10_len_tra': 10.0, 'NX_10_R_tra': 19.24}]
[I 240414 14:33:54 utils:142] Epoch: [139], Info: [{'num_test': 100, 'CV': '0.00300', 'CV_turn': '0.00100', 'ctr': '1.33000', 'len_tra': 30.0, 'R_tra': 39.9, 'NX_0_CV': '0.65300', 'NX_0_CV_turn': '0.21767', 'NX_0_ctr': '1.98167', 'NX_0_len_tra': 30.0, 'NX_0_R_tra': 59.45, 'NX_10_CV': '0.34000', 'NX_10_CV_turn': '0.34000', 'NX_10_ctr': '1.92300', 'NX_10_len_tra': 10.0, 'NX_10_R_tra': 19.23}]
[I 240414 14:34:07 utils:142] Epoch: [140], Info: [{'num_test': 100, 'CV': '0.00200', 'CV_turn': '0.00067', 'ctr': '1.51033', 'len_tra': 30.0, 'R_tra': 45.31, 'NX_0_CV': '0.66100', 'NX_0_CV_turn': '0.22033', 'NX_0_ctr': '1.86433', 'NX_0_len_tra': 30.0, 'NX_0_R_tra': 55.93, 'NX_10_CV': '0.34600', 'NX_10_CV_turn': '0.34600', 'NX_10_ctr': '1.95800', 'NX_10_len_tra': 10.0, 'NX_10_R_tra': 19.58}]
[I 240414 14:34:20 utils:142] Epoch: [141], Info: [{'num_test': 100, 'CV': '0.00300', 'CV_turn': '0.00100', 'ctr': '1.47100', 'len_tra': 30.0, 'R_tra': 44.13, 'NX_0_CV': '0.63300', 'NX_0_CV_turn': '0.21100', 'NX_0_ctr': '2.00133', 'NX_0_len_tra': 30.0, 'NX_0_R_tra': 60.04, 'NX_10_CV': '0.35800', 'NX_10_CV_turn': '0.35800', 'NX_10_ctr': '1.88700', 'NX_10_len_tra': 10.0, 'NX_10_R_tra': 18.87}]
[I 240414 14:34:34 utils:142] Epoch: [142], Info: [{'num_test': 100, 'CV': '0.00300', 'CV_turn': '0.00100', 'ctr': '1.55067', 'len_tra': 30.0, 'R_tra': 46.52, 'NX_0_CV': '0.64800', 'NX_0_CV_turn': '0.21600', 'NX_0_ctr': '1.98267', 'NX_0_len_tra': 30.0, 'NX_0_R_tra': 59.48, 'NX_10_CV': '0.35400', 'NX_10_CV_turn': '0.35400', 'NX_10_ctr': '1.87600', 'NX_10_len_tra': 10.0, 'NX_10_R_tra': 18.76}]
[I 240414 14:34:47 utils:142] Epoch: [143], Info: [{'num_test': 100, 'CV': '0.00400', 'CV_turn': '0.00133', 'ctr': '1.46067', 'len_tra': 30.0, 'R_tra': 43.82, 'NX_0_CV': '0.64600', 'NX_0_CV_turn': '0.21533', 'NX_0_ctr': '1.89500', 'NX_0_len_tra': 30.0, 'NX_0_R_tra': 56.85, 'NX_10_CV': '0.34700', 'NX_10_CV_turn': '0.34700', 'NX_10_ctr': '1.93700', 'NX_10_len_tra': 10.0, 'NX_10_R_tra': 19.37}]
[I 240414 14:35:00 utils:142] Epoch: [144], Info: [{'num_test': 100, 'CV': '0.00600', 'CV_turn': '0.00200', 'ctr': '1.43167', 'len_tra': 30.0, 'R_tra': 42.95, 'NX_0_CV': '0.68400', 'NX_0_CV_turn': '0.22800', 'NX_0_ctr': '1.98267', 'NX_0_len_tra': 30.0, 'NX_0_R_tra': 59.48, 'NX_10_CV': '0.36200', 'NX_10_CV_turn': '0.36200', 'NX_10_ctr': '1.86200', 'NX_10_len_tra': 10.0, 'NX_10_R_tra': 18.62}]
[I 240414 14:35:13 utils:142] Epoch: [145], Info: [{'num_test': 100, 'CV': '0.00400', 'CV_turn': '0.00133', 'ctr': '1.52100', 'len_tra': 30.0, 'R_tra': 45.63, 'NX_0_CV': '0.67400', 'NX_0_CV_turn': '0.22467', 'NX_0_ctr': '1.94200', 'NX_0_len_tra': 30.0, 'NX_0_R_tra': 58.26, 'NX_10_CV': '0.38200', 'NX_10_CV_turn': '0.38200', 'NX_10_ctr': '1.79600', 'NX_10_len_tra': 10.0, 'NX_10_R_tra': 17.96}]
[I 240414 14:35:27 utils:142] Epoch: [146], Info: [{'num_test': 100, 'CV': '0.00200', 'CV_turn': '0.00067', 'ctr': '1.39033', 'len_tra': 30.0, 'R_tra': 41.71, 'NX_0_CV': '0.65900', 'NX_0_CV_turn': '0.21967', 'NX_0_ctr': '1.93133', 'NX_0_len_tra': 30.0, 'NX_0_R_tra': 57.94, 'NX_10_CV': '0.35400', 'NX_10_CV_turn': '0.35400', 'NX_10_ctr': '1.91200', 'NX_10_len_tra': 10.0, 'NX_10_R_tra': 19.12}]
[I 240414 14:35:40 utils:142] Epoch: [147], Info: [{'num_test': 100, 'CV': '0.00800', 'CV_turn': '0.00267', 'ctr': '1.49067', 'len_tra': 30.0, 'R_tra': 44.72, 'NX_0_CV': '0.65100', 'NX_0_CV_turn': '0.21700', 'NX_0_ctr': '1.83167', 'NX_0_len_tra': 30.0, 'NX_0_R_tra': 54.95, 'NX_10_CV': '0.35100', 'NX_10_CV_turn': '0.35100', 'NX_10_ctr': '1.97900', 'NX_10_len_tra': 10.0, 'NX_10_R_tra': 19.79}]
[I 240414 14:35:54 utils:142] Epoch: [148], Info: [{'num_test': 100, 'CV': '0.00900', 'CV_turn': '0.00300', 'ctr': '1.48100', 'len_tra': 30.0, 'R_tra': 44.43, 'NX_0_CV': '0.66500', 'NX_0_CV_turn': '0.22167', 'NX_0_ctr': '1.94400', 'NX_0_len_tra': 30.0, 'NX_0_R_tra': 58.32, 'NX_10_CV': '0.35700', 'NX_10_CV_turn': '0.35700', 'NX_10_ctr': '1.94100', 'NX_10_len_tra': 10.0, 'NX_10_R_tra': 19.41}]
[I 240414 14:36:07 utils:142] Epoch: [149], Info: [{'num_test': 100, 'CV': '0.01900', 'CV_turn': '0.00633', 'ctr': '1.44467', 'len_tra': 30.0, 'R_tra': 43.34, 'NX_0_CV': '0.67200', 'NX_0_CV_turn': '0.22400', 'NX_0_ctr': '1.98667', 'NX_0_len_tra': 30.0, 'NX_0_R_tra': 59.6, 'NX_10_CV': '0.40500', 'NX_10_CV_turn': '0.40500', 'NX_10_ctr': '1.98300', 'NX_10_len_tra': 10.0, 'NX_10_R_tra': 19.83}]
[I 240414 14:36:21 utils:142] Epoch: [150], Info: [{'num_test': 100, 'CV': '0.01100', 'CV_turn': '0.00367', 'ctr': '1.41200', 'len_tra': 30.0, 'R_tra': 42.36, 'NX_0_CV': '0.65400', 'NX_0_CV_turn': '0.21800', 'NX_0_ctr': '1.95867', 'NX_0_len_tra': 30.0, 'NX_0_R_tra': 58.76, 'NX_10_CV': '0.37200', 'NX_10_CV_turn': '0.37200', 'NX_10_ctr': '1.77300', 'NX_10_len_tra': 10.0, 'NX_10_R_tra': 17.73}]
[I 240414 14:36:35 utils:142] Epoch: [151], Info: [{'num_test': 100, 'CV': '0.02800', 'CV_turn': '0.00933', 'ctr': '1.41800', 'len_tra': 30.0, 'R_tra': 42.54, 'NX_0_CV': '0.69800', 'NX_0_CV_turn': '0.23267', 'NX_0_ctr': '1.79633', 'NX_0_len_tra': 30.0, 'NX_0_R_tra': 53.89, 'NX_10_CV': '0.33900', 'NX_10_CV_turn': '0.33900', 'NX_10_ctr': '1.85900', 'NX_10_len_tra': 10.0, 'NX_10_R_tra': 18.59}]
[I 240414 14:36:48 utils:142] Epoch: [152], Info: [{'num_test': 100, 'CV': '0.01700', 'CV_turn': '0.00567', 'ctr': '1.57333', 'len_tra': 30.0, 'R_tra': 47.2, 'NX_0_CV': '0.64700', 'NX_0_CV_turn': '0.21567', 'NX_0_ctr': '1.90733', 'NX_0_len_tra': 30.0, 'NX_0_R_tra': 57.22, 'NX_10_CV': '0.33400', 'NX_10_CV_turn': '0.33400', 'NX_10_ctr': '1.93800', 'NX_10_len_tra': 10.0, 'NX_10_R_tra': 19.38}]
[I 240414 14:37:02 utils:142] Epoch: [153], Info: [{'num_test': 100, 'CV': '0.01400', 'CV_turn': '0.00467', 'ctr': '1.41467', 'len_tra': 30.0, 'R_tra': 42.44, 'NX_0_CV': '0.66000', 'NX_0_CV_turn': '0.22000', 'NX_0_ctr': '2.10433', 'NX_0_len_tra': 30.0, 'NX_0_R_tra': 63.13, 'NX_10_CV': '0.35000', 'NX_10_CV_turn': '0.35000', 'NX_10_ctr': '1.86400', 'NX_10_len_tra': 10.0, 'NX_10_R_tra': 18.64}]
[I 240414 14:37:16 utils:142] Epoch: [154], Info: [{'num_test': 100, 'CV': '0.00200', 'CV_turn': '0.00067', 'ctr': '1.47033', 'len_tra': 30.0, 'R_tra': 44.11, 'NX_0_CV': '0.62200', 'NX_0_CV_turn': '0.20733', 'NX_0_ctr': '1.88033', 'NX_0_len_tra': 30.0, 'NX_0_R_tra': 56.41, 'NX_10_CV': '0.36400', 'NX_10_CV_turn': '0.36400', 'NX_10_ctr': '1.87900', 'NX_10_len_tra': 10.0, 'NX_10_R_tra': 18.79}]
[I 240414 14:37:30 utils:142] Epoch: [155], Info: [{'num_test': 100, 'CV': '0.00600', 'CV_turn': '0.00200', 'ctr': '1.51033', 'len_tra': 30.0, 'R_tra': 45.31, 'NX_0_CV': '0.65200', 'NX_0_CV_turn': '0.21733', 'NX_0_ctr': '1.90800', 'NX_0_len_tra': 30.0, 'NX_0_R_tra': 57.24, 'NX_10_CV': '0.33800', 'NX_10_CV_turn': '0.33800', 'NX_10_ctr': '1.86400', 'NX_10_len_tra': 10.0, 'NX_10_R_tra': 18.64}]
[I 240414 14:37:44 utils:142] Epoch: [156], Info: [{'num_test': 100, 'CV': '0.01000', 'CV_turn': '0.00333', 'ctr': '1.56167', 'len_tra': 30.0, 'R_tra': 46.85, 'NX_0_CV': '0.65800', 'NX_0_CV_turn': '0.21933', 'NX_0_ctr': '1.94767', 'NX_0_len_tra': 30.0, 'NX_0_R_tra': 58.43, 'NX_10_CV': '0.32400', 'NX_10_CV_turn': '0.32400', 'NX_10_ctr': '1.94500', 'NX_10_len_tra': 10.0, 'NX_10_R_tra': 19.45}]
[I 240414 14:37:58 utils:142] Epoch: [157], Info: [{'num_test': 100, 'CV': '0.00600', 'CV_turn': '0.00200', 'ctr': '1.57067', 'len_tra': 30.0, 'R_tra': 47.12, 'NX_0_CV': '0.63200', 'NX_0_CV_turn': '0.21067', 'NX_0_ctr': '1.92400', 'NX_0_len_tra': 30.0, 'NX_0_R_tra': 57.72, 'NX_10_CV': '0.31700', 'NX_10_CV_turn': '0.31700', 'NX_10_ctr': '1.98800', 'NX_10_len_tra': 10.0, 'NX_10_R_tra': 19.88}]
[I 240414 14:38:12 utils:142] Epoch: [158], Info: [{'num_test': 100, 'CV': '0.00700', 'CV_turn': '0.00233', 'ctr': '1.53167', 'len_tra': 30.0, 'R_tra': 45.95, 'NX_0_CV': '0.63900', 'NX_0_CV_turn': '0.21300', 'NX_0_ctr': '1.96333', 'NX_0_len_tra': 30.0, 'NX_0_R_tra': 58.9, 'NX_10_CV': '0.31200', 'NX_10_CV_turn': '0.31200', 'NX_10_ctr': '1.94300', 'NX_10_len_tra': 10.0, 'NX_10_R_tra': 19.43}]
[I 240414 14:38:26 utils:142] Epoch: [159], Info: [{'num_test': 100, 'CV': '0.00600', 'CV_turn': '0.00200', 'ctr': '1.46067', 'len_tra': 30.0, 'R_tra': 43.82, 'NX_0_CV': '0.64800', 'NX_0_CV_turn': '0.21600', 'NX_0_ctr': '1.88800', 'NX_0_len_tra': 30.0, 'NX_0_R_tra': 56.64, 'NX_10_CV': '0.33100', 'NX_10_CV_turn': '0.33100', 'NX_10_ctr': '1.85600', 'NX_10_len_tra': 10.0, 'NX_10_R_tra': 18.56}]
[I 240414 14:38:41 utils:142] Epoch: [160], Info: [{'num_test': 100, 'CV': '0.00300', 'CV_turn': '0.00100', 'ctr': '1.47000', 'len_tra': 30.0, 'R_tra': 44.1, 'NX_0_CV': '0.62700', 'NX_0_CV_turn': '0.20900', 'NX_0_ctr': '1.98000', 'NX_0_len_tra': 30.0, 'NX_0_R_tra': 59.4, 'NX_10_CV': '0.30500', 'NX_10_CV_turn': '0.30500', 'NX_10_ctr': '2.01400', 'NX_10_len_tra': 10.0, 'NX_10_R_tra': 20.14}]
[I 240414 14:38:55 utils:142] Epoch: [161], Info: [{'num_test': 100, 'CV': '0.00200', 'CV_turn': '0.00067', 'ctr': '1.51000', 'len_tra': 30.0, 'R_tra': 45.3, 'NX_0_CV': '0.63500', 'NX_0_CV_turn': '0.21167', 'NX_0_ctr': '1.93800', 'NX_0_len_tra': 30.0, 'NX_0_R_tra': 58.14, 'NX_10_CV': '0.33100', 'NX_10_CV_turn': '0.33100', 'NX_10_ctr': '1.87500', 'NX_10_len_tra': 10.0, 'NX_10_R_tra': 18.75}]
[I 240414 14:39:09 utils:142] Epoch: [162], Info: [{'num_test': 100, 'CV': '0.00300', 'CV_turn': '0.00100', 'ctr': '1.47033', 'len_tra': 30.0, 'R_tra': 44.11, 'NX_0_CV': '0.61100', 'NX_0_CV_turn': '0.20367', 'NX_0_ctr': '1.86733', 'NX_0_len_tra': 30.0, 'NX_0_R_tra': 56.02, 'NX_10_CV': '0.32300', 'NX_10_CV_turn': '0.32300', 'NX_10_ctr': '1.88200', 'NX_10_len_tra': 10.0, 'NX_10_R_tra': 18.82}]
[I 240414 14:39:24 utils:142] Epoch: [163], Info: [{'num_test': 100, 'CV': '0.00100', 'CV_turn': '0.00033', 'ctr': '1.48000', 'len_tra': 30.0, 'R_tra': 44.4, 'NX_0_CV': '0.65700', 'NX_0_CV_turn': '0.21900', 'NX_0_ctr': '1.91767', 'NX_0_len_tra': 30.0, 'NX_0_R_tra': 57.53, 'NX_10_CV': '0.32700', 'NX_10_CV_turn': '0.32700', 'NX_10_ctr': '1.95300', 'NX_10_len_tra': 10.0, 'NX_10_R_tra': 19.53}]
[I 240414 14:39:38 utils:142] Epoch: [164], Info: [{'num_test': 100, 'CV': '0.00300', 'CV_turn': '0.00100', 'ctr': '1.49033', 'len_tra': 30.0, 'R_tra': 44.71, 'NX_0_CV': '0.62700', 'NX_0_CV_turn': '0.20900', 'NX_0_ctr': '1.98300', 'NX_0_len_tra': 30.0, 'NX_0_R_tra': 59.49, 'NX_10_CV': '0.33600', 'NX_10_CV_turn': '0.33600', 'NX_10_ctr': '1.94000', 'NX_10_len_tra': 10.0, 'NX_10_R_tra': 19.4}]
[I 240414 14:39:53 utils:142] Epoch: [165], Info: [{'num_test': 100, 'CV': '0.00400', 'CV_turn': '0.00133', 'ctr': '1.54133', 'len_tra': 30.0, 'R_tra': 46.24, 'NX_0_CV': '0.65700', 'NX_0_CV_turn': '0.21900', 'NX_0_ctr': '1.88433', 'NX_0_len_tra': 30.0, 'NX_0_R_tra': 56.53, 'NX_10_CV': '0.32600', 'NX_10_CV_turn': '0.32600', 'NX_10_ctr': '1.93300', 'NX_10_len_tra': 10.0, 'NX_10_R_tra': 19.33}]
[I 240414 14:40:07 utils:142] Epoch: [166], Info: [{'num_test': 100, 'CV': '0.00200', 'CV_turn': '0.00067', 'ctr': '1.48100', 'len_tra': 30.0, 'R_tra': 44.43, 'NX_0_CV': '0.61100', 'NX_0_CV_turn': '0.20367', 'NX_0_ctr': '1.94900', 'NX_0_len_tra': 30.0, 'NX_0_R_tra': 58.47, 'NX_10_CV': '0.32200', 'NX_10_CV_turn': '0.32200', 'NX_10_ctr': '1.92700', 'NX_10_len_tra': 10.0, 'NX_10_R_tra': 19.27}]
[I 240414 14:40:22 utils:142] Epoch: [167], Info: [{'num_test': 100, 'CV': '0.00200', 'CV_turn': '0.00067', 'ctr': '1.53033', 'len_tra': 30.0, 'R_tra': 45.91, 'NX_0_CV': '0.64000', 'NX_0_CV_turn': '0.21333', 'NX_0_ctr': '1.97967', 'NX_0_len_tra': 30.0, 'NX_0_R_tra': 59.39, 'NX_10_CV': '0.31300', 'NX_10_CV_turn': '0.31300', 'NX_10_ctr': '1.92000', 'NX_10_len_tra': 10.0, 'NX_10_R_tra': 19.2}]
[I 240414 14:40:37 utils:142] Epoch: [168], Info: [{'num_test': 100, 'CV': '0.00500', 'CV_turn': '0.00167', 'ctr': '1.45067', 'len_tra': 30.0, 'R_tra': 43.52, 'NX_0_CV': '0.63900', 'NX_0_CV_turn': '0.21300', 'NX_0_ctr': '1.90733', 'NX_0_len_tra': 30.0, 'NX_0_R_tra': 57.22, 'NX_10_CV': '0.32000', 'NX_10_CV_turn': '0.32000', 'NX_10_ctr': '1.86600', 'NX_10_len_tra': 10.0, 'NX_10_R_tra': 18.66}]
[I 240414 14:40:52 utils:142] Epoch: [169], Info: [{'num_test': 100, 'CV': '0.00300', 'CV_turn': '0.00100', 'ctr': '1.42033', 'len_tra': 30.0, 'R_tra': 42.61, 'NX_0_CV': '0.63900', 'NX_0_CV_turn': '0.21300', 'NX_0_ctr': '1.96733', 'NX_0_len_tra': 30.0, 'NX_0_R_tra': 59.02, 'NX_10_CV': '0.33000', 'NX_10_CV_turn': '0.33000', 'NX_10_ctr': '1.77000', 'NX_10_len_tra': 10.0, 'NX_10_R_tra': 17.7}]
[I 240414 14:41:06 utils:142] Epoch: [170], Info: [{'num_test': 100, 'CV': '0.01200', 'CV_turn': '0.00400', 'ctr': '1.46367', 'len_tra': 30.0, 'R_tra': 43.91, 'NX_0_CV': '0.65400', 'NX_0_CV_turn': '0.21800', 'NX_0_ctr': '1.93933', 'NX_0_len_tra': 30.0, 'NX_0_R_tra': 58.18, 'NX_10_CV': '0.32900', 'NX_10_CV_turn': '0.32900', 'NX_10_ctr': '1.88500', 'NX_10_len_tra': 10.0, 'NX_10_R_tra': 18.85}]
[I 240414 14:41:21 utils:142] Epoch: [171], Info: [{'num_test': 100, 'CV': '0.00200', 'CV_turn': '0.00067', 'ctr': '1.49000', 'len_tra': 30.0, 'R_tra': 44.7, 'NX_0_CV': '0.63200', 'NX_0_CV_turn': '0.21067', 'NX_0_ctr': '1.87333', 'NX_0_len_tra': 30.0, 'NX_0_R_tra': 56.2, 'NX_10_CV': '0.34000', 'NX_10_CV_turn': '0.34000', 'NX_10_ctr': '1.96000', 'NX_10_len_tra': 10.0, 'NX_10_R_tra': 19.6}]
[I 240414 14:41:36 utils:142] Epoch: [172], Info: [{'num_test': 100, 'CV': '0.00200', 'CV_turn': '0.00067', 'ctr': '1.61033', 'len_tra': 30.0, 'R_tra': 48.31, 'NX_0_CV': '0.66500', 'NX_0_CV_turn': '0.22167', 'NX_0_ctr': '1.92800', 'NX_0_len_tra': 30.0, 'NX_0_R_tra': 57.84, 'NX_10_CV': '0.32000', 'NX_10_CV_turn': '0.32000', 'NX_10_ctr': '1.96900', 'NX_10_len_tra': 10.0, 'NX_10_R_tra': 19.69}]
[I 240414 14:41:51 utils:142] Epoch: [173], Info: [{'num_test': 100, 'CV': '0.00300', 'CV_turn': '0.00100', 'ctr': '1.47000', 'len_tra': 30.0, 'R_tra': 44.1, 'NX_0_CV': '0.66300', 'NX_0_CV_turn': '0.22100', 'NX_0_ctr': '1.83800', 'NX_0_len_tra': 30.0, 'NX_0_R_tra': 55.14, 'NX_10_CV': '0.34900', 'NX_10_CV_turn': '0.34900', 'NX_10_ctr': '1.85600', 'NX_10_len_tra': 10.0, 'NX_10_R_tra': 18.56}]
[I 240414 14:42:07 utils:142] Epoch: [174], Info: [{'num_test': 100, 'CV': '0.00100', 'CV_turn': '0.00033', 'ctr': '1.45000', 'len_tra': 30.0, 'R_tra': 43.5, 'NX_0_CV': '0.63000', 'NX_0_CV_turn': '0.21000', 'NX_0_ctr': '1.85200', 'NX_0_len_tra': 30.0, 'NX_0_R_tra': 55.56, 'NX_10_CV': '0.33600', 'NX_10_CV_turn': '0.33600', 'NX_10_ctr': '1.82000', 'NX_10_len_tra': 10.0, 'NX_10_R_tra': 18.2}]
[I 240414 14:42:22 utils:142] Epoch: [175], Info: [{'num_test': 100, 'CV': '0.00500', 'CV_turn': '0.00167', 'ctr': '1.51033', 'len_tra': 30.0, 'R_tra': 45.31, 'NX_0_CV': '0.63300', 'NX_0_CV_turn': '0.21100', 'NX_0_ctr': '1.97133', 'NX_0_len_tra': 30.0, 'NX_0_R_tra': 59.14, 'NX_10_CV': '0.29300', 'NX_10_CV_turn': '0.29300', 'NX_10_ctr': '1.90700', 'NX_10_len_tra': 10.0, 'NX_10_R_tra': 19.07}]
[I 240414 14:42:37 utils:142] Epoch: [176], Info: [{'num_test': 100, 'CV': '0.00500', 'CV_turn': '0.00167', 'ctr': '1.43100', 'len_tra': 30.0, 'R_tra': 42.93, 'NX_0_CV': '0.64600', 'NX_0_CV_turn': '0.21533', 'NX_0_ctr': '1.86133', 'NX_0_len_tra': 30.0, 'NX_0_R_tra': 55.84, 'NX_10_CV': '0.34500', 'NX_10_CV_turn': '0.34500', 'NX_10_ctr': '1.90100', 'NX_10_len_tra': 10.0, 'NX_10_R_tra': 19.01}]
[I 240414 14:42:52 utils:142] Epoch: [177], Info: [{'num_test': 100, 'CV': '0.00400', 'CV_turn': '0.00133', 'ctr': '1.45033', 'len_tra': 30.0, 'R_tra': 43.51, 'NX_0_CV': '0.66300', 'NX_0_CV_turn': '0.22100', 'NX_0_ctr': '1.99733', 'NX_0_len_tra': 30.0, 'NX_0_R_tra': 59.92, 'NX_10_CV': '0.33100', 'NX_10_CV_turn': '0.33100', 'NX_10_ctr': '1.91200', 'NX_10_len_tra': 10.0, 'NX_10_R_tra': 19.12}]
[I 240414 14:43:08 utils:142] Epoch: [178], Info: [{'num_test': 100, 'CV': '0.00200', 'CV_turn': '0.00067', 'ctr': '1.44033', 'len_tra': 30.0, 'R_tra': 43.21, 'NX_0_CV': '0.63700', 'NX_0_CV_turn': '0.21233', 'NX_0_ctr': '1.99100', 'NX_0_len_tra': 30.0, 'NX_0_R_tra': 59.73, 'NX_10_CV': '0.34200', 'NX_10_CV_turn': '0.34200', 'NX_10_ctr': '1.84300', 'NX_10_len_tra': 10.0, 'NX_10_R_tra': 18.43}]
[I 240414 14:43:23 utils:142] Epoch: [179], Info: [{'num_test': 100, 'CV': '0.00300', 'CV_turn': '0.00100', 'ctr': '1.46067', 'len_tra': 30.0, 'R_tra': 43.82, 'NX_0_CV': '0.66800', 'NX_0_CV_turn': '0.22267', 'NX_0_ctr': '1.93933', 'NX_0_len_tra': 30.0, 'NX_0_R_tra': 58.18, 'NX_10_CV': '0.35100', 'NX_10_CV_turn': '0.35100', 'NX_10_ctr': '1.87200', 'NX_10_len_tra': 10.0, 'NX_10_R_tra': 18.72}]
[I 240414 14:43:39 utils:142] Epoch: [180], Info: [{'num_test': 100, 'CV': '0.00400', 'CV_turn': '0.00133', 'ctr': '1.44067', 'len_tra': 30.0, 'R_tra': 43.22, 'NX_0_CV': '0.63800', 'NX_0_CV_turn': '0.21267', 'NX_0_ctr': '2.06167', 'NX_0_len_tra': 30.0, 'NX_0_R_tra': 61.85, 'NX_10_CV': '0.31800', 'NX_10_CV_turn': '0.31800', 'NX_10_ctr': '2.01100', 'NX_10_len_tra': 10.0, 'NX_10_R_tra': 20.11}]
[I 240414 14:43:54 utils:142] Epoch: [181], Info: [{'num_test': 100, 'CV': '0.00600', 'CV_turn': '0.00200', 'ctr': '1.49200', 'len_tra': 30.0, 'R_tra': 44.76, 'NX_0_CV': '0.66000', 'NX_0_CV_turn': '0.22000', 'NX_0_ctr': '1.95133', 'NX_0_len_tra': 30.0, 'NX_0_R_tra': 58.54, 'NX_10_CV': '0.32800', 'NX_10_CV_turn': '0.32800', 'NX_10_ctr': '1.97400', 'NX_10_len_tra': 10.0, 'NX_10_R_tra': 19.74}]
[I 240414 14:44:10 utils:142] Epoch: [182], Info: [{'num_test': 100, 'CV': '0.00700', 'CV_turn': '0.00233', 'ctr': '1.42033', 'len_tra': 30.0, 'R_tra': 42.61, 'NX_0_CV': '0.64000', 'NX_0_CV_turn': '0.21333', 'NX_0_ctr': '1.98800', 'NX_0_len_tra': 30.0, 'NX_0_R_tra': 59.64, 'NX_10_CV': '0.34100', 'NX_10_CV_turn': '0.34100', 'NX_10_ctr': '1.88300', 'NX_10_len_tra': 10.0, 'NX_10_R_tra': 18.83}]
[I 240414 14:44:26 utils:142] Epoch: [183], Info: [{'num_test': 100, 'CV': '0.00700', 'CV_turn': '0.00233', 'ctr': '1.44200', 'len_tra': 30.0, 'R_tra': 43.26, 'NX_0_CV': '0.66500', 'NX_0_CV_turn': '0.22167', 'NX_0_ctr': '1.91767', 'NX_0_len_tra': 30.0, 'NX_0_R_tra': 57.53, 'NX_10_CV': '0.34700', 'NX_10_CV_turn': '0.34700', 'NX_10_ctr': '1.97300', 'NX_10_len_tra': 10.0, 'NX_10_R_tra': 19.73}]
[I 240414 14:44:41 utils:142] Epoch: [184], Info: [{'num_test': 100, 'CV': '0.00400', 'CV_turn': '0.00133', 'ctr': '1.47033', 'len_tra': 30.0, 'R_tra': 44.11, 'NX_0_CV': '0.64700', 'NX_0_CV_turn': '0.21567', 'NX_0_ctr': '2.08267', 'NX_0_len_tra': 30.0, 'NX_0_R_tra': 62.48, 'NX_10_CV': '0.34900', 'NX_10_CV_turn': '0.34900', 'NX_10_ctr': '1.90500', 'NX_10_len_tra': 10.0, 'NX_10_R_tra': 19.05}]
[I 240414 14:44:57 utils:142] Epoch: [185], Info: [{'num_test': 100, 'CV': '0.00900', 'CV_turn': '0.00300', 'ctr': '1.51100', 'len_tra': 30.0, 'R_tra': 45.33, 'NX_0_CV': '0.65400', 'NX_0_CV_turn': '0.21800', 'NX_0_ctr': '1.91200', 'NX_0_len_tra': 30.0, 'NX_0_R_tra': 57.36, 'NX_10_CV': '0.32300', 'NX_10_CV_turn': '0.32300', 'NX_10_ctr': '1.98900', 'NX_10_len_tra': 10.0, 'NX_10_R_tra': 19.89}]
[I 240414 14:45:13 utils:142] Epoch: [186], Info: [{'num_test': 100, 'CV': '0.00900', 'CV_turn': '0.00300', 'ctr': '1.37233', 'len_tra': 30.0, 'R_tra': 41.17, 'NX_0_CV': '0.66700', 'NX_0_CV_turn': '0.22233', 'NX_0_ctr': '1.91367', 'NX_0_len_tra': 30.0, 'NX_0_R_tra': 57.41, 'NX_10_CV': '0.32800', 'NX_10_CV_turn': '0.32800', 'NX_10_ctr': '1.97900', 'NX_10_len_tra': 10.0, 'NX_10_R_tra': 19.79}]
[I 240414 14:45:29 utils:142] Epoch: [187], Info: [{'num_test': 100, 'CV': '0.00200', 'CV_turn': '0.00067', 'ctr': '1.69000', 'len_tra': 30.0, 'R_tra': 50.7, 'NX_0_CV': '0.64300', 'NX_0_CV_turn': '0.21433', 'NX_0_ctr': '1.97733', 'NX_0_len_tra': 30.0, 'NX_0_R_tra': 59.32, 'NX_10_CV': '0.34600', 'NX_10_CV_turn': '0.34600', 'NX_10_ctr': '1.95000', 'NX_10_len_tra': 10.0, 'NX_10_R_tra': 19.5}]
[I 240414 14:45:45 utils:142] Epoch: [188], Info: [{'num_test': 100, 'CV': '0.00200', 'CV_turn': '0.00067', 'ctr': '1.48000', 'len_tra': 30.0, 'R_tra': 44.4, 'NX_0_CV': '0.66300', 'NX_0_CV_turn': '0.22100', 'NX_0_ctr': '1.86967', 'NX_0_len_tra': 30.0, 'NX_0_R_tra': 56.09, 'NX_10_CV': '0.32700', 'NX_10_CV_turn': '0.32700', 'NX_10_ctr': '1.97300', 'NX_10_len_tra': 10.0, 'NX_10_R_tra': 19.73}]
[I 240414 14:46:01 utils:142] Epoch: [189], Info: [{'num_test': 100, 'CV': '0.00200', 'CV_turn': '0.00067', 'ctr': '1.41000', 'len_tra': 30.0, 'R_tra': 42.3, 'NX_0_CV': '0.68600', 'NX_0_CV_turn': '0.22867', 'NX_0_ctr': '1.88667', 'NX_0_len_tra': 30.0, 'NX_0_R_tra': 56.6, 'NX_10_CV': '0.33300', 'NX_10_CV_turn': '0.33300', 'NX_10_ctr': '2.05000', 'NX_10_len_tra': 10.0, 'NX_10_R_tra': 20.5}]
[I 240414 14:46:17 utils:142] Epoch: [190], Info: [{'num_test': 100, 'CV': '0.00800', 'CV_turn': '0.00267', 'ctr': '1.51033', 'len_tra': 30.0, 'R_tra': 45.31, 'NX_0_CV': '0.65900', 'NX_0_CV_turn': '0.21967', 'NX_0_ctr': '1.93500', 'NX_0_len_tra': 30.0, 'NX_0_R_tra': 58.05, 'NX_10_CV': '0.32200', 'NX_10_CV_turn': '0.32200', 'NX_10_ctr': '1.90800', 'NX_10_len_tra': 10.0, 'NX_10_R_tra': 19.08}]
[I 240414 14:46:33 utils:142] Epoch: [191], Info: [{'num_test': 100, 'CV': '0.01100', 'CV_turn': '0.00367', 'ctr': '1.47167', 'len_tra': 30.0, 'R_tra': 44.15, 'NX_0_CV': '0.65600', 'NX_0_CV_turn': '0.21867', 'NX_0_ctr': '1.96800', 'NX_0_len_tra': 30.0, 'NX_0_R_tra': 59.04, 'NX_10_CV': '0.32700', 'NX_10_CV_turn': '0.32700', 'NX_10_ctr': '1.85700', 'NX_10_len_tra': 10.0, 'NX_10_R_tra': 18.57}]
[I 240414 14:46:49 utils:142] Epoch: [192], Info: [{'num_test': 100, 'CV': '0.00900', 'CV_turn': '0.00300', 'ctr': '1.36167', 'len_tra': 30.0, 'R_tra': 40.85, 'NX_0_CV': '0.68200', 'NX_0_CV_turn': '0.22733', 'NX_0_ctr': '1.95867', 'NX_0_len_tra': 30.0, 'NX_0_R_tra': 58.76, 'NX_10_CV': '0.34700', 'NX_10_CV_turn': '0.34700', 'NX_10_ctr': '1.81500', 'NX_10_len_tra': 10.0, 'NX_10_R_tra': 18.15}]
[I 240414 14:47:05 utils:142] Epoch: [193], Info: [{'num_test': 100, 'CV': '0.01600', 'CV_turn': '0.00533', 'ctr': '1.48167', 'len_tra': 30.0, 'R_tra': 44.45, 'NX_0_CV': '0.66300', 'NX_0_CV_turn': '0.22100', 'NX_0_ctr': '1.99000', 'NX_0_len_tra': 30.0, 'NX_0_R_tra': 59.7, 'NX_10_CV': '0.36100', 'NX_10_CV_turn': '0.36100', 'NX_10_ctr': '1.81000', 'NX_10_len_tra': 10.0, 'NX_10_R_tra': 18.1}]
[I 240414 14:47:22 utils:142] Epoch: [194], Info: [{'num_test': 100, 'CV': '0.00500', 'CV_turn': '0.00167', 'ctr': '1.45100', 'len_tra': 30.0, 'R_tra': 43.53, 'NX_0_CV': '0.65100', 'NX_0_CV_turn': '0.21700', 'NX_0_ctr': '1.98800', 'NX_0_len_tra': 30.0, 'NX_0_R_tra': 59.64, 'NX_10_CV': '0.33200', 'NX_10_CV_turn': '0.33200', 'NX_10_ctr': '1.88500', 'NX_10_len_tra': 10.0, 'NX_10_R_tra': 18.85}]
[I 240414 14:47:38 utils:142] Epoch: [195], Info: [{'num_test': 100, 'CV': '0.01400', 'CV_turn': '0.00467', 'ctr': '1.51333', 'len_tra': 30.0, 'R_tra': 45.4, 'NX_0_CV': '0.67100', 'NX_0_CV_turn': '0.22367', 'NX_0_ctr': '1.80833', 'NX_0_len_tra': 30.0, 'NX_0_R_tra': 54.25, 'NX_10_CV': '0.33600', 'NX_10_CV_turn': '0.33600', 'NX_10_ctr': '1.76800', 'NX_10_len_tra': 10.0, 'NX_10_R_tra': 17.68}]
[I 240414 14:47:55 utils:142] Epoch: [196], Info: [{'num_test': 100, 'CV': '0.01000', 'CV_turn': '0.00333', 'ctr': '1.42133', 'len_tra': 30.0, 'R_tra': 42.64, 'NX_0_CV': '0.65500', 'NX_0_CV_turn': '0.21833', 'NX_0_ctr': '1.96233', 'NX_0_len_tra': 30.0, 'NX_0_R_tra': 58.87, 'NX_10_CV': '0.32500', 'NX_10_CV_turn': '0.32500', 'NX_10_ctr': '1.85300', 'NX_10_len_tra': 10.0, 'NX_10_R_tra': 18.53}]
[I 240414 14:48:11 utils:142] Epoch: [197], Info: [{'num_test': 100, 'CV': '0.00900', 'CV_turn': '0.00300', 'ctr': '1.48133', 'len_tra': 30.0, 'R_tra': 44.44, 'NX_0_CV': '0.64600', 'NX_0_CV_turn': '0.21533', 'NX_0_ctr': '1.94133', 'NX_0_len_tra': 30.0, 'NX_0_R_tra': 58.24, 'NX_10_CV': '0.31700', 'NX_10_CV_turn': '0.31700', 'NX_10_ctr': '1.90900', 'NX_10_len_tra': 10.0, 'NX_10_R_tra': 19.09}]
[I 240414 14:48:28 utils:142] Epoch: [198], Info: [{'num_test': 100, 'CV': '0.00800', 'CV_turn': '0.00267', 'ctr': '1.52100', 'len_tra': 30.0, 'R_tra': 45.63, 'NX_0_CV': '0.65900', 'NX_0_CV_turn': '0.21967', 'NX_0_ctr': '1.91433', 'NX_0_len_tra': 30.0, 'NX_0_R_tra': 57.43, 'NX_10_CV': '0.31100', 'NX_10_CV_turn': '0.31100', 'NX_10_ctr': '1.88000', 'NX_10_len_tra': 10.0, 'NX_10_R_tra': 18.8}]
[I 240414 14:48:44 utils:142] Epoch: [199], Info: [{'num_test': 100, 'CV': '0.00900', 'CV_turn': '0.00300', 'ctr': '1.51100', 'len_tra': 30.0, 'R_tra': 45.33, 'NX_0_CV': '0.65600', 'NX_0_CV_turn': '0.21867', 'NX_0_ctr': '1.92500', 'NX_0_len_tra': 30.0, 'NX_0_R_tra': 57.75, 'NX_10_CV': '0.33500', 'NX_10_CV_turn': '0.33500', 'NX_10_ctr': '1.85500', 'NX_10_len_tra': 10.0, 'NX_10_R_tra': 18.55}]
[I 240414 14:49:01 utils:142] Epoch: [200], Info: [{'num_test': 100, 'CV': '0.01300', 'CV_turn': '0.00433', 'ctr': '1.49000', 'len_tra': 30.0, 'R_tra': 44.7, 'NX_0_CV': '0.65600', 'NX_0_CV_turn': '0.21867', 'NX_0_ctr': '1.85367', 'NX_0_len_tra': 30.0, 'NX_0_R_tra': 55.61, 'NX_10_CV': '0.32900', 'NX_10_CV_turn': '0.32900', 'NX_10_ctr': '1.77200', 'NX_10_len_tra': 10.0, 'NX_10_R_tra': 17.72}]
[I 240414 14:49:01 run_Policy_Main:452] {'duration': '2131.56s', 'train_time/model': '2131.37s', 'test_step': 3000, 'test_episode': 100, 'test_time': '0.08s', 'test_speed': '37076.28 step/s', 'best_reward': 58.15, 'best_result': '58.15  17.17', 'train_step': 3000, 'train_episode': 100, 'train_time/collector': '0.10s', 'train_speed': '1.41 step/s'}
