[I 240414 14:49:05 policy_utils:47] {
      "env": "YahooEnv-v0",
      "user_model_name": "DeepFM",
      "model_name": "A2C_with_emb",
      "seed": 0,
      "cuda": 1,
      "draw_bar": false,
      "is_userinfo": true,
      "is_all_item_ranking": false,
      "cpu": false,
      "is_save": false,
      "use_userEmbedding": false,
      "exploration_noise": false,
      "eps": 0.1,
      "freeze_emb": false,
      "reward_handle": "cat",
      "which_tracker": "avg",
      "embedding_dim": 32,
      "window_size": 3,
      "filter_sizes": [
        2,
        3,
        4
      ],
      "num_filters": 16,
      "dropout_rate": 0.1,
      "num_heads": 1,
      "version": "v1",
      "tau": 0,
      "gamma_exposure": 10,
      "lambda_variance": 0.0,
      "lambda_entropy": 0.0,
      "use_exposure_intervention": false,
      "buffer_size": 100000,
      "lr": 0.001,
      "epoch": 200,
      "batch_size": 1024,
      "hidden_sizes": [
        64,
        64
      ],
      "episode_per_collect": 100,
      "training_num": 100,
      "test_num": 100,
      "render": 0,
      "reward_threshold": null,
      "gamma": 0.9,
      "step_per_epoch": 100000,
      "repeat_per_collect": 1,
      "logdir": "log",
      "vf_coef": 0.5,
      "ent_coef": 0.0,
      "max_grad_norm": null,
      "gae_lambda": 1.0,
      "rew_norm": false,
      "read_message": "pointneg",
      "message": "MBPO",
      "remark_pre": "",
      "remark": "",
      "scratch": false,
      "use_hidden": true,
      "num_att_heads": 1,
      "num_att_layers": 2,
      "att_dropout": 0.1,
      "use_ckpt": false,
      "change_pred_reward": false,
      "change_var": false,
      "kr": 1,
      "ku": 1,
      "r_and_u": "minus",
      "use_wandb": false,
      "all_item_ranking": false,
      "is_binarize": true,
      "need_transform": false,
      "entropy_window": [],
      "rating_threshold": 4,
      "yfeat": "rating",
      "leave_threshold": 0.0,
      "num_leave_compute": 1,
      "max_turn": 30,
      "force_length": 10,
      "top_rate": 0.8,
      "hostname": "wukong-ThinkStation-P620"
    }
[I 240414 14:49:22 utils:142] Epoch: [1], Info: [{'num_test': 100, 'CV': '0.88900', 'CV_turn': '0.29633', 'ctr': '1.91167', 'len_tra': 30.0, 'R_tra': 57.35, 'NX_0_CV': '0.89900', 'NX_0_CV_turn': '0.29967', 'NX_0_ctr': '1.96300', 'NX_0_len_tra': 30.0, 'NX_0_R_tra': 58.89, 'NX_10_CV': '0.60600', 'NX_10_CV_turn': '0.60600', 'NX_10_ctr': '1.99600', 'NX_10_len_tra': 10.0, 'NX_10_R_tra': 19.96}]
[I 240414 14:49:27 utils:142] Epoch: [2], Info: [{'num_test': 100, 'CV': '0.05000', 'CV_turn': '0.01667', 'ctr': '2.03133', 'len_tra': 30.0, 'R_tra': 60.94, 'NX_0_CV': '0.35500', 'NX_0_CV_turn': '0.11833', 'NX_0_ctr': '2.34167', 'NX_0_len_tra': 30.0, 'NX_0_R_tra': 70.25, 'NX_10_CV': '0.09700', 'NX_10_CV_turn': '0.09700', 'NX_10_ctr': '2.49000', 'NX_10_len_tra': 10.0, 'NX_10_R_tra': 24.9}]
[I 240414 14:49:32 utils:142] Epoch: [3], Info: [{'num_test': 100, 'CV': '0.03900', 'CV_turn': '0.01300', 'ctr': '2.55167', 'len_tra': 30.0, 'R_tra': 76.55, 'NX_0_CV': '0.36600', 'NX_0_CV_turn': '0.12200', 'NX_0_ctr': '2.24600', 'NX_0_len_tra': 30.0, 'NX_0_R_tra': 67.38, 'NX_10_CV': '0.08800', 'NX_10_CV_turn': '0.08800', 'NX_10_ctr': '2.47800', 'NX_10_len_tra': 10.0, 'NX_10_R_tra': 24.78}]
[I 240414 14:49:36 utils:142] Epoch: [4], Info: [{'num_test': 100, 'CV': '0.03200', 'CV_turn': '0.01067', 'ctr': '2.87033', 'len_tra': 30.0, 'R_tra': 86.11, 'NX_0_CV': '0.36600', 'NX_0_CV_turn': '0.12200', 'NX_0_ctr': '2.44767', 'NX_0_len_tra': 30.0, 'NX_0_R_tra': 73.43, 'NX_10_CV': '0.11700', 'NX_10_CV_turn': '0.11700', 'NX_10_ctr': '2.50500', 'NX_10_len_tra': 10.0, 'NX_10_R_tra': 25.05}]
[I 240414 14:49:41 utils:142] Epoch: [5], Info: [{'num_test': 100, 'CV': '0.08500', 'CV_turn': '0.02833', 'ctr': '2.76367', 'len_tra': 30.0, 'R_tra': 82.91, 'NX_0_CV': '0.40300', 'NX_0_CV_turn': '0.13433', 'NX_0_ctr': '2.24367', 'NX_0_len_tra': 30.0, 'NX_0_R_tra': 67.31, 'NX_10_CV': '0.14500', 'NX_10_CV_turn': '0.14500', 'NX_10_ctr': '2.45100', 'NX_10_len_tra': 10.0, 'NX_10_R_tra': 24.51}]
[I 240414 14:49:47 utils:142] Epoch: [6], Info: [{'num_test': 100, 'CV': '0.12800', 'CV_turn': '0.04267', 'ctr': '2.86667', 'len_tra': 30.0, 'R_tra': 86.0, 'NX_0_CV': '0.45100', 'NX_0_CV_turn': '0.15033', 'NX_0_ctr': '2.28200', 'NX_0_len_tra': 30.0, 'NX_0_R_tra': 68.46, 'NX_10_CV': '0.17600', 'NX_10_CV_turn': '0.17600', 'NX_10_ctr': '2.34800', 'NX_10_len_tra': 10.0, 'NX_10_R_tra': 23.48}]
[I 240414 14:49:52 utils:142] Epoch: [7], Info: [{'num_test': 100, 'CV': '0.17800', 'CV_turn': '0.05933', 'ctr': '2.74500', 'len_tra': 30.0, 'R_tra': 82.35, 'NX_0_CV': '0.49300', 'NX_0_CV_turn': '0.16433', 'NX_0_ctr': '2.19867', 'NX_0_len_tra': 30.0, 'NX_0_R_tra': 65.96, 'NX_10_CV': '0.17100', 'NX_10_CV_turn': '0.17100', 'NX_10_ctr': '2.53700', 'NX_10_len_tra': 10.0, 'NX_10_R_tra': 25.37}]
[I 240414 14:49:57 utils:142] Epoch: [8], Info: [{'num_test': 100, 'CV': '0.20000', 'CV_turn': '0.06667', 'ctr': '2.90667', 'len_tra': 30.0, 'R_tra': 87.2, 'NX_0_CV': '0.51300', 'NX_0_CV_turn': '0.17100', 'NX_0_ctr': '2.27533', 'NX_0_len_tra': 30.0, 'NX_0_R_tra': 68.26, 'NX_10_CV': '0.20000', 'NX_10_CV_turn': '0.20000', 'NX_10_ctr': '2.42200', 'NX_10_len_tra': 10.0, 'NX_10_R_tra': 24.22}]
[I 240414 14:50:02 utils:142] Epoch: [9], Info: [{'num_test': 100, 'CV': '0.18100', 'CV_turn': '0.06033', 'ctr': '3.00600', 'len_tra': 30.0, 'R_tra': 90.18, 'NX_0_CV': '0.53900', 'NX_0_CV_turn': '0.17967', 'NX_0_ctr': '2.19067', 'NX_0_len_tra': 30.0, 'NX_0_R_tra': 65.72, 'NX_10_CV': '0.21300', 'NX_10_CV_turn': '0.21300', 'NX_10_ctr': '2.31800', 'NX_10_len_tra': 10.0, 'NX_10_R_tra': 23.18}]
[I 240414 14:50:07 utils:142] Epoch: [10], Info: [{'num_test': 100, 'CV': '0.20700', 'CV_turn': '0.06900', 'ctr': '2.84533', 'len_tra': 30.0, 'R_tra': 85.36, 'NX_0_CV': '0.54900', 'NX_0_CV_turn': '0.18300', 'NX_0_ctr': '2.21667', 'NX_0_len_tra': 30.0, 'NX_0_R_tra': 66.5, 'NX_10_CV': '0.24200', 'NX_10_CV_turn': '0.24200', 'NX_10_ctr': '2.35000', 'NX_10_len_tra': 10.0, 'NX_10_R_tra': 23.5}]
[I 240414 14:50:13 utils:142] Epoch: [11], Info: [{'num_test': 100, 'CV': '0.17100', 'CV_turn': '0.05700', 'ctr': '3.10433', 'len_tra': 30.0, 'R_tra': 93.13, 'NX_0_CV': '0.58500', 'NX_0_CV_turn': '0.19500', 'NX_0_ctr': '2.21933', 'NX_0_len_tra': 30.0, 'NX_0_R_tra': 66.58, 'NX_10_CV': '0.23100', 'NX_10_CV_turn': '0.23100', 'NX_10_ctr': '2.34700', 'NX_10_len_tra': 10.0, 'NX_10_R_tra': 23.47}]
[I 240414 14:50:18 utils:142] Epoch: [12], Info: [{'num_test': 100, 'CV': '0.24300', 'CV_turn': '0.08100', 'ctr': '2.73333', 'len_tra': 30.0, 'R_tra': 82.0, 'NX_0_CV': '0.60100', 'NX_0_CV_turn': '0.20033', 'NX_0_ctr': '2.15533', 'NX_0_len_tra': 30.0, 'NX_0_R_tra': 64.66, 'NX_10_CV': '0.22700', 'NX_10_CV_turn': '0.22700', 'NX_10_ctr': '2.40700', 'NX_10_len_tra': 10.0, 'NX_10_R_tra': 24.07}]
[I 240414 14:50:24 utils:142] Epoch: [13], Info: [{'num_test': 100, 'CV': '0.21100', 'CV_turn': '0.07033', 'ctr': '2.77000', 'len_tra': 30.0, 'R_tra': 83.1, 'NX_0_CV': '0.60300', 'NX_0_CV_turn': '0.20100', 'NX_0_ctr': '2.20200', 'NX_0_len_tra': 30.0, 'NX_0_R_tra': 66.06, 'NX_10_CV': '0.24700', 'NX_10_CV_turn': '0.24700', 'NX_10_ctr': '2.24900', 'NX_10_len_tra': 10.0, 'NX_10_R_tra': 22.49}]
[I 240414 14:50:29 utils:142] Epoch: [14], Info: [{'num_test': 100, 'CV': '0.24100', 'CV_turn': '0.08033', 'ctr': '2.71400', 'len_tra': 30.0, 'R_tra': 81.42, 'NX_0_CV': '0.58400', 'NX_0_CV_turn': '0.19467', 'NX_0_ctr': '2.30533', 'NX_0_len_tra': 30.0, 'NX_0_R_tra': 69.16, 'NX_10_CV': '0.24000', 'NX_10_CV_turn': '0.24000', 'NX_10_ctr': '2.43100', 'NX_10_len_tra': 10.0, 'NX_10_R_tra': 24.31}]
[I 240414 14:50:35 utils:142] Epoch: [15], Info: [{'num_test': 100, 'CV': '0.17300', 'CV_turn': '0.05767', 'ctr': '2.80733', 'len_tra': 30.0, 'R_tra': 84.22, 'NX_0_CV': '0.62200', 'NX_0_CV_turn': '0.20733', 'NX_0_ctr': '2.18033', 'NX_0_len_tra': 30.0, 'NX_0_R_tra': 65.41, 'NX_10_CV': '0.24700', 'NX_10_CV_turn': '0.24700', 'NX_10_ctr': '2.26100', 'NX_10_len_tra': 10.0, 'NX_10_R_tra': 22.61}]
[I 240414 14:50:41 utils:142] Epoch: [16], Info: [{'num_test': 100, 'CV': '0.22400', 'CV_turn': '0.07467', 'ctr': '2.68300', 'len_tra': 30.0, 'R_tra': 80.49, 'NX_0_CV': '0.58600', 'NX_0_CV_turn': '0.19533', 'NX_0_ctr': '2.25800', 'NX_0_len_tra': 30.0, 'NX_0_R_tra': 67.74, 'NX_10_CV': '0.25000', 'NX_10_CV_turn': '0.25000', 'NX_10_ctr': '2.27900', 'NX_10_len_tra': 10.0, 'NX_10_R_tra': 22.79}]
[I 240414 14:50:46 utils:142] Epoch: [17], Info: [{'num_test': 100, 'CV': '0.22100', 'CV_turn': '0.07367', 'ctr': '2.64733', 'len_tra': 30.0, 'R_tra': 79.42, 'NX_0_CV': '0.63900', 'NX_0_CV_turn': '0.21300', 'NX_0_ctr': '2.18433', 'NX_0_len_tra': 30.0, 'NX_0_R_tra': 65.53, 'NX_10_CV': '0.23800', 'NX_10_CV_turn': '0.23800', 'NX_10_ctr': '2.39500', 'NX_10_len_tra': 10.0, 'NX_10_R_tra': 23.95}]
[I 240414 14:50:52 utils:142] Epoch: [18], Info: [{'num_test': 100, 'CV': '0.19400', 'CV_turn': '0.06467', 'ctr': '2.86767', 'len_tra': 30.0, 'R_tra': 86.03, 'NX_0_CV': '0.62700', 'NX_0_CV_turn': '0.20900', 'NX_0_ctr': '2.19467', 'NX_0_len_tra': 30.0, 'NX_0_R_tra': 65.84, 'NX_10_CV': '0.24400', 'NX_10_CV_turn': '0.24400', 'NX_10_ctr': '2.47500', 'NX_10_len_tra': 10.0, 'NX_10_R_tra': 24.75}]
[I 240414 14:50:58 utils:142] Epoch: [19], Info: [{'num_test': 100, 'CV': '0.15600', 'CV_turn': '0.05200', 'ctr': '2.89967', 'len_tra': 30.0, 'R_tra': 86.99, 'NX_0_CV': '0.63100', 'NX_0_CV_turn': '0.21033', 'NX_0_ctr': '2.11400', 'NX_0_len_tra': 30.0, 'NX_0_R_tra': 63.42, 'NX_10_CV': '0.27800', 'NX_10_CV_turn': '0.27800', 'NX_10_ctr': '2.15700', 'NX_10_len_tra': 10.0, 'NX_10_R_tra': 21.57}]
[I 240414 14:51:04 utils:142] Epoch: [20], Info: [{'num_test': 100, 'CV': '0.21500', 'CV_turn': '0.07167', 'ctr': '2.81800', 'len_tra': 30.0, 'R_tra': 84.54, 'NX_0_CV': '0.62200', 'NX_0_CV_turn': '0.20733', 'NX_0_ctr': '2.16567', 'NX_0_len_tra': 30.0, 'NX_0_R_tra': 64.97, 'NX_10_CV': '0.24000', 'NX_10_CV_turn': '0.24000', 'NX_10_ctr': '2.35300', 'NX_10_len_tra': 10.0, 'NX_10_R_tra': 23.53}]
[I 240414 14:51:10 utils:142] Epoch: [21], Info: [{'num_test': 100, 'CV': '0.16000', 'CV_turn': '0.05333', 'ctr': '3.01567', 'len_tra': 30.0, 'R_tra': 90.47, 'NX_0_CV': '0.67000', 'NX_0_CV_turn': '0.22333', 'NX_0_ctr': '2.06933', 'NX_0_len_tra': 30.0, 'NX_0_R_tra': 62.08, 'NX_10_CV': '0.23400', 'NX_10_CV_turn': '0.23400', 'NX_10_ctr': '2.44400', 'NX_10_len_tra': 10.0, 'NX_10_R_tra': 24.44}]
[I 240414 14:51:16 utils:142] Epoch: [22], Info: [{'num_test': 100, 'CV': '0.13000', 'CV_turn': '0.04333', 'ctr': '2.93133', 'len_tra': 30.0, 'R_tra': 87.94, 'NX_0_CV': '0.61000', 'NX_0_CV_turn': '0.20333', 'NX_0_ctr': '2.25733', 'NX_0_len_tra': 30.0, 'NX_0_R_tra': 67.72, 'NX_10_CV': '0.25700', 'NX_10_CV_turn': '0.25700', 'NX_10_ctr': '2.39500', 'NX_10_len_tra': 10.0, 'NX_10_R_tra': 23.95}]
[I 240414 14:51:22 utils:142] Epoch: [23], Info: [{'num_test': 100, 'CV': '0.13400', 'CV_turn': '0.04467', 'ctr': '2.92067', 'len_tra': 30.0, 'R_tra': 87.62, 'NX_0_CV': '0.61600', 'NX_0_CV_turn': '0.20533', 'NX_0_ctr': '2.08600', 'NX_0_len_tra': 30.0, 'NX_0_R_tra': 62.58, 'NX_10_CV': '0.26000', 'NX_10_CV_turn': '0.26000', 'NX_10_ctr': '2.29700', 'NX_10_len_tra': 10.0, 'NX_10_R_tra': 22.97}]
[I 240414 14:51:28 utils:142] Epoch: [24], Info: [{'num_test': 100, 'CV': '0.19100', 'CV_turn': '0.06367', 'ctr': '2.71367', 'len_tra': 30.0, 'R_tra': 81.41, 'NX_0_CV': '0.62100', 'NX_0_CV_turn': '0.20700', 'NX_0_ctr': '2.24267', 'NX_0_len_tra': 30.0, 'NX_0_R_tra': 67.28, 'NX_10_CV': '0.25200', 'NX_10_CV_turn': '0.25200', 'NX_10_ctr': '2.31300', 'NX_10_len_tra': 10.0, 'NX_10_R_tra': 23.13}]
[I 240414 14:51:35 utils:142] Epoch: [25], Info: [{'num_test': 100, 'CV': '0.24100', 'CV_turn': '0.08033', 'ctr': '2.72200', 'len_tra': 30.0, 'R_tra': 81.66, 'NX_0_CV': '0.64100', 'NX_0_CV_turn': '0.21367', 'NX_0_ctr': '2.15233', 'NX_0_len_tra': 30.0, 'NX_0_R_tra': 64.57, 'NX_10_CV': '0.24400', 'NX_10_CV_turn': '0.24400', 'NX_10_ctr': '2.32500', 'NX_10_len_tra': 10.0, 'NX_10_R_tra': 23.25}]
[I 240414 14:51:41 utils:142] Epoch: [26], Info: [{'num_test': 100, 'CV': '0.14500', 'CV_turn': '0.04833', 'ctr': '2.91300', 'len_tra': 30.0, 'R_tra': 87.39, 'NX_0_CV': '0.65500', 'NX_0_CV_turn': '0.21833', 'NX_0_ctr': '2.07767', 'NX_0_len_tra': 30.0, 'NX_0_R_tra': 62.33, 'NX_10_CV': '0.25600', 'NX_10_CV_turn': '0.25600', 'NX_10_ctr': '2.36200', 'NX_10_len_tra': 10.0, 'NX_10_R_tra': 23.62}]
[I 240414 14:51:47 utils:142] Epoch: [27], Info: [{'num_test': 100, 'CV': '0.14400', 'CV_turn': '0.04800', 'ctr': '2.75633', 'len_tra': 30.0, 'R_tra': 82.69, 'NX_0_CV': '0.63100', 'NX_0_CV_turn': '0.21033', 'NX_0_ctr': '2.19533', 'NX_0_len_tra': 30.0, 'NX_0_R_tra': 65.86, 'NX_10_CV': '0.23000', 'NX_10_CV_turn': '0.23000', 'NX_10_ctr': '2.47600', 'NX_10_len_tra': 10.0, 'NX_10_R_tra': 24.76}]
[I 240414 14:51:54 utils:142] Epoch: [28], Info: [{'num_test': 100, 'CV': '0.19800', 'CV_turn': '0.06600', 'ctr': '2.67100', 'len_tra': 30.0, 'R_tra': 80.13, 'NX_0_CV': '0.66900', 'NX_0_CV_turn': '0.22300', 'NX_0_ctr': '2.09700', 'NX_0_len_tra': 30.0, 'NX_0_R_tra': 62.91, 'NX_10_CV': '0.25800', 'NX_10_CV_turn': '0.25800', 'NX_10_ctr': '2.28800', 'NX_10_len_tra': 10.0, 'NX_10_R_tra': 22.88}]
[I 240414 14:52:00 utils:142] Epoch: [29], Info: [{'num_test': 100, 'CV': '0.20200', 'CV_turn': '0.06733', 'ctr': '2.65600', 'len_tra': 30.0, 'R_tra': 79.68, 'NX_0_CV': '0.61700', 'NX_0_CV_turn': '0.20567', 'NX_0_ctr': '2.24933', 'NX_0_len_tra': 30.0, 'NX_0_R_tra': 67.48, 'NX_10_CV': '0.24600', 'NX_10_CV_turn': '0.24600', 'NX_10_ctr': '2.28200', 'NX_10_len_tra': 10.0, 'NX_10_R_tra': 22.82}]
[I 240414 14:52:07 utils:142] Epoch: [30], Info: [{'num_test': 100, 'CV': '0.18900', 'CV_turn': '0.06300', 'ctr': '2.59500', 'len_tra': 30.0, 'R_tra': 77.85, 'NX_0_CV': '0.62200', 'NX_0_CV_turn': '0.20733', 'NX_0_ctr': '2.27033', 'NX_0_len_tra': 30.0, 'NX_0_R_tra': 68.11, 'NX_10_CV': '0.24300', 'NX_10_CV_turn': '0.24300', 'NX_10_ctr': '2.35600', 'NX_10_len_tra': 10.0, 'NX_10_R_tra': 23.56}]
[I 240414 14:52:13 utils:142] Epoch: [31], Info: [{'num_test': 100, 'CV': '0.14800', 'CV_turn': '0.04933', 'ctr': '2.81200', 'len_tra': 30.0, 'R_tra': 84.36, 'NX_0_CV': '0.66000', 'NX_0_CV_turn': '0.22000', 'NX_0_ctr': '2.15167', 'NX_0_len_tra': 30.0, 'NX_0_R_tra': 64.55, 'NX_10_CV': '0.25600', 'NX_10_CV_turn': '0.25600', 'NX_10_ctr': '2.35800', 'NX_10_len_tra': 10.0, 'NX_10_R_tra': 23.58}]
[I 240414 14:52:20 utils:142] Epoch: [32], Info: [{'num_test': 100, 'CV': '0.15500', 'CV_turn': '0.05167', 'ctr': '3.05100', 'len_tra': 30.0, 'R_tra': 91.53, 'NX_0_CV': '0.61400', 'NX_0_CV_turn': '0.20467', 'NX_0_ctr': '2.20967', 'NX_0_len_tra': 30.0, 'NX_0_R_tra': 66.29, 'NX_10_CV': '0.23000', 'NX_10_CV_turn': '0.23000', 'NX_10_ctr': '2.47400', 'NX_10_len_tra': 10.0, 'NX_10_R_tra': 24.74}]
[I 240414 14:52:27 utils:142] Epoch: [33], Info: [{'num_test': 100, 'CV': '0.16800', 'CV_turn': '0.05600', 'ctr': '2.82433', 'len_tra': 30.0, 'R_tra': 84.73, 'NX_0_CV': '0.65300', 'NX_0_CV_turn': '0.21767', 'NX_0_ctr': '2.17533', 'NX_0_len_tra': 30.0, 'NX_0_R_tra': 65.26, 'NX_10_CV': '0.25200', 'NX_10_CV_turn': '0.25200', 'NX_10_ctr': '2.34200', 'NX_10_len_tra': 10.0, 'NX_10_R_tra': 23.42}]
[I 240414 14:52:33 utils:142] Epoch: [34], Info: [{'num_test': 100, 'CV': '0.12400', 'CV_turn': '0.04133', 'ctr': '2.89633', 'len_tra': 30.0, 'R_tra': 86.89, 'NX_0_CV': '0.62600', 'NX_0_CV_turn': '0.20867', 'NX_0_ctr': '2.15000', 'NX_0_len_tra': 30.0, 'NX_0_R_tra': 64.5, 'NX_10_CV': '0.25700', 'NX_10_CV_turn': '0.25700', 'NX_10_ctr': '2.31900', 'NX_10_len_tra': 10.0, 'NX_10_R_tra': 23.19}]
[I 240414 14:52:40 utils:142] Epoch: [35], Info: [{'num_test': 100, 'CV': '0.21900', 'CV_turn': '0.07300', 'ctr': '2.67400', 'len_tra': 30.0, 'R_tra': 80.22, 'NX_0_CV': '0.66800', 'NX_0_CV_turn': '0.22267', 'NX_0_ctr': '2.19533', 'NX_0_len_tra': 30.0, 'NX_0_R_tra': 65.86, 'NX_10_CV': '0.24200', 'NX_10_CV_turn': '0.24200', 'NX_10_ctr': '2.37600', 'NX_10_len_tra': 10.0, 'NX_10_R_tra': 23.76}]
[I 240414 14:52:47 utils:142] Epoch: [36], Info: [{'num_test': 100, 'CV': '0.12900', 'CV_turn': '0.04300', 'ctr': '3.12367', 'len_tra': 30.0, 'R_tra': 93.71, 'NX_0_CV': '0.64000', 'NX_0_CV_turn': '0.21333', 'NX_0_ctr': '2.14867', 'NX_0_len_tra': 30.0, 'NX_0_R_tra': 64.46, 'NX_10_CV': '0.23100', 'NX_10_CV_turn': '0.23100', 'NX_10_ctr': '2.43800', 'NX_10_len_tra': 10.0, 'NX_10_R_tra': 24.38}]
[I 240414 14:52:54 utils:142] Epoch: [37], Info: [{'num_test': 100, 'CV': '0.22300', 'CV_turn': '0.07433', 'ctr': '2.69467', 'len_tra': 30.0, 'R_tra': 80.84, 'NX_0_CV': '0.62000', 'NX_0_CV_turn': '0.20667', 'NX_0_ctr': '2.19800', 'NX_0_len_tra': 30.0, 'NX_0_R_tra': 65.94, 'NX_10_CV': '0.24000', 'NX_10_CV_turn': '0.24000', 'NX_10_ctr': '2.39300', 'NX_10_len_tra': 10.0, 'NX_10_R_tra': 23.93}]
[I 240414 14:53:01 utils:142] Epoch: [38], Info: [{'num_test': 100, 'CV': '0.15200', 'CV_turn': '0.05067', 'ctr': '2.80400', 'len_tra': 30.0, 'R_tra': 84.12, 'NX_0_CV': '0.61500', 'NX_0_CV_turn': '0.20500', 'NX_0_ctr': '2.25400', 'NX_0_len_tra': 30.0, 'NX_0_R_tra': 67.62, 'NX_10_CV': '0.25500', 'NX_10_CV_turn': '0.25500', 'NX_10_ctr': '2.35000', 'NX_10_len_tra': 10.0, 'NX_10_R_tra': 23.5}]
[I 240414 14:53:08 utils:142] Epoch: [39], Info: [{'num_test': 100, 'CV': '0.16900', 'CV_turn': '0.05633', 'ctr': '2.79067', 'len_tra': 30.0, 'R_tra': 83.72, 'NX_0_CV': '0.62600', 'NX_0_CV_turn': '0.20867', 'NX_0_ctr': '2.20167', 'NX_0_len_tra': 30.0, 'NX_0_R_tra': 66.05, 'NX_10_CV': '0.25800', 'NX_10_CV_turn': '0.25800', 'NX_10_ctr': '2.24900', 'NX_10_len_tra': 10.0, 'NX_10_R_tra': 22.49}]
[I 240414 14:53:15 utils:142] Epoch: [40], Info: [{'num_test': 100, 'CV': '0.11100', 'CV_turn': '0.03700', 'ctr': '3.10367', 'len_tra': 30.0, 'R_tra': 93.11, 'NX_0_CV': '0.64400', 'NX_0_CV_turn': '0.21467', 'NX_0_ctr': '2.04733', 'NX_0_len_tra': 30.0, 'NX_0_R_tra': 61.42, 'NX_10_CV': '0.23500', 'NX_10_CV_turn': '0.23500', 'NX_10_ctr': '2.41900', 'NX_10_len_tra': 10.0, 'NX_10_R_tra': 24.19}]
[I 240414 14:53:22 utils:142] Epoch: [41], Info: [{'num_test': 100, 'CV': '0.17400', 'CV_turn': '0.05800', 'ctr': '2.78767', 'len_tra': 30.0, 'R_tra': 83.63, 'NX_0_CV': '0.63000', 'NX_0_CV_turn': '0.21000', 'NX_0_ctr': '2.17767', 'NX_0_len_tra': 30.0, 'NX_0_R_tra': 65.33, 'NX_10_CV': '0.23600', 'NX_10_CV_turn': '0.23600', 'NX_10_ctr': '2.43600', 'NX_10_len_tra': 10.0, 'NX_10_R_tra': 24.36}]
[I 240414 14:53:29 utils:142] Epoch: [42], Info: [{'num_test': 100, 'CV': '0.15900', 'CV_turn': '0.05300', 'ctr': '2.84167', 'len_tra': 30.0, 'R_tra': 85.25, 'NX_0_CV': '0.64800', 'NX_0_CV_turn': '0.21600', 'NX_0_ctr': '2.06067', 'NX_0_len_tra': 30.0, 'NX_0_R_tra': 61.82, 'NX_10_CV': '0.25300', 'NX_10_CV_turn': '0.25300', 'NX_10_ctr': '2.25300', 'NX_10_len_tra': 10.0, 'NX_10_R_tra': 22.53}]
[I 240414 14:53:37 utils:142] Epoch: [43], Info: [{'num_test': 100, 'CV': '0.14900', 'CV_turn': '0.04967', 'ctr': '2.86033', 'len_tra': 30.0, 'R_tra': 85.81, 'NX_0_CV': '0.61800', 'NX_0_CV_turn': '0.20600', 'NX_0_ctr': '2.16933', 'NX_0_len_tra': 30.0, 'NX_0_R_tra': 65.08, 'NX_10_CV': '0.21900', 'NX_10_CV_turn': '0.21900', 'NX_10_ctr': '2.38600', 'NX_10_len_tra': 10.0, 'NX_10_R_tra': 23.86}]
[I 240414 14:53:44 utils:142] Epoch: [44], Info: [{'num_test': 100, 'CV': '0.17400', 'CV_turn': '0.05800', 'ctr': '2.98600', 'len_tra': 30.0, 'R_tra': 89.58, 'NX_0_CV': '0.63800', 'NX_0_CV_turn': '0.21267', 'NX_0_ctr': '2.20633', 'NX_0_len_tra': 30.0, 'NX_0_R_tra': 66.19, 'NX_10_CV': '0.23600', 'NX_10_CV_turn': '0.23600', 'NX_10_ctr': '2.40500', 'NX_10_len_tra': 10.0, 'NX_10_R_tra': 24.05}]
[I 240414 14:53:51 utils:142] Epoch: [45], Info: [{'num_test': 100, 'CV': '0.21300', 'CV_turn': '0.07100', 'ctr': '2.65833', 'len_tra': 30.0, 'R_tra': 79.75, 'NX_0_CV': '0.64000', 'NX_0_CV_turn': '0.21333', 'NX_0_ctr': '2.15100', 'NX_0_len_tra': 30.0, 'NX_0_R_tra': 64.53, 'NX_10_CV': '0.23300', 'NX_10_CV_turn': '0.23300', 'NX_10_ctr': '2.40700', 'NX_10_len_tra': 10.0, 'NX_10_R_tra': 24.07}]
[I 240414 14:53:59 utils:142] Epoch: [46], Info: [{'num_test': 100, 'CV': '0.19700', 'CV_turn': '0.06567', 'ctr': '2.66233', 'len_tra': 30.0, 'R_tra': 79.87, 'NX_0_CV': '0.62600', 'NX_0_CV_turn': '0.20867', 'NX_0_ctr': '2.21100', 'NX_0_len_tra': 30.0, 'NX_0_R_tra': 66.33, 'NX_10_CV': '0.21000', 'NX_10_CV_turn': '0.21000', 'NX_10_ctr': '2.50900', 'NX_10_len_tra': 10.0, 'NX_10_R_tra': 25.09}]
[I 240414 14:54:06 utils:142] Epoch: [47], Info: [{'num_test': 100, 'CV': '0.16800', 'CV_turn': '0.05600', 'ctr': '2.77533', 'len_tra': 30.0, 'R_tra': 83.26, 'NX_0_CV': '0.63100', 'NX_0_CV_turn': '0.21033', 'NX_0_ctr': '2.14300', 'NX_0_len_tra': 30.0, 'NX_0_R_tra': 64.29, 'NX_10_CV': '0.25600', 'NX_10_CV_turn': '0.25600', 'NX_10_ctr': '2.36000', 'NX_10_len_tra': 10.0, 'NX_10_R_tra': 23.6}]
[I 240414 14:54:14 utils:142] Epoch: [48], Info: [{'num_test': 100, 'CV': '0.14400', 'CV_turn': '0.04800', 'ctr': '2.56200', 'len_tra': 30.0, 'R_tra': 76.86, 'NX_0_CV': '0.64600', 'NX_0_CV_turn': '0.21533', 'NX_0_ctr': '2.10633', 'NX_0_len_tra': 30.0, 'NX_0_R_tra': 63.19, 'NX_10_CV': '0.22500', 'NX_10_CV_turn': '0.22500', 'NX_10_ctr': '2.56400', 'NX_10_len_tra': 10.0, 'NX_10_R_tra': 25.64}]
[I 240414 14:54:21 utils:142] Epoch: [49], Info: [{'num_test': 100, 'CV': '0.16300', 'CV_turn': '0.05433', 'ctr': '2.76367', 'len_tra': 30.0, 'R_tra': 82.91, 'NX_0_CV': '0.64700', 'NX_0_CV_turn': '0.21567', 'NX_0_ctr': '2.17800', 'NX_0_len_tra': 30.0, 'NX_0_R_tra': 65.34, 'NX_10_CV': '0.25100', 'NX_10_CV_turn': '0.25100', 'NX_10_ctr': '2.36900', 'NX_10_len_tra': 10.0, 'NX_10_R_tra': 23.69}]
[I 240414 14:54:29 utils:142] Epoch: [50], Info: [{'num_test': 100, 'CV': '0.13500', 'CV_turn': '0.04500', 'ctr': '2.88467', 'len_tra': 30.0, 'R_tra': 86.54, 'NX_0_CV': '0.60800', 'NX_0_CV_turn': '0.20267', 'NX_0_ctr': '2.18167', 'NX_0_len_tra': 30.0, 'NX_0_R_tra': 65.45, 'NX_10_CV': '0.25100', 'NX_10_CV_turn': '0.25100', 'NX_10_ctr': '2.40800', 'NX_10_len_tra': 10.0, 'NX_10_R_tra': 24.08}]
[I 240414 14:54:37 utils:142] Epoch: [51], Info: [{'num_test': 100, 'CV': '0.13600', 'CV_turn': '0.04533', 'ctr': '2.74267', 'len_tra': 30.0, 'R_tra': 82.28, 'NX_0_CV': '0.58700', 'NX_0_CV_turn': '0.19567', 'NX_0_ctr': '2.23267', 'NX_0_len_tra': 30.0, 'NX_0_R_tra': 66.98, 'NX_10_CV': '0.25800', 'NX_10_CV_turn': '0.25800', 'NX_10_ctr': '2.32200', 'NX_10_len_tra': 10.0, 'NX_10_R_tra': 23.22}]
[I 240414 14:54:44 utils:142] Epoch: [52], Info: [{'num_test': 100, 'CV': '0.13500', 'CV_turn': '0.04500', 'ctr': '2.89267', 'len_tra': 30.0, 'R_tra': 86.78, 'NX_0_CV': '0.63800', 'NX_0_CV_turn': '0.21267', 'NX_0_ctr': '2.11400', 'NX_0_len_tra': 30.0, 'NX_0_R_tra': 63.42, 'NX_10_CV': '0.24900', 'NX_10_CV_turn': '0.24900', 'NX_10_ctr': '2.31800', 'NX_10_len_tra': 10.0, 'NX_10_R_tra': 23.18}]
[I 240414 14:54:52 utils:142] Epoch: [53], Info: [{'num_test': 100, 'CV': '0.16900', 'CV_turn': '0.05633', 'ctr': '2.91700', 'len_tra': 30.0, 'R_tra': 87.51, 'NX_0_CV': '0.61100', 'NX_0_CV_turn': '0.20367', 'NX_0_ctr': '2.18767', 'NX_0_len_tra': 30.0, 'NX_0_R_tra': 65.63, 'NX_10_CV': '0.24700', 'NX_10_CV_turn': '0.24700', 'NX_10_ctr': '2.39500', 'NX_10_len_tra': 10.0, 'NX_10_R_tra': 23.95}]
[I 240414 14:55:00 utils:142] Epoch: [54], Info: [{'num_test': 100, 'CV': '0.12200', 'CV_turn': '0.04067', 'ctr': '2.88367', 'len_tra': 30.0, 'R_tra': 86.51, 'NX_0_CV': '0.60600', 'NX_0_CV_turn': '0.20200', 'NX_0_ctr': '2.16067', 'NX_0_len_tra': 30.0, 'NX_0_R_tra': 64.82, 'NX_10_CV': '0.25600', 'NX_10_CV_turn': '0.25600', 'NX_10_ctr': '2.33900', 'NX_10_len_tra': 10.0, 'NX_10_R_tra': 23.39}]
[I 240414 14:55:08 utils:142] Epoch: [55], Info: [{'num_test': 100, 'CV': '0.13500', 'CV_turn': '0.04500', 'ctr': '2.85500', 'len_tra': 30.0, 'R_tra': 85.65, 'NX_0_CV': '0.58700', 'NX_0_CV_turn': '0.19567', 'NX_0_ctr': '2.16200', 'NX_0_len_tra': 30.0, 'NX_0_R_tra': 64.86, 'NX_10_CV': '0.19800', 'NX_10_CV_turn': '0.19800', 'NX_10_ctr': '2.53900', 'NX_10_len_tra': 10.0, 'NX_10_R_tra': 25.39}]
[I 240414 14:55:16 utils:142] Epoch: [56], Info: [{'num_test': 100, 'CV': '0.17100', 'CV_turn': '0.05700', 'ctr': '2.76067', 'len_tra': 30.0, 'R_tra': 82.82, 'NX_0_CV': '0.62800', 'NX_0_CV_turn': '0.20933', 'NX_0_ctr': '2.10533', 'NX_0_len_tra': 30.0, 'NX_0_R_tra': 63.16, 'NX_10_CV': '0.23100', 'NX_10_CV_turn': '0.23100', 'NX_10_ctr': '2.42000', 'NX_10_len_tra': 10.0, 'NX_10_R_tra': 24.2}]
[I 240414 14:55:24 utils:142] Epoch: [57], Info: [{'num_test': 100, 'CV': '0.16400', 'CV_turn': '0.05467', 'ctr': '2.97433', 'len_tra': 30.0, 'R_tra': 89.23, 'NX_0_CV': '0.58700', 'NX_0_CV_turn': '0.19567', 'NX_0_ctr': '2.25100', 'NX_0_len_tra': 30.0, 'NX_0_R_tra': 67.53, 'NX_10_CV': '0.23600', 'NX_10_CV_turn': '0.23600', 'NX_10_ctr': '2.34300', 'NX_10_len_tra': 10.0, 'NX_10_R_tra': 23.43}]
[I 240414 14:55:32 utils:142] Epoch: [58], Info: [{'num_test': 100, 'CV': '0.14000', 'CV_turn': '0.04667', 'ctr': '2.71600', 'len_tra': 30.0, 'R_tra': 81.48, 'NX_0_CV': '0.62200', 'NX_0_CV_turn': '0.20733', 'NX_0_ctr': '2.14367', 'NX_0_len_tra': 30.0, 'NX_0_R_tra': 64.31, 'NX_10_CV': '0.22800', 'NX_10_CV_turn': '0.22800', 'NX_10_ctr': '2.37000', 'NX_10_len_tra': 10.0, 'NX_10_R_tra': 23.7}]
[I 240414 14:55:40 utils:142] Epoch: [59], Info: [{'num_test': 100, 'CV': '0.14200', 'CV_turn': '0.04733', 'ctr': '2.78800', 'len_tra': 30.0, 'R_tra': 83.64, 'NX_0_CV': '0.59700', 'NX_0_CV_turn': '0.19900', 'NX_0_ctr': '2.27567', 'NX_0_len_tra': 30.0, 'NX_0_R_tra': 68.27, 'NX_10_CV': '0.23000', 'NX_10_CV_turn': '0.23000', 'NX_10_ctr': '2.30000', 'NX_10_len_tra': 10.0, 'NX_10_R_tra': 23.0}]
[I 240414 14:55:49 utils:142] Epoch: [60], Info: [{'num_test': 100, 'CV': '0.15500', 'CV_turn': '0.05167', 'ctr': '2.70400', 'len_tra': 30.0, 'R_tra': 81.12, 'NX_0_CV': '0.58500', 'NX_0_CV_turn': '0.19500', 'NX_0_ctr': '2.21233', 'NX_0_len_tra': 30.0, 'NX_0_R_tra': 66.37, 'NX_10_CV': '0.22700', 'NX_10_CV_turn': '0.22700', 'NX_10_ctr': '2.30700', 'NX_10_len_tra': 10.0, 'NX_10_R_tra': 23.07}]
[I 240414 14:55:57 utils:142] Epoch: [61], Info: [{'num_test': 100, 'CV': '0.15600', 'CV_turn': '0.05200', 'ctr': '2.85400', 'len_tra': 30.0, 'R_tra': 85.62, 'NX_0_CV': '0.63400', 'NX_0_CV_turn': '0.21133', 'NX_0_ctr': '2.12033', 'NX_0_len_tra': 30.0, 'NX_0_R_tra': 63.61, 'NX_10_CV': '0.21600', 'NX_10_CV_turn': '0.21600', 'NX_10_ctr': '2.44700', 'NX_10_len_tra': 10.0, 'NX_10_R_tra': 24.47}]
[I 240414 14:56:05 utils:142] Epoch: [62], Info: [{'num_test': 100, 'CV': '0.20000', 'CV_turn': '0.06667', 'ctr': '2.73667', 'len_tra': 30.0, 'R_tra': 82.1, 'NX_0_CV': '0.59900', 'NX_0_CV_turn': '0.19967', 'NX_0_ctr': '2.19133', 'NX_0_len_tra': 30.0, 'NX_0_R_tra': 65.74, 'NX_10_CV': '0.20500', 'NX_10_CV_turn': '0.20500', 'NX_10_ctr': '2.48200', 'NX_10_len_tra': 10.0, 'NX_10_R_tra': 24.82}]
[I 240414 14:56:14 utils:142] Epoch: [63], Info: [{'num_test': 100, 'CV': '0.19300', 'CV_turn': '0.06433', 'ctr': '2.67300', 'len_tra': 30.0, 'R_tra': 80.19, 'NX_0_CV': '0.61800', 'NX_0_CV_turn': '0.20600', 'NX_0_ctr': '2.13767', 'NX_0_len_tra': 30.0, 'NX_0_R_tra': 64.13, 'NX_10_CV': '0.23500', 'NX_10_CV_turn': '0.23500', 'NX_10_ctr': '2.31800', 'NX_10_len_tra': 10.0, 'NX_10_R_tra': 23.18}]
[I 240414 14:56:22 utils:142] Epoch: [64], Info: [{'num_test': 100, 'CV': '0.19700', 'CV_turn': '0.06567', 'ctr': '2.85100', 'len_tra': 30.0, 'R_tra': 85.53, 'NX_0_CV': '0.61100', 'NX_0_CV_turn': '0.20367', 'NX_0_ctr': '2.06567', 'NX_0_len_tra': 30.0, 'NX_0_R_tra': 61.97, 'NX_10_CV': '0.22200', 'NX_10_CV_turn': '0.22200', 'NX_10_ctr': '2.36400', 'NX_10_len_tra': 10.0, 'NX_10_R_tra': 23.64}]
[I 240414 14:56:30 utils:142] Epoch: [65], Info: [{'num_test': 100, 'CV': '0.13200', 'CV_turn': '0.04400', 'ctr': '3.05367', 'len_tra': 30.0, 'R_tra': 91.61, 'NX_0_CV': '0.58500', 'NX_0_CV_turn': '0.19500', 'NX_0_ctr': '2.14067', 'NX_0_len_tra': 30.0, 'NX_0_R_tra': 64.22, 'NX_10_CV': '0.25000', 'NX_10_CV_turn': '0.25000', 'NX_10_ctr': '2.43300', 'NX_10_len_tra': 10.0, 'NX_10_R_tra': 24.33}]
[I 240414 14:56:39 utils:142] Epoch: [66], Info: [{'num_test': 100, 'CV': '0.13400', 'CV_turn': '0.04467', 'ctr': '2.78067', 'len_tra': 30.0, 'R_tra': 83.42, 'NX_0_CV': '0.57000', 'NX_0_CV_turn': '0.19000', 'NX_0_ctr': '2.16600', 'NX_0_len_tra': 30.0, 'NX_0_R_tra': 64.98, 'NX_10_CV': '0.24000', 'NX_10_CV_turn': '0.24000', 'NX_10_ctr': '2.31800', 'NX_10_len_tra': 10.0, 'NX_10_R_tra': 23.18}]
[I 240414 14:56:48 utils:142] Epoch: [67], Info: [{'num_test': 100, 'CV': '0.12500', 'CV_turn': '0.04167', 'ctr': '2.73767', 'len_tra': 30.0, 'R_tra': 82.13, 'NX_0_CV': '0.57500', 'NX_0_CV_turn': '0.19167', 'NX_0_ctr': '2.31133', 'NX_0_len_tra': 30.0, 'NX_0_R_tra': 69.34, 'NX_10_CV': '0.23600', 'NX_10_CV_turn': '0.23600', 'NX_10_ctr': '2.33300', 'NX_10_len_tra': 10.0, 'NX_10_R_tra': 23.33}]
[I 240414 14:56:56 utils:142] Epoch: [68], Info: [{'num_test': 100, 'CV': '0.13400', 'CV_turn': '0.04467', 'ctr': '2.91100', 'len_tra': 30.0, 'R_tra': 87.33, 'NX_0_CV': '0.56700', 'NX_0_CV_turn': '0.18900', 'NX_0_ctr': '2.17933', 'NX_0_len_tra': 30.0, 'NX_0_R_tra': 65.38, 'NX_10_CV': '0.21800', 'NX_10_CV_turn': '0.21800', 'NX_10_ctr': '2.37100', 'NX_10_len_tra': 10.0, 'NX_10_R_tra': 23.71}]
[I 240414 14:57:05 utils:142] Epoch: [69], Info: [{'num_test': 100, 'CV': '0.16600', 'CV_turn': '0.05533', 'ctr': '2.85100', 'len_tra': 30.0, 'R_tra': 85.53, 'NX_0_CV': '0.61500', 'NX_0_CV_turn': '0.20500', 'NX_0_ctr': '2.04400', 'NX_0_len_tra': 30.0, 'NX_0_R_tra': 61.32, 'NX_10_CV': '0.22300', 'NX_10_CV_turn': '0.22300', 'NX_10_ctr': '2.31500', 'NX_10_len_tra': 10.0, 'NX_10_R_tra': 23.15}]
[I 240414 14:57:14 utils:142] Epoch: [70], Info: [{'num_test': 100, 'CV': '0.18200', 'CV_turn': '0.06067', 'ctr': '2.65000', 'len_tra': 30.0, 'R_tra': 79.5, 'NX_0_CV': '0.59800', 'NX_0_CV_turn': '0.19933', 'NX_0_ctr': '2.16000', 'NX_0_len_tra': 30.0, 'NX_0_R_tra': 64.8, 'NX_10_CV': '0.25800', 'NX_10_CV_turn': '0.25800', 'NX_10_ctr': '2.17100', 'NX_10_len_tra': 10.0, 'NX_10_R_tra': 21.71}]
[I 240414 14:57:23 utils:142] Epoch: [71], Info: [{'num_test': 100, 'CV': '0.12500', 'CV_turn': '0.04167', 'ctr': '2.80967', 'len_tra': 30.0, 'R_tra': 84.29, 'NX_0_CV': '0.60300', 'NX_0_CV_turn': '0.20100', 'NX_0_ctr': '2.17167', 'NX_0_len_tra': 30.0, 'NX_0_R_tra': 65.15, 'NX_10_CV': '0.22900', 'NX_10_CV_turn': '0.22900', 'NX_10_ctr': '2.37600', 'NX_10_len_tra': 10.0, 'NX_10_R_tra': 23.76}]
[I 240414 14:57:31 utils:142] Epoch: [72], Info: [{'num_test': 100, 'CV': '0.17900', 'CV_turn': '0.05967', 'ctr': '2.75400', 'len_tra': 30.0, 'R_tra': 82.62, 'NX_0_CV': '0.55200', 'NX_0_CV_turn': '0.18400', 'NX_0_ctr': '2.22567', 'NX_0_len_tra': 30.0, 'NX_0_R_tra': 66.77, 'NX_10_CV': '0.22300', 'NX_10_CV_turn': '0.22300', 'NX_10_ctr': '2.40000', 'NX_10_len_tra': 10.0, 'NX_10_R_tra': 24.0}]
[I 240414 14:57:40 utils:142] Epoch: [73], Info: [{'num_test': 100, 'CV': '0.13100', 'CV_turn': '0.04367', 'ctr': '2.93900', 'len_tra': 30.0, 'R_tra': 88.17, 'NX_0_CV': '0.59100', 'NX_0_CV_turn': '0.19700', 'NX_0_ctr': '2.07000', 'NX_0_len_tra': 30.0, 'NX_0_R_tra': 62.1, 'NX_10_CV': '0.21400', 'NX_10_CV_turn': '0.21400', 'NX_10_ctr': '2.42000', 'NX_10_len_tra': 10.0, 'NX_10_R_tra': 24.2}]
[I 240414 14:57:49 utils:142] Epoch: [74], Info: [{'num_test': 100, 'CV': '0.15000', 'CV_turn': '0.05000', 'ctr': '2.84800', 'len_tra': 30.0, 'R_tra': 85.44, 'NX_0_CV': '0.54900', 'NX_0_CV_turn': '0.18300', 'NX_0_ctr': '2.26500', 'NX_0_len_tra': 30.0, 'NX_0_R_tra': 67.95, 'NX_10_CV': '0.21200', 'NX_10_CV_turn': '0.21200', 'NX_10_ctr': '2.33900', 'NX_10_len_tra': 10.0, 'NX_10_R_tra': 23.39}]
[I 240414 14:57:58 utils:142] Epoch: [75], Info: [{'num_test': 100, 'CV': '0.18700', 'CV_turn': '0.06233', 'ctr': '2.62300', 'len_tra': 30.0, 'R_tra': 78.69, 'NX_0_CV': '0.56600', 'NX_0_CV_turn': '0.18867', 'NX_0_ctr': '2.21833', 'NX_0_len_tra': 30.0, 'NX_0_R_tra': 66.55, 'NX_10_CV': '0.20800', 'NX_10_CV_turn': '0.20800', 'NX_10_ctr': '2.35000', 'NX_10_len_tra': 10.0, 'NX_10_R_tra': 23.5}]
[I 240414 14:58:07 utils:142] Epoch: [76], Info: [{'num_test': 100, 'CV': '0.14000', 'CV_turn': '0.04667', 'ctr': '2.90633', 'len_tra': 30.0, 'R_tra': 87.19, 'NX_0_CV': '0.56100', 'NX_0_CV_turn': '0.18700', 'NX_0_ctr': '2.12933', 'NX_0_len_tra': 30.0, 'NX_0_R_tra': 63.88, 'NX_10_CV': '0.18800', 'NX_10_CV_turn': '0.18800', 'NX_10_ctr': '2.39400', 'NX_10_len_tra': 10.0, 'NX_10_R_tra': 23.94}]
[I 240414 14:58:16 utils:142] Epoch: [77], Info: [{'num_test': 100, 'CV': '0.15400', 'CV_turn': '0.05133', 'ctr': '3.07133', 'len_tra': 30.0, 'R_tra': 92.14, 'NX_0_CV': '0.58100', 'NX_0_CV_turn': '0.19367', 'NX_0_ctr': '2.08733', 'NX_0_len_tra': 30.0, 'NX_0_R_tra': 62.62, 'NX_10_CV': '0.21600', 'NX_10_CV_turn': '0.21600', 'NX_10_ctr': '2.35400', 'NX_10_len_tra': 10.0, 'NX_10_R_tra': 23.54}]
[I 240414 14:58:26 utils:142] Epoch: [78], Info: [{'num_test': 100, 'CV': '0.22200', 'CV_turn': '0.07400', 'ctr': '2.76767', 'len_tra': 30.0, 'R_tra': 83.03, 'NX_0_CV': '0.58400', 'NX_0_CV_turn': '0.19467', 'NX_0_ctr': '2.09667', 'NX_0_len_tra': 30.0, 'NX_0_R_tra': 62.9, 'NX_10_CV': '0.21500', 'NX_10_CV_turn': '0.21500', 'NX_10_ctr': '2.36200', 'NX_10_len_tra': 10.0, 'NX_10_R_tra': 23.62}]
[I 240414 14:58:35 utils:142] Epoch: [79], Info: [{'num_test': 100, 'CV': '0.20800', 'CV_turn': '0.06933', 'ctr': '2.89200', 'len_tra': 30.0, 'R_tra': 86.76, 'NX_0_CV': '0.56300', 'NX_0_CV_turn': '0.18767', 'NX_0_ctr': '2.12133', 'NX_0_len_tra': 30.0, 'NX_0_R_tra': 63.64, 'NX_10_CV': '0.20600', 'NX_10_CV_turn': '0.20600', 'NX_10_ctr': '2.38700', 'NX_10_len_tra': 10.0, 'NX_10_R_tra': 23.87}]
[I 240414 14:58:44 utils:142] Epoch: [80], Info: [{'num_test': 100, 'CV': '0.15300', 'CV_turn': '0.05100', 'ctr': '3.03800', 'len_tra': 30.0, 'R_tra': 91.14, 'NX_0_CV': '0.55700', 'NX_0_CV_turn': '0.18567', 'NX_0_ctr': '2.09600', 'NX_0_len_tra': 30.0, 'NX_0_R_tra': 62.88, 'NX_10_CV': '0.19200', 'NX_10_CV_turn': '0.19200', 'NX_10_ctr': '2.34700', 'NX_10_len_tra': 10.0, 'NX_10_R_tra': 23.47}]
[I 240414 14:58:54 utils:142] Epoch: [81], Info: [{'num_test': 100, 'CV': '0.16000', 'CV_turn': '0.05333', 'ctr': '2.75533', 'len_tra': 30.0, 'R_tra': 82.66, 'NX_0_CV': '0.50200', 'NX_0_CV_turn': '0.16733', 'NX_0_ctr': '2.20100', 'NX_0_len_tra': 30.0, 'NX_0_R_tra': 66.03, 'NX_10_CV': '0.18300', 'NX_10_CV_turn': '0.18300', 'NX_10_ctr': '2.44000', 'NX_10_len_tra': 10.0, 'NX_10_R_tra': 24.4}]
[I 240414 14:59:03 utils:142] Epoch: [82], Info: [{'num_test': 100, 'CV': '0.10100', 'CV_turn': '0.03367', 'ctr': '2.79200', 'len_tra': 30.0, 'R_tra': 83.76, 'NX_0_CV': '0.54600', 'NX_0_CV_turn': '0.18200', 'NX_0_ctr': '2.10533', 'NX_0_len_tra': 30.0, 'NX_0_R_tra': 63.16, 'NX_10_CV': '0.15700', 'NX_10_CV_turn': '0.15700', 'NX_10_ctr': '2.54100', 'NX_10_len_tra': 10.0, 'NX_10_R_tra': 25.41}]
[I 240414 14:59:12 utils:142] Epoch: [83], Info: [{'num_test': 100, 'CV': '0.10400', 'CV_turn': '0.03467', 'ctr': '2.70833', 'len_tra': 30.0, 'R_tra': 81.25, 'NX_0_CV': '0.55000', 'NX_0_CV_turn': '0.18333', 'NX_0_ctr': '2.11233', 'NX_0_len_tra': 30.0, 'NX_0_R_tra': 63.37, 'NX_10_CV': '0.18300', 'NX_10_CV_turn': '0.18300', 'NX_10_ctr': '2.40600', 'NX_10_len_tra': 10.0, 'NX_10_R_tra': 24.06}]
[I 240414 14:59:22 utils:142] Epoch: [84], Info: [{'num_test': 100, 'CV': '0.16100', 'CV_turn': '0.05367', 'ctr': '2.66967', 'len_tra': 30.0, 'R_tra': 80.09, 'NX_0_CV': '0.52000', 'NX_0_CV_turn': '0.17333', 'NX_0_ctr': '2.15567', 'NX_0_len_tra': 30.0, 'NX_0_R_tra': 64.67, 'NX_10_CV': '0.20100', 'NX_10_CV_turn': '0.20100', 'NX_10_ctr': '2.43300', 'NX_10_len_tra': 10.0, 'NX_10_R_tra': 24.33}]
[I 240414 14:59:32 utils:142] Epoch: [85], Info: [{'num_test': 100, 'CV': '0.15000', 'CV_turn': '0.05000', 'ctr': '2.66833', 'len_tra': 30.0, 'R_tra': 80.05, 'NX_0_CV': '0.53800', 'NX_0_CV_turn': '0.17933', 'NX_0_ctr': '2.17900', 'NX_0_len_tra': 30.0, 'NX_0_R_tra': 65.37, 'NX_10_CV': '0.20100', 'NX_10_CV_turn': '0.20100', 'NX_10_ctr': '2.43100', 'NX_10_len_tra': 10.0, 'NX_10_R_tra': 24.31}]
[I 240414 14:59:41 utils:142] Epoch: [86], Info: [{'num_test': 100, 'CV': '0.13600', 'CV_turn': '0.04533', 'ctr': '2.75367', 'len_tra': 30.0, 'R_tra': 82.61, 'NX_0_CV': '0.56700', 'NX_0_CV_turn': '0.18900', 'NX_0_ctr': '2.09633', 'NX_0_len_tra': 30.0, 'NX_0_R_tra': 62.89, 'NX_10_CV': '0.17800', 'NX_10_CV_turn': '0.17800', 'NX_10_ctr': '2.44600', 'NX_10_len_tra': 10.0, 'NX_10_R_tra': 24.46}]
[I 240414 14:59:51 utils:142] Epoch: [87], Info: [{'num_test': 100, 'CV': '0.07600', 'CV_turn': '0.02533', 'ctr': '2.85767', 'len_tra': 30.0, 'R_tra': 85.73, 'NX_0_CV': '0.55500', 'NX_0_CV_turn': '0.18500', 'NX_0_ctr': '2.16900', 'NX_0_len_tra': 30.0, 'NX_0_R_tra': 65.07, 'NX_10_CV': '0.17700', 'NX_10_CV_turn': '0.17700', 'NX_10_ctr': '2.34800', 'NX_10_len_tra': 10.0, 'NX_10_R_tra': 23.48}]
[I 240414 15:00:01 utils:142] Epoch: [88], Info: [{'num_test': 100, 'CV': '0.14700', 'CV_turn': '0.04900', 'ctr': '2.84133', 'len_tra': 30.0, 'R_tra': 85.24, 'NX_0_CV': '0.55700', 'NX_0_CV_turn': '0.18567', 'NX_0_ctr': '2.07533', 'NX_0_len_tra': 30.0, 'NX_0_R_tra': 62.26, 'NX_10_CV': '0.18700', 'NX_10_CV_turn': '0.18700', 'NX_10_ctr': '2.44200', 'NX_10_len_tra': 10.0, 'NX_10_R_tra': 24.42}]
[I 240414 15:00:10 utils:142] Epoch: [89], Info: [{'num_test': 100, 'CV': '0.18800', 'CV_turn': '0.06267', 'ctr': '2.71467', 'len_tra': 30.0, 'R_tra': 81.44, 'NX_0_CV': '0.58000', 'NX_0_CV_turn': '0.19333', 'NX_0_ctr': '2.05867', 'NX_0_len_tra': 30.0, 'NX_0_R_tra': 61.76, 'NX_10_CV': '0.19800', 'NX_10_CV_turn': '0.19800', 'NX_10_ctr': '2.40400', 'NX_10_len_tra': 10.0, 'NX_10_R_tra': 24.04}]
[I 240414 15:00:20 utils:142] Epoch: [90], Info: [{'num_test': 100, 'CV': '0.21800', 'CV_turn': '0.07267', 'ctr': '2.88233', 'len_tra': 30.0, 'R_tra': 86.47, 'NX_0_CV': '0.56700', 'NX_0_CV_turn': '0.18900', 'NX_0_ctr': '2.13333', 'NX_0_len_tra': 30.0, 'NX_0_R_tra': 64.0, 'NX_10_CV': '0.19000', 'NX_10_CV_turn': '0.19000', 'NX_10_ctr': '2.47200', 'NX_10_len_tra': 10.0, 'NX_10_R_tra': 24.72}]
[I 240414 15:00:30 utils:142] Epoch: [91], Info: [{'num_test': 100, 'CV': '0.14200', 'CV_turn': '0.04733', 'ctr': '2.77033', 'len_tra': 30.0, 'R_tra': 83.11, 'NX_0_CV': '0.53100', 'NX_0_CV_turn': '0.17700', 'NX_0_ctr': '2.30200', 'NX_0_len_tra': 30.0, 'NX_0_R_tra': 69.06, 'NX_10_CV': '0.18400', 'NX_10_CV_turn': '0.18400', 'NX_10_ctr': '2.45300', 'NX_10_len_tra': 10.0, 'NX_10_R_tra': 24.53}]
[I 240414 15:00:40 utils:142] Epoch: [92], Info: [{'num_test': 100, 'CV': '0.13500', 'CV_turn': '0.04500', 'ctr': '2.75333', 'len_tra': 30.0, 'R_tra': 82.6, 'NX_0_CV': '0.53100', 'NX_0_CV_turn': '0.17700', 'NX_0_ctr': '2.22800', 'NX_0_len_tra': 30.0, 'NX_0_R_tra': 66.84, 'NX_10_CV': '0.17100', 'NX_10_CV_turn': '0.17100', 'NX_10_ctr': '2.49500', 'NX_10_len_tra': 10.0, 'NX_10_R_tra': 24.95}]
[I 240414 15:00:50 utils:142] Epoch: [93], Info: [{'num_test': 100, 'CV': '0.10000', 'CV_turn': '0.03333', 'ctr': '2.78500', 'len_tra': 30.0, 'R_tra': 83.55, 'NX_0_CV': '0.51500', 'NX_0_CV_turn': '0.17167', 'NX_0_ctr': '2.22700', 'NX_0_len_tra': 30.0, 'NX_0_R_tra': 66.81, 'NX_10_CV': '0.18800', 'NX_10_CV_turn': '0.18800', 'NX_10_ctr': '2.47900', 'NX_10_len_tra': 10.0, 'NX_10_R_tra': 24.79}]
[I 240414 15:01:00 utils:142] Epoch: [94], Info: [{'num_test': 100, 'CV': '0.11300', 'CV_turn': '0.03767', 'ctr': '2.70433', 'len_tra': 30.0, 'R_tra': 81.13, 'NX_0_CV': '0.52700', 'NX_0_CV_turn': '0.17567', 'NX_0_ctr': '2.12967', 'NX_0_len_tra': 30.0, 'NX_0_R_tra': 63.89, 'NX_10_CV': '0.19400', 'NX_10_CV_turn': '0.19400', 'NX_10_ctr': '2.29000', 'NX_10_len_tra': 10.0, 'NX_10_R_tra': 22.9}]
[I 240414 15:01:11 utils:142] Epoch: [95], Info: [{'num_test': 100, 'CV': '0.11000', 'CV_turn': '0.03667', 'ctr': '2.59800', 'len_tra': 30.0, 'R_tra': 77.94, 'NX_0_CV': '0.52100', 'NX_0_CV_turn': '0.17367', 'NX_0_ctr': '2.19467', 'NX_0_len_tra': 30.0, 'NX_0_R_tra': 65.84, 'NX_10_CV': '0.17000', 'NX_10_CV_turn': '0.17000', 'NX_10_ctr': '2.40700', 'NX_10_len_tra': 10.0, 'NX_10_R_tra': 24.07}]
[I 240414 15:01:21 utils:142] Epoch: [96], Info: [{'num_test': 100, 'CV': '0.12000', 'CV_turn': '0.04000', 'ctr': '2.90267', 'len_tra': 30.0, 'R_tra': 87.08, 'NX_0_CV': '0.54900', 'NX_0_CV_turn': '0.18300', 'NX_0_ctr': '2.09700', 'NX_0_len_tra': 30.0, 'NX_0_R_tra': 62.91, 'NX_10_CV': '0.17700', 'NX_10_CV_turn': '0.17700', 'NX_10_ctr': '2.44100', 'NX_10_len_tra': 10.0, 'NX_10_R_tra': 24.41}]
[I 240414 15:01:31 utils:142] Epoch: [97], Info: [{'num_test': 100, 'CV': '0.11300', 'CV_turn': '0.03767', 'ctr': '2.96167', 'len_tra': 30.0, 'R_tra': 88.85, 'NX_0_CV': '0.54200', 'NX_0_CV_turn': '0.18067', 'NX_0_ctr': '2.15167', 'NX_0_len_tra': 30.0, 'NX_0_R_tra': 64.55, 'NX_10_CV': '0.19800', 'NX_10_CV_turn': '0.19800', 'NX_10_ctr': '2.23100', 'NX_10_len_tra': 10.0, 'NX_10_R_tra': 22.31}]
[I 240414 15:01:41 utils:142] Epoch: [98], Info: [{'num_test': 100, 'CV': '0.14800', 'CV_turn': '0.04933', 'ctr': '2.84000', 'len_tra': 30.0, 'R_tra': 85.2, 'NX_0_CV': '0.55700', 'NX_0_CV_turn': '0.18567', 'NX_0_ctr': '2.01600', 'NX_0_len_tra': 30.0, 'NX_0_R_tra': 60.48, 'NX_10_CV': '0.17300', 'NX_10_CV_turn': '0.17300', 'NX_10_ctr': '2.44000', 'NX_10_len_tra': 10.0, 'NX_10_R_tra': 24.4}]
[I 240414 15:01:52 utils:142] Epoch: [99], Info: [{'num_test': 100, 'CV': '0.06500', 'CV_turn': '0.02167', 'ctr': '3.00133', 'len_tra': 30.0, 'R_tra': 90.04, 'NX_0_CV': '0.52100', 'NX_0_CV_turn': '0.17367', 'NX_0_ctr': '2.16400', 'NX_0_len_tra': 30.0, 'NX_0_R_tra': 64.92, 'NX_10_CV': '0.17800', 'NX_10_CV_turn': '0.17800', 'NX_10_ctr': '2.40500', 'NX_10_len_tra': 10.0, 'NX_10_R_tra': 24.05}]
[I 240414 15:02:02 utils:142] Epoch: [100], Info: [{'num_test': 100, 'CV': '0.05800', 'CV_turn': '0.01933', 'ctr': '3.25667', 'len_tra': 30.0, 'R_tra': 97.7, 'NX_0_CV': '0.53200', 'NX_0_CV_turn': '0.17733', 'NX_0_ctr': '2.15633', 'NX_0_len_tra': 30.0, 'NX_0_R_tra': 64.69, 'NX_10_CV': '0.17200', 'NX_10_CV_turn': '0.17200', 'NX_10_ctr': '2.50700', 'NX_10_len_tra': 10.0, 'NX_10_R_tra': 25.07}]
[I 240414 15:02:13 utils:142] Epoch: [101], Info: [{'num_test': 100, 'CV': '0.03500', 'CV_turn': '0.01167', 'ctr': '3.19700', 'len_tra': 30.0, 'R_tra': 95.91, 'NX_0_CV': '0.52900', 'NX_0_CV_turn': '0.17633', 'NX_0_ctr': '2.10333', 'NX_0_len_tra': 30.0, 'NX_0_R_tra': 63.1, 'NX_10_CV': '0.18300', 'NX_10_CV_turn': '0.18300', 'NX_10_ctr': '2.31600', 'NX_10_len_tra': 10.0, 'NX_10_R_tra': 23.16}]
[I 240414 15:02:23 utils:142] Epoch: [102], Info: [{'num_test': 100, 'CV': '0.04700', 'CV_turn': '0.01567', 'ctr': '3.08333', 'len_tra': 30.0, 'R_tra': 92.5, 'NX_0_CV': '0.53800', 'NX_0_CV_turn': '0.17933', 'NX_0_ctr': '2.14533', 'NX_0_len_tra': 30.0, 'NX_0_R_tra': 64.36, 'NX_10_CV': '0.19900', 'NX_10_CV_turn': '0.19900', 'NX_10_ctr': '2.20200', 'NX_10_len_tra': 10.0, 'NX_10_R_tra': 22.02}]
[I 240414 15:02:34 utils:142] Epoch: [103], Info: [{'num_test': 100, 'CV': '0.05300', 'CV_turn': '0.01767', 'ctr': '3.12033', 'len_tra': 30.0, 'R_tra': 93.61, 'NX_0_CV': '0.56500', 'NX_0_CV_turn': '0.18833', 'NX_0_ctr': '2.15500', 'NX_0_len_tra': 30.0, 'NX_0_R_tra': 64.65, 'NX_10_CV': '0.18900', 'NX_10_CV_turn': '0.18900', 'NX_10_ctr': '2.39200', 'NX_10_len_tra': 10.0, 'NX_10_R_tra': 23.92}]
[I 240414 15:02:45 utils:142] Epoch: [104], Info: [{'num_test': 100, 'CV': '0.04100', 'CV_turn': '0.01367', 'ctr': '3.19300', 'len_tra': 30.0, 'R_tra': 95.79, 'NX_0_CV': '0.53500', 'NX_0_CV_turn': '0.17833', 'NX_0_ctr': '2.14000', 'NX_0_len_tra': 30.0, 'NX_0_R_tra': 64.2, 'NX_10_CV': '0.17300', 'NX_10_CV_turn': '0.17300', 'NX_10_ctr': '2.46900', 'NX_10_len_tra': 10.0, 'NX_10_R_tra': 24.69}]
[I 240414 15:02:55 utils:142] Epoch: [105], Info: [{'num_test': 100, 'CV': '0.05400', 'CV_turn': '0.01800', 'ctr': '3.15733', 'len_tra': 30.0, 'R_tra': 94.72, 'NX_0_CV': '0.50400', 'NX_0_CV_turn': '0.16800', 'NX_0_ctr': '2.26733', 'NX_0_len_tra': 30.0, 'NX_0_R_tra': 68.02, 'NX_10_CV': '0.19300', 'NX_10_CV_turn': '0.19300', 'NX_10_ctr': '2.32900', 'NX_10_len_tra': 10.0, 'NX_10_R_tra': 23.29}]
[I 240414 15:03:06 utils:142] Epoch: [106], Info: [{'num_test': 100, 'CV': '0.07500', 'CV_turn': '0.02500', 'ctr': '3.04500', 'len_tra': 30.0, 'R_tra': 91.35, 'NX_0_CV': '0.54400', 'NX_0_CV_turn': '0.18133', 'NX_0_ctr': '2.09600', 'NX_0_len_tra': 30.0, 'NX_0_R_tra': 62.88, 'NX_10_CV': '0.18200', 'NX_10_CV_turn': '0.18200', 'NX_10_ctr': '2.34700', 'NX_10_len_tra': 10.0, 'NX_10_R_tra': 23.47}]
[I 240414 15:03:17 utils:142] Epoch: [107], Info: [{'num_test': 100, 'CV': '0.04600', 'CV_turn': '0.01533', 'ctr': '3.16033', 'len_tra': 30.0, 'R_tra': 94.81, 'NX_0_CV': '0.52900', 'NX_0_CV_turn': '0.17633', 'NX_0_ctr': '2.15833', 'NX_0_len_tra': 30.0, 'NX_0_R_tra': 64.75, 'NX_10_CV': '0.16300', 'NX_10_CV_turn': '0.16300', 'NX_10_ctr': '2.53700', 'NX_10_len_tra': 10.0, 'NX_10_R_tra': 25.37}]
[I 240414 15:03:28 utils:142] Epoch: [108], Info: [{'num_test': 100, 'CV': '0.04200', 'CV_turn': '0.01400', 'ctr': '2.97567', 'len_tra': 30.0, 'R_tra': 89.27, 'NX_0_CV': '0.51800', 'NX_0_CV_turn': '0.17267', 'NX_0_ctr': '2.30067', 'NX_0_len_tra': 30.0, 'NX_0_R_tra': 69.02, 'NX_10_CV': '0.19400', 'NX_10_CV_turn': '0.19400', 'NX_10_ctr': '2.29200', 'NX_10_len_tra': 10.0, 'NX_10_R_tra': 22.92}]
[I 240414 15:03:39 utils:142] Epoch: [109], Info: [{'num_test': 100, 'CV': '0.07300', 'CV_turn': '0.02433', 'ctr': '3.15600', 'len_tra': 30.0, 'R_tra': 94.68, 'NX_0_CV': '0.49600', 'NX_0_CV_turn': '0.16533', 'NX_0_ctr': '2.26267', 'NX_0_len_tra': 30.0, 'NX_0_R_tra': 67.88, 'NX_10_CV': '0.20300', 'NX_10_CV_turn': '0.20300', 'NX_10_ctr': '2.25900', 'NX_10_len_tra': 10.0, 'NX_10_R_tra': 22.59}]
[I 240414 15:03:50 utils:142] Epoch: [110], Info: [{'num_test': 100, 'CV': '0.07900', 'CV_turn': '0.02633', 'ctr': '2.93200', 'len_tra': 30.0, 'R_tra': 87.96, 'NX_0_CV': '0.54600', 'NX_0_CV_turn': '0.18200', 'NX_0_ctr': '2.11333', 'NX_0_len_tra': 30.0, 'NX_0_R_tra': 63.4, 'NX_10_CV': '0.20300', 'NX_10_CV_turn': '0.20300', 'NX_10_ctr': '2.23300', 'NX_10_len_tra': 10.0, 'NX_10_R_tra': 22.33}]
[I 240414 15:04:01 utils:142] Epoch: [111], Info: [{'num_test': 100, 'CV': '0.03400', 'CV_turn': '0.01133', 'ctr': '3.20000', 'len_tra': 30.0, 'R_tra': 96.0, 'NX_0_CV': '0.51300', 'NX_0_CV_turn': '0.17100', 'NX_0_ctr': '2.16667', 'NX_0_len_tra': 30.0, 'NX_0_R_tra': 65.0, 'NX_10_CV': '0.19200', 'NX_10_CV_turn': '0.19200', 'NX_10_ctr': '2.35900', 'NX_10_len_tra': 10.0, 'NX_10_R_tra': 23.59}]
[I 240414 15:04:12 utils:142] Epoch: [112], Info: [{'num_test': 100, 'CV': '0.05600', 'CV_turn': '0.01867', 'ctr': '3.10467', 'len_tra': 30.0, 'R_tra': 93.14, 'NX_0_CV': '0.54400', 'NX_0_CV_turn': '0.18133', 'NX_0_ctr': '2.15600', 'NX_0_len_tra': 30.0, 'NX_0_R_tra': 64.68, 'NX_10_CV': '0.18800', 'NX_10_CV_turn': '0.18800', 'NX_10_ctr': '2.33700', 'NX_10_len_tra': 10.0, 'NX_10_R_tra': 23.37}]
[I 240414 15:04:24 utils:142] Epoch: [113], Info: [{'num_test': 100, 'CV': '0.06000', 'CV_turn': '0.02000', 'ctr': '3.13467', 'len_tra': 30.0, 'R_tra': 94.04, 'NX_0_CV': '0.52700', 'NX_0_CV_turn': '0.17567', 'NX_0_ctr': '2.15333', 'NX_0_len_tra': 30.0, 'NX_0_R_tra': 64.6, 'NX_10_CV': '0.16400', 'NX_10_CV_turn': '0.16400', 'NX_10_ctr': '2.50100', 'NX_10_len_tra': 10.0, 'NX_10_R_tra': 25.01}]
[I 240414 15:04:35 utils:142] Epoch: [114], Info: [{'num_test': 100, 'CV': '0.04300', 'CV_turn': '0.01433', 'ctr': '3.08967', 'len_tra': 30.0, 'R_tra': 92.69, 'NX_0_CV': '0.51900', 'NX_0_CV_turn': '0.17300', 'NX_0_ctr': '2.15067', 'NX_0_len_tra': 30.0, 'NX_0_R_tra': 64.52, 'NX_10_CV': '0.17600', 'NX_10_CV_turn': '0.17600', 'NX_10_ctr': '2.34500', 'NX_10_len_tra': 10.0, 'NX_10_R_tra': 23.45}]
[I 240414 15:04:46 utils:142] Epoch: [115], Info: [{'num_test': 100, 'CV': '0.04400', 'CV_turn': '0.01467', 'ctr': '2.91567', 'len_tra': 30.0, 'R_tra': 87.47, 'NX_0_CV': '0.50900', 'NX_0_CV_turn': '0.16967', 'NX_0_ctr': '2.17633', 'NX_0_len_tra': 30.0, 'NX_0_R_tra': 65.29, 'NX_10_CV': '0.14500', 'NX_10_CV_turn': '0.14500', 'NX_10_ctr': '2.59200', 'NX_10_len_tra': 10.0, 'NX_10_R_tra': 25.92}]
[I 240414 15:04:58 utils:142] Epoch: [116], Info: [{'num_test': 100, 'CV': '0.04800', 'CV_turn': '0.01600', 'ctr': '3.13100', 'len_tra': 30.0, 'R_tra': 93.93, 'NX_0_CV': '0.51100', 'NX_0_CV_turn': '0.17033', 'NX_0_ctr': '2.18733', 'NX_0_len_tra': 30.0, 'NX_0_R_tra': 65.62, 'NX_10_CV': '0.15300', 'NX_10_CV_turn': '0.15300', 'NX_10_ctr': '2.47000', 'NX_10_len_tra': 10.0, 'NX_10_R_tra': 24.7}]
[I 240414 15:05:09 utils:142] Epoch: [117], Info: [{'num_test': 100, 'CV': '0.07200', 'CV_turn': '0.02400', 'ctr': '3.12900', 'len_tra': 30.0, 'R_tra': 93.87, 'NX_0_CV': '0.50500', 'NX_0_CV_turn': '0.16833', 'NX_0_ctr': '2.22933', 'NX_0_len_tra': 30.0, 'NX_0_R_tra': 66.88, 'NX_10_CV': '0.18800', 'NX_10_CV_turn': '0.18800', 'NX_10_ctr': '2.35200', 'NX_10_len_tra': 10.0, 'NX_10_R_tra': 23.52}]
[I 240414 15:05:21 utils:142] Epoch: [118], Info: [{'num_test': 100, 'CV': '0.03500', 'CV_turn': '0.01167', 'ctr': '2.99267', 'len_tra': 30.0, 'R_tra': 89.78, 'NX_0_CV': '0.55100', 'NX_0_CV_turn': '0.18367', 'NX_0_ctr': '2.10833', 'NX_0_len_tra': 30.0, 'NX_0_R_tra': 63.25, 'NX_10_CV': '0.19500', 'NX_10_CV_turn': '0.19500', 'NX_10_ctr': '2.37100', 'NX_10_len_tra': 10.0, 'NX_10_R_tra': 23.71}]
[I 240414 15:05:32 utils:142] Epoch: [119], Info: [{'num_test': 100, 'CV': '0.04900', 'CV_turn': '0.01633', 'ctr': '2.88433', 'len_tra': 30.0, 'R_tra': 86.53, 'NX_0_CV': '0.54400', 'NX_0_CV_turn': '0.18133', 'NX_0_ctr': '2.07467', 'NX_0_len_tra': 30.0, 'NX_0_R_tra': 62.24, 'NX_10_CV': '0.16900', 'NX_10_CV_turn': '0.16900', 'NX_10_ctr': '2.43400', 'NX_10_len_tra': 10.0, 'NX_10_R_tra': 24.34}]
[I 240414 15:05:44 utils:142] Epoch: [120], Info: [{'num_test': 100, 'CV': '0.03100', 'CV_turn': '0.01033', 'ctr': '3.25600', 'len_tra': 30.0, 'R_tra': 97.68, 'NX_0_CV': '0.51300', 'NX_0_CV_turn': '0.17100', 'NX_0_ctr': '2.22000', 'NX_0_len_tra': 30.0, 'NX_0_R_tra': 66.6, 'NX_10_CV': '0.16000', 'NX_10_CV_turn': '0.16000', 'NX_10_ctr': '2.53000', 'NX_10_len_tra': 10.0, 'NX_10_R_tra': 25.3}]
[I 240414 15:05:56 utils:142] Epoch: [121], Info: [{'num_test': 100, 'CV': '0.05500', 'CV_turn': '0.01833', 'ctr': '3.18333', 'len_tra': 30.0, 'R_tra': 95.5, 'NX_0_CV': '0.52700', 'NX_0_CV_turn': '0.17567', 'NX_0_ctr': '2.11700', 'NX_0_len_tra': 30.0, 'NX_0_R_tra': 63.51, 'NX_10_CV': '0.16500', 'NX_10_CV_turn': '0.16500', 'NX_10_ctr': '2.45900', 'NX_10_len_tra': 10.0, 'NX_10_R_tra': 24.59}]
[I 240414 15:06:08 utils:142] Epoch: [122], Info: [{'num_test': 100, 'CV': '0.06000', 'CV_turn': '0.02000', 'ctr': '3.21400', 'len_tra': 30.0, 'R_tra': 96.42, 'NX_0_CV': '0.48300', 'NX_0_CV_turn': '0.16100', 'NX_0_ctr': '2.24067', 'NX_0_len_tra': 30.0, 'NX_0_R_tra': 67.22, 'NX_10_CV': '0.18900', 'NX_10_CV_turn': '0.18900', 'NX_10_ctr': '2.40200', 'NX_10_len_tra': 10.0, 'NX_10_R_tra': 24.02}]
[I 240414 15:06:19 utils:142] Epoch: [123], Info: [{'num_test': 100, 'CV': '0.06600', 'CV_turn': '0.02200', 'ctr': '2.99467', 'len_tra': 30.0, 'R_tra': 89.84, 'NX_0_CV': '0.51100', 'NX_0_CV_turn': '0.17033', 'NX_0_ctr': '2.18633', 'NX_0_len_tra': 30.0, 'NX_0_R_tra': 65.59, 'NX_10_CV': '0.15900', 'NX_10_CV_turn': '0.15900', 'NX_10_ctr': '2.51400', 'NX_10_len_tra': 10.0, 'NX_10_R_tra': 25.14}]
[I 240414 15:06:32 utils:142] Epoch: [124], Info: [{'num_test': 100, 'CV': '0.04000', 'CV_turn': '0.01333', 'ctr': '3.09667', 'len_tra': 30.0, 'R_tra': 92.9, 'NX_0_CV': '0.53000', 'NX_0_CV_turn': '0.17667', 'NX_0_ctr': '2.13133', 'NX_0_len_tra': 30.0, 'NX_0_R_tra': 63.94, 'NX_10_CV': '0.15900', 'NX_10_CV_turn': '0.15900', 'NX_10_ctr': '2.39900', 'NX_10_len_tra': 10.0, 'NX_10_R_tra': 23.99}]
[I 240414 15:06:44 utils:142] Epoch: [125], Info: [{'num_test': 100, 'CV': '0.04500', 'CV_turn': '0.01500', 'ctr': '3.25000', 'len_tra': 30.0, 'R_tra': 97.5, 'NX_0_CV': '0.54300', 'NX_0_CV_turn': '0.18100', 'NX_0_ctr': '2.06767', 'NX_0_len_tra': 30.0, 'NX_0_R_tra': 62.03, 'NX_10_CV': '0.15000', 'NX_10_CV_turn': '0.15000', 'NX_10_ctr': '2.48000', 'NX_10_len_tra': 10.0, 'NX_10_R_tra': 24.8}]
[I 240414 15:06:56 utils:142] Epoch: [126], Info: [{'num_test': 100, 'CV': '0.06300', 'CV_turn': '0.02100', 'ctr': '2.97500', 'len_tra': 30.0, 'R_tra': 89.25, 'NX_0_CV': '0.50500', 'NX_0_CV_turn': '0.16833', 'NX_0_ctr': '2.19100', 'NX_0_len_tra': 30.0, 'NX_0_R_tra': 65.73, 'NX_10_CV': '0.17500', 'NX_10_CV_turn': '0.17500', 'NX_10_ctr': '2.44100', 'NX_10_len_tra': 10.0, 'NX_10_R_tra': 24.41}]
[I 240414 15:07:08 utils:142] Epoch: [127], Info: [{'num_test': 100, 'CV': '0.05600', 'CV_turn': '0.01867', 'ctr': '3.11467', 'len_tra': 30.0, 'R_tra': 93.44, 'NX_0_CV': '0.53400', 'NX_0_CV_turn': '0.17800', 'NX_0_ctr': '2.10367', 'NX_0_len_tra': 30.0, 'NX_0_R_tra': 63.11, 'NX_10_CV': '0.18100', 'NX_10_CV_turn': '0.18100', 'NX_10_ctr': '2.41700', 'NX_10_len_tra': 10.0, 'NX_10_R_tra': 24.17}]
[I 240414 15:07:20 utils:142] Epoch: [128], Info: [{'num_test': 100, 'CV': '0.05200', 'CV_turn': '0.01733', 'ctr': '2.93600', 'len_tra': 30.0, 'R_tra': 88.08, 'NX_0_CV': '0.51300', 'NX_0_CV_turn': '0.17100', 'NX_0_ctr': '2.14633', 'NX_0_len_tra': 30.0, 'NX_0_R_tra': 64.39, 'NX_10_CV': '0.16700', 'NX_10_CV_turn': '0.16700', 'NX_10_ctr': '2.53300', 'NX_10_len_tra': 10.0, 'NX_10_R_tra': 25.33}]
[I 240414 15:07:32 utils:142] Epoch: [129], Info: [{'num_test': 100, 'CV': '0.06400', 'CV_turn': '0.02133', 'ctr': '2.90200', 'len_tra': 30.0, 'R_tra': 87.06, 'NX_0_CV': '0.51300', 'NX_0_CV_turn': '0.17100', 'NX_0_ctr': '2.12233', 'NX_0_len_tra': 30.0, 'NX_0_R_tra': 63.67, 'NX_10_CV': '0.18300', 'NX_10_CV_turn': '0.18300', 'NX_10_ctr': '2.36800', 'NX_10_len_tra': 10.0, 'NX_10_R_tra': 23.68}]
[I 240414 15:07:45 utils:142] Epoch: [130], Info: [{'num_test': 100, 'CV': '0.05300', 'CV_turn': '0.01767', 'ctr': '3.11300', 'len_tra': 30.0, 'R_tra': 93.39, 'NX_0_CV': '0.48800', 'NX_0_CV_turn': '0.16267', 'NX_0_ctr': '2.23033', 'NX_0_len_tra': 30.0, 'NX_0_R_tra': 66.91, 'NX_10_CV': '0.18400', 'NX_10_CV_turn': '0.18400', 'NX_10_ctr': '2.37800', 'NX_10_len_tra': 10.0, 'NX_10_R_tra': 23.78}]
[I 240414 15:07:57 utils:142] Epoch: [131], Info: [{'num_test': 100, 'CV': '0.07400', 'CV_turn': '0.02467', 'ctr': '2.83967', 'len_tra': 30.0, 'R_tra': 85.19, 'NX_0_CV': '0.50100', 'NX_0_CV_turn': '0.16700', 'NX_0_ctr': '2.16967', 'NX_0_len_tra': 30.0, 'NX_0_R_tra': 65.09, 'NX_10_CV': '0.17700', 'NX_10_CV_turn': '0.17700', 'NX_10_ctr': '2.34800', 'NX_10_len_tra': 10.0, 'NX_10_R_tra': 23.48}]
[I 240414 15:08:09 utils:142] Epoch: [132], Info: [{'num_test': 100, 'CV': '0.04600', 'CV_turn': '0.01533', 'ctr': '3.13767', 'len_tra': 30.0, 'R_tra': 94.13, 'NX_0_CV': '0.50300', 'NX_0_CV_turn': '0.16767', 'NX_0_ctr': '2.20267', 'NX_0_len_tra': 30.0, 'NX_0_R_tra': 66.08, 'NX_10_CV': '0.18000', 'NX_10_CV_turn': '0.18000', 'NX_10_ctr': '2.30200', 'NX_10_len_tra': 10.0, 'NX_10_R_tra': 23.02}]
[I 240414 15:08:22 utils:142] Epoch: [133], Info: [{'num_test': 100, 'CV': '0.06600', 'CV_turn': '0.02200', 'ctr': '2.99167', 'len_tra': 30.0, 'R_tra': 89.75, 'NX_0_CV': '0.52700', 'NX_0_CV_turn': '0.17567', 'NX_0_ctr': '2.09700', 'NX_0_len_tra': 30.0, 'NX_0_R_tra': 62.91, 'NX_10_CV': '0.19000', 'NX_10_CV_turn': '0.19000', 'NX_10_ctr': '2.40700', 'NX_10_len_tra': 10.0, 'NX_10_R_tra': 24.07}]
[I 240414 15:08:34 utils:142] Epoch: [134], Info: [{'num_test': 100, 'CV': '0.06600', 'CV_turn': '0.02200', 'ctr': '3.15900', 'len_tra': 30.0, 'R_tra': 94.77, 'NX_0_CV': '0.49200', 'NX_0_CV_turn': '0.16400', 'NX_0_ctr': '2.21500', 'NX_0_len_tra': 30.0, 'NX_0_R_tra': 66.45, 'NX_10_CV': '0.19300', 'NX_10_CV_turn': '0.19300', 'NX_10_ctr': '2.25400', 'NX_10_len_tra': 10.0, 'NX_10_R_tra': 22.54}]
[I 240414 15:08:47 utils:142] Epoch: [135], Info: [{'num_test': 100, 'CV': '0.05700', 'CV_turn': '0.01900', 'ctr': '3.14733', 'len_tra': 30.0, 'R_tra': 94.42, 'NX_0_CV': '0.50200', 'NX_0_CV_turn': '0.16733', 'NX_0_ctr': '2.14933', 'NX_0_len_tra': 30.0, 'NX_0_R_tra': 64.48, 'NX_10_CV': '0.18500', 'NX_10_CV_turn': '0.18500', 'NX_10_ctr': '2.35500', 'NX_10_len_tra': 10.0, 'NX_10_R_tra': 23.55}]
[I 240414 15:08:59 utils:142] Epoch: [136], Info: [{'num_test': 100, 'CV': '0.08300', 'CV_turn': '0.02767', 'ctr': '3.09833', 'len_tra': 30.0, 'R_tra': 92.95, 'NX_0_CV': '0.52100', 'NX_0_CV_turn': '0.17367', 'NX_0_ctr': '2.09200', 'NX_0_len_tra': 30.0, 'NX_0_R_tra': 62.76, 'NX_10_CV': '0.17800', 'NX_10_CV_turn': '0.17800', 'NX_10_ctr': '2.46200', 'NX_10_len_tra': 10.0, 'NX_10_R_tra': 24.62}]
[I 240414 15:09:12 utils:142] Epoch: [137], Info: [{'num_test': 100, 'CV': '0.03700', 'CV_turn': '0.01233', 'ctr': '3.09733', 'len_tra': 30.0, 'R_tra': 92.92, 'NX_0_CV': '0.48900', 'NX_0_CV_turn': '0.16300', 'NX_0_ctr': '2.15533', 'NX_0_len_tra': 30.0, 'NX_0_R_tra': 64.66, 'NX_10_CV': '0.17900', 'NX_10_CV_turn': '0.17900', 'NX_10_ctr': '2.42300', 'NX_10_len_tra': 10.0, 'NX_10_R_tra': 24.23}]
[I 240414 15:09:25 utils:142] Epoch: [138], Info: [{'num_test': 100, 'CV': '0.05900', 'CV_turn': '0.01967', 'ctr': '2.83733', 'len_tra': 30.0, 'R_tra': 85.12, 'NX_0_CV': '0.52200', 'NX_0_CV_turn': '0.17400', 'NX_0_ctr': '2.07367', 'NX_0_len_tra': 30.0, 'NX_0_R_tra': 62.21, 'NX_10_CV': '0.19300', 'NX_10_CV_turn': '0.19300', 'NX_10_ctr': '2.39900', 'NX_10_len_tra': 10.0, 'NX_10_R_tra': 23.99}]
[I 240414 15:09:38 utils:142] Epoch: [139], Info: [{'num_test': 100, 'CV': '0.05100', 'CV_turn': '0.01700', 'ctr': '3.02533', 'len_tra': 30.0, 'R_tra': 90.76, 'NX_0_CV': '0.52100', 'NX_0_CV_turn': '0.17367', 'NX_0_ctr': '2.16233', 'NX_0_len_tra': 30.0, 'NX_0_R_tra': 64.87, 'NX_10_CV': '0.18700', 'NX_10_CV_turn': '0.18700', 'NX_10_ctr': '2.38500', 'NX_10_len_tra': 10.0, 'NX_10_R_tra': 23.85}]
[I 240414 15:09:51 utils:142] Epoch: [140], Info: [{'num_test': 100, 'CV': '0.05000', 'CV_turn': '0.01667', 'ctr': '3.15233', 'len_tra': 30.0, 'R_tra': 94.57, 'NX_0_CV': '0.52600', 'NX_0_CV_turn': '0.17533', 'NX_0_ctr': '2.04000', 'NX_0_len_tra': 30.0, 'NX_0_R_tra': 61.2, 'NX_10_CV': '0.18200', 'NX_10_CV_turn': '0.18200', 'NX_10_ctr': '2.42100', 'NX_10_len_tra': 10.0, 'NX_10_R_tra': 24.21}]
[I 240414 15:10:04 utils:142] Epoch: [141], Info: [{'num_test': 100, 'CV': '0.05100', 'CV_turn': '0.01700', 'ctr': '3.16067', 'len_tra': 30.0, 'R_tra': 94.82, 'NX_0_CV': '0.48300', 'NX_0_CV_turn': '0.16100', 'NX_0_ctr': '2.16733', 'NX_0_len_tra': 30.0, 'NX_0_R_tra': 65.02, 'NX_10_CV': '0.17900', 'NX_10_CV_turn': '0.17900', 'NX_10_ctr': '2.41200', 'NX_10_len_tra': 10.0, 'NX_10_R_tra': 24.12}]
[I 240414 15:10:17 utils:142] Epoch: [142], Info: [{'num_test': 100, 'CV': '0.04700', 'CV_turn': '0.01567', 'ctr': '2.97800', 'len_tra': 30.0, 'R_tra': 89.34, 'NX_0_CV': '0.49500', 'NX_0_CV_turn': '0.16500', 'NX_0_ctr': '2.17333', 'NX_0_len_tra': 30.0, 'NX_0_R_tra': 65.2, 'NX_10_CV': '0.17800', 'NX_10_CV_turn': '0.17800', 'NX_10_ctr': '2.35000', 'NX_10_len_tra': 10.0, 'NX_10_R_tra': 23.5}]
[I 240414 15:10:30 utils:142] Epoch: [143], Info: [{'num_test': 100, 'CV': '0.03700', 'CV_turn': '0.01233', 'ctr': '3.26100', 'len_tra': 30.0, 'R_tra': 97.83, 'NX_0_CV': '0.51400', 'NX_0_CV_turn': '0.17133', 'NX_0_ctr': '2.05400', 'NX_0_len_tra': 30.0, 'NX_0_R_tra': 61.62, 'NX_10_CV': '0.16600', 'NX_10_CV_turn': '0.16600', 'NX_10_ctr': '2.35500', 'NX_10_len_tra': 10.0, 'NX_10_R_tra': 23.55}]
[I 240414 15:10:43 utils:142] Epoch: [144], Info: [{'num_test': 100, 'CV': '0.06000', 'CV_turn': '0.02000', 'ctr': '2.98533', 'len_tra': 30.0, 'R_tra': 89.56, 'NX_0_CV': '0.49100', 'NX_0_CV_turn': '0.16367', 'NX_0_ctr': '2.17300', 'NX_0_len_tra': 30.0, 'NX_0_R_tra': 65.19, 'NX_10_CV': '0.15800', 'NX_10_CV_turn': '0.15800', 'NX_10_ctr': '2.34800', 'NX_10_len_tra': 10.0, 'NX_10_R_tra': 23.48}]
[I 240414 15:10:56 utils:142] Epoch: [145], Info: [{'num_test': 100, 'CV': '0.05900', 'CV_turn': '0.01967', 'ctr': '3.11433', 'len_tra': 30.0, 'R_tra': 93.43, 'NX_0_CV': '0.48600', 'NX_0_CV_turn': '0.16200', 'NX_0_ctr': '2.12200', 'NX_0_len_tra': 30.0, 'NX_0_R_tra': 63.66, 'NX_10_CV': '0.17400', 'NX_10_CV_turn': '0.17400', 'NX_10_ctr': '2.23000', 'NX_10_len_tra': 10.0, 'NX_10_R_tra': 22.3}]
[I 240414 15:11:09 utils:142] Epoch: [146], Info: [{'num_test': 100, 'CV': '0.06700', 'CV_turn': '0.02233', 'ctr': '2.85833', 'len_tra': 30.0, 'R_tra': 85.75, 'NX_0_CV': '0.50200', 'NX_0_CV_turn': '0.16733', 'NX_0_ctr': '2.14000', 'NX_0_len_tra': 30.0, 'NX_0_R_tra': 64.2, 'NX_10_CV': '0.14400', 'NX_10_CV_turn': '0.14400', 'NX_10_ctr': '2.41900', 'NX_10_len_tra': 10.0, 'NX_10_R_tra': 24.19}]
[I 240414 15:11:23 utils:142] Epoch: [147], Info: [{'num_test': 100, 'CV': '0.05500', 'CV_turn': '0.01833', 'ctr': '3.17667', 'len_tra': 30.0, 'R_tra': 95.3, 'NX_0_CV': '0.51800', 'NX_0_CV_turn': '0.17267', 'NX_0_ctr': '2.03167', 'NX_0_len_tra': 30.0, 'NX_0_R_tra': 60.95, 'NX_10_CV': '0.16800', 'NX_10_CV_turn': '0.16800', 'NX_10_ctr': '2.42000', 'NX_10_len_tra': 10.0, 'NX_10_R_tra': 24.2}]
[I 240414 15:11:36 utils:142] Epoch: [148], Info: [{'num_test': 100, 'CV': '0.06300', 'CV_turn': '0.02100', 'ctr': '2.99433', 'len_tra': 30.0, 'R_tra': 89.83, 'NX_0_CV': '0.49400', 'NX_0_CV_turn': '0.16467', 'NX_0_ctr': '2.16267', 'NX_0_len_tra': 30.0, 'NX_0_R_tra': 64.88, 'NX_10_CV': '0.14700', 'NX_10_CV_turn': '0.14700', 'NX_10_ctr': '2.45400', 'NX_10_len_tra': 10.0, 'NX_10_R_tra': 24.54}]
[I 240414 15:11:49 utils:142] Epoch: [149], Info: [{'num_test': 100, 'CV': '0.03500', 'CV_turn': '0.01167', 'ctr': '3.24867', 'len_tra': 30.0, 'R_tra': 97.46, 'NX_0_CV': '0.47900', 'NX_0_CV_turn': '0.15967', 'NX_0_ctr': '2.18967', 'NX_0_len_tra': 30.0, 'NX_0_R_tra': 65.69, 'NX_10_CV': '0.15000', 'NX_10_CV_turn': '0.15000', 'NX_10_ctr': '2.44100', 'NX_10_len_tra': 10.0, 'NX_10_R_tra': 24.41}]
[I 240414 15:12:03 utils:142] Epoch: [150], Info: [{'num_test': 100, 'CV': '0.04500', 'CV_turn': '0.01500', 'ctr': '3.07733', 'len_tra': 30.0, 'R_tra': 92.32, 'NX_0_CV': '0.50000', 'NX_0_CV_turn': '0.16667', 'NX_0_ctr': '2.13400', 'NX_0_len_tra': 30.0, 'NX_0_R_tra': 64.02, 'NX_10_CV': '0.18700', 'NX_10_CV_turn': '0.18700', 'NX_10_ctr': '2.25500', 'NX_10_len_tra': 10.0, 'NX_10_R_tra': 22.55}]
[I 240414 15:12:16 utils:142] Epoch: [151], Info: [{'num_test': 100, 'CV': '0.05400', 'CV_turn': '0.01800', 'ctr': '3.07500', 'len_tra': 30.0, 'R_tra': 92.25, 'NX_0_CV': '0.52000', 'NX_0_CV_turn': '0.17333', 'NX_0_ctr': '1.98333', 'NX_0_len_tra': 30.0, 'NX_0_R_tra': 59.5, 'NX_10_CV': '0.15600', 'NX_10_CV_turn': '0.15600', 'NX_10_ctr': '2.34800', 'NX_10_len_tra': 10.0, 'NX_10_R_tra': 23.48}]
[I 240414 15:12:30 utils:142] Epoch: [152], Info: [{'num_test': 100, 'CV': '0.05000', 'CV_turn': '0.01667', 'ctr': '2.96367', 'len_tra': 30.0, 'R_tra': 88.91, 'NX_0_CV': '0.48500', 'NX_0_CV_turn': '0.16167', 'NX_0_ctr': '2.06833', 'NX_0_len_tra': 30.0, 'NX_0_R_tra': 62.05, 'NX_10_CV': '0.15100', 'NX_10_CV_turn': '0.15100', 'NX_10_ctr': '2.38100', 'NX_10_len_tra': 10.0, 'NX_10_R_tra': 23.81}]
[I 240414 15:12:44 utils:142] Epoch: [153], Info: [{'num_test': 100, 'CV': '0.06200', 'CV_turn': '0.02067', 'ctr': '3.18367', 'len_tra': 30.0, 'R_tra': 95.51, 'NX_0_CV': '0.45700', 'NX_0_CV_turn': '0.15233', 'NX_0_ctr': '2.29600', 'NX_0_len_tra': 30.0, 'NX_0_R_tra': 68.88, 'NX_10_CV': '0.15900', 'NX_10_CV_turn': '0.15900', 'NX_10_ctr': '2.39000', 'NX_10_len_tra': 10.0, 'NX_10_R_tra': 23.9}]
[I 240414 15:12:57 utils:142] Epoch: [154], Info: [{'num_test': 100, 'CV': '0.06400', 'CV_turn': '0.02133', 'ctr': '3.17167', 'len_tra': 30.0, 'R_tra': 95.15, 'NX_0_CV': '0.48200', 'NX_0_CV_turn': '0.16067', 'NX_0_ctr': '2.07967', 'NX_0_len_tra': 30.0, 'NX_0_R_tra': 62.39, 'NX_10_CV': '0.16700', 'NX_10_CV_turn': '0.16700', 'NX_10_ctr': '2.34800', 'NX_10_len_tra': 10.0, 'NX_10_R_tra': 23.48}]
[I 240414 15:13:11 utils:142] Epoch: [155], Info: [{'num_test': 100, 'CV': '0.03500', 'CV_turn': '0.01167', 'ctr': '3.24267', 'len_tra': 30.0, 'R_tra': 97.28, 'NX_0_CV': '0.51600', 'NX_0_CV_turn': '0.17200', 'NX_0_ctr': '2.08067', 'NX_0_len_tra': 30.0, 'NX_0_R_tra': 62.42, 'NX_10_CV': '0.17300', 'NX_10_CV_turn': '0.17300', 'NX_10_ctr': '2.28300', 'NX_10_len_tra': 10.0, 'NX_10_R_tra': 22.83}]
[I 240414 15:13:25 utils:142] Epoch: [156], Info: [{'num_test': 100, 'CV': '0.03700', 'CV_turn': '0.01233', 'ctr': '3.32033', 'len_tra': 30.0, 'R_tra': 99.61, 'NX_0_CV': '0.48800', 'NX_0_CV_turn': '0.16267', 'NX_0_ctr': '2.19300', 'NX_0_len_tra': 30.0, 'NX_0_R_tra': 65.79, 'NX_10_CV': '0.15100', 'NX_10_CV_turn': '0.15100', 'NX_10_ctr': '2.40200', 'NX_10_len_tra': 10.0, 'NX_10_R_tra': 24.02}]
[I 240414 15:13:39 utils:142] Epoch: [157], Info: [{'num_test': 100, 'CV': '0.05300', 'CV_turn': '0.01767', 'ctr': '2.79200', 'len_tra': 30.0, 'R_tra': 83.76, 'NX_0_CV': '0.49200', 'NX_0_CV_turn': '0.16400', 'NX_0_ctr': '2.08100', 'NX_0_len_tra': 30.0, 'NX_0_R_tra': 62.43, 'NX_10_CV': '0.13300', 'NX_10_CV_turn': '0.13300', 'NX_10_ctr': '2.45000', 'NX_10_len_tra': 10.0, 'NX_10_R_tra': 24.5}]
[I 240414 15:13:53 utils:142] Epoch: [158], Info: [{'num_test': 100, 'CV': '0.03600', 'CV_turn': '0.01200', 'ctr': '3.31867', 'len_tra': 30.0, 'R_tra': 99.56, 'NX_0_CV': '0.49600', 'NX_0_CV_turn': '0.16533', 'NX_0_ctr': '2.09867', 'NX_0_len_tra': 30.0, 'NX_0_R_tra': 62.96, 'NX_10_CV': '0.14900', 'NX_10_CV_turn': '0.14900', 'NX_10_ctr': '2.45000', 'NX_10_len_tra': 10.0, 'NX_10_R_tra': 24.5}]
[I 240414 15:14:07 utils:142] Epoch: [159], Info: [{'num_test': 100, 'CV': '0.04100', 'CV_turn': '0.01367', 'ctr': '3.19033', 'len_tra': 30.0, 'R_tra': 95.71, 'NX_0_CV': '0.50800', 'NX_0_CV_turn': '0.16933', 'NX_0_ctr': '2.09200', 'NX_0_len_tra': 30.0, 'NX_0_R_tra': 62.76, 'NX_10_CV': '0.14400', 'NX_10_CV_turn': '0.14400', 'NX_10_ctr': '2.42400', 'NX_10_len_tra': 10.0, 'NX_10_R_tra': 24.24}]
[I 240414 15:14:21 utils:142] Epoch: [160], Info: [{'num_test': 100, 'CV': '0.04900', 'CV_turn': '0.01633', 'ctr': '2.99633', 'len_tra': 30.0, 'R_tra': 89.89, 'NX_0_CV': '0.47000', 'NX_0_CV_turn': '0.15667', 'NX_0_ctr': '2.20300', 'NX_0_len_tra': 30.0, 'NX_0_R_tra': 66.09, 'NX_10_CV': '0.15300', 'NX_10_CV_turn': '0.15300', 'NX_10_ctr': '2.47900', 'NX_10_len_tra': 10.0, 'NX_10_R_tra': 24.79}]
[I 240414 15:14:35 utils:142] Epoch: [161], Info: [{'num_test': 100, 'CV': '0.05000', 'CV_turn': '0.01667', 'ctr': '2.86733', 'len_tra': 30.0, 'R_tra': 86.02, 'NX_0_CV': '0.48500', 'NX_0_CV_turn': '0.16167', 'NX_0_ctr': '2.11533', 'NX_0_len_tra': 30.0, 'NX_0_R_tra': 63.46, 'NX_10_CV': '0.15600', 'NX_10_CV_turn': '0.15600', 'NX_10_ctr': '2.37100', 'NX_10_len_tra': 10.0, 'NX_10_R_tra': 23.71}]
[I 240414 15:14:49 utils:142] Epoch: [162], Info: [{'num_test': 100, 'CV': '0.02800', 'CV_turn': '0.00933', 'ctr': '3.12033', 'len_tra': 30.0, 'R_tra': 93.61, 'NX_0_CV': '0.49900', 'NX_0_CV_turn': '0.16633', 'NX_0_ctr': '2.00967', 'NX_0_len_tra': 30.0, 'NX_0_R_tra': 60.29, 'NX_10_CV': '0.14400', 'NX_10_CV_turn': '0.14400', 'NX_10_ctr': '2.43200', 'NX_10_len_tra': 10.0, 'NX_10_R_tra': 24.32}]
[I 240414 15:15:04 utils:142] Epoch: [163], Info: [{'num_test': 100, 'CV': '0.05500', 'CV_turn': '0.01833', 'ctr': '2.95600', 'len_tra': 30.0, 'R_tra': 88.68, 'NX_0_CV': '0.49000', 'NX_0_CV_turn': '0.16333', 'NX_0_ctr': '2.08800', 'NX_0_len_tra': 30.0, 'NX_0_R_tra': 62.64, 'NX_10_CV': '0.15900', 'NX_10_CV_turn': '0.15900', 'NX_10_ctr': '2.44200', 'NX_10_len_tra': 10.0, 'NX_10_R_tra': 24.42}]
[I 240414 15:15:18 utils:142] Epoch: [164], Info: [{'num_test': 100, 'CV': '0.03900', 'CV_turn': '0.01300', 'ctr': '3.10367', 'len_tra': 30.0, 'R_tra': 93.11, 'NX_0_CV': '0.46600', 'NX_0_CV_turn': '0.15533', 'NX_0_ctr': '2.12267', 'NX_0_len_tra': 30.0, 'NX_0_R_tra': 63.68, 'NX_10_CV': '0.16300', 'NX_10_CV_turn': '0.16300', 'NX_10_ctr': '2.42500', 'NX_10_len_tra': 10.0, 'NX_10_R_tra': 24.25}]
[I 240414 15:15:32 utils:142] Epoch: [165], Info: [{'num_test': 100, 'CV': '0.05800', 'CV_turn': '0.01933', 'ctr': '2.73867', 'len_tra': 30.0, 'R_tra': 82.16, 'NX_0_CV': '0.50600', 'NX_0_CV_turn': '0.16867', 'NX_0_ctr': '2.00900', 'NX_0_len_tra': 30.0, 'NX_0_R_tra': 60.27, 'NX_10_CV': '0.15200', 'NX_10_CV_turn': '0.15200', 'NX_10_ctr': '2.43500', 'NX_10_len_tra': 10.0, 'NX_10_R_tra': 24.35}]
[I 240414 15:15:47 utils:142] Epoch: [166], Info: [{'num_test': 100, 'CV': '0.05900', 'CV_turn': '0.01967', 'ctr': '2.98433', 'len_tra': 30.0, 'R_tra': 89.53, 'NX_0_CV': '0.47900', 'NX_0_CV_turn': '0.15967', 'NX_0_ctr': '2.08867', 'NX_0_len_tra': 30.0, 'NX_0_R_tra': 62.66, 'NX_10_CV': '0.14000', 'NX_10_CV_turn': '0.14000', 'NX_10_ctr': '2.45400', 'NX_10_len_tra': 10.0, 'NX_10_R_tra': 24.54}]
[I 240414 15:16:01 utils:142] Epoch: [167], Info: [{'num_test': 100, 'CV': '0.05400', 'CV_turn': '0.01800', 'ctr': '2.90000', 'len_tra': 30.0, 'R_tra': 87.0, 'NX_0_CV': '0.45100', 'NX_0_CV_turn': '0.15033', 'NX_0_ctr': '2.16000', 'NX_0_len_tra': 30.0, 'NX_0_R_tra': 64.8, 'NX_10_CV': '0.13700', 'NX_10_CV_turn': '0.13700', 'NX_10_ctr': '2.41500', 'NX_10_len_tra': 10.0, 'NX_10_R_tra': 24.15}]
[I 240414 15:16:16 utils:142] Epoch: [168], Info: [{'num_test': 100, 'CV': '0.06200', 'CV_turn': '0.02067', 'ctr': '2.78967', 'len_tra': 30.0, 'R_tra': 83.69, 'NX_0_CV': '0.45600', 'NX_0_CV_turn': '0.15200', 'NX_0_ctr': '2.06767', 'NX_0_len_tra': 30.0, 'NX_0_R_tra': 62.03, 'NX_10_CV': '0.13000', 'NX_10_CV_turn': '0.13000', 'NX_10_ctr': '2.35100', 'NX_10_len_tra': 10.0, 'NX_10_R_tra': 23.51}]
[I 240414 15:16:30 utils:142] Epoch: [169], Info: [{'num_test': 100, 'CV': '0.08800', 'CV_turn': '0.02933', 'ctr': '2.74267', 'len_tra': 30.0, 'R_tra': 82.28, 'NX_0_CV': '0.52100', 'NX_0_CV_turn': '0.17367', 'NX_0_ctr': '2.10567', 'NX_0_len_tra': 30.0, 'NX_0_R_tra': 63.17, 'NX_10_CV': '0.14900', 'NX_10_CV_turn': '0.14900', 'NX_10_ctr': '2.24600', 'NX_10_len_tra': 10.0, 'NX_10_R_tra': 22.46}]
[I 240414 15:16:45 utils:142] Epoch: [170], Info: [{'num_test': 100, 'CV': '0.07800', 'CV_turn': '0.02600', 'ctr': '2.82867', 'len_tra': 30.0, 'R_tra': 84.86, 'NX_0_CV': '0.49600', 'NX_0_CV_turn': '0.16533', 'NX_0_ctr': '2.09233', 'NX_0_len_tra': 30.0, 'NX_0_R_tra': 62.77, 'NX_10_CV': '0.14700', 'NX_10_CV_turn': '0.14700', 'NX_10_ctr': '2.38000', 'NX_10_len_tra': 10.0, 'NX_10_R_tra': 23.8}]
[I 240414 15:17:00 utils:142] Epoch: [171], Info: [{'num_test': 100, 'CV': '0.06900', 'CV_turn': '0.02300', 'ctr': '2.93800', 'len_tra': 30.0, 'R_tra': 88.14, 'NX_0_CV': '0.48800', 'NX_0_CV_turn': '0.16267', 'NX_0_ctr': '2.09933', 'NX_0_len_tra': 30.0, 'NX_0_R_tra': 62.98, 'NX_10_CV': '0.14100', 'NX_10_CV_turn': '0.14100', 'NX_10_ctr': '2.38300', 'NX_10_len_tra': 10.0, 'NX_10_R_tra': 23.83}]
[I 240414 15:17:15 utils:142] Epoch: [172], Info: [{'num_test': 100, 'CV': '0.08000', 'CV_turn': '0.02667', 'ctr': '2.79867', 'len_tra': 30.0, 'R_tra': 83.96, 'NX_0_CV': '0.48900', 'NX_0_CV_turn': '0.16300', 'NX_0_ctr': '2.08100', 'NX_0_len_tra': 30.0, 'NX_0_R_tra': 62.43, 'NX_10_CV': '0.13800', 'NX_10_CV_turn': '0.13800', 'NX_10_ctr': '2.40100', 'NX_10_len_tra': 10.0, 'NX_10_R_tra': 24.01}]
[I 240414 15:17:30 utils:142] Epoch: [173], Info: [{'num_test': 100, 'CV': '0.08700', 'CV_turn': '0.02900', 'ctr': '3.01500', 'len_tra': 30.0, 'R_tra': 90.45, 'NX_0_CV': '0.50200', 'NX_0_CV_turn': '0.16733', 'NX_0_ctr': '2.04400', 'NX_0_len_tra': 30.0, 'NX_0_R_tra': 61.32, 'NX_10_CV': '0.14600', 'NX_10_CV_turn': '0.14600', 'NX_10_ctr': '2.35600', 'NX_10_len_tra': 10.0, 'NX_10_R_tra': 23.56}]
[I 240414 15:17:44 utils:142] Epoch: [174], Info: [{'num_test': 100, 'CV': '0.08800', 'CV_turn': '0.02933', 'ctr': '2.85067', 'len_tra': 30.0, 'R_tra': 85.52, 'NX_0_CV': '0.51200', 'NX_0_CV_turn': '0.17067', 'NX_0_ctr': '2.01933', 'NX_0_len_tra': 30.0, 'NX_0_R_tra': 60.58, 'NX_10_CV': '0.15000', 'NX_10_CV_turn': '0.15000', 'NX_10_ctr': '2.31400', 'NX_10_len_tra': 10.0, 'NX_10_R_tra': 23.14}]
[I 240414 15:18:00 utils:142] Epoch: [175], Info: [{'num_test': 100, 'CV': '0.05800', 'CV_turn': '0.01933', 'ctr': '2.88733', 'len_tra': 30.0, 'R_tra': 86.62, 'NX_0_CV': '0.48300', 'NX_0_CV_turn': '0.16100', 'NX_0_ctr': '2.12833', 'NX_0_len_tra': 30.0, 'NX_0_R_tra': 63.85, 'NX_10_CV': '0.15200', 'NX_10_CV_turn': '0.15200', 'NX_10_ctr': '2.40100', 'NX_10_len_tra': 10.0, 'NX_10_R_tra': 24.01}]
[I 240414 15:18:15 utils:142] Epoch: [176], Info: [{'num_test': 100, 'CV': '0.08400', 'CV_turn': '0.02800', 'ctr': '2.88800', 'len_tra': 30.0, 'R_tra': 86.64, 'NX_0_CV': '0.50100', 'NX_0_CV_turn': '0.16700', 'NX_0_ctr': '2.08200', 'NX_0_len_tra': 30.0, 'NX_0_R_tra': 62.46, 'NX_10_CV': '0.13700', 'NX_10_CV_turn': '0.13700', 'NX_10_ctr': '2.40700', 'NX_10_len_tra': 10.0, 'NX_10_R_tra': 24.07}]
[I 240414 15:18:30 utils:142] Epoch: [177], Info: [{'num_test': 100, 'CV': '0.07900', 'CV_turn': '0.02633', 'ctr': '3.01767', 'len_tra': 30.0, 'R_tra': 90.53, 'NX_0_CV': '0.47800', 'NX_0_CV_turn': '0.15933', 'NX_0_ctr': '2.15900', 'NX_0_len_tra': 30.0, 'NX_0_R_tra': 64.77, 'NX_10_CV': '0.13700', 'NX_10_CV_turn': '0.13700', 'NX_10_ctr': '2.39600', 'NX_10_len_tra': 10.0, 'NX_10_R_tra': 23.96}]
[I 240414 15:18:45 utils:142] Epoch: [178], Info: [{'num_test': 100, 'CV': '0.05700', 'CV_turn': '0.01900', 'ctr': '2.93367', 'len_tra': 30.0, 'R_tra': 88.01, 'NX_0_CV': '0.49000', 'NX_0_CV_turn': '0.16333', 'NX_0_ctr': '2.11767', 'NX_0_len_tra': 30.0, 'NX_0_R_tra': 63.53, 'NX_10_CV': '0.14500', 'NX_10_CV_turn': '0.14500', 'NX_10_ctr': '2.31900', 'NX_10_len_tra': 10.0, 'NX_10_R_tra': 23.19}]
[I 240414 15:19:00 utils:142] Epoch: [179], Info: [{'num_test': 100, 'CV': '0.07000', 'CV_turn': '0.02333', 'ctr': '2.77633', 'len_tra': 30.0, 'R_tra': 83.29, 'NX_0_CV': '0.49100', 'NX_0_CV_turn': '0.16367', 'NX_0_ctr': '2.14333', 'NX_0_len_tra': 30.0, 'NX_0_R_tra': 64.3, 'NX_10_CV': '0.13900', 'NX_10_CV_turn': '0.13900', 'NX_10_ctr': '2.32500', 'NX_10_len_tra': 10.0, 'NX_10_R_tra': 23.25}]
[I 240414 15:19:15 utils:142] Epoch: [180], Info: [{'num_test': 100, 'CV': '0.07300', 'CV_turn': '0.02433', 'ctr': '2.83333', 'len_tra': 30.0, 'R_tra': 85.0, 'NX_0_CV': '0.47000', 'NX_0_CV_turn': '0.15667', 'NX_0_ctr': '2.20267', 'NX_0_len_tra': 30.0, 'NX_0_R_tra': 66.08, 'NX_10_CV': '0.13600', 'NX_10_CV_turn': '0.13600', 'NX_10_ctr': '2.43800', 'NX_10_len_tra': 10.0, 'NX_10_R_tra': 24.38}]
[I 240414 15:19:31 utils:142] Epoch: [181], Info: [{'num_test': 100, 'CV': '0.05300', 'CV_turn': '0.01767', 'ctr': '2.98600', 'len_tra': 30.0, 'R_tra': 89.58, 'NX_0_CV': '0.45200', 'NX_0_CV_turn': '0.15067', 'NX_0_ctr': '2.13500', 'NX_0_len_tra': 30.0, 'NX_0_R_tra': 64.05, 'NX_10_CV': '0.13500', 'NX_10_CV_turn': '0.13500', 'NX_10_ctr': '2.35300', 'NX_10_len_tra': 10.0, 'NX_10_R_tra': 23.53}]
[I 240414 15:19:46 utils:142] Epoch: [182], Info: [{'num_test': 100, 'CV': '0.07400', 'CV_turn': '0.02467', 'ctr': '2.86033', 'len_tra': 30.0, 'R_tra': 85.81, 'NX_0_CV': '0.44800', 'NX_0_CV_turn': '0.14933', 'NX_0_ctr': '2.17300', 'NX_0_len_tra': 30.0, 'NX_0_R_tra': 65.19, 'NX_10_CV': '0.14000', 'NX_10_CV_turn': '0.14000', 'NX_10_ctr': '2.33800', 'NX_10_len_tra': 10.0, 'NX_10_R_tra': 23.38}]
[I 240414 15:20:02 utils:142] Epoch: [183], Info: [{'num_test': 100, 'CV': '0.08900', 'CV_turn': '0.02967', 'ctr': '2.87867', 'len_tra': 30.0, 'R_tra': 86.36, 'NX_0_CV': '0.45900', 'NX_0_CV_turn': '0.15300', 'NX_0_ctr': '2.12533', 'NX_0_len_tra': 30.0, 'NX_0_R_tra': 63.76, 'NX_10_CV': '0.11900', 'NX_10_CV_turn': '0.11900', 'NX_10_ctr': '2.47900', 'NX_10_len_tra': 10.0, 'NX_10_R_tra': 24.79}]
[I 240414 15:20:17 utils:142] Epoch: [184], Info: [{'num_test': 100, 'CV': '0.09200', 'CV_turn': '0.03067', 'ctr': '2.83400', 'len_tra': 30.0, 'R_tra': 85.02, 'NX_0_CV': '0.44500', 'NX_0_CV_turn': '0.14833', 'NX_0_ctr': '2.25633', 'NX_0_len_tra': 30.0, 'NX_0_R_tra': 67.69, 'NX_10_CV': '0.16400', 'NX_10_CV_turn': '0.16400', 'NX_10_ctr': '2.35000', 'NX_10_len_tra': 10.0, 'NX_10_R_tra': 23.5}]
[I 240414 15:20:33 utils:142] Epoch: [185], Info: [{'num_test': 100, 'CV': '0.09500', 'CV_turn': '0.03167', 'ctr': '2.81067', 'len_tra': 30.0, 'R_tra': 84.32, 'NX_0_CV': '0.46000', 'NX_0_CV_turn': '0.15333', 'NX_0_ctr': '2.07400', 'NX_0_len_tra': 30.0, 'NX_0_R_tra': 62.22, 'NX_10_CV': '0.12500', 'NX_10_CV_turn': '0.12500', 'NX_10_ctr': '2.49800', 'NX_10_len_tra': 10.0, 'NX_10_R_tra': 24.98}]
[I 240414 15:20:48 utils:142] Epoch: [186], Info: [{'num_test': 100, 'CV': '0.06000', 'CV_turn': '0.02000', 'ctr': '2.81700', 'len_tra': 30.0, 'R_tra': 84.51, 'NX_0_CV': '0.44800', 'NX_0_CV_turn': '0.14933', 'NX_0_ctr': '2.07067', 'NX_0_len_tra': 30.0, 'NX_0_R_tra': 62.12, 'NX_10_CV': '0.12200', 'NX_10_CV_turn': '0.12200', 'NX_10_ctr': '2.52500', 'NX_10_len_tra': 10.0, 'NX_10_R_tra': 25.25}]
[I 240414 15:21:04 utils:142] Epoch: [187], Info: [{'num_test': 100, 'CV': '0.06700', 'CV_turn': '0.02233', 'ctr': '3.02600', 'len_tra': 30.0, 'R_tra': 90.78, 'NX_0_CV': '0.41600', 'NX_0_CV_turn': '0.13867', 'NX_0_ctr': '2.14233', 'NX_0_len_tra': 30.0, 'NX_0_R_tra': 64.27, 'NX_10_CV': '0.14100', 'NX_10_CV_turn': '0.14100', 'NX_10_ctr': '2.43400', 'NX_10_len_tra': 10.0, 'NX_10_R_tra': 24.34}]
[I 240414 15:21:20 utils:142] Epoch: [188], Info: [{'num_test': 100, 'CV': '0.08100', 'CV_turn': '0.02700', 'ctr': '3.07000', 'len_tra': 30.0, 'R_tra': 92.1, 'NX_0_CV': '0.45800', 'NX_0_CV_turn': '0.15267', 'NX_0_ctr': '2.03633', 'NX_0_len_tra': 30.0, 'NX_0_R_tra': 61.09, 'NX_10_CV': '0.12600', 'NX_10_CV_turn': '0.12600', 'NX_10_ctr': '2.46900', 'NX_10_len_tra': 10.0, 'NX_10_R_tra': 24.69}]
[I 240414 15:21:36 utils:142] Epoch: [189], Info: [{'num_test': 100, 'CV': '0.06200', 'CV_turn': '0.02067', 'ctr': '2.96767', 'len_tra': 30.0, 'R_tra': 89.03, 'NX_0_CV': '0.42200', 'NX_0_CV_turn': '0.14067', 'NX_0_ctr': '2.09667', 'NX_0_len_tra': 30.0, 'NX_0_R_tra': 62.9, 'NX_10_CV': '0.13200', 'NX_10_CV_turn': '0.13200', 'NX_10_ctr': '2.51000', 'NX_10_len_tra': 10.0, 'NX_10_R_tra': 25.1}]
[I 240414 15:21:52 utils:142] Epoch: [190], Info: [{'num_test': 100, 'CV': '0.06800', 'CV_turn': '0.02267', 'ctr': '2.89633', 'len_tra': 30.0, 'R_tra': 86.89, 'NX_0_CV': '0.45800', 'NX_0_CV_turn': '0.15267', 'NX_0_ctr': '2.11167', 'NX_0_len_tra': 30.0, 'NX_0_R_tra': 63.35, 'NX_10_CV': '0.13500', 'NX_10_CV_turn': '0.13500', 'NX_10_ctr': '2.37800', 'NX_10_len_tra': 10.0, 'NX_10_R_tra': 23.78}]
[I 240414 15:22:08 utils:142] Epoch: [191], Info: [{'num_test': 100, 'CV': '0.08500', 'CV_turn': '0.02833', 'ctr': '2.85333', 'len_tra': 30.0, 'R_tra': 85.6, 'NX_0_CV': '0.43100', 'NX_0_CV_turn': '0.14367', 'NX_0_ctr': '2.15433', 'NX_0_len_tra': 30.0, 'NX_0_R_tra': 64.63, 'NX_10_CV': '0.13000', 'NX_10_CV_turn': '0.13000', 'NX_10_ctr': '2.32000', 'NX_10_len_tra': 10.0, 'NX_10_R_tra': 23.2}]
[I 240414 15:22:24 utils:142] Epoch: [192], Info: [{'num_test': 100, 'CV': '0.05300', 'CV_turn': '0.01767', 'ctr': '2.92967', 'len_tra': 30.0, 'R_tra': 87.89, 'NX_0_CV': '0.44100', 'NX_0_CV_turn': '0.14700', 'NX_0_ctr': '2.13667', 'NX_0_len_tra': 30.0, 'NX_0_R_tra': 64.1, 'NX_10_CV': '0.12300', 'NX_10_CV_turn': '0.12300', 'NX_10_ctr': '2.35100', 'NX_10_len_tra': 10.0, 'NX_10_R_tra': 23.51}]
[I 240414 15:22:40 utils:142] Epoch: [193], Info: [{'num_test': 100, 'CV': '0.07800', 'CV_turn': '0.02600', 'ctr': '2.72400', 'len_tra': 30.0, 'R_tra': 81.72, 'NX_0_CV': '0.40900', 'NX_0_CV_turn': '0.13633', 'NX_0_ctr': '2.15667', 'NX_0_len_tra': 30.0, 'NX_0_R_tra': 64.7, 'NX_10_CV': '0.12200', 'NX_10_CV_turn': '0.12200', 'NX_10_ctr': '2.32700', 'NX_10_len_tra': 10.0, 'NX_10_R_tra': 23.27}]
[I 240414 15:22:56 utils:142] Epoch: [194], Info: [{'num_test': 100, 'CV': '0.05800', 'CV_turn': '0.01933', 'ctr': '2.79433', 'len_tra': 30.0, 'R_tra': 83.83, 'NX_0_CV': '0.43100', 'NX_0_CV_turn': '0.14367', 'NX_0_ctr': '2.16767', 'NX_0_len_tra': 30.0, 'NX_0_R_tra': 65.03, 'NX_10_CV': '0.13200', 'NX_10_CV_turn': '0.13200', 'NX_10_ctr': '2.36800', 'NX_10_len_tra': 10.0, 'NX_10_R_tra': 23.68}]
[I 240414 15:23:12 utils:142] Epoch: [195], Info: [{'num_test': 100, 'CV': '0.06600', 'CV_turn': '0.02200', 'ctr': '2.84700', 'len_tra': 30.0, 'R_tra': 85.41, 'NX_0_CV': '0.42300', 'NX_0_CV_turn': '0.14100', 'NX_0_ctr': '2.01100', 'NX_0_len_tra': 30.0, 'NX_0_R_tra': 60.33, 'NX_10_CV': '0.12900', 'NX_10_CV_turn': '0.12900', 'NX_10_ctr': '2.25300', 'NX_10_len_tra': 10.0, 'NX_10_R_tra': 22.53}]
[I 240414 15:23:29 utils:142] Epoch: [196], Info: [{'num_test': 100, 'CV': '0.07200', 'CV_turn': '0.02400', 'ctr': '2.64567', 'len_tra': 30.0, 'R_tra': 79.37, 'NX_0_CV': '0.44600', 'NX_0_CV_turn': '0.14867', 'NX_0_ctr': '2.10000', 'NX_0_len_tra': 30.0, 'NX_0_R_tra': 63.0, 'NX_10_CV': '0.13200', 'NX_10_CV_turn': '0.13200', 'NX_10_ctr': '2.41300', 'NX_10_len_tra': 10.0, 'NX_10_R_tra': 24.13}]
[I 240414 15:23:45 utils:142] Epoch: [197], Info: [{'num_test': 100, 'CV': '0.06400', 'CV_turn': '0.02133', 'ctr': '2.70433', 'len_tra': 30.0, 'R_tra': 81.13, 'NX_0_CV': '0.42200', 'NX_0_CV_turn': '0.14067', 'NX_0_ctr': '2.16367', 'NX_0_len_tra': 30.0, 'NX_0_R_tra': 64.91, 'NX_10_CV': '0.10400', 'NX_10_CV_turn': '0.10400', 'NX_10_ctr': '2.45100', 'NX_10_len_tra': 10.0, 'NX_10_R_tra': 24.51}]
[I 240414 15:24:01 utils:142] Epoch: [198], Info: [{'num_test': 100, 'CV': '0.08300', 'CV_turn': '0.02767', 'ctr': '2.84100', 'len_tra': 30.0, 'R_tra': 85.23, 'NX_0_CV': '0.45900', 'NX_0_CV_turn': '0.15300', 'NX_0_ctr': '2.11533', 'NX_0_len_tra': 30.0, 'NX_0_R_tra': 63.46, 'NX_10_CV': '0.13600', 'NX_10_CV_turn': '0.13600', 'NX_10_ctr': '2.46100', 'NX_10_len_tra': 10.0, 'NX_10_R_tra': 24.61}]
[I 240414 15:24:18 utils:142] Epoch: [199], Info: [{'num_test': 100, 'CV': '0.05900', 'CV_turn': '0.01967', 'ctr': '2.96433', 'len_tra': 30.0, 'R_tra': 88.93, 'NX_0_CV': '0.43200', 'NX_0_CV_turn': '0.14400', 'NX_0_ctr': '2.15000', 'NX_0_len_tra': 30.0, 'NX_0_R_tra': 64.5, 'NX_10_CV': '0.12900', 'NX_10_CV_turn': '0.12900', 'NX_10_ctr': '2.48400', 'NX_10_len_tra': 10.0, 'NX_10_R_tra': 24.84}]
[I 240414 15:24:34 utils:142] Epoch: [200], Info: [{'num_test': 100, 'CV': '0.03600', 'CV_turn': '0.01200', 'ctr': '3.13033', 'len_tra': 30.0, 'R_tra': 93.91, 'NX_0_CV': '0.47300', 'NX_0_CV_turn': '0.15767', 'NX_0_ctr': '2.04633', 'NX_0_len_tra': 30.0, 'NX_0_R_tra': 61.39, 'NX_10_CV': '0.12700', 'NX_10_CV_turn': '0.12700', 'NX_10_ctr': '2.33900', 'NX_10_len_tra': 10.0, 'NX_10_R_tra': 23.39}]
[I 240414 15:24:34 run_Policy_Main:452] {'duration': '2118.21s', 'train_time/model': '2118.03s', 'test_step': 3000, 'test_episode': 100, 'test_time': '0.08s', 'test_speed': '37337.91 step/s', 'best_reward': 99.61, 'best_result': '99.61  33.35', 'train_step': 3000, 'train_episode': 100, 'train_time/collector': '0.10s', 'train_speed': '1.42 step/s'}
