[I 240414 15:59:58 policy_utils:47] {
      "env": "YahooEnv-v0",
      "user_model_name": "DeepFM",
      "model_name": "A2C_with_emb",
      "seed": 0,
      "cuda": 1,
      "draw_bar": false,
      "is_userinfo": true,
      "is_all_item_ranking": false,
      "cpu": false,
      "is_save": false,
      "use_userEmbedding": false,
      "exploration_noise": false,
      "eps": 0.1,
      "freeze_emb": false,
      "reward_handle": "cat",
      "which_tracker": "avg",
      "embedding_dim": 32,
      "window_size": 3,
      "filter_sizes": [
        2,
        3,
        4
      ],
      "num_filters": 16,
      "dropout_rate": 0.1,
      "num_heads": 1,
      "version": "v1",
      "tau": 0,
      "gamma_exposure": 10,
      "lambda_variance": 0.05,
      "lambda_entropy": 0.0,
      "use_exposure_intervention": false,
      "buffer_size": 100000,
      "lr": 0.001,
      "epoch": 200,
      "batch_size": 1024,
      "hidden_sizes": [
        64,
        64
      ],
      "episode_per_collect": 100,
      "training_num": 100,
      "test_num": 100,
      "render": 0,
      "reward_threshold": null,
      "gamma": 0.9,
      "step_per_epoch": 100000,
      "repeat_per_collect": 1,
      "logdir": "log",
      "vf_coef": 0.5,
      "ent_coef": 0.0,
      "max_grad_norm": null,
      "gae_lambda": 1.0,
      "rew_norm": false,
      "read_message": "pointneg",
      "message": "MOPO_U0.05",
      "remark_pre": "",
      "remark": "",
      "scratch": false,
      "use_hidden": true,
      "num_att_heads": 1,
      "num_att_layers": 2,
      "att_dropout": 0.1,
      "use_ckpt": false,
      "change_pred_reward": false,
      "change_var": false,
      "kr": 1,
      "ku": 1,
      "r_and_u": "minus",
      "use_wandb": false,
      "all_item_ranking": false,
      "is_binarize": true,
      "need_transform": false,
      "entropy_window": [],
      "rating_threshold": 4,
      "yfeat": "rating",
      "leave_threshold": 0.0,
      "num_leave_compute": 1,
      "max_turn": 30,
      "force_length": 10,
      "top_rate": 0.8,
      "hostname": "wukong-ThinkStation-P620"
    }
[I 240414 16:00:15 utils:142] Epoch: [1], Info: [{'num_test': 100, 'CV': '0.88900', 'CV_turn': '0.29633', 'ctr': '1.90833', 'len_tra': 30.0, 'R_tra': 57.25, 'NX_0_CV': '0.90600', 'NX_0_CV_turn': '0.30200', 'NX_0_ctr': '1.96033', 'NX_0_len_tra': 30.0, 'NX_0_R_tra': 58.81, 'NX_10_CV': '0.60400', 'NX_10_CV_turn': '0.60400', 'NX_10_ctr': '1.99200', 'NX_10_len_tra': 10.0, 'NX_10_R_tra': 19.92}]
[I 240414 16:00:20 utils:142] Epoch: [2], Info: [{'num_test': 100, 'CV': '0.04500', 'CV_turn': '0.01500', 'ctr': '2.07067', 'len_tra': 30.0, 'R_tra': 62.12, 'NX_0_CV': '0.34000', 'NX_0_CV_turn': '0.11333', 'NX_0_ctr': '2.33567', 'NX_0_len_tra': 30.0, 'NX_0_R_tra': 70.07, 'NX_10_CV': '0.08900', 'NX_10_CV_turn': '0.08900', 'NX_10_ctr': '2.44300', 'NX_10_len_tra': 10.0, 'NX_10_R_tra': 24.43}]
[I 240414 16:00:25 utils:142] Epoch: [3], Info: [{'num_test': 100, 'CV': '0.03100', 'CV_turn': '0.01033', 'ctr': '2.65867', 'len_tra': 30.0, 'R_tra': 79.76, 'NX_0_CV': '0.34200', 'NX_0_CV_turn': '0.11400', 'NX_0_ctr': '2.23700', 'NX_0_len_tra': 30.0, 'NX_0_R_tra': 67.11, 'NX_10_CV': '0.09700', 'NX_10_CV_turn': '0.09700', 'NX_10_ctr': '2.43000', 'NX_10_len_tra': 10.0, 'NX_10_R_tra': 24.3}]
[I 240414 16:00:30 utils:142] Epoch: [4], Info: [{'num_test': 100, 'CV': '0.02300', 'CV_turn': '0.00767', 'ctr': '2.87633', 'len_tra': 30.0, 'R_tra': 86.29, 'NX_0_CV': '0.33300', 'NX_0_CV_turn': '0.11100', 'NX_0_ctr': '2.44867', 'NX_0_len_tra': 30.0, 'NX_0_R_tra': 73.46, 'NX_10_CV': '0.10100', 'NX_10_CV_turn': '0.10100', 'NX_10_ctr': '2.44200', 'NX_10_len_tra': 10.0, 'NX_10_R_tra': 24.42}]
[I 240414 16:00:36 utils:142] Epoch: [5], Info: [{'num_test': 100, 'CV': '0.07400', 'CV_turn': '0.02467', 'ctr': '2.76133', 'len_tra': 30.0, 'R_tra': 82.84, 'NX_0_CV': '0.37600', 'NX_0_CV_turn': '0.12533', 'NX_0_ctr': '2.27467', 'NX_0_len_tra': 30.0, 'NX_0_R_tra': 68.24, 'NX_10_CV': '0.11900', 'NX_10_CV_turn': '0.11900', 'NX_10_ctr': '2.44900', 'NX_10_len_tra': 10.0, 'NX_10_R_tra': 24.49}]
[I 240414 16:00:41 utils:142] Epoch: [6], Info: [{'num_test': 100, 'CV': '0.12000', 'CV_turn': '0.04000', 'ctr': '2.84800', 'len_tra': 30.0, 'R_tra': 85.44, 'NX_0_CV': '0.41400', 'NX_0_CV_turn': '0.13800', 'NX_0_ctr': '2.29733', 'NX_0_len_tra': 30.0, 'NX_0_R_tra': 68.92, 'NX_10_CV': '0.15300', 'NX_10_CV_turn': '0.15300', 'NX_10_ctr': '2.30200', 'NX_10_len_tra': 10.0, 'NX_10_R_tra': 23.02}]
[I 240414 16:00:46 utils:142] Epoch: [7], Info: [{'num_test': 100, 'CV': '0.17600', 'CV_turn': '0.05867', 'ctr': '2.73867', 'len_tra': 30.0, 'R_tra': 82.16, 'NX_0_CV': '0.46200', 'NX_0_CV_turn': '0.15400', 'NX_0_ctr': '2.22067', 'NX_0_len_tra': 30.0, 'NX_0_R_tra': 66.62, 'NX_10_CV': '0.15600', 'NX_10_CV_turn': '0.15600', 'NX_10_ctr': '2.48300', 'NX_10_len_tra': 10.0, 'NX_10_R_tra': 24.83}]
[I 240414 16:00:52 utils:142] Epoch: [8], Info: [{'num_test': 100, 'CV': '0.20100', 'CV_turn': '0.06700', 'ctr': '2.90133', 'len_tra': 30.0, 'R_tra': 87.04, 'NX_0_CV': '0.49900', 'NX_0_CV_turn': '0.16633', 'NX_0_ctr': '2.29300', 'NX_0_len_tra': 30.0, 'NX_0_R_tra': 68.79, 'NX_10_CV': '0.20400', 'NX_10_CV_turn': '0.20400', 'NX_10_ctr': '2.32500', 'NX_10_len_tra': 10.0, 'NX_10_R_tra': 23.25}]
[I 240414 16:00:57 utils:142] Epoch: [9], Info: [{'num_test': 100, 'CV': '0.18500', 'CV_turn': '0.06167', 'ctr': '2.98800', 'len_tra': 30.0, 'R_tra': 89.64, 'NX_0_CV': '0.51700', 'NX_0_CV_turn': '0.17233', 'NX_0_ctr': '2.23100', 'NX_0_len_tra': 30.0, 'NX_0_R_tra': 66.93, 'NX_10_CV': '0.21600', 'NX_10_CV_turn': '0.21600', 'NX_10_ctr': '2.24900', 'NX_10_len_tra': 10.0, 'NX_10_R_tra': 22.49}]
[I 240414 16:01:03 utils:142] Epoch: [10], Info: [{'num_test': 100, 'CV': '0.19600', 'CV_turn': '0.06533', 'ctr': '2.83133', 'len_tra': 30.0, 'R_tra': 84.94, 'NX_0_CV': '0.54800', 'NX_0_CV_turn': '0.18267', 'NX_0_ctr': '2.21333', 'NX_0_len_tra': 30.0, 'NX_0_R_tra': 66.4, 'NX_10_CV': '0.22500', 'NX_10_CV_turn': '0.22500', 'NX_10_ctr': '2.35900', 'NX_10_len_tra': 10.0, 'NX_10_R_tra': 23.59}]
[I 240414 16:01:08 utils:142] Epoch: [11], Info: [{'num_test': 100, 'CV': '0.14600', 'CV_turn': '0.04867', 'ctr': '3.10967', 'len_tra': 30.0, 'R_tra': 93.29, 'NX_0_CV': '0.56400', 'NX_0_CV_turn': '0.18800', 'NX_0_ctr': '2.20133', 'NX_0_len_tra': 30.0, 'NX_0_R_tra': 66.04, 'NX_10_CV': '0.24900', 'NX_10_CV_turn': '0.24900', 'NX_10_ctr': '2.27900', 'NX_10_len_tra': 10.0, 'NX_10_R_tra': 22.79}]
[I 240414 16:01:14 utils:142] Epoch: [12], Info: [{'num_test': 100, 'CV': '0.23000', 'CV_turn': '0.07667', 'ctr': '2.72733', 'len_tra': 30.0, 'R_tra': 81.82, 'NX_0_CV': '0.58800', 'NX_0_CV_turn': '0.19600', 'NX_0_ctr': '2.13700', 'NX_0_len_tra': 30.0, 'NX_0_R_tra': 64.11, 'NX_10_CV': '0.23100', 'NX_10_CV_turn': '0.23100', 'NX_10_ctr': '2.36500', 'NX_10_len_tra': 10.0, 'NX_10_R_tra': 23.65}]
[I 240414 16:01:20 utils:142] Epoch: [13], Info: [{'num_test': 100, 'CV': '0.19600', 'CV_turn': '0.06533', 'ctr': '2.75600', 'len_tra': 30.0, 'R_tra': 82.68, 'NX_0_CV': '0.60900', 'NX_0_CV_turn': '0.20300', 'NX_0_ctr': '2.20000', 'NX_0_len_tra': 30.0, 'NX_0_R_tra': 66.0, 'NX_10_CV': '0.24600', 'NX_10_CV_turn': '0.24600', 'NX_10_ctr': '2.22100', 'NX_10_len_tra': 10.0, 'NX_10_R_tra': 22.21}]
[I 240414 16:01:25 utils:142] Epoch: [14], Info: [{'num_test': 100, 'CV': '0.21000', 'CV_turn': '0.07000', 'ctr': '2.70800', 'len_tra': 30.0, 'R_tra': 81.24, 'NX_0_CV': '0.56300', 'NX_0_CV_turn': '0.18767', 'NX_0_ctr': '2.32933', 'NX_0_len_tra': 30.0, 'NX_0_R_tra': 69.88, 'NX_10_CV': '0.25000', 'NX_10_CV_turn': '0.25000', 'NX_10_ctr': '2.37700', 'NX_10_len_tra': 10.0, 'NX_10_R_tra': 23.77}]
[I 240414 16:01:31 utils:142] Epoch: [15], Info: [{'num_test': 100, 'CV': '0.14600', 'CV_turn': '0.04867', 'ctr': '2.79733', 'len_tra': 30.0, 'R_tra': 83.92, 'NX_0_CV': '0.58400', 'NX_0_CV_turn': '0.19467', 'NX_0_ctr': '2.18567', 'NX_0_len_tra': 30.0, 'NX_0_R_tra': 65.57, 'NX_10_CV': '0.25900', 'NX_10_CV_turn': '0.25900', 'NX_10_ctr': '2.25200', 'NX_10_len_tra': 10.0, 'NX_10_R_tra': 22.52}]
[I 240414 16:01:37 utils:142] Epoch: [16], Info: [{'num_test': 100, 'CV': '0.18400', 'CV_turn': '0.06133', 'ctr': '2.67733', 'len_tra': 30.0, 'R_tra': 80.32, 'NX_0_CV': '0.58800', 'NX_0_CV_turn': '0.19600', 'NX_0_ctr': '2.25633', 'NX_0_len_tra': 30.0, 'NX_0_R_tra': 67.69, 'NX_10_CV': '0.26200', 'NX_10_CV_turn': '0.26200', 'NX_10_ctr': '2.21900', 'NX_10_len_tra': 10.0, 'NX_10_R_tra': 22.19}]
[I 240414 16:01:43 utils:142] Epoch: [17], Info: [{'num_test': 100, 'CV': '0.18900', 'CV_turn': '0.06300', 'ctr': '2.63633', 'len_tra': 30.0, 'R_tra': 79.09, 'NX_0_CV': '0.59300', 'NX_0_CV_turn': '0.19767', 'NX_0_ctr': '2.20867', 'NX_0_len_tra': 30.0, 'NX_0_R_tra': 66.26, 'NX_10_CV': '0.23200', 'NX_10_CV_turn': '0.23200', 'NX_10_ctr': '2.36000', 'NX_10_len_tra': 10.0, 'NX_10_R_tra': 23.6}]
[I 240414 16:01:49 utils:142] Epoch: [18], Info: [{'num_test': 100, 'CV': '0.17800', 'CV_turn': '0.05933', 'ctr': '2.85300', 'len_tra': 30.0, 'R_tra': 85.59, 'NX_0_CV': '0.61000', 'NX_0_CV_turn': '0.20333', 'NX_0_ctr': '2.19767', 'NX_0_len_tra': 30.0, 'NX_0_R_tra': 65.93, 'NX_10_CV': '0.21600', 'NX_10_CV_turn': '0.21600', 'NX_10_ctr': '2.46000', 'NX_10_len_tra': 10.0, 'NX_10_R_tra': 24.6}]
[I 240414 16:01:55 utils:142] Epoch: [19], Info: [{'num_test': 100, 'CV': '0.14500', 'CV_turn': '0.04833', 'ctr': '2.88700', 'len_tra': 30.0, 'R_tra': 86.61, 'NX_0_CV': '0.62800', 'NX_0_CV_turn': '0.20933', 'NX_0_ctr': '2.13467', 'NX_0_len_tra': 30.0, 'NX_0_R_tra': 64.04, 'NX_10_CV': '0.27300', 'NX_10_CV_turn': '0.27300', 'NX_10_ctr': '2.14200', 'NX_10_len_tra': 10.0, 'NX_10_R_tra': 21.42}]
[I 240414 16:02:01 utils:142] Epoch: [20], Info: [{'num_test': 100, 'CV': '0.18700', 'CV_turn': '0.06233', 'ctr': '2.80367', 'len_tra': 30.0, 'R_tra': 84.11, 'NX_0_CV': '0.60400', 'NX_0_CV_turn': '0.20133', 'NX_0_ctr': '2.17900', 'NX_0_len_tra': 30.0, 'NX_0_R_tra': 65.37, 'NX_10_CV': '0.24800', 'NX_10_CV_turn': '0.24800', 'NX_10_ctr': '2.28400', 'NX_10_len_tra': 10.0, 'NX_10_R_tra': 22.84}]
[I 240414 16:02:08 utils:142] Epoch: [21], Info: [{'num_test': 100, 'CV': '0.13700', 'CV_turn': '0.04567', 'ctr': '2.99267', 'len_tra': 30.0, 'R_tra': 89.78, 'NX_0_CV': '0.63400', 'NX_0_CV_turn': '0.21133', 'NX_0_ctr': '2.11533', 'NX_0_len_tra': 30.0, 'NX_0_R_tra': 63.46, 'NX_10_CV': '0.25300', 'NX_10_CV_turn': '0.25300', 'NX_10_ctr': '2.37600', 'NX_10_len_tra': 10.0, 'NX_10_R_tra': 23.76}]
[I 240414 16:02:14 utils:142] Epoch: [22], Info: [{'num_test': 100, 'CV': '0.11200', 'CV_turn': '0.03733', 'ctr': '2.91800', 'len_tra': 30.0, 'R_tra': 87.54, 'NX_0_CV': '0.62100', 'NX_0_CV_turn': '0.20700', 'NX_0_ctr': '2.26767', 'NX_0_len_tra': 30.0, 'NX_0_R_tra': 68.03, 'NX_10_CV': '0.24200', 'NX_10_CV_turn': '0.24200', 'NX_10_ctr': '2.41300', 'NX_10_len_tra': 10.0, 'NX_10_R_tra': 24.13}]
[I 240414 16:02:20 utils:142] Epoch: [23], Info: [{'num_test': 100, 'CV': '0.11100', 'CV_turn': '0.03700', 'ctr': '2.90633', 'len_tra': 30.0, 'R_tra': 87.19, 'NX_0_CV': '0.62200', 'NX_0_CV_turn': '0.20733', 'NX_0_ctr': '2.10733', 'NX_0_len_tra': 30.0, 'NX_0_R_tra': 63.22, 'NX_10_CV': '0.23800', 'NX_10_CV_turn': '0.23800', 'NX_10_ctr': '2.31900', 'NX_10_len_tra': 10.0, 'NX_10_R_tra': 23.19}]
[I 240414 16:02:26 utils:142] Epoch: [24], Info: [{'num_test': 100, 'CV': '0.16600', 'CV_turn': '0.05533', 'ctr': '2.71100', 'len_tra': 30.0, 'R_tra': 81.33, 'NX_0_CV': '0.60100', 'NX_0_CV_turn': '0.20033', 'NX_0_ctr': '2.25000', 'NX_0_len_tra': 30.0, 'NX_0_R_tra': 67.5, 'NX_10_CV': '0.25100', 'NX_10_CV_turn': '0.25100', 'NX_10_ctr': '2.33500', 'NX_10_len_tra': 10.0, 'NX_10_R_tra': 23.35}]
[I 240414 16:02:33 utils:142] Epoch: [25], Info: [{'num_test': 100, 'CV': '0.21500', 'CV_turn': '0.07167', 'ctr': '2.64900', 'len_tra': 30.0, 'R_tra': 79.47, 'NX_0_CV': '0.60600', 'NX_0_CV_turn': '0.20200', 'NX_0_ctr': '2.16067', 'NX_0_len_tra': 30.0, 'NX_0_R_tra': 64.82, 'NX_10_CV': '0.25700', 'NX_10_CV_turn': '0.25700', 'NX_10_ctr': '2.28400', 'NX_10_len_tra': 10.0, 'NX_10_R_tra': 22.84}]
[I 240414 16:02:39 utils:142] Epoch: [26], Info: [{'num_test': 100, 'CV': '0.13000', 'CV_turn': '0.04333', 'ctr': '2.88600', 'len_tra': 30.0, 'R_tra': 86.58, 'NX_0_CV': '0.60200', 'NX_0_CV_turn': '0.20067', 'NX_0_ctr': '2.10133', 'NX_0_len_tra': 30.0, 'NX_0_R_tra': 63.04, 'NX_10_CV': '0.24900', 'NX_10_CV_turn': '0.24900', 'NX_10_ctr': '2.32500', 'NX_10_len_tra': 10.0, 'NX_10_R_tra': 23.25}]
[I 240414 16:02:45 utils:142] Epoch: [27], Info: [{'num_test': 100, 'CV': '0.10100', 'CV_turn': '0.03367', 'ctr': '2.84600', 'len_tra': 30.0, 'R_tra': 85.38, 'NX_0_CV': '0.61400', 'NX_0_CV_turn': '0.20467', 'NX_0_ctr': '2.22533', 'NX_0_len_tra': 30.0, 'NX_0_R_tra': 66.76, 'NX_10_CV': '0.21200', 'NX_10_CV_turn': '0.21200', 'NX_10_ctr': '2.45300', 'NX_10_len_tra': 10.0, 'NX_10_R_tra': 24.53}]
[I 240414 16:02:52 utils:142] Epoch: [28], Info: [{'num_test': 100, 'CV': '0.13600', 'CV_turn': '0.04533', 'ctr': '2.78967', 'len_tra': 30.0, 'R_tra': 83.69, 'NX_0_CV': '0.66100', 'NX_0_CV_turn': '0.22033', 'NX_0_ctr': '2.10000', 'NX_0_len_tra': 30.0, 'NX_0_R_tra': 63.0, 'NX_10_CV': '0.27100', 'NX_10_CV_turn': '0.27100', 'NX_10_ctr': '2.18000', 'NX_10_len_tra': 10.0, 'NX_10_R_tra': 21.8}]
[I 240414 16:02:59 utils:142] Epoch: [29], Info: [{'num_test': 100, 'CV': '0.17900', 'CV_turn': '0.05967', 'ctr': '2.68000', 'len_tra': 30.0, 'R_tra': 80.4, 'NX_0_CV': '0.60500', 'NX_0_CV_turn': '0.20167', 'NX_0_ctr': '2.22533', 'NX_0_len_tra': 30.0, 'NX_0_R_tra': 66.76, 'NX_10_CV': '0.25100', 'NX_10_CV_turn': '0.25100', 'NX_10_ctr': '2.23400', 'NX_10_len_tra': 10.0, 'NX_10_R_tra': 22.34}]
[I 240414 16:03:05 utils:142] Epoch: [30], Info: [{'num_test': 100, 'CV': '0.18100', 'CV_turn': '0.06033', 'ctr': '2.56000', 'len_tra': 30.0, 'R_tra': 76.8, 'NX_0_CV': '0.60100', 'NX_0_CV_turn': '0.20033', 'NX_0_ctr': '2.28900', 'NX_0_len_tra': 30.0, 'NX_0_R_tra': 68.67, 'NX_10_CV': '0.25700', 'NX_10_CV_turn': '0.25700', 'NX_10_ctr': '2.31200', 'NX_10_len_tra': 10.0, 'NX_10_R_tra': 23.12}]
[I 240414 16:03:12 utils:142] Epoch: [31], Info: [{'num_test': 100, 'CV': '0.12000', 'CV_turn': '0.04000', 'ctr': '2.79433', 'len_tra': 30.0, 'R_tra': 83.83, 'NX_0_CV': '0.62800', 'NX_0_CV_turn': '0.20933', 'NX_0_ctr': '2.17000', 'NX_0_len_tra': 30.0, 'NX_0_R_tra': 65.1, 'NX_10_CV': '0.25500', 'NX_10_CV_turn': '0.25500', 'NX_10_ctr': '2.35000', 'NX_10_len_tra': 10.0, 'NX_10_R_tra': 23.5}]
[I 240414 16:03:19 utils:142] Epoch: [32], Info: [{'num_test': 100, 'CV': '0.12900', 'CV_turn': '0.04300', 'ctr': '3.00500', 'len_tra': 30.0, 'R_tra': 90.15, 'NX_0_CV': '0.61300', 'NX_0_CV_turn': '0.20433', 'NX_0_ctr': '2.20300', 'NX_0_len_tra': 30.0, 'NX_0_R_tra': 66.09, 'NX_10_CV': '0.23600', 'NX_10_CV_turn': '0.23600', 'NX_10_ctr': '2.44600', 'NX_10_len_tra': 10.0, 'NX_10_R_tra': 24.46}]
[I 240414 16:03:25 utils:142] Epoch: [33], Info: [{'num_test': 100, 'CV': '0.10500', 'CV_turn': '0.03500', 'ctr': '2.76933', 'len_tra': 30.0, 'R_tra': 83.08, 'NX_0_CV': '0.62600', 'NX_0_CV_turn': '0.20867', 'NX_0_ctr': '2.18833', 'NX_0_len_tra': 30.0, 'NX_0_R_tra': 65.65, 'NX_10_CV': '0.26700', 'NX_10_CV_turn': '0.26700', 'NX_10_ctr': '2.29200', 'NX_10_len_tra': 10.0, 'NX_10_R_tra': 22.92}]
[I 240414 16:03:32 utils:142] Epoch: [34], Info: [{'num_test': 100, 'CV': '0.09300', 'CV_turn': '0.03100', 'ctr': '3.00367', 'len_tra': 30.0, 'R_tra': 90.11, 'NX_0_CV': '0.62000', 'NX_0_CV_turn': '0.20667', 'NX_0_ctr': '2.16267', 'NX_0_len_tra': 30.0, 'NX_0_R_tra': 64.88, 'NX_10_CV': '0.26300', 'NX_10_CV_turn': '0.26300', 'NX_10_ctr': '2.27900', 'NX_10_len_tra': 10.0, 'NX_10_R_tra': 22.79}]
[I 240414 16:03:39 utils:142] Epoch: [35], Info: [{'num_test': 100, 'CV': '0.08100', 'CV_turn': '0.02700', 'ctr': '2.82367', 'len_tra': 30.0, 'R_tra': 84.71, 'NX_0_CV': '0.61200', 'NX_0_CV_turn': '0.20400', 'NX_0_ctr': '2.19567', 'NX_0_len_tra': 30.0, 'NX_0_R_tra': 65.87, 'NX_10_CV': '0.24200', 'NX_10_CV_turn': '0.24200', 'NX_10_ctr': '2.33200', 'NX_10_len_tra': 10.0, 'NX_10_R_tra': 23.32}]
[I 240414 16:03:46 utils:142] Epoch: [36], Info: [{'num_test': 100, 'CV': '0.11900', 'CV_turn': '0.03967', 'ctr': '3.09533', 'len_tra': 30.0, 'R_tra': 92.86, 'NX_0_CV': '0.63400', 'NX_0_CV_turn': '0.21133', 'NX_0_ctr': '2.15000', 'NX_0_len_tra': 30.0, 'NX_0_R_tra': 64.5, 'NX_10_CV': '0.23900', 'NX_10_CV_turn': '0.23900', 'NX_10_ctr': '2.42200', 'NX_10_len_tra': 10.0, 'NX_10_R_tra': 24.22}]
[I 240414 16:03:53 utils:142] Epoch: [37], Info: [{'num_test': 100, 'CV': '0.16800', 'CV_turn': '0.05600', 'ctr': '2.70933', 'len_tra': 30.0, 'R_tra': 81.28, 'NX_0_CV': '0.63100', 'NX_0_CV_turn': '0.21033', 'NX_0_ctr': '2.20633', 'NX_0_len_tra': 30.0, 'NX_0_R_tra': 66.19, 'NX_10_CV': '0.25000', 'NX_10_CV_turn': '0.25000', 'NX_10_ctr': '2.33500', 'NX_10_len_tra': 10.0, 'NX_10_R_tra': 23.35}]
[I 240414 16:04:00 utils:142] Epoch: [38], Info: [{'num_test': 100, 'CV': '0.12000', 'CV_turn': '0.04000', 'ctr': '2.78800', 'len_tra': 30.0, 'R_tra': 83.64, 'NX_0_CV': '0.60200', 'NX_0_CV_turn': '0.20067', 'NX_0_ctr': '2.28667', 'NX_0_len_tra': 30.0, 'NX_0_R_tra': 68.6, 'NX_10_CV': '0.25900', 'NX_10_CV_turn': '0.25900', 'NX_10_ctr': '2.34100', 'NX_10_len_tra': 10.0, 'NX_10_R_tra': 23.41}]
[I 240414 16:04:08 utils:142] Epoch: [39], Info: [{'num_test': 100, 'CV': '0.09300', 'CV_turn': '0.03100', 'ctr': '2.89400', 'len_tra': 30.0, 'R_tra': 86.82, 'NX_0_CV': '0.62200', 'NX_0_CV_turn': '0.20733', 'NX_0_ctr': '2.19067', 'NX_0_len_tra': 30.0, 'NX_0_R_tra': 65.72, 'NX_10_CV': '0.26000', 'NX_10_CV_turn': '0.26000', 'NX_10_ctr': '2.19000', 'NX_10_len_tra': 10.0, 'NX_10_R_tra': 21.9}]
[I 240414 16:04:15 utils:142] Epoch: [40], Info: [{'num_test': 100, 'CV': '0.09500', 'CV_turn': '0.03167', 'ctr': '3.03100', 'len_tra': 30.0, 'R_tra': 90.93, 'NX_0_CV': '0.64400', 'NX_0_CV_turn': '0.21467', 'NX_0_ctr': '2.04433', 'NX_0_len_tra': 30.0, 'NX_0_R_tra': 61.33, 'NX_10_CV': '0.24500', 'NX_10_CV_turn': '0.24500', 'NX_10_ctr': '2.40800', 'NX_10_len_tra': 10.0, 'NX_10_R_tra': 24.08}]
[I 240414 16:04:22 utils:142] Epoch: [41], Info: [{'num_test': 100, 'CV': '0.14200', 'CV_turn': '0.04733', 'ctr': '2.78900', 'len_tra': 30.0, 'R_tra': 83.67, 'NX_0_CV': '0.61000', 'NX_0_CV_turn': '0.20333', 'NX_0_ctr': '2.19433', 'NX_0_len_tra': 30.0, 'NX_0_R_tra': 65.83, 'NX_10_CV': '0.24500', 'NX_10_CV_turn': '0.24500', 'NX_10_ctr': '2.39400', 'NX_10_len_tra': 10.0, 'NX_10_R_tra': 23.94}]
[I 240414 16:04:29 utils:142] Epoch: [42], Info: [{'num_test': 100, 'CV': '0.09600', 'CV_turn': '0.03200', 'ctr': '2.94100', 'len_tra': 30.0, 'R_tra': 88.23, 'NX_0_CV': '0.63200', 'NX_0_CV_turn': '0.21067', 'NX_0_ctr': '2.08200', 'NX_0_len_tra': 30.0, 'NX_0_R_tra': 62.46, 'NX_10_CV': '0.26600', 'NX_10_CV_turn': '0.26600', 'NX_10_ctr': '2.25200', 'NX_10_len_tra': 10.0, 'NX_10_R_tra': 22.52}]
[I 240414 16:04:37 utils:142] Epoch: [43], Info: [{'num_test': 100, 'CV': '0.11300', 'CV_turn': '0.03767', 'ctr': '2.76300', 'len_tra': 30.0, 'R_tra': 82.89, 'NX_0_CV': '0.62000', 'NX_0_CV_turn': '0.20667', 'NX_0_ctr': '2.18867', 'NX_0_len_tra': 30.0, 'NX_0_R_tra': 65.66, 'NX_10_CV': '0.23700', 'NX_10_CV_turn': '0.23700', 'NX_10_ctr': '2.32400', 'NX_10_len_tra': 10.0, 'NX_10_R_tra': 23.24}]
[I 240414 16:04:44 utils:142] Epoch: [44], Info: [{'num_test': 100, 'CV': '0.12100', 'CV_turn': '0.04033', 'ctr': '2.83300', 'len_tra': 30.0, 'R_tra': 84.99, 'NX_0_CV': '0.60800', 'NX_0_CV_turn': '0.20267', 'NX_0_ctr': '2.21067', 'NX_0_len_tra': 30.0, 'NX_0_R_tra': 66.32, 'NX_10_CV': '0.24100', 'NX_10_CV_turn': '0.24100', 'NX_10_ctr': '2.40200', 'NX_10_len_tra': 10.0, 'NX_10_R_tra': 24.02}]
[I 240414 16:04:52 utils:142] Epoch: [45], Info: [{'num_test': 100, 'CV': '0.12400', 'CV_turn': '0.04133', 'ctr': '2.78467', 'len_tra': 30.0, 'R_tra': 83.54, 'NX_0_CV': '0.64500', 'NX_0_CV_turn': '0.21500', 'NX_0_ctr': '2.15733', 'NX_0_len_tra': 30.0, 'NX_0_R_tra': 64.72, 'NX_10_CV': '0.24500', 'NX_10_CV_turn': '0.24500', 'NX_10_ctr': '2.32900', 'NX_10_len_tra': 10.0, 'NX_10_R_tra': 23.29}]
[I 240414 16:05:00 utils:142] Epoch: [46], Info: [{'num_test': 100, 'CV': '0.14900', 'CV_turn': '0.04967', 'ctr': '2.67600', 'len_tra': 30.0, 'R_tra': 80.28, 'NX_0_CV': '0.61600', 'NX_0_CV_turn': '0.20533', 'NX_0_ctr': '2.22333', 'NX_0_len_tra': 30.0, 'NX_0_R_tra': 66.7, 'NX_10_CV': '0.23000', 'NX_10_CV_turn': '0.23000', 'NX_10_ctr': '2.46500', 'NX_10_len_tra': 10.0, 'NX_10_R_tra': 24.65}]
[I 240414 16:05:07 utils:142] Epoch: [47], Info: [{'num_test': 100, 'CV': '0.14400', 'CV_turn': '0.04800', 'ctr': '2.75267', 'len_tra': 30.0, 'R_tra': 82.58, 'NX_0_CV': '0.61500', 'NX_0_CV_turn': '0.20500', 'NX_0_ctr': '2.17600', 'NX_0_len_tra': 30.0, 'NX_0_R_tra': 65.28, 'NX_10_CV': '0.23500', 'NX_10_CV_turn': '0.23500', 'NX_10_ctr': '2.41900', 'NX_10_len_tra': 10.0, 'NX_10_R_tra': 24.19}]
[I 240414 16:05:15 utils:142] Epoch: [48], Info: [{'num_test': 100, 'CV': '0.11100', 'CV_turn': '0.03700', 'ctr': '2.54233', 'len_tra': 30.0, 'R_tra': 76.27, 'NX_0_CV': '0.62200', 'NX_0_CV_turn': '0.20733', 'NX_0_ctr': '2.15867', 'NX_0_len_tra': 30.0, 'NX_0_R_tra': 64.76, 'NX_10_CV': '0.23000', 'NX_10_CV_turn': '0.23000', 'NX_10_ctr': '2.50400', 'NX_10_len_tra': 10.0, 'NX_10_R_tra': 25.04}]
[I 240414 16:05:23 utils:142] Epoch: [49], Info: [{'num_test': 100, 'CV': '0.13500', 'CV_turn': '0.04500', 'ctr': '2.72600', 'len_tra': 30.0, 'R_tra': 81.78, 'NX_0_CV': '0.63600', 'NX_0_CV_turn': '0.21200', 'NX_0_ctr': '2.19633', 'NX_0_len_tra': 30.0, 'NX_0_R_tra': 65.89, 'NX_10_CV': '0.26200', 'NX_10_CV_turn': '0.26200', 'NX_10_ctr': '2.32600', 'NX_10_len_tra': 10.0, 'NX_10_R_tra': 23.26}]
[I 240414 16:05:31 utils:142] Epoch: [50], Info: [{'num_test': 100, 'CV': '0.10700', 'CV_turn': '0.03567', 'ctr': '2.84667', 'len_tra': 30.0, 'R_tra': 85.4, 'NX_0_CV': '0.61400', 'NX_0_CV_turn': '0.20467', 'NX_0_ctr': '2.19233', 'NX_0_len_tra': 30.0, 'NX_0_R_tra': 65.77, 'NX_10_CV': '0.24600', 'NX_10_CV_turn': '0.24600', 'NX_10_ctr': '2.40000', 'NX_10_len_tra': 10.0, 'NX_10_R_tra': 24.0}]
[I 240414 16:05:39 utils:142] Epoch: [51], Info: [{'num_test': 100, 'CV': '0.11600', 'CV_turn': '0.03867', 'ctr': '2.71833', 'len_tra': 30.0, 'R_tra': 81.55, 'NX_0_CV': '0.59300', 'NX_0_CV_turn': '0.19767', 'NX_0_ctr': '2.26900', 'NX_0_len_tra': 30.0, 'NX_0_R_tra': 68.07, 'NX_10_CV': '0.25400', 'NX_10_CV_turn': '0.25400', 'NX_10_ctr': '2.32100', 'NX_10_len_tra': 10.0, 'NX_10_R_tra': 23.21}]
[I 240414 16:05:47 utils:142] Epoch: [52], Info: [{'num_test': 100, 'CV': '0.09600', 'CV_turn': '0.03200', 'ctr': '2.87033', 'len_tra': 30.0, 'R_tra': 86.11, 'NX_0_CV': '0.61500', 'NX_0_CV_turn': '0.20500', 'NX_0_ctr': '2.14633', 'NX_0_len_tra': 30.0, 'NX_0_R_tra': 64.39, 'NX_10_CV': '0.22100', 'NX_10_CV_turn': '0.22100', 'NX_10_ctr': '2.35800', 'NX_10_len_tra': 10.0, 'NX_10_R_tra': 23.58}]
[I 240414 16:05:55 utils:142] Epoch: [53], Info: [{'num_test': 100, 'CV': '0.11000', 'CV_turn': '0.03667', 'ctr': '2.95133', 'len_tra': 30.0, 'R_tra': 88.54, 'NX_0_CV': '0.60600', 'NX_0_CV_turn': '0.20200', 'NX_0_ctr': '2.20667', 'NX_0_len_tra': 30.0, 'NX_0_R_tra': 66.2, 'NX_10_CV': '0.25200', 'NX_10_CV_turn': '0.25200', 'NX_10_ctr': '2.34600', 'NX_10_len_tra': 10.0, 'NX_10_R_tra': 23.46}]
[I 240414 16:06:03 utils:142] Epoch: [54], Info: [{'num_test': 100, 'CV': '0.06300', 'CV_turn': '0.02100', 'ctr': '2.94833', 'len_tra': 30.0, 'R_tra': 88.45, 'NX_0_CV': '0.61500', 'NX_0_CV_turn': '0.20500', 'NX_0_ctr': '2.17900', 'NX_0_len_tra': 30.0, 'NX_0_R_tra': 65.37, 'NX_10_CV': '0.25300', 'NX_10_CV_turn': '0.25300', 'NX_10_ctr': '2.33600', 'NX_10_len_tra': 10.0, 'NX_10_R_tra': 23.36}]
[I 240414 16:06:11 utils:142] Epoch: [55], Info: [{'num_test': 100, 'CV': '0.08800', 'CV_turn': '0.02933', 'ctr': '2.85867', 'len_tra': 30.0, 'R_tra': 85.76, 'NX_0_CV': '0.59800', 'NX_0_CV_turn': '0.19933', 'NX_0_ctr': '2.18667', 'NX_0_len_tra': 30.0, 'NX_0_R_tra': 65.6, 'NX_10_CV': '0.21500', 'NX_10_CV_turn': '0.21500', 'NX_10_ctr': '2.49200', 'NX_10_len_tra': 10.0, 'NX_10_R_tra': 24.92}]
[I 240414 16:06:19 utils:142] Epoch: [56], Info: [{'num_test': 100, 'CV': '0.11400', 'CV_turn': '0.03800', 'ctr': '2.73633', 'len_tra': 30.0, 'R_tra': 82.09, 'NX_0_CV': '0.63700', 'NX_0_CV_turn': '0.21233', 'NX_0_ctr': '2.11733', 'NX_0_len_tra': 30.0, 'NX_0_R_tra': 63.52, 'NX_10_CV': '0.21700', 'NX_10_CV_turn': '0.21700', 'NX_10_ctr': '2.43500', 'NX_10_len_tra': 10.0, 'NX_10_R_tra': 24.35}]
[I 240414 16:06:28 utils:142] Epoch: [57], Info: [{'num_test': 100, 'CV': '0.10100', 'CV_turn': '0.03367', 'ctr': '2.99333', 'len_tra': 30.0, 'R_tra': 89.8, 'NX_0_CV': '0.58600', 'NX_0_CV_turn': '0.19533', 'NX_0_ctr': '2.23933', 'NX_0_len_tra': 30.0, 'NX_0_R_tra': 67.18, 'NX_10_CV': '0.23700', 'NX_10_CV_turn': '0.23700', 'NX_10_ctr': '2.29900', 'NX_10_len_tra': 10.0, 'NX_10_R_tra': 22.99}]
[I 240414 16:06:36 utils:142] Epoch: [58], Info: [{'num_test': 100, 'CV': '0.14300', 'CV_turn': '0.04767', 'ctr': '2.63167', 'len_tra': 30.0, 'R_tra': 78.95, 'NX_0_CV': '0.63800', 'NX_0_CV_turn': '0.21267', 'NX_0_ctr': '2.14000', 'NX_0_len_tra': 30.0, 'NX_0_R_tra': 64.2, 'NX_10_CV': '0.21900', 'NX_10_CV_turn': '0.21900', 'NX_10_ctr': '2.40300', 'NX_10_len_tra': 10.0, 'NX_10_R_tra': 24.03}]
[I 240414 16:06:44 utils:142] Epoch: [59], Info: [{'num_test': 100, 'CV': '0.08300', 'CV_turn': '0.02767', 'ctr': '2.82200', 'len_tra': 30.0, 'R_tra': 84.66, 'NX_0_CV': '0.59400', 'NX_0_CV_turn': '0.19800', 'NX_0_ctr': '2.27833', 'NX_0_len_tra': 30.0, 'NX_0_R_tra': 68.35, 'NX_10_CV': '0.25700', 'NX_10_CV_turn': '0.25700', 'NX_10_ctr': '2.24800', 'NX_10_len_tra': 10.0, 'NX_10_R_tra': 22.48}]
[I 240414 16:06:53 utils:142] Epoch: [60], Info: [{'num_test': 100, 'CV': '0.09600', 'CV_turn': '0.03200', 'ctr': '2.79067', 'len_tra': 30.0, 'R_tra': 83.72, 'NX_0_CV': '0.61600', 'NX_0_CV_turn': '0.20533', 'NX_0_ctr': '2.22967', 'NX_0_len_tra': 30.0, 'NX_0_R_tra': 66.89, 'NX_10_CV': '0.25900', 'NX_10_CV_turn': '0.25900', 'NX_10_ctr': '2.26800', 'NX_10_len_tra': 10.0, 'NX_10_R_tra': 22.68}]
[I 240414 16:07:01 utils:142] Epoch: [61], Info: [{'num_test': 100, 'CV': '0.08000', 'CV_turn': '0.02667', 'ctr': '2.78700', 'len_tra': 30.0, 'R_tra': 83.61, 'NX_0_CV': '0.63700', 'NX_0_CV_turn': '0.21233', 'NX_0_ctr': '2.12300', 'NX_0_len_tra': 30.0, 'NX_0_R_tra': 63.69, 'NX_10_CV': '0.23800', 'NX_10_CV_turn': '0.23800', 'NX_10_ctr': '2.36600', 'NX_10_len_tra': 10.0, 'NX_10_R_tra': 23.66}]
[I 240414 16:07:10 utils:142] Epoch: [62], Info: [{'num_test': 100, 'CV': '0.11000', 'CV_turn': '0.03667', 'ctr': '2.76833', 'len_tra': 30.0, 'R_tra': 83.05, 'NX_0_CV': '0.60500', 'NX_0_CV_turn': '0.20167', 'NX_0_ctr': '2.21467', 'NX_0_len_tra': 30.0, 'NX_0_R_tra': 66.44, 'NX_10_CV': '0.21200', 'NX_10_CV_turn': '0.21200', 'NX_10_ctr': '2.47000', 'NX_10_len_tra': 10.0, 'NX_10_R_tra': 24.7}]
[I 240414 16:07:19 utils:142] Epoch: [63], Info: [{'num_test': 100, 'CV': '0.09700', 'CV_turn': '0.03233', 'ctr': '2.70200', 'len_tra': 30.0, 'R_tra': 81.06, 'NX_0_CV': '0.63300', 'NX_0_CV_turn': '0.21100', 'NX_0_ctr': '2.16133', 'NX_0_len_tra': 30.0, 'NX_0_R_tra': 64.84, 'NX_10_CV': '0.25300', 'NX_10_CV_turn': '0.25300', 'NX_10_ctr': '2.30400', 'NX_10_len_tra': 10.0, 'NX_10_R_tra': 23.04}]
[I 240414 16:07:27 utils:142] Epoch: [64], Info: [{'num_test': 100, 'CV': '0.15700', 'CV_turn': '0.05233', 'ctr': '2.89900', 'len_tra': 30.0, 'R_tra': 86.97, 'NX_0_CV': '0.63600', 'NX_0_CV_turn': '0.21200', 'NX_0_ctr': '2.08833', 'NX_0_len_tra': 30.0, 'NX_0_R_tra': 62.65, 'NX_10_CV': '0.25500', 'NX_10_CV_turn': '0.25500', 'NX_10_ctr': '2.27500', 'NX_10_len_tra': 10.0, 'NX_10_R_tra': 22.75}]
[I 240414 16:07:36 utils:142] Epoch: [65], Info: [{'num_test': 100, 'CV': '0.09000', 'CV_turn': '0.03000', 'ctr': '3.04733', 'len_tra': 30.0, 'R_tra': 91.42, 'NX_0_CV': '0.63100', 'NX_0_CV_turn': '0.21033', 'NX_0_ctr': '2.19633', 'NX_0_len_tra': 30.0, 'NX_0_R_tra': 65.89, 'NX_10_CV': '0.25000', 'NX_10_CV_turn': '0.25000', 'NX_10_ctr': '2.42300', 'NX_10_len_tra': 10.0, 'NX_10_R_tra': 24.23}]
[I 240414 16:07:45 utils:142] Epoch: [66], Info: [{'num_test': 100, 'CV': '0.08000', 'CV_turn': '0.02667', 'ctr': '2.75700', 'len_tra': 30.0, 'R_tra': 82.71, 'NX_0_CV': '0.60600', 'NX_0_CV_turn': '0.20200', 'NX_0_ctr': '2.17200', 'NX_0_len_tra': 30.0, 'NX_0_R_tra': 65.16, 'NX_10_CV': '0.25200', 'NX_10_CV_turn': '0.25200', 'NX_10_ctr': '2.29800', 'NX_10_len_tra': 10.0, 'NX_10_R_tra': 22.98}]
[I 240414 16:07:54 utils:142] Epoch: [67], Info: [{'num_test': 100, 'CV': '0.05200', 'CV_turn': '0.01733', 'ctr': '2.78900', 'len_tra': 30.0, 'R_tra': 83.67, 'NX_0_CV': '0.58300', 'NX_0_CV_turn': '0.19433', 'NX_0_ctr': '2.33133', 'NX_0_len_tra': 30.0, 'NX_0_R_tra': 69.94, 'NX_10_CV': '0.25100', 'NX_10_CV_turn': '0.25100', 'NX_10_ctr': '2.33300', 'NX_10_len_tra': 10.0, 'NX_10_R_tra': 23.33}]
[I 240414 16:08:03 utils:142] Epoch: [68], Info: [{'num_test': 100, 'CV': '0.10000', 'CV_turn': '0.03333', 'ctr': '2.93000', 'len_tra': 30.0, 'R_tra': 87.9, 'NX_0_CV': '0.59000', 'NX_0_CV_turn': '0.19667', 'NX_0_ctr': '2.19367', 'NX_0_len_tra': 30.0, 'NX_0_R_tra': 65.81, 'NX_10_CV': '0.23900', 'NX_10_CV_turn': '0.23900', 'NX_10_ctr': '2.35800', 'NX_10_len_tra': 10.0, 'NX_10_R_tra': 23.58}]
[I 240414 16:08:12 utils:142] Epoch: [69], Info: [{'num_test': 100, 'CV': '0.09400', 'CV_turn': '0.03133', 'ctr': '2.92600', 'len_tra': 30.0, 'R_tra': 87.78, 'NX_0_CV': '0.65300', 'NX_0_CV_turn': '0.21767', 'NX_0_ctr': '2.07933', 'NX_0_len_tra': 30.0, 'NX_0_R_tra': 62.38, 'NX_10_CV': '0.25300', 'NX_10_CV_turn': '0.25300', 'NX_10_ctr': '2.32400', 'NX_10_len_tra': 10.0, 'NX_10_R_tra': 23.24}]
[I 240414 16:08:21 utils:142] Epoch: [70], Info: [{'num_test': 100, 'CV': '0.12200', 'CV_turn': '0.04067', 'ctr': '2.65500', 'len_tra': 30.0, 'R_tra': 79.65, 'NX_0_CV': '0.60500', 'NX_0_CV_turn': '0.20167', 'NX_0_ctr': '2.21367', 'NX_0_len_tra': 30.0, 'NX_0_R_tra': 66.41, 'NX_10_CV': '0.26900', 'NX_10_CV_turn': '0.26900', 'NX_10_ctr': '2.19200', 'NX_10_len_tra': 10.0, 'NX_10_R_tra': 21.92}]
[I 240414 16:08:30 utils:142] Epoch: [71], Info: [{'num_test': 100, 'CV': '0.10000', 'CV_turn': '0.03333', 'ctr': '2.90000', 'len_tra': 30.0, 'R_tra': 87.0, 'NX_0_CV': '0.60600', 'NX_0_CV_turn': '0.20200', 'NX_0_ctr': '2.21667', 'NX_0_len_tra': 30.0, 'NX_0_R_tra': 66.5, 'NX_10_CV': '0.25100', 'NX_10_CV_turn': '0.25100', 'NX_10_ctr': '2.37000', 'NX_10_len_tra': 10.0, 'NX_10_R_tra': 23.7}]
[I 240414 16:08:39 utils:142] Epoch: [72], Info: [{'num_test': 100, 'CV': '0.12100', 'CV_turn': '0.04033', 'ctr': '2.80967', 'len_tra': 30.0, 'R_tra': 84.29, 'NX_0_CV': '0.59000', 'NX_0_CV_turn': '0.19667', 'NX_0_ctr': '2.24400', 'NX_0_len_tra': 30.0, 'NX_0_R_tra': 67.32, 'NX_10_CV': '0.24500', 'NX_10_CV_turn': '0.24500', 'NX_10_ctr': '2.44400', 'NX_10_len_tra': 10.0, 'NX_10_R_tra': 24.44}]
[I 240414 16:08:49 utils:142] Epoch: [73], Info: [{'num_test': 100, 'CV': '0.07300', 'CV_turn': '0.02433', 'ctr': '2.98867', 'len_tra': 30.0, 'R_tra': 89.66, 'NX_0_CV': '0.63300', 'NX_0_CV_turn': '0.21100', 'NX_0_ctr': '2.09833', 'NX_0_len_tra': 30.0, 'NX_0_R_tra': 62.95, 'NX_10_CV': '0.24400', 'NX_10_CV_turn': '0.24400', 'NX_10_ctr': '2.45400', 'NX_10_len_tra': 10.0, 'NX_10_R_tra': 24.54}]
[I 240414 16:08:58 utils:142] Epoch: [74], Info: [{'num_test': 100, 'CV': '0.09800', 'CV_turn': '0.03267', 'ctr': '2.86967', 'len_tra': 30.0, 'R_tra': 86.09, 'NX_0_CV': '0.60900', 'NX_0_CV_turn': '0.20300', 'NX_0_ctr': '2.30733', 'NX_0_len_tra': 30.0, 'NX_0_R_tra': 69.22, 'NX_10_CV': '0.26800', 'NX_10_CV_turn': '0.26800', 'NX_10_ctr': '2.35800', 'NX_10_len_tra': 10.0, 'NX_10_R_tra': 23.58}]
[I 240414 16:09:07 utils:142] Epoch: [75], Info: [{'num_test': 100, 'CV': '0.12200', 'CV_turn': '0.04067', 'ctr': '2.58767', 'len_tra': 30.0, 'R_tra': 77.63, 'NX_0_CV': '0.60500', 'NX_0_CV_turn': '0.20167', 'NX_0_ctr': '2.24000', 'NX_0_len_tra': 30.0, 'NX_0_R_tra': 67.2, 'NX_10_CV': '0.23800', 'NX_10_CV_turn': '0.23800', 'NX_10_ctr': '2.39200', 'NX_10_len_tra': 10.0, 'NX_10_R_tra': 23.92}]
[I 240414 16:09:17 utils:142] Epoch: [76], Info: [{'num_test': 100, 'CV': '0.08200', 'CV_turn': '0.02733', 'ctr': '2.98833', 'len_tra': 30.0, 'R_tra': 89.65, 'NX_0_CV': '0.61400', 'NX_0_CV_turn': '0.20467', 'NX_0_ctr': '2.13567', 'NX_0_len_tra': 30.0, 'NX_0_R_tra': 64.07, 'NX_10_CV': '0.24100', 'NX_10_CV_turn': '0.24100', 'NX_10_ctr': '2.43700', 'NX_10_len_tra': 10.0, 'NX_10_R_tra': 24.37}]
[I 240414 16:09:26 utils:142] Epoch: [77], Info: [{'num_test': 100, 'CV': '0.09900', 'CV_turn': '0.03300', 'ctr': '2.94667', 'len_tra': 30.0, 'R_tra': 88.4, 'NX_0_CV': '0.62800', 'NX_0_CV_turn': '0.20933', 'NX_0_ctr': '2.11333', 'NX_0_len_tra': 30.0, 'NX_0_R_tra': 63.4, 'NX_10_CV': '0.24600', 'NX_10_CV_turn': '0.24600', 'NX_10_ctr': '2.39400', 'NX_10_len_tra': 10.0, 'NX_10_R_tra': 23.94}]
[I 240414 16:09:36 utils:142] Epoch: [78], Info: [{'num_test': 100, 'CV': '0.12000', 'CV_turn': '0.04000', 'ctr': '2.75667', 'len_tra': 30.0, 'R_tra': 82.7, 'NX_0_CV': '0.62500', 'NX_0_CV_turn': '0.20833', 'NX_0_ctr': '2.12067', 'NX_0_len_tra': 30.0, 'NX_0_R_tra': 63.62, 'NX_10_CV': '0.24200', 'NX_10_CV_turn': '0.24200', 'NX_10_ctr': '2.43400', 'NX_10_len_tra': 10.0, 'NX_10_R_tra': 24.34}]
[I 240414 16:09:46 utils:142] Epoch: [79], Info: [{'num_test': 100, 'CV': '0.07800', 'CV_turn': '0.02600', 'ctr': '2.97067', 'len_tra': 30.0, 'R_tra': 89.12, 'NX_0_CV': '0.61500', 'NX_0_CV_turn': '0.20500', 'NX_0_ctr': '2.13800', 'NX_0_len_tra': 30.0, 'NX_0_R_tra': 64.14, 'NX_10_CV': '0.24400', 'NX_10_CV_turn': '0.24400', 'NX_10_ctr': '2.39900', 'NX_10_len_tra': 10.0, 'NX_10_R_tra': 23.99}]
[I 240414 16:09:55 utils:142] Epoch: [80], Info: [{'num_test': 100, 'CV': '0.05400', 'CV_turn': '0.01800', 'ctr': '3.14433', 'len_tra': 30.0, 'R_tra': 94.33, 'NX_0_CV': '0.62900', 'NX_0_CV_turn': '0.20967', 'NX_0_ctr': '2.11200', 'NX_0_len_tra': 30.0, 'NX_0_R_tra': 63.36, 'NX_10_CV': '0.25400', 'NX_10_CV_turn': '0.25400', 'NX_10_ctr': '2.31000', 'NX_10_len_tra': 10.0, 'NX_10_R_tra': 23.1}]
[I 240414 16:10:05 utils:142] Epoch: [81], Info: [{'num_test': 100, 'CV': '0.09700', 'CV_turn': '0.03233', 'ctr': '2.93700', 'len_tra': 30.0, 'R_tra': 88.11, 'NX_0_CV': '0.61900', 'NX_0_CV_turn': '0.20633', 'NX_0_ctr': '2.23333', 'NX_0_len_tra': 30.0, 'NX_0_R_tra': 67.0, 'NX_10_CV': '0.24500', 'NX_10_CV_turn': '0.24500', 'NX_10_ctr': '2.43000', 'NX_10_len_tra': 10.0, 'NX_10_R_tra': 24.3}]
[I 240414 16:10:15 utils:142] Epoch: [82], Info: [{'num_test': 100, 'CV': '0.07700', 'CV_turn': '0.02567', 'ctr': '2.84033', 'len_tra': 30.0, 'R_tra': 85.21, 'NX_0_CV': '0.62100', 'NX_0_CV_turn': '0.20700', 'NX_0_ctr': '2.14667', 'NX_0_len_tra': 30.0, 'NX_0_R_tra': 64.4, 'NX_10_CV': '0.22600', 'NX_10_CV_turn': '0.22600', 'NX_10_ctr': '2.46700', 'NX_10_len_tra': 10.0, 'NX_10_R_tra': 24.67}]
[I 240414 16:10:25 utils:142] Epoch: [83], Info: [{'num_test': 100, 'CV': '0.09400', 'CV_turn': '0.03133', 'ctr': '2.67067', 'len_tra': 30.0, 'R_tra': 80.12, 'NX_0_CV': '0.62200', 'NX_0_CV_turn': '0.20733', 'NX_0_ctr': '2.14300', 'NX_0_len_tra': 30.0, 'NX_0_R_tra': 64.29, 'NX_10_CV': '0.25300', 'NX_10_CV_turn': '0.25300', 'NX_10_ctr': '2.31900', 'NX_10_len_tra': 10.0, 'NX_10_R_tra': 23.19}]
[I 240414 16:10:35 utils:142] Epoch: [84], Info: [{'num_test': 100, 'CV': '0.09500', 'CV_turn': '0.03167', 'ctr': '2.71800', 'len_tra': 30.0, 'R_tra': 81.54, 'NX_0_CV': '0.62900', 'NX_0_CV_turn': '0.20967', 'NX_0_ctr': '2.19133', 'NX_0_len_tra': 30.0, 'NX_0_R_tra': 65.74, 'NX_10_CV': '0.24300', 'NX_10_CV_turn': '0.24300', 'NX_10_ctr': '2.37600', 'NX_10_len_tra': 10.0, 'NX_10_R_tra': 23.76}]
[I 240414 16:10:45 utils:142] Epoch: [85], Info: [{'num_test': 100, 'CV': '0.07600', 'CV_turn': '0.02533', 'ctr': '2.86100', 'len_tra': 30.0, 'R_tra': 85.83, 'NX_0_CV': '0.60600', 'NX_0_CV_turn': '0.20200', 'NX_0_ctr': '2.21533', 'NX_0_len_tra': 30.0, 'NX_0_R_tra': 66.46, 'NX_10_CV': '0.25500', 'NX_10_CV_turn': '0.25500', 'NX_10_ctr': '2.40700', 'NX_10_len_tra': 10.0, 'NX_10_R_tra': 24.07}]
[I 240414 16:10:55 utils:142] Epoch: [86], Info: [{'num_test': 100, 'CV': '0.09000', 'CV_turn': '0.03000', 'ctr': '2.78700', 'len_tra': 30.0, 'R_tra': 83.61, 'NX_0_CV': '0.63400', 'NX_0_CV_turn': '0.21133', 'NX_0_ctr': '2.17433', 'NX_0_len_tra': 30.0, 'NX_0_R_tra': 65.23, 'NX_10_CV': '0.22400', 'NX_10_CV_turn': '0.22400', 'NX_10_ctr': '2.41500', 'NX_10_len_tra': 10.0, 'NX_10_R_tra': 24.15}]
[I 240414 16:11:05 utils:142] Epoch: [87], Info: [{'num_test': 100, 'CV': '0.06100', 'CV_turn': '0.02033', 'ctr': '2.87400', 'len_tra': 30.0, 'R_tra': 86.22, 'NX_0_CV': '0.60400', 'NX_0_CV_turn': '0.20133', 'NX_0_ctr': '2.22733', 'NX_0_len_tra': 30.0, 'NX_0_R_tra': 66.82, 'NX_10_CV': '0.26900', 'NX_10_CV_turn': '0.26900', 'NX_10_ctr': '2.30600', 'NX_10_len_tra': 10.0, 'NX_10_R_tra': 23.06}]
[I 240414 16:11:16 utils:142] Epoch: [88], Info: [{'num_test': 100, 'CV': '0.12500', 'CV_turn': '0.04167', 'ctr': '2.83200', 'len_tra': 30.0, 'R_tra': 84.96, 'NX_0_CV': '0.63500', 'NX_0_CV_turn': '0.21167', 'NX_0_ctr': '2.10500', 'NX_0_len_tra': 30.0, 'NX_0_R_tra': 63.15, 'NX_10_CV': '0.24900', 'NX_10_CV_turn': '0.24900', 'NX_10_ctr': '2.43900', 'NX_10_len_tra': 10.0, 'NX_10_R_tra': 24.39}]
[I 240414 16:11:26 utils:142] Epoch: [89], Info: [{'num_test': 100, 'CV': '0.06300', 'CV_turn': '0.02100', 'ctr': '2.86800', 'len_tra': 30.0, 'R_tra': 86.04, 'NX_0_CV': '0.60600', 'NX_0_CV_turn': '0.20200', 'NX_0_ctr': '2.10600', 'NX_0_len_tra': 30.0, 'NX_0_R_tra': 63.18, 'NX_10_CV': '0.24600', 'NX_10_CV_turn': '0.24600', 'NX_10_ctr': '2.41300', 'NX_10_len_tra': 10.0, 'NX_10_R_tra': 24.13}]
[I 240414 16:11:36 utils:142] Epoch: [90], Info: [{'num_test': 100, 'CV': '0.07800', 'CV_turn': '0.02600', 'ctr': '2.89467', 'len_tra': 30.0, 'R_tra': 86.84, 'NX_0_CV': '0.59400', 'NX_0_CV_turn': '0.19800', 'NX_0_ctr': '2.17067', 'NX_0_len_tra': 30.0, 'NX_0_R_tra': 65.12, 'NX_10_CV': '0.23400', 'NX_10_CV_turn': '0.23400', 'NX_10_ctr': '2.39700', 'NX_10_len_tra': 10.0, 'NX_10_R_tra': 23.97}]
[I 240414 16:11:47 utils:142] Epoch: [91], Info: [{'num_test': 100, 'CV': '0.09300', 'CV_turn': '0.03100', 'ctr': '2.94567', 'len_tra': 30.0, 'R_tra': 88.37, 'NX_0_CV': '0.58800', 'NX_0_CV_turn': '0.19600', 'NX_0_ctr': '2.33767', 'NX_0_len_tra': 30.0, 'NX_0_R_tra': 70.13, 'NX_10_CV': '0.25200', 'NX_10_CV_turn': '0.25200', 'NX_10_ctr': '2.41000', 'NX_10_len_tra': 10.0, 'NX_10_R_tra': 24.1}]
[I 240414 16:11:57 utils:142] Epoch: [92], Info: [{'num_test': 100, 'CV': '0.09200', 'CV_turn': '0.03067', 'ctr': '2.79967', 'len_tra': 30.0, 'R_tra': 83.99, 'NX_0_CV': '0.59500', 'NX_0_CV_turn': '0.19833', 'NX_0_ctr': '2.23300', 'NX_0_len_tra': 30.0, 'NX_0_R_tra': 66.99, 'NX_10_CV': '0.25200', 'NX_10_CV_turn': '0.25200', 'NX_10_ctr': '2.37700', 'NX_10_len_tra': 10.0, 'NX_10_R_tra': 23.77}]
[I 240414 16:12:08 utils:142] Epoch: [93], Info: [{'num_test': 100, 'CV': '0.06900', 'CV_turn': '0.02300', 'ctr': '2.82967', 'len_tra': 30.0, 'R_tra': 84.89, 'NX_0_CV': '0.60000', 'NX_0_CV_turn': '0.20000', 'NX_0_ctr': '2.21800', 'NX_0_len_tra': 30.0, 'NX_0_R_tra': 66.54, 'NX_10_CV': '0.25100', 'NX_10_CV_turn': '0.25100', 'NX_10_ctr': '2.43600', 'NX_10_len_tra': 10.0, 'NX_10_R_tra': 24.36}]
[I 240414 16:12:18 utils:142] Epoch: [94], Info: [{'num_test': 100, 'CV': '0.07500', 'CV_turn': '0.02500', 'ctr': '2.74133', 'len_tra': 30.0, 'R_tra': 82.24, 'NX_0_CV': '0.59700', 'NX_0_CV_turn': '0.19900', 'NX_0_ctr': '2.14200', 'NX_0_len_tra': 30.0, 'NX_0_R_tra': 64.26, 'NX_10_CV': '0.26000', 'NX_10_CV_turn': '0.26000', 'NX_10_ctr': '2.21200', 'NX_10_len_tra': 10.0, 'NX_10_R_tra': 22.12}]
[I 240414 16:12:29 utils:142] Epoch: [95], Info: [{'num_test': 100, 'CV': '0.09000', 'CV_turn': '0.03000', 'ctr': '2.77100', 'len_tra': 30.0, 'R_tra': 83.13, 'NX_0_CV': '0.61000', 'NX_0_CV_turn': '0.20333', 'NX_0_ctr': '2.15667', 'NX_0_len_tra': 30.0, 'NX_0_R_tra': 64.7, 'NX_10_CV': '0.27000', 'NX_10_CV_turn': '0.27000', 'NX_10_ctr': '2.24100', 'NX_10_len_tra': 10.0, 'NX_10_R_tra': 22.41}]
[I 240414 16:12:40 utils:142] Epoch: [96], Info: [{'num_test': 100, 'CV': '0.07100', 'CV_turn': '0.02367', 'ctr': '2.94933', 'len_tra': 30.0, 'R_tra': 88.48, 'NX_0_CV': '0.60800', 'NX_0_CV_turn': '0.20267', 'NX_0_ctr': '2.14800', 'NX_0_len_tra': 30.0, 'NX_0_R_tra': 64.44, 'NX_10_CV': '0.24400', 'NX_10_CV_turn': '0.24400', 'NX_10_ctr': '2.36800', 'NX_10_len_tra': 10.0, 'NX_10_R_tra': 23.68}]
[I 240414 16:12:50 utils:142] Epoch: [97], Info: [{'num_test': 100, 'CV': '0.06800', 'CV_turn': '0.02267', 'ctr': '2.96433', 'len_tra': 30.0, 'R_tra': 88.93, 'NX_0_CV': '0.60300', 'NX_0_CV_turn': '0.20100', 'NX_0_ctr': '2.18967', 'NX_0_len_tra': 30.0, 'NX_0_R_tra': 65.69, 'NX_10_CV': '0.27500', 'NX_10_CV_turn': '0.27500', 'NX_10_ctr': '2.27500', 'NX_10_len_tra': 10.0, 'NX_10_R_tra': 22.75}]
[I 240414 16:13:01 utils:142] Epoch: [98], Info: [{'num_test': 100, 'CV': '0.09500', 'CV_turn': '0.03167', 'ctr': '2.82867', 'len_tra': 30.0, 'R_tra': 84.86, 'NX_0_CV': '0.61300', 'NX_0_CV_turn': '0.20433', 'NX_0_ctr': '2.04233', 'NX_0_len_tra': 30.0, 'NX_0_R_tra': 61.27, 'NX_10_CV': '0.25900', 'NX_10_CV_turn': '0.25900', 'NX_10_ctr': '2.38800', 'NX_10_len_tra': 10.0, 'NX_10_R_tra': 23.88}]
[I 240414 16:13:12 utils:142] Epoch: [99], Info: [{'num_test': 100, 'CV': '0.09700', 'CV_turn': '0.03233', 'ctr': '2.77533', 'len_tra': 30.0, 'R_tra': 83.26, 'NX_0_CV': '0.59400', 'NX_0_CV_turn': '0.19800', 'NX_0_ctr': '2.19533', 'NX_0_len_tra': 30.0, 'NX_0_R_tra': 65.86, 'NX_10_CV': '0.24000', 'NX_10_CV_turn': '0.24000', 'NX_10_ctr': '2.38200', 'NX_10_len_tra': 10.0, 'NX_10_R_tra': 23.82}]
[I 240414 16:13:23 utils:142] Epoch: [100], Info: [{'num_test': 100, 'CV': '0.09700', 'CV_turn': '0.03233', 'ctr': '2.88733', 'len_tra': 30.0, 'R_tra': 86.62, 'NX_0_CV': '0.58200', 'NX_0_CV_turn': '0.19400', 'NX_0_ctr': '2.18567', 'NX_0_len_tra': 30.0, 'NX_0_R_tra': 65.57, 'NX_10_CV': '0.24700', 'NX_10_CV_turn': '0.24700', 'NX_10_ctr': '2.43100', 'NX_10_len_tra': 10.0, 'NX_10_R_tra': 24.31}]
[I 240414 16:13:34 utils:142] Epoch: [101], Info: [{'num_test': 100, 'CV': '0.07500', 'CV_turn': '0.02500', 'ctr': '2.84733', 'len_tra': 30.0, 'R_tra': 85.42, 'NX_0_CV': '0.61500', 'NX_0_CV_turn': '0.20500', 'NX_0_ctr': '2.10700', 'NX_0_len_tra': 30.0, 'NX_0_R_tra': 63.21, 'NX_10_CV': '0.26400', 'NX_10_CV_turn': '0.26400', 'NX_10_ctr': '2.25200', 'NX_10_len_tra': 10.0, 'NX_10_R_tra': 22.52}]
[I 240414 16:13:45 utils:142] Epoch: [102], Info: [{'num_test': 100, 'CV': '0.07600', 'CV_turn': '0.02533', 'ctr': '2.78567', 'len_tra': 30.0, 'R_tra': 83.57, 'NX_0_CV': '0.59000', 'NX_0_CV_turn': '0.19667', 'NX_0_ctr': '2.16867', 'NX_0_len_tra': 30.0, 'NX_0_R_tra': 65.06, 'NX_10_CV': '0.26100', 'NX_10_CV_turn': '0.26100', 'NX_10_ctr': '2.22300', 'NX_10_len_tra': 10.0, 'NX_10_R_tra': 22.23}]
[I 240414 16:13:57 utils:142] Epoch: [103], Info: [{'num_test': 100, 'CV': '0.09700', 'CV_turn': '0.03233', 'ctr': '2.72933', 'len_tra': 30.0, 'R_tra': 81.88, 'NX_0_CV': '0.57800', 'NX_0_CV_turn': '0.19267', 'NX_0_ctr': '2.24167', 'NX_0_len_tra': 30.0, 'NX_0_R_tra': 67.25, 'NX_10_CV': '0.25700', 'NX_10_CV_turn': '0.25700', 'NX_10_ctr': '2.35300', 'NX_10_len_tra': 10.0, 'NX_10_R_tra': 23.53}]
[I 240414 16:14:08 utils:142] Epoch: [104], Info: [{'num_test': 100, 'CV': '0.09300', 'CV_turn': '0.03100', 'ctr': '2.83767', 'len_tra': 30.0, 'R_tra': 85.13, 'NX_0_CV': '0.61900', 'NX_0_CV_turn': '0.20633', 'NX_0_ctr': '2.13067', 'NX_0_len_tra': 30.0, 'NX_0_R_tra': 63.92, 'NX_10_CV': '0.24100', 'NX_10_CV_turn': '0.24100', 'NX_10_ctr': '2.43300', 'NX_10_len_tra': 10.0, 'NX_10_R_tra': 24.33}]
[I 240414 16:14:19 utils:142] Epoch: [105], Info: [{'num_test': 100, 'CV': '0.06600', 'CV_turn': '0.02200', 'ctr': '2.86100', 'len_tra': 30.0, 'R_tra': 85.83, 'NX_0_CV': '0.56200', 'NX_0_CV_turn': '0.18733', 'NX_0_ctr': '2.31233', 'NX_0_len_tra': 30.0, 'NX_0_R_tra': 69.37, 'NX_10_CV': '0.26600', 'NX_10_CV_turn': '0.26600', 'NX_10_ctr': '2.31700', 'NX_10_len_tra': 10.0, 'NX_10_R_tra': 23.17}]
[I 240414 16:14:31 utils:142] Epoch: [106], Info: [{'num_test': 100, 'CV': '0.04500', 'CV_turn': '0.01500', 'ctr': '2.83367', 'len_tra': 30.0, 'R_tra': 85.01, 'NX_0_CV': '0.59100', 'NX_0_CV_turn': '0.19700', 'NX_0_ctr': '2.15800', 'NX_0_len_tra': 30.0, 'NX_0_R_tra': 64.74, 'NX_10_CV': '0.23700', 'NX_10_CV_turn': '0.23700', 'NX_10_ctr': '2.44200', 'NX_10_len_tra': 10.0, 'NX_10_R_tra': 24.42}]
[I 240414 16:14:42 utils:142] Epoch: [107], Info: [{'num_test': 100, 'CV': '0.06700', 'CV_turn': '0.02233', 'ctr': '2.86800', 'len_tra': 30.0, 'R_tra': 86.04, 'NX_0_CV': '0.58100', 'NX_0_CV_turn': '0.19367', 'NX_0_ctr': '2.19700', 'NX_0_len_tra': 30.0, 'NX_0_R_tra': 65.91, 'NX_10_CV': '0.23400', 'NX_10_CV_turn': '0.23400', 'NX_10_ctr': '2.47900', 'NX_10_len_tra': 10.0, 'NX_10_R_tra': 24.79}]
[I 240414 16:14:54 utils:142] Epoch: [108], Info: [{'num_test': 100, 'CV': '0.06700', 'CV_turn': '0.02233', 'ctr': '2.69467', 'len_tra': 30.0, 'R_tra': 80.84, 'NX_0_CV': '0.56200', 'NX_0_CV_turn': '0.18733', 'NX_0_ctr': '2.36200', 'NX_0_len_tra': 30.0, 'NX_0_R_tra': 70.86, 'NX_10_CV': '0.27400', 'NX_10_CV_turn': '0.27400', 'NX_10_ctr': '2.23200', 'NX_10_len_tra': 10.0, 'NX_10_R_tra': 22.32}]
[I 240414 16:15:05 utils:142] Epoch: [109], Info: [{'num_test': 100, 'CV': '0.12700', 'CV_turn': '0.04233', 'ctr': '2.44933', 'len_tra': 30.0, 'R_tra': 73.48, 'NX_0_CV': '0.55800', 'NX_0_CV_turn': '0.18600', 'NX_0_ctr': '2.31833', 'NX_0_len_tra': 30.0, 'NX_0_R_tra': 69.55, 'NX_10_CV': '0.25800', 'NX_10_CV_turn': '0.25800', 'NX_10_ctr': '2.28700', 'NX_10_len_tra': 10.0, 'NX_10_R_tra': 22.87}]
[I 240414 16:15:17 utils:142] Epoch: [110], Info: [{'num_test': 100, 'CV': '0.08800', 'CV_turn': '0.02933', 'ctr': '2.76000', 'len_tra': 30.0, 'R_tra': 82.8, 'NX_0_CV': '0.60700', 'NX_0_CV_turn': '0.20233', 'NX_0_ctr': '2.19000', 'NX_0_len_tra': 30.0, 'NX_0_R_tra': 65.7, 'NX_10_CV': '0.26300', 'NX_10_CV_turn': '0.26300', 'NX_10_ctr': '2.23400', 'NX_10_len_tra': 10.0, 'NX_10_R_tra': 22.34}]
[I 240414 16:15:28 utils:142] Epoch: [111], Info: [{'num_test': 100, 'CV': '0.06600', 'CV_turn': '0.02200', 'ctr': '2.82033', 'len_tra': 30.0, 'R_tra': 84.61, 'NX_0_CV': '0.57900', 'NX_0_CV_turn': '0.19300', 'NX_0_ctr': '2.22633', 'NX_0_len_tra': 30.0, 'NX_0_R_tra': 66.79, 'NX_10_CV': '0.25900', 'NX_10_CV_turn': '0.25900', 'NX_10_ctr': '2.39400', 'NX_10_len_tra': 10.0, 'NX_10_R_tra': 23.94}]
[I 240414 16:15:40 utils:142] Epoch: [112], Info: [{'num_test': 100, 'CV': '0.05100', 'CV_turn': '0.01700', 'ctr': '2.76967', 'len_tra': 30.0, 'R_tra': 83.09, 'NX_0_CV': '0.60000', 'NX_0_CV_turn': '0.20000', 'NX_0_ctr': '2.17533', 'NX_0_len_tra': 30.0, 'NX_0_R_tra': 65.26, 'NX_10_CV': '0.28200', 'NX_10_CV_turn': '0.28200', 'NX_10_ctr': '2.32300', 'NX_10_len_tra': 10.0, 'NX_10_R_tra': 23.23}]
[I 240414 16:15:52 utils:142] Epoch: [113], Info: [{'num_test': 100, 'CV': '0.08900', 'CV_turn': '0.02967', 'ctr': '2.60567', 'len_tra': 30.0, 'R_tra': 78.17, 'NX_0_CV': '0.59400', 'NX_0_CV_turn': '0.19800', 'NX_0_ctr': '2.21933', 'NX_0_len_tra': 30.0, 'NX_0_R_tra': 66.58, 'NX_10_CV': '0.22800', 'NX_10_CV_turn': '0.22800', 'NX_10_ctr': '2.47900', 'NX_10_len_tra': 10.0, 'NX_10_R_tra': 24.79}]
[I 240414 16:16:04 utils:142] Epoch: [114], Info: [{'num_test': 100, 'CV': '0.06900', 'CV_turn': '0.02300', 'ctr': '2.74600', 'len_tra': 30.0, 'R_tra': 82.38, 'NX_0_CV': '0.57800', 'NX_0_CV_turn': '0.19267', 'NX_0_ctr': '2.19633', 'NX_0_len_tra': 30.0, 'NX_0_R_tra': 65.89, 'NX_10_CV': '0.25500', 'NX_10_CV_turn': '0.25500', 'NX_10_ctr': '2.33400', 'NX_10_len_tra': 10.0, 'NX_10_R_tra': 23.34}]
[I 240414 16:16:16 utils:142] Epoch: [115], Info: [{'num_test': 100, 'CV': '0.07700', 'CV_turn': '0.02567', 'ctr': '2.68733', 'len_tra': 30.0, 'R_tra': 80.62, 'NX_0_CV': '0.56600', 'NX_0_CV_turn': '0.18867', 'NX_0_ctr': '2.19867', 'NX_0_len_tra': 30.0, 'NX_0_R_tra': 65.96, 'NX_10_CV': '0.22300', 'NX_10_CV_turn': '0.22300', 'NX_10_ctr': '2.54300', 'NX_10_len_tra': 10.0, 'NX_10_R_tra': 25.43}]
[I 240414 16:16:28 utils:142] Epoch: [116], Info: [{'num_test': 100, 'CV': '0.07600', 'CV_turn': '0.02533', 'ctr': '2.83667', 'len_tra': 30.0, 'R_tra': 85.1, 'NX_0_CV': '0.59800', 'NX_0_CV_turn': '0.19933', 'NX_0_ctr': '2.19767', 'NX_0_len_tra': 30.0, 'NX_0_R_tra': 65.93, 'NX_10_CV': '0.25100', 'NX_10_CV_turn': '0.25100', 'NX_10_ctr': '2.36800', 'NX_10_len_tra': 10.0, 'NX_10_R_tra': 23.68}]
[I 240414 16:16:40 utils:142] Epoch: [117], Info: [{'num_test': 100, 'CV': '0.07100', 'CV_turn': '0.02367', 'ctr': '2.67000', 'len_tra': 30.0, 'R_tra': 80.1, 'NX_0_CV': '0.59700', 'NX_0_CV_turn': '0.19900', 'NX_0_ctr': '2.26833', 'NX_0_len_tra': 30.0, 'NX_0_R_tra': 68.05, 'NX_10_CV': '0.28200', 'NX_10_CV_turn': '0.28200', 'NX_10_ctr': '2.29300', 'NX_10_len_tra': 10.0, 'NX_10_R_tra': 22.93}]
[I 240414 16:16:52 utils:142] Epoch: [118], Info: [{'num_test': 100, 'CV': '0.06400', 'CV_turn': '0.02133', 'ctr': '2.87267', 'len_tra': 30.0, 'R_tra': 86.18, 'NX_0_CV': '0.62500', 'NX_0_CV_turn': '0.20833', 'NX_0_ctr': '2.11267', 'NX_0_len_tra': 30.0, 'NX_0_R_tra': 63.38, 'NX_10_CV': '0.26000', 'NX_10_CV_turn': '0.26000', 'NX_10_ctr': '2.31000', 'NX_10_len_tra': 10.0, 'NX_10_R_tra': 23.1}]
[I 240414 16:17:04 utils:142] Epoch: [119], Info: [{'num_test': 100, 'CV': '0.05200', 'CV_turn': '0.01733', 'ctr': '2.79467', 'len_tra': 30.0, 'R_tra': 83.84, 'NX_0_CV': '0.61500', 'NX_0_CV_turn': '0.20500', 'NX_0_ctr': '2.10867', 'NX_0_len_tra': 30.0, 'NX_0_R_tra': 63.26, 'NX_10_CV': '0.23500', 'NX_10_CV_turn': '0.23500', 'NX_10_ctr': '2.39100', 'NX_10_len_tra': 10.0, 'NX_10_R_tra': 23.91}]
[I 240414 16:17:16 utils:142] Epoch: [120], Info: [{'num_test': 100, 'CV': '0.06800', 'CV_turn': '0.02267', 'ctr': '2.89833', 'len_tra': 30.0, 'R_tra': 86.95, 'NX_0_CV': '0.57800', 'NX_0_CV_turn': '0.19267', 'NX_0_ctr': '2.24933', 'NX_0_len_tra': 30.0, 'NX_0_R_tra': 67.48, 'NX_10_CV': '0.25000', 'NX_10_CV_turn': '0.25000', 'NX_10_ctr': '2.43600', 'NX_10_len_tra': 10.0, 'NX_10_R_tra': 24.36}]
[I 240414 16:17:29 utils:142] Epoch: [121], Info: [{'num_test': 100, 'CV': '0.08700', 'CV_turn': '0.02900', 'ctr': '2.61800', 'len_tra': 30.0, 'R_tra': 78.54, 'NX_0_CV': '0.59600', 'NX_0_CV_turn': '0.19867', 'NX_0_ctr': '2.15900', 'NX_0_len_tra': 30.0, 'NX_0_R_tra': 64.77, 'NX_10_CV': '0.25100', 'NX_10_CV_turn': '0.25100', 'NX_10_ctr': '2.44800', 'NX_10_len_tra': 10.0, 'NX_10_R_tra': 24.48}]
[I 240414 16:17:41 utils:142] Epoch: [122], Info: [{'num_test': 100, 'CV': '0.06300', 'CV_turn': '0.02100', 'ctr': '2.94033', 'len_tra': 30.0, 'R_tra': 88.21, 'NX_0_CV': '0.55600', 'NX_0_CV_turn': '0.18533', 'NX_0_ctr': '2.28433', 'NX_0_len_tra': 30.0, 'NX_0_R_tra': 68.53, 'NX_10_CV': '0.24400', 'NX_10_CV_turn': '0.24400', 'NX_10_ctr': '2.31400', 'NX_10_len_tra': 10.0, 'NX_10_R_tra': 23.14}]
[I 240414 16:17:54 utils:142] Epoch: [123], Info: [{'num_test': 100, 'CV': '0.05500', 'CV_turn': '0.01833', 'ctr': '2.82200', 'len_tra': 30.0, 'R_tra': 84.66, 'NX_0_CV': '0.57300', 'NX_0_CV_turn': '0.19100', 'NX_0_ctr': '2.23167', 'NX_0_len_tra': 30.0, 'NX_0_R_tra': 66.95, 'NX_10_CV': '0.21700', 'NX_10_CV_turn': '0.21700', 'NX_10_ctr': '2.53900', 'NX_10_len_tra': 10.0, 'NX_10_R_tra': 25.39}]
[I 240414 16:18:06 utils:142] Epoch: [124], Info: [{'num_test': 100, 'CV': '0.09100', 'CV_turn': '0.03033', 'ctr': '2.74167', 'len_tra': 30.0, 'R_tra': 82.25, 'NX_0_CV': '0.56800', 'NX_0_CV_turn': '0.18933', 'NX_0_ctr': '2.18100', 'NX_0_len_tra': 30.0, 'NX_0_R_tra': 65.43, 'NX_10_CV': '0.23400', 'NX_10_CV_turn': '0.23400', 'NX_10_ctr': '2.32800', 'NX_10_len_tra': 10.0, 'NX_10_R_tra': 23.28}]
[I 240414 16:18:19 utils:142] Epoch: [125], Info: [{'num_test': 100, 'CV': '0.07100', 'CV_turn': '0.02367', 'ctr': '2.79233', 'len_tra': 30.0, 'R_tra': 83.77, 'NX_0_CV': '0.57600', 'NX_0_CV_turn': '0.19200', 'NX_0_ctr': '2.13633', 'NX_0_len_tra': 30.0, 'NX_0_R_tra': 64.09, 'NX_10_CV': '0.22100', 'NX_10_CV_turn': '0.22100', 'NX_10_ctr': '2.35400', 'NX_10_len_tra': 10.0, 'NX_10_R_tra': 23.54}]
[I 240414 16:18:32 utils:142] Epoch: [126], Info: [{'num_test': 100, 'CV': '0.05500', 'CV_turn': '0.01833', 'ctr': '3.07300', 'len_tra': 30.0, 'R_tra': 92.19, 'NX_0_CV': '0.56800', 'NX_0_CV_turn': '0.18933', 'NX_0_ctr': '2.21533', 'NX_0_len_tra': 30.0, 'NX_0_R_tra': 66.46, 'NX_10_CV': '0.24500', 'NX_10_CV_turn': '0.24500', 'NX_10_ctr': '2.35000', 'NX_10_len_tra': 10.0, 'NX_10_R_tra': 23.5}]
[I 240414 16:18:44 utils:142] Epoch: [127], Info: [{'num_test': 100, 'CV': '0.05200', 'CV_turn': '0.01733', 'ctr': '2.88267', 'len_tra': 30.0, 'R_tra': 86.48, 'NX_0_CV': '0.59100', 'NX_0_CV_turn': '0.19700', 'NX_0_ctr': '2.14167', 'NX_0_len_tra': 30.0, 'NX_0_R_tra': 64.25, 'NX_10_CV': '0.24700', 'NX_10_CV_turn': '0.24700', 'NX_10_ctr': '2.32500', 'NX_10_len_tra': 10.0, 'NX_10_R_tra': 23.25}]
[I 240414 16:18:57 utils:142] Epoch: [128], Info: [{'num_test': 100, 'CV': '0.03900', 'CV_turn': '0.01300', 'ctr': '2.73767', 'len_tra': 30.0, 'R_tra': 82.13, 'NX_0_CV': '0.59400', 'NX_0_CV_turn': '0.19800', 'NX_0_ctr': '2.15733', 'NX_0_len_tra': 30.0, 'NX_0_R_tra': 64.72, 'NX_10_CV': '0.24000', 'NX_10_CV_turn': '0.24000', 'NX_10_ctr': '2.46800', 'NX_10_len_tra': 10.0, 'NX_10_R_tra': 24.68}]
[I 240414 16:19:10 utils:142] Epoch: [129], Info: [{'num_test': 100, 'CV': '0.07100', 'CV_turn': '0.02367', 'ctr': '2.81900', 'len_tra': 30.0, 'R_tra': 84.57, 'NX_0_CV': '0.57100', 'NX_0_CV_turn': '0.19033', 'NX_0_ctr': '2.18500', 'NX_0_len_tra': 30.0, 'NX_0_R_tra': 65.55, 'NX_10_CV': '0.23400', 'NX_10_CV_turn': '0.23400', 'NX_10_ctr': '2.32700', 'NX_10_len_tra': 10.0, 'NX_10_R_tra': 23.27}]
[I 240414 16:19:23 utils:142] Epoch: [130], Info: [{'num_test': 100, 'CV': '0.08400', 'CV_turn': '0.02800', 'ctr': '2.74433', 'len_tra': 30.0, 'R_tra': 82.33, 'NX_0_CV': '0.56200', 'NX_0_CV_turn': '0.18733', 'NX_0_ctr': '2.24967', 'NX_0_len_tra': 30.0, 'NX_0_R_tra': 67.49, 'NX_10_CV': '0.25300', 'NX_10_CV_turn': '0.25300', 'NX_10_ctr': '2.33200', 'NX_10_len_tra': 10.0, 'NX_10_R_tra': 23.32}]
[I 240414 16:19:36 utils:142] Epoch: [131], Info: [{'num_test': 100, 'CV': '0.04900', 'CV_turn': '0.01633', 'ctr': '2.54333', 'len_tra': 30.0, 'R_tra': 76.3, 'NX_0_CV': '0.56800', 'NX_0_CV_turn': '0.18933', 'NX_0_ctr': '2.25067', 'NX_0_len_tra': 30.0, 'NX_0_R_tra': 67.52, 'NX_10_CV': '0.25000', 'NX_10_CV_turn': '0.25000', 'NX_10_ctr': '2.29800', 'NX_10_len_tra': 10.0, 'NX_10_R_tra': 22.98}]
[I 240414 16:19:49 utils:142] Epoch: [132], Info: [{'num_test': 100, 'CV': '0.04900', 'CV_turn': '0.01633', 'ctr': '2.78233', 'len_tra': 30.0, 'R_tra': 83.47, 'NX_0_CV': '0.57600', 'NX_0_CV_turn': '0.19200', 'NX_0_ctr': '2.23100', 'NX_0_len_tra': 30.0, 'NX_0_R_tra': 66.93, 'NX_10_CV': '0.26400', 'NX_10_CV_turn': '0.26400', 'NX_10_ctr': '2.25000', 'NX_10_len_tra': 10.0, 'NX_10_R_tra': 22.5}]
[I 240414 16:20:02 utils:142] Epoch: [133], Info: [{'num_test': 100, 'CV': '0.04900', 'CV_turn': '0.01633', 'ctr': '2.75933', 'len_tra': 30.0, 'R_tra': 82.78, 'NX_0_CV': '0.60800', 'NX_0_CV_turn': '0.20267', 'NX_0_ctr': '2.12167', 'NX_0_len_tra': 30.0, 'NX_0_R_tra': 63.65, 'NX_10_CV': '0.25800', 'NX_10_CV_turn': '0.25800', 'NX_10_ctr': '2.36100', 'NX_10_len_tra': 10.0, 'NX_10_R_tra': 23.61}]
[I 240414 16:20:15 utils:142] Epoch: [134], Info: [{'num_test': 100, 'CV': '0.02600', 'CV_turn': '0.00867', 'ctr': '3.05633', 'len_tra': 30.0, 'R_tra': 91.69, 'NX_0_CV': '0.56700', 'NX_0_CV_turn': '0.18900', 'NX_0_ctr': '2.20767', 'NX_0_len_tra': 30.0, 'NX_0_R_tra': 66.23, 'NX_10_CV': '0.27000', 'NX_10_CV_turn': '0.27000', 'NX_10_ctr': '2.18900', 'NX_10_len_tra': 10.0, 'NX_10_R_tra': 21.89}]
[I 240414 16:20:28 utils:142] Epoch: [135], Info: [{'num_test': 100, 'CV': '0.04700', 'CV_turn': '0.01567', 'ctr': '2.88100', 'len_tra': 30.0, 'R_tra': 86.43, 'NX_0_CV': '0.60500', 'NX_0_CV_turn': '0.20167', 'NX_0_ctr': '2.19400', 'NX_0_len_tra': 30.0, 'NX_0_R_tra': 65.82, 'NX_10_CV': '0.23200', 'NX_10_CV_turn': '0.23200', 'NX_10_ctr': '2.30800', 'NX_10_len_tra': 10.0, 'NX_10_R_tra': 23.08}]
[I 240414 16:20:41 utils:142] Epoch: [136], Info: [{'num_test': 100, 'CV': '0.04600', 'CV_turn': '0.01533', 'ctr': '2.75700', 'len_tra': 30.0, 'R_tra': 82.71, 'NX_0_CV': '0.56600', 'NX_0_CV_turn': '0.18867', 'NX_0_ctr': '2.14467', 'NX_0_len_tra': 30.0, 'NX_0_R_tra': 64.34, 'NX_10_CV': '0.24200', 'NX_10_CV_turn': '0.24200', 'NX_10_ctr': '2.32200', 'NX_10_len_tra': 10.0, 'NX_10_R_tra': 23.22}]
[I 240414 16:20:55 utils:142] Epoch: [137], Info: [{'num_test': 100, 'CV': '0.03400', 'CV_turn': '0.01133', 'ctr': '2.83167', 'len_tra': 30.0, 'R_tra': 84.95, 'NX_0_CV': '0.56800', 'NX_0_CV_turn': '0.18933', 'NX_0_ctr': '2.21700', 'NX_0_len_tra': 30.0, 'NX_0_R_tra': 66.51, 'NX_10_CV': '0.24100', 'NX_10_CV_turn': '0.24100', 'NX_10_ctr': '2.35800', 'NX_10_len_tra': 10.0, 'NX_10_R_tra': 23.58}]
[I 240414 16:21:08 utils:142] Epoch: [138], Info: [{'num_test': 100, 'CV': '0.02900', 'CV_turn': '0.00967', 'ctr': '2.80867', 'len_tra': 30.0, 'R_tra': 84.26, 'NX_0_CV': '0.56800', 'NX_0_CV_turn': '0.18933', 'NX_0_ctr': '2.10833', 'NX_0_len_tra': 30.0, 'NX_0_R_tra': 63.25, 'NX_10_CV': '0.25300', 'NX_10_CV_turn': '0.25300', 'NX_10_ctr': '2.27800', 'NX_10_len_tra': 10.0, 'NX_10_R_tra': 22.78}]
[I 240414 16:21:21 utils:142] Epoch: [139], Info: [{'num_test': 100, 'CV': '0.05200', 'CV_turn': '0.01733', 'ctr': '2.80667', 'len_tra': 30.0, 'R_tra': 84.2, 'NX_0_CV': '0.57000', 'NX_0_CV_turn': '0.19000', 'NX_0_ctr': '2.23767', 'NX_0_len_tra': 30.0, 'NX_0_R_tra': 67.13, 'NX_10_CV': '0.27400', 'NX_10_CV_turn': '0.27400', 'NX_10_ctr': '2.28000', 'NX_10_len_tra': 10.0, 'NX_10_R_tra': 22.8}]
[I 240414 16:21:35 utils:142] Epoch: [140], Info: [{'num_test': 100, 'CV': '0.04500', 'CV_turn': '0.01500', 'ctr': '2.60067', 'len_tra': 30.0, 'R_tra': 78.02, 'NX_0_CV': '0.60400', 'NX_0_CV_turn': '0.20133', 'NX_0_ctr': '2.08567', 'NX_0_len_tra': 30.0, 'NX_0_R_tra': 62.57, 'NX_10_CV': '0.23600', 'NX_10_CV_turn': '0.23600', 'NX_10_ctr': '2.31800', 'NX_10_len_tra': 10.0, 'NX_10_R_tra': 23.18}]
[I 240414 16:21:49 utils:142] Epoch: [141], Info: [{'num_test': 100, 'CV': '0.05700', 'CV_turn': '0.01900', 'ctr': '2.64300', 'len_tra': 30.0, 'R_tra': 79.29, 'NX_0_CV': '0.57100', 'NX_0_CV_turn': '0.19033', 'NX_0_ctr': '2.23333', 'NX_0_len_tra': 30.0, 'NX_0_R_tra': 67.0, 'NX_10_CV': '0.25000', 'NX_10_CV_turn': '0.25000', 'NX_10_ctr': '2.35100', 'NX_10_len_tra': 10.0, 'NX_10_R_tra': 23.51}]
[I 240414 16:22:02 utils:142] Epoch: [142], Info: [{'num_test': 100, 'CV': '0.04900', 'CV_turn': '0.01633', 'ctr': '2.56133', 'len_tra': 30.0, 'R_tra': 76.84, 'NX_0_CV': '0.56600', 'NX_0_CV_turn': '0.18867', 'NX_0_ctr': '2.24767', 'NX_0_len_tra': 30.0, 'NX_0_R_tra': 67.43, 'NX_10_CV': '0.26500', 'NX_10_CV_turn': '0.26500', 'NX_10_ctr': '2.20300', 'NX_10_len_tra': 10.0, 'NX_10_R_tra': 22.03}]
[I 240414 16:22:16 utils:142] Epoch: [143], Info: [{'num_test': 100, 'CV': '0.05100', 'CV_turn': '0.01700', 'ctr': '2.92533', 'len_tra': 30.0, 'R_tra': 87.76, 'NX_0_CV': '0.57800', 'NX_0_CV_turn': '0.19267', 'NX_0_ctr': '2.11800', 'NX_0_len_tra': 30.0, 'NX_0_R_tra': 63.54, 'NX_10_CV': '0.24400', 'NX_10_CV_turn': '0.24400', 'NX_10_ctr': '2.32300', 'NX_10_len_tra': 10.0, 'NX_10_R_tra': 23.23}]
[I 240414 16:22:30 utils:142] Epoch: [144], Info: [{'num_test': 100, 'CV': '0.03500', 'CV_turn': '0.01167', 'ctr': '2.89000', 'len_tra': 30.0, 'R_tra': 86.7, 'NX_0_CV': '0.55700', 'NX_0_CV_turn': '0.18567', 'NX_0_ctr': '2.19767', 'NX_0_len_tra': 30.0, 'NX_0_R_tra': 65.93, 'NX_10_CV': '0.24800', 'NX_10_CV_turn': '0.24800', 'NX_10_ctr': '2.30300', 'NX_10_len_tra': 10.0, 'NX_10_R_tra': 23.03}]
[I 240414 16:22:44 utils:142] Epoch: [145], Info: [{'num_test': 100, 'CV': '0.04900', 'CV_turn': '0.01633', 'ctr': '2.97867', 'len_tra': 30.0, 'R_tra': 89.36, 'NX_0_CV': '0.56300', 'NX_0_CV_turn': '0.18767', 'NX_0_ctr': '2.18933', 'NX_0_len_tra': 30.0, 'NX_0_R_tra': 65.68, 'NX_10_CV': '0.24700', 'NX_10_CV_turn': '0.24700', 'NX_10_ctr': '2.24100', 'NX_10_len_tra': 10.0, 'NX_10_R_tra': 22.41}]
[I 240414 16:22:57 utils:142] Epoch: [146], Info: [{'num_test': 100, 'CV': '0.03100', 'CV_turn': '0.01033', 'ctr': '2.85867', 'len_tra': 30.0, 'R_tra': 85.76, 'NX_0_CV': '0.56300', 'NX_0_CV_turn': '0.18767', 'NX_0_ctr': '2.21667', 'NX_0_len_tra': 30.0, 'NX_0_R_tra': 66.5, 'NX_10_CV': '0.25000', 'NX_10_CV_turn': '0.25000', 'NX_10_ctr': '2.33300', 'NX_10_len_tra': 10.0, 'NX_10_R_tra': 23.33}]
[I 240414 16:23:11 utils:142] Epoch: [147], Info: [{'num_test': 100, 'CV': '0.06600', 'CV_turn': '0.02200', 'ctr': '2.71900', 'len_tra': 30.0, 'R_tra': 81.57, 'NX_0_CV': '0.59100', 'NX_0_CV_turn': '0.19700', 'NX_0_ctr': '2.08767', 'NX_0_len_tra': 30.0, 'NX_0_R_tra': 62.63, 'NX_10_CV': '0.23700', 'NX_10_CV_turn': '0.23700', 'NX_10_ctr': '2.39100', 'NX_10_len_tra': 10.0, 'NX_10_R_tra': 23.91}]
[I 240414 16:23:26 utils:142] Epoch: [148], Info: [{'num_test': 100, 'CV': '0.05500', 'CV_turn': '0.01833', 'ctr': '2.60967', 'len_tra': 30.0, 'R_tra': 78.29, 'NX_0_CV': '0.56500', 'NX_0_CV_turn': '0.18833', 'NX_0_ctr': '2.23067', 'NX_0_len_tra': 30.0, 'NX_0_R_tra': 66.92, 'NX_10_CV': '0.22700', 'NX_10_CV_turn': '0.22700', 'NX_10_ctr': '2.39000', 'NX_10_len_tra': 10.0, 'NX_10_R_tra': 23.9}]
[I 240414 16:23:40 utils:142] Epoch: [149], Info: [{'num_test': 100, 'CV': '0.05700', 'CV_turn': '0.01900', 'ctr': '2.79467', 'len_tra': 30.0, 'R_tra': 83.84, 'NX_0_CV': '0.55300', 'NX_0_CV_turn': '0.18433', 'NX_0_ctr': '2.23133', 'NX_0_len_tra': 30.0, 'NX_0_R_tra': 66.94, 'NX_10_CV': '0.24200', 'NX_10_CV_turn': '0.24200', 'NX_10_ctr': '2.34400', 'NX_10_len_tra': 10.0, 'NX_10_R_tra': 23.44}]
[I 240414 16:23:54 utils:142] Epoch: [150], Info: [{'num_test': 100, 'CV': '0.05700', 'CV_turn': '0.01900', 'ctr': '2.77400', 'len_tra': 30.0, 'R_tra': 83.22, 'NX_0_CV': '0.55900', 'NX_0_CV_turn': '0.18633', 'NX_0_ctr': '2.22600', 'NX_0_len_tra': 30.0, 'NX_0_R_tra': 66.78, 'NX_10_CV': '0.26300', 'NX_10_CV_turn': '0.26300', 'NX_10_ctr': '2.16300', 'NX_10_len_tra': 10.0, 'NX_10_R_tra': 21.63}]
[I 240414 16:24:08 utils:142] Epoch: [151], Info: [{'num_test': 100, 'CV': '0.04400', 'CV_turn': '0.01467', 'ctr': '2.54867', 'len_tra': 30.0, 'R_tra': 76.46, 'NX_0_CV': '0.60700', 'NX_0_CV_turn': '0.20233', 'NX_0_ctr': '2.04600', 'NX_0_len_tra': 30.0, 'NX_0_R_tra': 61.38, 'NX_10_CV': '0.23700', 'NX_10_CV_turn': '0.23700', 'NX_10_ctr': '2.30600', 'NX_10_len_tra': 10.0, 'NX_10_R_tra': 23.06}]
[I 240414 16:24:23 utils:142] Epoch: [152], Info: [{'num_test': 100, 'CV': '0.05700', 'CV_turn': '0.01900', 'ctr': '2.66900', 'len_tra': 30.0, 'R_tra': 80.07, 'NX_0_CV': '0.57200', 'NX_0_CV_turn': '0.19067', 'NX_0_ctr': '2.17833', 'NX_0_len_tra': 30.0, 'NX_0_R_tra': 65.35, 'NX_10_CV': '0.23700', 'NX_10_CV_turn': '0.23700', 'NX_10_ctr': '2.34500', 'NX_10_len_tra': 10.0, 'NX_10_R_tra': 23.45}]
[I 240414 16:24:37 utils:142] Epoch: [153], Info: [{'num_test': 100, 'CV': '0.03400', 'CV_turn': '0.01133', 'ctr': '2.90200', 'len_tra': 30.0, 'R_tra': 87.06, 'NX_0_CV': '0.53600', 'NX_0_CV_turn': '0.17867', 'NX_0_ctr': '2.36167', 'NX_0_len_tra': 30.0, 'NX_0_R_tra': 70.85, 'NX_10_CV': '0.22500', 'NX_10_CV_turn': '0.22500', 'NX_10_ctr': '2.40500', 'NX_10_len_tra': 10.0, 'NX_10_R_tra': 24.05}]
[I 240414 16:24:52 utils:142] Epoch: [154], Info: [{'num_test': 100, 'CV': '0.04500', 'CV_turn': '0.01500', 'ctr': '2.60433', 'len_tra': 30.0, 'R_tra': 78.13, 'NX_0_CV': '0.58500', 'NX_0_CV_turn': '0.19500', 'NX_0_ctr': '2.08800', 'NX_0_len_tra': 30.0, 'NX_0_R_tra': 62.64, 'NX_10_CV': '0.23300', 'NX_10_CV_turn': '0.23300', 'NX_10_ctr': '2.32000', 'NX_10_len_tra': 10.0, 'NX_10_R_tra': 23.2}]
[I 240414 16:25:06 utils:142] Epoch: [155], Info: [{'num_test': 100, 'CV': '0.04700', 'CV_turn': '0.01567', 'ctr': '2.82000', 'len_tra': 30.0, 'R_tra': 84.6, 'NX_0_CV': '0.55400', 'NX_0_CV_turn': '0.18467', 'NX_0_ctr': '2.18467', 'NX_0_len_tra': 30.0, 'NX_0_R_tra': 65.54, 'NX_10_CV': '0.25700', 'NX_10_CV_turn': '0.25700', 'NX_10_ctr': '2.21200', 'NX_10_len_tra': 10.0, 'NX_10_R_tra': 22.12}]
[I 240414 16:25:21 utils:142] Epoch: [156], Info: [{'num_test': 100, 'CV': '0.04600', 'CV_turn': '0.01533', 'ctr': '3.06533', 'len_tra': 30.0, 'R_tra': 91.96, 'NX_0_CV': '0.57200', 'NX_0_CV_turn': '0.19067', 'NX_0_ctr': '2.22000', 'NX_0_len_tra': 30.0, 'NX_0_R_tra': 66.6, 'NX_10_CV': '0.24300', 'NX_10_CV_turn': '0.24300', 'NX_10_ctr': '2.32100', 'NX_10_len_tra': 10.0, 'NX_10_R_tra': 23.21}]
[I 240414 16:25:35 utils:142] Epoch: [157], Info: [{'num_test': 100, 'CV': '0.04900', 'CV_turn': '0.01633', 'ctr': '2.73500', 'len_tra': 30.0, 'R_tra': 82.05, 'NX_0_CV': '0.57800', 'NX_0_CV_turn': '0.19267', 'NX_0_ctr': '2.14333', 'NX_0_len_tra': 30.0, 'NX_0_R_tra': 64.3, 'NX_10_CV': '0.22200', 'NX_10_CV_turn': '0.22200', 'NX_10_ctr': '2.38100', 'NX_10_len_tra': 10.0, 'NX_10_R_tra': 23.81}]
[I 240414 16:25:50 utils:142] Epoch: [158], Info: [{'num_test': 100, 'CV': '0.03800', 'CV_turn': '0.01267', 'ctr': '2.98500', 'len_tra': 30.0, 'R_tra': 89.55, 'NX_0_CV': '0.56400', 'NX_0_CV_turn': '0.18800', 'NX_0_ctr': '2.18500', 'NX_0_len_tra': 30.0, 'NX_0_R_tra': 65.55, 'NX_10_CV': '0.22900', 'NX_10_CV_turn': '0.22900', 'NX_10_ctr': '2.37200', 'NX_10_len_tra': 10.0, 'NX_10_R_tra': 23.72}]
[I 240414 16:26:05 utils:142] Epoch: [159], Info: [{'num_test': 100, 'CV': '0.03500', 'CV_turn': '0.01167', 'ctr': '2.88067', 'len_tra': 30.0, 'R_tra': 86.42, 'NX_0_CV': '0.59900', 'NX_0_CV_turn': '0.19967', 'NX_0_ctr': '2.09933', 'NX_0_len_tra': 30.0, 'NX_0_R_tra': 62.98, 'NX_10_CV': '0.21900', 'NX_10_CV_turn': '0.21900', 'NX_10_ctr': '2.35600', 'NX_10_len_tra': 10.0, 'NX_10_R_tra': 23.56}]
[I 240414 16:26:20 utils:142] Epoch: [160], Info: [{'num_test': 100, 'CV': '0.03700', 'CV_turn': '0.01233', 'ctr': '2.84167', 'len_tra': 30.0, 'R_tra': 85.25, 'NX_0_CV': '0.55800', 'NX_0_CV_turn': '0.18600', 'NX_0_ctr': '2.22433', 'NX_0_len_tra': 30.0, 'NX_0_R_tra': 66.73, 'NX_10_CV': '0.22500', 'NX_10_CV_turn': '0.22500', 'NX_10_ctr': '2.39600', 'NX_10_len_tra': 10.0, 'NX_10_R_tra': 23.96}]
[I 240414 16:26:34 utils:142] Epoch: [161], Info: [{'num_test': 100, 'CV': '0.05500', 'CV_turn': '0.01833', 'ctr': '2.86533', 'len_tra': 30.0, 'R_tra': 85.96, 'NX_0_CV': '0.57400', 'NX_0_CV_turn': '0.19133', 'NX_0_ctr': '2.13600', 'NX_0_len_tra': 30.0, 'NX_0_R_tra': 64.08, 'NX_10_CV': '0.24100', 'NX_10_CV_turn': '0.24100', 'NX_10_ctr': '2.26200', 'NX_10_len_tra': 10.0, 'NX_10_R_tra': 22.62}]
[I 240414 16:26:49 utils:142] Epoch: [162], Info: [{'num_test': 100, 'CV': '0.04200', 'CV_turn': '0.01400', 'ctr': '2.80333', 'len_tra': 30.0, 'R_tra': 84.1, 'NX_0_CV': '0.57300', 'NX_0_CV_turn': '0.19100', 'NX_0_ctr': '2.07533', 'NX_0_len_tra': 30.0, 'NX_0_R_tra': 62.26, 'NX_10_CV': '0.22600', 'NX_10_CV_turn': '0.22600', 'NX_10_ctr': '2.39000', 'NX_10_len_tra': 10.0, 'NX_10_R_tra': 23.9}]
[I 240414 16:27:04 utils:142] Epoch: [163], Info: [{'num_test': 100, 'CV': '0.07400', 'CV_turn': '0.02467', 'ctr': '2.74500', 'len_tra': 30.0, 'R_tra': 82.35, 'NX_0_CV': '0.56300', 'NX_0_CV_turn': '0.18767', 'NX_0_ctr': '2.15567', 'NX_0_len_tra': 30.0, 'NX_0_R_tra': 64.67, 'NX_10_CV': '0.24500', 'NX_10_CV_turn': '0.24500', 'NX_10_ctr': '2.32300', 'NX_10_len_tra': 10.0, 'NX_10_R_tra': 23.23}]
[I 240414 16:27:19 utils:142] Epoch: [164], Info: [{'num_test': 100, 'CV': '0.04600', 'CV_turn': '0.01533', 'ctr': '2.97067', 'len_tra': 30.0, 'R_tra': 89.12, 'NX_0_CV': '0.57500', 'NX_0_CV_turn': '0.19167', 'NX_0_ctr': '2.21333', 'NX_0_len_tra': 30.0, 'NX_0_R_tra': 66.4, 'NX_10_CV': '0.21600', 'NX_10_CV_turn': '0.21600', 'NX_10_ctr': '2.35800', 'NX_10_len_tra': 10.0, 'NX_10_R_tra': 23.58}]
[I 240414 16:27:35 utils:142] Epoch: [165], Info: [{'num_test': 100, 'CV': '0.05900', 'CV_turn': '0.01967', 'ctr': '2.58100', 'len_tra': 30.0, 'R_tra': 77.43, 'NX_0_CV': '0.58700', 'NX_0_CV_turn': '0.19567', 'NX_0_ctr': '2.09633', 'NX_0_len_tra': 30.0, 'NX_0_R_tra': 62.89, 'NX_10_CV': '0.24000', 'NX_10_CV_turn': '0.24000', 'NX_10_ctr': '2.32600', 'NX_10_len_tra': 10.0, 'NX_10_R_tra': 23.26}]
[I 240414 16:27:50 utils:142] Epoch: [166], Info: [{'num_test': 100, 'CV': '0.04200', 'CV_turn': '0.01400', 'ctr': '2.98167', 'len_tra': 30.0, 'R_tra': 89.45, 'NX_0_CV': '0.57400', 'NX_0_CV_turn': '0.19133', 'NX_0_ctr': '2.16567', 'NX_0_len_tra': 30.0, 'NX_0_R_tra': 64.97, 'NX_10_CV': '0.22400', 'NX_10_CV_turn': '0.22400', 'NX_10_ctr': '2.43100', 'NX_10_len_tra': 10.0, 'NX_10_R_tra': 24.31}]
[I 240414 16:28:05 utils:142] Epoch: [167], Info: [{'num_test': 100, 'CV': '0.05500', 'CV_turn': '0.01833', 'ctr': '2.83600', 'len_tra': 30.0, 'R_tra': 85.08, 'NX_0_CV': '0.54900', 'NX_0_CV_turn': '0.18300', 'NX_0_ctr': '2.23667', 'NX_0_len_tra': 30.0, 'NX_0_R_tra': 67.1, 'NX_10_CV': '0.24600', 'NX_10_CV_turn': '0.24600', 'NX_10_ctr': '2.30200', 'NX_10_len_tra': 10.0, 'NX_10_R_tra': 23.02}]
[I 240414 16:28:20 utils:142] Epoch: [168], Info: [{'num_test': 100, 'CV': '0.04600', 'CV_turn': '0.01533', 'ctr': '2.72167', 'len_tra': 30.0, 'R_tra': 81.65, 'NX_0_CV': '0.58000', 'NX_0_CV_turn': '0.19333', 'NX_0_ctr': '2.13500', 'NX_0_len_tra': 30.0, 'NX_0_R_tra': 64.05, 'NX_10_CV': '0.24000', 'NX_10_CV_turn': '0.24000', 'NX_10_ctr': '2.29200', 'NX_10_len_tra': 10.0, 'NX_10_R_tra': 22.92}]
[I 240414 16:28:36 utils:142] Epoch: [169], Info: [{'num_test': 100, 'CV': '0.05400', 'CV_turn': '0.01800', 'ctr': '2.62333', 'len_tra': 30.0, 'R_tra': 78.7, 'NX_0_CV': '0.57200', 'NX_0_CV_turn': '0.19067', 'NX_0_ctr': '2.20933', 'NX_0_len_tra': 30.0, 'NX_0_R_tra': 66.28, 'NX_10_CV': '0.25500', 'NX_10_CV_turn': '0.25500', 'NX_10_ctr': '2.20300', 'NX_10_len_tra': 10.0, 'NX_10_R_tra': 22.03}]
[I 240414 16:28:51 utils:142] Epoch: [170], Info: [{'num_test': 100, 'CV': '0.04300', 'CV_turn': '0.01433', 'ctr': '2.71133', 'len_tra': 30.0, 'R_tra': 81.34, 'NX_0_CV': '0.59000', 'NX_0_CV_turn': '0.19667', 'NX_0_ctr': '2.16133', 'NX_0_len_tra': 30.0, 'NX_0_R_tra': 64.84, 'NX_10_CV': '0.24300', 'NX_10_CV_turn': '0.24300', 'NX_10_ctr': '2.31300', 'NX_10_len_tra': 10.0, 'NX_10_R_tra': 23.13}]
[I 240414 16:29:07 utils:142] Epoch: [171], Info: [{'num_test': 100, 'CV': '0.06800', 'CV_turn': '0.02267', 'ctr': '2.84333', 'len_tra': 30.0, 'R_tra': 85.3, 'NX_0_CV': '0.56200', 'NX_0_CV_turn': '0.18733', 'NX_0_ctr': '2.15533', 'NX_0_len_tra': 30.0, 'NX_0_R_tra': 64.66, 'NX_10_CV': '0.23600', 'NX_10_CV_turn': '0.23600', 'NX_10_ctr': '2.38100', 'NX_10_len_tra': 10.0, 'NX_10_R_tra': 23.81}]
[I 240414 16:29:23 utils:142] Epoch: [172], Info: [{'num_test': 100, 'CV': '0.04800', 'CV_turn': '0.01600', 'ctr': '2.76400', 'len_tra': 30.0, 'R_tra': 82.92, 'NX_0_CV': '0.55800', 'NX_0_CV_turn': '0.18600', 'NX_0_ctr': '2.21300', 'NX_0_len_tra': 30.0, 'NX_0_R_tra': 66.39, 'NX_10_CV': '0.23900', 'NX_10_CV_turn': '0.23900', 'NX_10_ctr': '2.27100', 'NX_10_len_tra': 10.0, 'NX_10_R_tra': 22.71}]
[I 240414 16:29:39 utils:142] Epoch: [173], Info: [{'num_test': 100, 'CV': '0.05200', 'CV_turn': '0.01733', 'ctr': '2.88300', 'len_tra': 30.0, 'R_tra': 86.49, 'NX_0_CV': '0.55800', 'NX_0_CV_turn': '0.18600', 'NX_0_ctr': '2.07967', 'NX_0_len_tra': 30.0, 'NX_0_R_tra': 62.39, 'NX_10_CV': '0.24600', 'NX_10_CV_turn': '0.24600', 'NX_10_ctr': '2.30900', 'NX_10_len_tra': 10.0, 'NX_10_R_tra': 23.09}]
[I 240414 16:29:55 utils:142] Epoch: [174], Info: [{'num_test': 100, 'CV': '0.05400', 'CV_turn': '0.01800', 'ctr': '2.67600', 'len_tra': 30.0, 'R_tra': 80.28, 'NX_0_CV': '0.57400', 'NX_0_CV_turn': '0.19133', 'NX_0_ctr': '2.08167', 'NX_0_len_tra': 30.0, 'NX_0_R_tra': 62.45, 'NX_10_CV': '0.24700', 'NX_10_CV_turn': '0.24700', 'NX_10_ctr': '2.24100', 'NX_10_len_tra': 10.0, 'NX_10_R_tra': 22.41}]
[I 240414 16:30:11 utils:142] Epoch: [175], Info: [{'num_test': 100, 'CV': '0.04500', 'CV_turn': '0.01500', 'ctr': '2.94867', 'len_tra': 30.0, 'R_tra': 88.46, 'NX_0_CV': '0.56800', 'NX_0_CV_turn': '0.18933', 'NX_0_ctr': '2.21700', 'NX_0_len_tra': 30.0, 'NX_0_R_tra': 66.51, 'NX_10_CV': '0.22800', 'NX_10_CV_turn': '0.22800', 'NX_10_ctr': '2.32700', 'NX_10_len_tra': 10.0, 'NX_10_R_tra': 23.27}]
[I 240414 16:30:26 utils:142] Epoch: [176], Info: [{'num_test': 100, 'CV': '0.03900', 'CV_turn': '0.01300', 'ctr': '2.74400', 'len_tra': 30.0, 'R_tra': 82.32, 'NX_0_CV': '0.58300', 'NX_0_CV_turn': '0.19433', 'NX_0_ctr': '2.13733', 'NX_0_len_tra': 30.0, 'NX_0_R_tra': 64.12, 'NX_10_CV': '0.24500', 'NX_10_CV_turn': '0.24500', 'NX_10_ctr': '2.34400', 'NX_10_len_tra': 10.0, 'NX_10_R_tra': 23.44}]
[I 240414 16:30:42 utils:142] Epoch: [177], Info: [{'num_test': 100, 'CV': '0.04800', 'CV_turn': '0.01600', 'ctr': '2.80133', 'len_tra': 30.0, 'R_tra': 84.04, 'NX_0_CV': '0.57100', 'NX_0_CV_turn': '0.19033', 'NX_0_ctr': '2.24033', 'NX_0_len_tra': 30.0, 'NX_0_R_tra': 67.21, 'NX_10_CV': '0.24300', 'NX_10_CV_turn': '0.24300', 'NX_10_ctr': '2.34600', 'NX_10_len_tra': 10.0, 'NX_10_R_tra': 23.46}]
[I 240414 16:30:58 utils:142] Epoch: [178], Info: [{'num_test': 100, 'CV': '0.05000', 'CV_turn': '0.01667', 'ctr': '2.76633', 'len_tra': 30.0, 'R_tra': 82.99, 'NX_0_CV': '0.55300', 'NX_0_CV_turn': '0.18433', 'NX_0_ctr': '2.23667', 'NX_0_len_tra': 30.0, 'NX_0_R_tra': 67.1, 'NX_10_CV': '0.26700', 'NX_10_CV_turn': '0.26700', 'NX_10_ctr': '2.23600', 'NX_10_len_tra': 10.0, 'NX_10_R_tra': 22.36}]
[I 240414 16:31:14 utils:142] Epoch: [179], Info: [{'num_test': 100, 'CV': '0.04400', 'CV_turn': '0.01467', 'ctr': '2.90367', 'len_tra': 30.0, 'R_tra': 87.11, 'NX_0_CV': '0.58200', 'NX_0_CV_turn': '0.19400', 'NX_0_ctr': '2.12733', 'NX_0_len_tra': 30.0, 'NX_0_R_tra': 63.82, 'NX_10_CV': '0.23700', 'NX_10_CV_turn': '0.23700', 'NX_10_ctr': '2.32700', 'NX_10_len_tra': 10.0, 'NX_10_R_tra': 23.27}]
[I 240414 16:31:30 utils:142] Epoch: [180], Info: [{'num_test': 100, 'CV': '0.03800', 'CV_turn': '0.01267', 'ctr': '2.74867', 'len_tra': 30.0, 'R_tra': 82.46, 'NX_0_CV': '0.54500', 'NX_0_CV_turn': '0.18167', 'NX_0_ctr': '2.28767', 'NX_0_len_tra': 30.0, 'NX_0_R_tra': 68.63, 'NX_10_CV': '0.21400', 'NX_10_CV_turn': '0.21400', 'NX_10_ctr': '2.43400', 'NX_10_len_tra': 10.0, 'NX_10_R_tra': 24.34}]
[I 240414 16:31:47 utils:142] Epoch: [181], Info: [{'num_test': 100, 'CV': '0.06700', 'CV_turn': '0.02233', 'ctr': '2.93133', 'len_tra': 30.0, 'R_tra': 87.94, 'NX_0_CV': '0.59200', 'NX_0_CV_turn': '0.19733', 'NX_0_ctr': '2.15433', 'NX_0_len_tra': 30.0, 'NX_0_R_tra': 64.63, 'NX_10_CV': '0.22600', 'NX_10_CV_turn': '0.22600', 'NX_10_ctr': '2.35200', 'NX_10_len_tra': 10.0, 'NX_10_R_tra': 23.52}]
[I 240414 16:32:03 utils:142] Epoch: [182], Info: [{'num_test': 100, 'CV': '0.05500', 'CV_turn': '0.01833', 'ctr': '2.82500', 'len_tra': 30.0, 'R_tra': 84.75, 'NX_0_CV': '0.61000', 'NX_0_CV_turn': '0.20333', 'NX_0_ctr': '2.21000', 'NX_0_len_tra': 30.0, 'NX_0_R_tra': 66.3, 'NX_10_CV': '0.24300', 'NX_10_CV_turn': '0.24300', 'NX_10_ctr': '2.27800', 'NX_10_len_tra': 10.0, 'NX_10_R_tra': 22.78}]
[I 240414 16:32:19 utils:142] Epoch: [183], Info: [{'num_test': 100, 'CV': '0.02000', 'CV_turn': '0.00667', 'ctr': '3.08600', 'len_tra': 30.0, 'R_tra': 92.58, 'NX_0_CV': '0.60300', 'NX_0_CV_turn': '0.20100', 'NX_0_ctr': '2.15467', 'NX_0_len_tra': 30.0, 'NX_0_R_tra': 64.64, 'NX_10_CV': '0.25200', 'NX_10_CV_turn': '0.25200', 'NX_10_ctr': '2.34900', 'NX_10_len_tra': 10.0, 'NX_10_R_tra': 23.49}]
[I 240414 16:32:35 utils:142] Epoch: [184], Info: [{'num_test': 100, 'CV': '0.03000', 'CV_turn': '0.01000', 'ctr': '2.77767', 'len_tra': 30.0, 'R_tra': 83.33, 'NX_0_CV': '0.57800', 'NX_0_CV_turn': '0.19267', 'NX_0_ctr': '2.32900', 'NX_0_len_tra': 30.0, 'NX_0_R_tra': 69.87, 'NX_10_CV': '0.27300', 'NX_10_CV_turn': '0.27300', 'NX_10_ctr': '2.21600', 'NX_10_len_tra': 10.0, 'NX_10_R_tra': 22.16}]
[I 240414 16:32:52 utils:142] Epoch: [185], Info: [{'num_test': 100, 'CV': '0.05300', 'CV_turn': '0.01767', 'ctr': '2.89367', 'len_tra': 30.0, 'R_tra': 86.81, 'NX_0_CV': '0.67000', 'NX_0_CV_turn': '0.22333', 'NX_0_ctr': '2.10367', 'NX_0_len_tra': 30.0, 'NX_0_R_tra': 63.11, 'NX_10_CV': '0.26800', 'NX_10_CV_turn': '0.26800', 'NX_10_ctr': '2.43400', 'NX_10_len_tra': 10.0, 'NX_10_R_tra': 24.34}]
[I 240414 16:33:08 utils:142] Epoch: [186], Info: [{'num_test': 100, 'CV': '0.06700', 'CV_turn': '0.02233', 'ctr': '2.63233', 'len_tra': 30.0, 'R_tra': 78.97, 'NX_0_CV': '0.64500', 'NX_0_CV_turn': '0.21500', 'NX_0_ctr': '2.10733', 'NX_0_len_tra': 30.0, 'NX_0_R_tra': 63.22, 'NX_10_CV': '0.26300', 'NX_10_CV_turn': '0.26300', 'NX_10_ctr': '2.38600', 'NX_10_len_tra': 10.0, 'NX_10_R_tra': 23.86}]
[I 240414 16:33:25 utils:142] Epoch: [187], Info: [{'num_test': 100, 'CV': '0.03200', 'CV_turn': '0.01067', 'ctr': '2.84200', 'len_tra': 30.0, 'R_tra': 85.26, 'NX_0_CV': '0.66200', 'NX_0_CV_turn': '0.22067', 'NX_0_ctr': '2.13500', 'NX_0_len_tra': 30.0, 'NX_0_R_tra': 64.05, 'NX_10_CV': '0.27200', 'NX_10_CV_turn': '0.27200', 'NX_10_ctr': '2.32800', 'NX_10_len_tra': 10.0, 'NX_10_R_tra': 23.28}]
[I 240414 16:33:41 utils:142] Epoch: [188], Info: [{'num_test': 100, 'CV': '0.03800', 'CV_turn': '0.01267', 'ctr': '2.77533', 'len_tra': 30.0, 'R_tra': 83.26, 'NX_0_CV': '0.70400', 'NX_0_CV_turn': '0.23467', 'NX_0_ctr': '2.04767', 'NX_0_len_tra': 30.0, 'NX_0_R_tra': 61.43, 'NX_10_CV': '0.27300', 'NX_10_CV_turn': '0.27300', 'NX_10_ctr': '2.37300', 'NX_10_len_tra': 10.0, 'NX_10_R_tra': 23.73}]
[I 240414 16:33:58 utils:142] Epoch: [189], Info: [{'num_test': 100, 'CV': '0.02800', 'CV_turn': '0.00933', 'ctr': '2.95600', 'len_tra': 30.0, 'R_tra': 88.68, 'NX_0_CV': '0.66700', 'NX_0_CV_turn': '0.22233', 'NX_0_ctr': '2.11300', 'NX_0_len_tra': 30.0, 'NX_0_R_tra': 63.39, 'NX_10_CV': '0.26500', 'NX_10_CV_turn': '0.26500', 'NX_10_ctr': '2.44700', 'NX_10_len_tra': 10.0, 'NX_10_R_tra': 24.47}]
[I 240414 16:34:15 utils:142] Epoch: [190], Info: [{'num_test': 100, 'CV': '0.04400', 'CV_turn': '0.01467', 'ctr': '2.68733', 'len_tra': 30.0, 'R_tra': 80.62, 'NX_0_CV': '0.69200', 'NX_0_CV_turn': '0.23067', 'NX_0_ctr': '2.14100', 'NX_0_len_tra': 30.0, 'NX_0_R_tra': 64.23, 'NX_10_CV': '0.31600', 'NX_10_CV_turn': '0.31600', 'NX_10_ctr': '2.26700', 'NX_10_len_tra': 10.0, 'NX_10_R_tra': 22.67}]
[I 240414 16:34:31 utils:142] Epoch: [191], Info: [{'num_test': 100, 'CV': '0.05500', 'CV_turn': '0.01833', 'ctr': '2.76433', 'len_tra': 30.0, 'R_tra': 82.93, 'NX_0_CV': '0.67200', 'NX_0_CV_turn': '0.22400', 'NX_0_ctr': '2.17533', 'NX_0_len_tra': 30.0, 'NX_0_R_tra': 65.26, 'NX_10_CV': '0.27100', 'NX_10_CV_turn': '0.27100', 'NX_10_ctr': '2.25800', 'NX_10_len_tra': 10.0, 'NX_10_R_tra': 22.58}]
[I 240414 16:34:48 utils:142] Epoch: [192], Info: [{'num_test': 100, 'CV': '0.06900', 'CV_turn': '0.02300', 'ctr': '2.83067', 'len_tra': 30.0, 'R_tra': 84.92, 'NX_0_CV': '0.66900', 'NX_0_CV_turn': '0.22300', 'NX_0_ctr': '2.14400', 'NX_0_len_tra': 30.0, 'NX_0_R_tra': 64.32, 'NX_10_CV': '0.31400', 'NX_10_CV_turn': '0.31400', 'NX_10_ctr': '2.23800', 'NX_10_len_tra': 10.0, 'NX_10_R_tra': 22.38}]
[I 240414 16:35:05 utils:142] Epoch: [193], Info: [{'num_test': 100, 'CV': '0.05000', 'CV_turn': '0.01667', 'ctr': '2.80400', 'len_tra': 30.0, 'R_tra': 84.12, 'NX_0_CV': '0.68100', 'NX_0_CV_turn': '0.22700', 'NX_0_ctr': '2.16400', 'NX_0_len_tra': 30.0, 'NX_0_R_tra': 64.92, 'NX_10_CV': '0.29500', 'NX_10_CV_turn': '0.29500', 'NX_10_ctr': '2.21200', 'NX_10_len_tra': 10.0, 'NX_10_R_tra': 22.12}]
[I 240414 16:35:22 utils:142] Epoch: [194], Info: [{'num_test': 100, 'CV': '0.07400', 'CV_turn': '0.02467', 'ctr': '2.85800', 'len_tra': 30.0, 'R_tra': 85.74, 'NX_0_CV': '0.68700', 'NX_0_CV_turn': '0.22900', 'NX_0_ctr': '2.17900', 'NX_0_len_tra': 30.0, 'NX_0_R_tra': 65.37, 'NX_10_CV': '0.28600', 'NX_10_CV_turn': '0.28600', 'NX_10_ctr': '2.34500', 'NX_10_len_tra': 10.0, 'NX_10_R_tra': 23.45}]
[I 240414 16:35:39 utils:142] Epoch: [195], Info: [{'num_test': 100, 'CV': '0.05200', 'CV_turn': '0.01733', 'ctr': '2.86267', 'len_tra': 30.0, 'R_tra': 85.88, 'NX_0_CV': '0.71900', 'NX_0_CV_turn': '0.23967', 'NX_0_ctr': '2.00900', 'NX_0_len_tra': 30.0, 'NX_0_R_tra': 60.27, 'NX_10_CV': '0.32800', 'NX_10_CV_turn': '0.32800', 'NX_10_ctr': '2.12800', 'NX_10_len_tra': 10.0, 'NX_10_R_tra': 21.28}]
[I 240414 16:35:56 utils:142] Epoch: [196], Info: [{'num_test': 100, 'CV': '0.02400', 'CV_turn': '0.00800', 'ctr': '2.70900', 'len_tra': 30.0, 'R_tra': 81.27, 'NX_0_CV': '0.68900', 'NX_0_CV_turn': '0.22967', 'NX_0_ctr': '2.15133', 'NX_0_len_tra': 30.0, 'NX_0_R_tra': 64.54, 'NX_10_CV': '0.28800', 'NX_10_CV_turn': '0.28800', 'NX_10_ctr': '2.34600', 'NX_10_len_tra': 10.0, 'NX_10_R_tra': 23.46}]
[I 240414 16:36:13 utils:142] Epoch: [197], Info: [{'num_test': 100, 'CV': '0.02600', 'CV_turn': '0.00867', 'ctr': '2.85833', 'len_tra': 30.0, 'R_tra': 85.75, 'NX_0_CV': '0.67500', 'NX_0_CV_turn': '0.22500', 'NX_0_ctr': '2.16100', 'NX_0_len_tra': 30.0, 'NX_0_R_tra': 64.83, 'NX_10_CV': '0.27900', 'NX_10_CV_turn': '0.27900', 'NX_10_ctr': '2.28500', 'NX_10_len_tra': 10.0, 'NX_10_R_tra': 22.85}]
[I 240414 16:36:30 utils:142] Epoch: [198], Info: [{'num_test': 100, 'CV': '0.04500', 'CV_turn': '0.01500', 'ctr': '2.63733', 'len_tra': 30.0, 'R_tra': 79.12, 'NX_0_CV': '0.72900', 'NX_0_CV_turn': '0.24300', 'NX_0_ctr': '2.09867', 'NX_0_len_tra': 30.0, 'NX_0_R_tra': 62.96, 'NX_10_CV': '0.27700', 'NX_10_CV_turn': '0.27700', 'NX_10_ctr': '2.34100', 'NX_10_len_tra': 10.0, 'NX_10_R_tra': 23.41}]
[I 240414 16:36:47 utils:142] Epoch: [199], Info: [{'num_test': 100, 'CV': '0.02600', 'CV_turn': '0.00867', 'ctr': '2.84367', 'len_tra': 30.0, 'R_tra': 85.31, 'NX_0_CV': '0.70000', 'NX_0_CV_turn': '0.23333', 'NX_0_ctr': '2.14767', 'NX_0_len_tra': 30.0, 'NX_0_R_tra': 64.43, 'NX_10_CV': '0.28900', 'NX_10_CV_turn': '0.28900', 'NX_10_ctr': '2.35400', 'NX_10_len_tra': 10.0, 'NX_10_R_tra': 23.54}]
[I 240414 16:37:05 utils:142] Epoch: [200], Info: [{'num_test': 100, 'CV': '0.05700', 'CV_turn': '0.01900', 'ctr': '2.71600', 'len_tra': 30.0, 'R_tra': 81.48, 'NX_0_CV': '0.74200', 'NX_0_CV_turn': '0.24733', 'NX_0_ctr': '2.04467', 'NX_0_len_tra': 30.0, 'NX_0_R_tra': 61.34, 'NX_10_CV': '0.31600', 'NX_10_CV_turn': '0.31600', 'NX_10_ctr': '2.18200', 'NX_10_len_tra': 10.0, 'NX_10_R_tra': 21.82}]
[I 240414 16:37:05 run_Policy_Main:452] {'duration': '2216.03s', 'train_time/model': '2215.85s', 'test_step': 3000, 'test_episode': 100, 'test_time': '0.08s', 'test_speed': '36765.37 step/s', 'best_reward': 94.33, 'best_result': '94.33  34.14', 'train_step': 3000, 'train_episode': 100, 'train_time/collector': '0.10s', 'train_speed': '1.35 step/s'}
