[I 240519 10:41:39 policy_utils:47] {
      "env": "YahooEnv-v0",
      "user_model_name": "DeepFM",
      "model_name": "A2C_with_emb",
      "seed": 0,
      "cuda": 1,
      "draw_bar": false,
      "is_userinfo": true,
      "is_all_item_ranking": false,
      "cpu": false,
      "is_save": false,
      "use_userEmbedding": false,
      "exploration_noise": false,
      "eps": 0.1,
      "freeze_emb": false,
      "reward_handle": "cat",
      "which_tracker": "att",
      "embedding_dim": 32,
      "window_size": 5,
      "filter_sizes": [
        2,
        3,
        4
      ],
      "num_filters": 16,
      "dropout_rate": 0.1,
      "num_heads": 1,
      "version": "v1",
      "tau": 0,
      "gamma_exposure": 10,
      "lambda_variance": 0.005,
      "lambda_entropy": 1.0,
      "use_exposure_intervention": false,
      "buffer_size": 100000,
      "lr": 0.001,
      "epoch": 200,
      "batch_size": 1024,
      "hidden_sizes": [
        64,
        64
      ],
      "episode_per_collect": 100,
      "training_num": 100,
      "test_num": 100,
      "render": 0,
      "reward_threshold": null,
      "gamma": 0.9,
      "step_per_epoch": 100000,
      "repeat_per_collect": 1,
      "logdir": "log",
      "vf_coef": 0.5,
      "ent_coef": 0.0,
      "max_grad_norm": null,
      "gae_lambda": 1.0,
      "rew_norm": false,
      "read_message": "pointneg",
      "message": "ROLeR",
      "remark_pre": "",
      "remark": "weight_k20",
      "scratch": true,
      "use_hidden": true,
      "num_att_heads": 1,
      "num_att_layers": 2,
      "att_dropout": 0.1,
      "use_ckpt": false,
      "change_pred_reward": true,
      "change_var": true,
      "kr": 20,
      "ku": 20,
      "uncertain_type": "II-weight-norm",
      "r_and_u": "minus",
      "use_wandb": false,
      "all_item_ranking": false,
      "is_binarize": true,
      "need_transform": false,
      "entropy_window": [],
      "rating_threshold": 4,
      "yfeat": "rating",
      "leave_threshold": 0.0,
      "num_leave_compute": 1,
      "max_turn": 30,
      "force_length": 10,
      "top_rate": 0.8,
      "hostname": "wukong-ThinkStation-P620"
    }
[I 240519 10:42:04 utils:142] Epoch: [1], Info: [{'num_test': 100, 'CV': '0.17000', 'CV_turn': '0.05667', 'ctr': '2.44367', 'len_tra': 30.0, 'R_tra': 73.31, 'NX_0_CV': '0.39600', 'NX_0_CV_turn': '0.13200', 'NX_0_ctr': '2.15967', 'NX_0_len_tra': 30.0, 'NX_0_R_tra': 64.79, 'NX_10_CV': '0.22200', 'NX_10_CV_turn': '0.22200', 'NX_10_ctr': '2.26500', 'NX_10_len_tra': 10.0, 'NX_10_R_tra': 22.65}]
[I 240519 10:42:11 utils:142] Epoch: [2], Info: [{'num_test': 100, 'CV': '0.25900', 'CV_turn': '0.08633', 'ctr': '2.42500', 'len_tra': 30.0, 'R_tra': 72.75, 'NX_0_CV': '0.47600', 'NX_0_CV_turn': '0.15867', 'NX_0_ctr': '2.27100', 'NX_0_len_tra': 30.0, 'NX_0_R_tra': 68.13, 'NX_10_CV': '0.24300', 'NX_10_CV_turn': '0.24300', 'NX_10_ctr': '2.41600', 'NX_10_len_tra': 10.0, 'NX_10_R_tra': 24.16}]
[I 240519 10:42:19 utils:142] Epoch: [3], Info: [{'num_test': 100, 'CV': '0.19500', 'CV_turn': '0.06500', 'ctr': '2.65700', 'len_tra': 30.0, 'R_tra': 79.71, 'NX_0_CV': '0.49500', 'NX_0_CV_turn': '0.16500', 'NX_0_ctr': '2.19500', 'NX_0_len_tra': 30.0, 'NX_0_R_tra': 65.85, 'NX_10_CV': '0.23800', 'NX_10_CV_turn': '0.23800', 'NX_10_ctr': '2.46800', 'NX_10_len_tra': 10.0, 'NX_10_R_tra': 24.68}]
[I 240519 10:42:26 utils:142] Epoch: [4], Info: [{'num_test': 100, 'CV': '0.16500', 'CV_turn': '0.05500', 'ctr': '2.96767', 'len_tra': 30.0, 'R_tra': 89.03, 'NX_0_CV': '0.43600', 'NX_0_CV_turn': '0.14533', 'NX_0_ctr': '2.37100', 'NX_0_len_tra': 30.0, 'NX_0_R_tra': 71.13, 'NX_10_CV': '0.21600', 'NX_10_CV_turn': '0.21600', 'NX_10_ctr': '2.40600', 'NX_10_len_tra': 10.0, 'NX_10_R_tra': 24.06}]
[I 240519 10:42:34 utils:142] Epoch: [5], Info: [{'num_test': 100, 'CV': '0.16500', 'CV_turn': '0.05500', 'ctr': '3.03700', 'len_tra': 30.0, 'R_tra': 91.11, 'NX_0_CV': '0.38200', 'NX_0_CV_turn': '0.12733', 'NX_0_ctr': '2.20333', 'NX_0_len_tra': 30.0, 'NX_0_R_tra': 66.1, 'NX_10_CV': '0.19600', 'NX_10_CV_turn': '0.19600', 'NX_10_ctr': '2.34000', 'NX_10_len_tra': 10.0, 'NX_10_R_tra': 23.4}]
[I 240519 10:42:42 utils:142] Epoch: [6], Info: [{'num_test': 100, 'CV': '0.24600', 'CV_turn': '0.08200', 'ctr': '3.06867', 'len_tra': 30.0, 'R_tra': 92.06, 'NX_0_CV': '0.41700', 'NX_0_CV_turn': '0.13900', 'NX_0_ctr': '2.18967', 'NX_0_len_tra': 30.0, 'NX_0_R_tra': 65.69, 'NX_10_CV': '0.20500', 'NX_10_CV_turn': '0.20500', 'NX_10_ctr': '2.20500', 'NX_10_len_tra': 10.0, 'NX_10_R_tra': 22.05}]
[I 240519 10:42:49 utils:142] Epoch: [7], Info: [{'num_test': 100, 'CV': '0.30400', 'CV_turn': '0.10133', 'ctr': '3.10267', 'len_tra': 30.0, 'R_tra': 93.08, 'NX_0_CV': '0.47000', 'NX_0_CV_turn': '0.15667', 'NX_0_ctr': '2.13500', 'NX_0_len_tra': 30.0, 'NX_0_R_tra': 64.05, 'NX_10_CV': '0.20400', 'NX_10_CV_turn': '0.20400', 'NX_10_ctr': '2.42700', 'NX_10_len_tra': 10.0, 'NX_10_R_tra': 24.27}]
[I 240519 10:42:57 utils:142] Epoch: [8], Info: [{'num_test': 100, 'CV': '0.23700', 'CV_turn': '0.07900', 'ctr': '2.91733', 'len_tra': 30.0, 'R_tra': 87.52, 'NX_0_CV': '0.45300', 'NX_0_CV_turn': '0.15100', 'NX_0_ctr': '2.22033', 'NX_0_len_tra': 30.0, 'NX_0_R_tra': 66.61, 'NX_10_CV': '0.17600', 'NX_10_CV_turn': '0.17600', 'NX_10_ctr': '2.34600', 'NX_10_len_tra': 10.0, 'NX_10_R_tra': 23.46}]
[I 240519 10:43:05 utils:142] Epoch: [9], Info: [{'num_test': 100, 'CV': '0.17200', 'CV_turn': '0.05733', 'ctr': '3.09733', 'len_tra': 30.0, 'R_tra': 92.92, 'NX_0_CV': '0.42000', 'NX_0_CV_turn': '0.14000', 'NX_0_ctr': '2.19733', 'NX_0_len_tra': 30.0, 'NX_0_R_tra': 65.92, 'NX_10_CV': '0.16200', 'NX_10_CV_turn': '0.16200', 'NX_10_ctr': '2.36000', 'NX_10_len_tra': 10.0, 'NX_10_R_tra': 23.6}]
[I 240519 10:43:12 utils:142] Epoch: [10], Info: [{'num_test': 100, 'CV': '0.16500', 'CV_turn': '0.05500', 'ctr': '2.77933', 'len_tra': 30.0, 'R_tra': 83.38, 'NX_0_CV': '0.34500', 'NX_0_CV_turn': '0.11500', 'NX_0_ctr': '2.22667', 'NX_0_len_tra': 30.0, 'NX_0_R_tra': 66.8, 'NX_10_CV': '0.13800', 'NX_10_CV_turn': '0.13800', 'NX_10_ctr': '2.42200', 'NX_10_len_tra': 10.0, 'NX_10_R_tra': 24.22}]
[I 240519 10:43:20 utils:142] Epoch: [11], Info: [{'num_test': 100, 'CV': '0.10700', 'CV_turn': '0.03567', 'ctr': '2.90033', 'len_tra': 30.0, 'R_tra': 87.01, 'NX_0_CV': '0.36000', 'NX_0_CV_turn': '0.12000', 'NX_0_ctr': '2.24167', 'NX_0_len_tra': 30.0, 'NX_0_R_tra': 67.25, 'NX_10_CV': '0.13900', 'NX_10_CV_turn': '0.13900', 'NX_10_ctr': '2.42900', 'NX_10_len_tra': 10.0, 'NX_10_R_tra': 24.29}]
[I 240519 10:43:28 utils:142] Epoch: [12], Info: [{'num_test': 100, 'CV': '0.12600', 'CV_turn': '0.04200', 'ctr': '3.01967', 'len_tra': 30.0, 'R_tra': 90.59, 'NX_0_CV': '0.35500', 'NX_0_CV_turn': '0.11833', 'NX_0_ctr': '2.24433', 'NX_0_len_tra': 30.0, 'NX_0_R_tra': 67.33, 'NX_10_CV': '0.10600', 'NX_10_CV_turn': '0.10600', 'NX_10_ctr': '2.51500', 'NX_10_len_tra': 10.0, 'NX_10_R_tra': 25.15}]
[I 240519 10:43:36 utils:142] Epoch: [13], Info: [{'num_test': 100, 'CV': '0.12900', 'CV_turn': '0.04300', 'ctr': '2.89433', 'len_tra': 30.0, 'R_tra': 86.83, 'NX_0_CV': '0.37800', 'NX_0_CV_turn': '0.12600', 'NX_0_ctr': '2.27000', 'NX_0_len_tra': 30.0, 'NX_0_R_tra': 68.1, 'NX_10_CV': '0.12400', 'NX_10_CV_turn': '0.12400', 'NX_10_ctr': '2.34500', 'NX_10_len_tra': 10.0, 'NX_10_R_tra': 23.45}]
[I 240519 10:43:43 utils:142] Epoch: [14], Info: [{'num_test': 100, 'CV': '0.07500', 'CV_turn': '0.02500', 'ctr': '3.08833', 'len_tra': 30.0, 'R_tra': 92.65, 'NX_0_CV': '0.34600', 'NX_0_CV_turn': '0.11533', 'NX_0_ctr': '2.39133', 'NX_0_len_tra': 30.0, 'NX_0_R_tra': 71.74, 'NX_10_CV': '0.10500', 'NX_10_CV_turn': '0.10500', 'NX_10_ctr': '2.54400', 'NX_10_len_tra': 10.0, 'NX_10_R_tra': 25.44}]
[I 240519 10:43:51 utils:142] Epoch: [15], Info: [{'num_test': 100, 'CV': '0.05500', 'CV_turn': '0.01833', 'ctr': '2.95333', 'len_tra': 30.0, 'R_tra': 88.6, 'NX_0_CV': '0.33300', 'NX_0_CV_turn': '0.11100', 'NX_0_ctr': '2.25133', 'NX_0_len_tra': 30.0, 'NX_0_R_tra': 67.54, 'NX_10_CV': '0.11600', 'NX_10_CV_turn': '0.11600', 'NX_10_ctr': '2.38700', 'NX_10_len_tra': 10.0, 'NX_10_R_tra': 23.87}]
[I 240519 10:43:59 utils:142] Epoch: [16], Info: [{'num_test': 100, 'CV': '0.04900', 'CV_turn': '0.01633', 'ctr': '2.84700', 'len_tra': 30.0, 'R_tra': 85.41, 'NX_0_CV': '0.30100', 'NX_0_CV_turn': '0.10033', 'NX_0_ctr': '2.35900', 'NX_0_len_tra': 30.0, 'NX_0_R_tra': 70.77, 'NX_10_CV': '0.10000', 'NX_10_CV_turn': '0.10000', 'NX_10_ctr': '2.39600', 'NX_10_len_tra': 10.0, 'NX_10_R_tra': 23.96}]
[I 240519 10:44:07 utils:142] Epoch: [17], Info: [{'num_test': 100, 'CV': '0.03800', 'CV_turn': '0.01267', 'ctr': '2.94267', 'len_tra': 30.0, 'R_tra': 88.28, 'NX_0_CV': '0.32500', 'NX_0_CV_turn': '0.10833', 'NX_0_ctr': '2.28267', 'NX_0_len_tra': 30.0, 'NX_0_R_tra': 68.48, 'NX_10_CV': '0.08900', 'NX_10_CV_turn': '0.08900', 'NX_10_ctr': '2.56600', 'NX_10_len_tra': 10.0, 'NX_10_R_tra': 25.66}]
[I 240519 10:44:15 utils:142] Epoch: [18], Info: [{'num_test': 100, 'CV': '0.03100', 'CV_turn': '0.01033', 'ctr': '3.17733', 'len_tra': 30.0, 'R_tra': 95.32, 'NX_0_CV': '0.31900', 'NX_0_CV_turn': '0.10633', 'NX_0_ctr': '2.31000', 'NX_0_len_tra': 30.0, 'NX_0_R_tra': 69.3, 'NX_10_CV': '0.10100', 'NX_10_CV_turn': '0.10100', 'NX_10_ctr': '2.67200', 'NX_10_len_tra': 10.0, 'NX_10_R_tra': 26.72}]
[I 240519 10:44:23 utils:142] Epoch: [19], Info: [{'num_test': 100, 'CV': '0.06100', 'CV_turn': '0.02033', 'ctr': '2.99600', 'len_tra': 30.0, 'R_tra': 89.88, 'NX_0_CV': '0.34100', 'NX_0_CV_turn': '0.11367', 'NX_0_ctr': '2.18600', 'NX_0_len_tra': 30.0, 'NX_0_R_tra': 65.58, 'NX_10_CV': '0.11500', 'NX_10_CV_turn': '0.11500', 'NX_10_ctr': '2.29000', 'NX_10_len_tra': 10.0, 'NX_10_R_tra': 22.9}]
[I 240519 10:44:31 utils:142] Epoch: [20], Info: [{'num_test': 100, 'CV': '0.02600', 'CV_turn': '0.00867', 'ctr': '2.80667', 'len_tra': 30.0, 'R_tra': 84.2, 'NX_0_CV': '0.33500', 'NX_0_CV_turn': '0.11167', 'NX_0_ctr': '2.23367', 'NX_0_len_tra': 30.0, 'NX_0_R_tra': 67.01, 'NX_10_CV': '0.09800', 'NX_10_CV_turn': '0.09800', 'NX_10_ctr': '2.45800', 'NX_10_len_tra': 10.0, 'NX_10_R_tra': 24.58}]
[I 240519 10:44:39 utils:142] Epoch: [21], Info: [{'num_test': 100, 'CV': '0.03700', 'CV_turn': '0.01233', 'ctr': '3.02967', 'len_tra': 30.0, 'R_tra': 90.89, 'NX_0_CV': '0.34000', 'NX_0_CV_turn': '0.11333', 'NX_0_ctr': '2.18267', 'NX_0_len_tra': 30.0, 'NX_0_R_tra': 65.48, 'NX_10_CV': '0.10400', 'NX_10_CV_turn': '0.10400', 'NX_10_ctr': '2.56100', 'NX_10_len_tra': 10.0, 'NX_10_R_tra': 25.61}]
[I 240519 10:44:47 utils:142] Epoch: [22], Info: [{'num_test': 100, 'CV': '0.04300', 'CV_turn': '0.01433', 'ctr': '2.88367', 'len_tra': 30.0, 'R_tra': 86.51, 'NX_0_CV': '0.30000', 'NX_0_CV_turn': '0.10000', 'NX_0_ctr': '2.33400', 'NX_0_len_tra': 30.0, 'NX_0_R_tra': 70.02, 'NX_10_CV': '0.10300', 'NX_10_CV_turn': '0.10300', 'NX_10_ctr': '2.55400', 'NX_10_len_tra': 10.0, 'NX_10_R_tra': 25.54}]
[I 240519 10:44:55 utils:142] Epoch: [23], Info: [{'num_test': 100, 'CV': '0.03800', 'CV_turn': '0.01267', 'ctr': '2.78467', 'len_tra': 30.0, 'R_tra': 83.54, 'NX_0_CV': '0.31200', 'NX_0_CV_turn': '0.10400', 'NX_0_ctr': '2.17833', 'NX_0_len_tra': 30.0, 'NX_0_R_tra': 65.35, 'NX_10_CV': '0.09200', 'NX_10_CV_turn': '0.09200', 'NX_10_ctr': '2.46900', 'NX_10_len_tra': 10.0, 'NX_10_R_tra': 24.69}]
[I 240519 10:45:03 utils:142] Epoch: [24], Info: [{'num_test': 100, 'CV': '0.06600', 'CV_turn': '0.02200', 'ctr': '2.94567', 'len_tra': 30.0, 'R_tra': 88.37, 'NX_0_CV': '0.30800', 'NX_0_CV_turn': '0.10267', 'NX_0_ctr': '2.30933', 'NX_0_len_tra': 30.0, 'NX_0_R_tra': 69.28, 'NX_10_CV': '0.11400', 'NX_10_CV_turn': '0.11400', 'NX_10_ctr': '2.45800', 'NX_10_len_tra': 10.0, 'NX_10_R_tra': 24.58}]
[I 240519 10:45:11 utils:142] Epoch: [25], Info: [{'num_test': 100, 'CV': '0.03300', 'CV_turn': '0.01100', 'ctr': '3.08867', 'len_tra': 30.0, 'R_tra': 92.66, 'NX_0_CV': '0.29400', 'NX_0_CV_turn': '0.09800', 'NX_0_ctr': '2.22400', 'NX_0_len_tra': 30.0, 'NX_0_R_tra': 66.72, 'NX_10_CV': '0.10700', 'NX_10_CV_turn': '0.10700', 'NX_10_ctr': '2.50600', 'NX_10_len_tra': 10.0, 'NX_10_R_tra': 25.06}]
[I 240519 10:45:19 utils:142] Epoch: [26], Info: [{'num_test': 100, 'CV': '0.02800', 'CV_turn': '0.00933', 'ctr': '2.81600', 'len_tra': 30.0, 'R_tra': 84.48, 'NX_0_CV': '0.30000', 'NX_0_CV_turn': '0.10000', 'NX_0_ctr': '2.19433', 'NX_0_len_tra': 30.0, 'NX_0_R_tra': 65.83, 'NX_10_CV': '0.10200', 'NX_10_CV_turn': '0.10200', 'NX_10_ctr': '2.49400', 'NX_10_len_tra': 10.0, 'NX_10_R_tra': 24.94}]
[I 240519 10:45:27 utils:142] Epoch: [27], Info: [{'num_test': 100, 'CV': '0.02200', 'CV_turn': '0.00733', 'ctr': '3.00667', 'len_tra': 30.0, 'R_tra': 90.2, 'NX_0_CV': '0.27100', 'NX_0_CV_turn': '0.09033', 'NX_0_ctr': '2.32167', 'NX_0_len_tra': 30.0, 'NX_0_R_tra': 69.65, 'NX_10_CV': '0.09200', 'NX_10_CV_turn': '0.09200', 'NX_10_ctr': '2.58600', 'NX_10_len_tra': 10.0, 'NX_10_R_tra': 25.86}]
[I 240519 10:45:36 utils:142] Epoch: [28], Info: [{'num_test': 100, 'CV': '0.02800', 'CV_turn': '0.00933', 'ctr': '3.10600', 'len_tra': 30.0, 'R_tra': 93.18, 'NX_0_CV': '0.28100', 'NX_0_CV_turn': '0.09367', 'NX_0_ctr': '2.22667', 'NX_0_len_tra': 30.0, 'NX_0_R_tra': 66.8, 'NX_10_CV': '0.10300', 'NX_10_CV_turn': '0.10300', 'NX_10_ctr': '2.46400', 'NX_10_len_tra': 10.0, 'NX_10_R_tra': 24.64}]
[I 240519 10:45:44 utils:142] Epoch: [29], Info: [{'num_test': 100, 'CV': '0.02200', 'CV_turn': '0.00733', 'ctr': '2.90633', 'len_tra': 30.0, 'R_tra': 87.19, 'NX_0_CV': '0.26400', 'NX_0_CV_turn': '0.08800', 'NX_0_ctr': '2.32400', 'NX_0_len_tra': 30.0, 'NX_0_R_tra': 69.72, 'NX_10_CV': '0.11500', 'NX_10_CV_turn': '0.11500', 'NX_10_ctr': '2.36800', 'NX_10_len_tra': 10.0, 'NX_10_R_tra': 23.68}]
[I 240519 10:45:52 utils:142] Epoch: [30], Info: [{'num_test': 100, 'CV': '0.02400', 'CV_turn': '0.00800', 'ctr': '2.97733', 'len_tra': 30.0, 'R_tra': 89.32, 'NX_0_CV': '0.26300', 'NX_0_CV_turn': '0.08767', 'NX_0_ctr': '2.35600', 'NX_0_len_tra': 30.0, 'NX_0_R_tra': 70.68, 'NX_10_CV': '0.10900', 'NX_10_CV_turn': '0.10900', 'NX_10_ctr': '2.48800', 'NX_10_len_tra': 10.0, 'NX_10_R_tra': 24.88}]
[I 240519 10:46:00 utils:142] Epoch: [31], Info: [{'num_test': 100, 'CV': '0.01300', 'CV_turn': '0.00433', 'ctr': '3.12767', 'len_tra': 30.0, 'R_tra': 93.83, 'NX_0_CV': '0.27600', 'NX_0_CV_turn': '0.09200', 'NX_0_ctr': '2.27533', 'NX_0_len_tra': 30.0, 'NX_0_R_tra': 68.26, 'NX_10_CV': '0.10800', 'NX_10_CV_turn': '0.10800', 'NX_10_ctr': '2.55500', 'NX_10_len_tra': 10.0, 'NX_10_R_tra': 25.55}]
[I 240519 10:46:09 utils:142] Epoch: [32], Info: [{'num_test': 100, 'CV': '0.02000', 'CV_turn': '0.00667', 'ctr': '3.07700', 'len_tra': 30.0, 'R_tra': 92.31, 'NX_0_CV': '0.27500', 'NX_0_CV_turn': '0.09167', 'NX_0_ctr': '2.27100', 'NX_0_len_tra': 30.0, 'NX_0_R_tra': 68.13, 'NX_10_CV': '0.09200', 'NX_10_CV_turn': '0.09200', 'NX_10_ctr': '2.59800', 'NX_10_len_tra': 10.0, 'NX_10_R_tra': 25.98}]
[I 240519 10:46:17 utils:142] Epoch: [33], Info: [{'num_test': 100, 'CV': '0.01000', 'CV_turn': '0.00333', 'ctr': '3.12133', 'len_tra': 30.0, 'R_tra': 93.64, 'NX_0_CV': '0.25100', 'NX_0_CV_turn': '0.08367', 'NX_0_ctr': '2.30300', 'NX_0_len_tra': 30.0, 'NX_0_R_tra': 69.09, 'NX_10_CV': '0.09800', 'NX_10_CV_turn': '0.09800', 'NX_10_ctr': '2.49300', 'NX_10_len_tra': 10.0, 'NX_10_R_tra': 24.93}]
[I 240519 10:46:25 utils:142] Epoch: [34], Info: [{'num_test': 100, 'CV': '0.02100', 'CV_turn': '0.00700', 'ctr': '2.91700', 'len_tra': 30.0, 'R_tra': 87.51, 'NX_0_CV': '0.24400', 'NX_0_CV_turn': '0.08133', 'NX_0_ctr': '2.26667', 'NX_0_len_tra': 30.0, 'NX_0_R_tra': 68.0, 'NX_10_CV': '0.10300', 'NX_10_CV_turn': '0.10300', 'NX_10_ctr': '2.41400', 'NX_10_len_tra': 10.0, 'NX_10_R_tra': 24.14}]
[I 240519 10:46:34 utils:142] Epoch: [35], Info: [{'num_test': 100, 'CV': '0.02000', 'CV_turn': '0.00667', 'ctr': '2.70900', 'len_tra': 30.0, 'R_tra': 81.27, 'NX_0_CV': '0.25400', 'NX_0_CV_turn': '0.08467', 'NX_0_ctr': '2.32267', 'NX_0_len_tra': 30.0, 'NX_0_R_tra': 69.68, 'NX_10_CV': '0.08100', 'NX_10_CV_turn': '0.08100', 'NX_10_ctr': '2.46200', 'NX_10_len_tra': 10.0, 'NX_10_R_tra': 24.62}]
[I 240519 10:46:42 utils:142] Epoch: [36], Info: [{'num_test': 100, 'CV': '0.02000', 'CV_turn': '0.00667', 'ctr': '3.20567', 'len_tra': 30.0, 'R_tra': 96.17, 'NX_0_CV': '0.24100', 'NX_0_CV_turn': '0.08033', 'NX_0_ctr': '2.26000', 'NX_0_len_tra': 30.0, 'NX_0_R_tra': 67.8, 'NX_10_CV': '0.10000', 'NX_10_CV_turn': '0.10000', 'NX_10_ctr': '2.58700', 'NX_10_len_tra': 10.0, 'NX_10_R_tra': 25.87}]
[I 240519 10:46:50 utils:142] Epoch: [37], Info: [{'num_test': 100, 'CV': '0.01000', 'CV_turn': '0.00333', 'ctr': '3.16433', 'len_tra': 30.0, 'R_tra': 94.93, 'NX_0_CV': '0.23400', 'NX_0_CV_turn': '0.07800', 'NX_0_ctr': '2.27367', 'NX_0_len_tra': 30.0, 'NX_0_R_tra': 68.21, 'NX_10_CV': '0.09200', 'NX_10_CV_turn': '0.09200', 'NX_10_ctr': '2.46600', 'NX_10_len_tra': 10.0, 'NX_10_R_tra': 24.66}]
[I 240519 10:46:59 utils:142] Epoch: [38], Info: [{'num_test': 100, 'CV': '0.01200', 'CV_turn': '0.00400', 'ctr': '2.99400', 'len_tra': 30.0, 'R_tra': 89.82, 'NX_0_CV': '0.23000', 'NX_0_CV_turn': '0.07667', 'NX_0_ctr': '2.36367', 'NX_0_len_tra': 30.0, 'NX_0_R_tra': 70.91, 'NX_10_CV': '0.09500', 'NX_10_CV_turn': '0.09500', 'NX_10_ctr': '2.49500', 'NX_10_len_tra': 10.0, 'NX_10_R_tra': 24.95}]
[I 240519 10:47:07 utils:142] Epoch: [39], Info: [{'num_test': 100, 'CV': '0.01600', 'CV_turn': '0.00533', 'ctr': '2.97133', 'len_tra': 30.0, 'R_tra': 89.14, 'NX_0_CV': '0.23500', 'NX_0_CV_turn': '0.07833', 'NX_0_ctr': '2.24500', 'NX_0_len_tra': 30.0, 'NX_0_R_tra': 67.35, 'NX_10_CV': '0.08600', 'NX_10_CV_turn': '0.08600', 'NX_10_ctr': '2.26700', 'NX_10_len_tra': 10.0, 'NX_10_R_tra': 22.67}]
[I 240519 10:47:16 utils:142] Epoch: [40], Info: [{'num_test': 100, 'CV': '0.01000', 'CV_turn': '0.00333', 'ctr': '3.09800', 'len_tra': 30.0, 'R_tra': 92.94, 'NX_0_CV': '0.26800', 'NX_0_CV_turn': '0.08933', 'NX_0_ctr': '2.14000', 'NX_0_len_tra': 30.0, 'NX_0_R_tra': 64.2, 'NX_10_CV': '0.09000', 'NX_10_CV_turn': '0.09000', 'NX_10_ctr': '2.54600', 'NX_10_len_tra': 10.0, 'NX_10_R_tra': 25.46}]
[I 240519 10:47:24 utils:142] Epoch: [41], Info: [{'num_test': 100, 'CV': '0.01700', 'CV_turn': '0.00567', 'ctr': '2.85533', 'len_tra': 30.0, 'R_tra': 85.66, 'NX_0_CV': '0.26000', 'NX_0_CV_turn': '0.08667', 'NX_0_ctr': '2.24533', 'NX_0_len_tra': 30.0, 'NX_0_R_tra': 67.36, 'NX_10_CV': '0.10100', 'NX_10_CV_turn': '0.10100', 'NX_10_ctr': '2.54700', 'NX_10_len_tra': 10.0, 'NX_10_R_tra': 25.47}]
[I 240519 10:47:33 utils:142] Epoch: [42], Info: [{'num_test': 100, 'CV': '0.00700', 'CV_turn': '0.00233', 'ctr': '2.93267', 'len_tra': 30.0, 'R_tra': 87.98, 'NX_0_CV': '0.25500', 'NX_0_CV_turn': '0.08500', 'NX_0_ctr': '2.18900', 'NX_0_len_tra': 30.0, 'NX_0_R_tra': 65.67, 'NX_10_CV': '0.10100', 'NX_10_CV_turn': '0.10100', 'NX_10_ctr': '2.33600', 'NX_10_len_tra': 10.0, 'NX_10_R_tra': 23.36}]
[I 240519 10:47:42 utils:142] Epoch: [43], Info: [{'num_test': 100, 'CV': '0.00400', 'CV_turn': '0.00133', 'ctr': '2.84267', 'len_tra': 30.0, 'R_tra': 85.28, 'NX_0_CV': '0.25500', 'NX_0_CV_turn': '0.08500', 'NX_0_ctr': '2.24833', 'NX_0_len_tra': 30.0, 'NX_0_R_tra': 67.45, 'NX_10_CV': '0.10000', 'NX_10_CV_turn': '0.10000', 'NX_10_ctr': '2.43400', 'NX_10_len_tra': 10.0, 'NX_10_R_tra': 24.34}]
[I 240519 10:47:50 utils:142] Epoch: [44], Info: [{'num_test': 100, 'CV': '0.00500', 'CV_turn': '0.00167', 'ctr': '2.90700', 'len_tra': 30.0, 'R_tra': 87.21, 'NX_0_CV': '0.22600', 'NX_0_CV_turn': '0.07533', 'NX_0_ctr': '2.28933', 'NX_0_len_tra': 30.0, 'NX_0_R_tra': 68.68, 'NX_10_CV': '0.08200', 'NX_10_CV_turn': '0.08200', 'NX_10_ctr': '2.49300', 'NX_10_len_tra': 10.0, 'NX_10_R_tra': 24.93}]
[I 240519 10:47:59 utils:142] Epoch: [45], Info: [{'num_test': 100, 'CV': '0.00500', 'CV_turn': '0.00167', 'ctr': '3.29367', 'len_tra': 30.0, 'R_tra': 98.81, 'NX_0_CV': '0.23500', 'NX_0_CV_turn': '0.07833', 'NX_0_ctr': '2.20100', 'NX_0_len_tra': 30.0, 'NX_0_R_tra': 66.03, 'NX_10_CV': '0.08900', 'NX_10_CV_turn': '0.08900', 'NX_10_ctr': '2.54500', 'NX_10_len_tra': 10.0, 'NX_10_R_tra': 25.45}]
[I 240519 10:48:08 utils:142] Epoch: [46], Info: [{'num_test': 100, 'CV': '0.01100', 'CV_turn': '0.00367', 'ctr': '2.89033', 'len_tra': 30.0, 'R_tra': 86.71, 'NX_0_CV': '0.21800', 'NX_0_CV_turn': '0.07267', 'NX_0_ctr': '2.29967', 'NX_0_len_tra': 30.0, 'NX_0_R_tra': 68.99, 'NX_10_CV': '0.08900', 'NX_10_CV_turn': '0.08900', 'NX_10_ctr': '2.65100', 'NX_10_len_tra': 10.0, 'NX_10_R_tra': 26.51}]
[I 240519 10:48:17 utils:142] Epoch: [47], Info: [{'num_test': 100, 'CV': '0.00500', 'CV_turn': '0.00167', 'ctr': '3.03500', 'len_tra': 30.0, 'R_tra': 91.05, 'NX_0_CV': '0.23700', 'NX_0_CV_turn': '0.07900', 'NX_0_ctr': '2.25967', 'NX_0_len_tra': 30.0, 'NX_0_R_tra': 67.79, 'NX_10_CV': '0.08500', 'NX_10_CV_turn': '0.08500', 'NX_10_ctr': '2.55100', 'NX_10_len_tra': 10.0, 'NX_10_R_tra': 25.51}]
[I 240519 10:48:25 utils:142] Epoch: [48], Info: [{'num_test': 100, 'CV': '0.00600', 'CV_turn': '0.00200', 'ctr': '2.81500', 'len_tra': 30.0, 'R_tra': 84.45, 'NX_0_CV': '0.22700', 'NX_0_CV_turn': '0.07567', 'NX_0_ctr': '2.24467', 'NX_0_len_tra': 30.0, 'NX_0_R_tra': 67.34, 'NX_10_CV': '0.07200', 'NX_10_CV_turn': '0.07200', 'NX_10_ctr': '2.67000', 'NX_10_len_tra': 10.0, 'NX_10_R_tra': 26.7}]
[I 240519 10:48:34 utils:142] Epoch: [49], Info: [{'num_test': 100, 'CV': '0.00500', 'CV_turn': '0.00167', 'ctr': '3.08000', 'len_tra': 30.0, 'R_tra': 92.4, 'NX_0_CV': '0.21700', 'NX_0_CV_turn': '0.07233', 'NX_0_ctr': '2.29300', 'NX_0_len_tra': 30.0, 'NX_0_R_tra': 68.79, 'NX_10_CV': '0.09100', 'NX_10_CV_turn': '0.09100', 'NX_10_ctr': '2.48100', 'NX_10_len_tra': 10.0, 'NX_10_R_tra': 24.81}]
[I 240519 10:48:43 utils:142] Epoch: [50], Info: [{'num_test': 100, 'CV': '0.00600', 'CV_turn': '0.00200', 'ctr': '3.13467', 'len_tra': 30.0, 'R_tra': 94.04, 'NX_0_CV': '0.22300', 'NX_0_CV_turn': '0.07433', 'NX_0_ctr': '2.24767', 'NX_0_len_tra': 30.0, 'NX_0_R_tra': 67.43, 'NX_10_CV': '0.07800', 'NX_10_CV_turn': '0.07800', 'NX_10_ctr': '2.55600', 'NX_10_len_tra': 10.0, 'NX_10_R_tra': 25.56}]
[I 240519 10:48:52 utils:142] Epoch: [51], Info: [{'num_test': 100, 'CV': '0.00800', 'CV_turn': '0.00267', 'ctr': '3.02133', 'len_tra': 30.0, 'R_tra': 90.64, 'NX_0_CV': '0.21000', 'NX_0_CV_turn': '0.07000', 'NX_0_ctr': '2.33933', 'NX_0_len_tra': 30.0, 'NX_0_R_tra': 70.18, 'NX_10_CV': '0.08800', 'NX_10_CV_turn': '0.08800', 'NX_10_ctr': '2.48000', 'NX_10_len_tra': 10.0, 'NX_10_R_tra': 24.8}]
[I 240519 10:49:01 utils:142] Epoch: [52], Info: [{'num_test': 100, 'CV': '0.00400', 'CV_turn': '0.00133', 'ctr': '3.17800', 'len_tra': 30.0, 'R_tra': 95.34, 'NX_0_CV': '0.24300', 'NX_0_CV_turn': '0.08100', 'NX_0_ctr': '2.24933', 'NX_0_len_tra': 30.0, 'NX_0_R_tra': 67.48, 'NX_10_CV': '0.07400', 'NX_10_CV_turn': '0.07400', 'NX_10_ctr': '2.48800', 'NX_10_len_tra': 10.0, 'NX_10_R_tra': 24.88}]
[I 240519 10:49:09 utils:142] Epoch: [53], Info: [{'num_test': 100, 'CV': '0.01000', 'CV_turn': '0.00333', 'ctr': '2.88700', 'len_tra': 30.0, 'R_tra': 86.61, 'NX_0_CV': '0.21600', 'NX_0_CV_turn': '0.07200', 'NX_0_ctr': '2.27733', 'NX_0_len_tra': 30.0, 'NX_0_R_tra': 68.32, 'NX_10_CV': '0.09800', 'NX_10_CV_turn': '0.09800', 'NX_10_ctr': '2.54200', 'NX_10_len_tra': 10.0, 'NX_10_R_tra': 25.42}]
[I 240519 10:49:18 utils:142] Epoch: [54], Info: [{'num_test': 100, 'CV': '0.00300', 'CV_turn': '0.00100', 'ctr': '2.79967', 'len_tra': 30.0, 'R_tra': 83.99, 'NX_0_CV': '0.23000', 'NX_0_CV_turn': '0.07667', 'NX_0_ctr': '2.23933', 'NX_0_len_tra': 30.0, 'NX_0_R_tra': 67.18, 'NX_10_CV': '0.08800', 'NX_10_CV_turn': '0.08800', 'NX_10_ctr': '2.39600', 'NX_10_len_tra': 10.0, 'NX_10_R_tra': 23.96}]
[I 240519 10:49:27 utils:142] Epoch: [55], Info: [{'num_test': 100, 'CV': '0.00300', 'CV_turn': '0.00100', 'ctr': '2.70333', 'len_tra': 30.0, 'R_tra': 81.1, 'NX_0_CV': '0.21300', 'NX_0_CV_turn': '0.07100', 'NX_0_ctr': '2.26933', 'NX_0_len_tra': 30.0, 'NX_0_R_tra': 68.08, 'NX_10_CV': '0.07900', 'NX_10_CV_turn': '0.07900', 'NX_10_ctr': '2.63900', 'NX_10_len_tra': 10.0, 'NX_10_R_tra': 26.39}]
[I 240519 10:49:36 utils:142] Epoch: [56], Info: [{'num_test': 100, 'CV': '0.00500', 'CV_turn': '0.00167', 'ctr': '3.07333', 'len_tra': 30.0, 'R_tra': 92.2, 'NX_0_CV': '0.23100', 'NX_0_CV_turn': '0.07700', 'NX_0_ctr': '2.21167', 'NX_0_len_tra': 30.0, 'NX_0_R_tra': 66.35, 'NX_10_CV': '0.09100', 'NX_10_CV_turn': '0.09100', 'NX_10_ctr': '2.54700', 'NX_10_len_tra': 10.0, 'NX_10_R_tra': 25.47}]
[I 240519 10:49:45 utils:142] Epoch: [57], Info: [{'num_test': 100, 'CV': '0.00400', 'CV_turn': '0.00133', 'ctr': '3.03533', 'len_tra': 30.0, 'R_tra': 91.06, 'NX_0_CV': '0.20900', 'NX_0_CV_turn': '0.06967', 'NX_0_ctr': '2.31400', 'NX_0_len_tra': 30.0, 'NX_0_R_tra': 69.42, 'NX_10_CV': '0.09700', 'NX_10_CV_turn': '0.09700', 'NX_10_ctr': '2.43600', 'NX_10_len_tra': 10.0, 'NX_10_R_tra': 24.36}]
[I 240519 10:49:54 utils:142] Epoch: [58], Info: [{'num_test': 100, 'CV': '0.00500', 'CV_turn': '0.00167', 'ctr': '2.91567', 'len_tra': 30.0, 'R_tra': 87.47, 'NX_0_CV': '0.21100', 'NX_0_CV_turn': '0.07033', 'NX_0_ctr': '2.23200', 'NX_0_len_tra': 30.0, 'NX_0_R_tra': 66.96, 'NX_10_CV': '0.07600', 'NX_10_CV_turn': '0.07600', 'NX_10_ctr': '2.54500', 'NX_10_len_tra': 10.0, 'NX_10_R_tra': 25.45}]
[I 240519 10:50:03 utils:142] Epoch: [59], Info: [{'num_test': 100, 'CV': '0.00400', 'CV_turn': '0.00133', 'ctr': '2.63800', 'len_tra': 30.0, 'R_tra': 79.14, 'NX_0_CV': '0.20100', 'NX_0_CV_turn': '0.06700', 'NX_0_ctr': '2.35833', 'NX_0_len_tra': 30.0, 'NX_0_R_tra': 70.75, 'NX_10_CV': '0.08700', 'NX_10_CV_turn': '0.08700', 'NX_10_ctr': '2.44000', 'NX_10_len_tra': 10.0, 'NX_10_R_tra': 24.4}]
[I 240519 10:50:13 utils:142] Epoch: [60], Info: [{'num_test': 100, 'CV': '0.00400', 'CV_turn': '0.00133', 'ctr': '3.07300', 'len_tra': 30.0, 'R_tra': 92.19, 'NX_0_CV': '0.20600', 'NX_0_CV_turn': '0.06867', 'NX_0_ctr': '2.34867', 'NX_0_len_tra': 30.0, 'NX_0_R_tra': 70.46, 'NX_10_CV': '0.08400', 'NX_10_CV_turn': '0.08400', 'NX_10_ctr': '2.45900', 'NX_10_len_tra': 10.0, 'NX_10_R_tra': 24.59}]
[I 240519 10:50:22 utils:142] Epoch: [61], Info: [{'num_test': 100, 'CV': '0.00500', 'CV_turn': '0.00167', 'ctr': '2.71767', 'len_tra': 30.0, 'R_tra': 81.53, 'NX_0_CV': '0.22500', 'NX_0_CV_turn': '0.07500', 'NX_0_ctr': '2.21600', 'NX_0_len_tra': 30.0, 'NX_0_R_tra': 66.48, 'NX_10_CV': '0.09800', 'NX_10_CV_turn': '0.09800', 'NX_10_ctr': '2.54100', 'NX_10_len_tra': 10.0, 'NX_10_R_tra': 25.41}]
[I 240519 10:50:31 utils:142] Epoch: [62], Info: [{'num_test': 100, 'CV': '0.00300', 'CV_turn': '0.00100', 'ctr': '2.83433', 'len_tra': 30.0, 'R_tra': 85.03, 'NX_0_CV': '0.20700', 'NX_0_CV_turn': '0.06900', 'NX_0_ctr': '2.31600', 'NX_0_len_tra': 30.0, 'NX_0_R_tra': 69.48, 'NX_10_CV': '0.07800', 'NX_10_CV_turn': '0.07800', 'NX_10_ctr': '2.63400', 'NX_10_len_tra': 10.0, 'NX_10_R_tra': 26.34}]
[I 240519 10:50:40 utils:142] Epoch: [63], Info: [{'num_test': 100, 'CV': '0.00400', 'CV_turn': '0.00133', 'ctr': '2.86933', 'len_tra': 30.0, 'R_tra': 86.08, 'NX_0_CV': '0.22100', 'NX_0_CV_turn': '0.07367', 'NX_0_ctr': '2.24367', 'NX_0_len_tra': 30.0, 'NX_0_R_tra': 67.31, 'NX_10_CV': '0.08700', 'NX_10_CV_turn': '0.08700', 'NX_10_ctr': '2.44200', 'NX_10_len_tra': 10.0, 'NX_10_R_tra': 24.42}]
[I 240519 10:50:50 utils:142] Epoch: [64], Info: [{'num_test': 100, 'CV': '0.00300', 'CV_turn': '0.00100', 'ctr': '2.97033', 'len_tra': 30.0, 'R_tra': 89.11, 'NX_0_CV': '0.21100', 'NX_0_CV_turn': '0.07033', 'NX_0_ctr': '2.19367', 'NX_0_len_tra': 30.0, 'NX_0_R_tra': 65.81, 'NX_10_CV': '0.08500', 'NX_10_CV_turn': '0.08500', 'NX_10_ctr': '2.47500', 'NX_10_len_tra': 10.0, 'NX_10_R_tra': 24.75}]
[I 240519 10:50:59 utils:142] Epoch: [65], Info: [{'num_test': 100, 'CV': '0.00400', 'CV_turn': '0.00133', 'ctr': '2.92967', 'len_tra': 30.0, 'R_tra': 87.89, 'NX_0_CV': '0.22500', 'NX_0_CV_turn': '0.07500', 'NX_0_ctr': '2.29600', 'NX_0_len_tra': 30.0, 'NX_0_R_tra': 68.88, 'NX_10_CV': '0.07700', 'NX_10_CV_turn': '0.07700', 'NX_10_ctr': '2.65700', 'NX_10_len_tra': 10.0, 'NX_10_R_tra': 26.57}]
[I 240519 10:51:08 utils:142] Epoch: [66], Info: [{'num_test': 100, 'CV': '0.00500', 'CV_turn': '0.00167', 'ctr': '2.65733', 'len_tra': 30.0, 'R_tra': 79.72, 'NX_0_CV': '0.22500', 'NX_0_CV_turn': '0.07500', 'NX_0_ctr': '2.27333', 'NX_0_len_tra': 30.0, 'NX_0_R_tra': 68.2, 'NX_10_CV': '0.09700', 'NX_10_CV_turn': '0.09700', 'NX_10_ctr': '2.45700', 'NX_10_len_tra': 10.0, 'NX_10_R_tra': 24.57}]
[I 240519 10:51:18 utils:142] Epoch: [67], Info: [{'num_test': 100, 'CV': '0.00200', 'CV_turn': '0.00067', 'ctr': '2.75433', 'len_tra': 30.0, 'R_tra': 82.63, 'NX_0_CV': '0.19600', 'NX_0_CV_turn': '0.06533', 'NX_0_ctr': '2.44033', 'NX_0_len_tra': 30.0, 'NX_0_R_tra': 73.21, 'NX_10_CV': '0.07100', 'NX_10_CV_turn': '0.07100', 'NX_10_ctr': '2.48700', 'NX_10_len_tra': 10.0, 'NX_10_R_tra': 24.87}]
[I 240519 10:51:27 utils:142] Epoch: [68], Info: [{'num_test': 100, 'CV': '0.00400', 'CV_turn': '0.00133', 'ctr': '2.96567', 'len_tra': 30.0, 'R_tra': 88.97, 'NX_0_CV': '0.18900', 'NX_0_CV_turn': '0.06300', 'NX_0_ctr': '2.25467', 'NX_0_len_tra': 30.0, 'NX_0_R_tra': 67.64, 'NX_10_CV': '0.08400', 'NX_10_CV_turn': '0.08400', 'NX_10_ctr': '2.54900', 'NX_10_len_tra': 10.0, 'NX_10_R_tra': 25.49}]
[I 240519 10:51:36 utils:142] Epoch: [69], Info: [{'num_test': 100, 'CV': '0.00300', 'CV_turn': '0.00100', 'ctr': '2.98300', 'len_tra': 30.0, 'R_tra': 89.49, 'NX_0_CV': '0.22300', 'NX_0_CV_turn': '0.07433', 'NX_0_ctr': '2.16967', 'NX_0_len_tra': 30.0, 'NX_0_R_tra': 65.09, 'NX_10_CV': '0.08800', 'NX_10_CV_turn': '0.08800', 'NX_10_ctr': '2.51600', 'NX_10_len_tra': 10.0, 'NX_10_R_tra': 25.16}]
[I 240519 10:51:46 utils:142] Epoch: [70], Info: [{'num_test': 100, 'CV': '0.00300', 'CV_turn': '0.00100', 'ctr': '2.63067', 'len_tra': 30.0, 'R_tra': 78.92, 'NX_0_CV': '0.21600', 'NX_0_CV_turn': '0.07200', 'NX_0_ctr': '2.31033', 'NX_0_len_tra': 30.0, 'NX_0_R_tra': 69.31, 'NX_10_CV': '0.08100', 'NX_10_CV_turn': '0.08100', 'NX_10_ctr': '2.34700', 'NX_10_len_tra': 10.0, 'NX_10_R_tra': 23.47}]
[I 240519 10:51:55 utils:142] Epoch: [71], Info: [{'num_test': 100, 'CV': '0.00200', 'CV_turn': '0.00067', 'ctr': '3.08767', 'len_tra': 30.0, 'R_tra': 92.63, 'NX_0_CV': '0.19600', 'NX_0_CV_turn': '0.06533', 'NX_0_ctr': '2.34300', 'NX_0_len_tra': 30.0, 'NX_0_R_tra': 70.29, 'NX_10_CV': '0.07000', 'NX_10_CV_turn': '0.07000', 'NX_10_ctr': '2.56400', 'NX_10_len_tra': 10.0, 'NX_10_R_tra': 25.64}]
[I 240519 10:52:05 utils:142] Epoch: [72], Info: [{'num_test': 100, 'CV': '0.00300', 'CV_turn': '0.00100', 'ctr': '2.90733', 'len_tra': 30.0, 'R_tra': 87.22, 'NX_0_CV': '0.21800', 'NX_0_CV_turn': '0.07267', 'NX_0_ctr': '2.35067', 'NX_0_len_tra': 30.0, 'NX_0_R_tra': 70.52, 'NX_10_CV': '0.07700', 'NX_10_CV_turn': '0.07700', 'NX_10_ctr': '2.61000', 'NX_10_len_tra': 10.0, 'NX_10_R_tra': 26.1}]
[I 240519 10:52:14 utils:142] Epoch: [73], Info: [{'num_test': 100, 'CV': '0.00200', 'CV_turn': '0.00067', 'ctr': '2.93367', 'len_tra': 30.0, 'R_tra': 88.01, 'NX_0_CV': '0.24000', 'NX_0_CV_turn': '0.08000', 'NX_0_ctr': '2.19633', 'NX_0_len_tra': 30.0, 'NX_0_R_tra': 65.89, 'NX_10_CV': '0.07500', 'NX_10_CV_turn': '0.07500', 'NX_10_ctr': '2.60400', 'NX_10_len_tra': 10.0, 'NX_10_R_tra': 26.04}]
[I 240519 10:52:24 utils:142] Epoch: [74], Info: [{'num_test': 100, 'CV': '0.00300', 'CV_turn': '0.00100', 'ctr': '3.07100', 'len_tra': 30.0, 'R_tra': 92.13, 'NX_0_CV': '0.20400', 'NX_0_CV_turn': '0.06800', 'NX_0_ctr': '2.36467', 'NX_0_len_tra': 30.0, 'NX_0_R_tra': 70.94, 'NX_10_CV': '0.06700', 'NX_10_CV_turn': '0.06700', 'NX_10_ctr': '2.60000', 'NX_10_len_tra': 10.0, 'NX_10_R_tra': 26.0}]
[I 240519 10:52:34 utils:142] Epoch: [75], Info: [{'num_test': 100, 'CV': '0.00400', 'CV_turn': '0.00133', 'ctr': '3.04967', 'len_tra': 30.0, 'R_tra': 91.49, 'NX_0_CV': '0.20400', 'NX_0_CV_turn': '0.06800', 'NX_0_ctr': '2.36267', 'NX_0_len_tra': 30.0, 'NX_0_R_tra': 70.88, 'NX_10_CV': '0.07700', 'NX_10_CV_turn': '0.07700', 'NX_10_ctr': '2.58100', 'NX_10_len_tra': 10.0, 'NX_10_R_tra': 25.81}]
[I 240519 10:52:43 utils:142] Epoch: [76], Info: [{'num_test': 100, 'CV': '0.00400', 'CV_turn': '0.00133', 'ctr': '2.99767', 'len_tra': 30.0, 'R_tra': 89.93, 'NX_0_CV': '0.21600', 'NX_0_CV_turn': '0.07200', 'NX_0_ctr': '2.24233', 'NX_0_len_tra': 30.0, 'NX_0_R_tra': 67.27, 'NX_10_CV': '0.06200', 'NX_10_CV_turn': '0.06200', 'NX_10_ctr': '2.62000', 'NX_10_len_tra': 10.0, 'NX_10_R_tra': 26.2}]
[I 240519 10:52:53 utils:142] Epoch: [77], Info: [{'num_test': 100, 'CV': '0.00300', 'CV_turn': '0.00100', 'ctr': '2.94700', 'len_tra': 30.0, 'R_tra': 88.41, 'NX_0_CV': '0.22200', 'NX_0_CV_turn': '0.07400', 'NX_0_ctr': '2.24033', 'NX_0_len_tra': 30.0, 'NX_0_R_tra': 67.21, 'NX_10_CV': '0.07700', 'NX_10_CV_turn': '0.07700', 'NX_10_ctr': '2.60300', 'NX_10_len_tra': 10.0, 'NX_10_R_tra': 26.03}]
[I 240519 10:53:03 utils:142] Epoch: [78], Info: [{'num_test': 100, 'CV': '0.00400', 'CV_turn': '0.00133', 'ctr': '2.83067', 'len_tra': 30.0, 'R_tra': 84.92, 'NX_0_CV': '0.21100', 'NX_0_CV_turn': '0.07033', 'NX_0_ctr': '2.24133', 'NX_0_len_tra': 30.0, 'NX_0_R_tra': 67.24, 'NX_10_CV': '0.07800', 'NX_10_CV_turn': '0.07800', 'NX_10_ctr': '2.59600', 'NX_10_len_tra': 10.0, 'NX_10_R_tra': 25.96}]
[I 240519 10:53:13 utils:142] Epoch: [79], Info: [{'num_test': 100, 'CV': '0.00300', 'CV_turn': '0.00100', 'ctr': '2.75000', 'len_tra': 30.0, 'R_tra': 82.5, 'NX_0_CV': '0.20000', 'NX_0_CV_turn': '0.06667', 'NX_0_ctr': '2.25100', 'NX_0_len_tra': 30.0, 'NX_0_R_tra': 67.53, 'NX_10_CV': '0.07400', 'NX_10_CV_turn': '0.07400', 'NX_10_ctr': '2.59200', 'NX_10_len_tra': 10.0, 'NX_10_R_tra': 25.92}]
[I 240519 10:53:22 utils:142] Epoch: [80], Info: [{'num_test': 100, 'CV': '0.00500', 'CV_turn': '0.00167', 'ctr': '2.90100', 'len_tra': 30.0, 'R_tra': 87.03, 'NX_0_CV': '0.19600', 'NX_0_CV_turn': '0.06533', 'NX_0_ctr': '2.22167', 'NX_0_len_tra': 30.0, 'NX_0_R_tra': 66.65, 'NX_10_CV': '0.07600', 'NX_10_CV_turn': '0.07600', 'NX_10_ctr': '2.53100', 'NX_10_len_tra': 10.0, 'NX_10_R_tra': 25.31}]
[I 240519 10:53:32 utils:142] Epoch: [81], Info: [{'num_test': 100, 'CV': '0.00400', 'CV_turn': '0.00133', 'ctr': '2.89933', 'len_tra': 30.0, 'R_tra': 86.98, 'NX_0_CV': '0.20600', 'NX_0_CV_turn': '0.06867', 'NX_0_ctr': '2.35967', 'NX_0_len_tra': 30.0, 'NX_0_R_tra': 70.79, 'NX_10_CV': '0.07400', 'NX_10_CV_turn': '0.07400', 'NX_10_ctr': '2.60700', 'NX_10_len_tra': 10.0, 'NX_10_R_tra': 26.07}]
[I 240519 10:53:42 utils:142] Epoch: [82], Info: [{'num_test': 100, 'CV': '0.00400', 'CV_turn': '0.00133', 'ctr': '3.06167', 'len_tra': 30.0, 'R_tra': 91.85, 'NX_0_CV': '0.20400', 'NX_0_CV_turn': '0.06800', 'NX_0_ctr': '2.26367', 'NX_0_len_tra': 30.0, 'NX_0_R_tra': 67.91, 'NX_10_CV': '0.06600', 'NX_10_CV_turn': '0.06600', 'NX_10_ctr': '2.69500', 'NX_10_len_tra': 10.0, 'NX_10_R_tra': 26.95}]
[I 240519 10:53:52 utils:142] Epoch: [83], Info: [{'num_test': 100, 'CV': '0.00200', 'CV_turn': '0.00067', 'ctr': '2.83967', 'len_tra': 30.0, 'R_tra': 85.19, 'NX_0_CV': '0.20200', 'NX_0_CV_turn': '0.06733', 'NX_0_ctr': '2.24833', 'NX_0_len_tra': 30.0, 'NX_0_R_tra': 67.45, 'NX_10_CV': '0.07300', 'NX_10_CV_turn': '0.07300', 'NX_10_ctr': '2.48000', 'NX_10_len_tra': 10.0, 'NX_10_R_tra': 24.8}]
[I 240519 10:54:02 utils:142] Epoch: [84], Info: [{'num_test': 100, 'CV': '0.00200', 'CV_turn': '0.00067', 'ctr': '3.18167', 'len_tra': 30.0, 'R_tra': 95.45, 'NX_0_CV': '0.20700', 'NX_0_CV_turn': '0.06900', 'NX_0_ctr': '2.30067', 'NX_0_len_tra': 30.0, 'NX_0_R_tra': 69.02, 'NX_10_CV': '0.07100', 'NX_10_CV_turn': '0.07100', 'NX_10_ctr': '2.48000', 'NX_10_len_tra': 10.0, 'NX_10_R_tra': 24.8}]
[I 240519 10:54:12 utils:142] Epoch: [85], Info: [{'num_test': 100, 'CV': '0.00300', 'CV_turn': '0.00100', 'ctr': '2.89400', 'len_tra': 30.0, 'R_tra': 86.82, 'NX_0_CV': '0.19700', 'NX_0_CV_turn': '0.06567', 'NX_0_ctr': '2.32233', 'NX_0_len_tra': 30.0, 'NX_0_R_tra': 69.67, 'NX_10_CV': '0.07700', 'NX_10_CV_turn': '0.07700', 'NX_10_ctr': '2.58600', 'NX_10_len_tra': 10.0, 'NX_10_R_tra': 25.86}]
[I 240519 10:54:22 utils:142] Epoch: [86], Info: [{'num_test': 100, 'CV': '0.00300', 'CV_turn': '0.00100', 'ctr': '2.99533', 'len_tra': 30.0, 'R_tra': 89.86, 'NX_0_CV': '0.19800', 'NX_0_CV_turn': '0.06600', 'NX_0_ctr': '2.24700', 'NX_0_len_tra': 30.0, 'NX_0_R_tra': 67.41, 'NX_10_CV': '0.06800', 'NX_10_CV_turn': '0.06800', 'NX_10_ctr': '2.60000', 'NX_10_len_tra': 10.0, 'NX_10_R_tra': 26.0}]
[I 240519 10:54:32 utils:142] Epoch: [87], Info: [{'num_test': 100, 'CV': '0.00200', 'CV_turn': '0.00067', 'ctr': '2.98600', 'len_tra': 30.0, 'R_tra': 89.58, 'NX_0_CV': '0.20500', 'NX_0_CV_turn': '0.06833', 'NX_0_ctr': '2.34867', 'NX_0_len_tra': 30.0, 'NX_0_R_tra': 70.46, 'NX_10_CV': '0.08600', 'NX_10_CV_turn': '0.08600', 'NX_10_ctr': '2.51000', 'NX_10_len_tra': 10.0, 'NX_10_R_tra': 25.1}]
[I 240519 10:54:42 utils:142] Epoch: [88], Info: [{'num_test': 100, 'CV': '0.00200', 'CV_turn': '0.00067', 'ctr': '3.03533', 'len_tra': 30.0, 'R_tra': 91.06, 'NX_0_CV': '0.19700', 'NX_0_CV_turn': '0.06567', 'NX_0_ctr': '2.19400', 'NX_0_len_tra': 30.0, 'NX_0_R_tra': 65.82, 'NX_10_CV': '0.07200', 'NX_10_CV_turn': '0.07200', 'NX_10_ctr': '2.58500', 'NX_10_len_tra': 10.0, 'NX_10_R_tra': 25.85}]
[I 240519 10:54:52 utils:142] Epoch: [89], Info: [{'num_test': 100, 'CV': '0.00200', 'CV_turn': '0.00067', 'ctr': '3.11133', 'len_tra': 30.0, 'R_tra': 93.34, 'NX_0_CV': '0.20900', 'NX_0_CV_turn': '0.06967', 'NX_0_ctr': '2.21367', 'NX_0_len_tra': 30.0, 'NX_0_R_tra': 66.41, 'NX_10_CV': '0.08000', 'NX_10_CV_turn': '0.08000', 'NX_10_ctr': '2.56000', 'NX_10_len_tra': 10.0, 'NX_10_R_tra': 25.6}]
[I 240519 10:55:02 utils:142] Epoch: [90], Info: [{'num_test': 100, 'CV': '0.00200', 'CV_turn': '0.00067', 'ctr': '3.07500', 'len_tra': 30.0, 'R_tra': 92.25, 'NX_0_CV': '0.20600', 'NX_0_CV_turn': '0.06867', 'NX_0_ctr': '2.26067', 'NX_0_len_tra': 30.0, 'NX_0_R_tra': 67.82, 'NX_10_CV': '0.06500', 'NX_10_CV_turn': '0.06500', 'NX_10_ctr': '2.61600', 'NX_10_len_tra': 10.0, 'NX_10_R_tra': 26.16}]
[I 240519 10:55:13 utils:142] Epoch: [91], Info: [{'num_test': 100, 'CV': '0.00300', 'CV_turn': '0.00100', 'ctr': '2.81567', 'len_tra': 30.0, 'R_tra': 84.47, 'NX_0_CV': '0.19900', 'NX_0_CV_turn': '0.06633', 'NX_0_ctr': '2.39400', 'NX_0_len_tra': 30.0, 'NX_0_R_tra': 71.82, 'NX_10_CV': '0.07500', 'NX_10_CV_turn': '0.07500', 'NX_10_ctr': '2.54400', 'NX_10_len_tra': 10.0, 'NX_10_R_tra': 25.44}]
[I 240519 10:55:23 utils:142] Epoch: [92], Info: [{'num_test': 100, 'CV': '0.00300', 'CV_turn': '0.00100', 'ctr': '2.97900', 'len_tra': 30.0, 'R_tra': 89.37, 'NX_0_CV': '0.20400', 'NX_0_CV_turn': '0.06800', 'NX_0_ctr': '2.32700', 'NX_0_len_tra': 30.0, 'NX_0_R_tra': 69.81, 'NX_10_CV': '0.06800', 'NX_10_CV_turn': '0.06800', 'NX_10_ctr': '2.57100', 'NX_10_len_tra': 10.0, 'NX_10_R_tra': 25.71}]
[I 240519 10:55:33 utils:142] Epoch: [93], Info: [{'num_test': 100, 'CV': '0.00300', 'CV_turn': '0.00100', 'ctr': '3.02333', 'len_tra': 30.0, 'R_tra': 90.7, 'NX_0_CV': '0.20000', 'NX_0_CV_turn': '0.06667', 'NX_0_ctr': '2.32267', 'NX_0_len_tra': 30.0, 'NX_0_R_tra': 69.68, 'NX_10_CV': '0.06900', 'NX_10_CV_turn': '0.06900', 'NX_10_ctr': '2.56900', 'NX_10_len_tra': 10.0, 'NX_10_R_tra': 25.69}]
[I 240519 10:55:44 utils:142] Epoch: [94], Info: [{'num_test': 100, 'CV': '0.00400', 'CV_turn': '0.00133', 'ctr': '2.99433', 'len_tra': 30.0, 'R_tra': 89.83, 'NX_0_CV': '0.19400', 'NX_0_CV_turn': '0.06467', 'NX_0_ctr': '2.28133', 'NX_0_len_tra': 30.0, 'NX_0_R_tra': 68.44, 'NX_10_CV': '0.05900', 'NX_10_CV_turn': '0.05900', 'NX_10_ctr': '2.45500', 'NX_10_len_tra': 10.0, 'NX_10_R_tra': 24.55}]
[I 240519 10:55:54 utils:142] Epoch: [95], Info: [{'num_test': 100, 'CV': '0.00200', 'CV_turn': '0.00067', 'ctr': '2.93167', 'len_tra': 30.0, 'R_tra': 87.95, 'NX_0_CV': '0.20000', 'NX_0_CV_turn': '0.06667', 'NX_0_ctr': '2.29333', 'NX_0_len_tra': 30.0, 'NX_0_R_tra': 68.8, 'NX_10_CV': '0.06900', 'NX_10_CV_turn': '0.06900', 'NX_10_ctr': '2.41800', 'NX_10_len_tra': 10.0, 'NX_10_R_tra': 24.18}]
[I 240519 10:56:04 utils:142] Epoch: [96], Info: [{'num_test': 100, 'CV': '0.00200', 'CV_turn': '0.00067', 'ctr': '2.91567', 'len_tra': 30.0, 'R_tra': 87.47, 'NX_0_CV': '0.20700', 'NX_0_CV_turn': '0.06900', 'NX_0_ctr': '2.25033', 'NX_0_len_tra': 30.0, 'NX_0_R_tra': 67.51, 'NX_10_CV': '0.06700', 'NX_10_CV_turn': '0.06700', 'NX_10_ctr': '2.47100', 'NX_10_len_tra': 10.0, 'NX_10_R_tra': 24.71}]
[I 240519 10:56:15 utils:142] Epoch: [97], Info: [{'num_test': 100, 'CV': '0.00200', 'CV_turn': '0.00067', 'ctr': '3.10300', 'len_tra': 30.0, 'R_tra': 93.09, 'NX_0_CV': '0.18500', 'NX_0_CV_turn': '0.06167', 'NX_0_ctr': '2.30667', 'NX_0_len_tra': 30.0, 'NX_0_R_tra': 69.2, 'NX_10_CV': '0.07700', 'NX_10_CV_turn': '0.07700', 'NX_10_ctr': '2.39700', 'NX_10_len_tra': 10.0, 'NX_10_R_tra': 23.97}]
[I 240519 10:56:25 utils:142] Epoch: [98], Info: [{'num_test': 100, 'CV': '0.00200', 'CV_turn': '0.00067', 'ctr': '2.85667', 'len_tra': 30.0, 'R_tra': 85.7, 'NX_0_CV': '0.22000', 'NX_0_CV_turn': '0.07333', 'NX_0_ctr': '2.15700', 'NX_0_len_tra': 30.0, 'NX_0_R_tra': 64.71, 'NX_10_CV': '0.06700', 'NX_10_CV_turn': '0.06700', 'NX_10_ctr': '2.53600', 'NX_10_len_tra': 10.0, 'NX_10_R_tra': 25.36}]
[I 240519 10:56:36 utils:142] Epoch: [99], Info: [{'num_test': 100, 'CV': '0.00300', 'CV_turn': '0.00100', 'ctr': '3.30100', 'len_tra': 30.0, 'R_tra': 99.03, 'NX_0_CV': '0.20000', 'NX_0_CV_turn': '0.06667', 'NX_0_ctr': '2.28933', 'NX_0_len_tra': 30.0, 'NX_0_R_tra': 68.68, 'NX_10_CV': '0.07500', 'NX_10_CV_turn': '0.07500', 'NX_10_ctr': '2.51700', 'NX_10_len_tra': 10.0, 'NX_10_R_tra': 25.17}]
[I 240519 10:56:46 utils:142] Epoch: [100], Info: [{'num_test': 100, 'CV': '0.00200', 'CV_turn': '0.00067', 'ctr': '2.76600', 'len_tra': 30.0, 'R_tra': 82.98, 'NX_0_CV': '0.19200', 'NX_0_CV_turn': '0.06400', 'NX_0_ctr': '2.25967', 'NX_0_len_tra': 30.0, 'NX_0_R_tra': 67.79, 'NX_10_CV': '0.07000', 'NX_10_CV_turn': '0.07000', 'NX_10_ctr': '2.53600', 'NX_10_len_tra': 10.0, 'NX_10_R_tra': 25.36}]
[I 240519 10:56:57 utils:142] Epoch: [101], Info: [{'num_test': 100, 'CV': '0.00200', 'CV_turn': '0.00067', 'ctr': '3.11033', 'len_tra': 30.0, 'R_tra': 93.31, 'NX_0_CV': '0.18900', 'NX_0_CV_turn': '0.06300', 'NX_0_ctr': '2.22267', 'NX_0_len_tra': 30.0, 'NX_0_R_tra': 66.68, 'NX_10_CV': '0.06400', 'NX_10_CV_turn': '0.06400', 'NX_10_ctr': '2.45000', 'NX_10_len_tra': 10.0, 'NX_10_R_tra': 24.5}]
[I 240519 10:57:07 utils:142] Epoch: [102], Info: [{'num_test': 100, 'CV': '0.00300', 'CV_turn': '0.00100', 'ctr': '2.87000', 'len_tra': 30.0, 'R_tra': 86.1, 'NX_0_CV': '0.20400', 'NX_0_CV_turn': '0.06800', 'NX_0_ctr': '2.28167', 'NX_0_len_tra': 30.0, 'NX_0_R_tra': 68.45, 'NX_10_CV': '0.06500', 'NX_10_CV_turn': '0.06500', 'NX_10_ctr': '2.27100', 'NX_10_len_tra': 10.0, 'NX_10_R_tra': 22.71}]
[I 240519 10:57:18 utils:142] Epoch: [103], Info: [{'num_test': 100, 'CV': '0.00200', 'CV_turn': '0.00067', 'ctr': '3.13267', 'len_tra': 30.0, 'R_tra': 93.98, 'NX_0_CV': '0.19500', 'NX_0_CV_turn': '0.06500', 'NX_0_ctr': '2.28933', 'NX_0_len_tra': 30.0, 'NX_0_R_tra': 68.68, 'NX_10_CV': '0.06900', 'NX_10_CV_turn': '0.06900', 'NX_10_ctr': '2.48000', 'NX_10_len_tra': 10.0, 'NX_10_R_tra': 24.8}]
[I 240519 10:57:28 utils:142] Epoch: [104], Info: [{'num_test': 100, 'CV': '0.00200', 'CV_turn': '0.00067', 'ctr': '2.89167', 'len_tra': 30.0, 'R_tra': 86.75, 'NX_0_CV': '0.19500', 'NX_0_CV_turn': '0.06500', 'NX_0_ctr': '2.27300', 'NX_0_len_tra': 30.0, 'NX_0_R_tra': 68.19, 'NX_10_CV': '0.06700', 'NX_10_CV_turn': '0.06700', 'NX_10_ctr': '2.59500', 'NX_10_len_tra': 10.0, 'NX_10_R_tra': 25.95}]
[I 240519 10:57:39 utils:142] Epoch: [105], Info: [{'num_test': 100, 'CV': '0.00300', 'CV_turn': '0.00100', 'ctr': '2.70433', 'len_tra': 30.0, 'R_tra': 81.13, 'NX_0_CV': '0.18300', 'NX_0_CV_turn': '0.06100', 'NX_0_ctr': '2.36133', 'NX_0_len_tra': 30.0, 'NX_0_R_tra': 70.84, 'NX_10_CV': '0.06800', 'NX_10_CV_turn': '0.06800', 'NX_10_ctr': '2.46800', 'NX_10_len_tra': 10.0, 'NX_10_R_tra': 24.68}]
[I 240519 10:57:50 utils:142] Epoch: [106], Info: [{'num_test': 100, 'CV': '0.00200', 'CV_turn': '0.00067', 'ctr': '2.69233', 'len_tra': 30.0, 'R_tra': 80.77, 'NX_0_CV': '0.20600', 'NX_0_CV_turn': '0.06867', 'NX_0_ctr': '2.20433', 'NX_0_len_tra': 30.0, 'NX_0_R_tra': 66.13, 'NX_10_CV': '0.06400', 'NX_10_CV_turn': '0.06400', 'NX_10_ctr': '2.49600', 'NX_10_len_tra': 10.0, 'NX_10_R_tra': 24.96}]
[I 240519 10:58:01 utils:142] Epoch: [107], Info: [{'num_test': 100, 'CV': '0.00200', 'CV_turn': '0.00067', 'ctr': '2.92300', 'len_tra': 30.0, 'R_tra': 87.69, 'NX_0_CV': '0.20200', 'NX_0_CV_turn': '0.06733', 'NX_0_ctr': '2.33400', 'NX_0_len_tra': 30.0, 'NX_0_R_tra': 70.02, 'NX_10_CV': '0.06000', 'NX_10_CV_turn': '0.06000', 'NX_10_ctr': '2.64300', 'NX_10_len_tra': 10.0, 'NX_10_R_tra': 26.43}]
[I 240519 10:58:11 utils:142] Epoch: [108], Info: [{'num_test': 100, 'CV': '0.00300', 'CV_turn': '0.00100', 'ctr': '2.77700', 'len_tra': 30.0, 'R_tra': 83.31, 'NX_0_CV': '0.19200', 'NX_0_CV_turn': '0.06400', 'NX_0_ctr': '2.41267', 'NX_0_len_tra': 30.0, 'NX_0_R_tra': 72.38, 'NX_10_CV': '0.06600', 'NX_10_CV_turn': '0.06600', 'NX_10_ctr': '2.35500', 'NX_10_len_tra': 10.0, 'NX_10_R_tra': 23.55}]
[I 240519 10:58:22 utils:142] Epoch: [109], Info: [{'num_test': 100, 'CV': '0.00200', 'CV_turn': '0.00067', 'ctr': '3.00100', 'len_tra': 30.0, 'R_tra': 90.03, 'NX_0_CV': '0.18300', 'NX_0_CV_turn': '0.06100', 'NX_0_ctr': '2.39467', 'NX_0_len_tra': 30.0, 'NX_0_R_tra': 71.84, 'NX_10_CV': '0.07000', 'NX_10_CV_turn': '0.07000', 'NX_10_ctr': '2.39200', 'NX_10_len_tra': 10.0, 'NX_10_R_tra': 23.92}]
[I 240519 10:58:33 utils:142] Epoch: [110], Info: [{'num_test': 100, 'CV': '0.00200', 'CV_turn': '0.00067', 'ctr': '2.74300', 'len_tra': 30.0, 'R_tra': 82.29, 'NX_0_CV': '0.19800', 'NX_0_CV_turn': '0.06600', 'NX_0_ctr': '2.26067', 'NX_0_len_tra': 30.0, 'NX_0_R_tra': 67.82, 'NX_10_CV': '0.06900', 'NX_10_CV_turn': '0.06900', 'NX_10_ctr': '2.30400', 'NX_10_len_tra': 10.0, 'NX_10_R_tra': 23.04}]
[I 240519 10:58:44 utils:142] Epoch: [111], Info: [{'num_test': 100, 'CV': '0.00200', 'CV_turn': '0.00067', 'ctr': '3.30300', 'len_tra': 30.0, 'R_tra': 99.09, 'NX_0_CV': '0.17500', 'NX_0_CV_turn': '0.05833', 'NX_0_ctr': '2.30267', 'NX_0_len_tra': 30.0, 'NX_0_R_tra': 69.08, 'NX_10_CV': '0.07100', 'NX_10_CV_turn': '0.07100', 'NX_10_ctr': '2.47900', 'NX_10_len_tra': 10.0, 'NX_10_R_tra': 24.79}]
[I 240519 10:58:55 utils:142] Epoch: [112], Info: [{'num_test': 100, 'CV': '0.00200', 'CV_turn': '0.00067', 'ctr': '2.86267', 'len_tra': 30.0, 'R_tra': 85.88, 'NX_0_CV': '0.19100', 'NX_0_CV_turn': '0.06367', 'NX_0_ctr': '2.26367', 'NX_0_len_tra': 30.0, 'NX_0_R_tra': 67.91, 'NX_10_CV': '0.06200', 'NX_10_CV_turn': '0.06200', 'NX_10_ctr': '2.50800', 'NX_10_len_tra': 10.0, 'NX_10_R_tra': 25.08}]
[I 240519 10:59:06 utils:142] Epoch: [113], Info: [{'num_test': 100, 'CV': '0.00300', 'CV_turn': '0.00100', 'ctr': '3.15400', 'len_tra': 30.0, 'R_tra': 94.62, 'NX_0_CV': '0.19200', 'NX_0_CV_turn': '0.06400', 'NX_0_ctr': '2.30433', 'NX_0_len_tra': 30.0, 'NX_0_R_tra': 69.13, 'NX_10_CV': '0.06800', 'NX_10_CV_turn': '0.06800', 'NX_10_ctr': '2.63600', 'NX_10_len_tra': 10.0, 'NX_10_R_tra': 26.36}]
[I 240519 10:59:17 utils:142] Epoch: [114], Info: [{'num_test': 100, 'CV': '0.00200', 'CV_turn': '0.00067', 'ctr': '3.03167', 'len_tra': 30.0, 'R_tra': 90.95, 'NX_0_CV': '0.19600', 'NX_0_CV_turn': '0.06533', 'NX_0_ctr': '2.26667', 'NX_0_len_tra': 30.0, 'NX_0_R_tra': 68.0, 'NX_10_CV': '0.06500', 'NX_10_CV_turn': '0.06500', 'NX_10_ctr': '2.53600', 'NX_10_len_tra': 10.0, 'NX_10_R_tra': 25.36}]
[I 240519 10:59:28 utils:142] Epoch: [115], Info: [{'num_test': 100, 'CV': '0.00200', 'CV_turn': '0.00067', 'ctr': '2.84000', 'len_tra': 30.0, 'R_tra': 85.2, 'NX_0_CV': '0.19600', 'NX_0_CV_turn': '0.06533', 'NX_0_ctr': '2.26633', 'NX_0_len_tra': 30.0, 'NX_0_R_tra': 67.99, 'NX_10_CV': '0.06300', 'NX_10_CV_turn': '0.06300', 'NX_10_ctr': '2.60600', 'NX_10_len_tra': 10.0, 'NX_10_R_tra': 26.06}]
[I 240519 10:59:39 utils:142] Epoch: [116], Info: [{'num_test': 100, 'CV': '0.00200', 'CV_turn': '0.00067', 'ctr': '2.76833', 'len_tra': 30.0, 'R_tra': 83.05, 'NX_0_CV': '0.17800', 'NX_0_CV_turn': '0.05933', 'NX_0_ctr': '2.28000', 'NX_0_len_tra': 30.0, 'NX_0_R_tra': 68.4, 'NX_10_CV': '0.06500', 'NX_10_CV_turn': '0.06500', 'NX_10_ctr': '2.45000', 'NX_10_len_tra': 10.0, 'NX_10_R_tra': 24.5}]
[I 240519 10:59:50 utils:142] Epoch: [117], Info: [{'num_test': 100, 'CV': '0.00200', 'CV_turn': '0.00067', 'ctr': '3.25067', 'len_tra': 30.0, 'R_tra': 97.52, 'NX_0_CV': '0.19200', 'NX_0_CV_turn': '0.06400', 'NX_0_ctr': '2.34633', 'NX_0_len_tra': 30.0, 'NX_0_R_tra': 70.39, 'NX_10_CV': '0.06300', 'NX_10_CV_turn': '0.06300', 'NX_10_ctr': '2.40600', 'NX_10_len_tra': 10.0, 'NX_10_R_tra': 24.06}]
[I 240519 11:00:01 utils:142] Epoch: [118], Info: [{'num_test': 100, 'CV': '0.00200', 'CV_turn': '0.00067', 'ctr': '2.87933', 'len_tra': 30.0, 'R_tra': 86.38, 'NX_0_CV': '0.19700', 'NX_0_CV_turn': '0.06567', 'NX_0_ctr': '2.25900', 'NX_0_len_tra': 30.0, 'NX_0_R_tra': 67.77, 'NX_10_CV': '0.06100', 'NX_10_CV_turn': '0.06100', 'NX_10_ctr': '2.42800', 'NX_10_len_tra': 10.0, 'NX_10_R_tra': 24.28}]
[I 240519 11:00:12 utils:142] Epoch: [119], Info: [{'num_test': 100, 'CV': '0.00200', 'CV_turn': '0.00067', 'ctr': '3.08400', 'len_tra': 30.0, 'R_tra': 92.52, 'NX_0_CV': '0.19600', 'NX_0_CV_turn': '0.06533', 'NX_0_ctr': '2.20500', 'NX_0_len_tra': 30.0, 'NX_0_R_tra': 66.15, 'NX_10_CV': '0.06700', 'NX_10_CV_turn': '0.06700', 'NX_10_ctr': '2.48000', 'NX_10_len_tra': 10.0, 'NX_10_R_tra': 24.8}]
[I 240519 11:00:23 utils:142] Epoch: [120], Info: [{'num_test': 100, 'CV': '0.00200', 'CV_turn': '0.00067', 'ctr': '2.80933', 'len_tra': 30.0, 'R_tra': 84.28, 'NX_0_CV': '0.18800', 'NX_0_CV_turn': '0.06267', 'NX_0_ctr': '2.33400', 'NX_0_len_tra': 30.0, 'NX_0_R_tra': 70.02, 'NX_10_CV': '0.06900', 'NX_10_CV_turn': '0.06900', 'NX_10_ctr': '2.56500', 'NX_10_len_tra': 10.0, 'NX_10_R_tra': 25.65}]
[I 240519 11:00:35 utils:142] Epoch: [121], Info: [{'num_test': 100, 'CV': '0.00200', 'CV_turn': '0.00067', 'ctr': '2.99000', 'len_tra': 30.0, 'R_tra': 89.7, 'NX_0_CV': '0.19900', 'NX_0_CV_turn': '0.06633', 'NX_0_ctr': '2.22267', 'NX_0_len_tra': 30.0, 'NX_0_R_tra': 66.68, 'NX_10_CV': '0.06500', 'NX_10_CV_turn': '0.06500', 'NX_10_ctr': '2.51200', 'NX_10_len_tra': 10.0, 'NX_10_R_tra': 25.12}]
[I 240519 11:00:46 utils:142] Epoch: [122], Info: [{'num_test': 100, 'CV': '0.00200', 'CV_turn': '0.00067', 'ctr': '3.07233', 'len_tra': 30.0, 'R_tra': 92.17, 'NX_0_CV': '0.17200', 'NX_0_CV_turn': '0.05733', 'NX_0_ctr': '2.35600', 'NX_0_len_tra': 30.0, 'NX_0_R_tra': 70.68, 'NX_10_CV': '0.05800', 'NX_10_CV_turn': '0.05800', 'NX_10_ctr': '2.40400', 'NX_10_len_tra': 10.0, 'NX_10_R_tra': 24.04}]
[I 240519 11:00:57 utils:142] Epoch: [123], Info: [{'num_test': 100, 'CV': '0.00200', 'CV_turn': '0.00067', 'ctr': '3.05867', 'len_tra': 30.0, 'R_tra': 91.76, 'NX_0_CV': '0.19800', 'NX_0_CV_turn': '0.06600', 'NX_0_ctr': '2.29000', 'NX_0_len_tra': 30.0, 'NX_0_R_tra': 68.7, 'NX_10_CV': '0.05500', 'NX_10_CV_turn': '0.05500', 'NX_10_ctr': '2.67300', 'NX_10_len_tra': 10.0, 'NX_10_R_tra': 26.73}]
[I 240519 11:01:09 utils:142] Epoch: [124], Info: [{'num_test': 100, 'CV': '0.00200', 'CV_turn': '0.00067', 'ctr': '2.68133', 'len_tra': 30.0, 'R_tra': 80.44, 'NX_0_CV': '0.19200', 'NX_0_CV_turn': '0.06400', 'NX_0_ctr': '2.26533', 'NX_0_len_tra': 30.0, 'NX_0_R_tra': 67.96, 'NX_10_CV': '0.06000', 'NX_10_CV_turn': '0.06000', 'NX_10_ctr': '2.39900', 'NX_10_len_tra': 10.0, 'NX_10_R_tra': 23.99}]
[I 240519 11:01:20 utils:142] Epoch: [125], Info: [{'num_test': 100, 'CV': '0.00200', 'CV_turn': '0.00067', 'ctr': '2.74967', 'len_tra': 30.0, 'R_tra': 82.49, 'NX_0_CV': '0.19600', 'NX_0_CV_turn': '0.06533', 'NX_0_ctr': '2.17500', 'NX_0_len_tra': 30.0, 'NX_0_R_tra': 65.25, 'NX_10_CV': '0.06400', 'NX_10_CV_turn': '0.06400', 'NX_10_ctr': '2.40900', 'NX_10_len_tra': 10.0, 'NX_10_R_tra': 24.09}]
[I 240519 11:01:31 utils:142] Epoch: [126], Info: [{'num_test': 100, 'CV': '0.00200', 'CV_turn': '0.00067', 'ctr': '2.84167', 'len_tra': 30.0, 'R_tra': 85.25, 'NX_0_CV': '0.18600', 'NX_0_CV_turn': '0.06200', 'NX_0_ctr': '2.32300', 'NX_0_len_tra': 30.0, 'NX_0_R_tra': 69.69, 'NX_10_CV': '0.06200', 'NX_10_CV_turn': '0.06200', 'NX_10_ctr': '2.43100', 'NX_10_len_tra': 10.0, 'NX_10_R_tra': 24.31}]
[I 240519 11:01:43 utils:142] Epoch: [127], Info: [{'num_test': 100, 'CV': '0.00200', 'CV_turn': '0.00067', 'ctr': '3.17433', 'len_tra': 30.0, 'R_tra': 95.23, 'NX_0_CV': '0.20800', 'NX_0_CV_turn': '0.06933', 'NX_0_ctr': '2.23100', 'NX_0_len_tra': 30.0, 'NX_0_R_tra': 66.93, 'NX_10_CV': '0.06100', 'NX_10_CV_turn': '0.06100', 'NX_10_ctr': '2.50900', 'NX_10_len_tra': 10.0, 'NX_10_R_tra': 25.09}]
[I 240519 11:01:54 utils:142] Epoch: [128], Info: [{'num_test': 100, 'CV': '0.00200', 'CV_turn': '0.00067', 'ctr': '3.02433', 'len_tra': 30.0, 'R_tra': 90.73, 'NX_0_CV': '0.17900', 'NX_0_CV_turn': '0.05967', 'NX_0_ctr': '2.28033', 'NX_0_len_tra': 30.0, 'NX_0_R_tra': 68.41, 'NX_10_CV': '0.06500', 'NX_10_CV_turn': '0.06500', 'NX_10_ctr': '2.65500', 'NX_10_len_tra': 10.0, 'NX_10_R_tra': 26.55}]
[I 240519 11:02:06 utils:142] Epoch: [129], Info: [{'num_test': 100, 'CV': '0.00200', 'CV_turn': '0.00067', 'ctr': '3.02400', 'len_tra': 30.0, 'R_tra': 90.72, 'NX_0_CV': '0.18600', 'NX_0_CV_turn': '0.06200', 'NX_0_ctr': '2.27333', 'NX_0_len_tra': 30.0, 'NX_0_R_tra': 68.2, 'NX_10_CV': '0.06600', 'NX_10_CV_turn': '0.06600', 'NX_10_ctr': '2.53000', 'NX_10_len_tra': 10.0, 'NX_10_R_tra': 25.3}]
[I 240519 11:02:17 utils:142] Epoch: [130], Info: [{'num_test': 100, 'CV': '0.00300', 'CV_turn': '0.00100', 'ctr': '3.06900', 'len_tra': 30.0, 'R_tra': 92.07, 'NX_0_CV': '0.17900', 'NX_0_CV_turn': '0.05967', 'NX_0_ctr': '2.34233', 'NX_0_len_tra': 30.0, 'NX_0_R_tra': 70.27, 'NX_10_CV': '0.06700', 'NX_10_CV_turn': '0.06700', 'NX_10_ctr': '2.45900', 'NX_10_len_tra': 10.0, 'NX_10_R_tra': 24.59}]
[I 240519 11:02:29 utils:142] Epoch: [131], Info: [{'num_test': 100, 'CV': '0.00200', 'CV_turn': '0.00067', 'ctr': '3.08800', 'len_tra': 30.0, 'R_tra': 92.64, 'NX_0_CV': '0.19600', 'NX_0_CV_turn': '0.06533', 'NX_0_ctr': '2.35800', 'NX_0_len_tra': 30.0, 'NX_0_R_tra': 70.74, 'NX_10_CV': '0.06500', 'NX_10_CV_turn': '0.06500', 'NX_10_ctr': '2.47900', 'NX_10_len_tra': 10.0, 'NX_10_R_tra': 24.79}]
[I 240519 11:02:40 utils:142] Epoch: [132], Info: [{'num_test': 100, 'CV': '0.00200', 'CV_turn': '0.00067', 'ctr': '3.02067', 'len_tra': 30.0, 'R_tra': 90.62, 'NX_0_CV': '0.22000', 'NX_0_CV_turn': '0.07333', 'NX_0_ctr': '2.35467', 'NX_0_len_tra': 30.0, 'NX_0_R_tra': 70.64, 'NX_10_CV': '0.07000', 'NX_10_CV_turn': '0.07000', 'NX_10_ctr': '2.41300', 'NX_10_len_tra': 10.0, 'NX_10_R_tra': 24.13}]
[I 240519 11:02:52 utils:142] Epoch: [133], Info: [{'num_test': 100, 'CV': '0.00200', 'CV_turn': '0.00067', 'ctr': '2.96300', 'len_tra': 30.0, 'R_tra': 88.89, 'NX_0_CV': '0.18700', 'NX_0_CV_turn': '0.06233', 'NX_0_ctr': '2.23033', 'NX_0_len_tra': 30.0, 'NX_0_R_tra': 66.91, 'NX_10_CV': '0.05900', 'NX_10_CV_turn': '0.05900', 'NX_10_ctr': '2.50400', 'NX_10_len_tra': 10.0, 'NX_10_R_tra': 25.04}]
[I 240519 11:03:04 utils:142] Epoch: [134], Info: [{'num_test': 100, 'CV': '0.00200', 'CV_turn': '0.00067', 'ctr': '3.00500', 'len_tra': 30.0, 'R_tra': 90.15, 'NX_0_CV': '0.20300', 'NX_0_CV_turn': '0.06767', 'NX_0_ctr': '2.30867', 'NX_0_len_tra': 30.0, 'NX_0_R_tra': 69.26, 'NX_10_CV': '0.07100', 'NX_10_CV_turn': '0.07100', 'NX_10_ctr': '2.34000', 'NX_10_len_tra': 10.0, 'NX_10_R_tra': 23.4}]
[I 240519 11:03:15 utils:142] Epoch: [135], Info: [{'num_test': 100, 'CV': '0.00200', 'CV_turn': '0.00067', 'ctr': '3.17767', 'len_tra': 30.0, 'R_tra': 95.33, 'NX_0_CV': '0.19600', 'NX_0_CV_turn': '0.06533', 'NX_0_ctr': '2.30867', 'NX_0_len_tra': 30.0, 'NX_0_R_tra': 69.26, 'NX_10_CV': '0.06800', 'NX_10_CV_turn': '0.06800', 'NX_10_ctr': '2.42000', 'NX_10_len_tra': 10.0, 'NX_10_R_tra': 24.2}]
[I 240519 11:03:27 utils:142] Epoch: [136], Info: [{'num_test': 100, 'CV': '0.00200', 'CV_turn': '0.00067', 'ctr': '2.99500', 'len_tra': 30.0, 'R_tra': 89.85, 'NX_0_CV': '0.18400', 'NX_0_CV_turn': '0.06133', 'NX_0_ctr': '2.26333', 'NX_0_len_tra': 30.0, 'NX_0_R_tra': 67.9, 'NX_10_CV': '0.06600', 'NX_10_CV_turn': '0.06600', 'NX_10_ctr': '2.44400', 'NX_10_len_tra': 10.0, 'NX_10_R_tra': 24.44}]
[I 240519 11:03:39 utils:142] Epoch: [137], Info: [{'num_test': 100, 'CV': '0.00200', 'CV_turn': '0.00067', 'ctr': '2.82067', 'len_tra': 30.0, 'R_tra': 84.62, 'NX_0_CV': '0.18500', 'NX_0_CV_turn': '0.06167', 'NX_0_ctr': '2.29367', 'NX_0_len_tra': 30.0, 'NX_0_R_tra': 68.81, 'NX_10_CV': '0.06500', 'NX_10_CV_turn': '0.06500', 'NX_10_ctr': '2.44200', 'NX_10_len_tra': 10.0, 'NX_10_R_tra': 24.42}]
[I 240519 11:03:51 utils:142] Epoch: [138], Info: [{'num_test': 100, 'CV': '0.00200', 'CV_turn': '0.00067', 'ctr': '2.85467', 'len_tra': 30.0, 'R_tra': 85.64, 'NX_0_CV': '0.19600', 'NX_0_CV_turn': '0.06533', 'NX_0_ctr': '2.20733', 'NX_0_len_tra': 30.0, 'NX_0_R_tra': 66.22, 'NX_10_CV': '0.06500', 'NX_10_CV_turn': '0.06500', 'NX_10_ctr': '2.41400', 'NX_10_len_tra': 10.0, 'NX_10_R_tra': 24.14}]
[I 240519 11:04:03 utils:142] Epoch: [139], Info: [{'num_test': 100, 'CV': '0.00200', 'CV_turn': '0.00067', 'ctr': '2.89767', 'len_tra': 30.0, 'R_tra': 86.93, 'NX_0_CV': '0.20400', 'NX_0_CV_turn': '0.06800', 'NX_0_ctr': '2.30700', 'NX_0_len_tra': 30.0, 'NX_0_R_tra': 69.21, 'NX_10_CV': '0.06300', 'NX_10_CV_turn': '0.06300', 'NX_10_ctr': '2.44900', 'NX_10_len_tra': 10.0, 'NX_10_R_tra': 24.49}]
[I 240519 11:04:14 utils:142] Epoch: [140], Info: [{'num_test': 100, 'CV': '0.00200', 'CV_turn': '0.00067', 'ctr': '2.86033', 'len_tra': 30.0, 'R_tra': 85.81, 'NX_0_CV': '0.19900', 'NX_0_CV_turn': '0.06633', 'NX_0_ctr': '2.20133', 'NX_0_len_tra': 30.0, 'NX_0_R_tra': 66.04, 'NX_10_CV': '0.05600', 'NX_10_CV_turn': '0.05600', 'NX_10_ctr': '2.49500', 'NX_10_len_tra': 10.0, 'NX_10_R_tra': 24.95}]
[I 240519 11:04:26 utils:142] Epoch: [141], Info: [{'num_test': 100, 'CV': '0.00200', 'CV_turn': '0.00067', 'ctr': '2.92700', 'len_tra': 30.0, 'R_tra': 87.81, 'NX_0_CV': '0.19100', 'NX_0_CV_turn': '0.06367', 'NX_0_ctr': '2.32367', 'NX_0_len_tra': 30.0, 'NX_0_R_tra': 69.71, 'NX_10_CV': '0.06000', 'NX_10_CV_turn': '0.06000', 'NX_10_ctr': '2.42300', 'NX_10_len_tra': 10.0, 'NX_10_R_tra': 24.23}]
[I 240519 11:04:38 utils:142] Epoch: [142], Info: [{'num_test': 100, 'CV': '0.00200', 'CV_turn': '0.00067', 'ctr': '2.94933', 'len_tra': 30.0, 'R_tra': 88.48, 'NX_0_CV': '0.17800', 'NX_0_CV_turn': '0.05933', 'NX_0_ctr': '2.35367', 'NX_0_len_tra': 30.0, 'NX_0_R_tra': 70.61, 'NX_10_CV': '0.07600', 'NX_10_CV_turn': '0.07600', 'NX_10_ctr': '2.34100', 'NX_10_len_tra': 10.0, 'NX_10_R_tra': 23.41}]
[I 240519 11:04:50 utils:142] Epoch: [143], Info: [{'num_test': 100, 'CV': '0.00200', 'CV_turn': '0.00067', 'ctr': '2.92833', 'len_tra': 30.0, 'R_tra': 87.85, 'NX_0_CV': '0.18400', 'NX_0_CV_turn': '0.06133', 'NX_0_ctr': '2.23933', 'NX_0_len_tra': 30.0, 'NX_0_R_tra': 67.18, 'NX_10_CV': '0.06600', 'NX_10_CV_turn': '0.06600', 'NX_10_ctr': '2.45200', 'NX_10_len_tra': 10.0, 'NX_10_R_tra': 24.52}]
[I 240519 11:05:02 utils:142] Epoch: [144], Info: [{'num_test': 100, 'CV': '0.00200', 'CV_turn': '0.00067', 'ctr': '2.95600', 'len_tra': 30.0, 'R_tra': 88.68, 'NX_0_CV': '0.18200', 'NX_0_CV_turn': '0.06067', 'NX_0_ctr': '2.34700', 'NX_0_len_tra': 30.0, 'NX_0_R_tra': 70.41, 'NX_10_CV': '0.06500', 'NX_10_CV_turn': '0.06500', 'NX_10_ctr': '2.42400', 'NX_10_len_tra': 10.0, 'NX_10_R_tra': 24.24}]
[I 240519 11:05:14 utils:142] Epoch: [145], Info: [{'num_test': 100, 'CV': '0.00200', 'CV_turn': '0.00067', 'ctr': '2.95133', 'len_tra': 30.0, 'R_tra': 88.54, 'NX_0_CV': '0.19000', 'NX_0_CV_turn': '0.06333', 'NX_0_ctr': '2.28333', 'NX_0_len_tra': 30.0, 'NX_0_R_tra': 68.5, 'NX_10_CV': '0.07500', 'NX_10_CV_turn': '0.07500', 'NX_10_ctr': '2.37700', 'NX_10_len_tra': 10.0, 'NX_10_R_tra': 23.77}]
[I 240519 11:05:26 utils:142] Epoch: [146], Info: [{'num_test': 100, 'CV': '0.00200', 'CV_turn': '0.00067', 'ctr': '2.64867', 'len_tra': 30.0, 'R_tra': 79.46, 'NX_0_CV': '0.18900', 'NX_0_CV_turn': '0.06300', 'NX_0_ctr': '2.32767', 'NX_0_len_tra': 30.0, 'NX_0_R_tra': 69.83, 'NX_10_CV': '0.06400', 'NX_10_CV_turn': '0.06400', 'NX_10_ctr': '2.39200', 'NX_10_len_tra': 10.0, 'NX_10_R_tra': 23.92}]
[I 240519 11:05:38 utils:142] Epoch: [147], Info: [{'num_test': 100, 'CV': '0.00200', 'CV_turn': '0.00067', 'ctr': '3.18300', 'len_tra': 30.0, 'R_tra': 95.49, 'NX_0_CV': '0.19700', 'NX_0_CV_turn': '0.06567', 'NX_0_ctr': '2.16833', 'NX_0_len_tra': 30.0, 'NX_0_R_tra': 65.05, 'NX_10_CV': '0.06600', 'NX_10_CV_turn': '0.06600', 'NX_10_ctr': '2.47700', 'NX_10_len_tra': 10.0, 'NX_10_R_tra': 24.77}]
[I 240519 11:05:51 utils:142] Epoch: [148], Info: [{'num_test': 100, 'CV': '0.00200', 'CV_turn': '0.00067', 'ctr': '3.11367', 'len_tra': 30.0, 'R_tra': 93.41, 'NX_0_CV': '0.19600', 'NX_0_CV_turn': '0.06533', 'NX_0_ctr': '2.33933', 'NX_0_len_tra': 30.0, 'NX_0_R_tra': 70.18, 'NX_10_CV': '0.06800', 'NX_10_CV_turn': '0.06800', 'NX_10_ctr': '2.54200', 'NX_10_len_tra': 10.0, 'NX_10_R_tra': 25.42}]
[I 240519 11:06:03 utils:142] Epoch: [149], Info: [{'num_test': 100, 'CV': '0.00200', 'CV_turn': '0.00067', 'ctr': '2.78600', 'len_tra': 30.0, 'R_tra': 83.58, 'NX_0_CV': '0.19800', 'NX_0_CV_turn': '0.06600', 'NX_0_ctr': '2.36267', 'NX_0_len_tra': 30.0, 'NX_0_R_tra': 70.88, 'NX_10_CV': '0.06300', 'NX_10_CV_turn': '0.06300', 'NX_10_ctr': '2.55900', 'NX_10_len_tra': 10.0, 'NX_10_R_tra': 25.59}]
[I 240519 11:06:15 utils:142] Epoch: [150], Info: [{'num_test': 100, 'CV': '0.00200', 'CV_turn': '0.00067', 'ctr': '2.93900', 'len_tra': 30.0, 'R_tra': 88.17, 'NX_0_CV': '0.18500', 'NX_0_CV_turn': '0.06167', 'NX_0_ctr': '2.29800', 'NX_0_len_tra': 30.0, 'NX_0_R_tra': 68.94, 'NX_10_CV': '0.06600', 'NX_10_CV_turn': '0.06600', 'NX_10_ctr': '2.29200', 'NX_10_len_tra': 10.0, 'NX_10_R_tra': 22.92}]
[I 240519 11:06:27 utils:142] Epoch: [151], Info: [{'num_test': 100, 'CV': '0.00200', 'CV_turn': '0.00067', 'ctr': '2.68700', 'len_tra': 30.0, 'R_tra': 80.61, 'NX_0_CV': '0.18400', 'NX_0_CV_turn': '0.06133', 'NX_0_ctr': '2.12300', 'NX_0_len_tra': 30.0, 'NX_0_R_tra': 63.69, 'NX_10_CV': '0.06300', 'NX_10_CV_turn': '0.06300', 'NX_10_ctr': '2.43900', 'NX_10_len_tra': 10.0, 'NX_10_R_tra': 24.39}]
[I 240519 11:06:40 utils:142] Epoch: [152], Info: [{'num_test': 100, 'CV': '0.00200', 'CV_turn': '0.00067', 'ctr': '2.77667', 'len_tra': 30.0, 'R_tra': 83.3, 'NX_0_CV': '0.18100', 'NX_0_CV_turn': '0.06033', 'NX_0_ctr': '2.25833', 'NX_0_len_tra': 30.0, 'NX_0_R_tra': 67.75, 'NX_10_CV': '0.06700', 'NX_10_CV_turn': '0.06700', 'NX_10_ctr': '2.50700', 'NX_10_len_tra': 10.0, 'NX_10_R_tra': 25.07}]
[I 240519 11:06:52 utils:142] Epoch: [153], Info: [{'num_test': 100, 'CV': '0.00200', 'CV_turn': '0.00067', 'ctr': '2.75167', 'len_tra': 30.0, 'R_tra': 82.55, 'NX_0_CV': '0.16700', 'NX_0_CV_turn': '0.05567', 'NX_0_ctr': '2.46500', 'NX_0_len_tra': 30.0, 'NX_0_R_tra': 73.95, 'NX_10_CV': '0.06300', 'NX_10_CV_turn': '0.06300', 'NX_10_ctr': '2.51800', 'NX_10_len_tra': 10.0, 'NX_10_R_tra': 25.18}]
[I 240519 11:07:04 utils:142] Epoch: [154], Info: [{'num_test': 100, 'CV': '0.00200', 'CV_turn': '0.00067', 'ctr': '3.00633', 'len_tra': 30.0, 'R_tra': 90.19, 'NX_0_CV': '0.18700', 'NX_0_CV_turn': '0.06233', 'NX_0_ctr': '2.22633', 'NX_0_len_tra': 30.0, 'NX_0_R_tra': 66.79, 'NX_10_CV': '0.06800', 'NX_10_CV_turn': '0.06800', 'NX_10_ctr': '2.42900', 'NX_10_len_tra': 10.0, 'NX_10_R_tra': 24.29}]
[I 240519 11:07:17 utils:142] Epoch: [155], Info: [{'num_test': 100, 'CV': '0.00200', 'CV_turn': '0.00067', 'ctr': '2.91833', 'len_tra': 30.0, 'R_tra': 87.55, 'NX_0_CV': '0.17800', 'NX_0_CV_turn': '0.05933', 'NX_0_ctr': '2.30500', 'NX_0_len_tra': 30.0, 'NX_0_R_tra': 69.15, 'NX_10_CV': '0.05500', 'NX_10_CV_turn': '0.05500', 'NX_10_ctr': '2.33300', 'NX_10_len_tra': 10.0, 'NX_10_R_tra': 23.33}]
[I 240519 11:07:29 utils:142] Epoch: [156], Info: [{'num_test': 100, 'CV': '0.00200', 'CV_turn': '0.00067', 'ctr': '3.10400', 'len_tra': 30.0, 'R_tra': 93.12, 'NX_0_CV': '0.19500', 'NX_0_CV_turn': '0.06500', 'NX_0_ctr': '2.35967', 'NX_0_len_tra': 30.0, 'NX_0_R_tra': 70.79, 'NX_10_CV': '0.06200', 'NX_10_CV_turn': '0.06200', 'NX_10_ctr': '2.43900', 'NX_10_len_tra': 10.0, 'NX_10_R_tra': 24.39}]
[I 240519 11:07:42 utils:142] Epoch: [157], Info: [{'num_test': 100, 'CV': '0.00200', 'CV_turn': '0.00067', 'ctr': '3.13633', 'len_tra': 30.0, 'R_tra': 94.09, 'NX_0_CV': '0.17600', 'NX_0_CV_turn': '0.05867', 'NX_0_ctr': '2.25033', 'NX_0_len_tra': 30.0, 'NX_0_R_tra': 67.51, 'NX_10_CV': '0.05700', 'NX_10_CV_turn': '0.05700', 'NX_10_ctr': '2.54900', 'NX_10_len_tra': 10.0, 'NX_10_R_tra': 25.49}]
[I 240519 11:07:54 utils:142] Epoch: [158], Info: [{'num_test': 100, 'CV': '0.00200', 'CV_turn': '0.00067', 'ctr': '2.95167', 'len_tra': 30.0, 'R_tra': 88.55, 'NX_0_CV': '0.18200', 'NX_0_CV_turn': '0.06067', 'NX_0_ctr': '2.28400', 'NX_0_len_tra': 30.0, 'NX_0_R_tra': 68.52, 'NX_10_CV': '0.06800', 'NX_10_CV_turn': '0.06800', 'NX_10_ctr': '2.55200', 'NX_10_len_tra': 10.0, 'NX_10_R_tra': 25.52}]
[I 240519 11:08:07 utils:142] Epoch: [159], Info: [{'num_test': 100, 'CV': '0.00200', 'CV_turn': '0.00067', 'ctr': '3.14133', 'len_tra': 30.0, 'R_tra': 94.24, 'NX_0_CV': '0.18200', 'NX_0_CV_turn': '0.06067', 'NX_0_ctr': '2.24100', 'NX_0_len_tra': 30.0, 'NX_0_R_tra': 67.23, 'NX_10_CV': '0.05200', 'NX_10_CV_turn': '0.05200', 'NX_10_ctr': '2.51300', 'NX_10_len_tra': 10.0, 'NX_10_R_tra': 25.13}]
[I 240519 11:08:19 utils:142] Epoch: [160], Info: [{'num_test': 100, 'CV': '0.00200', 'CV_turn': '0.00067', 'ctr': '2.91133', 'len_tra': 30.0, 'R_tra': 87.34, 'NX_0_CV': '0.18500', 'NX_0_CV_turn': '0.06167', 'NX_0_ctr': '2.35000', 'NX_0_len_tra': 30.0, 'NX_0_R_tra': 70.5, 'NX_10_CV': '0.06500', 'NX_10_CV_turn': '0.06500', 'NX_10_ctr': '2.55800', 'NX_10_len_tra': 10.0, 'NX_10_R_tra': 25.58}]
[I 240519 11:08:32 utils:142] Epoch: [161], Info: [{'num_test': 100, 'CV': '0.00200', 'CV_turn': '0.00067', 'ctr': '2.64233', 'len_tra': 30.0, 'R_tra': 79.27, 'NX_0_CV': '0.18400', 'NX_0_CV_turn': '0.06133', 'NX_0_ctr': '2.25600', 'NX_0_len_tra': 30.0, 'NX_0_R_tra': 67.68, 'NX_10_CV': '0.06000', 'NX_10_CV_turn': '0.06000', 'NX_10_ctr': '2.37800', 'NX_10_len_tra': 10.0, 'NX_10_R_tra': 23.78}]
[I 240519 11:08:44 utils:142] Epoch: [162], Info: [{'num_test': 100, 'CV': '0.00200', 'CV_turn': '0.00067', 'ctr': '2.87600', 'len_tra': 30.0, 'R_tra': 86.28, 'NX_0_CV': '0.17100', 'NX_0_CV_turn': '0.05700', 'NX_0_ctr': '2.16167', 'NX_0_len_tra': 30.0, 'NX_0_R_tra': 64.85, 'NX_10_CV': '0.06000', 'NX_10_CV_turn': '0.06000', 'NX_10_ctr': '2.51600', 'NX_10_len_tra': 10.0, 'NX_10_R_tra': 25.16}]
[I 240519 11:08:57 utils:142] Epoch: [163], Info: [{'num_test': 100, 'CV': '0.00200', 'CV_turn': '0.00067', 'ctr': '3.09433', 'len_tra': 30.0, 'R_tra': 92.83, 'NX_0_CV': '0.17600', 'NX_0_CV_turn': '0.05867', 'NX_0_ctr': '2.29267', 'NX_0_len_tra': 30.0, 'NX_0_R_tra': 68.78, 'NX_10_CV': '0.05500', 'NX_10_CV_turn': '0.05500', 'NX_10_ctr': '2.51300', 'NX_10_len_tra': 10.0, 'NX_10_R_tra': 25.13}]
[I 240519 11:09:10 utils:142] Epoch: [164], Info: [{'num_test': 100, 'CV': '0.00200', 'CV_turn': '0.00067', 'ctr': '2.83133', 'len_tra': 30.0, 'R_tra': 84.94, 'NX_0_CV': '0.18900', 'NX_0_CV_turn': '0.06300', 'NX_0_ctr': '2.31700', 'NX_0_len_tra': 30.0, 'NX_0_R_tra': 69.51, 'NX_10_CV': '0.05900', 'NX_10_CV_turn': '0.05900', 'NX_10_ctr': '2.51900', 'NX_10_len_tra': 10.0, 'NX_10_R_tra': 25.19}]
[I 240519 11:09:22 utils:142] Epoch: [165], Info: [{'num_test': 100, 'CV': '0.00200', 'CV_turn': '0.00067', 'ctr': '2.91900', 'len_tra': 30.0, 'R_tra': 87.57, 'NX_0_CV': '0.19300', 'NX_0_CV_turn': '0.06433', 'NX_0_ctr': '2.20800', 'NX_0_len_tra': 30.0, 'NX_0_R_tra': 66.24, 'NX_10_CV': '0.06100', 'NX_10_CV_turn': '0.06100', 'NX_10_ctr': '2.52800', 'NX_10_len_tra': 10.0, 'NX_10_R_tra': 25.28}]
[I 240519 11:09:35 utils:142] Epoch: [166], Info: [{'num_test': 100, 'CV': '0.00200', 'CV_turn': '0.00067', 'ctr': '2.90267', 'len_tra': 30.0, 'R_tra': 87.08, 'NX_0_CV': '0.17000', 'NX_0_CV_turn': '0.05667', 'NX_0_ctr': '2.29200', 'NX_0_len_tra': 30.0, 'NX_0_R_tra': 68.76, 'NX_10_CV': '0.06600', 'NX_10_CV_turn': '0.06600', 'NX_10_ctr': '2.53500', 'NX_10_len_tra': 10.0, 'NX_10_R_tra': 25.35}]
[I 240519 11:09:48 utils:142] Epoch: [167], Info: [{'num_test': 100, 'CV': '0.00200', 'CV_turn': '0.00067', 'ctr': '2.99167', 'len_tra': 30.0, 'R_tra': 89.75, 'NX_0_CV': '0.17900', 'NX_0_CV_turn': '0.05967', 'NX_0_ctr': '2.34667', 'NX_0_len_tra': 30.0, 'NX_0_R_tra': 70.4, 'NX_10_CV': '0.06100', 'NX_10_CV_turn': '0.06100', 'NX_10_ctr': '2.52300', 'NX_10_len_tra': 10.0, 'NX_10_R_tra': 25.23}]
[I 240519 11:10:01 utils:142] Epoch: [168], Info: [{'num_test': 100, 'CV': '0.00200', 'CV_turn': '0.00067', 'ctr': '2.83800', 'len_tra': 30.0, 'R_tra': 85.14, 'NX_0_CV': '0.17700', 'NX_0_CV_turn': '0.05900', 'NX_0_ctr': '2.26433', 'NX_0_len_tra': 30.0, 'NX_0_R_tra': 67.93, 'NX_10_CV': '0.06200', 'NX_10_CV_turn': '0.06200', 'NX_10_ctr': '2.41000', 'NX_10_len_tra': 10.0, 'NX_10_R_tra': 24.1}]
[I 240519 11:10:14 utils:142] Epoch: [169], Info: [{'num_test': 100, 'CV': '0.00200', 'CV_turn': '0.00067', 'ctr': '2.83667', 'len_tra': 30.0, 'R_tra': 85.1, 'NX_0_CV': '0.16700', 'NX_0_CV_turn': '0.05567', 'NX_0_ctr': '2.33400', 'NX_0_len_tra': 30.0, 'NX_0_R_tra': 70.02, 'NX_10_CV': '0.05800', 'NX_10_CV_turn': '0.05800', 'NX_10_ctr': '2.33300', 'NX_10_len_tra': 10.0, 'NX_10_R_tra': 23.33}]
[I 240519 11:10:27 utils:142] Epoch: [170], Info: [{'num_test': 100, 'CV': '0.00200', 'CV_turn': '0.00067', 'ctr': '2.64300', 'len_tra': 30.0, 'R_tra': 79.29, 'NX_0_CV': '0.17200', 'NX_0_CV_turn': '0.05733', 'NX_0_ctr': '2.28033', 'NX_0_len_tra': 30.0, 'NX_0_R_tra': 68.41, 'NX_10_CV': '0.05600', 'NX_10_CV_turn': '0.05600', 'NX_10_ctr': '2.41100', 'NX_10_len_tra': 10.0, 'NX_10_R_tra': 24.11}]
[I 240519 11:10:40 utils:142] Epoch: [171], Info: [{'num_test': 100, 'CV': '0.00200', 'CV_turn': '0.00067', 'ctr': '3.03733', 'len_tra': 30.0, 'R_tra': 91.12, 'NX_0_CV': '0.19000', 'NX_0_CV_turn': '0.06333', 'NX_0_ctr': '2.30233', 'NX_0_len_tra': 30.0, 'NX_0_R_tra': 69.07, 'NX_10_CV': '0.06200', 'NX_10_CV_turn': '0.06200', 'NX_10_ctr': '2.55400', 'NX_10_len_tra': 10.0, 'NX_10_R_tra': 25.54}]
[I 240519 11:10:53 utils:142] Epoch: [172], Info: [{'num_test': 100, 'CV': '0.00200', 'CV_turn': '0.00067', 'ctr': '3.03833', 'len_tra': 30.0, 'R_tra': 91.15, 'NX_0_CV': '0.16900', 'NX_0_CV_turn': '0.05633', 'NX_0_ctr': '2.30067', 'NX_0_len_tra': 30.0, 'NX_0_R_tra': 69.02, 'NX_10_CV': '0.05600', 'NX_10_CV_turn': '0.05600', 'NX_10_ctr': '2.40700', 'NX_10_len_tra': 10.0, 'NX_10_R_tra': 24.07}]
[I 240519 11:11:06 utils:142] Epoch: [173], Info: [{'num_test': 100, 'CV': '0.00200', 'CV_turn': '0.00067', 'ctr': '2.98000', 'len_tra': 30.0, 'R_tra': 89.4, 'NX_0_CV': '0.18300', 'NX_0_CV_turn': '0.06100', 'NX_0_ctr': '2.21167', 'NX_0_len_tra': 30.0, 'NX_0_R_tra': 66.35, 'NX_10_CV': '0.07400', 'NX_10_CV_turn': '0.07400', 'NX_10_ctr': '2.47700', 'NX_10_len_tra': 10.0, 'NX_10_R_tra': 24.77}]
[I 240519 11:11:20 utils:142] Epoch: [174], Info: [{'num_test': 100, 'CV': '0.00200', 'CV_turn': '0.00067', 'ctr': '3.03333', 'len_tra': 30.0, 'R_tra': 91.0, 'NX_0_CV': '0.17500', 'NX_0_CV_turn': '0.05833', 'NX_0_ctr': '2.22633', 'NX_0_len_tra': 30.0, 'NX_0_R_tra': 66.79, 'NX_10_CV': '0.06400', 'NX_10_CV_turn': '0.06400', 'NX_10_ctr': '2.41600', 'NX_10_len_tra': 10.0, 'NX_10_R_tra': 24.16}]
[I 240519 11:11:33 utils:142] Epoch: [175], Info: [{'num_test': 100, 'CV': '0.00200', 'CV_turn': '0.00067', 'ctr': '2.81867', 'len_tra': 30.0, 'R_tra': 84.56, 'NX_0_CV': '0.18800', 'NX_0_CV_turn': '0.06267', 'NX_0_ctr': '2.28400', 'NX_0_len_tra': 30.0, 'NX_0_R_tra': 68.52, 'NX_10_CV': '0.05900', 'NX_10_CV_turn': '0.05900', 'NX_10_ctr': '2.45700', 'NX_10_len_tra': 10.0, 'NX_10_R_tra': 24.57}]
[I 240519 11:11:46 utils:142] Epoch: [176], Info: [{'num_test': 100, 'CV': '0.00200', 'CV_turn': '0.00067', 'ctr': '3.02467', 'len_tra': 30.0, 'R_tra': 90.74, 'NX_0_CV': '0.18800', 'NX_0_CV_turn': '0.06267', 'NX_0_ctr': '2.24433', 'NX_0_len_tra': 30.0, 'NX_0_R_tra': 67.33, 'NX_10_CV': '0.05400', 'NX_10_CV_turn': '0.05400', 'NX_10_ctr': '2.52500', 'NX_10_len_tra': 10.0, 'NX_10_R_tra': 25.25}]
[I 240519 11:11:59 utils:142] Epoch: [177], Info: [{'num_test': 100, 'CV': '0.00200', 'CV_turn': '0.00067', 'ctr': '2.84733', 'len_tra': 30.0, 'R_tra': 85.42, 'NX_0_CV': '0.17500', 'NX_0_CV_turn': '0.05833', 'NX_0_ctr': '2.33900', 'NX_0_len_tra': 30.0, 'NX_0_R_tra': 70.17, 'NX_10_CV': '0.06100', 'NX_10_CV_turn': '0.06100', 'NX_10_ctr': '2.51200', 'NX_10_len_tra': 10.0, 'NX_10_R_tra': 25.12}]
[I 240519 11:12:13 utils:142] Epoch: [178], Info: [{'num_test': 100, 'CV': '0.00200', 'CV_turn': '0.00067', 'ctr': '3.05000', 'len_tra': 30.0, 'R_tra': 91.5, 'NX_0_CV': '0.16100', 'NX_0_CV_turn': '0.05367', 'NX_0_ctr': '2.33300', 'NX_0_len_tra': 30.0, 'NX_0_R_tra': 69.99, 'NX_10_CV': '0.06800', 'NX_10_CV_turn': '0.06800', 'NX_10_ctr': '2.32000', 'NX_10_len_tra': 10.0, 'NX_10_R_tra': 23.2}]
[I 240519 11:12:26 utils:142] Epoch: [179], Info: [{'num_test': 100, 'CV': '0.00200', 'CV_turn': '0.00067', 'ctr': '2.69733', 'len_tra': 30.0, 'R_tra': 80.92, 'NX_0_CV': '0.18800', 'NX_0_CV_turn': '0.06267', 'NX_0_ctr': '2.26900', 'NX_0_len_tra': 30.0, 'NX_0_R_tra': 68.07, 'NX_10_CV': '0.06900', 'NX_10_CV_turn': '0.06900', 'NX_10_ctr': '2.45600', 'NX_10_len_tra': 10.0, 'NX_10_R_tra': 24.56}]
[I 240519 11:12:39 utils:142] Epoch: [180], Info: [{'num_test': 100, 'CV': '0.00200', 'CV_turn': '0.00067', 'ctr': '2.97667', 'len_tra': 30.0, 'R_tra': 89.3, 'NX_0_CV': '0.17400', 'NX_0_CV_turn': '0.05800', 'NX_0_ctr': '2.40200', 'NX_0_len_tra': 30.0, 'NX_0_R_tra': 72.06, 'NX_10_CV': '0.06200', 'NX_10_CV_turn': '0.06200', 'NX_10_ctr': '2.51700', 'NX_10_len_tra': 10.0, 'NX_10_R_tra': 25.17}]
[I 240519 11:12:53 utils:142] Epoch: [181], Info: [{'num_test': 100, 'CV': '0.00200', 'CV_turn': '0.00067', 'ctr': '3.16067', 'len_tra': 30.0, 'R_tra': 94.82, 'NX_0_CV': '0.17500', 'NX_0_CV_turn': '0.05833', 'NX_0_ctr': '2.30000', 'NX_0_len_tra': 30.0, 'NX_0_R_tra': 69.0, 'NX_10_CV': '0.05900', 'NX_10_CV_turn': '0.05900', 'NX_10_ctr': '2.44100', 'NX_10_len_tra': 10.0, 'NX_10_R_tra': 24.41}]
[I 240519 11:13:06 utils:142] Epoch: [182], Info: [{'num_test': 100, 'CV': '0.00200', 'CV_turn': '0.00067', 'ctr': '2.89033', 'len_tra': 30.0, 'R_tra': 86.71, 'NX_0_CV': '0.18200', 'NX_0_CV_turn': '0.06067', 'NX_0_ctr': '2.36000', 'NX_0_len_tra': 30.0, 'NX_0_R_tra': 70.8, 'NX_10_CV': '0.05900', 'NX_10_CV_turn': '0.05900', 'NX_10_ctr': '2.40900', 'NX_10_len_tra': 10.0, 'NX_10_R_tra': 24.09}]
[I 240519 11:13:20 utils:142] Epoch: [183], Info: [{'num_test': 100, 'CV': '0.00200', 'CV_turn': '0.00067', 'ctr': '2.81733', 'len_tra': 30.0, 'R_tra': 84.52, 'NX_0_CV': '0.17700', 'NX_0_CV_turn': '0.05900', 'NX_0_ctr': '2.33200', 'NX_0_len_tra': 30.0, 'NX_0_R_tra': 69.96, 'NX_10_CV': '0.05800', 'NX_10_CV_turn': '0.05800', 'NX_10_ctr': '2.48300', 'NX_10_len_tra': 10.0, 'NX_10_R_tra': 24.83}]
[I 240519 11:13:33 utils:142] Epoch: [184], Info: [{'num_test': 100, 'CV': '0.00200', 'CV_turn': '0.00067', 'ctr': '2.81900', 'len_tra': 30.0, 'R_tra': 84.57, 'NX_0_CV': '0.16900', 'NX_0_CV_turn': '0.05633', 'NX_0_ctr': '2.45167', 'NX_0_len_tra': 30.0, 'NX_0_R_tra': 73.55, 'NX_10_CV': '0.05600', 'NX_10_CV_turn': '0.05600', 'NX_10_ctr': '2.39300', 'NX_10_len_tra': 10.0, 'NX_10_R_tra': 23.93}]
[I 240519 11:13:47 utils:142] Epoch: [185], Info: [{'num_test': 100, 'CV': '0.00200', 'CV_turn': '0.00067', 'ctr': '2.90833', 'len_tra': 30.0, 'R_tra': 87.25, 'NX_0_CV': '0.19000', 'NX_0_CV_turn': '0.06333', 'NX_0_ctr': '2.27600', 'NX_0_len_tra': 30.0, 'NX_0_R_tra': 68.28, 'NX_10_CV': '0.06500', 'NX_10_CV_turn': '0.06500', 'NX_10_ctr': '2.56000', 'NX_10_len_tra': 10.0, 'NX_10_R_tra': 25.6}]
[I 240519 11:14:00 utils:142] Epoch: [186], Info: [{'num_test': 100, 'CV': '0.00200', 'CV_turn': '0.00067', 'ctr': '2.89700', 'len_tra': 30.0, 'R_tra': 86.91, 'NX_0_CV': '0.18400', 'NX_0_CV_turn': '0.06133', 'NX_0_ctr': '2.25267', 'NX_0_len_tra': 30.0, 'NX_0_R_tra': 67.58, 'NX_10_CV': '0.05700', 'NX_10_CV_turn': '0.05700', 'NX_10_ctr': '2.53700', 'NX_10_len_tra': 10.0, 'NX_10_R_tra': 25.37}]
[I 240519 11:14:14 utils:142] Epoch: [187], Info: [{'num_test': 100, 'CV': '0.00200', 'CV_turn': '0.00067', 'ctr': '2.89567', 'len_tra': 30.0, 'R_tra': 86.87, 'NX_0_CV': '0.18400', 'NX_0_CV_turn': '0.06133', 'NX_0_ctr': '2.27667', 'NX_0_len_tra': 30.0, 'NX_0_R_tra': 68.3, 'NX_10_CV': '0.05000', 'NX_10_CV_turn': '0.05000', 'NX_10_ctr': '2.51100', 'NX_10_len_tra': 10.0, 'NX_10_R_tra': 25.11}]
[I 240519 11:14:28 utils:142] Epoch: [188], Info: [{'num_test': 100, 'CV': '0.00200', 'CV_turn': '0.00067', 'ctr': '2.99167', 'len_tra': 30.0, 'R_tra': 89.75, 'NX_0_CV': '0.17300', 'NX_0_CV_turn': '0.05767', 'NX_0_ctr': '2.22000', 'NX_0_len_tra': 30.0, 'NX_0_R_tra': 66.6, 'NX_10_CV': '0.05800', 'NX_10_CV_turn': '0.05800', 'NX_10_ctr': '2.53900', 'NX_10_len_tra': 10.0, 'NX_10_R_tra': 25.39}]
[I 240519 11:14:41 utils:142] Epoch: [189], Info: [{'num_test': 100, 'CV': '0.00200', 'CV_turn': '0.00067', 'ctr': '2.79867', 'len_tra': 30.0, 'R_tra': 83.96, 'NX_0_CV': '0.17100', 'NX_0_CV_turn': '0.05700', 'NX_0_ctr': '2.24800', 'NX_0_len_tra': 30.0, 'NX_0_R_tra': 67.44, 'NX_10_CV': '0.05100', 'NX_10_CV_turn': '0.05100', 'NX_10_ctr': '2.58400', 'NX_10_len_tra': 10.0, 'NX_10_R_tra': 25.84}]
[I 240519 11:14:55 utils:142] Epoch: [190], Info: [{'num_test': 100, 'CV': '0.00200', 'CV_turn': '0.00067', 'ctr': '3.12933', 'len_tra': 30.0, 'R_tra': 93.88, 'NX_0_CV': '0.18300', 'NX_0_CV_turn': '0.06100', 'NX_0_ctr': '2.28067', 'NX_0_len_tra': 30.0, 'NX_0_R_tra': 68.42, 'NX_10_CV': '0.05000', 'NX_10_CV_turn': '0.05000', 'NX_10_ctr': '2.48700', 'NX_10_len_tra': 10.0, 'NX_10_R_tra': 24.87}]
[I 240519 11:15:09 utils:142] Epoch: [191], Info: [{'num_test': 100, 'CV': '0.00200', 'CV_turn': '0.00067', 'ctr': '2.88067', 'len_tra': 30.0, 'R_tra': 86.42, 'NX_0_CV': '0.17600', 'NX_0_CV_turn': '0.05867', 'NX_0_ctr': '2.36800', 'NX_0_len_tra': 30.0, 'NX_0_R_tra': 71.04, 'NX_10_CV': '0.05300', 'NX_10_CV_turn': '0.05300', 'NX_10_ctr': '2.36500', 'NX_10_len_tra': 10.0, 'NX_10_R_tra': 23.65}]
[I 240519 11:15:23 utils:142] Epoch: [192], Info: [{'num_test': 100, 'CV': '0.00300', 'CV_turn': '0.00100', 'ctr': '2.48667', 'len_tra': 30.0, 'R_tra': 74.6, 'NX_0_CV': '0.18400', 'NX_0_CV_turn': '0.06133', 'NX_0_ctr': '2.29967', 'NX_0_len_tra': 30.0, 'NX_0_R_tra': 68.99, 'NX_10_CV': '0.05600', 'NX_10_CV_turn': '0.05600', 'NX_10_ctr': '2.45300', 'NX_10_len_tra': 10.0, 'NX_10_R_tra': 24.53}]
[I 240519 11:15:36 utils:142] Epoch: [193], Info: [{'num_test': 100, 'CV': '0.00200', 'CV_turn': '0.00067', 'ctr': '2.66600', 'len_tra': 30.0, 'R_tra': 79.98, 'NX_0_CV': '0.18500', 'NX_0_CV_turn': '0.06167', 'NX_0_ctr': '2.31500', 'NX_0_len_tra': 30.0, 'NX_0_R_tra': 69.45, 'NX_10_CV': '0.05500', 'NX_10_CV_turn': '0.05500', 'NX_10_ctr': '2.38700', 'NX_10_len_tra': 10.0, 'NX_10_R_tra': 23.87}]
[I 240519 11:15:50 utils:142] Epoch: [194], Info: [{'num_test': 100, 'CV': '0.00200', 'CV_turn': '0.00067', 'ctr': '2.91633', 'len_tra': 30.0, 'R_tra': 87.49, 'NX_0_CV': '0.18300', 'NX_0_CV_turn': '0.06100', 'NX_0_ctr': '2.34400', 'NX_0_len_tra': 30.0, 'NX_0_R_tra': 70.32, 'NX_10_CV': '0.06500', 'NX_10_CV_turn': '0.06500', 'NX_10_ctr': '2.40700', 'NX_10_len_tra': 10.0, 'NX_10_R_tra': 24.07}]
[I 240519 11:16:04 utils:142] Epoch: [195], Info: [{'num_test': 100, 'CV': '0.00200', 'CV_turn': '0.00067', 'ctr': '2.53667', 'len_tra': 30.0, 'R_tra': 76.1, 'NX_0_CV': '0.18400', 'NX_0_CV_turn': '0.06133', 'NX_0_ctr': '2.20333', 'NX_0_len_tra': 30.0, 'NX_0_R_tra': 66.1, 'NX_10_CV': '0.05300', 'NX_10_CV_turn': '0.05300', 'NX_10_ctr': '2.26500', 'NX_10_len_tra': 10.0, 'NX_10_R_tra': 22.65}]
[I 240519 11:16:18 utils:142] Epoch: [196], Info: [{'num_test': 100, 'CV': '0.00200', 'CV_turn': '0.00067', 'ctr': '2.47633', 'len_tra': 30.0, 'R_tra': 74.29, 'NX_0_CV': '0.17500', 'NX_0_CV_turn': '0.05833', 'NX_0_ctr': '2.29000', 'NX_0_len_tra': 30.0, 'NX_0_R_tra': 68.7, 'NX_10_CV': '0.05600', 'NX_10_CV_turn': '0.05600', 'NX_10_ctr': '2.43900', 'NX_10_len_tra': 10.0, 'NX_10_R_tra': 24.39}]
[I 240519 11:16:32 utils:142] Epoch: [197], Info: [{'num_test': 100, 'CV': '0.00200', 'CV_turn': '0.00067', 'ctr': '2.63667', 'len_tra': 30.0, 'R_tra': 79.1, 'NX_0_CV': '0.17200', 'NX_0_CV_turn': '0.05733', 'NX_0_ctr': '2.30333', 'NX_0_len_tra': 30.0, 'NX_0_R_tra': 69.1, 'NX_10_CV': '0.05400', 'NX_10_CV_turn': '0.05400', 'NX_10_ctr': '2.47500', 'NX_10_len_tra': 10.0, 'NX_10_R_tra': 24.75}]
[I 240519 11:16:46 utils:142] Epoch: [198], Info: [{'num_test': 100, 'CV': '0.00200', 'CV_turn': '0.00067', 'ctr': '2.04767', 'len_tra': 30.0, 'R_tra': 61.43, 'NX_0_CV': '0.17500', 'NX_0_CV_turn': '0.05833', 'NX_0_ctr': '2.24867', 'NX_0_len_tra': 30.0, 'NX_0_R_tra': 67.46, 'NX_10_CV': '0.04700', 'NX_10_CV_turn': '0.04700', 'NX_10_ctr': '2.41000', 'NX_10_len_tra': 10.0, 'NX_10_R_tra': 24.1}]
[I 240519 11:17:00 utils:142] Epoch: [199], Info: [{'num_test': 100, 'CV': '0.00300', 'CV_turn': '0.00100', 'ctr': '2.26233', 'len_tra': 30.0, 'R_tra': 67.87, 'NX_0_CV': '0.18200', 'NX_0_CV_turn': '0.06067', 'NX_0_ctr': '2.32667', 'NX_0_len_tra': 30.0, 'NX_0_R_tra': 69.8, 'NX_10_CV': '0.05700', 'NX_10_CV_turn': '0.05700', 'NX_10_ctr': '2.41800', 'NX_10_len_tra': 10.0, 'NX_10_R_tra': 24.18}]
[I 240519 11:17:14 utils:142] Epoch: [200], Info: [{'num_test': 100, 'CV': '0.00300', 'CV_turn': '0.00100', 'ctr': '2.36033', 'len_tra': 30.0, 'R_tra': 70.81, 'NX_0_CV': '0.17800', 'NX_0_CV_turn': '0.05933', 'NX_0_ctr': '2.20100', 'NX_0_len_tra': 30.0, 'NX_0_R_tra': 66.03, 'NX_10_CV': '0.06000', 'NX_10_CV_turn': '0.06000', 'NX_10_ctr': '2.34100', 'NX_10_len_tra': 10.0, 'NX_10_R_tra': 23.41}]
[I 240519 11:17:14 run_Policy_Main:454] {'duration': '2118.58s', 'train_time/model': '2118.33s', 'test_step': 3000, 'test_episode': 100, 'test_time': '0.11s', 'test_speed': '27642.90 step/s', 'best_reward': 99.09, 'best_result': '99.09  36.37', 'train_step': 3000, 'train_episode': 100, 'train_time/collector': '0.14s', 'train_speed': '1.42 step/s'}
