[I 240414 12:03:27 policy_utils:47] {
      "env": "YahooEnv-v0",
      "user_model_name": "DeepFM",
      "model_name": "SQN",
      "seed": 0,
      "cuda": 1,
      "draw_bar": false,
      "is_userinfo": true,
      "is_all_item_ranking": false,
      "cpu": false,
      "is_save": false,
      "use_userEmbedding": false,
      "exploration_noise": false,
      "eps": 0.1,
      "freeze_emb": false,
      "reward_handle": "cat",
      "which_tracker": "avg",
      "embedding_dim": 32,
      "window_size": 3,
      "filter_sizes": [
        2,
        3,
        4
      ],
      "num_filters": 16,
      "dropout_rate": 0.1,
      "num_heads": 1,
      "version": "v1",
      "tau": 0,
      "gamma_exposure": 10,
      "lambda_variance": 0.05,
      "lambda_entropy": 5,
      "use_exposure_intervention": false,
      "buffer_size": 100000,
      "lr": 0.001,
      "epoch": 200,
      "batch_size": 1024,
      "hidden_sizes": [
        64,
        64
      ],
      "episode_per_collect": 100,
      "training_num": 100,
      "test_num": 100,
      "render": 0,
      "reward_threshold": null,
      "gamma": 0.9,
      "step_per_epoch": 1000,
      "repeat_per_collect": 1,
      "logdir": "log",
      "vf_coef": 0.5,
      "ent_coef": 0.0,
      "max_grad_norm": null,
      "gae_lambda": 1.0,
      "rew_norm": false,
      "read_message": "pointneg",
      "message": "SQN",
      "remark_pre": "",
      "remark": "",
      "scratch": false,
      "use_hidden": true,
      "num_att_heads": 1,
      "num_att_layers": 2,
      "att_dropout": 0.1,
      "use_ckpt": false,
      "change_pred_reward": false,
      "change_var": false,
      "kr": 1,
      "ku": 1,
      "r_and_u": "minus",
      "use_wandb": false,
      "all_item_ranking": false,
      "is_binarize": true,
      "need_transform": false,
      "entropy_window": [],
      "rating_threshold": 4,
      "yfeat": "rating",
      "leave_threshold": 0.0,
      "num_leave_compute": 1,
      "max_turn": 30,
      "force_length": 10,
      "top_rate": 0.8,
      "which_head": "qhead",
      "n_step": 3,
      "target_update_freq": 320,
      "unlikely_action_threshold": 0.6,
      "imitation_logits_penalty": 0.01,
      "eps_test": 0.001,
      "hostname": "wukong-ThinkStation-P620"
    }
[I 240414 12:03:50 utils:142] Epoch: [1], Info: [{'num_test': 100, 'CV': '0.00100', 'CV_turn': '0.00033', 'ctr': '2.58000', 'len_tra': 30.0, 'R_tra': 77.4, 'NX_0_CV': '0.04700', 'NX_0_CV_turn': '0.01567', 'NX_0_ctr': '2.27700', 'NX_0_len_tra': 30.0, 'NX_0_R_tra': 68.31, 'NX_10_CV': '0.01600', 'NX_10_CV_turn': '0.01600', 'NX_10_ctr': '2.37500', 'NX_10_len_tra': 10.0, 'NX_10_R_tra': 23.75}]
[I 240414 12:04:00 utils:142] Epoch: [2], Info: [{'num_test': 100, 'CV': '0.00100', 'CV_turn': '0.00033', 'ctr': '2.79000', 'len_tra': 30.0, 'R_tra': 83.7, 'NX_0_CV': '0.04300', 'NX_0_CV_turn': '0.01433', 'NX_0_ctr': '2.22567', 'NX_0_len_tra': 30.0, 'NX_0_R_tra': 66.77, 'NX_10_CV': '0.01500', 'NX_10_CV_turn': '0.01500', 'NX_10_ctr': '2.43800', 'NX_10_len_tra': 10.0, 'NX_10_R_tra': 24.38}]
[I 240414 12:04:09 utils:142] Epoch: [3], Info: [{'num_test': 100, 'CV': '0.00200', 'CV_turn': '0.00067', 'ctr': '2.66667', 'len_tra': 30.0, 'R_tra': 80.0, 'NX_0_CV': '0.04200', 'NX_0_CV_turn': '0.01400', 'NX_0_ctr': '2.40133', 'NX_0_len_tra': 30.0, 'NX_0_R_tra': 72.04, 'NX_10_CV': '0.01500', 'NX_10_CV_turn': '0.01500', 'NX_10_ctr': '2.41300', 'NX_10_len_tra': 10.0, 'NX_10_R_tra': 24.13}]
[I 240414 12:04:19 utils:142] Epoch: [4], Info: [{'num_test': 100, 'CV': '0.00200', 'CV_turn': '0.00067', 'ctr': '2.57700', 'len_tra': 30.0, 'R_tra': 77.31, 'NX_0_CV': '0.04700', 'NX_0_CV_turn': '0.01567', 'NX_0_ctr': '2.28867', 'NX_0_len_tra': 30.0, 'NX_0_R_tra': 68.66, 'NX_10_CV': '0.01400', 'NX_10_CV_turn': '0.01400', 'NX_10_ctr': '2.32100', 'NX_10_len_tra': 10.0, 'NX_10_R_tra': 23.21}]
[I 240414 12:04:28 utils:142] Epoch: [5], Info: [{'num_test': 100, 'CV': '0.00200', 'CV_turn': '0.00067', 'ctr': '2.54200', 'len_tra': 30.0, 'R_tra': 76.26, 'NX_0_CV': '0.04300', 'NX_0_CV_turn': '0.01433', 'NX_0_ctr': '2.33567', 'NX_0_len_tra': 30.0, 'NX_0_R_tra': 70.07, 'NX_10_CV': '0.01200', 'NX_10_CV_turn': '0.01200', 'NX_10_ctr': '2.43700', 'NX_10_len_tra': 10.0, 'NX_10_R_tra': 24.37}]
[I 240414 12:04:38 utils:142] Epoch: [6], Info: [{'num_test': 100, 'CV': '0.00300', 'CV_turn': '0.00100', 'ctr': '2.65167', 'len_tra': 30.0, 'R_tra': 79.55, 'NX_0_CV': '0.04600', 'NX_0_CV_turn': '0.01533', 'NX_0_ctr': '2.32933', 'NX_0_len_tra': 30.0, 'NX_0_R_tra': 69.88, 'NX_10_CV': '0.01100', 'NX_10_CV_turn': '0.01100', 'NX_10_ctr': '2.49700', 'NX_10_len_tra': 10.0, 'NX_10_R_tra': 24.97}]
[I 240414 12:04:48 utils:142] Epoch: [7], Info: [{'num_test': 100, 'CV': '0.00200', 'CV_turn': '0.00067', 'ctr': '2.32967', 'len_tra': 30.0, 'R_tra': 69.89, 'NX_0_CV': '0.05200', 'NX_0_CV_turn': '0.01733', 'NX_0_ctr': '2.37900', 'NX_0_len_tra': 30.0, 'NX_0_R_tra': 71.37, 'NX_10_CV': '0.01100', 'NX_10_CV_turn': '0.01100', 'NX_10_ctr': '2.51100', 'NX_10_len_tra': 10.0, 'NX_10_R_tra': 25.11}]
[I 240414 12:04:57 utils:142] Epoch: [8], Info: [{'num_test': 100, 'CV': '0.00200', 'CV_turn': '0.00067', 'ctr': '1.98367', 'len_tra': 30.0, 'R_tra': 59.51, 'NX_0_CV': '0.04600', 'NX_0_CV_turn': '0.01533', 'NX_0_ctr': '2.42433', 'NX_0_len_tra': 30.0, 'NX_0_R_tra': 72.73, 'NX_10_CV': '0.01200', 'NX_10_CV_turn': '0.01200', 'NX_10_ctr': '2.34900', 'NX_10_len_tra': 10.0, 'NX_10_R_tra': 23.49}]
[I 240414 12:05:07 utils:142] Epoch: [9], Info: [{'num_test': 100, 'CV': '0.00500', 'CV_turn': '0.00167', 'ctr': '2.26133', 'len_tra': 30.0, 'R_tra': 67.84, 'NX_0_CV': '0.04600', 'NX_0_CV_turn': '0.01533', 'NX_0_ctr': '2.23067', 'NX_0_len_tra': 30.0, 'NX_0_R_tra': 66.92, 'NX_10_CV': '0.01300', 'NX_10_CV_turn': '0.01300', 'NX_10_ctr': '2.29500', 'NX_10_len_tra': 10.0, 'NX_10_R_tra': 22.95}]
[I 240414 12:05:16 utils:142] Epoch: [10], Info: [{'num_test': 100, 'CV': '0.00200', 'CV_turn': '0.00067', 'ctr': '2.51667', 'len_tra': 30.0, 'R_tra': 75.5, 'NX_0_CV': '0.04900', 'NX_0_CV_turn': '0.01633', 'NX_0_ctr': '2.31433', 'NX_0_len_tra': 30.0, 'NX_0_R_tra': 69.43, 'NX_10_CV': '0.01100', 'NX_10_CV_turn': '0.01100', 'NX_10_ctr': '2.38200', 'NX_10_len_tra': 10.0, 'NX_10_R_tra': 23.82}]
[I 240414 12:05:26 utils:142] Epoch: [11], Info: [{'num_test': 100, 'CV': '0.00300', 'CV_turn': '0.00100', 'ctr': '2.83767', 'len_tra': 30.0, 'R_tra': 85.13, 'NX_0_CV': '0.03700', 'NX_0_CV_turn': '0.01233', 'NX_0_ctr': '2.38567', 'NX_0_len_tra': 30.0, 'NX_0_R_tra': 71.57, 'NX_10_CV': '0.01100', 'NX_10_CV_turn': '0.01100', 'NX_10_ctr': '2.40900', 'NX_10_len_tra': 10.0, 'NX_10_R_tra': 24.09}]
[I 240414 12:05:36 utils:142] Epoch: [12], Info: [{'num_test': 100, 'CV': '0.00300', 'CV_turn': '0.00100', 'ctr': '2.97167', 'len_tra': 30.0, 'R_tra': 89.15, 'NX_0_CV': '0.03400', 'NX_0_CV_turn': '0.01133', 'NX_0_ctr': '2.29200', 'NX_0_len_tra': 30.0, 'NX_0_R_tra': 68.76, 'NX_10_CV': '0.01200', 'NX_10_CV_turn': '0.01200', 'NX_10_ctr': '2.44300', 'NX_10_len_tra': 10.0, 'NX_10_R_tra': 24.43}]
[I 240414 12:05:45 utils:142] Epoch: [13], Info: [{'num_test': 100, 'CV': '0.00100', 'CV_turn': '0.00033', 'ctr': '2.68000', 'len_tra': 30.0, 'R_tra': 80.4, 'NX_0_CV': '0.03600', 'NX_0_CV_turn': '0.01200', 'NX_0_ctr': '2.24433', 'NX_0_len_tra': 30.0, 'NX_0_R_tra': 67.33, 'NX_10_CV': '0.01300', 'NX_10_CV_turn': '0.01300', 'NX_10_ctr': '2.46000', 'NX_10_len_tra': 10.0, 'NX_10_R_tra': 24.6}]
[I 240414 12:05:55 utils:142] Epoch: [14], Info: [{'num_test': 100, 'CV': '0.00100', 'CV_turn': '0.00033', 'ctr': '2.57000', 'len_tra': 30.0, 'R_tra': 77.1, 'NX_0_CV': '0.03400', 'NX_0_CV_turn': '0.01133', 'NX_0_ctr': '2.24733', 'NX_0_len_tra': 30.0, 'NX_0_R_tra': 67.42, 'NX_10_CV': '0.01200', 'NX_10_CV_turn': '0.01200', 'NX_10_ctr': '2.40200', 'NX_10_len_tra': 10.0, 'NX_10_R_tra': 24.02}]
[I 240414 12:06:04 utils:142] Epoch: [15], Info: [{'num_test': 100, 'CV': '0.00100', 'CV_turn': '0.00033', 'ctr': '2.70000', 'len_tra': 30.0, 'R_tra': 81.0, 'NX_0_CV': '0.04300', 'NX_0_CV_turn': '0.01433', 'NX_0_ctr': '2.34067', 'NX_0_len_tra': 30.0, 'NX_0_R_tra': 70.22, 'NX_10_CV': '0.01200', 'NX_10_CV_turn': '0.01200', 'NX_10_ctr': '2.35500', 'NX_10_len_tra': 10.0, 'NX_10_R_tra': 23.55}]
[I 240414 12:06:14 utils:142] Epoch: [16], Info: [{'num_test': 100, 'CV': '0.00100', 'CV_turn': '0.00033', 'ctr': '2.68000', 'len_tra': 30.0, 'R_tra': 80.4, 'NX_0_CV': '0.03500', 'NX_0_CV_turn': '0.01167', 'NX_0_ctr': '2.27567', 'NX_0_len_tra': 30.0, 'NX_0_R_tra': 68.27, 'NX_10_CV': '0.01200', 'NX_10_CV_turn': '0.01200', 'NX_10_ctr': '2.35600', 'NX_10_len_tra': 10.0, 'NX_10_R_tra': 23.56}]
[I 240414 12:06:24 utils:142] Epoch: [17], Info: [{'num_test': 100, 'CV': '0.00100', 'CV_turn': '0.00033', 'ctr': '2.56000', 'len_tra': 30.0, 'R_tra': 76.8, 'NX_0_CV': '0.04900', 'NX_0_CV_turn': '0.01633', 'NX_0_ctr': '2.18867', 'NX_0_len_tra': 30.0, 'NX_0_R_tra': 65.66, 'NX_10_CV': '0.01200', 'NX_10_CV_turn': '0.01200', 'NX_10_ctr': '2.33100', 'NX_10_len_tra': 10.0, 'NX_10_R_tra': 23.31}]
[I 240414 12:06:33 utils:142] Epoch: [18], Info: [{'num_test': 100, 'CV': '0.00100', 'CV_turn': '0.00033', 'ctr': '2.75000', 'len_tra': 30.0, 'R_tra': 82.5, 'NX_0_CV': '0.04000', 'NX_0_CV_turn': '0.01333', 'NX_0_ctr': '2.20000', 'NX_0_len_tra': 30.0, 'NX_0_R_tra': 66.0, 'NX_10_CV': '0.01200', 'NX_10_CV_turn': '0.01200', 'NX_10_ctr': '2.24000', 'NX_10_len_tra': 10.0, 'NX_10_R_tra': 22.4}]
[I 240414 12:06:43 utils:142] Epoch: [19], Info: [{'num_test': 100, 'CV': '0.00100', 'CV_turn': '0.00033', 'ctr': '2.28000', 'len_tra': 30.0, 'R_tra': 68.4, 'NX_0_CV': '0.04600', 'NX_0_CV_turn': '0.01533', 'NX_0_ctr': '2.27333', 'NX_0_len_tra': 30.0, 'NX_0_R_tra': 68.2, 'NX_10_CV': '0.01300', 'NX_10_CV_turn': '0.01300', 'NX_10_ctr': '2.32200', 'NX_10_len_tra': 10.0, 'NX_10_R_tra': 23.22}]
[I 240414 12:06:52 utils:142] Epoch: [20], Info: [{'num_test': 100, 'CV': '0.00100', 'CV_turn': '0.00033', 'ctr': '2.65000', 'len_tra': 30.0, 'R_tra': 79.5, 'NX_0_CV': '0.04300', 'NX_0_CV_turn': '0.01433', 'NX_0_ctr': '2.25300', 'NX_0_len_tra': 30.0, 'NX_0_R_tra': 67.59, 'NX_10_CV': '0.01200', 'NX_10_CV_turn': '0.01200', 'NX_10_ctr': '2.26200', 'NX_10_len_tra': 10.0, 'NX_10_R_tra': 22.62}]
[I 240414 12:07:02 utils:142] Epoch: [21], Info: [{'num_test': 100, 'CV': '0.00100', 'CV_turn': '0.00033', 'ctr': '2.63000', 'len_tra': 30.0, 'R_tra': 78.9, 'NX_0_CV': '0.04400', 'NX_0_CV_turn': '0.01467', 'NX_0_ctr': '2.35200', 'NX_0_len_tra': 30.0, 'NX_0_R_tra': 70.56, 'NX_10_CV': '0.01100', 'NX_10_CV_turn': '0.01100', 'NX_10_ctr': '2.27400', 'NX_10_len_tra': 10.0, 'NX_10_R_tra': 22.74}]
[I 240414 12:07:12 utils:142] Epoch: [22], Info: [{'num_test': 100, 'CV': '0.00100', 'CV_turn': '0.00033', 'ctr': '2.50000', 'len_tra': 30.0, 'R_tra': 75.0, 'NX_0_CV': '0.04700', 'NX_0_CV_turn': '0.01567', 'NX_0_ctr': '2.24100', 'NX_0_len_tra': 30.0, 'NX_0_R_tra': 67.23, 'NX_10_CV': '0.01100', 'NX_10_CV_turn': '0.01100', 'NX_10_ctr': '2.31500', 'NX_10_len_tra': 10.0, 'NX_10_R_tra': 23.15}]
[I 240414 12:07:21 utils:142] Epoch: [23], Info: [{'num_test': 100, 'CV': '0.00100', 'CV_turn': '0.00033', 'ctr': '2.47000', 'len_tra': 30.0, 'R_tra': 74.1, 'NX_0_CV': '0.04600', 'NX_0_CV_turn': '0.01533', 'NX_0_ctr': '2.22300', 'NX_0_len_tra': 30.0, 'NX_0_R_tra': 66.69, 'NX_10_CV': '0.01200', 'NX_10_CV_turn': '0.01200', 'NX_10_ctr': '2.23500', 'NX_10_len_tra': 10.0, 'NX_10_R_tra': 22.35}]
[I 240414 12:07:31 utils:142] Epoch: [24], Info: [{'num_test': 100, 'CV': '0.00100', 'CV_turn': '0.00033', 'ctr': '2.54000', 'len_tra': 30.0, 'R_tra': 76.2, 'NX_0_CV': '0.04300', 'NX_0_CV_turn': '0.01433', 'NX_0_ctr': '2.21100', 'NX_0_len_tra': 30.0, 'NX_0_R_tra': 66.33, 'NX_10_CV': '0.01200', 'NX_10_CV_turn': '0.01200', 'NX_10_ctr': '2.31300', 'NX_10_len_tra': 10.0, 'NX_10_R_tra': 23.13}]
[I 240414 12:07:40 utils:142] Epoch: [25], Info: [{'num_test': 100, 'CV': '0.00100', 'CV_turn': '0.00033', 'ctr': '2.68000', 'len_tra': 30.0, 'R_tra': 80.4, 'NX_0_CV': '0.04600', 'NX_0_CV_turn': '0.01533', 'NX_0_ctr': '2.23000', 'NX_0_len_tra': 30.0, 'NX_0_R_tra': 66.9, 'NX_10_CV': '0.01200', 'NX_10_CV_turn': '0.01200', 'NX_10_ctr': '2.28900', 'NX_10_len_tra': 10.0, 'NX_10_R_tra': 22.89}]
[I 240414 12:07:50 utils:142] Epoch: [26], Info: [{'num_test': 100, 'CV': '0.00100', 'CV_turn': '0.00033', 'ctr': '2.59000', 'len_tra': 30.0, 'R_tra': 77.7, 'NX_0_CV': '0.05100', 'NX_0_CV_turn': '0.01700', 'NX_0_ctr': '2.24533', 'NX_0_len_tra': 30.0, 'NX_0_R_tra': 67.36, 'NX_10_CV': '0.01000', 'NX_10_CV_turn': '0.01000', 'NX_10_ctr': '2.27700', 'NX_10_len_tra': 10.0, 'NX_10_R_tra': 22.77}]
[I 240414 12:08:00 utils:142] Epoch: [27], Info: [{'num_test': 100, 'CV': '0.00100', 'CV_turn': '0.00033', 'ctr': '2.86000', 'len_tra': 30.0, 'R_tra': 85.8, 'NX_0_CV': '0.05900', 'NX_0_CV_turn': '0.01967', 'NX_0_ctr': '2.22467', 'NX_0_len_tra': 30.0, 'NX_0_R_tra': 66.74, 'NX_10_CV': '0.01000', 'NX_10_CV_turn': '0.01000', 'NX_10_ctr': '2.32200', 'NX_10_len_tra': 10.0, 'NX_10_R_tra': 23.22}]
[I 240414 12:08:09 utils:142] Epoch: [28], Info: [{'num_test': 100, 'CV': '0.00100', 'CV_turn': '0.00033', 'ctr': '2.61000', 'len_tra': 30.0, 'R_tra': 78.3, 'NX_0_CV': '0.06600', 'NX_0_CV_turn': '0.02200', 'NX_0_ctr': '2.21033', 'NX_0_len_tra': 30.0, 'NX_0_R_tra': 66.31, 'NX_10_CV': '0.01000', 'NX_10_CV_turn': '0.01000', 'NX_10_ctr': '2.28200', 'NX_10_len_tra': 10.0, 'NX_10_R_tra': 22.82}]
[I 240414 12:08:19 utils:142] Epoch: [29], Info: [{'num_test': 100, 'CV': '0.00100', 'CV_turn': '0.00033', 'ctr': '2.52000', 'len_tra': 30.0, 'R_tra': 75.6, 'NX_0_CV': '0.06800', 'NX_0_CV_turn': '0.02267', 'NX_0_ctr': '2.14767', 'NX_0_len_tra': 30.0, 'NX_0_R_tra': 64.43, 'NX_10_CV': '0.01100', 'NX_10_CV_turn': '0.01100', 'NX_10_ctr': '2.40700', 'NX_10_len_tra': 10.0, 'NX_10_R_tra': 24.07}]
[I 240414 12:08:28 utils:142] Epoch: [30], Info: [{'num_test': 100, 'CV': '0.00100', 'CV_turn': '0.00033', 'ctr': '2.54000', 'len_tra': 30.0, 'R_tra': 76.2, 'NX_0_CV': '0.07200', 'NX_0_CV_turn': '0.02400', 'NX_0_ctr': '2.11300', 'NX_0_len_tra': 30.0, 'NX_0_R_tra': 63.39, 'NX_10_CV': '0.01300', 'NX_10_CV_turn': '0.01300', 'NX_10_ctr': '2.35200', 'NX_10_len_tra': 10.0, 'NX_10_R_tra': 23.52}]
[I 240414 12:08:38 utils:142] Epoch: [31], Info: [{'num_test': 100, 'CV': '0.00100', 'CV_turn': '0.00033', 'ctr': '2.71000', 'len_tra': 30.0, 'R_tra': 81.3, 'NX_0_CV': '0.07200', 'NX_0_CV_turn': '0.02400', 'NX_0_ctr': '2.15033', 'NX_0_len_tra': 30.0, 'NX_0_R_tra': 64.51, 'NX_10_CV': '0.01300', 'NX_10_CV_turn': '0.01300', 'NX_10_ctr': '2.34000', 'NX_10_len_tra': 10.0, 'NX_10_R_tra': 23.4}]
[I 240414 12:08:48 utils:142] Epoch: [32], Info: [{'num_test': 100, 'CV': '0.00100', 'CV_turn': '0.00033', 'ctr': '2.49000', 'len_tra': 30.0, 'R_tra': 74.7, 'NX_0_CV': '0.07400', 'NX_0_CV_turn': '0.02467', 'NX_0_ctr': '2.27167', 'NX_0_len_tra': 30.0, 'NX_0_R_tra': 68.15, 'NX_10_CV': '0.01300', 'NX_10_CV_turn': '0.01300', 'NX_10_ctr': '2.33900', 'NX_10_len_tra': 10.0, 'NX_10_R_tra': 23.39}]
[I 240414 12:08:57 utils:142] Epoch: [33], Info: [{'num_test': 100, 'CV': '0.00100', 'CV_turn': '0.00033', 'ctr': '2.68000', 'len_tra': 30.0, 'R_tra': 80.4, 'NX_0_CV': '0.07900', 'NX_0_CV_turn': '0.02633', 'NX_0_ctr': '2.14433', 'NX_0_len_tra': 30.0, 'NX_0_R_tra': 64.33, 'NX_10_CV': '0.01400', 'NX_10_CV_turn': '0.01400', 'NX_10_ctr': '2.33300', 'NX_10_len_tra': 10.0, 'NX_10_R_tra': 23.33}]
[I 240414 12:09:07 utils:142] Epoch: [34], Info: [{'num_test': 100, 'CV': '0.00100', 'CV_turn': '0.00033', 'ctr': '2.32000', 'len_tra': 30.0, 'R_tra': 69.6, 'NX_0_CV': '0.08000', 'NX_0_CV_turn': '0.02667', 'NX_0_ctr': '2.15000', 'NX_0_len_tra': 30.0, 'NX_0_R_tra': 64.5, 'NX_10_CV': '0.01500', 'NX_10_CV_turn': '0.01500', 'NX_10_ctr': '2.29700', 'NX_10_len_tra': 10.0, 'NX_10_R_tra': 22.97}]
[I 240414 12:09:16 utils:142] Epoch: [35], Info: [{'num_test': 100, 'CV': '0.00100', 'CV_turn': '0.00033', 'ctr': '2.66000', 'len_tra': 30.0, 'R_tra': 79.8, 'NX_0_CV': '0.08500', 'NX_0_CV_turn': '0.02833', 'NX_0_ctr': '2.18733', 'NX_0_len_tra': 30.0, 'NX_0_R_tra': 65.62, 'NX_10_CV': '0.01500', 'NX_10_CV_turn': '0.01500', 'NX_10_ctr': '2.32100', 'NX_10_len_tra': 10.0, 'NX_10_R_tra': 23.21}]
[I 240414 12:09:26 utils:142] Epoch: [36], Info: [{'num_test': 100, 'CV': '0.00100', 'CV_turn': '0.00033', 'ctr': '2.47000', 'len_tra': 30.0, 'R_tra': 74.1, 'NX_0_CV': '0.08000', 'NX_0_CV_turn': '0.02667', 'NX_0_ctr': '2.05933', 'NX_0_len_tra': 30.0, 'NX_0_R_tra': 61.78, 'NX_10_CV': '0.01300', 'NX_10_CV_turn': '0.01300', 'NX_10_ctr': '2.25200', 'NX_10_len_tra': 10.0, 'NX_10_R_tra': 22.52}]
[I 240414 12:09:36 utils:142] Epoch: [37], Info: [{'num_test': 100, 'CV': '0.00100', 'CV_turn': '0.00033', 'ctr': '2.51000', 'len_tra': 30.0, 'R_tra': 75.3, 'NX_0_CV': '0.08300', 'NX_0_CV_turn': '0.02767', 'NX_0_ctr': '2.13367', 'NX_0_len_tra': 30.0, 'NX_0_R_tra': 64.01, 'NX_10_CV': '0.01600', 'NX_10_CV_turn': '0.01600', 'NX_10_ctr': '2.32800', 'NX_10_len_tra': 10.0, 'NX_10_R_tra': 23.28}]
[I 240414 12:09:45 utils:142] Epoch: [38], Info: [{'num_test': 100, 'CV': '0.00100', 'CV_turn': '0.00033', 'ctr': '2.48000', 'len_tra': 30.0, 'R_tra': 74.4, 'NX_0_CV': '0.08300', 'NX_0_CV_turn': '0.02767', 'NX_0_ctr': '2.15533', 'NX_0_len_tra': 30.0, 'NX_0_R_tra': 64.66, 'NX_10_CV': '0.01600', 'NX_10_CV_turn': '0.01600', 'NX_10_ctr': '2.37900', 'NX_10_len_tra': 10.0, 'NX_10_R_tra': 23.79}]
[I 240414 12:09:55 utils:142] Epoch: [39], Info: [{'num_test': 100, 'CV': '0.00100', 'CV_turn': '0.00033', 'ctr': '2.62000', 'len_tra': 30.0, 'R_tra': 78.6, 'NX_0_CV': '0.08400', 'NX_0_CV_turn': '0.02800', 'NX_0_ctr': '2.07500', 'NX_0_len_tra': 30.0, 'NX_0_R_tra': 62.25, 'NX_10_CV': '0.02500', 'NX_10_CV_turn': '0.02500', 'NX_10_ctr': '2.36500', 'NX_10_len_tra': 10.0, 'NX_10_R_tra': 23.65}]
[I 240414 12:10:04 utils:142] Epoch: [40], Info: [{'num_test': 100, 'CV': '0.00100', 'CV_turn': '0.00033', 'ctr': '2.49000', 'len_tra': 30.0, 'R_tra': 74.7, 'NX_0_CV': '0.10100', 'NX_0_CV_turn': '0.03367', 'NX_0_ctr': '2.12567', 'NX_0_len_tra': 30.0, 'NX_0_R_tra': 63.77, 'NX_10_CV': '0.03000', 'NX_10_CV_turn': '0.03000', 'NX_10_ctr': '2.31300', 'NX_10_len_tra': 10.0, 'NX_10_R_tra': 23.13}]
[I 240414 12:10:14 utils:142] Epoch: [41], Info: [{'num_test': 100, 'CV': '0.00200', 'CV_turn': '0.00067', 'ctr': '2.53633', 'len_tra': 30.0, 'R_tra': 76.09, 'NX_0_CV': '0.09300', 'NX_0_CV_turn': '0.03100', 'NX_0_ctr': '2.00400', 'NX_0_len_tra': 30.0, 'NX_0_R_tra': 60.12, 'NX_10_CV': '0.02600', 'NX_10_CV_turn': '0.02600', 'NX_10_ctr': '2.19900', 'NX_10_len_tra': 10.0, 'NX_10_R_tra': 21.99}]
[I 240414 12:10:23 utils:142] Epoch: [42], Info: [{'num_test': 100, 'CV': '0.00200', 'CV_turn': '0.00067', 'ctr': '2.35667', 'len_tra': 30.0, 'R_tra': 70.7, 'NX_0_CV': '0.06800', 'NX_0_CV_turn': '0.02267', 'NX_0_ctr': '1.94767', 'NX_0_len_tra': 30.0, 'NX_0_R_tra': 58.43, 'NX_10_CV': '0.01700', 'NX_10_CV_turn': '0.01700', 'NX_10_ctr': '1.91200', 'NX_10_len_tra': 10.0, 'NX_10_R_tra': 19.12}]
[I 240414 12:10:33 utils:142] Epoch: [43], Info: [{'num_test': 100, 'CV': '0.00200', 'CV_turn': '0.00067', 'ctr': '2.48900', 'len_tra': 30.0, 'R_tra': 74.67, 'NX_0_CV': '0.05000', 'NX_0_CV_turn': '0.01667', 'NX_0_ctr': '2.06600', 'NX_0_len_tra': 30.0, 'NX_0_R_tra': 61.98, 'NX_10_CV': '0.01700', 'NX_10_CV_turn': '0.01700', 'NX_10_ctr': '1.93200', 'NX_10_len_tra': 10.0, 'NX_10_R_tra': 19.32}]
[I 240414 12:10:43 utils:142] Epoch: [44], Info: [{'num_test': 100, 'CV': '0.00500', 'CV_turn': '0.00167', 'ctr': '2.38433', 'len_tra': 30.0, 'R_tra': 71.53, 'NX_0_CV': '0.04800', 'NX_0_CV_turn': '0.01600', 'NX_0_ctr': '1.85000', 'NX_0_len_tra': 30.0, 'NX_0_R_tra': 55.5, 'NX_10_CV': '0.01500', 'NX_10_CV_turn': '0.01500', 'NX_10_ctr': '2.05100', 'NX_10_len_tra': 10.0, 'NX_10_R_tra': 20.51}]
[I 240414 12:10:52 utils:142] Epoch: [45], Info: [{'num_test': 100, 'CV': '0.00400', 'CV_turn': '0.00133', 'ctr': '2.39367', 'len_tra': 30.0, 'R_tra': 71.81, 'NX_0_CV': '0.05900', 'NX_0_CV_turn': '0.01967', 'NX_0_ctr': '1.93233', 'NX_0_len_tra': 30.0, 'NX_0_R_tra': 57.97, 'NX_10_CV': '0.01500', 'NX_10_CV_turn': '0.01500', 'NX_10_ctr': '2.07100', 'NX_10_len_tra': 10.0, 'NX_10_R_tra': 20.71}]
[I 240414 12:11:02 utils:142] Epoch: [46], Info: [{'num_test': 100, 'CV': '0.00600', 'CV_turn': '0.00200', 'ctr': '2.20567', 'len_tra': 30.0, 'R_tra': 66.17, 'NX_0_CV': '0.06300', 'NX_0_CV_turn': '0.02100', 'NX_0_ctr': '1.90800', 'NX_0_len_tra': 30.0, 'NX_0_R_tra': 57.24, 'NX_10_CV': '0.01500', 'NX_10_CV_turn': '0.01500', 'NX_10_ctr': '1.83200', 'NX_10_len_tra': 10.0, 'NX_10_R_tra': 18.32}]
[I 240414 12:11:12 utils:142] Epoch: [47], Info: [{'num_test': 100, 'CV': '0.00900', 'CV_turn': '0.00300', 'ctr': '2.02467', 'len_tra': 30.0, 'R_tra': 60.74, 'NX_0_CV': '0.04700', 'NX_0_CV_turn': '0.01567', 'NX_0_ctr': '2.01033', 'NX_0_len_tra': 30.0, 'NX_0_R_tra': 60.31, 'NX_10_CV': '0.01300', 'NX_10_CV_turn': '0.01300', 'NX_10_ctr': '1.97100', 'NX_10_len_tra': 10.0, 'NX_10_R_tra': 19.71}]
[I 240414 12:11:21 utils:142] Epoch: [48], Info: [{'num_test': 100, 'CV': '0.01100', 'CV_turn': '0.00367', 'ctr': '2.00467', 'len_tra': 30.0, 'R_tra': 60.14, 'NX_0_CV': '0.04400', 'NX_0_CV_turn': '0.01467', 'NX_0_ctr': '1.89667', 'NX_0_len_tra': 30.0, 'NX_0_R_tra': 56.9, 'NX_10_CV': '0.01300', 'NX_10_CV_turn': '0.01300', 'NX_10_ctr': '2.06100', 'NX_10_len_tra': 10.0, 'NX_10_R_tra': 20.61}]
[I 240414 12:11:31 utils:142] Epoch: [49], Info: [{'num_test': 100, 'CV': '0.01000', 'CV_turn': '0.00333', 'ctr': '1.98467', 'len_tra': 30.0, 'R_tra': 59.54, 'NX_0_CV': '0.04600', 'NX_0_CV_turn': '0.01533', 'NX_0_ctr': '1.88033', 'NX_0_len_tra': 30.0, 'NX_0_R_tra': 56.41, 'NX_10_CV': '0.01200', 'NX_10_CV_turn': '0.01200', 'NX_10_ctr': '1.95800', 'NX_10_len_tra': 10.0, 'NX_10_R_tra': 19.58}]
[I 240414 12:11:40 utils:142] Epoch: [50], Info: [{'num_test': 100, 'CV': '0.01100', 'CV_turn': '0.00367', 'ctr': '1.92633', 'len_tra': 30.0, 'R_tra': 57.79, 'NX_0_CV': '0.04800', 'NX_0_CV_turn': '0.01600', 'NX_0_ctr': '1.99267', 'NX_0_len_tra': 30.0, 'NX_0_R_tra': 59.78, 'NX_10_CV': '0.01300', 'NX_10_CV_turn': '0.01300', 'NX_10_ctr': '2.06700', 'NX_10_len_tra': 10.0, 'NX_10_R_tra': 20.67}]
[I 240414 12:11:50 utils:142] Epoch: [51], Info: [{'num_test': 100, 'CV': '0.01200', 'CV_turn': '0.00400', 'ctr': '1.82333', 'len_tra': 30.0, 'R_tra': 54.7, 'NX_0_CV': '0.05200', 'NX_0_CV_turn': '0.01733', 'NX_0_ctr': '1.95000', 'NX_0_len_tra': 30.0, 'NX_0_R_tra': 58.5, 'NX_10_CV': '0.01300', 'NX_10_CV_turn': '0.01300', 'NX_10_ctr': '1.97500', 'NX_10_len_tra': 10.0, 'NX_10_R_tra': 19.75}]
[I 240414 12:12:00 utils:142] Epoch: [52], Info: [{'num_test': 100, 'CV': '0.01200', 'CV_turn': '0.00400', 'ctr': '1.79200', 'len_tra': 30.0, 'R_tra': 53.76, 'NX_0_CV': '0.06500', 'NX_0_CV_turn': '0.02167', 'NX_0_ctr': '2.07833', 'NX_0_len_tra': 30.0, 'NX_0_R_tra': 62.35, 'NX_10_CV': '0.01300', 'NX_10_CV_turn': '0.01300', 'NX_10_ctr': '1.91900', 'NX_10_len_tra': 10.0, 'NX_10_R_tra': 19.19}]
[I 240414 12:12:09 utils:142] Epoch: [53], Info: [{'num_test': 100, 'CV': '0.01100', 'CV_turn': '0.00367', 'ctr': '1.84767', 'len_tra': 30.0, 'R_tra': 55.43, 'NX_0_CV': '0.06100', 'NX_0_CV_turn': '0.02033', 'NX_0_ctr': '1.92100', 'NX_0_len_tra': 30.0, 'NX_0_R_tra': 57.63, 'NX_10_CV': '0.01400', 'NX_10_CV_turn': '0.01400', 'NX_10_ctr': '1.95000', 'NX_10_len_tra': 10.0, 'NX_10_R_tra': 19.5}]
[I 240414 12:12:19 utils:142] Epoch: [54], Info: [{'num_test': 100, 'CV': '0.01000', 'CV_turn': '0.00333', 'ctr': '2.22300', 'len_tra': 30.0, 'R_tra': 66.69, 'NX_0_CV': '0.04800', 'NX_0_CV_turn': '0.01600', 'NX_0_ctr': '2.02000', 'NX_0_len_tra': 30.0, 'NX_0_R_tra': 60.6, 'NX_10_CV': '0.01700', 'NX_10_CV_turn': '0.01700', 'NX_10_ctr': '1.97000', 'NX_10_len_tra': 10.0, 'NX_10_R_tra': 19.7}]
[I 240414 12:12:28 utils:142] Epoch: [55], Info: [{'num_test': 100, 'CV': '0.01400', 'CV_turn': '0.00467', 'ctr': '2.54567', 'len_tra': 30.0, 'R_tra': 76.37, 'NX_0_CV': '0.04300', 'NX_0_CV_turn': '0.01433', 'NX_0_ctr': '1.91833', 'NX_0_len_tra': 30.0, 'NX_0_R_tra': 57.55, 'NX_10_CV': '0.01200', 'NX_10_CV_turn': '0.01200', 'NX_10_ctr': '1.86400', 'NX_10_len_tra': 10.0, 'NX_10_R_tra': 18.64}]
[I 240414 12:12:38 utils:142] Epoch: [56], Info: [{'num_test': 100, 'CV': '0.00700', 'CV_turn': '0.00233', 'ctr': '2.13000', 'len_tra': 30.0, 'R_tra': 63.9, 'NX_0_CV': '0.05600', 'NX_0_CV_turn': '0.01867', 'NX_0_ctr': '1.95467', 'NX_0_len_tra': 30.0, 'NX_0_R_tra': 58.64, 'NX_10_CV': '0.01300', 'NX_10_CV_turn': '0.01300', 'NX_10_ctr': '1.97700', 'NX_10_len_tra': 10.0, 'NX_10_R_tra': 19.77}]
[I 240414 12:12:48 utils:142] Epoch: [57], Info: [{'num_test': 100, 'CV': '0.01000', 'CV_turn': '0.00333', 'ctr': '2.17300', 'len_tra': 30.0, 'R_tra': 65.19, 'NX_0_CV': '0.05300', 'NX_0_CV_turn': '0.01767', 'NX_0_ctr': '2.00200', 'NX_0_len_tra': 30.0, 'NX_0_R_tra': 60.06, 'NX_10_CV': '0.01600', 'NX_10_CV_turn': '0.01600', 'NX_10_ctr': '1.92500', 'NX_10_len_tra': 10.0, 'NX_10_R_tra': 19.25}]
[I 240414 12:12:57 utils:142] Epoch: [58], Info: [{'num_test': 100, 'CV': '0.00700', 'CV_turn': '0.00233', 'ctr': '2.05500', 'len_tra': 30.0, 'R_tra': 61.65, 'NX_0_CV': '0.06400', 'NX_0_CV_turn': '0.02133', 'NX_0_ctr': '1.93000', 'NX_0_len_tra': 30.0, 'NX_0_R_tra': 57.9, 'NX_10_CV': '0.01300', 'NX_10_CV_turn': '0.01300', 'NX_10_ctr': '1.90900', 'NX_10_len_tra': 10.0, 'NX_10_R_tra': 19.09}]
[I 240414 12:13:07 utils:142] Epoch: [59], Info: [{'num_test': 100, 'CV': '0.00600', 'CV_turn': '0.00200', 'ctr': '2.10167', 'len_tra': 30.0, 'R_tra': 63.05, 'NX_0_CV': '0.07100', 'NX_0_CV_turn': '0.02367', 'NX_0_ctr': '1.92367', 'NX_0_len_tra': 30.0, 'NX_0_R_tra': 57.71, 'NX_10_CV': '0.01300', 'NX_10_CV_turn': '0.01300', 'NX_10_ctr': '1.96800', 'NX_10_len_tra': 10.0, 'NX_10_R_tra': 19.68}]
[I 240414 12:13:16 utils:142] Epoch: [60], Info: [{'num_test': 100, 'CV': '0.00700', 'CV_turn': '0.00233', 'ctr': '2.21900', 'len_tra': 30.0, 'R_tra': 66.57, 'NX_0_CV': '0.06800', 'NX_0_CV_turn': '0.02267', 'NX_0_ctr': '2.03233', 'NX_0_len_tra': 30.0, 'NX_0_R_tra': 60.97, 'NX_10_CV': '0.01300', 'NX_10_CV_turn': '0.01300', 'NX_10_ctr': '1.97000', 'NX_10_len_tra': 10.0, 'NX_10_R_tra': 19.7}]
[I 240414 12:13:26 utils:142] Epoch: [61], Info: [{'num_test': 100, 'CV': '0.00700', 'CV_turn': '0.00233', 'ctr': '2.28500', 'len_tra': 30.0, 'R_tra': 68.55, 'NX_0_CV': '0.06100', 'NX_0_CV_turn': '0.02033', 'NX_0_ctr': '1.94700', 'NX_0_len_tra': 30.0, 'NX_0_R_tra': 58.41, 'NX_10_CV': '0.01400', 'NX_10_CV_turn': '0.01400', 'NX_10_ctr': '2.03900', 'NX_10_len_tra': 10.0, 'NX_10_R_tra': 20.39}]
[I 240414 12:13:36 utils:142] Epoch: [62], Info: [{'num_test': 100, 'CV': '0.00600', 'CV_turn': '0.00200', 'ctr': '2.00267', 'len_tra': 30.0, 'R_tra': 60.08, 'NX_0_CV': '0.05400', 'NX_0_CV_turn': '0.01800', 'NX_0_ctr': '1.96033', 'NX_0_len_tra': 30.0, 'NX_0_R_tra': 58.81, 'NX_10_CV': '0.01400', 'NX_10_CV_turn': '0.01400', 'NX_10_ctr': '1.99300', 'NX_10_len_tra': 10.0, 'NX_10_R_tra': 19.93}]
[I 240414 12:13:45 utils:142] Epoch: [63], Info: [{'num_test': 100, 'CV': '0.00600', 'CV_turn': '0.00200', 'ctr': '2.04833', 'len_tra': 30.0, 'R_tra': 61.45, 'NX_0_CV': '0.06100', 'NX_0_CV_turn': '0.02033', 'NX_0_ctr': '1.82433', 'NX_0_len_tra': 30.0, 'NX_0_R_tra': 54.73, 'NX_10_CV': '0.01400', 'NX_10_CV_turn': '0.01400', 'NX_10_ctr': '1.99200', 'NX_10_len_tra': 10.0, 'NX_10_R_tra': 19.92}]
[I 240414 12:13:55 utils:142] Epoch: [64], Info: [{'num_test': 100, 'CV': '0.00600', 'CV_turn': '0.00200', 'ctr': '2.15300', 'len_tra': 30.0, 'R_tra': 64.59, 'NX_0_CV': '0.06300', 'NX_0_CV_turn': '0.02100', 'NX_0_ctr': '1.89900', 'NX_0_len_tra': 30.0, 'NX_0_R_tra': 56.97, 'NX_10_CV': '0.01300', 'NX_10_CV_turn': '0.01300', 'NX_10_ctr': '2.00400', 'NX_10_len_tra': 10.0, 'NX_10_R_tra': 20.04}]
[I 240414 12:14:04 utils:142] Epoch: [65], Info: [{'num_test': 100, 'CV': '0.00500', 'CV_turn': '0.00167', 'ctr': '2.07300', 'len_tra': 30.0, 'R_tra': 62.19, 'NX_0_CV': '0.06100', 'NX_0_CV_turn': '0.02033', 'NX_0_ctr': '1.91033', 'NX_0_len_tra': 30.0, 'NX_0_R_tra': 57.31, 'NX_10_CV': '0.01300', 'NX_10_CV_turn': '0.01300', 'NX_10_ctr': '1.94100', 'NX_10_len_tra': 10.0, 'NX_10_R_tra': 19.41}]
[I 240414 12:14:14 utils:142] Epoch: [66], Info: [{'num_test': 100, 'CV': '0.00500', 'CV_turn': '0.00167', 'ctr': '2.13567', 'len_tra': 30.0, 'R_tra': 64.07, 'NX_0_CV': '0.06200', 'NX_0_CV_turn': '0.02067', 'NX_0_ctr': '1.91667', 'NX_0_len_tra': 30.0, 'NX_0_R_tra': 57.5, 'NX_10_CV': '0.01300', 'NX_10_CV_turn': '0.01300', 'NX_10_ctr': '1.97900', 'NX_10_len_tra': 10.0, 'NX_10_R_tra': 19.79}]
[I 240414 12:14:24 utils:142] Epoch: [67], Info: [{'num_test': 100, 'CV': '0.00500', 'CV_turn': '0.00167', 'ctr': '2.03833', 'len_tra': 30.0, 'R_tra': 61.15, 'NX_0_CV': '0.06200', 'NX_0_CV_turn': '0.02067', 'NX_0_ctr': '1.89467', 'NX_0_len_tra': 30.0, 'NX_0_R_tra': 56.84, 'NX_10_CV': '0.01300', 'NX_10_CV_turn': '0.01300', 'NX_10_ctr': '1.87300', 'NX_10_len_tra': 10.0, 'NX_10_R_tra': 18.73}]
[I 240414 12:14:33 utils:142] Epoch: [68], Info: [{'num_test': 100, 'CV': '0.00500', 'CV_turn': '0.00167', 'ctr': '1.90167', 'len_tra': 30.0, 'R_tra': 57.05, 'NX_0_CV': '0.06300', 'NX_0_CV_turn': '0.02100', 'NX_0_ctr': '1.85067', 'NX_0_len_tra': 30.0, 'NX_0_R_tra': 55.52, 'NX_10_CV': '0.01200', 'NX_10_CV_turn': '0.01200', 'NX_10_ctr': '1.95900', 'NX_10_len_tra': 10.0, 'NX_10_R_tra': 19.59}]
[I 240414 12:14:43 utils:142] Epoch: [69], Info: [{'num_test': 100, 'CV': '0.00400', 'CV_turn': '0.00133', 'ctr': '2.16333', 'len_tra': 30.0, 'R_tra': 64.9, 'NX_0_CV': '0.06600', 'NX_0_CV_turn': '0.02200', 'NX_0_ctr': '1.98900', 'NX_0_len_tra': 30.0, 'NX_0_R_tra': 59.67, 'NX_10_CV': '0.01300', 'NX_10_CV_turn': '0.01300', 'NX_10_ctr': '1.95700', 'NX_10_len_tra': 10.0, 'NX_10_R_tra': 19.57}]
[I 240414 12:14:52 utils:142] Epoch: [70], Info: [{'num_test': 100, 'CV': '0.00400', 'CV_turn': '0.00133', 'ctr': '2.24567', 'len_tra': 30.0, 'R_tra': 67.37, 'NX_0_CV': '0.06500', 'NX_0_CV_turn': '0.02167', 'NX_0_ctr': '1.99300', 'NX_0_len_tra': 30.0, 'NX_0_R_tra': 59.79, 'NX_10_CV': '0.01300', 'NX_10_CV_turn': '0.01300', 'NX_10_ctr': '1.90600', 'NX_10_len_tra': 10.0, 'NX_10_R_tra': 19.06}]
[I 240414 12:15:02 utils:142] Epoch: [71], Info: [{'num_test': 100, 'CV': '0.00400', 'CV_turn': '0.00133', 'ctr': '2.17567', 'len_tra': 30.0, 'R_tra': 65.27, 'NX_0_CV': '0.06600', 'NX_0_CV_turn': '0.02200', 'NX_0_ctr': '1.84667', 'NX_0_len_tra': 30.0, 'NX_0_R_tra': 55.4, 'NX_10_CV': '0.01300', 'NX_10_CV_turn': '0.01300', 'NX_10_ctr': '1.99300', 'NX_10_len_tra': 10.0, 'NX_10_R_tra': 19.93}]
[I 240414 12:15:12 utils:142] Epoch: [72], Info: [{'num_test': 100, 'CV': '0.00400', 'CV_turn': '0.00133', 'ctr': '2.16567', 'len_tra': 30.0, 'R_tra': 64.97, 'NX_0_CV': '0.06200', 'NX_0_CV_turn': '0.02067', 'NX_0_ctr': '2.03300', 'NX_0_len_tra': 30.0, 'NX_0_R_tra': 60.99, 'NX_10_CV': '0.01300', 'NX_10_CV_turn': '0.01300', 'NX_10_ctr': '1.98600', 'NX_10_len_tra': 10.0, 'NX_10_R_tra': 19.86}]
[I 240414 12:15:21 utils:142] Epoch: [73], Info: [{'num_test': 100, 'CV': '0.00500', 'CV_turn': '0.00167', 'ctr': '1.98467', 'len_tra': 30.0, 'R_tra': 59.54, 'NX_0_CV': '0.07000', 'NX_0_CV_turn': '0.02333', 'NX_0_ctr': '1.92800', 'NX_0_len_tra': 30.0, 'NX_0_R_tra': 57.84, 'NX_10_CV': '0.01500', 'NX_10_CV_turn': '0.01500', 'NX_10_ctr': '1.96700', 'NX_10_len_tra': 10.0, 'NX_10_R_tra': 19.67}]
[I 240414 12:15:31 utils:142] Epoch: [74], Info: [{'num_test': 100, 'CV': '0.00500', 'CV_turn': '0.00167', 'ctr': '1.95900', 'len_tra': 30.0, 'R_tra': 58.77, 'NX_0_CV': '0.06800', 'NX_0_CV_turn': '0.02267', 'NX_0_ctr': '1.84467', 'NX_0_len_tra': 30.0, 'NX_0_R_tra': 55.34, 'NX_10_CV': '0.01500', 'NX_10_CV_turn': '0.01500', 'NX_10_ctr': '1.97900', 'NX_10_len_tra': 10.0, 'NX_10_R_tra': 19.79}]
[I 240414 12:15:40 utils:142] Epoch: [75], Info: [{'num_test': 100, 'CV': '0.00500', 'CV_turn': '0.00167', 'ctr': '2.04133', 'len_tra': 30.0, 'R_tra': 61.24, 'NX_0_CV': '0.06600', 'NX_0_CV_turn': '0.02200', 'NX_0_ctr': '1.93133', 'NX_0_len_tra': 30.0, 'NX_0_R_tra': 57.94, 'NX_10_CV': '0.01500', 'NX_10_CV_turn': '0.01500', 'NX_10_ctr': '1.88000', 'NX_10_len_tra': 10.0, 'NX_10_R_tra': 18.8}]
[I 240414 12:15:50 utils:142] Epoch: [76], Info: [{'num_test': 100, 'CV': '0.00500', 'CV_turn': '0.00167', 'ctr': '2.02500', 'len_tra': 30.0, 'R_tra': 60.75, 'NX_0_CV': '0.07100', 'NX_0_CV_turn': '0.02367', 'NX_0_ctr': '1.92533', 'NX_0_len_tra': 30.0, 'NX_0_R_tra': 57.76, 'NX_10_CV': '0.01500', 'NX_10_CV_turn': '0.01500', 'NX_10_ctr': '2.06000', 'NX_10_len_tra': 10.0, 'NX_10_R_tra': 20.6}]
[I 240414 12:16:00 utils:142] Epoch: [77], Info: [{'num_test': 100, 'CV': '0.00600', 'CV_turn': '0.00200', 'ctr': '2.17800', 'len_tra': 30.0, 'R_tra': 65.34, 'NX_0_CV': '0.07200', 'NX_0_CV_turn': '0.02400', 'NX_0_ctr': '1.82433', 'NX_0_len_tra': 30.0, 'NX_0_R_tra': 54.73, 'NX_10_CV': '0.01600', 'NX_10_CV_turn': '0.01600', 'NX_10_ctr': '1.92900', 'NX_10_len_tra': 10.0, 'NX_10_R_tra': 19.29}]
[I 240414 12:16:09 utils:142] Epoch: [78], Info: [{'num_test': 100, 'CV': '0.00600', 'CV_turn': '0.00200', 'ctr': '2.03233', 'len_tra': 30.0, 'R_tra': 60.97, 'NX_0_CV': '0.07500', 'NX_0_CV_turn': '0.02500', 'NX_0_ctr': '1.91700', 'NX_0_len_tra': 30.0, 'NX_0_R_tra': 57.51, 'NX_10_CV': '0.01700', 'NX_10_CV_turn': '0.01700', 'NX_10_ctr': '1.93700', 'NX_10_len_tra': 10.0, 'NX_10_R_tra': 19.37}]
[I 240414 12:16:19 utils:142] Epoch: [79], Info: [{'num_test': 100, 'CV': '0.00600', 'CV_turn': '0.00200', 'ctr': '1.93700', 'len_tra': 30.0, 'R_tra': 58.11, 'NX_0_CV': '0.07400', 'NX_0_CV_turn': '0.02467', 'NX_0_ctr': '1.91267', 'NX_0_len_tra': 30.0, 'NX_0_R_tra': 57.38, 'NX_10_CV': '0.01600', 'NX_10_CV_turn': '0.01600', 'NX_10_ctr': '1.83000', 'NX_10_len_tra': 10.0, 'NX_10_R_tra': 18.3}]
[I 240414 12:16:28 utils:142] Epoch: [80], Info: [{'num_test': 100, 'CV': '0.00600', 'CV_turn': '0.00200', 'ctr': '1.94633', 'len_tra': 30.0, 'R_tra': 58.39, 'NX_0_CV': '0.07600', 'NX_0_CV_turn': '0.02533', 'NX_0_ctr': '1.97233', 'NX_0_len_tra': 30.0, 'NX_0_R_tra': 59.17, 'NX_10_CV': '0.01600', 'NX_10_CV_turn': '0.01600', 'NX_10_ctr': '1.93100', 'NX_10_len_tra': 10.0, 'NX_10_R_tra': 19.31}]
[I 240414 12:16:38 utils:142] Epoch: [81], Info: [{'num_test': 100, 'CV': '0.00600', 'CV_turn': '0.00200', 'ctr': '2.15233', 'len_tra': 30.0, 'R_tra': 64.57, 'NX_0_CV': '0.07200', 'NX_0_CV_turn': '0.02400', 'NX_0_ctr': '1.95867', 'NX_0_len_tra': 30.0, 'NX_0_R_tra': 58.76, 'NX_10_CV': '0.01600', 'NX_10_CV_turn': '0.01600', 'NX_10_ctr': '1.93400', 'NX_10_len_tra': 10.0, 'NX_10_R_tra': 19.34}]
[I 240414 12:16:48 utils:142] Epoch: [82], Info: [{'num_test': 100, 'CV': '0.00600', 'CV_turn': '0.00200', 'ctr': '1.97333', 'len_tra': 30.0, 'R_tra': 59.2, 'NX_0_CV': '0.07200', 'NX_0_CV_turn': '0.02400', 'NX_0_ctr': '1.81233', 'NX_0_len_tra': 30.0, 'NX_0_R_tra': 54.37, 'NX_10_CV': '0.01600', 'NX_10_CV_turn': '0.01600', 'NX_10_ctr': '2.02300', 'NX_10_len_tra': 10.0, 'NX_10_R_tra': 20.23}]
[I 240414 12:16:57 utils:142] Epoch: [83], Info: [{'num_test': 100, 'CV': '0.00600', 'CV_turn': '0.00200', 'ctr': '2.01900', 'len_tra': 30.0, 'R_tra': 60.57, 'NX_0_CV': '0.07000', 'NX_0_CV_turn': '0.02333', 'NX_0_ctr': '1.92100', 'NX_0_len_tra': 30.0, 'NX_0_R_tra': 57.63, 'NX_10_CV': '0.01600', 'NX_10_CV_turn': '0.01600', 'NX_10_ctr': '1.98300', 'NX_10_len_tra': 10.0, 'NX_10_R_tra': 19.83}]
[I 240414 12:17:07 utils:142] Epoch: [84], Info: [{'num_test': 100, 'CV': '0.00600', 'CV_turn': '0.00200', 'ctr': '2.08200', 'len_tra': 30.0, 'R_tra': 62.46, 'NX_0_CV': '0.06600', 'NX_0_CV_turn': '0.02200', 'NX_0_ctr': '1.92667', 'NX_0_len_tra': 30.0, 'NX_0_R_tra': 57.8, 'NX_10_CV': '0.01600', 'NX_10_CV_turn': '0.01600', 'NX_10_ctr': '2.11800', 'NX_10_len_tra': 10.0, 'NX_10_R_tra': 21.18}]
[I 240414 12:17:17 utils:142] Epoch: [85], Info: [{'num_test': 100, 'CV': '0.00600', 'CV_turn': '0.00200', 'ctr': '1.98267', 'len_tra': 30.0, 'R_tra': 59.48, 'NX_0_CV': '0.06700', 'NX_0_CV_turn': '0.02233', 'NX_0_ctr': '1.90733', 'NX_0_len_tra': 30.0, 'NX_0_R_tra': 57.22, 'NX_10_CV': '0.01500', 'NX_10_CV_turn': '0.01500', 'NX_10_ctr': '1.96300', 'NX_10_len_tra': 10.0, 'NX_10_R_tra': 19.63}]
[I 240414 12:17:26 utils:142] Epoch: [86], Info: [{'num_test': 100, 'CV': '0.00600', 'CV_turn': '0.00200', 'ctr': '1.88800', 'len_tra': 30.0, 'R_tra': 56.64, 'NX_0_CV': '0.06800', 'NX_0_CV_turn': '0.02267', 'NX_0_ctr': '1.84700', 'NX_0_len_tra': 30.0, 'NX_0_R_tra': 55.41, 'NX_10_CV': '0.01600', 'NX_10_CV_turn': '0.01600', 'NX_10_ctr': '2.01700', 'NX_10_len_tra': 10.0, 'NX_10_R_tra': 20.17}]
[I 240414 12:17:36 utils:142] Epoch: [87], Info: [{'num_test': 100, 'CV': '0.00600', 'CV_turn': '0.00200', 'ctr': '1.94333', 'len_tra': 30.0, 'R_tra': 58.3, 'NX_0_CV': '0.06400', 'NX_0_CV_turn': '0.02133', 'NX_0_ctr': '1.84000', 'NX_0_len_tra': 30.0, 'NX_0_R_tra': 55.2, 'NX_10_CV': '0.01600', 'NX_10_CV_turn': '0.01600', 'NX_10_ctr': '2.04100', 'NX_10_len_tra': 10.0, 'NX_10_R_tra': 20.41}]
[I 240414 12:17:45 utils:142] Epoch: [88], Info: [{'num_test': 100, 'CV': '0.00600', 'CV_turn': '0.00200', 'ctr': '2.10167', 'len_tra': 30.0, 'R_tra': 63.05, 'NX_0_CV': '0.07200', 'NX_0_CV_turn': '0.02400', 'NX_0_ctr': '2.05533', 'NX_0_len_tra': 30.0, 'NX_0_R_tra': 61.66, 'NX_10_CV': '0.01700', 'NX_10_CV_turn': '0.01700', 'NX_10_ctr': '1.90500', 'NX_10_len_tra': 10.0, 'NX_10_R_tra': 19.05}]
[I 240414 12:17:55 utils:142] Epoch: [89], Info: [{'num_test': 100, 'CV': '0.00500', 'CV_turn': '0.00167', 'ctr': '2.03567', 'len_tra': 30.0, 'R_tra': 61.07, 'NX_0_CV': '0.07000', 'NX_0_CV_turn': '0.02333', 'NX_0_ctr': '1.86233', 'NX_0_len_tra': 30.0, 'NX_0_R_tra': 55.87, 'NX_10_CV': '0.01700', 'NX_10_CV_turn': '0.01700', 'NX_10_ctr': '1.91600', 'NX_10_len_tra': 10.0, 'NX_10_R_tra': 19.16}]
[I 240414 12:18:05 utils:142] Epoch: [90], Info: [{'num_test': 100, 'CV': '0.00600', 'CV_turn': '0.00200', 'ctr': '2.04167', 'len_tra': 30.0, 'R_tra': 61.25, 'NX_0_CV': '0.06600', 'NX_0_CV_turn': '0.02200', 'NX_0_ctr': '1.94133', 'NX_0_len_tra': 30.0, 'NX_0_R_tra': 58.24, 'NX_10_CV': '0.01700', 'NX_10_CV_turn': '0.01700', 'NX_10_ctr': '2.02200', 'NX_10_len_tra': 10.0, 'NX_10_R_tra': 20.22}]
[I 240414 12:18:14 utils:142] Epoch: [91], Info: [{'num_test': 100, 'CV': '0.00600', 'CV_turn': '0.00200', 'ctr': '2.00767', 'len_tra': 30.0, 'R_tra': 60.23, 'NX_0_CV': '0.07300', 'NX_0_CV_turn': '0.02433', 'NX_0_ctr': '1.94433', 'NX_0_len_tra': 30.0, 'NX_0_R_tra': 58.33, 'NX_10_CV': '0.01700', 'NX_10_CV_turn': '0.01700', 'NX_10_ctr': '1.98300', 'NX_10_len_tra': 10.0, 'NX_10_R_tra': 19.83}]
[I 240414 12:18:24 utils:142] Epoch: [92], Info: [{'num_test': 100, 'CV': '0.00500', 'CV_turn': '0.00167', 'ctr': '1.99300', 'len_tra': 30.0, 'R_tra': 59.79, 'NX_0_CV': '0.06900', 'NX_0_CV_turn': '0.02300', 'NX_0_ctr': '1.87000', 'NX_0_len_tra': 30.0, 'NX_0_R_tra': 56.1, 'NX_10_CV': '0.01700', 'NX_10_CV_turn': '0.01700', 'NX_10_ctr': '1.95200', 'NX_10_len_tra': 10.0, 'NX_10_R_tra': 19.52}]
[I 240414 12:18:33 utils:142] Epoch: [93], Info: [{'num_test': 100, 'CV': '0.00700', 'CV_turn': '0.00233', 'ctr': '2.00633', 'len_tra': 30.0, 'R_tra': 60.19, 'NX_0_CV': '0.07400', 'NX_0_CV_turn': '0.02467', 'NX_0_ctr': '1.91100', 'NX_0_len_tra': 30.0, 'NX_0_R_tra': 57.33, 'NX_10_CV': '0.01900', 'NX_10_CV_turn': '0.01900', 'NX_10_ctr': '1.85200', 'NX_10_len_tra': 10.0, 'NX_10_R_tra': 18.52}]
[I 240414 12:18:43 utils:142] Epoch: [94], Info: [{'num_test': 100, 'CV': '0.00600', 'CV_turn': '0.00200', 'ctr': '2.04833', 'len_tra': 30.0, 'R_tra': 61.45, 'NX_0_CV': '0.06800', 'NX_0_CV_turn': '0.02267', 'NX_0_ctr': '1.94433', 'NX_0_len_tra': 30.0, 'NX_0_R_tra': 58.33, 'NX_10_CV': '0.02100', 'NX_10_CV_turn': '0.02100', 'NX_10_ctr': '1.89700', 'NX_10_len_tra': 10.0, 'NX_10_R_tra': 18.97}]
[I 240414 12:18:53 utils:142] Epoch: [95], Info: [{'num_test': 100, 'CV': '0.00600', 'CV_turn': '0.00200', 'ctr': '2.03200', 'len_tra': 30.0, 'R_tra': 60.96, 'NX_0_CV': '0.07000', 'NX_0_CV_turn': '0.02333', 'NX_0_ctr': '1.94367', 'NX_0_len_tra': 30.0, 'NX_0_R_tra': 58.31, 'NX_10_CV': '0.02200', 'NX_10_CV_turn': '0.02200', 'NX_10_ctr': '2.09100', 'NX_10_len_tra': 10.0, 'NX_10_R_tra': 20.91}]
[I 240414 12:19:02 utils:142] Epoch: [96], Info: [{'num_test': 100, 'CV': '0.00500', 'CV_turn': '0.00167', 'ctr': '2.01600', 'len_tra': 30.0, 'R_tra': 60.48, 'NX_0_CV': '0.06900', 'NX_0_CV_turn': '0.02300', 'NX_0_ctr': '1.86867', 'NX_0_len_tra': 30.0, 'NX_0_R_tra': 56.06, 'NX_10_CV': '0.01900', 'NX_10_CV_turn': '0.01900', 'NX_10_ctr': '1.98600', 'NX_10_len_tra': 10.0, 'NX_10_R_tra': 19.86}]
[I 240414 12:19:12 utils:142] Epoch: [97], Info: [{'num_test': 100, 'CV': '0.00500', 'CV_turn': '0.00167', 'ctr': '1.97500', 'len_tra': 30.0, 'R_tra': 59.25, 'NX_0_CV': '0.06700', 'NX_0_CV_turn': '0.02233', 'NX_0_ctr': '1.96800', 'NX_0_len_tra': 30.0, 'NX_0_R_tra': 59.04, 'NX_10_CV': '0.02200', 'NX_10_CV_turn': '0.02200', 'NX_10_ctr': '2.01000', 'NX_10_len_tra': 10.0, 'NX_10_R_tra': 20.1}]
[I 240414 12:19:21 utils:142] Epoch: [98], Info: [{'num_test': 100, 'CV': '0.00500', 'CV_turn': '0.00167', 'ctr': '2.10500', 'len_tra': 30.0, 'R_tra': 63.15, 'NX_0_CV': '0.07500', 'NX_0_CV_turn': '0.02500', 'NX_0_ctr': '2.00867', 'NX_0_len_tra': 30.0, 'NX_0_R_tra': 60.26, 'NX_10_CV': '0.02900', 'NX_10_CV_turn': '0.02900', 'NX_10_ctr': '1.96600', 'NX_10_len_tra': 10.0, 'NX_10_R_tra': 19.66}]
[I 240414 12:19:31 utils:142] Epoch: [99], Info: [{'num_test': 100, 'CV': '0.00500', 'CV_turn': '0.00167', 'ctr': '2.06500', 'len_tra': 30.0, 'R_tra': 61.95, 'NX_0_CV': '0.06700', 'NX_0_CV_turn': '0.02233', 'NX_0_ctr': '1.90067', 'NX_0_len_tra': 30.0, 'NX_0_R_tra': 57.02, 'NX_10_CV': '0.02700', 'NX_10_CV_turn': '0.02700', 'NX_10_ctr': '1.88700', 'NX_10_len_tra': 10.0, 'NX_10_R_tra': 18.87}]
[I 240414 12:19:41 utils:142] Epoch: [100], Info: [{'num_test': 100, 'CV': '0.00500', 'CV_turn': '0.00167', 'ctr': '1.94300', 'len_tra': 30.0, 'R_tra': 58.29, 'NX_0_CV': '0.07200', 'NX_0_CV_turn': '0.02400', 'NX_0_ctr': '1.98867', 'NX_0_len_tra': 30.0, 'NX_0_R_tra': 59.66, 'NX_10_CV': '0.03100', 'NX_10_CV_turn': '0.03100', 'NX_10_ctr': '1.92600', 'NX_10_len_tra': 10.0, 'NX_10_R_tra': 19.26}]
[I 240414 12:19:50 utils:142] Epoch: [101], Info: [{'num_test': 100, 'CV': '0.00500', 'CV_turn': '0.00167', 'ctr': '2.07200', 'len_tra': 30.0, 'R_tra': 62.16, 'NX_0_CV': '0.07300', 'NX_0_CV_turn': '0.02433', 'NX_0_ctr': '1.93000', 'NX_0_len_tra': 30.0, 'NX_0_R_tra': 57.9, 'NX_10_CV': '0.02800', 'NX_10_CV_turn': '0.02800', 'NX_10_ctr': '1.95700', 'NX_10_len_tra': 10.0, 'NX_10_R_tra': 19.57}]
[I 240414 12:20:00 utils:142] Epoch: [102], Info: [{'num_test': 100, 'CV': '0.00500', 'CV_turn': '0.00167', 'ctr': '1.95700', 'len_tra': 30.0, 'R_tra': 58.71, 'NX_0_CV': '0.07000', 'NX_0_CV_turn': '0.02333', 'NX_0_ctr': '1.87533', 'NX_0_len_tra': 30.0, 'NX_0_R_tra': 56.26, 'NX_10_CV': '0.02900', 'NX_10_CV_turn': '0.02900', 'NX_10_ctr': '1.97400', 'NX_10_len_tra': 10.0, 'NX_10_R_tra': 19.74}]
[I 240414 12:20:09 utils:142] Epoch: [103], Info: [{'num_test': 100, 'CV': '0.00600', 'CV_turn': '0.00200', 'ctr': '1.97033', 'len_tra': 30.0, 'R_tra': 59.11, 'NX_0_CV': '0.07600', 'NX_0_CV_turn': '0.02533', 'NX_0_ctr': '1.92433', 'NX_0_len_tra': 30.0, 'NX_0_R_tra': 57.73, 'NX_10_CV': '0.03400', 'NX_10_CV_turn': '0.03400', 'NX_10_ctr': '1.97000', 'NX_10_len_tra': 10.0, 'NX_10_R_tra': 19.7}]
[I 240414 12:20:19 utils:142] Epoch: [104], Info: [{'num_test': 100, 'CV': '0.00600', 'CV_turn': '0.00200', 'ctr': '1.96900', 'len_tra': 30.0, 'R_tra': 59.07, 'NX_0_CV': '0.06900', 'NX_0_CV_turn': '0.02300', 'NX_0_ctr': '2.05500', 'NX_0_len_tra': 30.0, 'NX_0_R_tra': 61.65, 'NX_10_CV': '0.02800', 'NX_10_CV_turn': '0.02800', 'NX_10_ctr': '1.93100', 'NX_10_len_tra': 10.0, 'NX_10_R_tra': 19.31}]
[I 240414 12:20:29 utils:142] Epoch: [105], Info: [{'num_test': 100, 'CV': '0.00600', 'CV_turn': '0.00200', 'ctr': '2.08967', 'len_tra': 30.0, 'R_tra': 62.69, 'NX_0_CV': '0.07300', 'NX_0_CV_turn': '0.02433', 'NX_0_ctr': '1.91833', 'NX_0_len_tra': 30.0, 'NX_0_R_tra': 57.55, 'NX_10_CV': '0.03300', 'NX_10_CV_turn': '0.03300', 'NX_10_ctr': '1.91400', 'NX_10_len_tra': 10.0, 'NX_10_R_tra': 19.14}]
[I 240414 12:20:38 utils:142] Epoch: [106], Info: [{'num_test': 100, 'CV': '0.00600', 'CV_turn': '0.00200', 'ctr': '1.91833', 'len_tra': 30.0, 'R_tra': 57.55, 'NX_0_CV': '0.07300', 'NX_0_CV_turn': '0.02433', 'NX_0_ctr': '2.01667', 'NX_0_len_tra': 30.0, 'NX_0_R_tra': 60.5, 'NX_10_CV': '0.03200', 'NX_10_CV_turn': '0.03200', 'NX_10_ctr': '1.97500', 'NX_10_len_tra': 10.0, 'NX_10_R_tra': 19.75}]
[I 240414 12:20:48 utils:142] Epoch: [107], Info: [{'num_test': 100, 'CV': '0.00600', 'CV_turn': '0.00200', 'ctr': '2.03800', 'len_tra': 30.0, 'R_tra': 61.14, 'NX_0_CV': '0.08300', 'NX_0_CV_turn': '0.02767', 'NX_0_ctr': '1.94400', 'NX_0_len_tra': 30.0, 'NX_0_R_tra': 58.32, 'NX_10_CV': '0.03500', 'NX_10_CV_turn': '0.03500', 'NX_10_ctr': '1.86900', 'NX_10_len_tra': 10.0, 'NX_10_R_tra': 18.69}]
[I 240414 12:20:57 utils:142] Epoch: [108], Info: [{'num_test': 100, 'CV': '0.00600', 'CV_turn': '0.00200', 'ctr': '1.96100', 'len_tra': 30.0, 'R_tra': 58.83, 'NX_0_CV': '0.07900', 'NX_0_CV_turn': '0.02633', 'NX_0_ctr': '1.91967', 'NX_0_len_tra': 30.0, 'NX_0_R_tra': 57.59, 'NX_10_CV': '0.04000', 'NX_10_CV_turn': '0.04000', 'NX_10_ctr': '1.93500', 'NX_10_len_tra': 10.0, 'NX_10_R_tra': 19.35}]
[I 240414 12:21:07 utils:142] Epoch: [109], Info: [{'num_test': 100, 'CV': '0.00500', 'CV_turn': '0.00167', 'ctr': '2.03700', 'len_tra': 30.0, 'R_tra': 61.11, 'NX_0_CV': '0.07300', 'NX_0_CV_turn': '0.02433', 'NX_0_ctr': '2.02900', 'NX_0_len_tra': 30.0, 'NX_0_R_tra': 60.87, 'NX_10_CV': '0.03600', 'NX_10_CV_turn': '0.03600', 'NX_10_ctr': '1.99200', 'NX_10_len_tra': 10.0, 'NX_10_R_tra': 19.92}]
[I 240414 12:21:17 utils:142] Epoch: [110], Info: [{'num_test': 100, 'CV': '0.00600', 'CV_turn': '0.00200', 'ctr': '2.11833', 'len_tra': 30.0, 'R_tra': 63.55, 'NX_0_CV': '0.07800', 'NX_0_CV_turn': '0.02600', 'NX_0_ctr': '1.95267', 'NX_0_len_tra': 30.0, 'NX_0_R_tra': 58.58, 'NX_10_CV': '0.03800', 'NX_10_CV_turn': '0.03800', 'NX_10_ctr': '1.97500', 'NX_10_len_tra': 10.0, 'NX_10_R_tra': 19.75}]
[I 240414 12:21:26 utils:142] Epoch: [111], Info: [{'num_test': 100, 'CV': '0.00500', 'CV_turn': '0.00167', 'ctr': '2.18100', 'len_tra': 30.0, 'R_tra': 65.43, 'NX_0_CV': '0.07900', 'NX_0_CV_turn': '0.02633', 'NX_0_ctr': '2.07400', 'NX_0_len_tra': 30.0, 'NX_0_R_tra': 62.22, 'NX_10_CV': '0.03600', 'NX_10_CV_turn': '0.03600', 'NX_10_ctr': '2.01200', 'NX_10_len_tra': 10.0, 'NX_10_R_tra': 20.12}]
[I 240414 12:21:36 utils:142] Epoch: [112], Info: [{'num_test': 100, 'CV': '0.00400', 'CV_turn': '0.00133', 'ctr': '1.99600', 'len_tra': 30.0, 'R_tra': 59.88, 'NX_0_CV': '0.08200', 'NX_0_CV_turn': '0.02733', 'NX_0_ctr': '1.94400', 'NX_0_len_tra': 30.0, 'NX_0_R_tra': 58.32, 'NX_10_CV': '0.03800', 'NX_10_CV_turn': '0.03800', 'NX_10_ctr': '1.99300', 'NX_10_len_tra': 10.0, 'NX_10_R_tra': 19.93}]
[I 240414 12:21:46 utils:142] Epoch: [113], Info: [{'num_test': 100, 'CV': '0.00500', 'CV_turn': '0.00167', 'ctr': '2.29600', 'len_tra': 30.0, 'R_tra': 68.88, 'NX_0_CV': '0.07700', 'NX_0_CV_turn': '0.02567', 'NX_0_ctr': '1.92800', 'NX_0_len_tra': 30.0, 'NX_0_R_tra': 57.84, 'NX_10_CV': '0.03800', 'NX_10_CV_turn': '0.03800', 'NX_10_ctr': '1.95700', 'NX_10_len_tra': 10.0, 'NX_10_R_tra': 19.57}]
[I 240414 12:21:55 utils:142] Epoch: [114], Info: [{'num_test': 100, 'CV': '0.00500', 'CV_turn': '0.00167', 'ctr': '2.09567', 'len_tra': 30.0, 'R_tra': 62.87, 'NX_0_CV': '0.07500', 'NX_0_CV_turn': '0.02500', 'NX_0_ctr': '1.93000', 'NX_0_len_tra': 30.0, 'NX_0_R_tra': 57.9, 'NX_10_CV': '0.03900', 'NX_10_CV_turn': '0.03900', 'NX_10_ctr': '1.98900', 'NX_10_len_tra': 10.0, 'NX_10_R_tra': 19.89}]
[I 240414 12:22:05 utils:142] Epoch: [115], Info: [{'num_test': 100, 'CV': '0.00500', 'CV_turn': '0.00167', 'ctr': '2.09467', 'len_tra': 30.0, 'R_tra': 62.84, 'NX_0_CV': '0.08100', 'NX_0_CV_turn': '0.02700', 'NX_0_ctr': '1.91200', 'NX_0_len_tra': 30.0, 'NX_0_R_tra': 57.36, 'NX_10_CV': '0.04000', 'NX_10_CV_turn': '0.04000', 'NX_10_ctr': '1.96700', 'NX_10_len_tra': 10.0, 'NX_10_R_tra': 19.67}]
[I 240414 12:22:14 utils:142] Epoch: [116], Info: [{'num_test': 100, 'CV': '0.00500', 'CV_turn': '0.00167', 'ctr': '2.27800', 'len_tra': 30.0, 'R_tra': 68.34, 'NX_0_CV': '0.07700', 'NX_0_CV_turn': '0.02567', 'NX_0_ctr': '1.84500', 'NX_0_len_tra': 30.0, 'NX_0_R_tra': 55.35, 'NX_10_CV': '0.03900', 'NX_10_CV_turn': '0.03900', 'NX_10_ctr': '1.94700', 'NX_10_len_tra': 10.0, 'NX_10_R_tra': 19.47}]
[I 240414 12:22:24 utils:142] Epoch: [117], Info: [{'num_test': 100, 'CV': '0.00500', 'CV_turn': '0.00167', 'ctr': '1.96667', 'len_tra': 30.0, 'R_tra': 59.0, 'NX_0_CV': '0.07800', 'NX_0_CV_turn': '0.02600', 'NX_0_ctr': '1.97133', 'NX_0_len_tra': 30.0, 'NX_0_R_tra': 59.14, 'NX_10_CV': '0.04300', 'NX_10_CV_turn': '0.04300', 'NX_10_ctr': '1.91600', 'NX_10_len_tra': 10.0, 'NX_10_R_tra': 19.16}]
[I 240414 12:22:34 utils:142] Epoch: [118], Info: [{'num_test': 100, 'CV': '0.00600', 'CV_turn': '0.00200', 'ctr': '2.20833', 'len_tra': 30.0, 'R_tra': 66.25, 'NX_0_CV': '0.08000', 'NX_0_CV_turn': '0.02667', 'NX_0_ctr': '1.96533', 'NX_0_len_tra': 30.0, 'NX_0_R_tra': 58.96, 'NX_10_CV': '0.04100', 'NX_10_CV_turn': '0.04100', 'NX_10_ctr': '1.90000', 'NX_10_len_tra': 10.0, 'NX_10_R_tra': 19.0}]
[I 240414 12:22:43 utils:142] Epoch: [119], Info: [{'num_test': 100, 'CV': '0.00600', 'CV_turn': '0.00200', 'ctr': '2.22600', 'len_tra': 30.0, 'R_tra': 66.78, 'NX_0_CV': '0.08100', 'NX_0_CV_turn': '0.02700', 'NX_0_ctr': '1.94133', 'NX_0_len_tra': 30.0, 'NX_0_R_tra': 58.24, 'NX_10_CV': '0.04600', 'NX_10_CV_turn': '0.04600', 'NX_10_ctr': '1.93100', 'NX_10_len_tra': 10.0, 'NX_10_R_tra': 19.31}]
[I 240414 12:22:53 utils:142] Epoch: [120], Info: [{'num_test': 100, 'CV': '0.00600', 'CV_turn': '0.00200', 'ctr': '2.15667', 'len_tra': 30.0, 'R_tra': 64.7, 'NX_0_CV': '0.07800', 'NX_0_CV_turn': '0.02600', 'NX_0_ctr': '1.94400', 'NX_0_len_tra': 30.0, 'NX_0_R_tra': 58.32, 'NX_10_CV': '0.04800', 'NX_10_CV_turn': '0.04800', 'NX_10_ctr': '1.91500', 'NX_10_len_tra': 10.0, 'NX_10_R_tra': 19.15}]
[I 240414 12:23:02 utils:142] Epoch: [121], Info: [{'num_test': 100, 'CV': '0.00600', 'CV_turn': '0.00200', 'ctr': '2.18033', 'len_tra': 30.0, 'R_tra': 65.41, 'NX_0_CV': '0.07300', 'NX_0_CV_turn': '0.02433', 'NX_0_ctr': '1.90333', 'NX_0_len_tra': 30.0, 'NX_0_R_tra': 57.1, 'NX_10_CV': '0.04400', 'NX_10_CV_turn': '0.04400', 'NX_10_ctr': '1.97500', 'NX_10_len_tra': 10.0, 'NX_10_R_tra': 19.75}]
[I 240414 12:23:12 utils:142] Epoch: [122], Info: [{'num_test': 100, 'CV': '0.00600', 'CV_turn': '0.00200', 'ctr': '2.03567', 'len_tra': 30.0, 'R_tra': 61.07, 'NX_0_CV': '0.08000', 'NX_0_CV_turn': '0.02667', 'NX_0_ctr': '1.90700', 'NX_0_len_tra': 30.0, 'NX_0_R_tra': 57.21, 'NX_10_CV': '0.04400', 'NX_10_CV_turn': '0.04400', 'NX_10_ctr': '1.96700', 'NX_10_len_tra': 10.0, 'NX_10_R_tra': 19.67}]
[I 240414 12:23:22 utils:142] Epoch: [123], Info: [{'num_test': 100, 'CV': '0.00700', 'CV_turn': '0.00233', 'ctr': '2.15333', 'len_tra': 30.0, 'R_tra': 64.6, 'NX_0_CV': '0.07900', 'NX_0_CV_turn': '0.02633', 'NX_0_ctr': '1.86167', 'NX_0_len_tra': 30.0, 'NX_0_R_tra': 55.85, 'NX_10_CV': '0.04200', 'NX_10_CV_turn': '0.04200', 'NX_10_ctr': '1.91600', 'NX_10_len_tra': 10.0, 'NX_10_R_tra': 19.16}]
[I 240414 12:23:31 utils:142] Epoch: [124], Info: [{'num_test': 100, 'CV': '0.00500', 'CV_turn': '0.00167', 'ctr': '2.10500', 'len_tra': 30.0, 'R_tra': 63.15, 'NX_0_CV': '0.07600', 'NX_0_CV_turn': '0.02533', 'NX_0_ctr': '1.88400', 'NX_0_len_tra': 30.0, 'NX_0_R_tra': 56.52, 'NX_10_CV': '0.04000', 'NX_10_CV_turn': '0.04000', 'NX_10_ctr': '1.85900', 'NX_10_len_tra': 10.0, 'NX_10_R_tra': 18.59}]
[I 240414 12:23:41 utils:142] Epoch: [125], Info: [{'num_test': 100, 'CV': '0.00800', 'CV_turn': '0.00267', 'ctr': '2.10033', 'len_tra': 30.0, 'R_tra': 63.01, 'NX_0_CV': '0.07400', 'NX_0_CV_turn': '0.02467', 'NX_0_ctr': '1.85000', 'NX_0_len_tra': 30.0, 'NX_0_R_tra': 55.5, 'NX_10_CV': '0.03700', 'NX_10_CV_turn': '0.03700', 'NX_10_ctr': '1.94600', 'NX_10_len_tra': 10.0, 'NX_10_R_tra': 19.46}]
[I 240414 12:23:50 utils:142] Epoch: [126], Info: [{'num_test': 100, 'CV': '0.00700', 'CV_turn': '0.00233', 'ctr': '2.09000', 'len_tra': 30.0, 'R_tra': 62.7, 'NX_0_CV': '0.07700', 'NX_0_CV_turn': '0.02567', 'NX_0_ctr': '1.83367', 'NX_0_len_tra': 30.0, 'NX_0_R_tra': 55.01, 'NX_10_CV': '0.04200', 'NX_10_CV_turn': '0.04200', 'NX_10_ctr': '1.91200', 'NX_10_len_tra': 10.0, 'NX_10_R_tra': 19.12}]
[I 240414 12:24:00 utils:142] Epoch: [127], Info: [{'num_test': 100, 'CV': '0.00500', 'CV_turn': '0.00167', 'ctr': '2.11767', 'len_tra': 30.0, 'R_tra': 63.53, 'NX_0_CV': '0.07800', 'NX_0_CV_turn': '0.02600', 'NX_0_ctr': '1.72800', 'NX_0_len_tra': 30.0, 'NX_0_R_tra': 51.84, 'NX_10_CV': '0.04300', 'NX_10_CV_turn': '0.04300', 'NX_10_ctr': '2.00200', 'NX_10_len_tra': 10.0, 'NX_10_R_tra': 20.02}]
[I 240414 12:24:10 utils:142] Epoch: [128], Info: [{'num_test': 100, 'CV': '0.00700', 'CV_turn': '0.00233', 'ctr': '2.27167', 'len_tra': 30.0, 'R_tra': 68.15, 'NX_0_CV': '0.06900', 'NX_0_CV_turn': '0.02300', 'NX_0_ctr': '1.82400', 'NX_0_len_tra': 30.0, 'NX_0_R_tra': 54.72, 'NX_10_CV': '0.03800', 'NX_10_CV_turn': '0.03800', 'NX_10_ctr': '1.92000', 'NX_10_len_tra': 10.0, 'NX_10_R_tra': 19.2}]
[I 240414 12:24:19 utils:142] Epoch: [129], Info: [{'num_test': 100, 'CV': '0.00700', 'CV_turn': '0.00233', 'ctr': '1.97067', 'len_tra': 30.0, 'R_tra': 59.12, 'NX_0_CV': '0.07600', 'NX_0_CV_turn': '0.02533', 'NX_0_ctr': '1.87533', 'NX_0_len_tra': 30.0, 'NX_0_R_tra': 56.26, 'NX_10_CV': '0.03500', 'NX_10_CV_turn': '0.03500', 'NX_10_ctr': '1.78500', 'NX_10_len_tra': 10.0, 'NX_10_R_tra': 17.85}]
[I 240414 12:24:29 utils:142] Epoch: [130], Info: [{'num_test': 100, 'CV': '0.00700', 'CV_turn': '0.00233', 'ctr': '2.08400', 'len_tra': 30.0, 'R_tra': 62.52, 'NX_0_CV': '0.07400', 'NX_0_CV_turn': '0.02467', 'NX_0_ctr': '1.89533', 'NX_0_len_tra': 30.0, 'NX_0_R_tra': 56.86, 'NX_10_CV': '0.03700', 'NX_10_CV_turn': '0.03700', 'NX_10_ctr': '1.89500', 'NX_10_len_tra': 10.0, 'NX_10_R_tra': 18.95}]
[I 240414 12:24:39 utils:142] Epoch: [131], Info: [{'num_test': 100, 'CV': '0.00400', 'CV_turn': '0.00133', 'ctr': '2.25633', 'len_tra': 30.0, 'R_tra': 67.69, 'NX_0_CV': '0.08000', 'NX_0_CV_turn': '0.02667', 'NX_0_ctr': '1.83200', 'NX_0_len_tra': 30.0, 'NX_0_R_tra': 54.96, 'NX_10_CV': '0.03400', 'NX_10_CV_turn': '0.03400', 'NX_10_ctr': '1.86300', 'NX_10_len_tra': 10.0, 'NX_10_R_tra': 18.63}]
[I 240414 12:24:48 utils:142] Epoch: [132], Info: [{'num_test': 100, 'CV': '0.00400', 'CV_turn': '0.00133', 'ctr': '2.03400', 'len_tra': 30.0, 'R_tra': 61.02, 'NX_0_CV': '0.08200', 'NX_0_CV_turn': '0.02733', 'NX_0_ctr': '1.86333', 'NX_0_len_tra': 30.0, 'NX_0_R_tra': 55.9, 'NX_10_CV': '0.03100', 'NX_10_CV_turn': '0.03100', 'NX_10_ctr': '1.86200', 'NX_10_len_tra': 10.0, 'NX_10_R_tra': 18.62}]
[I 240414 12:24:58 utils:142] Epoch: [133], Info: [{'num_test': 100, 'CV': '0.00400', 'CV_turn': '0.00133', 'ctr': '2.07367', 'len_tra': 30.0, 'R_tra': 62.21, 'NX_0_CV': '0.08700', 'NX_0_CV_turn': '0.02900', 'NX_0_ctr': '1.82033', 'NX_0_len_tra': 30.0, 'NX_0_R_tra': 54.61, 'NX_10_CV': '0.03400', 'NX_10_CV_turn': '0.03400', 'NX_10_ctr': '1.82300', 'NX_10_len_tra': 10.0, 'NX_10_R_tra': 18.23}]
[I 240414 12:25:08 utils:142] Epoch: [134], Info: [{'num_test': 100, 'CV': '0.00500', 'CV_turn': '0.00167', 'ctr': '1.97600', 'len_tra': 30.0, 'R_tra': 59.28, 'NX_0_CV': '0.07900', 'NX_0_CV_turn': '0.02633', 'NX_0_ctr': '1.77367', 'NX_0_len_tra': 30.0, 'NX_0_R_tra': 53.21, 'NX_10_CV': '0.03300', 'NX_10_CV_turn': '0.03300', 'NX_10_ctr': '1.82300', 'NX_10_len_tra': 10.0, 'NX_10_R_tra': 18.23}]
[I 240414 12:25:17 utils:142] Epoch: [135], Info: [{'num_test': 100, 'CV': '0.00500', 'CV_turn': '0.00167', 'ctr': '1.97500', 'len_tra': 30.0, 'R_tra': 59.25, 'NX_0_CV': '0.08100', 'NX_0_CV_turn': '0.02700', 'NX_0_ctr': '1.79500', 'NX_0_len_tra': 30.0, 'NX_0_R_tra': 53.85, 'NX_10_CV': '0.03400', 'NX_10_CV_turn': '0.03400', 'NX_10_ctr': '1.88100', 'NX_10_len_tra': 10.0, 'NX_10_R_tra': 18.81}]
[I 240414 12:25:27 utils:142] Epoch: [136], Info: [{'num_test': 100, 'CV': '0.00500', 'CV_turn': '0.00167', 'ctr': '1.89200', 'len_tra': 30.0, 'R_tra': 56.76, 'NX_0_CV': '0.07500', 'NX_0_CV_turn': '0.02500', 'NX_0_ctr': '1.89567', 'NX_0_len_tra': 30.0, 'NX_0_R_tra': 56.87, 'NX_10_CV': '0.03400', 'NX_10_CV_turn': '0.03400', 'NX_10_ctr': '1.83900', 'NX_10_len_tra': 10.0, 'NX_10_R_tra': 18.39}]
[I 240414 12:25:36 utils:142] Epoch: [137], Info: [{'num_test': 100, 'CV': '0.00500', 'CV_turn': '0.00167', 'ctr': '1.87800', 'len_tra': 30.0, 'R_tra': 56.34, 'NX_0_CV': '0.06400', 'NX_0_CV_turn': '0.02133', 'NX_0_ctr': '1.81000', 'NX_0_len_tra': 30.0, 'NX_0_R_tra': 54.3, 'NX_10_CV': '0.02500', 'NX_10_CV_turn': '0.02500', 'NX_10_ctr': '1.90800', 'NX_10_len_tra': 10.0, 'NX_10_R_tra': 19.08}]
[I 240414 12:25:46 utils:142] Epoch: [138], Info: [{'num_test': 100, 'CV': '0.00500', 'CV_turn': '0.00167', 'ctr': '1.89667', 'len_tra': 30.0, 'R_tra': 56.9, 'NX_0_CV': '0.06900', 'NX_0_CV_turn': '0.02300', 'NX_0_ctr': '1.80700', 'NX_0_len_tra': 30.0, 'NX_0_R_tra': 54.21, 'NX_10_CV': '0.02400', 'NX_10_CV_turn': '0.02400', 'NX_10_ctr': '1.79300', 'NX_10_len_tra': 10.0, 'NX_10_R_tra': 17.93}]
[I 240414 12:25:56 utils:142] Epoch: [139], Info: [{'num_test': 100, 'CV': '0.00500', 'CV_turn': '0.00167', 'ctr': '1.76933', 'len_tra': 30.0, 'R_tra': 53.08, 'NX_0_CV': '0.06200', 'NX_0_CV_turn': '0.02067', 'NX_0_ctr': '1.79067', 'NX_0_len_tra': 30.0, 'NX_0_R_tra': 53.72, 'NX_10_CV': '0.02300', 'NX_10_CV_turn': '0.02300', 'NX_10_ctr': '1.85400', 'NX_10_len_tra': 10.0, 'NX_10_R_tra': 18.54}]
[I 240414 12:26:05 utils:142] Epoch: [140], Info: [{'num_test': 100, 'CV': '0.00200', 'CV_turn': '0.00067', 'ctr': '1.80933', 'len_tra': 30.0, 'R_tra': 54.28, 'NX_0_CV': '0.06700', 'NX_0_CV_turn': '0.02233', 'NX_0_ctr': '1.82667', 'NX_0_len_tra': 30.0, 'NX_0_R_tra': 54.8, 'NX_10_CV': '0.01200', 'NX_10_CV_turn': '0.01200', 'NX_10_ctr': '1.64800', 'NX_10_len_tra': 10.0, 'NX_10_R_tra': 16.48}]
[I 240414 12:26:15 utils:142] Epoch: [141], Info: [{'num_test': 100, 'CV': '0.00200', 'CV_turn': '0.00067', 'ctr': '1.69367', 'len_tra': 30.0, 'R_tra': 50.81, 'NX_0_CV': '0.05800', 'NX_0_CV_turn': '0.01933', 'NX_0_ctr': '1.79367', 'NX_0_len_tra': 30.0, 'NX_0_R_tra': 53.81, 'NX_10_CV': '0.01200', 'NX_10_CV_turn': '0.01200', 'NX_10_ctr': '1.62800', 'NX_10_len_tra': 10.0, 'NX_10_R_tra': 16.28}]
[I 240414 12:26:24 utils:142] Epoch: [142], Info: [{'num_test': 100, 'CV': '0.00200', 'CV_turn': '0.00067', 'ctr': '1.79867', 'len_tra': 30.0, 'R_tra': 53.96, 'NX_0_CV': '0.05300', 'NX_0_CV_turn': '0.01767', 'NX_0_ctr': '1.75033', 'NX_0_len_tra': 30.0, 'NX_0_R_tra': 52.51, 'NX_10_CV': '0.01500', 'NX_10_CV_turn': '0.01500', 'NX_10_ctr': '1.70500', 'NX_10_len_tra': 10.0, 'NX_10_R_tra': 17.05}]
[I 240414 12:26:34 utils:142] Epoch: [143], Info: [{'num_test': 100, 'CV': '0.00200', 'CV_turn': '0.00067', 'ctr': '1.61733', 'len_tra': 30.0, 'R_tra': 48.52, 'NX_0_CV': '0.05500', 'NX_0_CV_turn': '0.01833', 'NX_0_ctr': '1.77367', 'NX_0_len_tra': 30.0, 'NX_0_R_tra': 53.21, 'NX_10_CV': '0.01400', 'NX_10_CV_turn': '0.01400', 'NX_10_ctr': '1.70800', 'NX_10_len_tra': 10.0, 'NX_10_R_tra': 17.08}]
[I 240414 12:26:44 utils:142] Epoch: [144], Info: [{'num_test': 100, 'CV': '0.00200', 'CV_turn': '0.00067', 'ctr': '1.71800', 'len_tra': 30.0, 'R_tra': 51.54, 'NX_0_CV': '0.05500', 'NX_0_CV_turn': '0.01833', 'NX_0_ctr': '1.78667', 'NX_0_len_tra': 30.0, 'NX_0_R_tra': 53.6, 'NX_10_CV': '0.01400', 'NX_10_CV_turn': '0.01400', 'NX_10_ctr': '1.66600', 'NX_10_len_tra': 10.0, 'NX_10_R_tra': 16.66}]
[I 240414 12:26:53 utils:142] Epoch: [145], Info: [{'num_test': 100, 'CV': '0.00200', 'CV_turn': '0.00067', 'ctr': '1.61967', 'len_tra': 30.0, 'R_tra': 48.59, 'NX_0_CV': '0.05400', 'NX_0_CV_turn': '0.01800', 'NX_0_ctr': '1.74033', 'NX_0_len_tra': 30.0, 'NX_0_R_tra': 52.21, 'NX_10_CV': '0.01400', 'NX_10_CV_turn': '0.01400', 'NX_10_ctr': '1.72400', 'NX_10_len_tra': 10.0, 'NX_10_R_tra': 17.24}]
[I 240414 12:27:03 utils:142] Epoch: [146], Info: [{'num_test': 100, 'CV': '0.00200', 'CV_turn': '0.00067', 'ctr': '1.61333', 'len_tra': 30.0, 'R_tra': 48.4, 'NX_0_CV': '0.05100', 'NX_0_CV_turn': '0.01700', 'NX_0_ctr': '1.78167', 'NX_0_len_tra': 30.0, 'NX_0_R_tra': 53.45, 'NX_10_CV': '0.01400', 'NX_10_CV_turn': '0.01400', 'NX_10_ctr': '1.72400', 'NX_10_len_tra': 10.0, 'NX_10_R_tra': 17.24}]
[I 240414 12:27:13 utils:142] Epoch: [147], Info: [{'num_test': 100, 'CV': '0.00200', 'CV_turn': '0.00067', 'ctr': '1.73800', 'len_tra': 30.0, 'R_tra': 52.14, 'NX_0_CV': '0.04900', 'NX_0_CV_turn': '0.01633', 'NX_0_ctr': '1.80200', 'NX_0_len_tra': 30.0, 'NX_0_R_tra': 54.06, 'NX_10_CV': '0.01400', 'NX_10_CV_turn': '0.01400', 'NX_10_ctr': '1.67500', 'NX_10_len_tra': 10.0, 'NX_10_R_tra': 16.75}]
[I 240414 12:27:22 utils:142] Epoch: [148], Info: [{'num_test': 100, 'CV': '0.00200', 'CV_turn': '0.00067', 'ctr': '1.74533', 'len_tra': 30.0, 'R_tra': 52.36, 'NX_0_CV': '0.05100', 'NX_0_CV_turn': '0.01700', 'NX_0_ctr': '1.64567', 'NX_0_len_tra': 30.0, 'NX_0_R_tra': 49.37, 'NX_10_CV': '0.01500', 'NX_10_CV_turn': '0.01500', 'NX_10_ctr': '1.61900', 'NX_10_len_tra': 10.0, 'NX_10_R_tra': 16.19}]
[I 240414 12:27:32 utils:142] Epoch: [149], Info: [{'num_test': 100, 'CV': '0.00200', 'CV_turn': '0.00067', 'ctr': '1.75567', 'len_tra': 30.0, 'R_tra': 52.67, 'NX_0_CV': '0.05100', 'NX_0_CV_turn': '0.01700', 'NX_0_ctr': '1.82533', 'NX_0_len_tra': 30.0, 'NX_0_R_tra': 54.76, 'NX_10_CV': '0.01500', 'NX_10_CV_turn': '0.01500', 'NX_10_ctr': '1.79600', 'NX_10_len_tra': 10.0, 'NX_10_R_tra': 17.96}]
[I 240414 12:27:42 utils:142] Epoch: [150], Info: [{'num_test': 100, 'CV': '0.00200', 'CV_turn': '0.00067', 'ctr': '1.77367', 'len_tra': 30.0, 'R_tra': 53.21, 'NX_0_CV': '0.03900', 'NX_0_CV_turn': '0.01300', 'NX_0_ctr': '1.81500', 'NX_0_len_tra': 30.0, 'NX_0_R_tra': 54.45, 'NX_10_CV': '0.01400', 'NX_10_CV_turn': '0.01400', 'NX_10_ctr': '1.71000', 'NX_10_len_tra': 10.0, 'NX_10_R_tra': 17.1}]
[I 240414 12:27:51 utils:142] Epoch: [151], Info: [{'num_test': 100, 'CV': '0.00200', 'CV_turn': '0.00067', 'ctr': '1.64933', 'len_tra': 30.0, 'R_tra': 49.48, 'NX_0_CV': '0.04300', 'NX_0_CV_turn': '0.01433', 'NX_0_ctr': '1.64867', 'NX_0_len_tra': 30.0, 'NX_0_R_tra': 49.46, 'NX_10_CV': '0.01400', 'NX_10_CV_turn': '0.01400', 'NX_10_ctr': '1.68100', 'NX_10_len_tra': 10.0, 'NX_10_R_tra': 16.81}]
[I 240414 12:28:01 utils:142] Epoch: [152], Info: [{'num_test': 100, 'CV': '0.00200', 'CV_turn': '0.00067', 'ctr': '1.80033', 'len_tra': 30.0, 'R_tra': 54.01, 'NX_0_CV': '0.04700', 'NX_0_CV_turn': '0.01567', 'NX_0_ctr': '1.78333', 'NX_0_len_tra': 30.0, 'NX_0_R_tra': 53.5, 'NX_10_CV': '0.01400', 'NX_10_CV_turn': '0.01400', 'NX_10_ctr': '1.82400', 'NX_10_len_tra': 10.0, 'NX_10_R_tra': 18.24}]
[I 240414 12:28:11 utils:142] Epoch: [153], Info: [{'num_test': 100, 'CV': '0.00200', 'CV_turn': '0.00067', 'ctr': '1.75667', 'len_tra': 30.0, 'R_tra': 52.7, 'NX_0_CV': '0.04400', 'NX_0_CV_turn': '0.01467', 'NX_0_ctr': '1.78067', 'NX_0_len_tra': 30.0, 'NX_0_R_tra': 53.42, 'NX_10_CV': '0.01400', 'NX_10_CV_turn': '0.01400', 'NX_10_ctr': '1.75700', 'NX_10_len_tra': 10.0, 'NX_10_R_tra': 17.57}]
[I 240414 12:28:20 utils:142] Epoch: [154], Info: [{'num_test': 100, 'CV': '0.00200', 'CV_turn': '0.00067', 'ctr': '1.72267', 'len_tra': 30.0, 'R_tra': 51.68, 'NX_0_CV': '0.05000', 'NX_0_CV_turn': '0.01667', 'NX_0_ctr': '1.73233', 'NX_0_len_tra': 30.0, 'NX_0_R_tra': 51.97, 'NX_10_CV': '0.01300', 'NX_10_CV_turn': '0.01300', 'NX_10_ctr': '1.69900', 'NX_10_len_tra': 10.0, 'NX_10_R_tra': 16.99}]
[I 240414 12:28:30 utils:142] Epoch: [155], Info: [{'num_test': 100, 'CV': '0.00200', 'CV_turn': '0.00067', 'ctr': '1.76700', 'len_tra': 30.0, 'R_tra': 53.01, 'NX_0_CV': '0.04400', 'NX_0_CV_turn': '0.01467', 'NX_0_ctr': '1.80833', 'NX_0_len_tra': 30.0, 'NX_0_R_tra': 54.25, 'NX_10_CV': '0.01400', 'NX_10_CV_turn': '0.01400', 'NX_10_ctr': '1.70000', 'NX_10_len_tra': 10.0, 'NX_10_R_tra': 17.0}]
[I 240414 12:28:39 utils:142] Epoch: [156], Info: [{'num_test': 100, 'CV': '0.00200', 'CV_turn': '0.00067', 'ctr': '1.75333', 'len_tra': 30.0, 'R_tra': 52.6, 'NX_0_CV': '0.04400', 'NX_0_CV_turn': '0.01467', 'NX_0_ctr': '1.74167', 'NX_0_len_tra': 30.0, 'NX_0_R_tra': 52.25, 'NX_10_CV': '0.01400', 'NX_10_CV_turn': '0.01400', 'NX_10_ctr': '1.75800', 'NX_10_len_tra': 10.0, 'NX_10_R_tra': 17.58}]
[I 240414 12:28:49 utils:142] Epoch: [157], Info: [{'num_test': 100, 'CV': '0.00200', 'CV_turn': '0.00067', 'ctr': '1.59200', 'len_tra': 30.0, 'R_tra': 47.76, 'NX_0_CV': '0.04200', 'NX_0_CV_turn': '0.01400', 'NX_0_ctr': '1.73400', 'NX_0_len_tra': 30.0, 'NX_0_R_tra': 52.02, 'NX_10_CV': '0.01400', 'NX_10_CV_turn': '0.01400', 'NX_10_ctr': '1.63500', 'NX_10_len_tra': 10.0, 'NX_10_R_tra': 16.35}]
[I 240414 12:28:59 utils:142] Epoch: [158], Info: [{'num_test': 100, 'CV': '0.00200', 'CV_turn': '0.00067', 'ctr': '1.71667', 'len_tra': 30.0, 'R_tra': 51.5, 'NX_0_CV': '0.04100', 'NX_0_CV_turn': '0.01367', 'NX_0_ctr': '1.72967', 'NX_0_len_tra': 30.0, 'NX_0_R_tra': 51.89, 'NX_10_CV': '0.01500', 'NX_10_CV_turn': '0.01500', 'NX_10_ctr': '1.80100', 'NX_10_len_tra': 10.0, 'NX_10_R_tra': 18.01}]
[I 240414 12:29:08 utils:142] Epoch: [159], Info: [{'num_test': 100, 'CV': '0.00200', 'CV_turn': '0.00067', 'ctr': '1.70167', 'len_tra': 30.0, 'R_tra': 51.05, 'NX_0_CV': '0.04800', 'NX_0_CV_turn': '0.01600', 'NX_0_ctr': '1.67067', 'NX_0_len_tra': 30.0, 'NX_0_R_tra': 50.12, 'NX_10_CV': '0.01300', 'NX_10_CV_turn': '0.01300', 'NX_10_ctr': '1.66300', 'NX_10_len_tra': 10.0, 'NX_10_R_tra': 16.63}]
[I 240414 12:29:18 utils:142] Epoch: [160], Info: [{'num_test': 100, 'CV': '0.00200', 'CV_turn': '0.00067', 'ctr': '1.72633', 'len_tra': 30.0, 'R_tra': 51.79, 'NX_0_CV': '0.04700', 'NX_0_CV_turn': '0.01567', 'NX_0_ctr': '1.78400', 'NX_0_len_tra': 30.0, 'NX_0_R_tra': 53.52, 'NX_10_CV': '0.01500', 'NX_10_CV_turn': '0.01500', 'NX_10_ctr': '1.80700', 'NX_10_len_tra': 10.0, 'NX_10_R_tra': 18.07}]
[I 240414 12:29:28 utils:142] Epoch: [161], Info: [{'num_test': 100, 'CV': '0.00200', 'CV_turn': '0.00067', 'ctr': '1.85800', 'len_tra': 30.0, 'R_tra': 55.74, 'NX_0_CV': '0.04900', 'NX_0_CV_turn': '0.01633', 'NX_0_ctr': '1.67100', 'NX_0_len_tra': 30.0, 'NX_0_R_tra': 50.13, 'NX_10_CV': '0.01300', 'NX_10_CV_turn': '0.01300', 'NX_10_ctr': '1.69100', 'NX_10_len_tra': 10.0, 'NX_10_R_tra': 16.91}]
[I 240414 12:29:37 utils:142] Epoch: [162], Info: [{'num_test': 100, 'CV': '0.00200', 'CV_turn': '0.00067', 'ctr': '1.68900', 'len_tra': 30.0, 'R_tra': 50.67, 'NX_0_CV': '0.04300', 'NX_0_CV_turn': '0.01433', 'NX_0_ctr': '1.58200', 'NX_0_len_tra': 30.0, 'NX_0_R_tra': 47.46, 'NX_10_CV': '0.01300', 'NX_10_CV_turn': '0.01300', 'NX_10_ctr': '1.76100', 'NX_10_len_tra': 10.0, 'NX_10_R_tra': 17.61}]
[I 240414 12:29:47 utils:142] Epoch: [163], Info: [{'num_test': 100, 'CV': '0.00200', 'CV_turn': '0.00067', 'ctr': '1.67400', 'len_tra': 30.0, 'R_tra': 50.22, 'NX_0_CV': '0.04600', 'NX_0_CV_turn': '0.01533', 'NX_0_ctr': '1.72833', 'NX_0_len_tra': 30.0, 'NX_0_R_tra': 51.85, 'NX_10_CV': '0.01300', 'NX_10_CV_turn': '0.01300', 'NX_10_ctr': '1.74300', 'NX_10_len_tra': 10.0, 'NX_10_R_tra': 17.43}]
[I 240414 12:29:56 utils:142] Epoch: [164], Info: [{'num_test': 100, 'CV': '0.00200', 'CV_turn': '0.00067', 'ctr': '1.69067', 'len_tra': 30.0, 'R_tra': 50.72, 'NX_0_CV': '0.04400', 'NX_0_CV_turn': '0.01467', 'NX_0_ctr': '1.69000', 'NX_0_len_tra': 30.0, 'NX_0_R_tra': 50.7, 'NX_10_CV': '0.01400', 'NX_10_CV_turn': '0.01400', 'NX_10_ctr': '1.65900', 'NX_10_len_tra': 10.0, 'NX_10_R_tra': 16.59}]
[I 240414 12:30:06 utils:142] Epoch: [165], Info: [{'num_test': 100, 'CV': '0.00200', 'CV_turn': '0.00067', 'ctr': '1.61133', 'len_tra': 30.0, 'R_tra': 48.34, 'NX_0_CV': '0.04400', 'NX_0_CV_turn': '0.01467', 'NX_0_ctr': '1.69067', 'NX_0_len_tra': 30.0, 'NX_0_R_tra': 50.72, 'NX_10_CV': '0.01300', 'NX_10_CV_turn': '0.01300', 'NX_10_ctr': '1.69800', 'NX_10_len_tra': 10.0, 'NX_10_R_tra': 16.98}]
[I 240414 12:30:16 utils:142] Epoch: [166], Info: [{'num_test': 100, 'CV': '0.00200', 'CV_turn': '0.00067', 'ctr': '1.70733', 'len_tra': 30.0, 'R_tra': 51.22, 'NX_0_CV': '0.04600', 'NX_0_CV_turn': '0.01533', 'NX_0_ctr': '1.78300', 'NX_0_len_tra': 30.0, 'NX_0_R_tra': 53.49, 'NX_10_CV': '0.01300', 'NX_10_CV_turn': '0.01300', 'NX_10_ctr': '1.76900', 'NX_10_len_tra': 10.0, 'NX_10_R_tra': 17.69}]
[I 240414 12:30:25 utils:142] Epoch: [167], Info: [{'num_test': 100, 'CV': '0.00200', 'CV_turn': '0.00067', 'ctr': '1.65033', 'len_tra': 30.0, 'R_tra': 49.51, 'NX_0_CV': '0.04400', 'NX_0_CV_turn': '0.01467', 'NX_0_ctr': '1.71933', 'NX_0_len_tra': 30.0, 'NX_0_R_tra': 51.58, 'NX_10_CV': '0.01200', 'NX_10_CV_turn': '0.01200', 'NX_10_ctr': '1.80000', 'NX_10_len_tra': 10.0, 'NX_10_R_tra': 18.0}]
[I 240414 12:30:35 utils:142] Epoch: [168], Info: [{'num_test': 100, 'CV': '0.00200', 'CV_turn': '0.00067', 'ctr': '1.68000', 'len_tra': 30.0, 'R_tra': 50.4, 'NX_0_CV': '0.04400', 'NX_0_CV_turn': '0.01467', 'NX_0_ctr': '1.66733', 'NX_0_len_tra': 30.0, 'NX_0_R_tra': 50.02, 'NX_10_CV': '0.01300', 'NX_10_CV_turn': '0.01300', 'NX_10_ctr': '1.73200', 'NX_10_len_tra': 10.0, 'NX_10_R_tra': 17.32}]
[I 240414 12:30:45 utils:142] Epoch: [169], Info: [{'num_test': 100, 'CV': '0.00200', 'CV_turn': '0.00067', 'ctr': '1.66167', 'len_tra': 30.0, 'R_tra': 49.85, 'NX_0_CV': '0.04700', 'NX_0_CV_turn': '0.01567', 'NX_0_ctr': '1.77133', 'NX_0_len_tra': 30.0, 'NX_0_R_tra': 53.14, 'NX_10_CV': '0.01200', 'NX_10_CV_turn': '0.01200', 'NX_10_ctr': '1.75600', 'NX_10_len_tra': 10.0, 'NX_10_R_tra': 17.56}]
[I 240414 12:30:54 utils:142] Epoch: [170], Info: [{'num_test': 100, 'CV': '0.00200', 'CV_turn': '0.00067', 'ctr': '1.81967', 'len_tra': 30.0, 'R_tra': 54.59, 'NX_0_CV': '0.04600', 'NX_0_CV_turn': '0.01533', 'NX_0_ctr': '1.71900', 'NX_0_len_tra': 30.0, 'NX_0_R_tra': 51.57, 'NX_10_CV': '0.01100', 'NX_10_CV_turn': '0.01100', 'NX_10_ctr': '1.74500', 'NX_10_len_tra': 10.0, 'NX_10_R_tra': 17.45}]
[I 240414 12:31:04 utils:142] Epoch: [171], Info: [{'num_test': 100, 'CV': '0.00200', 'CV_turn': '0.00067', 'ctr': '1.87200', 'len_tra': 30.0, 'R_tra': 56.16, 'NX_0_CV': '0.04300', 'NX_0_CV_turn': '0.01433', 'NX_0_ctr': '1.72500', 'NX_0_len_tra': 30.0, 'NX_0_R_tra': 51.75, 'NX_10_CV': '0.01100', 'NX_10_CV_turn': '0.01100', 'NX_10_ctr': '1.74900', 'NX_10_len_tra': 10.0, 'NX_10_R_tra': 17.49}]
[I 240414 12:31:14 utils:142] Epoch: [172], Info: [{'num_test': 100, 'CV': '0.00200', 'CV_turn': '0.00067', 'ctr': '1.81133', 'len_tra': 30.0, 'R_tra': 54.34, 'NX_0_CV': '0.04500', 'NX_0_CV_turn': '0.01500', 'NX_0_ctr': '1.70367', 'NX_0_len_tra': 30.0, 'NX_0_R_tra': 51.11, 'NX_10_CV': '0.01100', 'NX_10_CV_turn': '0.01100', 'NX_10_ctr': '1.77600', 'NX_10_len_tra': 10.0, 'NX_10_R_tra': 17.76}]
[I 240414 12:31:23 utils:142] Epoch: [173], Info: [{'num_test': 100, 'CV': '0.00200', 'CV_turn': '0.00067', 'ctr': '1.70000', 'len_tra': 30.0, 'R_tra': 51.0, 'NX_0_CV': '0.04500', 'NX_0_CV_turn': '0.01500', 'NX_0_ctr': '1.69167', 'NX_0_len_tra': 30.0, 'NX_0_R_tra': 50.75, 'NX_10_CV': '0.01100', 'NX_10_CV_turn': '0.01100', 'NX_10_ctr': '1.79500', 'NX_10_len_tra': 10.0, 'NX_10_R_tra': 17.95}]
[I 240414 12:31:33 utils:142] Epoch: [174], Info: [{'num_test': 100, 'CV': '0.00200', 'CV_turn': '0.00067', 'ctr': '1.65633', 'len_tra': 30.0, 'R_tra': 49.69, 'NX_0_CV': '0.04500', 'NX_0_CV_turn': '0.01500', 'NX_0_ctr': '1.75267', 'NX_0_len_tra': 30.0, 'NX_0_R_tra': 52.58, 'NX_10_CV': '0.01200', 'NX_10_CV_turn': '0.01200', 'NX_10_ctr': '1.88000', 'NX_10_len_tra': 10.0, 'NX_10_R_tra': 18.8}]
[I 240414 12:31:42 utils:142] Epoch: [175], Info: [{'num_test': 100, 'CV': '0.00200', 'CV_turn': '0.00067', 'ctr': '1.68000', 'len_tra': 30.0, 'R_tra': 50.4, 'NX_0_CV': '0.04400', 'NX_0_CV_turn': '0.01467', 'NX_0_ctr': '1.77167', 'NX_0_len_tra': 30.0, 'NX_0_R_tra': 53.15, 'NX_10_CV': '0.01000', 'NX_10_CV_turn': '0.01000', 'NX_10_ctr': '1.66500', 'NX_10_len_tra': 10.0, 'NX_10_R_tra': 16.65}]
[I 240414 12:31:52 utils:142] Epoch: [176], Info: [{'num_test': 100, 'CV': '0.00200', 'CV_turn': '0.00067', 'ctr': '1.64000', 'len_tra': 30.0, 'R_tra': 49.2, 'NX_0_CV': '0.04500', 'NX_0_CV_turn': '0.01500', 'NX_0_ctr': '1.65833', 'NX_0_len_tra': 30.0, 'NX_0_R_tra': 49.75, 'NX_10_CV': '0.01200', 'NX_10_CV_turn': '0.01200', 'NX_10_ctr': '1.73900', 'NX_10_len_tra': 10.0, 'NX_10_R_tra': 17.39}]
[I 240414 12:32:02 utils:142] Epoch: [177], Info: [{'num_test': 100, 'CV': '0.00200', 'CV_turn': '0.00067', 'ctr': '1.77533', 'len_tra': 30.0, 'R_tra': 53.26, 'NX_0_CV': '0.04700', 'NX_0_CV_turn': '0.01567', 'NX_0_ctr': '1.71933', 'NX_0_len_tra': 30.0, 'NX_0_R_tra': 51.58, 'NX_10_CV': '0.01000', 'NX_10_CV_turn': '0.01000', 'NX_10_ctr': '1.64800', 'NX_10_len_tra': 10.0, 'NX_10_R_tra': 16.48}]
[I 240414 12:32:11 utils:142] Epoch: [178], Info: [{'num_test': 100, 'CV': '0.00200', 'CV_turn': '0.00067', 'ctr': '1.67067', 'len_tra': 30.0, 'R_tra': 50.12, 'NX_0_CV': '0.04500', 'NX_0_CV_turn': '0.01500', 'NX_0_ctr': '1.69333', 'NX_0_len_tra': 30.0, 'NX_0_R_tra': 50.8, 'NX_10_CV': '0.01100', 'NX_10_CV_turn': '0.01100', 'NX_10_ctr': '1.75600', 'NX_10_len_tra': 10.0, 'NX_10_R_tra': 17.56}]
[I 240414 12:32:21 utils:142] Epoch: [179], Info: [{'num_test': 100, 'CV': '0.00200', 'CV_turn': '0.00067', 'ctr': '1.67300', 'len_tra': 30.0, 'R_tra': 50.19, 'NX_0_CV': '0.04500', 'NX_0_CV_turn': '0.01500', 'NX_0_ctr': '1.73333', 'NX_0_len_tra': 30.0, 'NX_0_R_tra': 52.0, 'NX_10_CV': '0.01200', 'NX_10_CV_turn': '0.01200', 'NX_10_ctr': '1.82000', 'NX_10_len_tra': 10.0, 'NX_10_R_tra': 18.2}]
[I 240414 12:32:31 utils:142] Epoch: [180], Info: [{'num_test': 100, 'CV': '0.00200', 'CV_turn': '0.00067', 'ctr': '1.54067', 'len_tra': 30.0, 'R_tra': 46.22, 'NX_0_CV': '0.04800', 'NX_0_CV_turn': '0.01600', 'NX_0_ctr': '1.72433', 'NX_0_len_tra': 30.0, 'NX_0_R_tra': 51.73, 'NX_10_CV': '0.01100', 'NX_10_CV_turn': '0.01100', 'NX_10_ctr': '1.76200', 'NX_10_len_tra': 10.0, 'NX_10_R_tra': 17.62}]
[I 240414 12:32:40 utils:142] Epoch: [181], Info: [{'num_test': 100, 'CV': '0.00200', 'CV_turn': '0.00067', 'ctr': '1.65800', 'len_tra': 30.0, 'R_tra': 49.74, 'NX_0_CV': '0.04500', 'NX_0_CV_turn': '0.01500', 'NX_0_ctr': '1.69867', 'NX_0_len_tra': 30.0, 'NX_0_R_tra': 50.96, 'NX_10_CV': '0.01000', 'NX_10_CV_turn': '0.01000', 'NX_10_ctr': '1.69000', 'NX_10_len_tra': 10.0, 'NX_10_R_tra': 16.9}]
[I 240414 12:32:50 utils:142] Epoch: [182], Info: [{'num_test': 100, 'CV': '0.00200', 'CV_turn': '0.00067', 'ctr': '1.53000', 'len_tra': 30.0, 'R_tra': 45.9, 'NX_0_CV': '0.04400', 'NX_0_CV_turn': '0.01467', 'NX_0_ctr': '1.75433', 'NX_0_len_tra': 30.0, 'NX_0_R_tra': 52.63, 'NX_10_CV': '0.01200', 'NX_10_CV_turn': '0.01200', 'NX_10_ctr': '1.74500', 'NX_10_len_tra': 10.0, 'NX_10_R_tra': 17.45}]
[I 240414 12:33:00 utils:142] Epoch: [183], Info: [{'num_test': 100, 'CV': '0.00200', 'CV_turn': '0.00067', 'ctr': '1.47600', 'len_tra': 30.0, 'R_tra': 44.28, 'NX_0_CV': '0.04500', 'NX_0_CV_turn': '0.01500', 'NX_0_ctr': '1.71900', 'NX_0_len_tra': 30.0, 'NX_0_R_tra': 51.57, 'NX_10_CV': '0.01100', 'NX_10_CV_turn': '0.01100', 'NX_10_ctr': '1.71300', 'NX_10_len_tra': 10.0, 'NX_10_R_tra': 17.13}]
[I 240414 12:33:09 utils:142] Epoch: [184], Info: [{'num_test': 100, 'CV': '0.00200', 'CV_turn': '0.00067', 'ctr': '1.61000', 'len_tra': 30.0, 'R_tra': 48.3, 'NX_0_CV': '0.04200', 'NX_0_CV_turn': '0.01400', 'NX_0_ctr': '1.75167', 'NX_0_len_tra': 30.0, 'NX_0_R_tra': 52.55, 'NX_10_CV': '0.01000', 'NX_10_CV_turn': '0.01000', 'NX_10_ctr': '1.61100', 'NX_10_len_tra': 10.0, 'NX_10_R_tra': 16.11}]
[I 240414 12:33:19 utils:142] Epoch: [185], Info: [{'num_test': 100, 'CV': '0.00200', 'CV_turn': '0.00067', 'ctr': '1.67200', 'len_tra': 30.0, 'R_tra': 50.16, 'NX_0_CV': '0.04500', 'NX_0_CV_turn': '0.01500', 'NX_0_ctr': '1.72800', 'NX_0_len_tra': 30.0, 'NX_0_R_tra': 51.84, 'NX_10_CV': '0.01000', 'NX_10_CV_turn': '0.01000', 'NX_10_ctr': '1.74800', 'NX_10_len_tra': 10.0, 'NX_10_R_tra': 17.48}]
[I 240414 12:33:28 utils:142] Epoch: [186], Info: [{'num_test': 100, 'CV': '0.00200', 'CV_turn': '0.00067', 'ctr': '1.59033', 'len_tra': 30.0, 'R_tra': 47.71, 'NX_0_CV': '0.04400', 'NX_0_CV_turn': '0.01467', 'NX_0_ctr': '1.71400', 'NX_0_len_tra': 30.0, 'NX_0_R_tra': 51.42, 'NX_10_CV': '0.01100', 'NX_10_CV_turn': '0.01100', 'NX_10_ctr': '1.80900', 'NX_10_len_tra': 10.0, 'NX_10_R_tra': 18.09}]
[I 240414 12:33:38 utils:142] Epoch: [187], Info: [{'num_test': 100, 'CV': '0.00200', 'CV_turn': '0.00067', 'ctr': '1.54467', 'len_tra': 30.0, 'R_tra': 46.34, 'NX_0_CV': '0.04300', 'NX_0_CV_turn': '0.01433', 'NX_0_ctr': '1.68900', 'NX_0_len_tra': 30.0, 'NX_0_R_tra': 50.67, 'NX_10_CV': '0.01100', 'NX_10_CV_turn': '0.01100', 'NX_10_ctr': '1.77200', 'NX_10_len_tra': 10.0, 'NX_10_R_tra': 17.72}]
[I 240414 12:33:48 utils:142] Epoch: [188], Info: [{'num_test': 100, 'CV': '0.00200', 'CV_turn': '0.00067', 'ctr': '1.79433', 'len_tra': 30.0, 'R_tra': 53.83, 'NX_0_CV': '0.04600', 'NX_0_CV_turn': '0.01533', 'NX_0_ctr': '1.67533', 'NX_0_len_tra': 30.0, 'NX_0_R_tra': 50.26, 'NX_10_CV': '0.01000', 'NX_10_CV_turn': '0.01000', 'NX_10_ctr': '1.72300', 'NX_10_len_tra': 10.0, 'NX_10_R_tra': 17.23}]
[I 240414 12:33:57 utils:142] Epoch: [189], Info: [{'num_test': 100, 'CV': '0.00200', 'CV_turn': '0.00067', 'ctr': '1.70367', 'len_tra': 30.0, 'R_tra': 51.11, 'NX_0_CV': '0.04500', 'NX_0_CV_turn': '0.01500', 'NX_0_ctr': '1.61700', 'NX_0_len_tra': 30.0, 'NX_0_R_tra': 48.51, 'NX_10_CV': '0.01100', 'NX_10_CV_turn': '0.01100', 'NX_10_ctr': '1.65000', 'NX_10_len_tra': 10.0, 'NX_10_R_tra': 16.5}]
[I 240414 12:34:07 utils:142] Epoch: [190], Info: [{'num_test': 100, 'CV': '0.00200', 'CV_turn': '0.00067', 'ctr': '1.69700', 'len_tra': 30.0, 'R_tra': 50.91, 'NX_0_CV': '0.04200', 'NX_0_CV_turn': '0.01400', 'NX_0_ctr': '1.89300', 'NX_0_len_tra': 30.0, 'NX_0_R_tra': 56.79, 'NX_10_CV': '0.01100', 'NX_10_CV_turn': '0.01100', 'NX_10_ctr': '1.65000', 'NX_10_len_tra': 10.0, 'NX_10_R_tra': 16.5}]
[I 240414 12:34:17 utils:142] Epoch: [191], Info: [{'num_test': 100, 'CV': '0.00200', 'CV_turn': '0.00067', 'ctr': '1.66433', 'len_tra': 30.0, 'R_tra': 49.93, 'NX_0_CV': '0.04200', 'NX_0_CV_turn': '0.01400', 'NX_0_ctr': '1.66867', 'NX_0_len_tra': 30.0, 'NX_0_R_tra': 50.06, 'NX_10_CV': '0.01200', 'NX_10_CV_turn': '0.01200', 'NX_10_ctr': '1.76800', 'NX_10_len_tra': 10.0, 'NX_10_R_tra': 17.68}]
[I 240414 12:34:26 utils:142] Epoch: [192], Info: [{'num_test': 100, 'CV': '0.00200', 'CV_turn': '0.00067', 'ctr': '1.49833', 'len_tra': 30.0, 'R_tra': 44.95, 'NX_0_CV': '0.04000', 'NX_0_CV_turn': '0.01333', 'NX_0_ctr': '1.68733', 'NX_0_len_tra': 30.0, 'NX_0_R_tra': 50.62, 'NX_10_CV': '0.01100', 'NX_10_CV_turn': '0.01100', 'NX_10_ctr': '1.64500', 'NX_10_len_tra': 10.0, 'NX_10_R_tra': 16.45}]
[I 240414 12:34:36 utils:142] Epoch: [193], Info: [{'num_test': 100, 'CV': '0.00200', 'CV_turn': '0.00067', 'ctr': '1.80367', 'len_tra': 30.0, 'R_tra': 54.11, 'NX_0_CV': '0.04300', 'NX_0_CV_turn': '0.01433', 'NX_0_ctr': '1.70167', 'NX_0_len_tra': 30.0, 'NX_0_R_tra': 51.05, 'NX_10_CV': '0.01000', 'NX_10_CV_turn': '0.01000', 'NX_10_ctr': '1.68000', 'NX_10_len_tra': 10.0, 'NX_10_R_tra': 16.8}]
[I 240414 12:34:45 utils:142] Epoch: [194], Info: [{'num_test': 100, 'CV': '0.00200', 'CV_turn': '0.00067', 'ctr': '1.72833', 'len_tra': 30.0, 'R_tra': 51.85, 'NX_0_CV': '0.04300', 'NX_0_CV_turn': '0.01433', 'NX_0_ctr': '1.70233', 'NX_0_len_tra': 30.0, 'NX_0_R_tra': 51.07, 'NX_10_CV': '0.01000', 'NX_10_CV_turn': '0.01000', 'NX_10_ctr': '1.76700', 'NX_10_len_tra': 10.0, 'NX_10_R_tra': 17.67}]
[I 240414 12:34:55 utils:142] Epoch: [195], Info: [{'num_test': 100, 'CV': '0.00200', 'CV_turn': '0.00067', 'ctr': '1.72000', 'len_tra': 30.0, 'R_tra': 51.6, 'NX_0_CV': '0.04200', 'NX_0_CV_turn': '0.01400', 'NX_0_ctr': '1.68200', 'NX_0_len_tra': 30.0, 'NX_0_R_tra': 50.46, 'NX_10_CV': '0.01200', 'NX_10_CV_turn': '0.01200', 'NX_10_ctr': '1.71600', 'NX_10_len_tra': 10.0, 'NX_10_R_tra': 17.16}]
[I 240414 12:35:04 utils:142] Epoch: [196], Info: [{'num_test': 100, 'CV': '0.00200', 'CV_turn': '0.00067', 'ctr': '1.80733', 'len_tra': 30.0, 'R_tra': 54.22, 'NX_0_CV': '0.04100', 'NX_0_CV_turn': '0.01367', 'NX_0_ctr': '1.72733', 'NX_0_len_tra': 30.0, 'NX_0_R_tra': 51.82, 'NX_10_CV': '0.01300', 'NX_10_CV_turn': '0.01300', 'NX_10_ctr': '1.68000', 'NX_10_len_tra': 10.0, 'NX_10_R_tra': 16.8}]
[I 240414 12:35:14 utils:142] Epoch: [197], Info: [{'num_test': 100, 'CV': '0.00200', 'CV_turn': '0.00067', 'ctr': '1.72667', 'len_tra': 30.0, 'R_tra': 51.8, 'NX_0_CV': '0.04000', 'NX_0_CV_turn': '0.01333', 'NX_0_ctr': '1.75000', 'NX_0_len_tra': 30.0, 'NX_0_R_tra': 52.5, 'NX_10_CV': '0.01000', 'NX_10_CV_turn': '0.01000', 'NX_10_ctr': '1.66300', 'NX_10_len_tra': 10.0, 'NX_10_R_tra': 16.63}]
[I 240414 12:35:24 utils:142] Epoch: [198], Info: [{'num_test': 100, 'CV': '0.00200', 'CV_turn': '0.00067', 'ctr': '1.68100', 'len_tra': 30.0, 'R_tra': 50.43, 'NX_0_CV': '0.04300', 'NX_0_CV_turn': '0.01433', 'NX_0_ctr': '1.65467', 'NX_0_len_tra': 30.0, 'NX_0_R_tra': 49.64, 'NX_10_CV': '0.01100', 'NX_10_CV_turn': '0.01100', 'NX_10_ctr': '1.75400', 'NX_10_len_tra': 10.0, 'NX_10_R_tra': 17.54}]
[I 240414 12:35:33 utils:142] Epoch: [199], Info: [{'num_test': 100, 'CV': '0.00200', 'CV_turn': '0.00067', 'ctr': '1.55833', 'len_tra': 30.0, 'R_tra': 46.75, 'NX_0_CV': '0.04300', 'NX_0_CV_turn': '0.01433', 'NX_0_ctr': '1.72500', 'NX_0_len_tra': 30.0, 'NX_0_R_tra': 51.75, 'NX_10_CV': '0.01200', 'NX_10_CV_turn': '0.01200', 'NX_10_ctr': '1.77300', 'NX_10_len_tra': 10.0, 'NX_10_R_tra': 17.73}]
[I 240414 12:35:43 utils:142] Epoch: [200], Info: [{'num_test': 100, 'CV': '0.00200', 'CV_turn': '0.00067', 'ctr': '1.76767', 'len_tra': 30.0, 'R_tra': 53.03, 'NX_0_CV': '0.04000', 'NX_0_CV_turn': '0.01333', 'NX_0_ctr': '1.67233', 'NX_0_len_tra': 30.0, 'NX_0_R_tra': 50.17, 'NX_10_CV': '0.01200', 'NX_10_CV_turn': '0.01200', 'NX_10_ctr': '1.85700', 'NX_10_len_tra': 10.0, 'NX_10_R_tra': 18.57}]
[I 240414 12:35:43 run_Policy_SQN:169] {'duration': '1922.97s', 'train_time/model': '1922.89s', 'test_step': 3000, 'test_episode': 100, 'test_time': '0.07s', 'test_speed': '40583.36 step/s', 'best_reward': 89.15, 'best_result': '89.15  30.87'}
